2.4708 	WARNING 	Import Error: No module named 'psychtoolbox'. Using event module for keyboard component.
4.6934 	WARNING 	User requested fullscreen with size [1024  768], but screen is actually [1680, 1050]. Using actual size
5.7000 	EXP 	Created window1 = Window(allowGUI=False, allowStencil=False, args=UNKNOWN, autoLog=True, bitsMode=UNKNOWN, blendMode='avg', color=array([0., 0., 0.]), colorSpace='rgb', fullscr=<method-wrapper '__getattribute__' of attributeSetter object at 0x0A6035B0>, gamma=None, gammaErrorPolicy='raise', kwargs=UNKNOWN, lms=UNKNOWN, monitor=<psychopy.monitors.calibTools.Monitor object at 0x0A3A82B0>, multiSample=False, name='window1', numSamples=2, pos=[0.0, 0.0], screen=0, size=array([1680, 1050]), stereo=False, units='height', useFBO=True, useRetina=False, viewOri=0.0, viewPos=None, viewScale=None, waitBlanking=True, winType='pyglet')
5.7001 	EXP 	window1: recordFrameIntervals = False
5.8691 	EXP 	window1: recordFrameIntervals = True
6.0598 	EXP 	window1: recordFrameIntervals = False
6.2033 	EXP 	Created textWelcome = TextStim(__class__=<class 'psychopy.visual.text.TextStim'>, alignHoriz='center', alignVert='center', antialias=True, autoLog=True, bold=False, color='white', colorSpace='named', contrast=1.0, depth=0.0, flipHoriz=False, flipVert=False, font='Arial', fontFiles=[], height=0.05, italic=False, languageStyle='LTR', name='textWelcome', opacity=1.0, ori=0, pos=array([0., 0.]), rgb=array([255., 255., 255.]), text=str(...), units='height', win=Window(...), wrapWidth=1)
6.2047 	EXP 	Created text_3 = TextStim(__class__=<class 'psychopy.visual.text.TextStim'>, alignHoriz='center', alignVert='center', antialias=True, autoLog=True, bold=False, color='white', colorSpace='named', contrast=1.0, depth=0.0, flipHoriz=False, flipVert=False, font='Arial', fontFiles=[], height=0.1, italic=False, languageStyle='LTR', name='text_3', opacity=1.0, ori=0, pos=array([0., 0.]), rgb=array([255., 255., 255.]), text='', units='height', win=Window(...), wrapWidth=1)
6.2257 	EXP 	Created text_2 = TextStim(__class__=<class 'psychopy.visual.text.TextStim'>, alignHoriz='center', alignVert='center', antialias=True, autoLog=True, bold=False, color='white', colorSpace='named', contrast=1.0, depth=0.0, flipHoriz=False, flipVert=False, font='Arial', fontFiles=[], height=0.1, italic=False, languageStyle='LTR', name='text_2', opacity=1.0, ori=0, pos=array([0., 0.]), rgb=array([255., 255., 255.]), text='buffering', units='height', win=Window(...), wrapWidth=1)
6.2328 	EXP 	Created text_4 = TextStim(__class__=<class 'psychopy.visual.text.TextStim'>, alignHoriz='center', alignVert='center', antialias=True, autoLog=True, bold=False, color='white', colorSpace='named', contrast=1.0, depth=-1.0, flipHoriz=False, flipVert=False, font='Arial', fontFiles=[], height=0.1, italic=False, languageStyle='LTR', name='text_4', opacity=1.0, ori=0, pos=array([0., 0.]), rgb=array([255., 255., 255.]), text='buffering .', units='height', win=Window(...), wrapWidth=1)
6.2382 	EXP 	Created text_5 = TextStim(__class__=<class 'psychopy.visual.text.TextStim'>, alignHoriz='center', alignVert='center', antialias=True, autoLog=True, bold=False, color='white', colorSpace='named', contrast=1.0, depth=-2.0, flipHoriz=False, flipVert=False, font='Arial', fontFiles=[], height=0.1, italic=False, languageStyle='LTR', name='text_5', opacity=1.0, ori=0, pos=array([0., 0.]), rgb=array([255., 255., 255.]), text='buffering . .', units='height', win=Window(...), wrapWidth=1)
6.2438 	EXP 	Created text_6 = TextStim(__class__=<class 'psychopy.visual.text.TextStim'>, alignHoriz='center', alignVert='center', antialias=True, autoLog=True, bold=False, color='white', colorSpace='named', contrast=1.0, depth=-3.0, flipHoriz=False, flipVert=False, font='Arial', fontFiles=[], height=0.1, italic=False, languageStyle='LTR', name='text_6', opacity=1.0, ori=0, pos=array([0., 0.]), rgb=array([255., 255., 255.]), text='buffering . . .', units='height', win=Window(...), wrapWidth=1)
6.2589 	EXP 	Created textSb = TextStim(__class__=<class 'psychopy.visual.text.TextStim'>, alignHoriz='center', alignVert='center', antialias=True, autoLog=True, bold=False, color='white', colorSpace='named', contrast=1.0, depth=0.0, flipHoriz=False, flipVert=False, font='Arial', fontFiles=[], height=0.1, italic=False, languageStyle='LTR', name='textSb', opacity=1.0, ori=0, pos=array([0., 0.]), rgb=array([255., 255., 255.]), text='default text', units='height', win=Window(...), wrapWidth=1)
6.2595 	EXP 	Created text_3 = TextStim(__class__=<class 'psychopy.visual.text.TextStim'>, alignHoriz='center', alignVert='center', antialias=True, autoLog=True, bold=False, color='white', colorSpace='named', contrast=1.0, depth=0.0, flipHoriz=False, flipVert=False, font='Arial', fontFiles=[], height=0.1, italic=False, languageStyle='LTR', name='text_3', opacity=1.0, ori=0, pos=array([0., 0.]), rgb=array([255., 255., 255.]), text='', units='height', win=Window(...), wrapWidth=1)
6.2778 	EXP 	textWelcome: autoDraw = True
8.6766 	DATA 	Keypress: space
8.6926 	EXP 	textWelcome: autoDraw = False
8.6926 	EXP 	text_3: autoDraw = True
9.1755 	EXP 	Created sequence: random, trialTypes=1, nReps=5, seed=None
9.1758 	EXP 	New trial (rep=0, index=0): None
9.1921 	EXP 	text_3: autoDraw = False
9.1921 	EXP 	text_3: autoDraw = False
9.1921 	EXP 	text_2: autoDraw = True
10.1636 	EXP 	text_4: autoDraw = True
10.1975 	EXP 	text_2: autoDraw = False
10.6604 	EXP 	text_5: autoDraw = True
10.6775 	EXP 	text_4: autoDraw = False
11.1709 	EXP 	text_5: autoDraw = False
11.1709 	EXP 	text_6: autoDraw = True
11.6674 	EXP 	New trial (rep=1, index=0): None
11.6828 	EXP 	text_6: autoDraw = False
11.6828 	EXP 	text_2: autoDraw = False
11.6828 	EXP 	text_4: autoDraw = False
11.6828 	EXP 	text_5: autoDraw = False
11.6828 	EXP 	text_6: autoDraw = False
11.6828 	EXP 	text_2: autoDraw = True
12.6542 	EXP 	text_4: autoDraw = True
12.6913 	EXP 	text_2: autoDraw = False
13.1655 	EXP 	text_4: autoDraw = False
13.1655 	EXP 	text_5: autoDraw = True
13.6599 	EXP 	text_6: autoDraw = True
13.6770 	EXP 	text_5: autoDraw = False
14.1543 	EXP 	New trial (rep=2, index=0): None
14.1698 	EXP 	text_6: autoDraw = False
14.1698 	EXP 	text_2: autoDraw = False
14.1698 	EXP 	text_4: autoDraw = False
14.1698 	EXP 	text_5: autoDraw = False
14.1698 	EXP 	text_6: autoDraw = False
14.1698 	EXP 	text_2: autoDraw = True
15.1421 	EXP 	text_4: autoDraw = True
15.1762 	EXP 	text_2: autoDraw = False
15.6513 	EXP 	text_4: autoDraw = False
15.6513 	EXP 	text_5: autoDraw = True
16.1468 	EXP 	text_6: autoDraw = True
16.1637 	EXP 	text_5: autoDraw = False
16.6421 	EXP 	New trial (rep=3, index=0): None
16.6577 	EXP 	text_6: autoDraw = False
16.6577 	EXP 	text_2: autoDraw = False
16.6577 	EXP 	text_4: autoDraw = False
16.6577 	EXP 	text_5: autoDraw = False
16.6577 	EXP 	text_6: autoDraw = False
16.6577 	EXP 	text_2: autoDraw = True
17.6293 	EXP 	text_4: autoDraw = True
17.6633 	EXP 	text_2: autoDraw = False
18.1412 	EXP 	text_4: autoDraw = False
18.1412 	EXP 	text_5: autoDraw = True
18.6342 	EXP 	text_6: autoDraw = True
18.6511 	EXP 	text_5: autoDraw = False
19.1285 	EXP 	New trial (rep=4, index=0): None
19.1441 	EXP 	text_6: autoDraw = False
19.1441 	EXP 	text_2: autoDraw = False
19.1441 	EXP 	text_4: autoDraw = False
19.1441 	EXP 	text_5: autoDraw = False
19.1441 	EXP 	text_6: autoDraw = False
19.1441 	EXP 	text_2: autoDraw = True
20.1138 	EXP 	text_4: autoDraw = True
20.1481 	EXP 	text_2: autoDraw = False
20.6251 	EXP 	text_4: autoDraw = False
20.6251 	EXP 	text_5: autoDraw = True
21.1172 	EXP 	text_6: autoDraw = True
21.1344 	EXP 	text_5: autoDraw = False
21.6442 	EXP 	Imported contitions.xlsx as conditions, 20 conditions, 4 params
21.6446 	EXP 	Created sequence: random, trialTypes=20, nReps=1, seed=None
21.6449 	EXP 	New trial (rep=0, index=0): OrderedDict([('playerId', 'Paul'), ('avatarFile', 'images/avatar1.tiff'), ('actionLabel', 'defect'), ('correctResponse', 'defect')])
21.6983 	EXP 	text_6: autoDraw = False
21.6983 	EXP 	text_2: autoDraw = False
21.6983 	EXP 	text_4: autoDraw = False
21.6983 	EXP 	text_5: autoDraw = False
21.6983 	EXP 	text_6: autoDraw = False
21.6983 	EXP 	textSb: text = 'This round you are playing with Paul!'
21.6983 	EXP 	textSb: autoDraw = True
22.9914 	DATA 	Keypress: escape
23.1075 	EXP 	window1: mouseVisible = True
