2.6257 	WARNING 	Import Error: No module named 'psychtoolbox'. Using event module for keyboard component.
7.9974 	WARNING 	User requested fullscreen with size [1024  768], but screen is actually [1680, 1050]. Using actual size
9.0884 	EXP 	Created window1 = Window(allowGUI=False, allowStencil=False, args=UNKNOWN, autoLog=True, bitsMode=UNKNOWN, blendMode='avg', color=array([0., 0., 0.]), colorSpace='rgb', fullscr=<method-wrapper '__getattribute__' of attributeSetter object at 0x0AE9B2B0>, gamma=None, gammaErrorPolicy='raise', kwargs=UNKNOWN, lms=UNKNOWN, monitor=<psychopy.monitors.calibTools.Monitor object at 0x08755F70>, multiSample=False, name='window1', numSamples=2, pos=[0.0, 0.0], screen=0, size=array([1680, 1050]), stereo=False, units='height', useFBO=True, useRetina=False, viewOri=0.0, viewPos=None, viewScale=None, waitBlanking=True, winType='pyglet')
9.0885 	EXP 	window1: recordFrameIntervals = False
9.2592 	EXP 	window1: recordFrameIntervals = True
9.4469 	EXP 	window1: recordFrameIntervals = False
9.6026 	EXP 	Created textWelcome = TextStim(__class__=<class 'psychopy.visual.text.TextStim'>, alignHoriz='center', alignVert='center', antialias=True, autoLog=True, bold=False, color='white', colorSpace='named', contrast=1.0, depth=0.0, flipHoriz=False, flipVert=False, font='Arial', fontFiles=[], height=0.05, italic=False, languageStyle='LTR', name='textWelcome', opacity=1.0, ori=0, pos=array([0., 0.]), rgb=array([255., 255., 255.]), text=str(...), units='height', win=Window(...), wrapWidth=1)
9.6044 	EXP 	Created text_3 = TextStim(__class__=<class 'psychopy.visual.text.TextStim'>, alignHoriz='center', alignVert='center', antialias=True, autoLog=True, bold=False, color='white', colorSpace='named', contrast=1.0, depth=0.0, flipHoriz=False, flipVert=False, font='Arial', fontFiles=[], height=0.1, italic=False, languageStyle='LTR', name='text_3', opacity=1.0, ori=0, pos=array([0., 0.]), rgb=array([255., 255., 255.]), text='', units='height', win=Window(...), wrapWidth=1)
9.7700 	EXP 	Created image = ImageStim(__class__=<class 'psychopy.visual.image.ImageStim'>, autoLog=True, color=array([1., 1., 1.]), colorSpace='rgb', contrast=1.0, depth=0.0, flipHoriz=False, flipVert=False, image='images/buffer.gif', interpolate=True, mask=None, maskParams=None, name='image', opacity=1.0, ori=0.0, pos=array([0., 0.]), size=array([0.5, 0.5]), texRes=128, units='height', win=Window(...))
9.7942 	EXP 	Created textSb = TextStim(__class__=<class 'psychopy.visual.text.TextStim'>, alignHoriz='center', alignVert='center', antialias=True, autoLog=True, bold=False, color='white', colorSpace='named', contrast=1.0, depth=0.0, flipHoriz=False, flipVert=False, font='Arial', fontFiles=[], height=0.1, italic=False, languageStyle='LTR', name='textSb', opacity=1.0, ori=0, pos=array([0., 0.]), rgb=array([255., 255., 255.]), text='default text', units='height', win=Window(...), wrapWidth=1)
9.7948 	EXP 	Created text_3 = TextStim(__class__=<class 'psychopy.visual.text.TextStim'>, alignHoriz='center', alignVert='center', antialias=True, autoLog=True, bold=False, color='white', colorSpace='named', contrast=1.0, depth=0.0, flipHoriz=False, flipVert=False, font='Arial', fontFiles=[], height=0.1, italic=False, languageStyle='LTR', name='text_3', opacity=1.0, ori=0, pos=array([0., 0.]), rgb=array([255., 255., 255.]), text='', units='height', win=Window(...), wrapWidth=1)
9.8043 	EXP 	textWelcome: autoDraw = True
10.9267 	DATA 	Keypress: space
12.5959 	DATA 	Keypress: space
12.6134 	EXP 	textWelcome: autoDraw = False
12.6134 	EXP 	text_3: autoDraw = True
13.1240 	EXP 	text_3: autoDraw = False
13.1240 	EXP 	image: autoDraw = True
14.1291 	EXP 	Imported contitions.xlsx as conditions, 20 conditions, 4 params
14.1296 	EXP 	Created sequence: random, trialTypes=20, nReps=1, seed=None
14.1300 	EXP 	New trial (rep=0, index=0): OrderedDict([('playerId', 'Paul'), ('avatarFile', 'images/avatar1.tiff'), ('actionLabel', 'defect'), ('correctResponse', 'defect')])
14.1822 	EXP 	image: autoDraw = False
14.1822 	EXP 	textSb: text = 'This round you are playing with Paul!'
14.1822 	EXP 	textSb: autoDraw = True
16.1221 	EXP 	textSb: autoDraw = False
16.1221 	EXP 	text_3: autoDraw = True
16.6031 	EXP 	New trial (rep=0, index=1): OrderedDict([('playerId', 'Paul'), ('avatarFile', 'images/avatar1.tiff'), ('actionLabel', 'trust'), ('correctResponse', 'trust')])
16.6185 	EXP 	text_3: autoDraw = False
16.6185 	EXP 	textSb: text = 'This round you are playing with Paul!'
16.6185 	EXP 	textSb: autoDraw = True
17.6242 	DATA 	Keypress: escape
17.6792 	EXP 	window1: mouseVisible = True
