2.4931 	WARNING 	Import Error: No module named 'psychtoolbox'. Using event module for keyboard component.
6.9473 	WARNING 	User requested fullscreen with size [1024  768], but screen is actually [1680, 1050]. Using actual size
7.9509 	EXP 	Created window1 = Window(allowGUI=False, allowStencil=False, args=UNKNOWN, autoLog=True, bitsMode=UNKNOWN, blendMode='avg', color=array([0., 0., 0.]), colorSpace='rgb', fullscr=<method-wrapper '__getattribute__' of attributeSetter object at 0x0B48A5F0>, gamma=None, gammaErrorPolicy='raise', kwargs=UNKNOWN, lms=UNKNOWN, monitor=<psychopy.monitors.calibTools.Monitor object at 0x0B3682F0>, multiSample=False, name='window1', numSamples=2, pos=[0.0, 0.0], screen=0, size=array([1680, 1050]), stereo=False, units='height', useFBO=True, useRetina=False, viewOri=0.0, viewPos=None, viewScale=None, waitBlanking=True, winType='pyglet')
7.9509 	EXP 	window1: recordFrameIntervals = False
8.1214 	EXP 	window1: recordFrameIntervals = True
8.3106 	EXP 	window1: recordFrameIntervals = False
8.4524 	EXP 	Created textWelcome = TextStim(__class__=<class 'psychopy.visual.text.TextStim'>, alignHoriz='center', alignVert='center', antialias=True, autoLog=True, bold=False, color='white', colorSpace='named', contrast=1.0, depth=0.0, flipHoriz=False, flipVert=False, font='Arial', fontFiles=[], height=0.05, italic=False, languageStyle='LTR', name='textWelcome', opacity=1.0, ori=0, pos=array([0., 0.]), rgb=array([255., 255., 255.]), text=str(...), units='height', win=Window(...), wrapWidth=1)
8.4538 	EXP 	Created text_3 = TextStim(__class__=<class 'psychopy.visual.text.TextStim'>, alignHoriz='center', alignVert='center', antialias=True, autoLog=True, bold=False, color='white', colorSpace='named', contrast=1.0, depth=0.0, flipHoriz=False, flipVert=False, font='Arial', fontFiles=[], height=0.1, italic=False, languageStyle='LTR', name='text_3', opacity=1.0, ori=0, pos=array([0., 0.]), rgb=array([255., 255., 255.]), text='', units='height', win=Window(...), wrapWidth=1)
8.4657 	EXP 	Created text_2 = TextStim(__class__=<class 'psychopy.visual.text.TextStim'>, alignHoriz='center', alignVert='center', antialias=True, autoLog=True, bold=False, color='white', colorSpace='named', contrast=1.0, depth=0.0, flipHoriz=False, flipVert=False, font='Courier', fontFiles=[], height=0.05, italic=False, languageStyle='LTR', name='text_2', opacity=1.0, ori=0, pos=array([0., 0.]), rgb=array([255., 255., 255.]), text='buffering', units='height', win=Window(...), wrapWidth=1)
8.4712 	EXP 	Created text_4 = TextStim(__class__=<class 'psychopy.visual.text.TextStim'>, alignHoriz='center', alignVert='center', antialias=True, autoLog=True, bold=False, color='white', colorSpace='named', contrast=1.0, depth=-1.0, flipHoriz=False, flipVert=False, font='Courier', fontFiles=[], height=0.05, italic=False, languageStyle='LTR', name='text_4', opacity=1.0, ori=0, pos=array([0., 0.]), rgb=array([255., 255., 255.]), text='buffering .', units='height', win=Window(...), wrapWidth=1)
8.4763 	EXP 	Created text_5 = TextStim(__class__=<class 'psychopy.visual.text.TextStim'>, alignHoriz='center', alignVert='center', antialias=True, autoLog=True, bold=False, color='white', colorSpace='named', contrast=1.0, depth=-2.0, flipHoriz=False, flipVert=False, font='Courier', fontFiles=[], height=0.05, italic=False, languageStyle='LTR', name='text_5', opacity=1.0, ori=0, pos=array([0., 0.]), rgb=array([255., 255., 255.]), text='buffering . .', units='height', win=Window(...), wrapWidth=1)
8.4817 	EXP 	Created text_6 = TextStim(__class__=<class 'psychopy.visual.text.TextStim'>, alignHoriz='center', alignVert='center', antialias=True, autoLog=True, bold=False, color='white', colorSpace='named', contrast=1.0, depth=-3.0, flipHoriz=False, flipVert=False, font='Courier', fontFiles=[], height=0.05, italic=False, languageStyle='LTR', name='text_6', opacity=1.0, ori=0, pos=array([0., 0.]), rgb=array([255., 255., 255.]), text='buffering . . .', units='height', win=Window(...), wrapWidth=1)
8.5043 	EXP 	Created textSb = TextStim(__class__=<class 'psychopy.visual.text.TextStim'>, alignHoriz='center', alignVert='center', antialias=True, autoLog=True, bold=False, color='white', colorSpace='named', contrast=1.0, depth=0.0, flipHoriz=False, flipVert=False, font='Arial', fontFiles=[], height=0.1, italic=False, languageStyle='LTR', name='textSb', opacity=1.0, ori=0, pos=array([0., 0.]), rgb=array([255., 255., 255.]), text='default text', units='height', win=Window(...), wrapWidth=1)
8.5100 	EXP 	Created image = ImageStim(__class__=<class 'psychopy.visual.image.ImageStim'>, autoLog=True, color=array([1., 1., 1.]), colorSpace='rgb', contrast=1.0, depth=-1.0, flipHoriz=False, flipVert=False, image='sin', interpolate=True, mask=None, maskParams=None, name='image', opacity=1.0, ori=0.0, pos=array([0., 0.]), size=array([0.25, 0.25]), texRes=128, units='height', win=Window(...))
8.5107 	EXP 	Created text_3 = TextStim(__class__=<class 'psychopy.visual.text.TextStim'>, alignHoriz='center', alignVert='center', antialias=True, autoLog=True, bold=False, color='white', colorSpace='named', contrast=1.0, depth=0.0, flipHoriz=False, flipVert=False, font='Arial', fontFiles=[], height=0.1, italic=False, languageStyle='LTR', name='text_3', opacity=1.0, ori=0, pos=array([0., 0.]), rgb=array([255., 255., 255.]), text='', units='height', win=Window(...), wrapWidth=1)
8.5296 	EXP 	textWelcome: autoDraw = True
9.8103 	DATA 	Mouse: Left button down, pos=(990,247)
9.9615 	DATA 	Mouse:  Left button up, pos=(975,219)
10.6273 	DATA 	Keypress: return
10.6431 	EXP 	textWelcome: autoDraw = False
10.6431 	EXP 	text_3: autoDraw = True
11.1386 	EXP 	Created sequence: random, trialTypes=1, nReps=5, seed=None
11.1388 	EXP 	New trial (rep=0, index=0): None
11.1549 	EXP 	text_3: autoDraw = False
11.1549 	EXP 	text_2: autoDraw = True
11.5151 	DATA 	Keypress: return
12.1286 	EXP 	text_4: autoDraw = True
12.1629 	EXP 	text_2: autoDraw = False
12.6263 	EXP 	text_5: autoDraw = True
12.6437 	EXP 	text_4: autoDraw = False
13.1236 	EXP 	text_6: autoDraw = True
13.1406 	EXP 	text_5: autoDraw = False
13.6217 	EXP 	New trial (rep=1, index=0): None
13.6368 	EXP 	text_6: autoDraw = False
13.6368 	EXP 	text_2: autoDraw = False
13.6368 	EXP 	text_4: autoDraw = False
13.6368 	EXP 	text_5: autoDraw = False
13.6368 	EXP 	text_6: autoDraw = False
13.6368 	EXP 	text_2: autoDraw = True
14.6122 	EXP 	text_4: autoDraw = True
14.6468 	EXP 	text_2: autoDraw = False
15.1085 	EXP 	text_5: autoDraw = True
15.1252 	EXP 	text_4: autoDraw = False
15.6192 	EXP 	text_5: autoDraw = False
15.6192 	EXP 	text_6: autoDraw = True
16.1156 	EXP 	New trial (rep=2, index=0): None
16.1313 	EXP 	text_6: autoDraw = False
16.1313 	EXP 	text_2: autoDraw = False
16.1313 	EXP 	text_4: autoDraw = False
16.1313 	EXP 	text_5: autoDraw = False
16.1313 	EXP 	text_6: autoDraw = False
16.1313 	EXP 	text_2: autoDraw = True
17.1072 	EXP 	text_4: autoDraw = True
17.1413 	EXP 	text_2: autoDraw = False
17.6029 	EXP 	text_5: autoDraw = True
17.6200 	EXP 	text_4: autoDraw = False
18.1157 	EXP 	text_5: autoDraw = False
18.1157 	EXP 	text_6: autoDraw = True
18.6128 	EXP 	New trial (rep=3, index=0): None
18.6285 	EXP 	text_6: autoDraw = False
18.6285 	EXP 	text_2: autoDraw = False
18.6285 	EXP 	text_4: autoDraw = False
18.6285 	EXP 	text_5: autoDraw = False
18.6285 	EXP 	text_6: autoDraw = False
18.6285 	EXP 	text_2: autoDraw = True
19.6056 	EXP 	text_4: autoDraw = True
19.6401 	EXP 	text_2: autoDraw = False
20.0989 	EXP 	text_5: autoDraw = True
20.1158 	EXP 	text_4: autoDraw = False
20.6116 	EXP 	text_5: autoDraw = False
20.6116 	EXP 	text_6: autoDraw = True
21.1094 	EXP 	New trial (rep=4, index=0): None
21.1251 	EXP 	text_6: autoDraw = False
21.1251 	EXP 	text_2: autoDraw = False
21.1251 	EXP 	text_4: autoDraw = False
21.1251 	EXP 	text_5: autoDraw = False
21.1251 	EXP 	text_6: autoDraw = False
21.1251 	EXP 	text_2: autoDraw = True
22.0994 	EXP 	text_4: autoDraw = True
22.1334 	EXP 	text_2: autoDraw = False
22.5944 	EXP 	text_5: autoDraw = True
22.6114 	EXP 	text_4: autoDraw = False
23.1068 	EXP 	text_5: autoDraw = False
23.1068 	EXP 	text_6: autoDraw = True
23.6333 	EXP 	Imported contitions.xlsx as conditions, 20 conditions, 4 params
23.6336 	EXP 	Created sequence: random, trialTypes=20, nReps=1, seed=None
23.6339 	EXP 	New trial (rep=0, index=0): OrderedDict([('playerId', 'Lukas'), ('avatarFile', 'images/avatar2.jpg'), ('actionLabel', 'trust'), ('correctResponse', 'trust')])
23.7536 	EXP 	text_6: autoDraw = False
23.7536 	EXP 	text_2: autoDraw = False
23.7536 	EXP 	text_4: autoDraw = False
23.7536 	EXP 	text_5: autoDraw = False
23.7536 	EXP 	text_6: autoDraw = False
23.7536 	EXP 	textSb: text = 'This round you are playing with Lukas!'
23.7536 	EXP 	image: image = 'images/avatar2.jpg'
23.7536 	EXP 	textSb: autoDraw = True
23.7536 	EXP 	image: autoDraw = True
24.7561 	EXP 	image: autoDraw = False
25.6572 	EXP 	textSb: autoDraw = False
25.6572 	EXP 	image: autoDraw = False
25.6572 	EXP 	text_3: autoDraw = True
26.1394 	EXP 	New trial (rep=0, index=1): OrderedDict([('playerId', 'Paul'), ('avatarFile', 'images/avatar1.jpg'), ('actionLabel', 'defect'), ('correctResponse', 'defect')])
26.2726 	EXP 	text_3: autoDraw = False
26.2726 	EXP 	textSb: text = 'This round you are playing with Paul!'
26.2726 	EXP 	image: image = 'images/avatar1.jpg'
26.2726 	EXP 	textSb: autoDraw = True
26.2726 	EXP 	image: autoDraw = True
27.2762 	EXP 	image: autoDraw = False
28.1608 	EXP 	textSb: autoDraw = False
28.1608 	EXP 	image: autoDraw = False
28.1608 	EXP 	text_3: autoDraw = True
28.6431 	EXP 	New trial (rep=0, index=2): OrderedDict([('playerId', 'Lukas'), ('avatarFile', 'images/avatar2.jpg'), ('actionLabel', 'defect'), ('correctResponse', 'defect')])
28.6958 	EXP 	text_3: autoDraw = False
28.6958 	EXP 	textSb: text = 'This round you are playing with Lukas!'
28.6958 	EXP 	image: image = 'images/avatar2.jpg'
28.6958 	EXP 	textSb: autoDraw = True
28.6958 	EXP 	image: autoDraw = True
29.2383 	DATA 	Keypress: escape
29.3826 	EXP 	window1: mouseVisible = True
