2.4899 	WARNING 	Import Error: No module named 'psychtoolbox'. Using event module for keyboard component.
4.2112 	WARNING 	User requested fullscreen with size [1024  768], but screen is actually [1680, 1050]. Using actual size
5.2142 	EXP 	Created window1 = Window(allowGUI=False, allowStencil=False, args=UNKNOWN, autoLog=True, bitsMode=UNKNOWN, blendMode='avg', color=array([0., 0., 0.]), colorSpace='rgb', fullscr=<method-wrapper '__getattribute__' of attributeSetter object at 0x0A267F30>, gamma=None, gammaErrorPolicy='raise', kwargs=UNKNOWN, lms=UNKNOWN, monitor=<psychopy.monitors.calibTools.Monitor object at 0x0A418C30>, multiSample=False, name='window1', numSamples=2, pos=[0.0, 0.0], screen=0, size=array([1680, 1050]), stereo=False, units='height', useFBO=True, useRetina=False, viewOri=0.0, viewPos=None, viewScale=None, waitBlanking=True, winType='pyglet')
5.2142 	EXP 	window1: recordFrameIntervals = False
5.3882 	EXP 	window1: recordFrameIntervals = True
5.5738 	EXP 	window1: recordFrameIntervals = False
5.7247 	EXP 	Created textWelcome = TextStim(__class__=<class 'psychopy.visual.text.TextStim'>, alignHoriz='center', alignVert='center', antialias=True, autoLog=True, bold=False, color='white', colorSpace='named', contrast=1.0, depth=0.0, flipHoriz=False, flipVert=False, font='Arial', fontFiles=[], height=0.05, italic=False, languageStyle='LTR', name='textWelcome', opacity=1.0, ori=0, pos=array([0., 0.]), rgb=array([255., 255., 255.]), text=str(...), units='height', win=Window(...), wrapWidth=1)
5.7678 	EXP 	Created textSb = TextStim(__class__=<class 'psychopy.visual.text.TextStim'>, alignHoriz='center', alignVert='center', antialias=True, autoLog=True, bold=False, color='white', colorSpace='named', contrast=1.0, depth=0.0, flipHoriz=False, flipVert=False, font='Arial', fontFiles=[], height=0.1, italic=False, languageStyle='LTR', name='textSb', opacity=1.0, ori=0, pos=array([0., 0.]), rgb=array([255., 255., 255.]), text='Any text\n\nincluding line breaks', units='height', win=Window(...), wrapWidth=1)
5.7773 	EXP 	textWelcome: autoDraw = True
6.4942 	DATA 	Keypress: space
8.0930 	DATA 	Keypress: space
8.0991 	EXP 	Created sequence: random, trialTypes=1, nReps=5, seed=None
8.0993 	EXP 	New trial (rep=0, index=0): None
8.1096 	EXP 	textWelcome: autoDraw = False
8.1096 	EXP 	textSb: autoDraw = True
9.3001 	DATA 	Keypress: space
10.1023 	EXP 	New trial (rep=1, index=0): None
10.1163 	EXP 	textSb: autoDraw = False
10.1163 	EXP 	textSb: autoDraw = True
12.1086 	EXP 	New trial (rep=2, index=0): None
12.1260 	EXP 	textSb: autoDraw = False
12.1260 	EXP 	textSb: autoDraw = True
14.1044 	EXP 	New trial (rep=3, index=0): None
14.1204 	EXP 	textSb: autoDraw = False
14.1204 	EXP 	textSb: autoDraw = True
16.0939 	EXP 	New trial (rep=4, index=0): None
16.1107 	EXP 	textSb: autoDraw = False
16.1107 	EXP 	textSb: autoDraw = True
18.1192 	EXP 	textSb: autoDraw = False
18.2003 	EXP 	window1: mouseVisible = True
