2.6191 	WARNING 	Import Error: No module named 'psychtoolbox'. Using event module for keyboard component.
4.2676 	WARNING 	User requested fullscreen with size [1024  768], but screen is actually [1680, 1050]. Using actual size
5.2473 	EXP 	Created window1 = Window(allowGUI=True, allowStencil=False, args=UNKNOWN, autoLog=True, bitsMode=UNKNOWN, blendMode='avg', color=array([0., 0., 0.]), colorSpace='rgb', fullscr=<method-wrapper '__getattribute__' of attributeSetter object at 0x0A36A030>, gamma=None, gammaErrorPolicy='raise', kwargs=UNKNOWN, lms=UNKNOWN, monitor=<psychopy.monitors.calibTools.Monitor object at 0x0A48CCD0>, multiSample=False, name='window1', numSamples=2, pos=[0.0, 0.0], screen=0, size=array([1680, 1050]), stereo=False, units='height', useFBO=True, useRetina=False, viewOri=0.0, viewPos=None, viewScale=None, waitBlanking=True, winType='pyglet')
5.2473 	EXP 	window1: recordFrameIntervals = False
5.4189 	EXP 	window1: recordFrameIntervals = True
5.6054 	EXP 	window1: recordFrameIntervals = False
5.6082 	EXP 	Created cB_1 = Rect(__class__=<class 'psychopy.visual.rect.Rect'>, autoDraw=False, autoLog=True, closeShape=True, color=method-wrapper(...), colorSpace=None, contrast=1.0, depth=-1.0, fillColor=array([-1., -1., -1.]), fillColorSpace='rgb', fillRGB=array([-1., -1., -1.]), interpolate=True, lineColor=array([1., 1., 1.]), lineColorSpace='rgb', lineRGB=array([1., 1., 1.]), lineWidth=1, name='cB_1', opacity=1.0, ori=array(0.), pos=array([0., 0.]), size=array([1., 1.]), units='height', vertices=ndarray(...), win=Window(...))
5.7597 	EXP 	Created textWelcome = TextStim(__class__=<class 'psychopy.visual.text.TextStim'>, alignHoriz='center', alignVert='center', antialias=True, autoLog=True, bold=False, color='white', colorSpace='named', contrast=1.0, depth=-2.0, flipHoriz=False, flipVert=False, font='Arial', fontFiles=[], height=0.03, italic=False, languageStyle='LTR', name='textWelcome', opacity=1.0, ori=0, pos=array([0., 0.]), rgb=array([255., 255., 255.]), text=str(...), units='height', win=Window(...), wrapWidth=1)
5.7612 	EXP 	Created cB_2 = Rect(__class__=<class 'psychopy.visual.rect.Rect'>, autoDraw=False, autoLog=True, closeShape=True, color=method-wrapper(...), colorSpace=None, contrast=1.0, depth=-1.0, fillColor=array([-1., -1., -1.]), fillColorSpace='rgb', fillRGB=array([-1., -1., -1.]), interpolate=True, lineColor=array([1., 1., 1.]), lineColorSpace='rgb', lineRGB=array([1., 1., 1.]), lineWidth=1, name='cB_2', opacity=1.0, ori=array(0.), pos=array([0., 0.]), size=array([1., 1.]), units='height', vertices=ndarray(...), win=Window(...))
5.8495 	EXP 	Created textInstructions = TextStim(__class__=<class 'psychopy.visual.text.TextStim'>, alignHoriz='center', alignVert='center', antialias=True, autoLog=True, bold=False, color='white', colorSpace='named', contrast=1.0, depth=-2.0, flipHoriz=False, flipVert=False, font='Arial', fontFiles=[], height=0.03, italic=False, languageStyle='LTR', name='textInstructions', opacity=1.0, ori=0, pos=array([0., 0.]), rgb=array([255., 255., 255.]), text=str(...), units='height', win=Window(...), wrapWidth=1)
5.8510 	EXP 	Created cB_12 = Rect(__class__=<class 'psychopy.visual.rect.Rect'>, autoDraw=False, autoLog=True, closeShape=True, color=method-wrapper(...), colorSpace=None, contrast=1.0, depth=0.0, fillColor=array([-1., -1., -1.]), fillColorSpace='rgb', fillRGB=array([-1., -1., -1.]), interpolate=True, lineColor=array([1., 1., 1.]), lineColorSpace='rgb', lineRGB=array([1., 1., 1.]), lineWidth=1, name='cB_12', opacity=1.0, ori=array(0.), pos=array([0., 0.]), size=array([1., 1.]), units='height', vertices=ndarray(...), win=Window(...))
5.9686 	EXP 	Created textInstructions_2 = TextStim(__class__=<class 'psychopy.visual.text.TextStim'>, alignHoriz='center', alignVert='center', antialias=True, autoLog=True, bold=False, color='white', colorSpace='named', contrast=1.0, depth=-1.0, flipHoriz=False, flipVert=False, font='Arial', fontFiles=[], height=0.03, italic=False, languageStyle='LTR', name='textInstructions_2', opacity=1.0, ori=0, pos=array([0., 0.]), rgb=array([255., 255., 255.]), text=str(...), units='height', win=Window(...), wrapWidth=1)
5.9702 	EXP 	Created cB = Rect(__class__=<class 'psychopy.visual.rect.Rect'>, autoDraw=False, autoLog=True, closeShape=True, color=method-wrapper(...), colorSpace=None, contrast=1.0, depth=0.0, fillColor=array([-1., -1., -1.]), fillColorSpace='rgb', fillRGB=array([-1., -1., -1.]), interpolate=True, lineColor=array([1., 1., 1.]), lineColorSpace='rgb', lineRGB=array([1., 1., 1.]), lineWidth=1, name='cB', opacity=1.0, ori=array(0.), pos=array([0., 0.]), size=array([1., 1.]), units='height', vertices=ndarray(...), win=Window(...))
6.0196 	EXP 	Created displayText = TextStim(__class__=<class 'psychopy.visual.text.TextStim'>, alignHoriz='center', alignVert='center', antialias=True, autoLog=True, bold=False, color='white', colorSpace='named', contrast=1.0, depth=-2.0, flipHoriz=False, flipVert=False, font='Arial', fontFiles=[], height=0.04, italic=False, languageStyle='LTR', name='displayText', opacity=1.0, ori=0, pos=array([0. , 0.1]), rgb=array([255., 255., 255.]), text=str(...), units='height', win=Window(...), wrapWidth=1)
6.0208 	EXP 	Created copyText = TextStim(__class__=<class 'psychopy.visual.text.TextStim'>, alignHoriz='center', alignVert='center', antialias=True, autoLog=True, bold=False, color='white', colorSpace='named', contrast=1.0, depth=-3.0, flipHoriz=False, flipVert=False, font='Arial', fontFiles=[], height=0.05, italic=False, languageStyle='LTR', name='copyText', opacity=1.0, ori=0, pos=array([ 0. , -0.1]), rgb=array([255., 255., 255.]), text='', units='height', win=Window(...), wrapWidth=1)
6.0223 	EXP 	Created cB_3 = Rect(__class__=<class 'psychopy.visual.rect.Rect'>, autoDraw=False, autoLog=True, closeShape=True, color=method-wrapper(...), colorSpace=None, contrast=1.0, depth=-1.0, fillColor=array([-1., -1., -1.]), fillColorSpace='rgb', fillRGB=array([-1., -1., -1.]), interpolate=True, lineColor=array([1., 1., 1.]), lineColorSpace='rgb', lineRGB=array([1., 1., 1.]), lineWidth=1, name='cB_3', opacity=1.0, ori=array(0.), pos=array([0., 0.]), size=array([1., 1.]), units='height', vertices=ndarray(...), win=Window(...))
6.0541 	EXP 	Created textServer = TextStim(__class__=<class 'psychopy.visual.text.TextStim'>, alignHoriz='center', alignVert='center', antialias=True, autoLog=True, bold=False, color='white', colorSpace='named', contrast=1.0, depth=-2.0, flipHoriz=False, flipVert=False, font='Arial', fontFiles=[], height=0.03, italic=False, languageStyle='LTR', name='textServer', opacity=1.0, ori=0, pos=array([0., 0.]), rgb=array([255., 255., 255.]), text=str(...), units='height', win=Window(...), wrapWidth=1)
6.0556 	EXP 	Created cB_4 = Rect(__class__=<class 'psychopy.visual.rect.Rect'>, autoDraw=False, autoLog=True, closeShape=True, color=method-wrapper(...), colorSpace=None, contrast=1.0, depth=0.0, fillColor=array([-1., -1., -1.]), fillColorSpace='rgb', fillRGB=array([-1., -1., -1.]), interpolate=True, lineColor=array([1., 1., 1.]), lineColorSpace='rgb', lineRGB=array([1., 1., 1.]), lineWidth=1, name='cB_4', opacity=1.0, ori=array(0.), pos=array([0., 0.]), size=array([1., 1.]), units='height', vertices=ndarray(...), win=Window(...))
6.0607 	EXP 	Created text_1 = TextStim(__class__=<class 'psychopy.visual.text.TextStim'>, alignHoriz='center', alignVert='center', antialias=True, autoLog=True, bold=False, color='white', colorSpace='named', contrast=1.0, depth=-1.0, flipHoriz=False, flipVert=False, font='Arial', fontFiles=[], height=0.03, italic=False, languageStyle='LTR', name='text_1', opacity=1.0, ori=0, pos=array([0., 0.]), rgb=array([255., 255., 255.]), text='connecting      ', units='height', win=Window(...), wrapWidth=1)
6.0660 	EXP 	Created text_2 = TextStim(__class__=<class 'psychopy.visual.text.TextStim'>, alignHoriz='center', alignVert='center', antialias=True, autoLog=True, bold=False, color='white', colorSpace='named', contrast=1.0, depth=-2.0, flipHoriz=False, flipVert=False, font='Arial', fontFiles=[], height=0.03, italic=False, languageStyle='LTR', name='text_2', opacity=1.0, ori=0, pos=array([0., 0.]), rgb=array([255., 255., 255.]), text='connecting .    ', units='height', win=Window(...), wrapWidth=1)
6.0710 	EXP 	Created text_3 = TextStim(__class__=<class 'psychopy.visual.text.TextStim'>, alignHoriz='center', alignVert='center', antialias=True, autoLog=True, bold=False, color='white', colorSpace='named', contrast=1.0, depth=-3.0, flipHoriz=False, flipVert=False, font='Arial', fontFiles=[], height=0.03, italic=False, languageStyle='LTR', name='text_3', opacity=1.0, ori=0, pos=array([0., 0.]), rgb=array([255., 255., 255.]), text='connecting . .  ', units='height', win=Window(...), wrapWidth=1)
6.0766 	EXP 	Created text_4 = TextStim(__class__=<class 'psychopy.visual.text.TextStim'>, alignHoriz='center', alignVert='center', antialias=True, autoLog=True, bold=False, color='white', colorSpace='named', contrast=1.0, depth=-4.0, flipHoriz=False, flipVert=False, font='Arial', fontFiles=[], height=0.03, italic=False, languageStyle='LTR', name='text_4', opacity=1.0, ori=0, pos=array([0., 0.]), rgb=array([255., 255., 255.]), text='connecting . . .', units='height', win=Window(...), wrapWidth=1)
6.0781 	EXP 	Created cB_5 = Rect(__class__=<class 'psychopy.visual.rect.Rect'>, autoDraw=False, autoLog=True, closeShape=True, color=method-wrapper(...), colorSpace=None, contrast=1.0, depth=0.0, fillColor=array([-1., -1., -1.]), fillColorSpace='rgb', fillRGB=array([-1., -1., -1.]), interpolate=True, lineColor=array([1., 1., 1.]), lineColorSpace='rgb', lineRGB=array([1., 1., 1.]), lineWidth=1, name='cB_5', opacity=1.0, ori=array(0.), pos=array([0., 0.]), size=array([1., 1.]), units='height', vertices=ndarray(...), win=Window(...))
6.0817 	EXP 	Created idle = TextStim(__class__=<class 'psychopy.visual.text.TextStim'>, alignHoriz='center', alignVert='center', antialias=True, autoLog=True, bold=False, color='white', colorSpace='named', contrast=1.0, depth=-1.0, flipHoriz=False, flipVert=False, font='Arial', fontFiles=[], height=0.03, italic=False, languageStyle='LTR', name='idle', opacity=1.0, ori=0, pos=array([0., 0.]), rgb=array([255., 255., 255.]), text='found', units='height', win=Window(...), wrapWidth=1)
6.0866 	EXP 	Created idle_2 = TextStim(__class__=<class 'psychopy.visual.text.TextStim'>, alignHoriz='center', alignVert='center', antialias=True, autoLog=True, bold=False, color='white', colorSpace='named', contrast=1.0, depth=-2.0, flipHoriz=False, flipVert=False, font='Arial', fontFiles=[], height=0.03, italic=False, languageStyle='LTR', name='idle_2', opacity=1.0, ori=0, pos=array([0., 0.]), rgb=array([255., 255., 255.]), text='init proc     ', units='height', win=Window(...), wrapWidth=1)
6.0937 	EXP 	Created idle_3 = TextStim(__class__=<class 'psychopy.visual.text.TextStim'>, alignHoriz='center', alignVert='center', antialias=True, autoLog=True, bold=False, color='white', colorSpace='named', contrast=1.0, depth=-3.0, flipHoriz=False, flipVert=False, font='Arial', fontFiles=[], height=0.03, italic=False, languageStyle='LTR', name='idle_3', opacity=1.0, ori=0, pos=array([0., 0.]), rgb=array([255., 255., 255.]), text='init proc 2141', units='height', win=Window(...), wrapWidth=1)
6.0987 	EXP 	Created idle_4 = TextStim(__class__=<class 'psychopy.visual.text.TextStim'>, alignHoriz='center', alignVert='center', antialias=True, autoLog=True, bold=False, color='white', colorSpace='named', contrast=1.0, depth=-4.0, flipHoriz=False, flipVert=False, font='Arial', fontFiles=[], height=0.03, italic=False, languageStyle='LTR', name='idle_4', opacity=1.0, ori=0, pos=array([0., 0.]), rgb=array([255., 255., 255.]), text='init proc 2215', units='height', win=Window(...), wrapWidth=1)
6.1056 	EXP 	Created idle_5 = TextStim(__class__=<class 'psychopy.visual.text.TextStim'>, alignHoriz='center', alignVert='center', antialias=True, autoLog=True, bold=False, color='white', colorSpace='named', contrast=1.0, depth=-5.0, flipHoriz=False, flipVert=False, font='Arial', fontFiles=[], height=0.03, italic=False, languageStyle='LTR', name='idle_5', opacity=1.0, ori=0, pos=array([0., 0.]), rgb=array([255., 255., 255.]), text='init proc 3229', units='height', win=Window(...), wrapWidth=1)
6.1108 	EXP 	Created idle_6 = TextStim(__class__=<class 'psychopy.visual.text.TextStim'>, alignHoriz='center', alignVert='center', antialias=True, autoLog=True, bold=False, color='white', colorSpace='named', contrast=1.0, depth=-6.0, flipHoriz=False, flipVert=False, font='Arial', fontFiles=[], height=0.03, italic=False, languageStyle='LTR', name='idle_6', opacity=1.0, ori=0, pos=array([0., 0.]), rgb=array([255., 255., 255.]), text='init proc 4325', units='height', win=Window(...), wrapWidth=1)
6.1164 	EXP 	Created idle_7 = TextStim(__class__=<class 'psychopy.visual.text.TextStim'>, alignHoriz='center', alignVert='center', antialias=True, autoLog=True, bold=False, color='white', colorSpace='named', contrast=1.0, depth=-7.0, flipHoriz=False, flipVert=False, font='Arial', fontFiles=[], height=0.03, italic=False, languageStyle='LTR', name='idle_7', opacity=1.0, ori=0, pos=array([0., 0.]), rgb=array([255., 255., 255.]), text='init proc 1337', units='height', win=Window(...), wrapWidth=1)
6.1212 	EXP 	Created ilde_8 = TextStim(__class__=<class 'psychopy.visual.text.TextStim'>, alignHoriz='center', alignVert='center', antialias=True, autoLog=True, bold=False, color='white', colorSpace='named', contrast=1.0, depth=-8.0, flipHoriz=False, flipVert=False, font='Arial', fontFiles=[], height=0.03, italic=False, languageStyle='LTR', name='ilde_8', opacity=1.0, ori=0, pos=array([0., 0.]), rgb=array([255., 255., 255.]), text='buffering      ', units='height', win=Window(...), wrapWidth=1)
6.1259 	EXP 	Created idle_9 = TextStim(__class__=<class 'psychopy.visual.text.TextStim'>, alignHoriz='center', alignVert='center', antialias=True, autoLog=True, bold=False, color='white', colorSpace='named', contrast=1.0, depth=-9.0, flipHoriz=False, flipVert=False, font='Arial', fontFiles=[], height=0.03, italic=False, languageStyle='LTR', name='idle_9', opacity=1.0, ori=0, pos=array([0., 0.]), rgb=array([255., 255., 255.]), text='buffering .    ', units='height', win=Window(...), wrapWidth=1)
6.1306 	EXP 	Created idle_10 = TextStim(__class__=<class 'psychopy.visual.text.TextStim'>, alignHoriz='center', alignVert='center', antialias=True, autoLog=True, bold=False, color='white', colorSpace='named', contrast=1.0, depth=-10.0, flipHoriz=False, flipVert=False, font='Arial', fontFiles=[], height=0.03, italic=False, languageStyle='LTR', name='idle_10', opacity=1.0, ori=0, pos=array([0., 0.]), rgb=array([255., 255., 255.]), text='buffering . .  ', units='height', win=Window(...), wrapWidth=1)
6.1359 	EXP 	Created idle_11 = TextStim(__class__=<class 'psychopy.visual.text.TextStim'>, alignHoriz='center', alignVert='center', antialias=True, autoLog=True, bold=False, color='white', colorSpace='named', contrast=1.0, depth=-11.0, flipHoriz=False, flipVert=False, font='Arial', fontFiles=[], height=0.03, italic=False, languageStyle='LTR', name='idle_11', opacity=1.0, ori=0, pos=array([0., 0.]), rgb=array([255., 255., 255.]), text='buffering . . .', units='height', win=Window(...), wrapWidth=1)
6.1447 	EXP 	Created idle_12 = TextStim(__class__=<class 'psychopy.visual.text.TextStim'>, alignHoriz='center', alignVert='center', antialias=True, autoLog=True, bold=False, color='white', colorSpace='named', contrast=1.0, depth=-12.0, flipHoriz=False, flipVert=False, font='Arial', fontFiles=[], height=0.03, italic=False, languageStyle='LTR', name='idle_12', opacity=1.0, ori=0, pos=array([0., 0.]), rgb=array([255., 255., 255.]), text='run /serv/234_1/sd connect', units='height', win=Window(...), wrapWidth=1)
6.1461 	EXP 	Created cB_6 = Rect(__class__=<class 'psychopy.visual.rect.Rect'>, autoDraw=False, autoLog=True, closeShape=True, color=method-wrapper(...), colorSpace=None, contrast=1.0, depth=-1.0, fillColor=array([-1., -1., -1.]), fillColorSpace='rgb', fillRGB=array([-1., -1., -1.]), interpolate=True, lineColor=array([1., 1., 1.]), lineColorSpace='rgb', lineRGB=array([1., 1., 1.]), lineWidth=1, name='cB_6', opacity=1.0, ori=array(0.), pos=array([0., 0.]), size=array([1., 1.]), units='height', vertices=ndarray(...), win=Window(...))
6.1518 	EXP 	Created sBInstructions = TextStim(__class__=<class 'psychopy.visual.text.TextStim'>, alignHoriz='center', alignVert='center', antialias=True, autoLog=True, bold=False, color='white', colorSpace='named', contrast=1.0, depth=-2.0, flipHoriz=False, flipVert=False, font='Arial', fontFiles=[], height=0.03, italic=False, languageStyle='LTR', name='sBInstructions', opacity=1.0, ori=0, pos=array([0., 0.]), rgb=array([255., 255., 255.]), text='default text', units='height', win=Window(...), wrapWidth=1)
6.1533 	EXP 	Created cB_8 = Rect(__class__=<class 'psychopy.visual.rect.Rect'>, autoDraw=False, autoLog=True, closeShape=True, color=method-wrapper(...), colorSpace=None, contrast=1.0, depth=0.0, fillColor=array([-1., -1., -1.]), fillColorSpace='rgb', fillRGB=array([-1., -1., -1.]), interpolate=True, lineColor=array([1., 1., 1.]), lineColorSpace='rgb', lineRGB=array([1., 1., 1.]), lineWidth=1, name='cB_8', opacity=1.0, ori=array(0.), pos=array([0., 0.]), size=array([1., 1.]), units='height', vertices=ndarray(...), win=Window(...))
6.1673 	EXP 	Created text = TextStim(__class__=<class 'psychopy.visual.text.TextStim'>, alignHoriz='center', alignVert='center', antialias=True, autoLog=True, bold=False, color='white', colorSpace='named', contrast=1.0, depth=-1.0, flipHoriz=False, flipVert=False, font='Arial', fontFiles=[], height=0.05, italic=False, languageStyle='LTR', name='text', opacity=1.0, ori=0, pos=array([0., 0.]), rgb=array([255., 255., 255.]), text='default text', units='height', win=Window(...), wrapWidth=1)
6.1736 	EXP 	Created imagesbRnd = ImageStim(__class__=<class 'psychopy.visual.image.ImageStim'>, autoLog=True, color=array([1., 1., 1.]), colorSpace='rgb', contrast=1.0, depth=-2.0, flipHoriz=False, flipVert=False, image='sin', interpolate=True, mask=None, maskParams=None, name='imagesbRnd', opacity=1.0, ori=0.0, pos=array([0.  , 0.25]), size=array([0.2, 0.2]), texRes=128, units='height', win=Window(...))
6.2435 	EXP 	Created sbChoice = RatingScale(__class__=type(...), acceptKeys=['return'], acceptPreText=UNKNOWN, acceptSize=UNKNOWN, acceptText='accept?', autoLog=True, choices=list(...), depth=0, disappear=False, flipVert=False, high=10, kwargs=UNKNOWN, labels=list(...), leftKeys=['left'], lineColor='White', low=0, marker=ShapeStim(...), markerColor='DarkBlue', markerExpansion=UNKNOWN, markerStart=5.0, maxTime=0.0, minTime=0.4, mouseOnly=False, name='sbChoice', noMouse=False, pos=[0.0, -0.4], precision=1, respKeys=[], rightKeys=['right'], scale='<default>', self=UNKNOWN, showAccept=True, showValue=True, singleClick=False, size=0.6, skipKeys=['tab'], stretch=1.0, textColor='LightGray', textFont='Helvetica Bold', textSize=0.12, tickHeight=-1, tickMarks=10.0, win=Window(...))
6.2683 	EXP 	Created text_6 = TextStim(__class__=<class 'psychopy.visual.text.TextStim'>, alignHoriz='center', alignVert='center', antialias=True, autoLog=True, bold=False, color='white', colorSpace='named', contrast=1.0, depth=-5.0, flipHoriz=False, flipVert=False, font='Arial', fontFiles=[], height=0.025, italic=False, languageStyle='LTR', name='text_6', opacity=1.0, ori=0, pos=array([ 0. , -0.1]), rgb=array([255., 255., 255.]), text=' How much do you want to invest?', units='height', win=Window(...), wrapWidth=1)
6.2698 	EXP 	Created cB_9 = Rect(__class__=<class 'psychopy.visual.rect.Rect'>, autoDraw=False, autoLog=True, closeShape=True, color=method-wrapper(...), colorSpace=None, contrast=1.0, depth=0.0, fillColor=array([-1., -1., -1.]), fillColorSpace='rgb', fillRGB=array([-1., -1., -1.]), interpolate=True, lineColor=array([1., 1., 1.]), lineColorSpace='rgb', lineRGB=array([1., 1., 1.]), lineWidth=1, name='cB_9', opacity=1.0, ori=array(0.), pos=array([0., 0.]), size=array([1., 1.]), units='height', vertices=ndarray(...), win=Window(...))
6.2712 	EXP 	Created cbFb = Rect(__class__=<class 'psychopy.visual.rect.Rect'>, autoDraw=False, autoLog=True, closeShape=True, color=method-wrapper(...), colorSpace=None, contrast=1.0, depth=-1.0, fillColor=array([-1., -1., -1.]), fillColorSpace='rgb', fillRGB=array([-1., -1., -1.]), interpolate=True, lineColor=array([1., 1., 1.]), lineColorSpace='rgb', lineRGB=array([1., 1., 1.]), lineWidth=1, name='cbFb', opacity=1.0, ori=array(0.), pos=array([0., 0.]), size=array([1., 1.]), units='height', vertices=ndarray(...), win=Window(...))
6.2774 	EXP 	Created textFb = TextStim(__class__=<class 'psychopy.visual.text.TextStim'>, alignHoriz='center', alignVert='center', antialias=True, autoLog=True, bold=False, color='white', colorSpace='named', contrast=1.0, depth=-2.0, flipHoriz=False, flipVert=False, font='Arial', fontFiles=[], height=0.03, italic=False, languageStyle='LTR', name='textFb', opacity=1.0, ori=0, pos=array([0., 0.]), rgb=array([255., 255., 255.]), text='default text', units='height', win=Window(...), wrapWidth=1)
6.2789 	EXP 	Created cbBuf = Rect(__class__=<class 'psychopy.visual.rect.Rect'>, autoDraw=False, autoLog=True, closeShape=True, color=method-wrapper(...), colorSpace=None, contrast=1.0, depth=0.0, fillColor=array([-1., -1., -1.]), fillColorSpace='rgb', fillRGB=array([-1., -1., -1.]), interpolate=True, lineColor=array([1., 1., 1.]), lineColorSpace='rgb', lineRGB=array([1., 1., 1.]), lineWidth=1, name='cbBuf', opacity=1.0, ori=array(0.), pos=array([0., 0.]), size=array([1., 1.]), units='height', vertices=ndarray(...), win=Window(...))
6.2807 	EXP 	Created fixCross = ShapeStim(__class__=<class 'psychopy.visual.shape.ShapeStim'>, autoDraw=False, autoLog=True, closeShape=True, contrast=1.0, depth=-1.0, fillColor=array([1., 1., 1.]), fillColorSpace='rgb', interpolate=True, lineColor=array([1., 1., 1.]), lineColorSpace='rgb', lineWidth=1, name='fixCross', opacity=1.0, ori=array(0.), pos=array([0., 0.]), size=array([0.1, 0.1]), units='height', vertices=ndarray(...), win=Window(...), windingRule=None)
6.2821 	EXP 	Created cB_11 = Rect(__class__=<class 'psychopy.visual.rect.Rect'>, autoDraw=False, autoLog=True, closeShape=True, color=method-wrapper(...), colorSpace=None, contrast=1.0, depth=0.0, fillColor=array([-1., -1., -1.]), fillColorSpace='rgb', fillRGB=array([-1., -1., -1.]), interpolate=True, lineColor=array([1., 1., 1.]), lineColorSpace='rgb', lineRGB=array([1., 1., 1.]), lineWidth=1, name='cB_11', opacity=1.0, ori=array(0.), pos=array([0., 0.]), size=array([1., 1.]), units='height', vertices=ndarray(...), win=Window(...))
6.3031 	EXP 	Created rating = RatingScale(__class__=type(...), acceptKeys=['return'], acceptPreText=UNKNOWN, acceptSize=UNKNOWN, acceptText='accept?', autoLog=True, choices=False, depth=0, disappear=False, flipVert=False, high=7, kwargs=UNKNOWN, labels=list(...), leftKeys=['left'], lineColor='White', low=1, marker=ShapeStim(...), markerColor='DarkBlue', markerExpansion=UNKNOWN, markerStart=None, maxTime=0.0, minTime=0.4, mouseOnly=False, name='rating', noMouse=False, pos=[0.0, -0.4], precision=1, respKeys=['1', '2', '3', '4', '5', '6', '7'], rightKeys=['right'], scale='', self=UNKNOWN, showAccept=True, showValue=True, singleClick=False, size=0.6, skipKeys=['tab'], stretch=1.0, textColor='LightGray', textFont='Helvetica Bold', textSize=0.12, tickHeight=1.0, tickMarks=6.0, win=Window(...))
6.3046 	EXP 	Created cB_9 = Rect(__class__=<class 'psychopy.visual.rect.Rect'>, autoDraw=False, autoLog=True, closeShape=True, color=method-wrapper(...), colorSpace=None, contrast=1.0, depth=0.0, fillColor=array([-1., -1., -1.]), fillColorSpace='rgb', fillRGB=array([-1., -1., -1.]), interpolate=True, lineColor=array([1., 1., 1.]), lineColorSpace='rgb', lineRGB=array([1., 1., 1.]), lineWidth=1, name='cB_9', opacity=1.0, ori=array(0.), pos=array([0., 0.]), size=array([1., 1.]), units='height', vertices=ndarray(...), win=Window(...))
6.3060 	EXP 	Created cbBuf = Rect(__class__=<class 'psychopy.visual.rect.Rect'>, autoDraw=False, autoLog=True, closeShape=True, color=method-wrapper(...), colorSpace=None, contrast=1.0, depth=0.0, fillColor=array([-1., -1., -1.]), fillColorSpace='rgb', fillRGB=array([-1., -1., -1.]), interpolate=True, lineColor=array([1., 1., 1.]), lineColorSpace='rgb', lineRGB=array([1., 1., 1.]), lineWidth=1, name='cbBuf', opacity=1.0, ori=array(0.), pos=array([0., 0.]), size=array([1., 1.]), units='height', vertices=ndarray(...), win=Window(...))
6.3076 	EXP 	Created fixCross = ShapeStim(__class__=<class 'psychopy.visual.shape.ShapeStim'>, autoDraw=False, autoLog=True, closeShape=True, contrast=1.0, depth=-1.0, fillColor=array([1., 1., 1.]), fillColorSpace='rgb', interpolate=True, lineColor=array([1., 1., 1.]), lineColorSpace='rgb', lineWidth=1, name='fixCross', opacity=1.0, ori=array(0.), pos=array([0., 0.]), size=array([0.1, 0.1]), units='height', vertices=ndarray(...), win=Window(...), windingRule=None)
6.3090 	EXP 	Created cB_10 = Rect(__class__=<class 'psychopy.visual.rect.Rect'>, autoDraw=False, autoLog=True, closeShape=True, color=method-wrapper(...), colorSpace=None, contrast=1.0, depth=0.0, fillColor=array([-1., -1., -1.]), fillColorSpace='rgb', fillRGB=array([-1., -1., -1.]), interpolate=True, lineColor=array([1., 1., 1.]), lineColorSpace='rgb', lineRGB=array([1., 1., 1.]), lineWidth=1, name='cB_10', opacity=1.0, ori=array(0.), pos=array([0., 0.]), size=array([1., 1.]), units='height', vertices=ndarray(...), win=Window(...))
6.3836 	EXP 	Created sbEndText = TextStim(__class__=<class 'psychopy.visual.text.TextStim'>, alignHoriz='center', alignVert='center', antialias=True, autoLog=True, bold=False, color='white', colorSpace='named', contrast=1.0, depth=-1.0, flipHoriz=False, flipVert=False, font='Arial', fontFiles=[], height=0.1, italic=False, languageStyle='LTR', name='sbEndText', opacity=1.0, ori=0, pos=array([0., 0.]), rgb=array([255., 255., 255.]), text=str(...), units='height', win=Window(...), wrapWidth=1)
6.4019 	EXP 	sbChoice: flipVert = False
6.4019 	EXP 	sbChoice: autoLog = True
6.4019 	EXP 	rating: flipVert = False
6.4019 	EXP 	rating: autoLog = True
6.4019 	EXP 	cB_1: autoDraw = True
6.4019 	EXP 	textWelcome: autoDraw = True
9.3366 	DATA 	Keypress: 1
9.3539 	EXP 	cB_1: autoDraw = False
9.3539 	EXP 	textWelcome: autoDraw = False
9.3539 	EXP 	cB_2: autoDraw = True
9.3539 	EXP 	textInstructions: autoDraw = True
9.7294 	DATA 	Keypress: 1
9.7460 	EXP 	cB_2: autoDraw = False
9.7460 	EXP 	textInstructions: autoDraw = False
9.7460 	EXP 	cB_12: autoDraw = True
9.7460 	EXP 	textInstructions_2: autoDraw = True
10.0193 	DATA 	Keypress: 1
10.0359 	EXP 	cB_12: autoDraw = False
10.0359 	EXP 	textInstructions_2: autoDraw = False
10.0359 	EXP 	text: text = ''
10.0359 	EXP 	cB: autoDraw = True
10.0359 	EXP 	displayText: autoDraw = True
10.0359 	EXP 	copyText: autoDraw = True
11.2948 	DATA 	Keypress: 1
11.3131 	EXP 	text: text = '1'
11.3131 	EXP 	copyText: text = '1'
11.9237 	DATA 	Keypress: return
11.9412 	EXP 	copyText: text = '1'
11.9412 	EXP 	cB: autoDraw = False
11.9412 	EXP 	displayText: autoDraw = False
11.9412 	EXP 	copyText: autoDraw = False
11.9412 	EXP 	cB_3: autoDraw = True
11.9412 	EXP 	textServer: autoDraw = True
12.8971 	DATA 	Keypress: 1
12.8977 	EXP 	Created sequence: sequential, trialTypes=1, nReps=1, seed=None
12.8980 	EXP 	New trial (rep=0, index=0): None
12.9154 	EXP 	cB_3: autoDraw = False
12.9154 	EXP 	textServer: autoDraw = False
12.9154 	EXP 	cB_4: autoDraw = True
12.9154 	EXP 	text_1: autoDraw = True
13.8855 	EXP 	text_2: autoDraw = True
13.9197 	EXP 	text_1: autoDraw = False
14.3832 	EXP 	text_3: autoDraw = True
14.4000 	EXP 	text_2: autoDraw = False
14.8945 	EXP 	text_3: autoDraw = False
14.8945 	EXP 	text_4: autoDraw = True
15.4062 	EXP 	text_4: autoDraw = False
15.4232 	EXP 	cB_4: autoDraw = False
15.4232 	EXP 	text_1: autoDraw = False
15.4232 	EXP 	text_2: autoDraw = False
15.4232 	EXP 	text_3: autoDraw = False
15.4232 	EXP 	text_4: autoDraw = False
15.4232 	EXP 	cB_5: autoDraw = True
15.5934 	EXP 	idle: autoDraw = True
15.9011 	EXP 	idle: autoDraw = False
15.9011 	EXP 	idle_2: autoDraw = True
16.0910 	EXP 	idle_2: autoDraw = False
16.0910 	EXP 	idle_3: autoDraw = True
16.1936 	EXP 	idle_3: autoDraw = False
16.1936 	EXP 	idle_4: autoDraw = True
16.3480 	EXP 	idle_4: autoDraw = False
16.3480 	EXP 	idle_5: autoDraw = True
16.4999 	EXP 	idle_5: autoDraw = False
16.4999 	EXP 	idle_6: autoDraw = True
16.6534 	EXP 	idle_6: autoDraw = False
16.6534 	EXP 	idle_7: autoDraw = True
16.7557 	EXP 	idle_7: autoDraw = False
16.7557 	EXP 	ilde_8: autoDraw = True
17.2511 	EXP 	ilde_8: autoDraw = False
17.2511 	EXP 	idle_9: autoDraw = True
17.7490 	EXP 	idle_10: autoDraw = True
17.7663 	EXP 	idle_9: autoDraw = False
18.2435 	EXP 	idle_11: autoDraw = True
18.2604 	EXP 	idle_10: autoDraw = False
18.7555 	EXP 	idle_11: autoDraw = False
18.7555 	EXP 	idle_12: autoDraw = True
18.8927 	EXP 	idle_12: autoDraw = False
19.4577 	EXP 	cB_5: autoDraw = False
19.4577 	EXP 	idle: autoDraw = False
19.4577 	EXP 	idle_2: autoDraw = False
19.4577 	EXP 	idle_3: autoDraw = False
19.4577 	EXP 	idle_4: autoDraw = False
19.4577 	EXP 	idle_5: autoDraw = False
19.4577 	EXP 	idle_6: autoDraw = False
19.4577 	EXP 	idle_7: autoDraw = False
19.4577 	EXP 	ilde_8: autoDraw = False
19.4577 	EXP 	idle_9: autoDraw = False
19.4577 	EXP 	idle_10: autoDraw = False
19.4577 	EXP 	idle_11: autoDraw = False
19.4577 	EXP 	idle_12: autoDraw = False
19.4577 	EXP 	sBInstructions: text = "Hi 1!\nYou are now ready to start with the experiment. \n\nOn the next screens you will make decisions on how to engage with other players.\n\n\nMake a choice using your 'left' or 'right' keys and confirm with 'enter'\n"
19.4577 	EXP 	cB_6: autoDraw = True
19.6448 	EXP 	sBInstructions: autoDraw = True
22.3490 	DATA 	Keypress: c
22.3947 	EXP 	Imported contitions.xlsx as conditions, 1 conditions, 6 params
22.3950 	EXP 	Created sequence: random, trialTypes=1, nReps=2, seed=None
22.3954 	EXP 	New trial (rep=0, index=0): OrderedDict([('playerAn', 'PlayerA'), ('playerId', 'Paul'), ('avatarFile', 'images/avatar1.jpg'), ('choiceLabel', 'reciprocate'), ('actionLabel', 1), ('actionRound', 1)])
22.4118 	EXP 	Imported contitions.xlsx as conditions, 1 conditions, 6 params
22.4121 	EXP 	Created sequence: random, trialTypes=1, nReps=2, seed=None
22.4124 	EXP 	New trial (rep=0, index=0): OrderedDict([('playerAn', 'PlayerA'), ('playerId', 'Paul'), ('avatarFile', 'images/avatar1.jpg'), ('choiceLabel', 'reciprocate'), ('actionLabel', 1), ('actionRound', 1)])
22.4905 	EXP 	RatingScale sbChoice: reset()
22.5187 	EXP 	cB_6: autoDraw = False
22.5187 	EXP 	sBInstructions: autoDraw = False
22.5187 	EXP 	text: text = 'This round you are playing with Paul!'
22.5187 	EXP 	imagesbRnd: image = 'images/avatar1.jpg'
22.5187 	EXP 	cB_8: autoDraw = True
22.5187 	EXP 	text: autoDraw = True
22.5187 	EXP 	imagesbRnd: autoDraw = True
22.5187 	EXP 	sbChoice: autoDraw = True
22.5187 	EXP 	text_6: autoDraw = True
26.4558 	DATA 	Keypress: right
26.6459 	DATA 	Keypress: right
31.5558 	DATA 	Keypress: return
31.5599 	DATA 	RatingScale sbChoice: (key response) rating=7
31.5599 	DATA 	RatingScale sbChoice: rating RT=9.069
31.5599 	DATA 	RatingScale sbChoice: history=[('5', 0.0), ('6', 3.968), ('7', 4.155), ('7', 9.068)]
31.5894 	EXP 	cB_8: autoDraw = False
31.5894 	EXP 	text: autoDraw = False
31.5894 	EXP 	imagesbRnd: autoDraw = False
31.5894 	EXP 	sbChoice: autoDraw = False
31.5894 	EXP 	text_6: autoDraw = False
31.5894 	EXP 	cB_9: autoDraw = True
32.1183 	EXP 	cB_9: autoDraw = False
32.1183 	EXP 	textFb: text = 'Paul has decided to return 7 credits back to you. This is a return of 100% Your gain for this round is 10 credits '
32.1183 	EXP 	cbFb: autoDraw = True
32.1183 	EXP 	textFb: autoDraw = True
35.1024 	EXP 	cbFb: autoDraw = False
35.1024 	EXP 	textFb: autoDraw = False
35.1024 	EXP 	cbBuf: autoDraw = True
35.2729 	EXP 	fixCross: autoDraw = True
35.7870 	EXP 	fixCross: autoDraw = False
35.9775 	EXP 	New trial (rep=1, index=0): OrderedDict([('playerAn', 'PlayerA'), ('playerId', 'Paul'), ('avatarFile', 'images/avatar1.jpg'), ('choiceLabel', 'reciprocate'), ('actionLabel', 1), ('actionRound', 1)])
36.0332 	EXP 	RatingScale sbChoice: reset()
36.0501 	EXP 	cbBuf: autoDraw = False
36.0501 	EXP 	fixCross: autoDraw = False
36.0501 	EXP 	text: text = 'This round you are playing with Paul!'
36.0501 	EXP 	imagesbRnd: image = 'images/avatar1.jpg'
36.0501 	EXP 	cB_8: autoDraw = True
36.0501 	EXP 	text: autoDraw = True
36.0501 	EXP 	imagesbRnd: autoDraw = True
36.0501 	EXP 	sbChoice: autoDraw = True
36.0501 	EXP 	text_6: autoDraw = True
36.9978 	DATA 	Keypress: up
37.4945 	DATA 	Keypress: right
37.7172 	DATA 	Keypress: right
37.9722 	DATA 	Keypress: return
37.9759 	DATA 	RatingScale sbChoice: (key response) rating=7
37.9760 	DATA 	RatingScale sbChoice: rating RT=1.942
37.9760 	DATA 	RatingScale sbChoice: history=[('5', 0.0), ('6', 1.464), ('7', 1.687), ('7', 1.942)]
38.0061 	EXP 	cB_8: autoDraw = False
38.0061 	EXP 	text: autoDraw = False
38.0061 	EXP 	imagesbRnd: autoDraw = False
38.0061 	EXP 	sbChoice: autoDraw = False
38.0061 	EXP 	text_6: autoDraw = False
38.0061 	EXP 	cB_9: autoDraw = True
38.5168 	EXP 	cB_9: autoDraw = False
38.5168 	EXP 	textFb: text = 'Paul has decided to return 7 credits back to you. This is a return of 100% Your gain for this round is 10 credits '
38.5168 	EXP 	cbFb: autoDraw = True
38.5168 	EXP 	textFb: autoDraw = True
41.5092 	EXP 	cbFb: autoDraw = False
41.5092 	EXP 	textFb: autoDraw = False
41.5092 	EXP 	cbBuf: autoDraw = True
41.6780 	EXP 	fixCross: autoDraw = True
42.1924 	EXP 	fixCross: autoDraw = False
42.4405 	EXP 	Imported sliders.xlsx as conditions, 6 conditions, 5 params
42.4408 	EXP 	Created sequence: sequential, trialTypes=6, nReps=1, seed=None
42.4411 	EXP 	New trial (rep=0, index=0): OrderedDict([('sliderID', 1), ('sliderText', 'How much do you like Paul?'), ('sliderMin', 'not at all'), ('sliderMax', 'very much'), ('sliderChoices', '1 2 3 4 5 6 7')])
42.4793 	EXP 	Created rating = RatingScale(__class__=type(...), acceptKeys=['return'], acceptPreText=UNKNOWN, acceptSize=UNKNOWN, acceptText='accept?', autoLog=True, choices=False, depth=0, disappear=False, flipVert=False, high=7, kwargs=UNKNOWN, labels=list(...), leftKeys=['left'], lineColor='White', low=1, marker=ShapeStim(...), markerColor='DarkRed', markerExpansion=UNKNOWN, markerStart=4.0, maxTime=0.0, minTime=0.4, mouseOnly=False, name='rating', noMouse=False, pos=[0.0, -0.2], precision=1, respKeys=['1', '2', '3', '4', '5', '6', '7'], rightKeys=['right'], scale='How much do you like Paul?', self=UNKNOWN, showAccept=True, showValue=True, singleClick=False, size=0.6, skipKeys=['tab'], stretch=1.0, textColor='LightGray', textFont='Helvetica Bold', textSize=0.12, tickHeight=-1, tickMarks=6.0, win=Window(...))
42.4802 	EXP 	RatingScale rating: reset()
42.4985 	EXP 	cbBuf: autoDraw = False
42.4985 	EXP 	fixCross: autoDraw = False
42.4985 	EXP 	rating: flipVert = False
42.4985 	EXP 	rating: autoLog = True
42.4985 	EXP 	cB_11: autoDraw = True
42.4985 	EXP 	rating: autoDraw = True
43.6251 	DATA 	Keypress: right
44.5261 	DATA 	Keypress: return
44.5287 	DATA 	RatingScale rating: (key response) rating=5
44.5287 	DATA 	RatingScale rating: rating RT=2.048
44.5287 	DATA 	RatingScale rating: history=[(4.0, 0.0), (5, 1.146), (5, 2.048)]
44.5456 	EXP 	New trial (rep=0, index=1): OrderedDict([('sliderID', 2), ('sliderText', 'How much do you want to continue playing with Paul?'), ('sliderMin', 'not at all'), ('sliderMax', 'very much'), ('sliderChoices', '1 2 3 4 5 6 7')])
44.5802 	EXP 	Created rating = RatingScale(__class__=type(...), acceptKeys=['return'], acceptPreText=UNKNOWN, acceptSize=UNKNOWN, acceptText='accept?', autoLog=True, choices=False, depth=0, disappear=False, flipVert=False, high=7, kwargs=UNKNOWN, labels=list(...), leftKeys=['left'], lineColor='White', low=1, marker=ShapeStim(...), markerColor='DarkRed', markerExpansion=UNKNOWN, markerStart=4.0, maxTime=0.0, minTime=0.4, mouseOnly=False, name='rating', noMouse=False, pos=[0.0, -0.2], precision=1, respKeys=['1', '2', '3', '4', '5', '6', '7'], rightKeys=['right'], scale=str(...), self=UNKNOWN, showAccept=True, showValue=True, singleClick=False, size=0.6, skipKeys=['tab'], stretch=1.0, textColor='LightGray', textFont='Helvetica Bold', textSize=0.12, tickHeight=-1, tickMarks=6.0, win=Window(...))
44.5811 	EXP 	RatingScale rating: reset()
44.5990 	EXP 	cB_11: autoDraw = False
44.5990 	EXP 	rating: autoDraw = False
44.5990 	EXP 	rating: flipVert = False
44.5990 	EXP 	rating: autoLog = True
44.5990 	EXP 	cB_11: autoDraw = True
44.5990 	EXP 	rating: autoDraw = True
46.7583 	DATA 	Keypress: right
46.9616 	DATA 	Keypress: return
46.9641 	DATA 	RatingScale rating: (key response) rating=5
46.9641 	DATA 	RatingScale rating: rating RT=2.383
46.9642 	DATA 	RatingScale rating: history=[(4.0, 0.0), (5, 2.178), (5, 2.382)]
46.9793 	EXP 	New trial (rep=0, index=2): OrderedDict([('sliderID', 3), ('sliderText', 'How much do you like Lukas?'), ('sliderMin', 'not at all'), ('sliderMax', 'very much'), ('sliderChoices', '1 2 3 4 5 6 7')])
47.0115 	EXP 	Created rating = RatingScale(__class__=type(...), acceptKeys=['return'], acceptPreText=UNKNOWN, acceptSize=UNKNOWN, acceptText='accept?', autoLog=True, choices=False, depth=0, disappear=False, flipVert=False, high=7, kwargs=UNKNOWN, labels=list(...), leftKeys=['left'], lineColor='White', low=1, marker=ShapeStim(...), markerColor='DarkRed', markerExpansion=UNKNOWN, markerStart=4.0, maxTime=0.0, minTime=0.4, mouseOnly=False, name='rating', noMouse=False, pos=[0.0, -0.2], precision=1, respKeys=['1', '2', '3', '4', '5', '6', '7'], rightKeys=['right'], scale='How much do you like Lukas?', self=UNKNOWN, showAccept=True, showValue=True, singleClick=False, size=0.6, skipKeys=['tab'], stretch=1.0, textColor='LightGray', textFont='Helvetica Bold', textSize=0.12, tickHeight=-1, tickMarks=6.0, win=Window(...))
47.0123 	EXP 	RatingScale rating: reset()
47.0303 	EXP 	cB_11: autoDraw = False
47.0303 	EXP 	rating: autoDraw = False
47.0303 	EXP 	rating: flipVert = False
47.0303 	EXP 	rating: autoLog = True
47.0303 	EXP 	cB_11: autoDraw = True
47.0303 	EXP 	rating: autoDraw = True
47.3012 	DATA 	Keypress: right
47.7094 	DATA 	Keypress: right
48.0677 	DATA 	Keypress: return
48.0701 	DATA 	RatingScale rating: (key response) rating=5
48.0701 	DATA 	RatingScale rating: rating RT=1.057
48.0701 	DATA 	RatingScale rating: history=[(4.0, 0.0), (5, 0.698), (5, 1.057)]
48.0857 	EXP 	New trial (rep=0, index=3): OrderedDict([('sliderID', 4), ('sliderText', 'How much do you want to continue playing with Lukas?'), ('sliderMin', 'not at all'), ('sliderMax', 'very much'), ('sliderChoices', '1 2 3 4 5 6 7')])
48.1179 	EXP 	Created rating = RatingScale(__class__=type(...), acceptKeys=['return'], acceptPreText=UNKNOWN, acceptSize=UNKNOWN, acceptText='accept?', autoLog=True, choices=False, depth=0, disappear=False, flipVert=False, high=7, kwargs=UNKNOWN, labels=list(...), leftKeys=['left'], lineColor='White', low=1, marker=ShapeStim(...), markerColor='DarkRed', markerExpansion=UNKNOWN, markerStart=4.0, maxTime=0.0, minTime=0.4, mouseOnly=False, name='rating', noMouse=False, pos=[0.0, -0.2], precision=1, respKeys=['1', '2', '3', '4', '5', '6', '7'], rightKeys=['right'], scale=str(...), self=UNKNOWN, showAccept=True, showValue=True, singleClick=False, size=0.6, skipKeys=['tab'], stretch=1.0, textColor='LightGray', textFont='Helvetica Bold', textSize=0.12, tickHeight=-1, tickMarks=6.0, win=Window(...))
48.1188 	EXP 	RatingScale rating: reset()
48.1365 	EXP 	cB_11: autoDraw = False
48.1365 	EXP 	rating: autoDraw = False
48.1365 	EXP 	rating: flipVert = False
48.1365 	EXP 	rating: autoLog = True
48.1365 	EXP 	cB_11: autoDraw = True
48.1365 	EXP 	rating: autoDraw = True
48.4604 	DATA 	Keypress: right
48.7161 	DATA 	Keypress: right
48.9738 	DATA 	Keypress: return
48.9760 	DATA 	RatingScale rating: (key response) rating=5
48.9761 	DATA 	RatingScale rating: rating RT=0.857
48.9761 	DATA 	RatingScale rating: history=[(4.0, 0.0), (5, 0.599), (5, 0.857)]
48.9915 	EXP 	New trial (rep=0, index=4): OrderedDict([('sliderID', 5), ('sliderText', 'How do you feel?'), ('sliderMin', 'negative'), ('sliderMax', 'positive'), ('sliderChoices', '1 2 3 4 5 6 7')])
49.0187 	EXP 	Created rating = RatingScale(__class__=type(...), acceptKeys=['return'], acceptPreText=UNKNOWN, acceptSize=UNKNOWN, acceptText='accept?', autoLog=True, choices=False, depth=0, disappear=False, flipVert=False, high=7, kwargs=UNKNOWN, labels=list(...), leftKeys=['left'], lineColor='White', low=1, marker=ShapeStim(...), markerColor='DarkRed', markerExpansion=UNKNOWN, markerStart=4.0, maxTime=0.0, minTime=0.4, mouseOnly=False, name='rating', noMouse=False, pos=[0.0, -0.2], precision=1, respKeys=['1', '2', '3', '4', '5', '6', '7'], rightKeys=['right'], scale='How do you feel?', self=UNKNOWN, showAccept=True, showValue=True, singleClick=False, size=0.6, skipKeys=['tab'], stretch=1.0, textColor='LightGray', textFont='Helvetica Bold', textSize=0.12, tickHeight=-1, tickMarks=6.0, win=Window(...))
49.0196 	EXP 	RatingScale rating: reset()
49.0397 	EXP 	cB_11: autoDraw = False
49.0397 	EXP 	rating: autoDraw = False
49.0397 	EXP 	rating: flipVert = False
49.0397 	EXP 	rating: autoLog = True
49.0397 	EXP 	cB_11: autoDraw = True
49.0397 	EXP 	rating: autoDraw = True
49.5875 	DATA 	Keypress: right
49.7922 	DATA 	Keypress: right
50.0820 	DATA 	Keypress: return
50.0842 	DATA 	RatingScale rating: (key response) rating=6
50.0843 	DATA 	RatingScale rating: rating RT=1.064
50.0843 	DATA 	RatingScale rating: history=[(4.0, 0.0), (5, 0.57), (6, 0.775), (6, 1.064)]
50.0998 	EXP 	New trial (rep=0, index=5): OrderedDict([('sliderID', 6), ('sliderText', 'How activated are you right now?'), ('sliderMin', 'low'), ('sliderMax', 'high'), ('sliderChoices', '1 2 3 4 5 6 7')])
50.1266 	EXP 	Created rating = RatingScale(__class__=type(...), acceptKeys=['return'], acceptPreText=UNKNOWN, acceptSize=UNKNOWN, acceptText='accept?', autoLog=True, choices=False, depth=0, disappear=False, flipVert=False, high=7, kwargs=UNKNOWN, labels=list(...), leftKeys=['left'], lineColor='White', low=1, marker=ShapeStim(...), markerColor='DarkRed', markerExpansion=UNKNOWN, markerStart=4.0, maxTime=0.0, minTime=0.4, mouseOnly=False, name='rating', noMouse=False, pos=[0.0, -0.2], precision=1, respKeys=['1', '2', '3', '4', '5', '6', '7'], rightKeys=['right'], scale='How activated are you right now?', self=UNKNOWN, showAccept=True, showValue=True, singleClick=False, size=0.6, skipKeys=['tab'], stretch=1.0, textColor='LightGray', textFont='Helvetica Bold', textSize=0.12, tickHeight=-1, tickMarks=6.0, win=Window(...))
50.1275 	EXP 	RatingScale rating: reset()
50.1495 	EXP 	cB_11: autoDraw = False
50.1495 	EXP 	rating: autoDraw = False
50.1495 	EXP 	rating: flipVert = False
50.1495 	EXP 	rating: autoLog = True
50.1495 	EXP 	cB_11: autoDraw = True
50.1495 	EXP 	rating: autoDraw = True
50.6789 	DATA 	Keypress: right
50.9015 	DATA 	Keypress: right
51.1409 	DATA 	Keypress: return
51.1437 	DATA 	RatingScale rating: (key response) rating=6
51.1437 	DATA 	RatingScale rating: rating RT=1.016
51.1437 	DATA 	RatingScale rating: history=[(4.0, 0.0), (5, 0.553), (6, 0.776), (6, 1.016)]
51.1583 	EXP 	Created sequence: random, trialTypes=1, nReps=4, seed=None
51.1585 	EXP 	New trial (rep=0, index=0): None
51.1740 	EXP 	cB_11: autoDraw = False
51.1740 	EXP 	rating: autoDraw = False
51.1740 	EXP 	cB_9: autoDraw = True
51.6694 	EXP 	New trial (rep=1, index=0): None
51.6855 	EXP 	cB_9: autoDraw = False
51.6855 	EXP 	cB_9: autoDraw = True
52.1636 	EXP 	New trial (rep=2, index=0): None
52.1802 	EXP 	cB_9: autoDraw = False
52.1802 	EXP 	cB_9: autoDraw = True
52.6751 	EXP 	New trial (rep=3, index=0): None
52.6914 	EXP 	cB_9: autoDraw = False
52.6914 	EXP 	cB_9: autoDraw = True
53.1891 	EXP 	cB_9: autoDraw = False
53.1891 	EXP 	cbBuf: autoDraw = True
53.3576 	EXP 	fixCross: autoDraw = True
53.8560 	EXP 	fixCross: autoDraw = False
54.0601 	EXP 	New trial (rep=1, index=0): OrderedDict([('playerAn', 'PlayerA'), ('playerId', 'Paul'), ('avatarFile', 'images/avatar1.jpg'), ('choiceLabel', 'reciprocate'), ('actionLabel', 1), ('actionRound', 1)])
54.0987 	EXP 	Imported contitions.xlsx as conditions, 1 conditions, 6 params
54.0990 	EXP 	Created sequence: random, trialTypes=1, nReps=2, seed=None
54.0993 	EXP 	New trial (rep=0, index=0): OrderedDict([('playerAn', 'PlayerA'), ('playerId', 'Paul'), ('avatarFile', 'images/avatar1.jpg'), ('choiceLabel', 'reciprocate'), ('actionLabel', 1), ('actionRound', 1)])
54.1621 	EXP 	RatingScale sbChoice: reset()
54.1799 	EXP 	cbBuf: autoDraw = False
54.1799 	EXP 	fixCross: autoDraw = False
54.1799 	EXP 	text: text = 'This round you are playing with Paul!'
54.1799 	EXP 	imagesbRnd: image = 'images/avatar1.jpg'
54.1799 	EXP 	cB_8: autoDraw = True
54.1799 	EXP 	text: autoDraw = True
54.1799 	EXP 	imagesbRnd: autoDraw = True
54.1799 	EXP 	sbChoice: autoDraw = True
54.1799 	EXP 	text_6: autoDraw = True
55.1322 	DATA 	Keypress: right
55.3556 	DATA 	Keypress: right
55.6161 	DATA 	Keypress: return
55.6163 	DATA 	RatingScale sbChoice: (key response) rating=7
55.6163 	DATA 	RatingScale sbChoice: rating RT=1.454
55.6164 	DATA 	RatingScale sbChoice: history=[('5', 0.0), ('6', 0.973), ('7', 1.197), ('7', 1.454)]
55.6441 	EXP 	cB_8: autoDraw = False
55.6441 	EXP 	text: autoDraw = False
55.6441 	EXP 	imagesbRnd: autoDraw = False
55.6441 	EXP 	sbChoice: autoDraw = False
55.6441 	EXP 	text_6: autoDraw = False
55.6441 	EXP 	cB_9: autoDraw = True
56.1555 	EXP 	cB_9: autoDraw = False
56.1555 	EXP 	textFb: text = 'Paul has decided to return 7 credits back to you. This is a return of 100% Your gain for this round is 10 credits '
56.1555 	EXP 	cbFb: autoDraw = True
56.1555 	EXP 	textFb: autoDraw = True
59.1538 	EXP 	cbFb: autoDraw = False
59.1538 	EXP 	textFb: autoDraw = False
59.1538 	EXP 	cbBuf: autoDraw = True
59.3239 	EXP 	fixCross: autoDraw = True
59.7001 	DATA 	Keypress: right
59.8370 	EXP 	fixCross: autoDraw = False
60.0420 	EXP 	New trial (rep=1, index=0): OrderedDict([('playerAn', 'PlayerA'), ('playerId', 'Paul'), ('avatarFile', 'images/avatar1.jpg'), ('choiceLabel', 'reciprocate'), ('actionLabel', 1), ('actionRound', 1)])
60.0979 	EXP 	RatingScale sbChoice: reset()
60.1147 	EXP 	cbBuf: autoDraw = False
60.1147 	EXP 	fixCross: autoDraw = False
60.1147 	EXP 	text: text = 'This round you are playing with Paul!'
60.1147 	EXP 	imagesbRnd: image = 'images/avatar1.jpg'
60.1147 	EXP 	cB_8: autoDraw = True
60.1147 	EXP 	text: autoDraw = True
60.1147 	EXP 	imagesbRnd: autoDraw = True
60.1147 	EXP 	sbChoice: autoDraw = True
60.1147 	EXP 	text_6: autoDraw = True
60.4169 	DATA 	Keypress: right
60.6223 	DATA 	Keypress: right
61.0352 	DATA 	Keypress: right
62.7764 	DATA 	Keypress: return
62.7802 	DATA 	RatingScale sbChoice: (key response) rating=7
62.7803 	DATA 	RatingScale sbChoice: rating RT=2.682
62.7803 	DATA 	RatingScale sbChoice: history=[('5', 0.0), ('6', 0.527), ('7', 0.937), ('7', 2.681)]
62.8087 	EXP 	cB_8: autoDraw = False
62.8087 	EXP 	text: autoDraw = False
62.8087 	EXP 	imagesbRnd: autoDraw = False
62.8087 	EXP 	sbChoice: autoDraw = False
62.8087 	EXP 	text_6: autoDraw = False
62.8087 	EXP 	cB_9: autoDraw = True
63.3231 	EXP 	cB_9: autoDraw = False
63.3231 	EXP 	textFb: text = 'Paul has decided to return 7 credits back to you. This is a return of 100% Your gain for this round is 10 credits '
63.3231 	EXP 	cbFb: autoDraw = True
63.3231 	EXP 	textFb: autoDraw = True
66.3283 	EXP 	cbFb: autoDraw = False
66.3283 	EXP 	textFb: autoDraw = False
66.3283 	EXP 	cbBuf: autoDraw = True
66.5019 	EXP 	fixCross: autoDraw = True
67.0156 	EXP 	fixCross: autoDraw = False
67.2263 	EXP 	Imported sliders.xlsx as conditions, 6 conditions, 5 params
67.2266 	EXP 	Created sequence: sequential, trialTypes=6, nReps=1, seed=None
67.2269 	EXP 	New trial (rep=0, index=0): OrderedDict([('sliderID', 1), ('sliderText', 'How much do you like Paul?'), ('sliderMin', 'not at all'), ('sliderMax', 'very much'), ('sliderChoices', '1 2 3 4 5 6 7')])
67.2567 	EXP 	Created rating = RatingScale(__class__=type(...), acceptKeys=['return'], acceptPreText=UNKNOWN, acceptSize=UNKNOWN, acceptText='accept?', autoLog=True, choices=False, depth=0, disappear=False, flipVert=False, high=7, kwargs=UNKNOWN, labels=list(...), leftKeys=['left'], lineColor='White', low=1, marker=ShapeStim(...), markerColor='DarkRed', markerExpansion=UNKNOWN, markerStart=4.0, maxTime=0.0, minTime=0.4, mouseOnly=False, name='rating', noMouse=False, pos=[0.0, -0.2], precision=1, respKeys=['1', '2', '3', '4', '5', '6', '7'], rightKeys=['right'], scale='How much do you like Paul?', self=UNKNOWN, showAccept=True, showValue=True, singleClick=False, size=0.6, skipKeys=['tab'], stretch=1.0, textColor='LightGray', textFont='Helvetica Bold', textSize=0.12, tickHeight=-1, tickMarks=6.0, win=Window(...))
67.2575 	EXP 	RatingScale rating: reset()
67.2763 	EXP 	cbBuf: autoDraw = False
67.2763 	EXP 	fixCross: autoDraw = False
67.2763 	EXP 	rating: flipVert = False
67.2763 	EXP 	rating: autoLog = True
67.2763 	EXP 	cB_11: autoDraw = True
67.2763 	EXP 	rating: autoDraw = True
67.8193 	DATA 	Keypress: right
68.0753 	DATA 	Keypress: right
68.2974 	DATA 	Keypress: return
68.2997 	DATA 	RatingScale rating: (key response) rating=6
68.2998 	DATA 	RatingScale rating: rating RT=1.042
68.2998 	DATA 	RatingScale rating: history=[(4.0, 0.0), (5, 0.563), (6, 0.819), (6, 1.042)]
68.3158 	EXP 	New trial (rep=0, index=1): OrderedDict([('sliderID', 2), ('sliderText', 'How much do you want to continue playing with Paul?'), ('sliderMin', 'not at all'), ('sliderMax', 'very much'), ('sliderChoices', '1 2 3 4 5 6 7')])
68.3486 	EXP 	Created rating = RatingScale(__class__=type(...), acceptKeys=['return'], acceptPreText=UNKNOWN, acceptSize=UNKNOWN, acceptText='accept?', autoLog=True, choices=False, depth=0, disappear=False, flipVert=False, high=7, kwargs=UNKNOWN, labels=list(...), leftKeys=['left'], lineColor='White', low=1, marker=ShapeStim(...), markerColor='DarkRed', markerExpansion=UNKNOWN, markerStart=4.0, maxTime=0.0, minTime=0.4, mouseOnly=False, name='rating', noMouse=False, pos=[0.0, -0.2], precision=1, respKeys=['1', '2', '3', '4', '5', '6', '7'], rightKeys=['right'], scale=str(...), self=UNKNOWN, showAccept=True, showValue=True, singleClick=False, size=0.6, skipKeys=['tab'], stretch=1.0, textColor='LightGray', textFont='Helvetica Bold', textSize=0.12, tickHeight=-1, tickMarks=6.0, win=Window(...))
68.3495 	EXP 	RatingScale rating: reset()
68.3669 	EXP 	cB_11: autoDraw = False
68.3669 	EXP 	rating: autoDraw = False
68.3669 	EXP 	rating: flipVert = False
68.3669 	EXP 	rating: autoLog = True
68.3669 	EXP 	cB_11: autoDraw = True
68.3669 	EXP 	rating: autoDraw = True
69.0108 	DATA 	Keypress: right
69.2145 	DATA 	Keypress: right
69.4041 	DATA 	Keypress: return
69.4042 	DATA 	RatingScale rating: (key response) rating=6
69.4043 	DATA 	RatingScale rating: rating RT=1.054
69.4043 	DATA 	RatingScale rating: history=[(4.0, 0.0), (5, 0.663), (6, 0.867), (6, 1.054)]
69.4195 	EXP 	New trial (rep=0, index=2): OrderedDict([('sliderID', 3), ('sliderText', 'How much do you like Lukas?'), ('sliderMin', 'not at all'), ('sliderMax', 'very much'), ('sliderChoices', '1 2 3 4 5 6 7')])
69.4495 	EXP 	Created rating = RatingScale(__class__=type(...), acceptKeys=['return'], acceptPreText=UNKNOWN, acceptSize=UNKNOWN, acceptText='accept?', autoLog=True, choices=False, depth=0, disappear=False, flipVert=False, high=7, kwargs=UNKNOWN, labels=list(...), leftKeys=['left'], lineColor='White', low=1, marker=ShapeStim(...), markerColor='DarkRed', markerExpansion=UNKNOWN, markerStart=4.0, maxTime=0.0, minTime=0.4, mouseOnly=False, name='rating', noMouse=False, pos=[0.0, -0.2], precision=1, respKeys=['1', '2', '3', '4', '5', '6', '7'], rightKeys=['right'], scale='How much do you like Lukas?', self=UNKNOWN, showAccept=True, showValue=True, singleClick=False, size=0.6, skipKeys=['tab'], stretch=1.0, textColor='LightGray', textFont='Helvetica Bold', textSize=0.12, tickHeight=-1, tickMarks=6.0, win=Window(...))
69.4504 	EXP 	RatingScale rating: reset()
69.4684 	EXP 	cB_11: autoDraw = False
69.4684 	EXP 	rating: autoDraw = False
69.4684 	EXP 	rating: flipVert = False
69.4684 	EXP 	rating: autoLog = True
69.4684 	EXP 	cB_11: autoDraw = True
69.4684 	EXP 	rating: autoDraw = True
69.8429 	DATA 	Keypress: right
70.0299 	DATA 	Keypress: right
70.2351 	DATA 	Keypress: return
70.2375 	DATA 	RatingScale rating: (key response) rating=5
70.2375 	DATA 	RatingScale rating: rating RT=0.787
70.2375 	DATA 	RatingScale rating: history=[(4.0, 0.0), (5, 0.581), (5, 0.787)]
70.2529 	EXP 	New trial (rep=0, index=3): OrderedDict([('sliderID', 4), ('sliderText', 'How much do you want to continue playing with Lukas?'), ('sliderMin', 'not at all'), ('sliderMax', 'very much'), ('sliderChoices', '1 2 3 4 5 6 7')])
70.2853 	EXP 	Created rating = RatingScale(__class__=type(...), acceptKeys=['return'], acceptPreText=UNKNOWN, acceptSize=UNKNOWN, acceptText='accept?', autoLog=True, choices=False, depth=0, disappear=False, flipVert=False, high=7, kwargs=UNKNOWN, labels=list(...), leftKeys=['left'], lineColor='White', low=1, marker=ShapeStim(...), markerColor='DarkRed', markerExpansion=UNKNOWN, markerStart=4.0, maxTime=0.0, minTime=0.4, mouseOnly=False, name='rating', noMouse=False, pos=[0.0, -0.2], precision=1, respKeys=['1', '2', '3', '4', '5', '6', '7'], rightKeys=['right'], scale=str(...), self=UNKNOWN, showAccept=True, showValue=True, singleClick=False, size=0.6, skipKeys=['tab'], stretch=1.0, textColor='LightGray', textFont='Helvetica Bold', textSize=0.12, tickHeight=-1, tickMarks=6.0, win=Window(...))
70.2862 	EXP 	RatingScale rating: reset()
70.3039 	EXP 	cB_11: autoDraw = False
70.3039 	EXP 	rating: autoDraw = False
70.3039 	EXP 	rating: flipVert = False
70.3039 	EXP 	rating: autoLog = True
70.3039 	EXP 	cB_11: autoDraw = True
70.3039 	EXP 	rating: autoDraw = True
70.5250 	DATA 	Keypress: right
70.7639 	DATA 	Keypress: right
71.0389 	DATA 	Keypress: right
71.3261 	DATA 	Keypress: return
71.3285 	DATA 	RatingScale rating: (key response) rating=6
71.3285 	DATA 	RatingScale rating: rating RT=1.042
71.3285 	DATA 	RatingScale rating: history=[(4.0, 0.0), (5, 0.479), (6, 0.752), (6, 1.042)]
71.3439 	EXP 	New trial (rep=0, index=4): OrderedDict([('sliderID', 5), ('sliderText', 'How do you feel?'), ('sliderMin', 'negative'), ('sliderMax', 'positive'), ('sliderChoices', '1 2 3 4 5 6 7')])
71.3704 	EXP 	Created rating = RatingScale(__class__=type(...), acceptKeys=['return'], acceptPreText=UNKNOWN, acceptSize=UNKNOWN, acceptText='accept?', autoLog=True, choices=False, depth=0, disappear=False, flipVert=False, high=7, kwargs=UNKNOWN, labels=list(...), leftKeys=['left'], lineColor='White', low=1, marker=ShapeStim(...), markerColor='DarkRed', markerExpansion=UNKNOWN, markerStart=4.0, maxTime=0.0, minTime=0.4, mouseOnly=False, name='rating', noMouse=False, pos=[0.0, -0.2], precision=1, respKeys=['1', '2', '3', '4', '5', '6', '7'], rightKeys=['right'], scale='How do you feel?', self=UNKNOWN, showAccept=True, showValue=True, singleClick=False, size=0.6, skipKeys=['tab'], stretch=1.0, textColor='LightGray', textFont='Helvetica Bold', textSize=0.12, tickHeight=-1, tickMarks=6.0, win=Window(...))
71.3712 	EXP 	RatingScale rating: reset()
71.3936 	EXP 	cB_11: autoDraw = False
71.3936 	EXP 	rating: autoDraw = False
71.3936 	EXP 	rating: flipVert = False
71.3936 	EXP 	rating: autoLog = True
71.3936 	EXP 	cB_11: autoDraw = True
71.3936 	EXP 	rating: autoDraw = True
71.9051 	DATA 	Keypress: right
72.1598 	DATA 	Keypress: right
72.3833 	DATA 	Keypress: return
72.3835 	DATA 	RatingScale rating: (key response) rating=6
72.3835 	DATA 	RatingScale rating: rating RT=1.012
72.3835 	DATA 	RatingScale rating: history=[(4.0, 0.0), (5, 0.535), (6, 0.791), (6, 1.012)]
72.4005 	EXP 	New trial (rep=0, index=5): OrderedDict([('sliderID', 6), ('sliderText', 'How activated are you right now?'), ('sliderMin', 'low'), ('sliderMax', 'high'), ('sliderChoices', '1 2 3 4 5 6 7')])
72.4269 	EXP 	Created rating = RatingScale(__class__=type(...), acceptKeys=['return'], acceptPreText=UNKNOWN, acceptSize=UNKNOWN, acceptText='accept?', autoLog=True, choices=False, depth=0, disappear=False, flipVert=False, high=7, kwargs=UNKNOWN, labels=list(...), leftKeys=['left'], lineColor='White', low=1, marker=ShapeStim(...), markerColor='DarkRed', markerExpansion=UNKNOWN, markerStart=4.0, maxTime=0.0, minTime=0.4, mouseOnly=False, name='rating', noMouse=False, pos=[0.0, -0.2], precision=1, respKeys=['1', '2', '3', '4', '5', '6', '7'], rightKeys=['right'], scale='How activated are you right now?', self=UNKNOWN, showAccept=True, showValue=True, singleClick=False, size=0.6, skipKeys=['tab'], stretch=1.0, textColor='LightGray', textFont='Helvetica Bold', textSize=0.12, tickHeight=-1, tickMarks=6.0, win=Window(...))
72.4278 	EXP 	RatingScale rating: reset()
72.4486 	EXP 	cB_11: autoDraw = False
72.4486 	EXP 	rating: autoDraw = False
72.4486 	EXP 	rating: flipVert = False
72.4486 	EXP 	rating: autoLog = True
72.4486 	EXP 	cB_11: autoDraw = True
72.4486 	EXP 	rating: autoDraw = True
72.9767 	DATA 	Keypress: right
73.2174 	DATA 	Keypress: right
73.4368 	DATA 	Keypress: return
73.4389 	DATA 	RatingScale rating: (key response) rating=6
73.4390 	DATA 	RatingScale rating: rating RT=1.011
73.4390 	DATA 	RatingScale rating: history=[(4.0, 0.0), (5, 0.55), (6, 0.791), (6, 1.011)]
73.4547 	EXP 	Created sequence: random, trialTypes=1, nReps=4, seed=None
73.4549 	EXP 	New trial (rep=0, index=0): None
73.4704 	EXP 	cB_11: autoDraw = False
73.4704 	EXP 	rating: autoDraw = False
73.4704 	EXP 	cB_9: autoDraw = True
73.9670 	EXP 	New trial (rep=1, index=0): None
73.9832 	EXP 	cB_9: autoDraw = False
73.9832 	EXP 	cB_9: autoDraw = True
74.4607 	EXP 	New trial (rep=2, index=0): None
74.4771 	EXP 	cB_9: autoDraw = False
74.4771 	EXP 	cB_9: autoDraw = True
74.9558 	EXP 	New trial (rep=3, index=0): None
74.9720 	EXP 	cB_9: autoDraw = False
74.9720 	EXP 	cB_9: autoDraw = True
75.4854 	EXP 	cB_9: autoDraw = False
75.4854 	EXP 	cbBuf: autoDraw = True
75.6560 	EXP 	fixCross: autoDraw = True
76.1684 	EXP 	fixCross: autoDraw = False
76.3738 	EXP 	cbBuf: autoDraw = False
76.3738 	EXP 	fixCross: autoDraw = False
76.3738 	EXP 	cB_10: autoDraw = True
76.3738 	EXP 	sbEndText: autoDraw = True
77.7533 	DATA 	Keypress: escape
78.0623 	EXP 	window1: mouseVisible = True
