2.5874 	WARNING 	Import Error: No module named 'psychtoolbox'. Using event module for keyboard component.
4.1600 	WARNING 	User requested fullscreen with size [1024  768], but screen is actually [1680, 1050]. Using actual size
5.1432 	EXP 	Created window1 = Window(allowGUI=True, allowStencil=False, args=UNKNOWN, autoLog=True, bitsMode=UNKNOWN, blendMode='avg', color=array([0., 0., 0.]), colorSpace='rgb', fullscr=<method-wrapper '__getattribute__' of attributeSetter object at 0x0B29A1B0>, gamma=None, gammaErrorPolicy='raise', kwargs=UNKNOWN, lms=UNKNOWN, monitor=<psychopy.monitors.calibTools.Monitor object at 0x08C45E90>, multiSample=False, name='window1', numSamples=2, pos=[0.0, 0.0], screen=0, size=array([1680, 1050]), stereo=False, units='height', useFBO=True, useRetina=False, viewOri=0.0, viewPos=None, viewScale=None, waitBlanking=True, winType='pyglet')
5.1432 	EXP 	window1: recordFrameIntervals = False
5.3114 	EXP 	window1: recordFrameIntervals = True
5.4995 	EXP 	window1: recordFrameIntervals = False
5.5023 	EXP 	Created cB_1 = Rect(__class__=<class 'psychopy.visual.rect.Rect'>, autoDraw=False, autoLog=True, closeShape=True, color=method-wrapper(...), colorSpace=None, contrast=1.0, depth=-1.0, fillColor=array([-1., -1., -1.]), fillColorSpace='rgb', fillRGB=array([-1., -1., -1.]), interpolate=True, lineColor=array([1., 1., 1.]), lineColorSpace='rgb', lineRGB=array([1., 1., 1.]), lineWidth=1, name='cB_1', opacity=1.0, ori=array(0.), pos=array([0., 0.]), size=array([1., 1.]), units='height', vertices=ndarray(...), win=Window(...))
5.6511 	EXP 	Created textWelcome = TextStim(__class__=<class 'psychopy.visual.text.TextStim'>, alignHoriz='center', alignVert='center', antialias=True, autoLog=True, bold=False, color='white', colorSpace='named', contrast=1.0, depth=-2.0, flipHoriz=False, flipVert=False, font='Arial', fontFiles=[], height=0.03, italic=False, languageStyle='LTR', name='textWelcome', opacity=1.0, ori=0, pos=array([0., 0.]), rgb=array([255., 255., 255.]), text=str(...), units='height', win=Window(...), wrapWidth=1)
5.6528 	EXP 	Created cB_2 = Rect(__class__=<class 'psychopy.visual.rect.Rect'>, autoDraw=False, autoLog=True, closeShape=True, color=method-wrapper(...), colorSpace=None, contrast=1.0, depth=-1.0, fillColor=array([-1., -1., -1.]), fillColorSpace='rgb', fillRGB=array([-1., -1., -1.]), interpolate=True, lineColor=array([1., 1., 1.]), lineColorSpace='rgb', lineRGB=array([1., 1., 1.]), lineWidth=1, name='cB_2', opacity=1.0, ori=array(0.), pos=array([0., 0.]), size=array([1., 1.]), units='height', vertices=ndarray(...), win=Window(...))
5.7404 	EXP 	Created textInstructions = TextStim(__class__=<class 'psychopy.visual.text.TextStim'>, alignHoriz='center', alignVert='center', antialias=True, autoLog=True, bold=False, color='white', colorSpace='named', contrast=1.0, depth=-2.0, flipHoriz=False, flipVert=False, font='Arial', fontFiles=[], height=0.03, italic=False, languageStyle='LTR', name='textInstructions', opacity=1.0, ori=0, pos=array([0., 0.]), rgb=array([255., 255., 255.]), text=str(...), units='height', win=Window(...), wrapWidth=1)
5.7419 	EXP 	Created cB_12 = Rect(__class__=<class 'psychopy.visual.rect.Rect'>, autoDraw=False, autoLog=True, closeShape=True, color=method-wrapper(...), colorSpace=None, contrast=1.0, depth=0.0, fillColor=array([-1., -1., -1.]), fillColorSpace='rgb', fillRGB=array([-1., -1., -1.]), interpolate=True, lineColor=array([1., 1., 1.]), lineColorSpace='rgb', lineRGB=array([1., 1., 1.]), lineWidth=1, name='cB_12', opacity=1.0, ori=array(0.), pos=array([0., 0.]), size=array([1., 1.]), units='height', vertices=ndarray(...), win=Window(...))
5.8583 	EXP 	Created textInstructions_2 = TextStim(__class__=<class 'psychopy.visual.text.TextStim'>, alignHoriz='center', alignVert='center', antialias=True, autoLog=True, bold=False, color='white', colorSpace='named', contrast=1.0, depth=-1.0, flipHoriz=False, flipVert=False, font='Arial', fontFiles=[], height=0.03, italic=False, languageStyle='LTR', name='textInstructions_2', opacity=1.0, ori=0, pos=array([0., 0.]), rgb=array([255., 255., 255.]), text=str(...), units='height', win=Window(...), wrapWidth=1)
5.8599 	EXP 	Created cB = Rect(__class__=<class 'psychopy.visual.rect.Rect'>, autoDraw=False, autoLog=True, closeShape=True, color=method-wrapper(...), colorSpace=None, contrast=1.0, depth=0.0, fillColor=array([-1., -1., -1.]), fillColorSpace='rgb', fillRGB=array([-1., -1., -1.]), interpolate=True, lineColor=array([1., 1., 1.]), lineColorSpace='rgb', lineRGB=array([1., 1., 1.]), lineWidth=1, name='cB', opacity=1.0, ori=array(0.), pos=array([0., 0.]), size=array([1., 1.]), units='height', vertices=ndarray(...), win=Window(...))
5.9080 	EXP 	Created displayText = TextStim(__class__=<class 'psychopy.visual.text.TextStim'>, alignHoriz='center', alignVert='center', antialias=True, autoLog=True, bold=False, color='white', colorSpace='named', contrast=1.0, depth=-2.0, flipHoriz=False, flipVert=False, font='Arial', fontFiles=[], height=0.04, italic=False, languageStyle='LTR', name='displayText', opacity=1.0, ori=0, pos=array([0. , 0.1]), rgb=array([255., 255., 255.]), text=str(...), units='height', win=Window(...), wrapWidth=1)
5.9093 	EXP 	Created copyText = TextStim(__class__=<class 'psychopy.visual.text.TextStim'>, alignHoriz='center', alignVert='center', antialias=True, autoLog=True, bold=False, color='white', colorSpace='named', contrast=1.0, depth=-3.0, flipHoriz=False, flipVert=False, font='Arial', fontFiles=[], height=0.05, italic=False, languageStyle='LTR', name='copyText', opacity=1.0, ori=0, pos=array([ 0. , -0.1]), rgb=array([255., 255., 255.]), text='', units='height', win=Window(...), wrapWidth=1)
5.9108 	EXP 	Created cB_3 = Rect(__class__=<class 'psychopy.visual.rect.Rect'>, autoDraw=False, autoLog=True, closeShape=True, color=method-wrapper(...), colorSpace=None, contrast=1.0, depth=-1.0, fillColor=array([-1., -1., -1.]), fillColorSpace='rgb', fillRGB=array([-1., -1., -1.]), interpolate=True, lineColor=array([1., 1., 1.]), lineColorSpace='rgb', lineRGB=array([1., 1., 1.]), lineWidth=1, name='cB_3', opacity=1.0, ori=array(0.), pos=array([0., 0.]), size=array([1., 1.]), units='height', vertices=ndarray(...), win=Window(...))
5.9429 	EXP 	Created textServer = TextStim(__class__=<class 'psychopy.visual.text.TextStim'>, alignHoriz='center', alignVert='center', antialias=True, autoLog=True, bold=False, color='white', colorSpace='named', contrast=1.0, depth=-2.0, flipHoriz=False, flipVert=False, font='Arial', fontFiles=[], height=0.03, italic=False, languageStyle='LTR', name='textServer', opacity=1.0, ori=0, pos=array([0., 0.]), rgb=array([255., 255., 255.]), text=str(...), units='height', win=Window(...), wrapWidth=1)
5.9444 	EXP 	Created cB_4 = Rect(__class__=<class 'psychopy.visual.rect.Rect'>, autoDraw=False, autoLog=True, closeShape=True, color=method-wrapper(...), colorSpace=None, contrast=1.0, depth=0.0, fillColor=array([-1., -1., -1.]), fillColorSpace='rgb', fillRGB=array([-1., -1., -1.]), interpolate=True, lineColor=array([1., 1., 1.]), lineColorSpace='rgb', lineRGB=array([1., 1., 1.]), lineWidth=1, name='cB_4', opacity=1.0, ori=array(0.), pos=array([0., 0.]), size=array([1., 1.]), units='height', vertices=ndarray(...), win=Window(...))
5.9495 	EXP 	Created text_1 = TextStim(__class__=<class 'psychopy.visual.text.TextStim'>, alignHoriz='center', alignVert='center', antialias=True, autoLog=True, bold=False, color='white', colorSpace='named', contrast=1.0, depth=-1.0, flipHoriz=False, flipVert=False, font='Arial', fontFiles=[], height=0.03, italic=False, languageStyle='LTR', name='text_1', opacity=1.0, ori=0, pos=array([0., 0.]), rgb=array([255., 255., 255.]), text='connecting      ', units='height', win=Window(...), wrapWidth=1)
5.9545 	EXP 	Created text_2 = TextStim(__class__=<class 'psychopy.visual.text.TextStim'>, alignHoriz='center', alignVert='center', antialias=True, autoLog=True, bold=False, color='white', colorSpace='named', contrast=1.0, depth=-2.0, flipHoriz=False, flipVert=False, font='Arial', fontFiles=[], height=0.03, italic=False, languageStyle='LTR', name='text_2', opacity=1.0, ori=0, pos=array([0., 0.]), rgb=array([255., 255., 255.]), text='connecting .    ', units='height', win=Window(...), wrapWidth=1)
5.9594 	EXP 	Created text_3 = TextStim(__class__=<class 'psychopy.visual.text.TextStim'>, alignHoriz='center', alignVert='center', antialias=True, autoLog=True, bold=False, color='white', colorSpace='named', contrast=1.0, depth=-3.0, flipHoriz=False, flipVert=False, font='Arial', fontFiles=[], height=0.03, italic=False, languageStyle='LTR', name='text_3', opacity=1.0, ori=0, pos=array([0., 0.]), rgb=array([255., 255., 255.]), text='connecting . .  ', units='height', win=Window(...), wrapWidth=1)
5.9651 	EXP 	Created text_4 = TextStim(__class__=<class 'psychopy.visual.text.TextStim'>, alignHoriz='center', alignVert='center', antialias=True, autoLog=True, bold=False, color='white', colorSpace='named', contrast=1.0, depth=-4.0, flipHoriz=False, flipVert=False, font='Arial', fontFiles=[], height=0.03, italic=False, languageStyle='LTR', name='text_4', opacity=1.0, ori=0, pos=array([0., 0.]), rgb=array([255., 255., 255.]), text='connecting . . .', units='height', win=Window(...), wrapWidth=1)
5.9665 	EXP 	Created cB_5 = Rect(__class__=<class 'psychopy.visual.rect.Rect'>, autoDraw=False, autoLog=True, closeShape=True, color=method-wrapper(...), colorSpace=None, contrast=1.0, depth=0.0, fillColor=array([-1., -1., -1.]), fillColorSpace='rgb', fillRGB=array([-1., -1., -1.]), interpolate=True, lineColor=array([1., 1., 1.]), lineColorSpace='rgb', lineRGB=array([1., 1., 1.]), lineWidth=1, name='cB_5', opacity=1.0, ori=array(0.), pos=array([0., 0.]), size=array([1., 1.]), units='height', vertices=ndarray(...), win=Window(...))
5.9702 	EXP 	Created idle = TextStim(__class__=<class 'psychopy.visual.text.TextStim'>, alignHoriz='center', alignVert='center', antialias=True, autoLog=True, bold=False, color='white', colorSpace='named', contrast=1.0, depth=-1.0, flipHoriz=False, flipVert=False, font='Arial', fontFiles=[], height=0.03, italic=False, languageStyle='LTR', name='idle', opacity=1.0, ori=0, pos=array([0., 0.]), rgb=array([255., 255., 255.]), text='found', units='height', win=Window(...), wrapWidth=1)
5.9749 	EXP 	Created idle_2 = TextStim(__class__=<class 'psychopy.visual.text.TextStim'>, alignHoriz='center', alignVert='center', antialias=True, autoLog=True, bold=False, color='white', colorSpace='named', contrast=1.0, depth=-2.0, flipHoriz=False, flipVert=False, font='Arial', fontFiles=[], height=0.03, italic=False, languageStyle='LTR', name='idle_2', opacity=1.0, ori=0, pos=array([0., 0.]), rgb=array([255., 255., 255.]), text='init proc     ', units='height', win=Window(...), wrapWidth=1)
5.9819 	EXP 	Created idle_3 = TextStim(__class__=<class 'psychopy.visual.text.TextStim'>, alignHoriz='center', alignVert='center', antialias=True, autoLog=True, bold=False, color='white', colorSpace='named', contrast=1.0, depth=-3.0, flipHoriz=False, flipVert=False, font='Arial', fontFiles=[], height=0.03, italic=False, languageStyle='LTR', name='idle_3', opacity=1.0, ori=0, pos=array([0., 0.]), rgb=array([255., 255., 255.]), text='init proc 2141', units='height', win=Window(...), wrapWidth=1)
5.9872 	EXP 	Created idle_4 = TextStim(__class__=<class 'psychopy.visual.text.TextStim'>, alignHoriz='center', alignVert='center', antialias=True, autoLog=True, bold=False, color='white', colorSpace='named', contrast=1.0, depth=-4.0, flipHoriz=False, flipVert=False, font='Arial', fontFiles=[], height=0.03, italic=False, languageStyle='LTR', name='idle_4', opacity=1.0, ori=0, pos=array([0., 0.]), rgb=array([255., 255., 255.]), text='init proc 2215', units='height', win=Window(...), wrapWidth=1)
5.9945 	EXP 	Created idle_5 = TextStim(__class__=<class 'psychopy.visual.text.TextStim'>, alignHoriz='center', alignVert='center', antialias=True, autoLog=True, bold=False, color='white', colorSpace='named', contrast=1.0, depth=-5.0, flipHoriz=False, flipVert=False, font='Arial', fontFiles=[], height=0.03, italic=False, languageStyle='LTR', name='idle_5', opacity=1.0, ori=0, pos=array([0., 0.]), rgb=array([255., 255., 255.]), text='init proc 3229', units='height', win=Window(...), wrapWidth=1)
5.9999 	EXP 	Created idle_6 = TextStim(__class__=<class 'psychopy.visual.text.TextStim'>, alignHoriz='center', alignVert='center', antialias=True, autoLog=True, bold=False, color='white', colorSpace='named', contrast=1.0, depth=-6.0, flipHoriz=False, flipVert=False, font='Arial', fontFiles=[], height=0.03, italic=False, languageStyle='LTR', name='idle_6', opacity=1.0, ori=0, pos=array([0., 0.]), rgb=array([255., 255., 255.]), text='init proc 4325', units='height', win=Window(...), wrapWidth=1)
6.0050 	EXP 	Created idle_7 = TextStim(__class__=<class 'psychopy.visual.text.TextStim'>, alignHoriz='center', alignVert='center', antialias=True, autoLog=True, bold=False, color='white', colorSpace='named', contrast=1.0, depth=-7.0, flipHoriz=False, flipVert=False, font='Arial', fontFiles=[], height=0.03, italic=False, languageStyle='LTR', name='idle_7', opacity=1.0, ori=0, pos=array([0., 0.]), rgb=array([255., 255., 255.]), text='init proc 1337', units='height', win=Window(...), wrapWidth=1)
6.0098 	EXP 	Created ilde_8 = TextStim(__class__=<class 'psychopy.visual.text.TextStim'>, alignHoriz='center', alignVert='center', antialias=True, autoLog=True, bold=False, color='white', colorSpace='named', contrast=1.0, depth=-8.0, flipHoriz=False, flipVert=False, font='Arial', fontFiles=[], height=0.03, italic=False, languageStyle='LTR', name='ilde_8', opacity=1.0, ori=0, pos=array([0., 0.]), rgb=array([255., 255., 255.]), text='buffering      ', units='height', win=Window(...), wrapWidth=1)
6.0147 	EXP 	Created idle_9 = TextStim(__class__=<class 'psychopy.visual.text.TextStim'>, alignHoriz='center', alignVert='center', antialias=True, autoLog=True, bold=False, color='white', colorSpace='named', contrast=1.0, depth=-9.0, flipHoriz=False, flipVert=False, font='Arial', fontFiles=[], height=0.03, italic=False, languageStyle='LTR', name='idle_9', opacity=1.0, ori=0, pos=array([0., 0.]), rgb=array([255., 255., 255.]), text='buffering .    ', units='height', win=Window(...), wrapWidth=1)
6.0194 	EXP 	Created idle_10 = TextStim(__class__=<class 'psychopy.visual.text.TextStim'>, alignHoriz='center', alignVert='center', antialias=True, autoLog=True, bold=False, color='white', colorSpace='named', contrast=1.0, depth=-10.0, flipHoriz=False, flipVert=False, font='Arial', fontFiles=[], height=0.03, italic=False, languageStyle='LTR', name='idle_10', opacity=1.0, ori=0, pos=array([0., 0.]), rgb=array([255., 255., 255.]), text='buffering . .  ', units='height', win=Window(...), wrapWidth=1)
6.0249 	EXP 	Created idle_11 = TextStim(__class__=<class 'psychopy.visual.text.TextStim'>, alignHoriz='center', alignVert='center', antialias=True, autoLog=True, bold=False, color='white', colorSpace='named', contrast=1.0, depth=-11.0, flipHoriz=False, flipVert=False, font='Arial', fontFiles=[], height=0.03, italic=False, languageStyle='LTR', name='idle_11', opacity=1.0, ori=0, pos=array([0., 0.]), rgb=array([255., 255., 255.]), text='buffering . . .', units='height', win=Window(...), wrapWidth=1)
6.0339 	EXP 	Created idle_12 = TextStim(__class__=<class 'psychopy.visual.text.TextStim'>, alignHoriz='center', alignVert='center', antialias=True, autoLog=True, bold=False, color='white', colorSpace='named', contrast=1.0, depth=-12.0, flipHoriz=False, flipVert=False, font='Arial', fontFiles=[], height=0.03, italic=False, languageStyle='LTR', name='idle_12', opacity=1.0, ori=0, pos=array([0., 0.]), rgb=array([255., 255., 255.]), text='run /serv/234_1/sd connect', units='height', win=Window(...), wrapWidth=1)
6.0354 	EXP 	Created cB_6 = Rect(__class__=<class 'psychopy.visual.rect.Rect'>, autoDraw=False, autoLog=True, closeShape=True, color=method-wrapper(...), colorSpace=None, contrast=1.0, depth=-1.0, fillColor=array([-1., -1., -1.]), fillColorSpace='rgb', fillRGB=array([-1., -1., -1.]), interpolate=True, lineColor=array([1., 1., 1.]), lineColorSpace='rgb', lineRGB=array([1., 1., 1.]), lineWidth=1, name='cB_6', opacity=1.0, ori=array(0.), pos=array([0., 0.]), size=array([1., 1.]), units='height', vertices=ndarray(...), win=Window(...))
6.0407 	EXP 	Created sBInstructions = TextStim(__class__=<class 'psychopy.visual.text.TextStim'>, alignHoriz='center', alignVert='center', antialias=True, autoLog=True, bold=False, color='white', colorSpace='named', contrast=1.0, depth=-2.0, flipHoriz=False, flipVert=False, font='Arial', fontFiles=[], height=0.03, italic=False, languageStyle='LTR', name='sBInstructions', opacity=1.0, ori=0, pos=array([0., 0.]), rgb=array([255., 255., 255.]), text='default text', units='height', win=Window(...), wrapWidth=1)
6.0423 	EXP 	Created cB_8 = Rect(__class__=<class 'psychopy.visual.rect.Rect'>, autoDraw=False, autoLog=True, closeShape=True, color=method-wrapper(...), colorSpace=None, contrast=1.0, depth=0.0, fillColor=array([-1., -1., -1.]), fillColorSpace='rgb', fillRGB=array([-1., -1., -1.]), interpolate=True, lineColor=array([1., 1., 1.]), lineColorSpace='rgb', lineRGB=array([1., 1., 1.]), lineWidth=1, name='cB_8', opacity=1.0, ori=array(0.), pos=array([0., 0.]), size=array([1., 1.]), units='height', vertices=ndarray(...), win=Window(...))
6.0574 	EXP 	Created text = TextStim(__class__=<class 'psychopy.visual.text.TextStim'>, alignHoriz='center', alignVert='center', antialias=True, autoLog=True, bold=False, color='white', colorSpace='named', contrast=1.0, depth=-1.0, flipHoriz=False, flipVert=False, font='Arial', fontFiles=[], height=0.05, italic=False, languageStyle='LTR', name='text', opacity=1.0, ori=0, pos=array([0., 0.]), rgb=array([255., 255., 255.]), text='default text', units='height', win=Window(...), wrapWidth=1)
6.0631 	EXP 	Created imagesbRnd = ImageStim(__class__=<class 'psychopy.visual.image.ImageStim'>, autoLog=True, color=array([1., 1., 1.]), colorSpace='rgb', contrast=1.0, depth=-2.0, flipHoriz=False, flipVert=False, image='sin', interpolate=True, mask=None, maskParams=None, name='imagesbRnd', opacity=1.0, ori=0.0, pos=array([0.  , 0.25]), size=array([0.2, 0.2]), texRes=128, units='height', win=Window(...))
6.1310 	EXP 	Created sbChoice = RatingScale(__class__=type(...), acceptKeys=['return'], acceptPreText=UNKNOWN, acceptSize=UNKNOWN, acceptText='accept?', autoLog=True, choices=list(...), depth=0, disappear=False, flipVert=False, high=10, kwargs=UNKNOWN, labels=list(...), leftKeys=['left'], lineColor='White', low=0, marker=ShapeStim(...), markerColor='DarkBlue', markerExpansion=UNKNOWN, markerStart=5.0, maxTime=0.0, minTime=0.4, mouseOnly=False, name='sbChoice', noMouse=False, pos=[0.0, -0.4], precision=1, respKeys=[], rightKeys=['right'], scale='<default>', self=UNKNOWN, showAccept=True, showValue=True, singleClick=False, size=0.6, skipKeys=['tab'], stretch=1.0, textColor='LightGray', textFont='Helvetica Bold', textSize=0.12, tickHeight=-1, tickMarks=10.0, win=Window(...))
6.1502 	EXP 	Created text_6 = TextStim(__class__=<class 'psychopy.visual.text.TextStim'>, alignHoriz='center', alignVert='center', antialias=True, autoLog=True, bold=False, color='white', colorSpace='named', contrast=1.0, depth=-5.0, flipHoriz=False, flipVert=False, font='Arial', fontFiles=[], height=0.025, italic=False, languageStyle='LTR', name='text_6', opacity=1.0, ori=0, pos=array([ 0. , -0.1]), rgb=array([255., 255., 255.]), text=' How much do you want to invest?', units='height', win=Window(...), wrapWidth=1)
6.1517 	EXP 	Created cB_9 = Rect(__class__=<class 'psychopy.visual.rect.Rect'>, autoDraw=False, autoLog=True, closeShape=True, color=method-wrapper(...), colorSpace=None, contrast=1.0, depth=-1.0, fillColor=array([-1., -1., -1.]), fillColorSpace='rgb', fillRGB=array([-1., -1., -1.]), interpolate=True, lineColor=array([1., 1., 1.]), lineColorSpace='rgb', lineRGB=array([1., 1., 1.]), lineWidth=1, name='cB_9', opacity=1.0, ori=array(0.), pos=array([0., 0.]), size=array([1., 1.]), units='height', vertices=ndarray(...), win=Window(...))
6.1587 	EXP 	Created text_7 = TextStim(__class__=<class 'psychopy.visual.text.TextStim'>, alignHoriz='center', alignVert='center', antialias=True, autoLog=True, bold=False, color='white', colorSpace='named', contrast=1.0, depth=-2.0, flipHoriz=False, flipVert=False, font='Arial', fontFiles=[], height=0.04, italic=False, languageStyle='LTR', name='text_7', opacity=1.0, ori=0, pos=array([0., 0.]), rgb=array([255., 255., 255.]), text='default text', units='height', win=Window(...), wrapWidth=1)
6.1601 	EXP 	Created cbFb = Rect(__class__=<class 'psychopy.visual.rect.Rect'>, autoDraw=False, autoLog=True, closeShape=True, color=method-wrapper(...), colorSpace=None, contrast=1.0, depth=-1.0, fillColor=array([-1., -1., -1.]), fillColorSpace='rgb', fillRGB=array([-1., -1., -1.]), interpolate=True, lineColor=array([1., 1., 1.]), lineColorSpace='rgb', lineRGB=array([1., 1., 1.]), lineWidth=1, name='cbFb', opacity=1.0, ori=array(0.), pos=array([0., 0.]), size=array([1., 1.]), units='height', vertices=ndarray(...), win=Window(...))
6.1654 	EXP 	Created textFb = TextStim(__class__=<class 'psychopy.visual.text.TextStim'>, alignHoriz='center', alignVert='center', antialias=True, autoLog=True, bold=False, color='white', colorSpace='named', contrast=1.0, depth=-2.0, flipHoriz=False, flipVert=False, font='Arial', fontFiles=[], height=0.03, italic=False, languageStyle='LTR', name='textFb', opacity=1.0, ori=0, pos=array([0., 0.]), rgb=array([255., 255., 255.]), text='default text', units='height', win=Window(...), wrapWidth=1)
6.1669 	EXP 	Created cbBuf = Rect(__class__=<class 'psychopy.visual.rect.Rect'>, autoDraw=False, autoLog=True, closeShape=True, color=method-wrapper(...), colorSpace=None, contrast=1.0, depth=0.0, fillColor=array([-1., -1., -1.]), fillColorSpace='rgb', fillRGB=array([-1., -1., -1.]), interpolate=True, lineColor=array([1., 1., 1.]), lineColorSpace='rgb', lineRGB=array([1., 1., 1.]), lineWidth=1, name='cbBuf', opacity=1.0, ori=array(0.), pos=array([0., 0.]), size=array([1., 1.]), units='height', vertices=ndarray(...), win=Window(...))
6.1686 	EXP 	Created fixCross = ShapeStim(__class__=<class 'psychopy.visual.shape.ShapeStim'>, autoDraw=False, autoLog=True, closeShape=True, contrast=1.0, depth=-1.0, fillColor=array([1., 1., 1.]), fillColorSpace='rgb', interpolate=True, lineColor=array([1., 1., 1.]), lineColorSpace='rgb', lineWidth=1, name='fixCross', opacity=1.0, ori=array(0.), pos=array([0., 0.]), size=array([0.1, 0.1]), units='height', vertices=ndarray(...), win=Window(...), windingRule=None)
6.1700 	EXP 	Created cB_11 = Rect(__class__=<class 'psychopy.visual.rect.Rect'>, autoDraw=False, autoLog=True, closeShape=True, color=method-wrapper(...), colorSpace=None, contrast=1.0, depth=0.0, fillColor=array([-1., -1., -1.]), fillColorSpace='rgb', fillRGB=array([-1., -1., -1.]), interpolate=True, lineColor=array([1., 1., 1.]), lineColorSpace='rgb', lineRGB=array([1., 1., 1.]), lineWidth=1, name='cB_11', opacity=1.0, ori=array(0.), pos=array([0., 0.]), size=array([1., 1.]), units='height', vertices=ndarray(...), win=Window(...))
6.1908 	EXP 	Created rating = RatingScale(__class__=type(...), acceptKeys=['return'], acceptPreText=UNKNOWN, acceptSize=UNKNOWN, acceptText='accept?', autoLog=True, choices=False, depth=0, disappear=False, flipVert=False, high=7, kwargs=UNKNOWN, labels=list(...), leftKeys=['left'], lineColor='White', low=1, marker=ShapeStim(...), markerColor='DarkBlue', markerExpansion=UNKNOWN, markerStart=None, maxTime=0.0, minTime=0.4, mouseOnly=False, name='rating', noMouse=False, pos=[0.0, -0.4], precision=1, respKeys=['1', '2', '3', '4', '5', '6', '7'], rightKeys=['right'], scale='', self=UNKNOWN, showAccept=True, showValue=True, singleClick=False, size=0.6, skipKeys=['tab'], stretch=1.0, textColor='LightGray', textFont='Helvetica Bold', textSize=0.12, tickHeight=1.0, tickMarks=6.0, win=Window(...))
6.1923 	EXP 	Created cB_9 = Rect(__class__=<class 'psychopy.visual.rect.Rect'>, autoDraw=False, autoLog=True, closeShape=True, color=method-wrapper(...), colorSpace=None, contrast=1.0, depth=-1.0, fillColor=array([-1., -1., -1.]), fillColorSpace='rgb', fillRGB=array([-1., -1., -1.]), interpolate=True, lineColor=array([1., 1., 1.]), lineColorSpace='rgb', lineRGB=array([1., 1., 1.]), lineWidth=1, name='cB_9', opacity=1.0, ori=array(0.), pos=array([0., 0.]), size=array([1., 1.]), units='height', vertices=ndarray(...), win=Window(...))
6.1978 	EXP 	Created text_7 = TextStim(__class__=<class 'psychopy.visual.text.TextStim'>, alignHoriz='center', alignVert='center', antialias=True, autoLog=True, bold=False, color='white', colorSpace='named', contrast=1.0, depth=-2.0, flipHoriz=False, flipVert=False, font='Arial', fontFiles=[], height=0.04, italic=False, languageStyle='LTR', name='text_7', opacity=1.0, ori=0, pos=array([0., 0.]), rgb=array([255., 255., 255.]), text='default text', units='height', win=Window(...), wrapWidth=1)
6.1993 	EXP 	Created cbBuf = Rect(__class__=<class 'psychopy.visual.rect.Rect'>, autoDraw=False, autoLog=True, closeShape=True, color=method-wrapper(...), colorSpace=None, contrast=1.0, depth=0.0, fillColor=array([-1., -1., -1.]), fillColorSpace='rgb', fillRGB=array([-1., -1., -1.]), interpolate=True, lineColor=array([1., 1., 1.]), lineColorSpace='rgb', lineRGB=array([1., 1., 1.]), lineWidth=1, name='cbBuf', opacity=1.0, ori=array(0.), pos=array([0., 0.]), size=array([1., 1.]), units='height', vertices=ndarray(...), win=Window(...))
6.2009 	EXP 	Created fixCross = ShapeStim(__class__=<class 'psychopy.visual.shape.ShapeStim'>, autoDraw=False, autoLog=True, closeShape=True, contrast=1.0, depth=-1.0, fillColor=array([1., 1., 1.]), fillColorSpace='rgb', interpolate=True, lineColor=array([1., 1., 1.]), lineColorSpace='rgb', lineWidth=1, name='fixCross', opacity=1.0, ori=array(0.), pos=array([0., 0.]), size=array([0.1, 0.1]), units='height', vertices=ndarray(...), win=Window(...), windingRule=None)
6.2023 	EXP 	Created cB_10 = Rect(__class__=<class 'psychopy.visual.rect.Rect'>, autoDraw=False, autoLog=True, closeShape=True, color=method-wrapper(...), colorSpace=None, contrast=1.0, depth=0.0, fillColor=array([-1., -1., -1.]), fillColorSpace='rgb', fillRGB=array([-1., -1., -1.]), interpolate=True, lineColor=array([1., 1., 1.]), lineColorSpace='rgb', lineRGB=array([1., 1., 1.]), lineWidth=1, name='cB_10', opacity=1.0, ori=array(0.), pos=array([0., 0.]), size=array([1., 1.]), units='height', vertices=ndarray(...), win=Window(...))
6.2197 	EXP 	Created sbEndText = TextStim(__class__=<class 'psychopy.visual.text.TextStim'>, alignHoriz='center', alignVert='center', antialias=True, autoLog=True, bold=False, color='white', colorSpace='named', contrast=1.0, depth=-1.0, flipHoriz=False, flipVert=False, font='Arial', fontFiles=[], height=0.04, italic=False, languageStyle='LTR', name='sbEndText', opacity=1.0, ori=0, pos=array([0., 0.]), rgb=array([255., 255., 255.]), text=str(...), units='height', win=Window(...), wrapWidth=1)
6.2457 	EXP 	sbChoice: flipVert = False
6.2457 	EXP 	sbChoice: autoLog = True
6.2457 	EXP 	rating: flipVert = False
6.2457 	EXP 	rating: autoLog = True
6.2457 	EXP 	cB_1: autoDraw = True
6.2457 	EXP 	textWelcome: autoDraw = True
7.9537 	DATA 	Keypress: return
9.4056 	DATA 	Keypress: return
9.4220 	EXP 	cB_1: autoDraw = False
9.4220 	EXP 	textWelcome: autoDraw = False
9.4220 	EXP 	cB_2: autoDraw = True
9.4220 	EXP 	textInstructions: autoDraw = True
14.2088 	DATA 	Keypress: c
14.2255 	EXP 	cB_2: autoDraw = False
14.2255 	EXP 	textInstructions: autoDraw = False
14.2255 	EXP 	cB_12: autoDraw = True
14.2255 	EXP 	textInstructions_2: autoDraw = True
16.5660 	DATA 	Keypress: c
16.5828 	EXP 	cB_12: autoDraw = False
16.5828 	EXP 	textInstructions_2: autoDraw = False
16.5828 	EXP 	text: text = ''
16.5828 	EXP 	cB: autoDraw = True
16.5828 	EXP 	displayText: autoDraw = True
16.5828 	EXP 	copyText: autoDraw = True
18.9815 	DATA 	Keypress: lshift
18.9976 	EXP 	copyText: text = ''
19.2025 	DATA 	Keypress: r
19.2209 	EXP 	text: text = 'R'
19.2209 	EXP 	copyText: text = 'R'
19.4246 	DATA 	Keypress: o
19.4438 	EXP 	text: text = 'Ro'
19.4438 	EXP 	copyText: text = 'Ro'
19.6287 	DATA 	Keypress: n
19.6465 	EXP 	text: text = 'Ron'
19.6465 	EXP 	copyText: text = 'Ron'
19.7644 	DATA 	Keypress: n
19.7813 	EXP 	text: text = 'Ronn'
19.7813 	EXP 	copyText: text = 'Ronn'
19.8497 	DATA 	Keypress: y
19.8694 	EXP 	text: text = 'Ronny'
19.8694 	EXP 	copyText: text = 'Ronny'
20.3779 	DATA 	Keypress: return
20.3945 	EXP 	copyText: text = 'Ronny'
20.3945 	EXP 	cB: autoDraw = False
20.3945 	EXP 	displayText: autoDraw = False
20.3945 	EXP 	copyText: autoDraw = False
20.3945 	EXP 	cB_3: autoDraw = True
20.3945 	EXP 	textServer: autoDraw = True
24.9605 	DATA 	Keypress: c
24.9610 	EXP 	Created sequence: sequential, trialTypes=1, nReps=5, seed=None
24.9613 	EXP 	New trial (rep=0, index=0): None
24.9772 	EXP 	cB_3: autoDraw = False
24.9772 	EXP 	textServer: autoDraw = False
24.9772 	EXP 	cB_4: autoDraw = True
24.9772 	EXP 	text_1: autoDraw = True
25.9550 	EXP 	text_2: autoDraw = True
25.9884 	EXP 	text_1: autoDraw = False
26.4488 	EXP 	text_3: autoDraw = True
26.4668 	EXP 	text_2: autoDraw = False
26.9461 	EXP 	text_4: autoDraw = True
26.9639 	EXP 	text_3: autoDraw = False
27.4608 	EXP 	text_4: autoDraw = False
27.4626 	EXP 	New trial (rep=1, index=0): None
27.4781 	EXP 	cB_4: autoDraw = False
27.4781 	EXP 	text_1: autoDraw = False
27.4781 	EXP 	text_2: autoDraw = False
27.4781 	EXP 	text_3: autoDraw = False
27.4781 	EXP 	text_4: autoDraw = False
27.4781 	EXP 	cB_4: autoDraw = True
27.4781 	EXP 	text_1: autoDraw = True
28.4544 	EXP 	text_2: autoDraw = True
28.4884 	EXP 	text_1: autoDraw = False
28.9523 	EXP 	text_3: autoDraw = True
28.9694 	EXP 	text_2: autoDraw = False
29.4625 	EXP 	text_3: autoDraw = False
29.4625 	EXP 	text_4: autoDraw = True
29.9621 	EXP 	New trial (rep=2, index=0): None
29.9776 	EXP 	cB_4: autoDraw = False
29.9776 	EXP 	text_1: autoDraw = False
29.9776 	EXP 	text_2: autoDraw = False
29.9776 	EXP 	text_3: autoDraw = False
29.9776 	EXP 	text_4: autoDraw = False
29.9776 	EXP 	cB_4: autoDraw = True
29.9776 	EXP 	text_1: autoDraw = True
30.9557 	EXP 	text_2: autoDraw = True
30.9896 	EXP 	text_1: autoDraw = False
31.4535 	EXP 	text_3: autoDraw = True
31.4703 	EXP 	text_2: autoDraw = False
31.9486 	EXP 	text_4: autoDraw = True
31.9656 	EXP 	text_3: autoDraw = False
32.4584 	EXP 	text_4: autoDraw = False
32.4767 	EXP 	New trial (rep=3, index=0): None
32.4925 	EXP 	cB_4: autoDraw = False
32.4925 	EXP 	text_1: autoDraw = False
32.4925 	EXP 	text_2: autoDraw = False
32.4925 	EXP 	text_3: autoDraw = False
32.4925 	EXP 	text_4: autoDraw = False
32.4925 	EXP 	cB_4: autoDraw = True
32.4925 	EXP 	text_1: autoDraw = True
33.4635 	EXP 	text_2: autoDraw = True
33.4976 	EXP 	text_1: autoDraw = False
33.9758 	EXP 	text_2: autoDraw = False
33.9758 	EXP 	text_3: autoDraw = True
34.4721 	EXP 	text_4: autoDraw = True
34.4890 	EXP 	text_3: autoDraw = False
34.9668 	EXP 	New trial (rep=4, index=0): None
34.9822 	EXP 	cB_4: autoDraw = False
34.9822 	EXP 	text_1: autoDraw = False
34.9822 	EXP 	text_2: autoDraw = False
34.9822 	EXP 	text_3: autoDraw = False
34.9822 	EXP 	text_4: autoDraw = False
34.9822 	EXP 	cB_4: autoDraw = True
34.9822 	EXP 	text_1: autoDraw = True
35.9583 	EXP 	text_2: autoDraw = True
35.9922 	EXP 	text_1: autoDraw = False
36.4551 	EXP 	text_3: autoDraw = True
36.4720 	EXP 	text_2: autoDraw = False
36.9522 	EXP 	text_4: autoDraw = True
36.9691 	EXP 	text_3: autoDraw = False
37.4508 	EXP 	text_4: autoDraw = False
37.4846 	EXP 	cB_4: autoDraw = False
37.4846 	EXP 	text_1: autoDraw = False
37.4846 	EXP 	text_2: autoDraw = False
37.4846 	EXP 	text_3: autoDraw = False
37.4846 	EXP 	text_4: autoDraw = False
37.4846 	EXP 	cB_5: autoDraw = True
37.6529 	EXP 	idle: autoDraw = True
37.9590 	EXP 	idle: autoDraw = False
37.9590 	EXP 	idle_2: autoDraw = True
38.1664 	EXP 	idle_2: autoDraw = False
38.1664 	EXP 	idle_3: autoDraw = True
38.2519 	EXP 	idle_3: autoDraw = False
38.2519 	EXP 	idle_4: autoDraw = True
38.4036 	EXP 	idle_4: autoDraw = False
38.4036 	EXP 	idle_5: autoDraw = True
38.5577 	EXP 	idle_5: autoDraw = False
38.5577 	EXP 	idle_6: autoDraw = True
38.7109 	EXP 	idle_6: autoDraw = False
38.7109 	EXP 	idle_7: autoDraw = True
38.8133 	EXP 	idle_7: autoDraw = False
38.8133 	EXP 	ilde_8: autoDraw = True
39.3098 	EXP 	ilde_8: autoDraw = False
39.3098 	EXP 	idle_9: autoDraw = True
39.8048 	EXP 	idle_10: autoDraw = True
39.8219 	EXP 	idle_9: autoDraw = False
40.3013 	EXP 	idle_11: autoDraw = True
40.3180 	EXP 	idle_10: autoDraw = False
40.8117 	EXP 	idle_11: autoDraw = False
40.8117 	EXP 	idle_12: autoDraw = True
40.9667 	EXP 	idle_12: autoDraw = False
41.5452 	EXP 	cB_5: autoDraw = False
41.5452 	EXP 	idle: autoDraw = False
41.5452 	EXP 	idle_2: autoDraw = False
41.5452 	EXP 	idle_3: autoDraw = False
41.5452 	EXP 	idle_4: autoDraw = False
41.5452 	EXP 	idle_5: autoDraw = False
41.5452 	EXP 	idle_6: autoDraw = False
41.5452 	EXP 	idle_7: autoDraw = False
41.5452 	EXP 	ilde_8: autoDraw = False
41.5452 	EXP 	idle_9: autoDraw = False
41.5452 	EXP 	idle_10: autoDraw = False
41.5452 	EXP 	idle_11: autoDraw = False
41.5452 	EXP 	idle_12: autoDraw = False
41.5452 	EXP 	sBInstructions: text = "Hi Ronny!\nYou are now ready to start with the experiment. \n\nOn the next screens you will make decisions on how to engage with other players.\n\n\nMake a choice using your 'left' or 'right' keys and confirm with 'enter'\n\nNote, all decisions (yours and others) happen simultaneously, and not in response to each other.\n\nPress 'c' to begin.\n"
41.5452 	EXP 	cB_6: autoDraw = True
41.7344 	EXP 	sBInstructions: autoDraw = True
59.0558 	DATA 	Keypress: c
59.0955 	EXP 	Imported contitions.xlsx as conditions, 19 conditions, 6 params
59.0959 	EXP 	Created sequence: random, trialTypes=19, nReps=2, seed=None
59.0963 	EXP 	New trial (rep=0, index=0): OrderedDict([('playerAn', 'PlayerA'), ('playerId', 'Paul'), ('avatarFile', 'images/avatar1.jpg'), ('choiceLabel', 'reciprocate'), ('actionLabel', 1), ('actionRound', 1)])
59.1105 	EXP 	Imported contitions.xlsx as conditions, 19 conditions, 6 params
59.1108 	EXP 	Created sequence: random, trialTypes=19, nReps=2, seed=None
59.1111 	EXP 	New trial (rep=0, index=0): OrderedDict([('playerAn', 'PlayerB'), ('playerId', 'Lukas'), ('avatarFile', 'images/avatar2.jpg'), ('choiceLabel', 'keep the investment'), ('actionLabel', 0), ('actionRound', 1)])
59.1634 	EXP 	RatingScale sbChoice: reset()
59.1907 	EXP 	cB_6: autoDraw = False
59.1907 	EXP 	sBInstructions: autoDraw = False
59.1907 	EXP 	text: text = 'This round you are playing with Lukas!'
59.1907 	EXP 	imagesbRnd: image = 'images/avatar2.jpg'
59.1907 	EXP 	cB_8: autoDraw = True
59.1907 	EXP 	text: autoDraw = True
59.1907 	EXP 	imagesbRnd: autoDraw = True
59.1907 	EXP 	sbChoice: autoDraw = True
59.1907 	EXP 	text_6: autoDraw = True
63.6010 	DATA 	Keypress: right
63.8232 	DATA 	Keypress: right
64.2549 	DATA 	Keypress: left
64.4552 	DATA 	Keypress: left
64.6282 	DATA 	Keypress: left
64.7641 	DATA 	Keypress: left
67.1896 	DATA 	Keypress: return
67.1898 	DATA 	RatingScale sbChoice: (key response) rating=3
67.1898 	DATA 	RatingScale sbChoice: rating RT=8.026
67.1898 	DATA 	RatingScale sbChoice: history=[('5', 0.0), ('6', 4.44), ('7', 4.663), ('6', 5.091), ('5', 5.295), ('4', 5.468), ('3', 5.604), ('3', 8.026)]
67.2237 	EXP 	cB_8: autoDraw = False
67.2237 	EXP 	text: autoDraw = False
67.2237 	EXP 	imagesbRnd: autoDraw = False
67.2237 	EXP 	sbChoice: autoDraw = False
67.2237 	EXP 	text_6: autoDraw = False
67.2237 	EXP 	text_7: text = 'waiting for other player'
67.2237 	EXP 	cB_9: autoDraw = True
67.2237 	EXP 	text_7: autoDraw = True
71.2435 	EXP 	cB_9: autoDraw = False
71.2435 	EXP 	text_7: autoDraw = False
71.2435 	EXP 	cB_9: autoDraw = False
71.2435 	EXP 	text_7: autoDraw = False
71.2435 	EXP 	textFb: text = 'Lukas has decided to return 3 credits back to you. This is a return of 100% Your gain for this round is 10 credits '
71.2435 	EXP 	cbFb: autoDraw = True
71.2435 	EXP 	textFb: autoDraw = True
74.2373 	EXP 	cbFb: autoDraw = False
74.2373 	EXP 	textFb: autoDraw = False
74.2373 	EXP 	cbBuf: autoDraw = True
74.4085 	EXP 	fixCross: autoDraw = True
74.9073 	EXP 	fixCross: autoDraw = False
75.1116 	EXP 	New trial (rep=0, index=1): OrderedDict([('playerAn', 'PlayerB'), ('playerId', 'Lukas'), ('avatarFile', 'images/avatar2.jpg'), ('choiceLabel', 'reciprocate'), ('actionLabel', 1), ('actionRound', 1)])
75.1383 	EXP 	RatingScale sbChoice: reset()
75.1617 	EXP 	cbBuf: autoDraw = False
75.1617 	EXP 	fixCross: autoDraw = False
75.1617 	EXP 	text: text = 'This round you are playing with Lukas!'
75.1617 	EXP 	imagesbRnd: image = 'images/avatar2.jpg'
75.1617 	EXP 	cB_8: autoDraw = True
75.1617 	EXP 	text: autoDraw = True
75.1617 	EXP 	imagesbRnd: autoDraw = True
75.1617 	EXP 	sbChoice: autoDraw = True
75.1617 	EXP 	text_6: autoDraw = True
76.0299 	DATA 	Keypress: right
76.1877 	DATA 	Keypress: right
76.4299 	DATA 	Keypress: return
76.4300 	DATA 	RatingScale sbChoice: (key response) rating=7
76.4301 	DATA 	RatingScale sbChoice: rating RT=1.291
76.4301 	DATA 	RatingScale sbChoice: history=[('5', 0.0), ('6', 0.894), ('7', 1.049), ('7', 1.291)]
76.4579 	EXP 	cB_8: autoDraw = False
76.4579 	EXP 	text: autoDraw = False
76.4579 	EXP 	imagesbRnd: autoDraw = False
76.4579 	EXP 	sbChoice: autoDraw = False
76.4579 	EXP 	text_6: autoDraw = False
76.4579 	EXP 	text_7: text = 'waiting for other player'
76.4579 	EXP 	cB_9: autoDraw = True
76.4579 	EXP 	text_7: autoDraw = True
80.4773 	EXP 	cB_9: autoDraw = False
80.4773 	EXP 	text_7: autoDraw = False
80.4773 	EXP 	cB_9: autoDraw = False
80.4773 	EXP 	text_7: autoDraw = False
80.4773 	EXP 	textFb: text = 'Lukas has decided to return 14 credits back to you. This is a return of 200% Your gain for this round is 17 credits '
80.4773 	EXP 	cbFb: autoDraw = True
80.4773 	EXP 	textFb: autoDraw = True
83.4726 	EXP 	cbFb: autoDraw = False
83.4726 	EXP 	textFb: autoDraw = False
83.4726 	EXP 	cbBuf: autoDraw = True
83.6440 	EXP 	fixCross: autoDraw = True
84.1561 	EXP 	fixCross: autoDraw = False
84.3451 	EXP 	New trial (rep=0, index=2): OrderedDict([('playerAn', 'PlayerA'), ('playerId', 'Paul'), ('avatarFile', 'images/avatar1.jpg'), ('choiceLabel', 'reciprocate'), ('actionLabel', 1), ('actionRound', 1)])
84.4545 	EXP 	RatingScale sbChoice: reset()
84.4801 	EXP 	cbBuf: autoDraw = False
84.4801 	EXP 	fixCross: autoDraw = False
84.4801 	EXP 	text: text = 'This round you are playing with Paul!'
84.4801 	EXP 	imagesbRnd: image = 'images/avatar1.jpg'
84.4801 	EXP 	cB_8: autoDraw = True
84.4801 	EXP 	text: autoDraw = True
84.4801 	EXP 	imagesbRnd: autoDraw = True
84.4801 	EXP 	sbChoice: autoDraw = True
84.4801 	EXP 	text_6: autoDraw = True
85.4046 	DATA 	Keypress: right
85.5730 	DATA 	Keypress: right
85.8487 	DATA 	Keypress: return
85.8488 	DATA 	RatingScale sbChoice: (key response) rating=7
85.8489 	DATA 	RatingScale sbChoice: rating RT=1.390
85.8489 	DATA 	RatingScale sbChoice: history=[('5', 0.0), ('6', 0.962), ('7', 1.118), ('7', 1.39)]
85.8792 	EXP 	cB_8: autoDraw = False
85.8792 	EXP 	text: autoDraw = False
85.8792 	EXP 	imagesbRnd: autoDraw = False
85.8792 	EXP 	sbChoice: autoDraw = False
85.8792 	EXP 	text_6: autoDraw = False
85.8792 	EXP 	text_7: text = 'waiting for other player'
85.8792 	EXP 	cB_9: autoDraw = True
85.8792 	EXP 	text_7: autoDraw = True
90.9042 	EXP 	cB_9: autoDraw = False
90.9042 	EXP 	text_7: autoDraw = False
90.9042 	EXP 	cB_9: autoDraw = False
90.9042 	EXP 	text_7: autoDraw = False
90.9042 	EXP 	textFb: text = 'Paul has decided to return 7 credits back to you. This is a return of 100% Your gain for this round is 10 credits '
90.9042 	EXP 	cbFb: autoDraw = True
90.9042 	EXP 	textFb: autoDraw = True
93.8976 	EXP 	cbFb: autoDraw = False
93.8976 	EXP 	textFb: autoDraw = False
93.8976 	EXP 	cbBuf: autoDraw = True
94.0696 	EXP 	fixCross: autoDraw = True
94.5848 	EXP 	fixCross: autoDraw = False
94.7878 	EXP 	New trial (rep=0, index=3): OrderedDict([('playerAn', 'PlayerB'), ('playerId', 'Lukas'), ('avatarFile', 'images/avatar2.jpg'), ('choiceLabel', 'keep the investment'), ('actionLabel', 0), ('actionRound', 1)])
94.8391 	EXP 	RatingScale sbChoice: reset()
94.8555 	EXP 	cbBuf: autoDraw = False
94.8555 	EXP 	fixCross: autoDraw = False
94.8555 	EXP 	text: text = 'This round you are playing with Lukas!'
94.8555 	EXP 	imagesbRnd: image = 'images/avatar2.jpg'
94.8555 	EXP 	cB_8: autoDraw = True
94.8555 	EXP 	text: autoDraw = True
94.8555 	EXP 	imagesbRnd: autoDraw = True
94.8555 	EXP 	sbChoice: autoDraw = True
94.8555 	EXP 	text_6: autoDraw = True
95.4719 	DATA 	Keypress: return
95.4721 	DATA 	RatingScale sbChoice: (key response) rating=5
95.4721 	DATA 	RatingScale sbChoice: rating RT=0.632
95.4721 	DATA 	RatingScale sbChoice: history=[('5', 0.0), ('5', 0.632)]
95.5025 	EXP 	cB_8: autoDraw = False
95.5025 	EXP 	text: autoDraw = False
95.5025 	EXP 	imagesbRnd: autoDraw = False
95.5025 	EXP 	sbChoice: autoDraw = False
95.5025 	EXP 	text_6: autoDraw = False
95.5025 	EXP 	text_7: text = 'waiting for other player'
95.5025 	EXP 	cB_9: autoDraw = True
95.5025 	EXP 	text_7: autoDraw = True
100.5291 	EXP 	cB_9: autoDraw = False
100.5291 	EXP 	text_7: autoDraw = False
100.5291 	EXP 	cB_9: autoDraw = False
100.5291 	EXP 	text_7: autoDraw = False
100.5291 	EXP 	textFb: text = 'Lukas has decided to return 0 credits back to you. This is a return of 0% Your gain for this round is 5 credits '
100.5291 	EXP 	cbFb: autoDraw = True
100.5291 	EXP 	textFb: autoDraw = True
103.5279 	EXP 	cbFb: autoDraw = False
103.5279 	EXP 	textFb: autoDraw = False
103.5279 	EXP 	cbBuf: autoDraw = True
103.6993 	EXP 	fixCross: autoDraw = True
104.1995 	EXP 	fixCross: autoDraw = False
104.4039 	EXP 	New trial (rep=0, index=4): OrderedDict([('playerAn', 'PlayerA'), ('playerId', 'Paul'), ('avatarFile', 'images/avatar1.jpg'), ('choiceLabel', 'keep the investment'), ('actionLabel', 0), ('actionRound', 1)])
104.4981 	EXP 	RatingScale sbChoice: reset()
104.5216 	EXP 	cbBuf: autoDraw = False
104.5216 	EXP 	fixCross: autoDraw = False
104.5216 	EXP 	text: text = 'This round you are playing with Paul!'
104.5216 	EXP 	imagesbRnd: image = 'images/avatar1.jpg'
104.5216 	EXP 	cB_8: autoDraw = True
104.5216 	EXP 	text: autoDraw = True
104.5216 	EXP 	imagesbRnd: autoDraw = True
104.5216 	EXP 	sbChoice: autoDraw = True
104.5216 	EXP 	text_6: autoDraw = True
105.2737 	DATA 	Keypress: right
105.5816 	DATA 	Keypress: return
105.5854 	DATA 	RatingScale sbChoice: (key response) rating=6
105.5854 	DATA 	RatingScale sbChoice: rating RT=1.083
105.5854 	DATA 	RatingScale sbChoice: history=[('5', 0.0), ('6', 0.775), ('6', 1.083)]
105.6150 	EXP 	cB_8: autoDraw = False
105.6150 	EXP 	text: autoDraw = False
105.6150 	EXP 	imagesbRnd: autoDraw = False
105.6150 	EXP 	sbChoice: autoDraw = False
105.6150 	EXP 	text_6: autoDraw = False
105.6150 	EXP 	text_7: text = 'waiting for other player'
105.6150 	EXP 	cB_9: autoDraw = True
105.6150 	EXP 	text_7: autoDraw = True
109.6342 	EXP 	cB_9: autoDraw = False
109.6342 	EXP 	text_7: autoDraw = False
109.6342 	EXP 	cB_9: autoDraw = False
109.6342 	EXP 	text_7: autoDraw = False
109.6342 	EXP 	textFb: text = 'Paul has decided to return 0 credits back to you. This is a return of 0% Your gain for this round is 4 credits '
109.6342 	EXP 	cbFb: autoDraw = True
109.6342 	EXP 	textFb: autoDraw = True
112.6247 	EXP 	cbFb: autoDraw = False
112.6247 	EXP 	textFb: autoDraw = False
112.6247 	EXP 	cbBuf: autoDraw = True
112.7979 	EXP 	fixCross: autoDraw = True
113.3087 	EXP 	fixCross: autoDraw = False
113.5154 	EXP 	New trial (rep=0, index=5): OrderedDict([('playerAn', 'PlayerB'), ('playerId', 'Lukas'), ('avatarFile', 'images/avatar2.jpg'), ('choiceLabel', 'reciprocate'), ('actionLabel', 1), ('actionRound', 1)])
113.5539 	EXP 	RatingScale sbChoice: reset()
113.5829 	EXP 	cbBuf: autoDraw = False
113.5829 	EXP 	fixCross: autoDraw = False
113.5829 	EXP 	text: text = 'This round you are playing with Lukas!'
113.5829 	EXP 	imagesbRnd: image = 'images/avatar2.jpg'
113.5829 	EXP 	cB_8: autoDraw = True
113.5829 	EXP 	text: autoDraw = True
113.5829 	EXP 	imagesbRnd: autoDraw = True
113.5829 	EXP 	sbChoice: autoDraw = True
113.5829 	EXP 	text_6: autoDraw = True
114.2651 	DATA 	Keypress: left
114.4695 	DATA 	Keypress: left
114.6238 	DATA 	Keypress: left
114.7960 	DATA 	Keypress: left
114.9313 	DATA 	Keypress: left
115.3239 	DATA 	Keypress: return
115.3277 	DATA 	RatingScale sbChoice: (key response) rating=0
115.3277 	DATA 	RatingScale sbChoice: rating RT=1.770
115.3278 	DATA 	RatingScale sbChoice: history=[('5', 0.0), ('4', 0.71), ('3', 0.915), ('2', 1.069), ('1', 1.242), ('0', 1.377), ('0', 1.77)]
115.3595 	EXP 	cB_8: autoDraw = False
115.3595 	EXP 	text: autoDraw = False
115.3595 	EXP 	imagesbRnd: autoDraw = False
115.3595 	EXP 	sbChoice: autoDraw = False
115.3595 	EXP 	text_6: autoDraw = False
115.3595 	EXP 	text_7: text = 'waiting for other player'
115.3595 	EXP 	cB_9: autoDraw = True
115.3595 	EXP 	text_7: autoDraw = True
117.3762 	EXP 	cB_9: autoDraw = False
117.3762 	EXP 	text_7: autoDraw = False
117.3762 	EXP 	cB_9: autoDraw = False
117.3762 	EXP 	text_7: autoDraw = False
117.3762 	EXP 	textFb: text = 'Lukas has decided to return 0 credits back to you. This is a return of 200% Your gain for this round is 10 credits '
117.3762 	EXP 	cbFb: autoDraw = True
117.3762 	EXP 	textFb: autoDraw = True
120.3670 	EXP 	cbFb: autoDraw = False
120.3670 	EXP 	textFb: autoDraw = False
120.3670 	EXP 	cbBuf: autoDraw = True
120.5388 	EXP 	fixCross: autoDraw = True
121.0518 	EXP 	fixCross: autoDraw = False
121.2580 	EXP 	New trial (rep=0, index=6): OrderedDict([('playerAn', 'PlayerA'), ('playerId', 'Paul'), ('avatarFile', 'images/avatar1.jpg'), ('choiceLabel', 'reciprocate'), ('actionLabel', 1), ('actionRound', 1)])
121.3594 	EXP 	RatingScale sbChoice: reset()
121.3786 	EXP 	cbBuf: autoDraw = False
121.3786 	EXP 	fixCross: autoDraw = False
121.3786 	EXP 	text: text = 'This round you are playing with Paul!'
121.3786 	EXP 	imagesbRnd: image = 'images/avatar1.jpg'
121.3786 	EXP 	cB_8: autoDraw = True
121.3786 	EXP 	text: autoDraw = True
121.3786 	EXP 	imagesbRnd: autoDraw = True
121.3786 	EXP 	sbChoice: autoDraw = True
121.3786 	EXP 	text_6: autoDraw = True
138.8221 	DATA 	Keypress: left
139.0080 	DATA 	Keypress: left
139.1462 	DATA 	Keypress: left
139.3667 	DATA 	Keypress: return
139.3705 	DATA 	RatingScale sbChoice: (key response) rating=2
139.3706 	DATA 	RatingScale sbChoice: rating RT=18.007
139.3706 	DATA 	RatingScale sbChoice: history=[('5', 0.0), ('4', 17.459), ('3', 17.648), ('2', 17.786), ('2', 18.007)]
139.4003 	EXP 	cB_8: autoDraw = False
139.4003 	EXP 	text: autoDraw = False
139.4003 	EXP 	imagesbRnd: autoDraw = False
139.4003 	EXP 	sbChoice: autoDraw = False
139.4003 	EXP 	text_6: autoDraw = False
139.4003 	EXP 	text_7: text = 'waiting for other player'
139.4003 	EXP 	cB_9: autoDraw = True
139.4003 	EXP 	text_7: autoDraw = True
142.4250 	EXP 	cB_9: autoDraw = False
142.4250 	EXP 	text_7: autoDraw = False
142.4250 	EXP 	cB_9: autoDraw = False
142.4250 	EXP 	text_7: autoDraw = False
142.4250 	EXP 	textFb: text = 'Paul has decided to return 2 credits back to you. This is a return of 100% Your gain for this round is 10 credits '
142.4250 	EXP 	cbFb: autoDraw = True
142.4250 	EXP 	textFb: autoDraw = True
145.4226 	EXP 	cbFb: autoDraw = False
145.4226 	EXP 	textFb: autoDraw = False
145.4226 	EXP 	cbBuf: autoDraw = True
145.5934 	EXP 	fixCross: autoDraw = True
146.1055 	EXP 	fixCross: autoDraw = False
146.2942 	EXP 	New trial (rep=0, index=7): OrderedDict([('playerAn', 'PlayerB'), ('playerId', 'Lukas'), ('avatarFile', 'images/avatar2.jpg'), ('choiceLabel', 'keep the investment'), ('actionLabel', 0), ('actionRound', 1)])
146.3307 	EXP 	RatingScale sbChoice: reset()
146.3503 	EXP 	cbBuf: autoDraw = False
146.3503 	EXP 	fixCross: autoDraw = False
146.3503 	EXP 	text: text = 'This round you are playing with Lukas!'
146.3503 	EXP 	imagesbRnd: image = 'images/avatar2.jpg'
146.3503 	EXP 	cB_8: autoDraw = True
146.3503 	EXP 	text: autoDraw = True
146.3503 	EXP 	imagesbRnd: autoDraw = True
146.3503 	EXP 	sbChoice: autoDraw = True
146.3503 	EXP 	text_6: autoDraw = True
146.9920 	DATA 	Keypress: left
147.1787 	DATA 	Keypress: left
147.3359 	DATA 	Keypress: left
147.5895 	DATA 	Keypress: return
147.5933 	DATA 	RatingScale sbChoice: (key response) rating=2
147.5933 	DATA 	RatingScale sbChoice: rating RT=1.259
147.5933 	DATA 	RatingScale sbChoice: history=[('5', 0.0), ('4', 0.661), ('3', 0.848), ('2', 1.001), ('2', 1.259)]
147.6223 	EXP 	cB_8: autoDraw = False
147.6223 	EXP 	text: autoDraw = False
147.6223 	EXP 	imagesbRnd: autoDraw = False
147.6223 	EXP 	sbChoice: autoDraw = False
147.6223 	EXP 	text_6: autoDraw = False
147.6223 	EXP 	text_7: text = 'waiting for other player'
147.6223 	EXP 	cB_9: autoDraw = True
147.6223 	EXP 	text_7: autoDraw = True
150.6532 	EXP 	cB_9: autoDraw = False
150.6532 	EXP 	text_7: autoDraw = False
150.6532 	EXP 	cB_9: autoDraw = False
150.6532 	EXP 	text_7: autoDraw = False
150.6532 	EXP 	textFb: text = 'Lukas has decided to return 2 credits back to you. This is a return of 100% Your gain for this round is 10 credits '
150.6532 	EXP 	cbFb: autoDraw = True
150.6532 	EXP 	textFb: autoDraw = True
153.6471 	EXP 	cbFb: autoDraw = False
153.6471 	EXP 	textFb: autoDraw = False
153.6471 	EXP 	cbBuf: autoDraw = True
153.8195 	EXP 	fixCross: autoDraw = True
154.3309 	EXP 	fixCross: autoDraw = False
154.5372 	EXP 	New trial (rep=0, index=8): OrderedDict([('playerAn', 'PlayerB'), ('playerId', 'Lukas'), ('avatarFile', 'images/avatar2.jpg'), ('choiceLabel', 'keep the investment'), ('actionLabel', 0), ('actionRound', 1)])
154.5559 	EXP 	RatingScale sbChoice: reset()
154.5706 	EXP 	cbBuf: autoDraw = False
154.5706 	EXP 	fixCross: autoDraw = False
154.5706 	EXP 	text: text = 'This round you are playing with Lukas!'
154.5706 	EXP 	imagesbRnd: image = 'images/avatar2.jpg'
154.5706 	EXP 	cB_8: autoDraw = True
154.5706 	EXP 	text: autoDraw = True
154.5706 	EXP 	imagesbRnd: autoDraw = True
154.5706 	EXP 	sbChoice: autoDraw = True
154.5706 	EXP 	text_6: autoDraw = True
155.2691 	DATA 	Keypress: right
155.5074 	DATA 	Keypress: right
155.6435 	DATA 	Keypress: right
155.8305 	DATA 	Keypress: right
156.0871 	DATA 	Keypress: return
156.0908 	DATA 	RatingScale sbChoice: (key response) rating=9
156.0908 	DATA 	RatingScale sbChoice: rating RT=1.534
156.0909 	DATA 	RatingScale sbChoice: history=[('5', 0.0), ('6', 0.716), ('7', 0.955), ('8', 1.091), ('9', 1.278), ('9', 1.534)]
156.1209 	EXP 	cB_8: autoDraw = False
156.1209 	EXP 	text: autoDraw = False
156.1209 	EXP 	imagesbRnd: autoDraw = False
156.1209 	EXP 	sbChoice: autoDraw = False
156.1209 	EXP 	text_6: autoDraw = False
156.1209 	EXP 	text_7: text = 'waiting for other player'
156.1209 	EXP 	cB_9: autoDraw = True
156.1209 	EXP 	text_7: autoDraw = True
160.1449 	EXP 	cB_9: autoDraw = False
160.1449 	EXP 	text_7: autoDraw = False
160.1449 	EXP 	cB_9: autoDraw = False
160.1449 	EXP 	text_7: autoDraw = False
160.1449 	EXP 	textFb: text = 'Lukas has decided to return 0 credits back to you. This is a return of 0% Your gain for this round is 1 credits '
160.1449 	EXP 	cbFb: autoDraw = True
160.1449 	EXP 	textFb: autoDraw = True
162.5409 	DATA 	Keypress: left
163.1395 	EXP 	cbFb: autoDraw = False
163.1395 	EXP 	textFb: autoDraw = False
163.1395 	EXP 	cbBuf: autoDraw = True
163.3108 	EXP 	fixCross: autoDraw = True
163.6344 	DATA 	Keypress: right
163.8216 	EXP 	fixCross: autoDraw = False
164.0275 	EXP 	New trial (rep=0, index=9): OrderedDict([('playerAn', 'PlayerA'), ('playerId', 'Paul'), ('avatarFile', 'images/avatar1.jpg'), ('choiceLabel', 'reciprocate'), ('actionLabel', 1), ('actionRound', 1)])
164.1063 	EXP 	RatingScale sbChoice: reset()
164.1295 	EXP 	cbBuf: autoDraw = False
164.1295 	EXP 	fixCross: autoDraw = False
164.1295 	EXP 	text: text = 'This round you are playing with Paul!'
164.1295 	EXP 	imagesbRnd: image = 'images/avatar1.jpg'
164.1295 	EXP 	cB_8: autoDraw = True
164.1295 	EXP 	text: autoDraw = True
164.1295 	EXP 	imagesbRnd: autoDraw = True
164.1295 	EXP 	sbChoice: autoDraw = True
164.1295 	EXP 	text_6: autoDraw = True
164.4719 	DATA 	Keypress: right
164.6589 	DATA 	Keypress: right
164.7957 	DATA 	Keypress: right
165.0564 	DATA 	Keypress: return
165.0566 	DATA 	RatingScale sbChoice: (key response) rating=7
165.0566 	DATA 	RatingScale sbChoice: rating RT=0.946
165.0566 	DATA 	RatingScale sbChoice: history=[('5', 0.0), ('6', 0.552), ('7', 0.689), ('7', 0.946)]
165.0863 	EXP 	cB_8: autoDraw = False
165.0863 	EXP 	text: autoDraw = False
165.0863 	EXP 	imagesbRnd: autoDraw = False
165.0863 	EXP 	sbChoice: autoDraw = False
165.0863 	EXP 	text_6: autoDraw = False
165.0863 	EXP 	text_7: text = 'waiting for other player'
165.0863 	EXP 	cB_9: autoDraw = True
165.0863 	EXP 	text_7: autoDraw = True
168.1176 	EXP 	cB_9: autoDraw = False
168.1176 	EXP 	text_7: autoDraw = False
168.1176 	EXP 	cB_9: autoDraw = False
168.1176 	EXP 	text_7: autoDraw = False
168.1176 	EXP 	textFb: text = 'Paul has decided to return 7 credits back to you. This is a return of 100% Your gain for this round is 10 credits '
168.1176 	EXP 	cbFb: autoDraw = True
168.1176 	EXP 	textFb: autoDraw = True
171.1096 	EXP 	cbFb: autoDraw = False
171.1096 	EXP 	textFb: autoDraw = False
171.1096 	EXP 	cbBuf: autoDraw = True
171.2815 	EXP 	fixCross: autoDraw = True
171.7921 	EXP 	fixCross: autoDraw = False
171.9993 	EXP 	New trial (rep=0, index=10): OrderedDict([('playerAn', 'PlayerA'), ('playerId', 'Paul'), ('avatarFile', 'images/avatar1.jpg'), ('choiceLabel', 'keep the investment'), ('actionLabel', 0), ('actionRound', 1)])
172.0543 	EXP 	RatingScale sbChoice: reset()
172.0707 	EXP 	cbBuf: autoDraw = False
172.0707 	EXP 	fixCross: autoDraw = False
172.0707 	EXP 	text: text = 'This round you are playing with Paul!'
172.0707 	EXP 	imagesbRnd: image = 'images/avatar1.jpg'
172.0707 	EXP 	cB_8: autoDraw = True
172.0707 	EXP 	text: autoDraw = True
172.0707 	EXP 	imagesbRnd: autoDraw = True
172.0707 	EXP 	sbChoice: autoDraw = True
172.0707 	EXP 	text_6: autoDraw = True
172.8320 	DATA 	Keypress: right
173.0857 	DATA 	Keypress: right
173.3646 	DATA 	Keypress: return
173.3647 	DATA 	RatingScale sbChoice: (key response) rating=7
173.3648 	DATA 	RatingScale sbChoice: rating RT=1.310
173.3648 	DATA 	RatingScale sbChoice: history=[('5', 0.0), ('6', 0.78), ('7', 1.034), ('7', 1.31)]
173.3935 	EXP 	cB_8: autoDraw = False
173.3935 	EXP 	text: autoDraw = False
173.3935 	EXP 	imagesbRnd: autoDraw = False
173.3935 	EXP 	sbChoice: autoDraw = False
173.3935 	EXP 	text_6: autoDraw = False
173.3935 	EXP 	text_7: text = 'waiting for other player'
173.3935 	EXP 	cB_9: autoDraw = True
173.3935 	EXP 	text_7: autoDraw = True
177.4142 	EXP 	cB_9: autoDraw = False
177.4142 	EXP 	text_7: autoDraw = False
177.4142 	EXP 	cB_9: autoDraw = False
177.4142 	EXP 	text_7: autoDraw = False
177.4142 	EXP 	textFb: text = 'Paul has decided to return 0 credits back to you. This is a return of 0% Your gain for this round is 3 credits '
177.4142 	EXP 	cbFb: autoDraw = True
177.4142 	EXP 	textFb: autoDraw = True
180.4065 	EXP 	cbFb: autoDraw = False
180.4065 	EXP 	textFb: autoDraw = False
180.4065 	EXP 	cbBuf: autoDraw = True
180.5785 	EXP 	fixCross: autoDraw = True
181.0898 	EXP 	fixCross: autoDraw = False
181.2965 	EXP 	New trial (rep=0, index=11): OrderedDict([('playerAn', 'PlayerA'), ('playerId', 'Paul'), ('avatarFile', 'images/avatar1.jpg'), ('choiceLabel', 'keep the investment'), ('actionLabel', 0), ('actionRound', 1)])
181.3533 	EXP 	RatingScale sbChoice: reset()
181.3700 	EXP 	cbBuf: autoDraw = False
181.3700 	EXP 	fixCross: autoDraw = False
181.3700 	EXP 	text: text = 'This round you are playing with Paul!'
181.3700 	EXP 	imagesbRnd: image = 'images/avatar1.jpg'
181.3700 	EXP 	cB_8: autoDraw = True
181.3700 	EXP 	text: autoDraw = True
181.3700 	EXP 	imagesbRnd: autoDraw = True
181.3700 	EXP 	sbChoice: autoDraw = True
181.3700 	EXP 	text_6: autoDraw = True
181.8414 	DATA 	Keypress: right
182.0638 	DATA 	Keypress: right
182.3188 	DATA 	Keypress: return
182.3223 	DATA 	RatingScale sbChoice: (key response) rating=7
182.3224 	DATA 	RatingScale sbChoice: rating RT=0.968
182.3224 	DATA 	RatingScale sbChoice: history=[('5', 0.0), ('6', 0.491), ('7', 0.714), ('7', 0.968)]
182.3535 	EXP 	cB_8: autoDraw = False
182.3535 	EXP 	text: autoDraw = False
182.3535 	EXP 	imagesbRnd: autoDraw = False
182.3535 	EXP 	sbChoice: autoDraw = False
182.3535 	EXP 	text_6: autoDraw = False
182.3535 	EXP 	text_7: text = 'waiting for other player'
182.3535 	EXP 	cB_9: autoDraw = True
182.3535 	EXP 	text_7: autoDraw = True
183.3810 	EXP 	cB_9: autoDraw = False
183.3810 	EXP 	text_7: autoDraw = False
183.3810 	EXP 	cB_9: autoDraw = False
183.3810 	EXP 	text_7: autoDraw = False
183.3810 	EXP 	textFb: text = 'Paul has decided to return 7 credits back to you. This is a return of 100% Your gain for this round is 10 credits '
183.3810 	EXP 	cbFb: autoDraw = True
183.3810 	EXP 	textFb: autoDraw = True
186.3723 	EXP 	cbFb: autoDraw = False
186.3723 	EXP 	textFb: autoDraw = False
186.3723 	EXP 	cbBuf: autoDraw = True
186.5443 	EXP 	fixCross: autoDraw = True
187.0596 	EXP 	fixCross: autoDraw = False
187.2624 	EXP 	New trial (rep=0, index=12): OrderedDict([('playerAn', 'PlayerA'), ('playerId', 'Paul'), ('avatarFile', 'images/avatar1.jpg'), ('choiceLabel', 'reciprocate'), ('actionLabel', 1), ('actionRound', 1)])
187.3248 	EXP 	RatingScale sbChoice: reset()
187.3466 	EXP 	cbBuf: autoDraw = False
187.3466 	EXP 	fixCross: autoDraw = False
187.3466 	EXP 	text: text = 'This round you are playing with Paul!'
187.3466 	EXP 	imagesbRnd: image = 'images/avatar1.jpg'
187.3466 	EXP 	cB_8: autoDraw = True
187.3466 	EXP 	text: autoDraw = True
187.3466 	EXP 	imagesbRnd: autoDraw = True
187.3466 	EXP 	sbChoice: autoDraw = True
187.3466 	EXP 	text_6: autoDraw = True
187.8573 	DATA 	Keypress: left
188.0496 	DATA 	Keypress: left
188.2514 	DATA 	Keypress: return
188.2553 	DATA 	RatingScale sbChoice: (key response) rating=3
188.2553 	DATA 	RatingScale sbChoice: rating RT=0.930
188.2554 	DATA 	RatingScale sbChoice: history=[('5', 0.0), ('4', 0.535), ('3', 0.724), ('3', 0.93)]
188.2849 	EXP 	cB_8: autoDraw = False
188.2849 	EXP 	text: autoDraw = False
188.2849 	EXP 	imagesbRnd: autoDraw = False
188.2849 	EXP 	sbChoice: autoDraw = False
188.2849 	EXP 	text_6: autoDraw = False
188.2849 	EXP 	text_7: text = 'waiting for other player'
188.2849 	EXP 	cB_9: autoDraw = True
188.2849 	EXP 	text_7: autoDraw = True
193.3096 	EXP 	cB_9: autoDraw = False
193.3096 	EXP 	text_7: autoDraw = False
193.3096 	EXP 	cB_9: autoDraw = False
193.3096 	EXP 	text_7: autoDraw = False
193.3096 	EXP 	textFb: text = 'Paul has decided to return 3 credits back to you. This is a return of 100% Your gain for this round is 10 credits '
193.3096 	EXP 	cbFb: autoDraw = True
193.3096 	EXP 	textFb: autoDraw = True
196.3074 	EXP 	cbFb: autoDraw = False
196.3074 	EXP 	textFb: autoDraw = False
196.3074 	EXP 	cbBuf: autoDraw = True
196.4755 	EXP 	fixCross: autoDraw = True
196.9904 	EXP 	fixCross: autoDraw = False
197.1780 	EXP 	New trial (rep=0, index=13): OrderedDict([('playerAn', 'PlayerB'), ('playerId', 'Lukas'), ('avatarFile', 'images/avatar2.jpg'), ('choiceLabel', 'keep the investment'), ('actionLabel', 0), ('actionRound', 1)])
197.2202 	EXP 	RatingScale sbChoice: reset()
197.2454 	EXP 	cbBuf: autoDraw = False
197.2454 	EXP 	fixCross: autoDraw = False
197.2454 	EXP 	text: text = 'This round you are playing with Lukas!'
197.2454 	EXP 	imagesbRnd: image = 'images/avatar2.jpg'
197.2454 	EXP 	cB_8: autoDraw = True
197.2454 	EXP 	text: autoDraw = True
197.2454 	EXP 	imagesbRnd: autoDraw = True
197.2454 	EXP 	sbChoice: autoDraw = True
197.2454 	EXP 	text_6: autoDraw = True
197.7750 	DATA 	Keypress: left
197.9641 	DATA 	Keypress: left
198.1314 	DATA 	Keypress: left
198.3900 	DATA 	Keypress: return
198.3937 	DATA 	RatingScale sbChoice: (key response) rating=2
198.3937 	DATA 	RatingScale sbChoice: rating RT=1.170
198.3937 	DATA 	RatingScale sbChoice: history=[('5', 0.0), ('4', 0.554), ('3', 0.74), ('2', 0.911), ('2', 1.17)]
198.4234 	EXP 	cB_8: autoDraw = False
198.4234 	EXP 	text: autoDraw = False
198.4234 	EXP 	imagesbRnd: autoDraw = False
198.4234 	EXP 	sbChoice: autoDraw = False
198.4234 	EXP 	text_6: autoDraw = False
198.4234 	EXP 	text_7: text = 'waiting for other player'
198.4234 	EXP 	cB_9: autoDraw = True
198.4234 	EXP 	text_7: autoDraw = True
199.4469 	EXP 	cB_9: autoDraw = False
199.4469 	EXP 	text_7: autoDraw = False
199.4469 	EXP 	cB_9: autoDraw = False
199.4469 	EXP 	text_7: autoDraw = False
199.4469 	EXP 	textFb: text = 'Lukas has decided to return 2 credits back to you. This is a return of 100% Your gain for this round is 10 credits '
199.4469 	EXP 	cbFb: autoDraw = True
199.4469 	EXP 	textFb: autoDraw = True
202.4442 	EXP 	cbFb: autoDraw = False
202.4442 	EXP 	textFb: autoDraw = False
202.4442 	EXP 	cbBuf: autoDraw = True
202.6153 	EXP 	fixCross: autoDraw = True
203.1256 	EXP 	fixCross: autoDraw = False
203.3149 	EXP 	New trial (rep=0, index=14): OrderedDict([('playerAn', 'PlayerB'), ('playerId', 'Lukas'), ('avatarFile', 'images/avatar2.jpg'), ('choiceLabel', 'keep the investment'), ('actionLabel', 0), ('actionRound', 1)])
203.3335 	EXP 	RatingScale sbChoice: reset()
203.3485 	EXP 	cbBuf: autoDraw = False
203.3485 	EXP 	fixCross: autoDraw = False
203.3485 	EXP 	text: text = 'This round you are playing with Lukas!'
203.3485 	EXP 	imagesbRnd: image = 'images/avatar2.jpg'
203.3485 	EXP 	cB_8: autoDraw = True
203.3485 	EXP 	text: autoDraw = True
203.3485 	EXP 	imagesbRnd: autoDraw = True
203.3485 	EXP 	sbChoice: autoDraw = True
203.3485 	EXP 	text_6: autoDraw = True
203.7233 	DATA 	Keypress: right
203.8928 	DATA 	Keypress: right
204.0467 	DATA 	Keypress: right
204.2004 	DATA 	Keypress: right
204.4736 	DATA 	Keypress: return
204.4773 	DATA 	RatingScale sbChoice: (key response) rating=8
204.4773 	DATA 	RatingScale sbChoice: rating RT=1.143
204.4773 	DATA 	RatingScale sbChoice: history=[('5', 0.0), ('6', 0.562), ('7', 0.716), ('8', 0.87), ('8', 1.143)]
204.5067 	EXP 	cB_8: autoDraw = False
204.5067 	EXP 	text: autoDraw = False
204.5067 	EXP 	imagesbRnd: autoDraw = False
204.5067 	EXP 	sbChoice: autoDraw = False
204.5067 	EXP 	text_6: autoDraw = False
204.5067 	EXP 	text_7: text = 'waiting for other player'
204.5067 	EXP 	cB_9: autoDraw = True
204.5067 	EXP 	text_7: autoDraw = True
208.5238 	EXP 	cB_9: autoDraw = False
208.5238 	EXP 	text_7: autoDraw = False
208.5238 	EXP 	cB_9: autoDraw = False
208.5238 	EXP 	text_7: autoDraw = False
208.5238 	EXP 	textFb: text = 'Lukas has decided to return 0 credits back to you. This is a return of 0% Your gain for this round is 2 credits '
208.5238 	EXP 	cbFb: autoDraw = True
208.5238 	EXP 	textFb: autoDraw = True
211.5165 	EXP 	cbFb: autoDraw = False
211.5165 	EXP 	textFb: autoDraw = False
211.5165 	EXP 	cbBuf: autoDraw = True
211.6875 	EXP 	fixCross: autoDraw = True
212.1997 	EXP 	fixCross: autoDraw = False
212.4052 	EXP 	New trial (rep=0, index=15): OrderedDict([('playerAn', 'PlayerA'), ('playerId', 'Paul'), ('avatarFile', 'images/avatar1.jpg'), ('choiceLabel', 'reciprocate'), ('actionLabel', 1), ('actionRound', 1)])
212.4854 	EXP 	RatingScale sbChoice: reset()
212.5065 	EXP 	cbBuf: autoDraw = False
212.5065 	EXP 	fixCross: autoDraw = False
212.5065 	EXP 	text: text = 'This round you are playing with Paul!'
212.5065 	EXP 	imagesbRnd: image = 'images/avatar1.jpg'
212.5065 	EXP 	cB_8: autoDraw = True
212.5065 	EXP 	text: autoDraw = True
212.5065 	EXP 	imagesbRnd: autoDraw = True
212.5065 	EXP 	sbChoice: autoDraw = True
212.5065 	EXP 	text_6: autoDraw = True
213.1873 	DATA 	Keypress: right
213.3624 	DATA 	Keypress: right
213.4990 	DATA 	Keypress: right
213.7693 	DATA 	Keypress: return
213.7731 	DATA 	RatingScale sbChoice: (key response) rating=8
213.7731 	DATA 	RatingScale sbChoice: rating RT=1.284
213.7732 	DATA 	RatingScale sbChoice: history=[('5', 0.0), ('6', 0.701), ('7', 0.877), ('8', 1.01), ('8', 1.283)]
213.8031 	EXP 	cB_8: autoDraw = False
213.8031 	EXP 	text: autoDraw = False
213.8031 	EXP 	imagesbRnd: autoDraw = False
213.8031 	EXP 	sbChoice: autoDraw = False
213.8031 	EXP 	text_6: autoDraw = False
213.8031 	EXP 	text_7: text = 'waiting for other player'
213.8031 	EXP 	cB_9: autoDraw = True
213.8031 	EXP 	text_7: autoDraw = True
215.8271 	EXP 	cB_9: autoDraw = False
215.8271 	EXP 	text_7: autoDraw = False
215.8271 	EXP 	cB_9: autoDraw = False
215.8271 	EXP 	text_7: autoDraw = False
215.8271 	EXP 	textFb: text = 'Paul has decided to return 16 credits back to you. This is a return of 200% Your gain for this round is 18 credits '
215.8271 	EXP 	cbFb: autoDraw = True
215.8271 	EXP 	textFb: autoDraw = True
218.8226 	EXP 	cbFb: autoDraw = False
218.8226 	EXP 	textFb: autoDraw = False
218.8226 	EXP 	cbBuf: autoDraw = True
218.9941 	EXP 	fixCross: autoDraw = True
219.4930 	EXP 	fixCross: autoDraw = False
219.6985 	EXP 	New trial (rep=0, index=16): OrderedDict([('playerAn', 'PlayerB'), ('playerId', 'Lukas'), ('avatarFile', 'images/avatar2.jpg'), ('choiceLabel', 'keep the investment'), ('actionLabel', 0), ('actionRound', 1)])
219.7602 	EXP 	RatingScale sbChoice: reset()
219.7829 	EXP 	cbBuf: autoDraw = False
219.7829 	EXP 	fixCross: autoDraw = False
219.7829 	EXP 	text: text = 'This round you are playing with Lukas!'
219.7829 	EXP 	imagesbRnd: image = 'images/avatar2.jpg'
219.7829 	EXP 	cB_8: autoDraw = True
219.7829 	EXP 	text: autoDraw = True
219.7829 	EXP 	imagesbRnd: autoDraw = True
219.7829 	EXP 	sbChoice: autoDraw = True
219.7829 	EXP 	text_6: autoDraw = True
220.1961 	DATA 	Keypress: left
220.3970 	DATA 	Keypress: left
220.5532 	DATA 	Keypress: left
220.7769 	DATA 	Keypress: return
220.7771 	DATA 	RatingScale sbChoice: (key response) rating=2
220.7771 	DATA 	RatingScale sbChoice: rating RT=1.013
220.7771 	DATA 	RatingScale sbChoice: history=[('5', 0.0), ('4', 0.432), ('3', 0.637), ('2', 0.793), ('2', 1.013)]
220.8078 	EXP 	cB_8: autoDraw = False
220.8078 	EXP 	text: autoDraw = False
220.8078 	EXP 	imagesbRnd: autoDraw = False
220.8078 	EXP 	sbChoice: autoDraw = False
220.8078 	EXP 	text_6: autoDraw = False
220.8078 	EXP 	text_7: text = 'waiting for other player'
220.8078 	EXP 	cB_9: autoDraw = True
220.8078 	EXP 	text_7: autoDraw = True
223.8392 	EXP 	cB_9: autoDraw = False
223.8392 	EXP 	text_7: autoDraw = False
223.8392 	EXP 	cB_9: autoDraw = False
223.8392 	EXP 	text_7: autoDraw = False
223.8392 	EXP 	textFb: text = 'Lukas has decided to return 2 credits back to you. This is a return of 100% Your gain for this round is 10 credits '
223.8392 	EXP 	cbFb: autoDraw = True
223.8392 	EXP 	textFb: autoDraw = True
226.8332 	EXP 	cbFb: autoDraw = False
226.8332 	EXP 	textFb: autoDraw = False
226.8332 	EXP 	cbBuf: autoDraw = True
227.0034 	EXP 	fixCross: autoDraw = True
227.5165 	EXP 	fixCross: autoDraw = False
227.7203 	EXP 	New trial (rep=0, index=17): OrderedDict([('playerAn', 'PlayerB'), ('playerId', 'Lukas'), ('avatarFile', 'images/avatar2.jpg'), ('choiceLabel', 'reciprocate'), ('actionLabel', 1), ('actionRound', 1)])
227.7404 	EXP 	RatingScale sbChoice: reset()
227.7554 	EXP 	cbBuf: autoDraw = False
227.7554 	EXP 	fixCross: autoDraw = False
227.7554 	EXP 	text: text = 'This round you are playing with Lukas!'
227.7554 	EXP 	imagesbRnd: image = 'images/avatar2.jpg'
227.7554 	EXP 	cB_8: autoDraw = True
227.7554 	EXP 	text: autoDraw = True
227.7554 	EXP 	imagesbRnd: autoDraw = True
227.7554 	EXP 	sbChoice: autoDraw = True
227.7554 	EXP 	text_6: autoDraw = True
228.1110 	DATA 	Keypress: right
228.2692 	DATA 	Keypress: right
228.4237 	DATA 	Keypress: right
228.9830 	DATA 	Keypress: right
229.1693 	DATA 	Keypress: right
229.3229 	DATA 	Keypress: right
229.6662 	DATA 	Keypress: return
229.6699 	DATA 	RatingScale sbChoice: (key response) rating=10
229.6699 	DATA 	RatingScale sbChoice: rating RT=1.929
229.6699 	DATA 	RatingScale sbChoice: history=[('5', 0.0), ('6', 0.528), ('7', 0.699), ('8', 1.246), ('9', 1.432), ('10', 1.586), ('10', 1.929)]
229.6993 	EXP 	cB_8: autoDraw = False
229.6993 	EXP 	text: autoDraw = False
229.6993 	EXP 	imagesbRnd: autoDraw = False
229.6993 	EXP 	sbChoice: autoDraw = False
229.6993 	EXP 	text_6: autoDraw = False
229.6993 	EXP 	text_7: text = 'waiting for other player'
229.6993 	EXP 	cB_9: autoDraw = True
229.6993 	EXP 	text_7: autoDraw = True
231.7158 	EXP 	cB_9: autoDraw = False
231.7158 	EXP 	text_7: autoDraw = False
231.7158 	EXP 	cB_9: autoDraw = False
231.7158 	EXP 	text_7: autoDraw = False
231.7158 	EXP 	textFb: text = 'Lukas has decided to return 20 credits back to you. This is a return of 200% Your gain for this round is 20 credits '
231.7158 	EXP 	cbFb: autoDraw = True
231.7158 	EXP 	textFb: autoDraw = True
234.7145 	EXP 	cbFb: autoDraw = False
234.7145 	EXP 	textFb: autoDraw = False
234.7145 	EXP 	cbBuf: autoDraw = True
234.8839 	EXP 	fixCross: autoDraw = True
235.3976 	EXP 	fixCross: autoDraw = False
235.5848 	EXP 	New trial (rep=0, index=18): OrderedDict([('playerAn', 'PlayerA'), ('playerId', 'Paul'), ('avatarFile', 'images/avatar1.jpg'), ('choiceLabel', 'reciprocate'), ('actionLabel', 1), ('actionRound', 1)])
235.6895 	EXP 	RatingScale sbChoice: reset()
235.7198 	EXP 	cbBuf: autoDraw = False
235.7198 	EXP 	fixCross: autoDraw = False
235.7198 	EXP 	text: text = 'This round you are playing with Paul!'
235.7198 	EXP 	imagesbRnd: image = 'images/avatar1.jpg'
235.7198 	EXP 	cB_8: autoDraw = True
235.7198 	EXP 	text: autoDraw = True
235.7198 	EXP 	imagesbRnd: autoDraw = True
235.7198 	EXP 	sbChoice: autoDraw = True
235.7198 	EXP 	text_6: autoDraw = True
236.1978 	DATA 	Keypress: right
236.4543 	DATA 	Keypress: return
236.4580 	DATA 	RatingScale sbChoice: (key response) rating=6
236.4581 	DATA 	RatingScale sbChoice: rating RT=0.764
236.4581 	DATA 	RatingScale sbChoice: history=[('5', 0.0), ('6', 0.507), ('6', 0.764)]
236.4879 	EXP 	cB_8: autoDraw = False
236.4879 	EXP 	text: autoDraw = False
236.4879 	EXP 	imagesbRnd: autoDraw = False
236.4879 	EXP 	sbChoice: autoDraw = False
236.4879 	EXP 	text_6: autoDraw = False
236.4879 	EXP 	text_7: text = 'waiting for other player'
236.4879 	EXP 	cB_9: autoDraw = True
236.4879 	EXP 	text_7: autoDraw = True
237.5153 	EXP 	cB_9: autoDraw = False
237.5153 	EXP 	text_7: autoDraw = False
237.5153 	EXP 	cB_9: autoDraw = False
237.5153 	EXP 	text_7: autoDraw = False
237.5153 	EXP 	textFb: text = 'Paul has decided to return 12 credits back to you. This is a return of 200% Your gain for this round is 16 credits '
237.5153 	EXP 	cbFb: autoDraw = True
237.5153 	EXP 	textFb: autoDraw = True
240.5121 	EXP 	cbFb: autoDraw = False
240.5121 	EXP 	textFb: autoDraw = False
240.5121 	EXP 	cbBuf: autoDraw = True
240.6806 	EXP 	fixCross: autoDraw = True
241.1916 	EXP 	fixCross: autoDraw = False
241.3968 	EXP 	New trial (rep=1, index=0): OrderedDict([('playerAn', 'PlayerA'), ('playerId', 'Paul'), ('avatarFile', 'images/avatar1.jpg'), ('choiceLabel', 'reciprocate'), ('actionLabel', 1), ('actionRound', 1)])
241.4521 	EXP 	RatingScale sbChoice: reset()
241.4683 	EXP 	cbBuf: autoDraw = False
241.4683 	EXP 	fixCross: autoDraw = False
241.4683 	EXP 	text: text = 'This round you are playing with Paul!'
241.4683 	EXP 	imagesbRnd: image = 'images/avatar1.jpg'
241.4683 	EXP 	cB_8: autoDraw = True
241.4683 	EXP 	text: autoDraw = True
241.4683 	EXP 	imagesbRnd: autoDraw = True
241.4683 	EXP 	sbChoice: autoDraw = True
241.4683 	EXP 	text_6: autoDraw = True
241.9070 	DATA 	Keypress: right
242.1296 	DATA 	Keypress: right
242.3534 	DATA 	Keypress: return
242.3576 	DATA 	RatingScale sbChoice: (key response) rating=7
242.3576 	DATA 	RatingScale sbChoice: rating RT=0.905
242.3577 	DATA 	RatingScale sbChoice: history=[('5', 0.0), ('6', 0.458), ('7', 0.681), ('7', 0.905)]
242.3844 	EXP 	cB_8: autoDraw = False
242.3844 	EXP 	text: autoDraw = False
242.3844 	EXP 	imagesbRnd: autoDraw = False
242.3844 	EXP 	sbChoice: autoDraw = False
242.3844 	EXP 	text_6: autoDraw = False
242.3844 	EXP 	text_7: text = 'waiting for other player'
242.3844 	EXP 	cB_9: autoDraw = True
242.3844 	EXP 	text_7: autoDraw = True
243.4129 	EXP 	cB_9: autoDraw = False
243.4129 	EXP 	text_7: autoDraw = False
243.4129 	EXP 	cB_9: autoDraw = False
243.4129 	EXP 	text_7: autoDraw = False
243.4129 	EXP 	textFb: text = 'Paul has decided to return 14 credits back to you. This is a return of 200% Your gain for this round is 17 credits '
243.4129 	EXP 	cbFb: autoDraw = True
243.4129 	EXP 	textFb: autoDraw = True
246.4112 	EXP 	cbFb: autoDraw = False
246.4112 	EXP 	textFb: autoDraw = False
246.4112 	EXP 	cbBuf: autoDraw = True
246.5805 	EXP 	fixCross: autoDraw = True
247.0936 	EXP 	fixCross: autoDraw = False
247.2962 	EXP 	New trial (rep=1, index=1): OrderedDict([('playerAn', 'PlayerB'), ('playerId', 'Lukas'), ('avatarFile', 'images/avatar2.jpg'), ('choiceLabel', 'keep the investment'), ('actionLabel', 0), ('actionRound', 1)])
247.5767 	EXP 	RatingScale sbChoice: reset()
247.6008 	EXP 	cbBuf: autoDraw = False
247.6008 	EXP 	fixCross: autoDraw = False
247.6008 	EXP 	text: text = 'This round you are playing with Lukas!'
247.6008 	EXP 	imagesbRnd: image = 'images/avatar2.jpg'
247.6008 	EXP 	cB_8: autoDraw = True
247.6008 	EXP 	text: autoDraw = True
247.6008 	EXP 	imagesbRnd: autoDraw = True
247.6008 	EXP 	sbChoice: autoDraw = True
247.6008 	EXP 	text_6: autoDraw = True
248.7573 	DATA 	Keypress: right
249.0138 	DATA 	Keypress: return
249.0175 	DATA 	RatingScale sbChoice: (key response) rating=6
249.0175 	DATA 	RatingScale sbChoice: rating RT=1.437
249.0175 	DATA 	RatingScale sbChoice: history=[('5', 0.0), ('6', 1.18), ('6', 1.437)]
249.0480 	EXP 	cB_8: autoDraw = False
249.0480 	EXP 	text: autoDraw = False
249.0480 	EXP 	imagesbRnd: autoDraw = False
249.0480 	EXP 	sbChoice: autoDraw = False
249.0480 	EXP 	text_6: autoDraw = False
249.0480 	EXP 	text_7: text = 'waiting for other player'
249.0480 	EXP 	cB_9: autoDraw = True
249.0480 	EXP 	text_7: autoDraw = True
253.0751 	EXP 	cB_9: autoDraw = False
253.0751 	EXP 	text_7: autoDraw = False
253.0751 	EXP 	cB_9: autoDraw = False
253.0751 	EXP 	text_7: autoDraw = False
253.0751 	EXP 	textFb: text = 'Lukas has decided to return 0 credits back to you. This is a return of 0% Your gain for this round is 4 credits '
253.0751 	EXP 	cbFb: autoDraw = True
253.0751 	EXP 	textFb: autoDraw = True
256.0664 	EXP 	cbFb: autoDraw = False
256.0664 	EXP 	textFb: autoDraw = False
256.0664 	EXP 	cbBuf: autoDraw = True
256.2410 	EXP 	fixCross: autoDraw = True
256.7505 	EXP 	fixCross: autoDraw = False
256.9578 	EXP 	New trial (rep=1, index=2): OrderedDict([('playerAn', 'PlayerA'), ('playerId', 'Paul'), ('avatarFile', 'images/avatar1.jpg'), ('choiceLabel', 'reciprocate'), ('actionLabel', 1), ('actionRound', 1)])
257.0318 	EXP 	RatingScale sbChoice: reset()
257.0570 	EXP 	cbBuf: autoDraw = False
257.0570 	EXP 	fixCross: autoDraw = False
257.0570 	EXP 	text: text = 'This round you are playing with Paul!'
257.0570 	EXP 	imagesbRnd: image = 'images/avatar1.jpg'
257.0570 	EXP 	cB_8: autoDraw = True
257.0570 	EXP 	text: autoDraw = True
257.0570 	EXP 	imagesbRnd: autoDraw = True
257.0570 	EXP 	sbChoice: autoDraw = True
257.0570 	EXP 	text_6: autoDraw = True
257.9797 	DATA 	Keypress: right
258.2377 	DATA 	Keypress: right
258.4168 	DATA 	Keypress: right
258.5814 	DATA 	Keypress: right
258.7148 	DATA 	Keypress: right
258.8337 	DATA 	Keypress: right
259.0786 	DATA 	Keypress: return
259.0788 	DATA 	RatingScale sbChoice: (key response) rating=10
259.0788 	DATA 	RatingScale sbChoice: rating RT=2.042
259.0788 	DATA 	RatingScale sbChoice: history=[('5', 0.0), ('6', 0.947), ('7', 1.205), ('8', 1.38), ('9', 1.549), ('10', 1.682), ('10', 2.042)]
259.1079 	EXP 	cB_8: autoDraw = False
259.1079 	EXP 	text: autoDraw = False
259.1079 	EXP 	imagesbRnd: autoDraw = False
259.1079 	EXP 	sbChoice: autoDraw = False
259.1079 	EXP 	text_6: autoDraw = False
259.1079 	EXP 	text_7: text = 'waiting for other player'
259.1079 	EXP 	cB_9: autoDraw = True
259.1079 	EXP 	text_7: autoDraw = True
262.1267 	EXP 	cB_9: autoDraw = False
262.1267 	EXP 	text_7: autoDraw = False
262.1267 	EXP 	cB_9: autoDraw = False
262.1267 	EXP 	text_7: autoDraw = False
262.1267 	EXP 	textFb: text = 'Paul has decided to return 10 credits back to you. This is a return of 100% Your gain for this round is 10 credits '
262.1267 	EXP 	cbFb: autoDraw = True
262.1267 	EXP 	textFb: autoDraw = True
265.1188 	EXP 	cbFb: autoDraw = False
265.1188 	EXP 	textFb: autoDraw = False
265.1188 	EXP 	cbBuf: autoDraw = True
265.2895 	EXP 	fixCross: autoDraw = True
265.7884 	EXP 	fixCross: autoDraw = False
266.0098 	EXP 	New trial (rep=1, index=3): OrderedDict([('playerAn', 'PlayerB'), ('playerId', 'Lukas'), ('avatarFile', 'images/avatar2.jpg'), ('choiceLabel', 'keep the investment'), ('actionLabel', 0), ('actionRound', 1)])
266.0722 	EXP 	RatingScale sbChoice: reset()
266.0940 	EXP 	cbBuf: autoDraw = False
266.0940 	EXP 	fixCross: autoDraw = False
266.0940 	EXP 	text: text = 'This round you are playing with Lukas!'
266.0940 	EXP 	imagesbRnd: image = 'images/avatar2.jpg'
266.0940 	EXP 	cB_8: autoDraw = True
266.0940 	EXP 	text: autoDraw = True
266.0940 	EXP 	imagesbRnd: autoDraw = True
266.0940 	EXP 	sbChoice: autoDraw = True
266.0940 	EXP 	text_6: autoDraw = True
266.5557 	DATA 	Keypress: right
266.7074 	DATA 	Keypress: right
266.8477 	DATA 	Keypress: right
267.0022 	DATA 	Keypress: right
267.3783 	DATA 	Keypress: right
267.8219 	DATA 	Keypress: left
268.7968 	DATA 	Keypress: left
268.9854 	DATA 	Keypress: left
269.1514 	DATA 	Keypress: left
269.3072 	DATA 	Keypress: left
269.4608 	DATA 	Keypress: left
269.6124 	DATA 	Keypress: left
269.7828 	DATA 	Keypress: left
269.9389 	DATA 	Keypress: left
270.0741 	DATA 	Keypress: left
270.4657 	DATA 	Keypress: return
270.4694 	DATA 	RatingScale sbChoice: (key response) rating=0
270.4695 	DATA 	RatingScale sbChoice: rating RT=4.394
270.4695 	DATA 	RatingScale sbChoice: history=[('5', 0.0), ('6', 0.483), ('7', 0.635), ('8', 0.772), ('9', 0.926), ('10', 1.306), ('9', 1.75), ('8', 2.721), ('7', 2.926), ('6', 3.079), ('5', 3.235), ('4', 3.388), ('3', 3.54), ('2', 3.711), ('1', 3.867), ('0', 4.003), ('0', 4.394)]
270.4989 	EXP 	cB_8: autoDraw = False
270.4989 	EXP 	text: autoDraw = False
270.4989 	EXP 	imagesbRnd: autoDraw = False
270.4989 	EXP 	sbChoice: autoDraw = False
270.4989 	EXP 	text_6: autoDraw = False
270.4989 	EXP 	text_7: text = 'waiting for other player'
270.4989 	EXP 	cB_9: autoDraw = True
270.4989 	EXP 	text_7: autoDraw = True
271.5245 	EXP 	cB_9: autoDraw = False
271.5245 	EXP 	text_7: autoDraw = False
271.5245 	EXP 	cB_9: autoDraw = False
271.5245 	EXP 	text_7: autoDraw = False
271.5245 	EXP 	textFb: text = 'Lukas has decided to return 0 credits back to you. This is a return of 0% Your gain for this round is 10 credits '
271.5245 	EXP 	cbFb: autoDraw = True
271.5245 	EXP 	textFb: autoDraw = True
274.5237 	EXP 	cbFb: autoDraw = False
274.5237 	EXP 	textFb: autoDraw = False
274.5237 	EXP 	cbBuf: autoDraw = True
274.6936 	EXP 	fixCross: autoDraw = True
275.2047 	EXP 	fixCross: autoDraw = False
275.3935 	EXP 	New trial (rep=1, index=4): OrderedDict([('playerAn', 'PlayerB'), ('playerId', 'Lukas'), ('avatarFile', 'images/avatar2.jpg'), ('choiceLabel', 'keep the investment'), ('actionLabel', 0), ('actionRound', 1)])
275.4123 	EXP 	RatingScale sbChoice: reset()
275.4273 	EXP 	cbBuf: autoDraw = False
275.4273 	EXP 	fixCross: autoDraw = False
275.4273 	EXP 	text: text = 'This round you are playing with Lukas!'
275.4273 	EXP 	imagesbRnd: image = 'images/avatar2.jpg'
275.4273 	EXP 	cB_8: autoDraw = True
275.4273 	EXP 	text: autoDraw = True
275.4273 	EXP 	imagesbRnd: autoDraw = True
275.4273 	EXP 	sbChoice: autoDraw = True
275.4273 	EXP 	text_6: autoDraw = True
276.5200 	DATA 	Keypress: left
276.6893 	DATA 	Keypress: left
276.8432 	DATA 	Keypress: left
277.0131 	DATA 	Keypress: left
277.1864 	DATA 	Keypress: left
277.5257 	DATA 	Keypress: return
277.5293 	DATA 	RatingScale sbChoice: (key response) rating=0
277.5294 	DATA 	RatingScale sbChoice: rating RT=2.117
277.5294 	DATA 	RatingScale sbChoice: history=[('5', 0.0), ('4', 1.11), ('3', 1.28), ('2', 1.434), ('1', 1.604), ('0', 1.777), ('0', 2.117)]
277.5594 	EXP 	cB_8: autoDraw = False
277.5594 	EXP 	text: autoDraw = False
277.5594 	EXP 	imagesbRnd: autoDraw = False
277.5594 	EXP 	sbChoice: autoDraw = False
277.5594 	EXP 	text_6: autoDraw = False
277.5594 	EXP 	text_7: text = 'waiting for other player'
277.5594 	EXP 	cB_9: autoDraw = True
277.5594 	EXP 	text_7: autoDraw = True
282.5680 	EXP 	cB_9: autoDraw = False
282.5680 	EXP 	text_7: autoDraw = False
282.5680 	EXP 	cB_9: autoDraw = False
282.5680 	EXP 	text_7: autoDraw = False
282.5680 	EXP 	textFb: text = 'Lukas has decided to return 0 credits back to you. This is a return of 0% Your gain for this round is 10 credits '
282.5680 	EXP 	cbFb: autoDraw = True
282.5680 	EXP 	textFb: autoDraw = True
285.1847 	DATA 	Keypress: return
285.5763 	EXP 	cbFb: autoDraw = False
285.5763 	EXP 	textFb: autoDraw = False
285.5763 	EXP 	cbBuf: autoDraw = True
285.7488 	EXP 	fixCross: autoDraw = True
286.2595 	EXP 	fixCross: autoDraw = False
286.4677 	EXP 	New trial (rep=1, index=5): OrderedDict([('playerAn', 'PlayerB'), ('playerId', 'Lukas'), ('avatarFile', 'images/avatar2.jpg'), ('choiceLabel', 'reciprocate'), ('actionLabel', 1), ('actionRound', 1)])
286.4878 	EXP 	RatingScale sbChoice: reset()
286.5026 	EXP 	cbBuf: autoDraw = False
286.5026 	EXP 	fixCross: autoDraw = False
286.5026 	EXP 	text: text = 'This round you are playing with Lukas!'
286.5026 	EXP 	imagesbRnd: image = 'images/avatar2.jpg'
286.5026 	EXP 	cB_8: autoDraw = True
286.5026 	EXP 	text: autoDraw = True
286.5026 	EXP 	imagesbRnd: autoDraw = True
286.5026 	EXP 	sbChoice: autoDraw = True
286.5026 	EXP 	text_6: autoDraw = True
287.3851 	DATA 	Keypress: left
287.6269 	DATA 	Keypress: left
287.8291 	DATA 	Keypress: left
287.9872 	DATA 	Keypress: left
288.1532 	DATA 	Keypress: left
288.3061 	DATA 	Keypress: left
288.5620 	DATA 	Keypress: return
288.5657 	DATA 	RatingScale sbChoice: (key response) rating=0
288.5657 	DATA 	RatingScale sbChoice: rating RT=2.077
288.5658 	DATA 	RatingScale sbChoice: history=[('5', 0.0), ('4', 0.9), ('3', 1.139), ('2', 1.345), ('1', 1.499), ('0', 1.668), ('0', 2.077)]
288.5956 	EXP 	cB_8: autoDraw = False
288.5956 	EXP 	text: autoDraw = False
288.5956 	EXP 	imagesbRnd: autoDraw = False
288.5956 	EXP 	sbChoice: autoDraw = False
288.5956 	EXP 	text_6: autoDraw = False
288.5956 	EXP 	text_7: text = 'waiting for other player'
288.5956 	EXP 	cB_9: autoDraw = True
288.5956 	EXP 	text_7: autoDraw = True
291.6236 	EXP 	cB_9: autoDraw = False
291.6236 	EXP 	text_7: autoDraw = False
291.6236 	EXP 	cB_9: autoDraw = False
291.6236 	EXP 	text_7: autoDraw = False
291.6236 	EXP 	textFb: text = 'Lukas has decided to return 0 credits back to you. This is a return of 100% Your gain for this round is 10 credits '
291.6236 	EXP 	cbFb: autoDraw = True
291.6236 	EXP 	textFb: autoDraw = True
294.6148 	EXP 	cbFb: autoDraw = False
294.6148 	EXP 	textFb: autoDraw = False
294.6148 	EXP 	cbBuf: autoDraw = True
294.7855 	EXP 	fixCross: autoDraw = True
295.2989 	EXP 	fixCross: autoDraw = False
295.5051 	EXP 	New trial (rep=1, index=6): OrderedDict([('playerAn', 'PlayerB'), ('playerId', 'Lukas'), ('avatarFile', 'images/avatar2.jpg'), ('choiceLabel', 'reciprocate'), ('actionLabel', 1), ('actionRound', 1)])
295.5243 	EXP 	RatingScale sbChoice: reset()
295.5392 	EXP 	cbBuf: autoDraw = False
295.5392 	EXP 	fixCross: autoDraw = False
295.5392 	EXP 	text: text = 'This round you are playing with Lukas!'
295.5392 	EXP 	imagesbRnd: image = 'images/avatar2.jpg'
295.5392 	EXP 	cB_8: autoDraw = True
295.5392 	EXP 	text: autoDraw = True
295.5392 	EXP 	imagesbRnd: autoDraw = True
295.5392 	EXP 	sbChoice: autoDraw = True
295.5392 	EXP 	text_6: autoDraw = True
296.4271 	DATA 	Keypress: left
296.6173 	DATA 	Keypress: left
296.7835 	DATA 	Keypress: left
296.9548 	DATA 	Keypress: left
297.1090 	DATA 	Keypress: left
297.4512 	DATA 	Keypress: return
297.4550 	DATA 	RatingScale sbChoice: (key response) rating=0
297.4550 	DATA 	RatingScale sbChoice: rating RT=1.930
297.4550 	DATA 	RatingScale sbChoice: history=[('5', 0.0), ('4', 0.902), ('3', 1.109), ('2', 1.262), ('1', 1.434), ('0', 1.588), ('0', 1.93)]
297.4853 	EXP 	cB_8: autoDraw = False
297.4853 	EXP 	text: autoDraw = False
297.4853 	EXP 	imagesbRnd: autoDraw = False
297.4853 	EXP 	sbChoice: autoDraw = False
297.4853 	EXP 	text_6: autoDraw = False
297.4853 	EXP 	text_7: text = 'waiting for other player'
297.4853 	EXP 	cB_9: autoDraw = True
297.4853 	EXP 	text_7: autoDraw = True
298.4939 	EXP 	cB_9: autoDraw = False
298.4939 	EXP 	text_7: autoDraw = False
298.4939 	EXP 	cB_9: autoDraw = False
298.4939 	EXP 	text_7: autoDraw = False
298.4939 	EXP 	textFb: text = 'Lukas has decided to return 0 credits back to you. This is a return of 100% Your gain for this round is 10 credits '
298.4939 	EXP 	cbFb: autoDraw = True
298.4939 	EXP 	textFb: autoDraw = True
301.5044 	EXP 	cbFb: autoDraw = False
301.5044 	EXP 	textFb: autoDraw = False
301.5044 	EXP 	cbBuf: autoDraw = True
301.6741 	EXP 	fixCross: autoDraw = True
302.1859 	EXP 	fixCross: autoDraw = False
302.3914 	EXP 	New trial (rep=1, index=7): OrderedDict([('playerAn', 'PlayerB'), ('playerId', 'Lukas'), ('avatarFile', 'images/avatar2.jpg'), ('choiceLabel', 'keep the investment'), ('actionLabel', 0), ('actionRound', 1)])
302.4107 	EXP 	RatingScale sbChoice: reset()
302.4258 	EXP 	cbBuf: autoDraw = False
302.4258 	EXP 	fixCross: autoDraw = False
302.4258 	EXP 	text: text = 'This round you are playing with Lukas!'
302.4258 	EXP 	imagesbRnd: image = 'images/avatar2.jpg'
302.4258 	EXP 	cB_8: autoDraw = True
302.4258 	EXP 	text: autoDraw = True
302.4258 	EXP 	imagesbRnd: autoDraw = True
302.4258 	EXP 	sbChoice: autoDraw = True
302.4258 	EXP 	text_6: autoDraw = True
304.6944 	DATA 	Keypress: left
304.8970 	DATA 	Keypress: left
305.0536 	DATA 	Keypress: left
305.2036 	DATA 	Keypress: left
305.3450 	DATA 	Keypress: left
305.8685 	DATA 	Keypress: return
305.8724 	DATA 	RatingScale sbChoice: (key response) rating=0
305.8724 	DATA 	RatingScale sbChoice: rating RT=3.461
305.8725 	DATA 	RatingScale sbChoice: history=[('5', 0.0), ('4', 2.283), ('3', 2.489), ('2', 2.642), ('1', 2.796), ('0', 2.954), ('0', 3.461)]
305.9027 	EXP 	cB_8: autoDraw = False
305.9027 	EXP 	text: autoDraw = False
305.9027 	EXP 	imagesbRnd: autoDraw = False
305.9027 	EXP 	sbChoice: autoDraw = False
305.9027 	EXP 	text_6: autoDraw = False
305.9027 	EXP 	text_7: text = 'waiting for other player'
305.9027 	EXP 	cB_9: autoDraw = True
305.9027 	EXP 	text_7: autoDraw = True
308.6636 	DATA 	Keypress: escape
309.3713 	EXP 	window1: mouseVisible = True
