2.4786 	WARNING 	Import Error: No module named 'psychtoolbox'. Using event module for keyboard component.
10.7331 	WARNING 	User requested fullscreen with size [1024  768], but screen is actually [1680, 1050]. Using actual size
11.6755 	EXP 	Created window1 = Window(allowGUI=True, allowStencil=False, args=UNKNOWN, autoLog=True, bitsMode=UNKNOWN, blendMode='avg', color=array([0., 0., 0.]), colorSpace='rgb', fullscr=<method-wrapper '__getattribute__' of attributeSetter object at 0x0AAA0A30>, gamma=None, gammaErrorPolicy='raise', kwargs=UNKNOWN, lms=UNKNOWN, monitor=<psychopy.monitors.calibTools.Monitor object at 0x0831D730>, multiSample=False, name='window1', numSamples=2, pos=[0.0, 0.0], screen=0, size=array([1680, 1050]), stereo=False, units='height', useFBO=True, useRetina=False, viewOri=0.0, viewPos=None, viewScale=None, waitBlanking=True, winType='pyglet')
11.6755 	EXP 	window1: recordFrameIntervals = False
11.8449 	EXP 	window1: recordFrameIntervals = True
12.0345 	EXP 	window1: recordFrameIntervals = False
12.0368 	EXP 	Created cB_1 = Rect(__class__=<class 'psychopy.visual.rect.Rect'>, autoDraw=False, autoLog=True, closeShape=True, color=method-wrapper(...), colorSpace=None, contrast=1.0, depth=0.0, fillColor=array([-1., -1., -1.]), fillColorSpace='rgb', fillRGB=array([-1., -1., -1.]), interpolate=True, lineColor=array([1., 1., 1.]), lineColorSpace='rgb', lineRGB=array([1., 1., 1.]), lineWidth=1, name='cB_1', opacity=1.0, ori=array(0.), pos=array([0., 0.]), size=array([1., 1.]), units='height', vertices=ndarray(...), win=Window(...))
12.1762 	EXP 	Created textWelcome = TextStim(__class__=<class 'psychopy.visual.text.TextStim'>, alignHoriz='center', alignVert='center', antialias=True, autoLog=True, bold=False, color='white', colorSpace='named', contrast=1.0, depth=-1.0, flipHoriz=False, flipVert=False, font='Arial', fontFiles=[], height=0.05, italic=False, languageStyle='LTR', name='textWelcome', opacity=1.0, ori=0, pos=array([0., 0.]), rgb=array([255., 255., 255.]), text=str(...), units='height', win=Window(...), wrapWidth=1)
12.1777 	EXP 	Created cB_2 = Rect(__class__=<class 'psychopy.visual.rect.Rect'>, autoDraw=False, autoLog=True, closeShape=True, color=method-wrapper(...), colorSpace=None, contrast=1.0, depth=0.0, fillColor=array([-1., -1., -1.]), fillColorSpace='rgb', fillRGB=array([-1., -1., -1.]), interpolate=True, lineColor=array([1., 1., 1.]), lineColorSpace='rgb', lineRGB=array([1., 1., 1.]), lineWidth=1, name='cB_2', opacity=1.0, ori=array(0.), pos=array([0., 0.]), size=array([1., 1.]), units='height', vertices=ndarray(...), win=Window(...))
12.2606 	EXP 	Created textInstructions = TextStim(__class__=<class 'psychopy.visual.text.TextStim'>, alignHoriz='center', alignVert='center', antialias=True, autoLog=True, bold=False, color='white', colorSpace='named', contrast=1.0, depth=-1.0, flipHoriz=False, flipVert=False, font='Arial', fontFiles=[], height=0.03, italic=False, languageStyle='LTR', name='textInstructions', opacity=1.0, ori=0, pos=array([0., 0.]), rgb=array([255., 255., 255.]), text=str(...), units='height', win=Window(...), wrapWidth=1)
12.2621 	EXP 	Created cB_3 = Rect(__class__=<class 'psychopy.visual.rect.Rect'>, autoDraw=False, autoLog=True, closeShape=True, color=method-wrapper(...), colorSpace=None, contrast=1.0, depth=0.0, fillColor=array([-1., -1., -1.]), fillColorSpace='rgb', fillRGB=array([-1., -1., -1.]), interpolate=True, lineColor=array([1., 1., 1.]), lineColorSpace='rgb', lineRGB=array([1., 1., 1.]), lineWidth=1, name='cB_3', opacity=1.0, ori=array(0.), pos=array([0., 0.]), size=array([1., 1.]), units='height', vertices=ndarray(...), win=Window(...))
12.2982 	EXP 	Created textServer = TextStim(__class__=<class 'psychopy.visual.text.TextStim'>, alignHoriz='center', alignVert='center', antialias=True, autoLog=True, bold=False, color='white', colorSpace='named', contrast=1.0, depth=-1.0, flipHoriz=False, flipVert=False, font='Arial', fontFiles=[], height=0.03, italic=False, languageStyle='LTR', name='textServer', opacity=1.0, ori=0, pos=array([0., 0.]), rgb=array([255., 255., 255.]), text=str(...), units='height', win=Window(...), wrapWidth=1)
12.2998 	EXP 	Created cB_4 = Rect(__class__=<class 'psychopy.visual.rect.Rect'>, autoDraw=False, autoLog=True, closeShape=True, color=method-wrapper(...), colorSpace=None, contrast=1.0, depth=0.0, fillColor=array([-1., -1., -1.]), fillColorSpace='rgb', fillRGB=array([-1., -1., -1.]), interpolate=True, lineColor=array([1., 1., 1.]), lineColorSpace='rgb', lineRGB=array([1., 1., 1.]), lineWidth=1, name='cB_4', opacity=1.0, ori=array(0.), pos=array([0., 0.]), size=array([1., 1.]), units='height', vertices=ndarray(...), win=Window(...))
12.3048 	EXP 	Created text_1 = TextStim(__class__=<class 'psychopy.visual.text.TextStim'>, alignHoriz='center', alignVert='center', antialias=True, autoLog=True, bold=False, color='white', colorSpace='named', contrast=1.0, depth=-1.0, flipHoriz=False, flipVert=False, font='Arial', fontFiles=[], height=0.05, italic=False, languageStyle='LTR', name='text_1', opacity=1.0, ori=0, pos=array([0., 0.]), rgb=array([255., 255., 255.]), text='connecting      ', units='height', win=Window(...), wrapWidth=1)
12.3098 	EXP 	Created text_2 = TextStim(__class__=<class 'psychopy.visual.text.TextStim'>, alignHoriz='center', alignVert='center', antialias=True, autoLog=True, bold=False, color='white', colorSpace='named', contrast=1.0, depth=-2.0, flipHoriz=False, flipVert=False, font='Arial', fontFiles=[], height=0.05, italic=False, languageStyle='LTR', name='text_2', opacity=1.0, ori=0, pos=array([0., 0.]), rgb=array([255., 255., 255.]), text='connecting .    ', units='height', win=Window(...), wrapWidth=1)
12.3150 	EXP 	Created text_3 = TextStim(__class__=<class 'psychopy.visual.text.TextStim'>, alignHoriz='center', alignVert='center', antialias=True, autoLog=True, bold=False, color='white', colorSpace='named', contrast=1.0, depth=-3.0, flipHoriz=False, flipVert=False, font='Arial', fontFiles=[], height=0.05, italic=False, languageStyle='LTR', name='text_3', opacity=1.0, ori=0, pos=array([0., 0.]), rgb=array([255., 255., 255.]), text='connecting . .  ', units='height', win=Window(...), wrapWidth=1)
12.3203 	EXP 	Created text_4 = TextStim(__class__=<class 'psychopy.visual.text.TextStim'>, alignHoriz='center', alignVert='center', antialias=True, autoLog=True, bold=False, color='white', colorSpace='named', contrast=1.0, depth=-4.0, flipHoriz=False, flipVert=False, font='Arial', fontFiles=[], height=0.05, italic=False, languageStyle='LTR', name='text_4', opacity=1.0, ori=0, pos=array([0., 0.]), rgb=array([255., 255., 255.]), text='connecting . . .', units='height', win=Window(...), wrapWidth=1)
12.3218 	EXP 	Created cB_5 = Rect(__class__=<class 'psychopy.visual.rect.Rect'>, autoDraw=False, autoLog=True, closeShape=True, color=method-wrapper(...), colorSpace=None, contrast=1.0, depth=0.0, fillColor=array([-1., -1., -1.]), fillColorSpace='rgb', fillRGB=array([-1., -1., -1.]), interpolate=True, lineColor=array([1., 1., 1.]), lineColorSpace='rgb', lineRGB=array([1., 1., 1.]), lineWidth=1, name='cB_5', opacity=1.0, ori=array(0.), pos=array([0., 0.]), size=array([1., 1.]), units='height', vertices=ndarray(...), win=Window(...))
12.3254 	EXP 	Created idle = TextStim(__class__=<class 'psychopy.visual.text.TextStim'>, alignHoriz='center', alignVert='center', antialias=True, autoLog=True, bold=False, color='white', colorSpace='named', contrast=1.0, depth=-1.0, flipHoriz=False, flipVert=False, font='Arial', fontFiles=[], height=0.05, italic=False, languageStyle='LTR', name='idle', opacity=1.0, ori=0, pos=array([0., 0.]), rgb=array([255., 255., 255.]), text='found', units='height', win=Window(...), wrapWidth=1)
12.3301 	EXP 	Created idle_2 = TextStim(__class__=<class 'psychopy.visual.text.TextStim'>, alignHoriz='center', alignVert='center', antialias=True, autoLog=True, bold=False, color='white', colorSpace='named', contrast=1.0, depth=-2.0, flipHoriz=False, flipVert=False, font='Arial', fontFiles=[], height=0.05, italic=False, languageStyle='LTR', name='idle_2', opacity=1.0, ori=0, pos=array([0., 0.]), rgb=array([255., 255., 255.]), text='init proc     ', units='height', win=Window(...), wrapWidth=1)
12.3390 	EXP 	Created idle_3 = TextStim(__class__=<class 'psychopy.visual.text.TextStim'>, alignHoriz='center', alignVert='center', antialias=True, autoLog=True, bold=False, color='white', colorSpace='named', contrast=1.0, depth=-3.0, flipHoriz=False, flipVert=False, font='Arial', fontFiles=[], height=0.05, italic=False, languageStyle='LTR', name='idle_3', opacity=1.0, ori=0, pos=array([0., 0.]), rgb=array([255., 255., 255.]), text='init proc 2141', units='height', win=Window(...), wrapWidth=1)
12.3455 	EXP 	Created idle_4 = TextStim(__class__=<class 'psychopy.visual.text.TextStim'>, alignHoriz='center', alignVert='center', antialias=True, autoLog=True, bold=False, color='white', colorSpace='named', contrast=1.0, depth=-4.0, flipHoriz=False, flipVert=False, font='Arial', fontFiles=[], height=0.05, italic=False, languageStyle='LTR', name='idle_4', opacity=1.0, ori=0, pos=array([0., 0.]), rgb=array([255., 255., 255.]), text='init proc 2215', units='height', win=Window(...), wrapWidth=1)
12.3531 	EXP 	Created idle_5 = TextStim(__class__=<class 'psychopy.visual.text.TextStim'>, alignHoriz='center', alignVert='center', antialias=True, autoLog=True, bold=False, color='white', colorSpace='named', contrast=1.0, depth=-5.0, flipHoriz=False, flipVert=False, font='Arial', fontFiles=[], height=0.05, italic=False, languageStyle='LTR', name='idle_5', opacity=1.0, ori=0, pos=array([0., 0.]), rgb=array([255., 255., 255.]), text='init proc 3229', units='height', win=Window(...), wrapWidth=1)
12.3586 	EXP 	Created idle_6 = TextStim(__class__=<class 'psychopy.visual.text.TextStim'>, alignHoriz='center', alignVert='center', antialias=True, autoLog=True, bold=False, color='white', colorSpace='named', contrast=1.0, depth=-6.0, flipHoriz=False, flipVert=False, font='Arial', fontFiles=[], height=0.05, italic=False, languageStyle='LTR', name='idle_6', opacity=1.0, ori=0, pos=array([0., 0.]), rgb=array([255., 255., 255.]), text='init proc 4325', units='height', win=Window(...), wrapWidth=1)
12.3651 	EXP 	Created idle_7 = TextStim(__class__=<class 'psychopy.visual.text.TextStim'>, alignHoriz='center', alignVert='center', antialias=True, autoLog=True, bold=False, color='white', colorSpace='named', contrast=1.0, depth=-7.0, flipHoriz=False, flipVert=False, font='Arial', fontFiles=[], height=0.05, italic=False, languageStyle='LTR', name='idle_7', opacity=1.0, ori=0, pos=array([0., 0.]), rgb=array([255., 255., 255.]), text='init proc 1337', units='height', win=Window(...), wrapWidth=1)
12.3711 	EXP 	Created ilde_8 = TextStim(__class__=<class 'psychopy.visual.text.TextStim'>, alignHoriz='center', alignVert='center', antialias=True, autoLog=True, bold=False, color='white', colorSpace='named', contrast=1.0, depth=-8.0, flipHoriz=False, flipVert=False, font='Arial', fontFiles=[], height=0.05, italic=False, languageStyle='LTR', name='ilde_8', opacity=1.0, ori=0, pos=array([0., 0.]), rgb=array([255., 255., 255.]), text='buffering      ', units='height', win=Window(...), wrapWidth=1)
12.3768 	EXP 	Created idle_9 = TextStim(__class__=<class 'psychopy.visual.text.TextStim'>, alignHoriz='center', alignVert='center', antialias=True, autoLog=True, bold=False, color='white', colorSpace='named', contrast=1.0, depth=-9.0, flipHoriz=False, flipVert=False, font='Arial', fontFiles=[], height=0.05, italic=False, languageStyle='LTR', name='idle_9', opacity=1.0, ori=0, pos=array([0., 0.]), rgb=array([255., 255., 255.]), text='buffering .    ', units='height', win=Window(...), wrapWidth=1)
12.3826 	EXP 	Created idle_10 = TextStim(__class__=<class 'psychopy.visual.text.TextStim'>, alignHoriz='center', alignVert='center', antialias=True, autoLog=True, bold=False, color='white', colorSpace='named', contrast=1.0, depth=-10.0, flipHoriz=False, flipVert=False, font='Arial', fontFiles=[], height=0.05, italic=False, languageStyle='LTR', name='idle_10', opacity=1.0, ori=0, pos=array([0., 0.]), rgb=array([255., 255., 255.]), text='buffering . .  ', units='height', win=Window(...), wrapWidth=1)
12.3883 	EXP 	Created idle_11 = TextStim(__class__=<class 'psychopy.visual.text.TextStim'>, alignHoriz='center', alignVert='center', antialias=True, autoLog=True, bold=False, color='white', colorSpace='named', contrast=1.0, depth=-11.0, flipHoriz=False, flipVert=False, font='Arial', fontFiles=[], height=0.05, italic=False, languageStyle='LTR', name='idle_11', opacity=1.0, ori=0, pos=array([0., 0.]), rgb=array([255., 255., 255.]), text='buffering . . .', units='height', win=Window(...), wrapWidth=1)
12.3999 	EXP 	Created idle_12 = TextStim(__class__=<class 'psychopy.visual.text.TextStim'>, alignHoriz='center', alignVert='center', antialias=True, autoLog=True, bold=False, color='white', colorSpace='named', contrast=1.0, depth=-12.0, flipHoriz=False, flipVert=False, font='Arial', fontFiles=[], height=0.05, italic=False, languageStyle='LTR', name='idle_12', opacity=1.0, ori=0, pos=array([0., 0.]), rgb=array([255., 255., 255.]), text='run /serv/234_1/sd connect', units='height', win=Window(...), wrapWidth=1)
12.4015 	EXP 	Created cB_6 = Rect(__class__=<class 'psychopy.visual.rect.Rect'>, autoDraw=False, autoLog=True, closeShape=True, color=method-wrapper(...), colorSpace=None, contrast=1.0, depth=0.0, fillColor=array([-1., -1., -1.]), fillColorSpace='rgb', fillRGB=array([-1., -1., -1.]), interpolate=True, lineColor=array([1., 1., 1.]), lineColorSpace='rgb', lineRGB=array([1., 1., 1.]), lineWidth=1, name='cB_6', opacity=1.0, ori=array(0.), pos=array([0., 0.]), size=array([1., 1.]), units='height', vertices=ndarray(...), win=Window(...))
12.4439 	EXP 	Created sBInstructions = TextStim(__class__=<class 'psychopy.visual.text.TextStim'>, alignHoriz='center', alignVert='center', antialias=True, autoLog=True, bold=False, color='white', colorSpace='named', contrast=1.0, depth=-1.0, flipHoriz=False, flipVert=False, font='Arial', fontFiles=[], height=0.05, italic=False, languageStyle='LTR', name='sBInstructions', opacity=1.0, ori=0, pos=array([0., 0.]), rgb=array([255., 255., 255.]), text=str(...), units='height', win=Window(...), wrapWidth=1)
12.4454 	EXP 	Created cB_8 = Rect(__class__=<class 'psychopy.visual.rect.Rect'>, autoDraw=False, autoLog=True, closeShape=True, color=method-wrapper(...), colorSpace=None, contrast=1.0, depth=0.0, fillColor=array([-1., -1., -1.]), fillColorSpace='rgb', fillRGB=array([-1., -1., -1.]), interpolate=True, lineColor=array([1., 1., 1.]), lineColorSpace='rgb', lineRGB=array([1., 1., 1.]), lineWidth=1, name='cB_8', opacity=1.0, ori=array(0.), pos=array([0., 0.]), size=array([1., 1.]), units='height', vertices=ndarray(...), win=Window(...))
12.4687 	EXP 	Created text = TextStim(__class__=<class 'psychopy.visual.text.TextStim'>, alignHoriz='center', alignVert='center', antialias=True, autoLog=True, bold=False, color='white', colorSpace='named', contrast=1.0, depth=-1.0, flipHoriz=False, flipVert=False, font='Arial', fontFiles=[], height=0.1, italic=False, languageStyle='LTR', name='text', opacity=1.0, ori=0, pos=array([0., 0.]), rgb=array([255., 255., 255.]), text='default text', units='height', win=Window(...), wrapWidth=1)
12.4738 	EXP 	Created imagesbRnd = ImageStim(__class__=<class 'psychopy.visual.image.ImageStim'>, autoLog=True, color=array([1., 1., 1.]), colorSpace='rgb', contrast=1.0, depth=-2.0, flipHoriz=False, flipVert=False, image='sin', interpolate=True, mask=None, maskParams=None, name='imagesbRnd', opacity=1.0, ori=0.0, pos=array([0., 0.]), size=array([0.25, 0.25]), texRes=128, units='height', win=Window(...))
12.5143 	EXP 	Created Slider = RatingScale(__class__=type(...), acceptKeys=['return'], acceptPreText=UNKNOWN, acceptSize=UNKNOWN, acceptText='accept?', autoLog=True, choices=False, depth=0, disappear=False, flipVert=False, high=4, kwargs=UNKNOWN, labels=list(...), leftKeys=['left'], lineColor='White', low=0, marker=ShapeStim(...), markerColor='DarkBlue', markerExpansion=UNKNOWN, markerStart=2.0, maxTime=0.0, minTime=0.4, mouseOnly=False, name='Slider', noMouse=False, pos=[0.0, -0.4], precision=1, respKeys=['0', '1', '2', '3', '4'], rightKeys=['right'], scale='', self=UNKNOWN, showAccept=True, showValue=True, singleClick=False, size=0.6, skipKeys=['tab'], stretch=1.0, textColor='LightGray', textFont='Helvetica Bold', textSize=0.12, tickHeight=1.0, tickMarks=4.0, win=Window(...))
12.5158 	EXP 	Created cB_9 = Rect(__class__=<class 'psychopy.visual.rect.Rect'>, autoDraw=False, autoLog=True, closeShape=True, color=method-wrapper(...), colorSpace=None, contrast=1.0, depth=0.0, fillColor=array([-1., -1., -1.]), fillColorSpace='rgb', fillRGB=array([-1., -1., -1.]), interpolate=True, lineColor=array([1., 1., 1.]), lineColorSpace='rgb', lineRGB=array([1., 1., 1.]), lineWidth=1, name='cB_9', opacity=1.0, ori=array(0.), pos=array([0., 0.]), size=array([1., 1.]), units='height', vertices=ndarray(...), win=Window(...))
12.5173 	EXP 	Created cbFb = Rect(__class__=<class 'psychopy.visual.rect.Rect'>, autoDraw=False, autoLog=True, closeShape=True, color=method-wrapper(...), colorSpace=None, contrast=1.0, depth=-1.0, fillColor=array([-1., -1., -1.]), fillColorSpace='rgb', fillRGB=array([-1., -1., -1.]), interpolate=True, lineColor=array([1., 1., 1.]), lineColorSpace='rgb', lineRGB=array([1., 1., 1.]), lineWidth=1, name='cbFb', opacity=1.0, ori=array(0.), pos=array([0., 0.]), size=array([1., 1.]), units='height', vertices=ndarray(...), win=Window(...))
12.5251 	EXP 	Created textFb = TextStim(__class__=<class 'psychopy.visual.text.TextStim'>, alignHoriz='center', alignVert='center', antialias=True, autoLog=True, bold=False, color='white', colorSpace='named', contrast=1.0, depth=-2.0, flipHoriz=False, flipVert=False, font='Arial', fontFiles=[], height=0.05, italic=False, languageStyle='LTR', name='textFb', opacity=1.0, ori=0, pos=array([0., 0.]), rgb=array([255., 255., 255.]), text='default text', units='height', win=Window(...), wrapWidth=1)
12.5266 	EXP 	Created cB_8 = Rect(__class__=<class 'psychopy.visual.rect.Rect'>, autoDraw=False, autoLog=True, closeShape=True, color=method-wrapper(...), colorSpace=None, contrast=1.0, depth=0.0, fillColor=array([-1., -1., -1.]), fillColorSpace='rgb', fillRGB=array([-1., -1., -1.]), interpolate=True, lineColor=array([1., 1., 1.]), lineColorSpace='rgb', lineRGB=array([1., 1., 1.]), lineWidth=1, name='cB_8', opacity=1.0, ori=array(0.), pos=array([0., 0.]), size=array([1., 1.]), units='height', vertices=ndarray(...), win=Window(...))
12.5325 	EXP 	Created text = TextStim(__class__=<class 'psychopy.visual.text.TextStim'>, alignHoriz='center', alignVert='center', antialias=True, autoLog=True, bold=False, color='white', colorSpace='named', contrast=1.0, depth=-1.0, flipHoriz=False, flipVert=False, font='Arial', fontFiles=[], height=0.1, italic=False, languageStyle='LTR', name='text', opacity=1.0, ori=0, pos=array([0., 0.]), rgb=array([255., 255., 255.]), text='default text', units='height', win=Window(...), wrapWidth=1)
12.5345 	EXP 	Created imagesbRnd = ImageStim(__class__=<class 'psychopy.visual.image.ImageStim'>, autoLog=True, color=array([1., 1., 1.]), colorSpace='rgb', contrast=1.0, depth=-2.0, flipHoriz=False, flipVert=False, image='sin', interpolate=True, mask=None, maskParams=None, name='imagesbRnd', opacity=1.0, ori=0.0, pos=array([0., 0.]), size=array([0.25, 0.25]), texRes=128, units='height', win=Window(...))
12.5545 	EXP 	Created Slider = RatingScale(__class__=type(...), acceptKeys=['return'], acceptPreText=UNKNOWN, acceptSize=UNKNOWN, acceptText='accept?', autoLog=True, choices=False, depth=0, disappear=False, flipVert=False, high=4, kwargs=UNKNOWN, labels=list(...), leftKeys=['left'], lineColor='White', low=0, marker=ShapeStim(...), markerColor='DarkBlue', markerExpansion=UNKNOWN, markerStart=2.0, maxTime=0.0, minTime=0.4, mouseOnly=False, name='Slider', noMouse=False, pos=[0.0, -0.4], precision=1, respKeys=['0', '1', '2', '3', '4'], rightKeys=['right'], scale='', self=UNKNOWN, showAccept=True, showValue=True, singleClick=False, size=0.6, skipKeys=['tab'], stretch=1.0, textColor='LightGray', textFont='Helvetica Bold', textSize=0.12, tickHeight=1.0, tickMarks=4.0, win=Window(...))
12.5561 	EXP 	Created cB_9 = Rect(__class__=<class 'psychopy.visual.rect.Rect'>, autoDraw=False, autoLog=True, closeShape=True, color=method-wrapper(...), colorSpace=None, contrast=1.0, depth=0.0, fillColor=array([-1., -1., -1.]), fillColorSpace='rgb', fillRGB=array([-1., -1., -1.]), interpolate=True, lineColor=array([1., 1., 1.]), lineColorSpace='rgb', lineRGB=array([1., 1., 1.]), lineWidth=1, name='cB_9', opacity=1.0, ori=array(0.), pos=array([0., 0.]), size=array([1., 1.]), units='height', vertices=ndarray(...), win=Window(...))
12.5575 	EXP 	Created cbFb = Rect(__class__=<class 'psychopy.visual.rect.Rect'>, autoDraw=False, autoLog=True, closeShape=True, color=method-wrapper(...), colorSpace=None, contrast=1.0, depth=-1.0, fillColor=array([-1., -1., -1.]), fillColorSpace='rgb', fillRGB=array([-1., -1., -1.]), interpolate=True, lineColor=array([1., 1., 1.]), lineColorSpace='rgb', lineRGB=array([1., 1., 1.]), lineWidth=1, name='cbFb', opacity=1.0, ori=array(0.), pos=array([0., 0.]), size=array([1., 1.]), units='height', vertices=ndarray(...), win=Window(...))
12.5630 	EXP 	Created textFb = TextStim(__class__=<class 'psychopy.visual.text.TextStim'>, alignHoriz='center', alignVert='center', antialias=True, autoLog=True, bold=False, color='white', colorSpace='named', contrast=1.0, depth=-2.0, flipHoriz=False, flipVert=False, font='Arial', fontFiles=[], height=0.05, italic=False, languageStyle='LTR', name='textFb', opacity=1.0, ori=0, pos=array([0., 0.]), rgb=array([255., 255., 255.]), text='default text', units='height', win=Window(...), wrapWidth=1)
12.5646 	EXP 	Created cB_10 = Rect(__class__=<class 'psychopy.visual.rect.Rect'>, autoDraw=False, autoLog=True, closeShape=True, color=method-wrapper(...), colorSpace=None, contrast=1.0, depth=0.0, fillColor=array([-1., -1., -1.]), fillColorSpace='rgb', fillRGB=array([-1., -1., -1.]), interpolate=True, lineColor=array([1., 1., 1.]), lineColorSpace='rgb', lineRGB=array([1., 1., 1.]), lineWidth=1, name='cB_10', opacity=1.0, ori=array(0.), pos=array([0., 0.]), size=array([1., 1.]), units='height', vertices=ndarray(...), win=Window(...))
12.6237 	EXP 	Created sbEndText = TextStim(__class__=<class 'psychopy.visual.text.TextStim'>, alignHoriz='center', alignVert='center', antialias=True, autoLog=True, bold=False, color='white', colorSpace='named', contrast=1.0, depth=-1.0, flipHoriz=False, flipVert=False, font='Arial', fontFiles=[], height=0.1, italic=False, languageStyle='LTR', name='sbEndText', opacity=1.0, ori=0, pos=array([0., 0.]), rgb=array([255., 255., 255.]), text=str(...), units='height', win=Window(...), wrapWidth=1)
12.6422 	EXP 	Slider: flipVert = False
12.6422 	EXP 	Slider: autoLog = True
12.6422 	EXP 	Slider: flipVert = False
12.6422 	EXP 	Slider: autoLog = True
12.6422 	EXP 	cB_1: autoDraw = True
12.6422 	EXP 	textWelcome: autoDraw = True
13.2390 	DATA 	Keypress: 1
13.2553 	EXP 	cB_1: autoDraw = False
13.2553 	EXP 	textWelcome: autoDraw = False
13.2553 	EXP 	cB_2: autoDraw = True
13.2553 	EXP 	textInstructions: autoDraw = True
13.4603 	DATA 	Keypress: 1
13.4771 	EXP 	cB_2: autoDraw = False
13.4771 	EXP 	textInstructions: autoDraw = False
13.4771 	EXP 	cB_3: autoDraw = True
13.4771 	EXP 	textServer: autoDraw = True
13.7348 	DATA 	Keypress: 1
13.7354 	EXP 	Created sequence: random, trialTypes=1, nReps=1, seed=None
13.7356 	EXP 	New trial (rep=0, index=0): None
13.7517 	EXP 	cB_3: autoDraw = False
13.7517 	EXP 	textServer: autoDraw = False
13.7517 	EXP 	cB_4: autoDraw = True
13.7517 	EXP 	text_1: autoDraw = True
14.7225 	EXP 	text_2: autoDraw = True
14.7563 	EXP 	text_1: autoDraw = False
15.2347 	EXP 	text_2: autoDraw = False
15.2347 	EXP 	text_3: autoDraw = True
15.7300 	EXP 	text_4: autoDraw = True
15.7472 	EXP 	text_3: autoDraw = False
16.2431 	EXP 	text_4: autoDraw = False
16.2602 	EXP 	cB_4: autoDraw = False
16.2602 	EXP 	text_1: autoDraw = False
16.2602 	EXP 	text_2: autoDraw = False
16.2602 	EXP 	text_3: autoDraw = False
16.2602 	EXP 	text_4: autoDraw = False
16.2602 	EXP 	cB_5: autoDraw = True
16.4305 	EXP 	idle: autoDraw = True
16.7390 	EXP 	idle: autoDraw = False
16.7390 	EXP 	idle_2: autoDraw = True
16.7736 	DATA 	Keypress: 1
16.9431 	EXP 	idle_2: autoDraw = False
16.9431 	EXP 	idle_3: autoDraw = True
17.0286 	EXP 	idle_3: autoDraw = False
17.0286 	EXP 	idle_4: autoDraw = True
17.1835 	EXP 	idle_4: autoDraw = False
17.1835 	EXP 	idle_5: autoDraw = True
17.3362 	EXP 	idle_5: autoDraw = False
17.3362 	EXP 	idle_6: autoDraw = True
17.4898 	EXP 	idle_6: autoDraw = False
17.4898 	EXP 	idle_7: autoDraw = True
17.5920 	EXP 	idle_7: autoDraw = False
17.5920 	EXP 	ilde_8: autoDraw = True
18.0867 	EXP 	ilde_8: autoDraw = False
18.0867 	EXP 	idle_9: autoDraw = True
18.5833 	EXP 	idle_10: autoDraw = True
18.6006 	EXP 	idle_9: autoDraw = False
19.0780 	EXP 	idle_11: autoDraw = True
19.0949 	EXP 	idle_10: autoDraw = False
19.5901 	EXP 	idle_11: autoDraw = False
19.5901 	EXP 	idle_12: autoDraw = True
19.7434 	EXP 	idle_12: autoDraw = False
20.2544 	EXP 	cB_5: autoDraw = False
20.2544 	EXP 	idle: autoDraw = False
20.2544 	EXP 	idle_2: autoDraw = False
20.2544 	EXP 	idle_3: autoDraw = False
20.2544 	EXP 	idle_4: autoDraw = False
20.2544 	EXP 	idle_5: autoDraw = False
20.2544 	EXP 	idle_6: autoDraw = False
20.2544 	EXP 	idle_7: autoDraw = False
20.2544 	EXP 	ilde_8: autoDraw = False
20.2544 	EXP 	idle_9: autoDraw = False
20.2544 	EXP 	idle_10: autoDraw = False
20.2544 	EXP 	idle_11: autoDraw = False
20.2544 	EXP 	idle_12: autoDraw = False
20.2544 	EXP 	cB_6: autoDraw = True
20.4250 	EXP 	sBInstructions: autoDraw = True
20.7835 	DATA 	Keypress: 1
20.8267 	EXP 	Imported contitions.xlsx as conditions, 20 conditions, 5 params
20.8271 	EXP 	Created sequence: random, trialTypes=20, nReps=5, seed=None
20.8275 	EXP 	New trial (rep=0, index=0): OrderedDict([('playerId', 'Lukas'), ('avatarFile', 'images/avatar2.jpg'), ('choiceLabel', 'keep the investment'), ('actionLabel', 0), ('correctResponse', 'defect')])
20.9037 	EXP 	RatingScale Slider: reset()
20.9360 	EXP 	cB_6: autoDraw = False
20.9360 	EXP 	sBInstructions: autoDraw = False
20.9360 	EXP 	text: text = 'This round you are playing with Lukas!'
20.9360 	EXP 	imagesbRnd: image = 'images/avatar2.jpg'
20.9360 	EXP 	cB_8: autoDraw = True
20.9360 	EXP 	text: autoDraw = True
20.9360 	EXP 	imagesbRnd: autoDraw = True
20.9360 	EXP 	Slider: autoDraw = True
23.5103 	DATA 	Keypress: left
25.4883 	DATA 	Keypress: right
25.6752 	DATA 	Keypress: right
26.4436 	DATA 	Keypress: left
26.6153 	DATA 	Keypress: left
26.8734 	DATA 	Keypress: right
27.0773 	DATA 	Keypress: right
29.0557 	DATA 	Keypress: return
29.0577 	DATA 	RatingScale Slider: (key response) rating=3
29.0578 	DATA 	RatingScale Slider: rating RT=8.153
29.0578 	DATA 	RatingScale Slider: history=[(2.0, 0.0), (1, 2.606), (2, 4.586), (3, 4.773), (2, 5.541), (1, 5.713), (2, 5.985), (3, 6.173), (3, 8.153)]
29.0899 	EXP 	cB_8: autoDraw = False
29.0899 	EXP 	text: autoDraw = False
29.0899 	EXP 	imagesbRnd: autoDraw = False
29.0899 	EXP 	Slider: autoDraw = False
29.0899 	EXP 	cB_9: autoDraw = True
29.6022 	EXP 	cB_9: autoDraw = False
29.6022 	EXP 	textFb: text = 'empty'
29.6022 	EXP 	cbFb: autoDraw = True
29.6022 	EXP 	textFb: autoDraw = True
32.5779 	EXP 	New trial (rep=0, index=1): OrderedDict([('playerId', 'Paul'), ('avatarFile', 'images/avatar1.jpg'), ('choiceLabel', 'keep the investment'), ('actionLabel', 0), ('correctResponse', 'defect')])
32.6689 	EXP 	RatingScale Slider: reset()
32.6953 	EXP 	cbFb: autoDraw = False
32.6953 	EXP 	textFb: autoDraw = False
32.6953 	EXP 	text: text = 'This round you are playing with Paul!'
32.6953 	EXP 	imagesbRnd: image = 'images/avatar1.jpg'
32.6953 	EXP 	cB_8: autoDraw = True
32.6953 	EXP 	text: autoDraw = True
32.6953 	EXP 	imagesbRnd: autoDraw = True
32.6953 	EXP 	Slider: autoDraw = True
34.4319 	DATA 	Keypress: left
34.7057 	DATA 	Keypress: return
34.7080 	DATA 	RatingScale Slider: (key response) rating=1
34.7081 	DATA 	RatingScale Slider: rating RT=2.035
34.7081 	DATA 	RatingScale Slider: history=[(2.0, 0.0), (1, 1.761), (1, 2.035)]
34.7396 	EXP 	cB_8: autoDraw = False
34.7396 	EXP 	text: autoDraw = False
34.7396 	EXP 	imagesbRnd: autoDraw = False
34.7396 	EXP 	Slider: autoDraw = False
34.7396 	EXP 	cB_9: autoDraw = True
35.2518 	EXP 	cB_9: autoDraw = False
35.2518 	EXP 	textFb: text = 'empty'
35.2518 	EXP 	cbFb: autoDraw = True
35.2518 	EXP 	textFb: autoDraw = True
38.0379 	DATA 	Keypress: right
38.2278 	EXP 	New trial (rep=0, index=2): OrderedDict([('playerId', 'Lukas'), ('avatarFile', 'images/avatar2.jpg'), ('choiceLabel', 'reciprocate'), ('actionLabel', 1), ('correctResponse', 'trust')])
38.3114 	EXP 	RatingScale Slider: reset()
38.3267 	EXP 	cbFb: autoDraw = False
38.3267 	EXP 	textFb: autoDraw = False
38.3267 	EXP 	text: text = 'This round you are playing with Lukas!'
38.3267 	EXP 	imagesbRnd: image = 'images/avatar2.jpg'
38.3267 	EXP 	cB_8: autoDraw = True
38.3267 	EXP 	text: autoDraw = True
38.3267 	EXP 	imagesbRnd: autoDraw = True
38.3267 	EXP 	Slider: autoDraw = True
39.9311 	DATA 	Mouse: Left button down, pos=(1259,833)
40.0327 	DATA 	Mouse:  Left button up, pos=(1259,833)
40.2894 	DATA 	Keypress: escape
40.4294 	EXP 	window1: mouseVisible = True
