2.4129 	WARNING 	Import Error: No module named 'psychtoolbox'. Using event module for keyboard component.
4.4580 	WARNING 	User requested fullscreen with size [1024  768], but screen is actually [1680, 1050]. Using actual size
5.4250 	EXP 	Created window1 = Window(allowGUI=False, allowStencil=False, args=UNKNOWN, autoLog=True, bitsMode=UNKNOWN, blendMode='avg', color=array([0., 0., 0.]), colorSpace='rgb', fullscr=<method-wrapper '__getattribute__' of attributeSetter object at 0x0B0505D0>, gamma=None, gammaErrorPolicy='raise', kwargs=UNKNOWN, lms=UNKNOWN, monitor=<psychopy.monitors.calibTools.Monitor object at 0x08A432D0>, multiSample=False, name='window1', numSamples=2, pos=[0.0, 0.0], screen=0, size=array([1680, 1050]), stereo=False, units='height', useFBO=True, useRetina=False, viewOri=0.0, viewPos=None, viewScale=None, waitBlanking=True, winType='pyglet')
5.4250 	EXP 	window1: recordFrameIntervals = False
5.5951 	EXP 	window1: recordFrameIntervals = True
5.7829 	EXP 	window1: recordFrameIntervals = False
5.7853 	EXP 	Created cB_1 = Rect(__class__=<class 'psychopy.visual.rect.Rect'>, autoDraw=False, autoLog=True, closeShape=True, color=method-wrapper(...), colorSpace=None, contrast=1.0, depth=0.0, fillColor=array([-1., -1., -1.]), fillColorSpace='rgb', fillRGB=array([-1., -1., -1.]), interpolate=True, lineColor=array([1., 1., 1.]), lineColorSpace='rgb', lineRGB=array([1., 1., 1.]), lineWidth=1, name='cB_1', opacity=1.0, ori=array(0.), pos=array([0., 0.]), size=array([1., 1.]), units='height', vertices=ndarray(...), win=Window(...))
5.9309 	EXP 	Created textWelcome = TextStim(__class__=<class 'psychopy.visual.text.TextStim'>, alignHoriz='center', alignVert='center', antialias=True, autoLog=True, bold=False, color='white', colorSpace='named', contrast=1.0, depth=-1.0, flipHoriz=False, flipVert=False, font='Arial', fontFiles=[], height=0.05, italic=False, languageStyle='LTR', name='textWelcome', opacity=1.0, ori=0, pos=array([0., 0.]), rgb=array([255., 255., 255.]), text=str(...), units='height', win=Window(...), wrapWidth=1)
5.9324 	EXP 	Created cB_2 = Rect(__class__=<class 'psychopy.visual.rect.Rect'>, autoDraw=False, autoLog=True, closeShape=True, color=method-wrapper(...), colorSpace=None, contrast=1.0, depth=0.0, fillColor=array([-1., -1., -1.]), fillColorSpace='rgb', fillRGB=array([-1., -1., -1.]), interpolate=True, lineColor=array([1., 1., 1.]), lineColorSpace='rgb', lineRGB=array([1., 1., 1.]), lineWidth=1, name='cB_2', opacity=1.0, ori=array(0.), pos=array([0., 0.]), size=array([1., 1.]), units='height', vertices=ndarray(...), win=Window(...))
6.0152 	EXP 	Created textInstructions = TextStim(__class__=<class 'psychopy.visual.text.TextStim'>, alignHoriz='center', alignVert='center', antialias=True, autoLog=True, bold=False, color='white', colorSpace='named', contrast=1.0, depth=-1.0, flipHoriz=False, flipVert=False, font='Arial', fontFiles=[], height=0.03, italic=False, languageStyle='LTR', name='textInstructions', opacity=1.0, ori=0, pos=array([0., 0.]), rgb=array([255., 255., 255.]), text=str(...), units='height', win=Window(...), wrapWidth=1)
6.0167 	EXP 	Created cB_3 = Rect(__class__=<class 'psychopy.visual.rect.Rect'>, autoDraw=False, autoLog=True, closeShape=True, color=method-wrapper(...), colorSpace=None, contrast=1.0, depth=0.0, fillColor=array([-1., -1., -1.]), fillColorSpace='rgb', fillRGB=array([-1., -1., -1.]), interpolate=True, lineColor=array([1., 1., 1.]), lineColorSpace='rgb', lineRGB=array([1., 1., 1.]), lineWidth=1, name='cB_3', opacity=1.0, ori=array(0.), pos=array([0., 0.]), size=array([1., 1.]), units='height', vertices=ndarray(...), win=Window(...))
6.0540 	EXP 	Created textServer = TextStim(__class__=<class 'psychopy.visual.text.TextStim'>, alignHoriz='center', alignVert='center', antialias=True, autoLog=True, bold=False, color='white', colorSpace='named', contrast=1.0, depth=-1.0, flipHoriz=False, flipVert=False, font='Arial', fontFiles=[], height=0.03, italic=False, languageStyle='LTR', name='textServer', opacity=1.0, ori=0, pos=array([0., 0.]), rgb=array([255., 255., 255.]), text=str(...), units='height', win=Window(...), wrapWidth=1)
6.0555 	EXP 	Created cB_4 = Rect(__class__=<class 'psychopy.visual.rect.Rect'>, autoDraw=False, autoLog=True, closeShape=True, color=method-wrapper(...), colorSpace=None, contrast=1.0, depth=0.0, fillColor=array([-1., -1., -1.]), fillColorSpace='rgb', fillRGB=array([-1., -1., -1.]), interpolate=True, lineColor=array([1., 1., 1.]), lineColorSpace='rgb', lineRGB=array([1., 1., 1.]), lineWidth=1, name='cB_4', opacity=1.0, ori=array(0.), pos=array([0., 0.]), size=array([1., 1.]), units='height', vertices=ndarray(...), win=Window(...))
6.0607 	EXP 	Created text_1 = TextStim(__class__=<class 'psychopy.visual.text.TextStim'>, alignHoriz='center', alignVert='center', antialias=True, autoLog=True, bold=False, color='white', colorSpace='named', contrast=1.0, depth=-1.0, flipHoriz=False, flipVert=False, font='Arial', fontFiles=[], height=0.05, italic=False, languageStyle='LTR', name='text_1', opacity=1.0, ori=0, pos=array([0., 0.]), rgb=array([255., 255., 255.]), text='connecting      ', units='height', win=Window(...), wrapWidth=1)
6.0656 	EXP 	Created text_2 = TextStim(__class__=<class 'psychopy.visual.text.TextStim'>, alignHoriz='center', alignVert='center', antialias=True, autoLog=True, bold=False, color='white', colorSpace='named', contrast=1.0, depth=-2.0, flipHoriz=False, flipVert=False, font='Arial', fontFiles=[], height=0.05, italic=False, languageStyle='LTR', name='text_2', opacity=1.0, ori=0, pos=array([0., 0.]), rgb=array([255., 255., 255.]), text='connecting .    ', units='height', win=Window(...), wrapWidth=1)
6.0708 	EXP 	Created text_3 = TextStim(__class__=<class 'psychopy.visual.text.TextStim'>, alignHoriz='center', alignVert='center', antialias=True, autoLog=True, bold=False, color='white', colorSpace='named', contrast=1.0, depth=-3.0, flipHoriz=False, flipVert=False, font='Arial', fontFiles=[], height=0.05, italic=False, languageStyle='LTR', name='text_3', opacity=1.0, ori=0, pos=array([0., 0.]), rgb=array([255., 255., 255.]), text='connecting . .  ', units='height', win=Window(...), wrapWidth=1)
6.0761 	EXP 	Created text_4 = TextStim(__class__=<class 'psychopy.visual.text.TextStim'>, alignHoriz='center', alignVert='center', antialias=True, autoLog=True, bold=False, color='white', colorSpace='named', contrast=1.0, depth=-4.0, flipHoriz=False, flipVert=False, font='Arial', fontFiles=[], height=0.05, italic=False, languageStyle='LTR', name='text_4', opacity=1.0, ori=0, pos=array([0., 0.]), rgb=array([255., 255., 255.]), text='connecting . . .', units='height', win=Window(...), wrapWidth=1)
6.0776 	EXP 	Created cB_5 = Rect(__class__=<class 'psychopy.visual.rect.Rect'>, autoDraw=False, autoLog=True, closeShape=True, color=method-wrapper(...), colorSpace=None, contrast=1.0, depth=0.0, fillColor=array([-1., -1., -1.]), fillColorSpace='rgb', fillRGB=array([-1., -1., -1.]), interpolate=True, lineColor=array([1., 1., 1.]), lineColorSpace='rgb', lineRGB=array([1., 1., 1.]), lineWidth=1, name='cB_5', opacity=1.0, ori=array(0.), pos=array([0., 0.]), size=array([1., 1.]), units='height', vertices=ndarray(...), win=Window(...))
6.0813 	EXP 	Created idle = TextStim(__class__=<class 'psychopy.visual.text.TextStim'>, alignHoriz='center', alignVert='center', antialias=True, autoLog=True, bold=False, color='white', colorSpace='named', contrast=1.0, depth=-1.0, flipHoriz=False, flipVert=False, font='Arial', fontFiles=[], height=0.05, italic=False, languageStyle='LTR', name='idle', opacity=1.0, ori=0, pos=array([0., 0.]), rgb=array([255., 255., 255.]), text='found', units='height', win=Window(...), wrapWidth=1)
6.0862 	EXP 	Created idle_2 = TextStim(__class__=<class 'psychopy.visual.text.TextStim'>, alignHoriz='center', alignVert='center', antialias=True, autoLog=True, bold=False, color='white', colorSpace='named', contrast=1.0, depth=-2.0, flipHoriz=False, flipVert=False, font='Arial', fontFiles=[], height=0.05, italic=False, languageStyle='LTR', name='idle_2', opacity=1.0, ori=0, pos=array([0., 0.]), rgb=array([255., 255., 255.]), text='init proc     ', units='height', win=Window(...), wrapWidth=1)
6.0952 	EXP 	Created idle_3 = TextStim(__class__=<class 'psychopy.visual.text.TextStim'>, alignHoriz='center', alignVert='center', antialias=True, autoLog=True, bold=False, color='white', colorSpace='named', contrast=1.0, depth=-3.0, flipHoriz=False, flipVert=False, font='Arial', fontFiles=[], height=0.05, italic=False, languageStyle='LTR', name='idle_3', opacity=1.0, ori=0, pos=array([0., 0.]), rgb=array([255., 255., 255.]), text='init proc 2141', units='height', win=Window(...), wrapWidth=1)
6.1020 	EXP 	Created idle_4 = TextStim(__class__=<class 'psychopy.visual.text.TextStim'>, alignHoriz='center', alignVert='center', antialias=True, autoLog=True, bold=False, color='white', colorSpace='named', contrast=1.0, depth=-4.0, flipHoriz=False, flipVert=False, font='Arial', fontFiles=[], height=0.05, italic=False, languageStyle='LTR', name='idle_4', opacity=1.0, ori=0, pos=array([0., 0.]), rgb=array([255., 255., 255.]), text='init proc 2215', units='height', win=Window(...), wrapWidth=1)
6.1093 	EXP 	Created idle_5 = TextStim(__class__=<class 'psychopy.visual.text.TextStim'>, alignHoriz='center', alignVert='center', antialias=True, autoLog=True, bold=False, color='white', colorSpace='named', contrast=1.0, depth=-5.0, flipHoriz=False, flipVert=False, font='Arial', fontFiles=[], height=0.05, italic=False, languageStyle='LTR', name='idle_5', opacity=1.0, ori=0, pos=array([0., 0.]), rgb=array([255., 255., 255.]), text='init proc 3229', units='height', win=Window(...), wrapWidth=1)
6.1149 	EXP 	Created idle_6 = TextStim(__class__=<class 'psychopy.visual.text.TextStim'>, alignHoriz='center', alignVert='center', antialias=True, autoLog=True, bold=False, color='white', colorSpace='named', contrast=1.0, depth=-6.0, flipHoriz=False, flipVert=False, font='Arial', fontFiles=[], height=0.05, italic=False, languageStyle='LTR', name='idle_6', opacity=1.0, ori=0, pos=array([0., 0.]), rgb=array([255., 255., 255.]), text='init proc 4325', units='height', win=Window(...), wrapWidth=1)
6.1216 	EXP 	Created idle_7 = TextStim(__class__=<class 'psychopy.visual.text.TextStim'>, alignHoriz='center', alignVert='center', antialias=True, autoLog=True, bold=False, color='white', colorSpace='named', contrast=1.0, depth=-7.0, flipHoriz=False, flipVert=False, font='Arial', fontFiles=[], height=0.05, italic=False, languageStyle='LTR', name='idle_7', opacity=1.0, ori=0, pos=array([0., 0.]), rgb=array([255., 255., 255.]), text='init proc 1337', units='height', win=Window(...), wrapWidth=1)
6.1277 	EXP 	Created ilde_8 = TextStim(__class__=<class 'psychopy.visual.text.TextStim'>, alignHoriz='center', alignVert='center', antialias=True, autoLog=True, bold=False, color='white', colorSpace='named', contrast=1.0, depth=-8.0, flipHoriz=False, flipVert=False, font='Arial', fontFiles=[], height=0.05, italic=False, languageStyle='LTR', name='ilde_8', opacity=1.0, ori=0, pos=array([0., 0.]), rgb=array([255., 255., 255.]), text='buffering      ', units='height', win=Window(...), wrapWidth=1)
6.1332 	EXP 	Created idle_9 = TextStim(__class__=<class 'psychopy.visual.text.TextStim'>, alignHoriz='center', alignVert='center', antialias=True, autoLog=True, bold=False, color='white', colorSpace='named', contrast=1.0, depth=-9.0, flipHoriz=False, flipVert=False, font='Arial', fontFiles=[], height=0.05, italic=False, languageStyle='LTR', name='idle_9', opacity=1.0, ori=0, pos=array([0., 0.]), rgb=array([255., 255., 255.]), text='buffering .    ', units='height', win=Window(...), wrapWidth=1)
6.1389 	EXP 	Created idle_10 = TextStim(__class__=<class 'psychopy.visual.text.TextStim'>, alignHoriz='center', alignVert='center', antialias=True, autoLog=True, bold=False, color='white', colorSpace='named', contrast=1.0, depth=-10.0, flipHoriz=False, flipVert=False, font='Arial', fontFiles=[], height=0.05, italic=False, languageStyle='LTR', name='idle_10', opacity=1.0, ori=0, pos=array([0., 0.]), rgb=array([255., 255., 255.]), text='buffering . .  ', units='height', win=Window(...), wrapWidth=1)
6.1449 	EXP 	Created idle_11 = TextStim(__class__=<class 'psychopy.visual.text.TextStim'>, alignHoriz='center', alignVert='center', antialias=True, autoLog=True, bold=False, color='white', colorSpace='named', contrast=1.0, depth=-11.0, flipHoriz=False, flipVert=False, font='Arial', fontFiles=[], height=0.05, italic=False, languageStyle='LTR', name='idle_11', opacity=1.0, ori=0, pos=array([0., 0.]), rgb=array([255., 255., 255.]), text='buffering . . .', units='height', win=Window(...), wrapWidth=1)
6.1576 	EXP 	Created idle_12 = TextStim(__class__=<class 'psychopy.visual.text.TextStim'>, alignHoriz='center', alignVert='center', antialias=True, autoLog=True, bold=False, color='white', colorSpace='named', contrast=1.0, depth=-12.0, flipHoriz=False, flipVert=False, font='Arial', fontFiles=[], height=0.05, italic=False, languageStyle='LTR', name='idle_12', opacity=1.0, ori=0, pos=array([0., 0.]), rgb=array([255., 255., 255.]), text='run /serv/234_1/sd connect', units='height', win=Window(...), wrapWidth=1)
6.1591 	EXP 	Created cB_6 = Rect(__class__=<class 'psychopy.visual.rect.Rect'>, autoDraw=False, autoLog=True, closeShape=True, color=method-wrapper(...), colorSpace=None, contrast=1.0, depth=0.0, fillColor=array([-1., -1., -1.]), fillColorSpace='rgb', fillRGB=array([-1., -1., -1.]), interpolate=True, lineColor=array([1., 1., 1.]), lineColorSpace='rgb', lineRGB=array([1., 1., 1.]), lineWidth=1, name='cB_6', opacity=1.0, ori=array(0.), pos=array([0., 0.]), size=array([1., 1.]), units='height', vertices=ndarray(...), win=Window(...))
6.2014 	EXP 	Created sBInstructions = TextStim(__class__=<class 'psychopy.visual.text.TextStim'>, alignHoriz='center', alignVert='center', antialias=True, autoLog=True, bold=False, color='white', colorSpace='named', contrast=1.0, depth=-1.0, flipHoriz=False, flipVert=False, font='Arial', fontFiles=[], height=0.05, italic=False, languageStyle='LTR', name='sBInstructions', opacity=1.0, ori=0, pos=array([0., 0.]), rgb=array([255., 255., 255.]), text=str(...), units='height', win=Window(...), wrapWidth=1)
6.2030 	EXP 	Created cB_7 = Rect(__class__=<class 'psychopy.visual.rect.Rect'>, autoDraw=False, autoLog=True, closeShape=True, color=method-wrapper(...), colorSpace=None, contrast=1.0, depth=0.0, fillColor=array([-1., -1., -1.]), fillColorSpace='rgb', fillRGB=array([-1., -1., -1.]), interpolate=True, lineColor=array([1., 1., 1.]), lineColorSpace='rgb', lineRGB=array([1., 1., 1.]), lineWidth=1, name='cB_7', opacity=1.0, ori=array(0.), pos=array([0., 0.]), size=array([1., 1.]), units='height', vertices=ndarray(...), win=Window(...))
6.2044 	EXP 	Created cB_8 = Rect(__class__=<class 'psychopy.visual.rect.Rect'>, autoDraw=False, autoLog=True, closeShape=True, color=method-wrapper(...), colorSpace=None, contrast=1.0, depth=0.0, fillColor=array([-1., -1., -1.]), fillColorSpace='rgb', fillRGB=array([-1., -1., -1.]), interpolate=True, lineColor=array([1., 1., 1.]), lineColorSpace='rgb', lineRGB=array([1., 1., 1.]), lineWidth=1, name='cB_8', opacity=1.0, ori=array(0.), pos=array([0., 0.]), size=array([1., 1.]), units='height', vertices=ndarray(...), win=Window(...))
6.2279 	EXP 	Created text = TextStim(__class__=<class 'psychopy.visual.text.TextStim'>, alignHoriz='center', alignVert='center', antialias=True, autoLog=True, bold=False, color='white', colorSpace='named', contrast=1.0, depth=-1.0, flipHoriz=False, flipVert=False, font='Arial', fontFiles=[], height=0.1, italic=False, languageStyle='LTR', name='text', opacity=1.0, ori=0, pos=array([1., 1.]), rgb=array([255., 255., 255.]), text='default text', units='height', win=Window(...), wrapWidth=1)
6.2335 	EXP 	Created imagesbRnd = ImageStim(__class__=<class 'psychopy.visual.image.ImageStim'>, autoLog=True, color=array([1., 1., 1.]), colorSpace='rgb', contrast=1.0, depth=-2.0, flipHoriz=False, flipVert=False, image='sin', interpolate=True, mask=None, maskParams=None, name='imagesbRnd', opacity=1.0, ori=0.0, pos=array([0., 0.]), size=array([0.25, 0.25]), texRes=128, units='height', win=Window(...))
6.2350 	EXP 	Created cB_9 = Rect(__class__=<class 'psychopy.visual.rect.Rect'>, autoDraw=False, autoLog=True, closeShape=True, color=method-wrapper(...), colorSpace=None, contrast=1.0, depth=0.0, fillColor=array([-1., -1., -1.]), fillColorSpace='rgb', fillRGB=array([-1., -1., -1.]), interpolate=True, lineColor=array([1., 1., 1.]), lineColorSpace='rgb', lineRGB=array([1., 1., 1.]), lineWidth=1, name='cB_9', opacity=1.0, ori=array(0.), pos=array([0., 0.]), size=array([1., 1.]), units='height', vertices=ndarray(...), win=Window(...))
6.2365 	EXP 	Created cB_8 = Rect(__class__=<class 'psychopy.visual.rect.Rect'>, autoDraw=False, autoLog=True, closeShape=True, color=method-wrapper(...), colorSpace=None, contrast=1.0, depth=0.0, fillColor=array([-1., -1., -1.]), fillColorSpace='rgb', fillRGB=array([-1., -1., -1.]), interpolate=True, lineColor=array([1., 1., 1.]), lineColorSpace='rgb', lineRGB=array([1., 1., 1.]), lineWidth=1, name='cB_8', opacity=1.0, ori=array(0.), pos=array([0., 0.]), size=array([1., 1.]), units='height', vertices=ndarray(...), win=Window(...))
6.2423 	EXP 	Created text = TextStim(__class__=<class 'psychopy.visual.text.TextStim'>, alignHoriz='center', alignVert='center', antialias=True, autoLog=True, bold=False, color='white', colorSpace='named', contrast=1.0, depth=-1.0, flipHoriz=False, flipVert=False, font='Arial', fontFiles=[], height=0.1, italic=False, languageStyle='LTR', name='text', opacity=1.0, ori=0, pos=array([1., 1.]), rgb=array([255., 255., 255.]), text='default text', units='height', win=Window(...), wrapWidth=1)
6.2446 	EXP 	Created imagesbRnd = ImageStim(__class__=<class 'psychopy.visual.image.ImageStim'>, autoLog=True, color=array([1., 1., 1.]), colorSpace='rgb', contrast=1.0, depth=-2.0, flipHoriz=False, flipVert=False, image='sin', interpolate=True, mask=None, maskParams=None, name='imagesbRnd', opacity=1.0, ori=0.0, pos=array([0., 0.]), size=array([0.25, 0.25]), texRes=128, units='height', win=Window(...))
6.2461 	EXP 	Created cB_9 = Rect(__class__=<class 'psychopy.visual.rect.Rect'>, autoDraw=False, autoLog=True, closeShape=True, color=method-wrapper(...), colorSpace=None, contrast=1.0, depth=0.0, fillColor=array([-1., -1., -1.]), fillColorSpace='rgb', fillRGB=array([-1., -1., -1.]), interpolate=True, lineColor=array([1., 1., 1.]), lineColorSpace='rgb', lineRGB=array([1., 1., 1.]), lineWidth=1, name='cB_9', opacity=1.0, ori=array(0.), pos=array([0., 0.]), size=array([1., 1.]), units='height', vertices=ndarray(...), win=Window(...))
6.2476 	EXP 	Created cB_10 = Rect(__class__=<class 'psychopy.visual.rect.Rect'>, autoDraw=False, autoLog=True, closeShape=True, color=method-wrapper(...), colorSpace=None, contrast=1.0, depth=0.0, fillColor=array([-1., -1., -1.]), fillColorSpace='rgb', fillRGB=array([-1., -1., -1.]), interpolate=True, lineColor=array([1., 1., 1.]), lineColorSpace='rgb', lineRGB=array([1., 1., 1.]), lineWidth=1, name='cB_10', opacity=1.0, ori=array(0.), pos=array([0., 0.]), size=array([1., 1.]), units='height', vertices=ndarray(...), win=Window(...))
6.3050 	EXP 	Created sbEndText = TextStim(__class__=<class 'psychopy.visual.text.TextStim'>, alignHoriz='center', alignVert='center', antialias=True, autoLog=True, bold=False, color='white', colorSpace='named', contrast=1.0, depth=-1.0, flipHoriz=False, flipVert=False, font='Arial', fontFiles=[], height=0.1, italic=False, languageStyle='LTR', name='sbEndText', opacity=1.0, ori=0, pos=array([0., 0.]), rgb=array([255., 255., 255.]), text=str(...), units='height', win=Window(...), wrapWidth=1)
6.3253 	EXP 	cB_1: autoDraw = True
6.3253 	EXP 	textWelcome: autoDraw = True
8.3022 	DATA 	Keypress: return
8.7462 	DATA 	Keypress: space
8.7631 	EXP 	cB_1: autoDraw = False
8.7631 	EXP 	textWelcome: autoDraw = False
8.7631 	EXP 	cB_2: autoDraw = True
8.7631 	EXP 	textInstructions: autoDraw = True
11.2221 	DATA 	Keypress: c
11.2388 	EXP 	cB_2: autoDraw = False
11.2388 	EXP 	textInstructions: autoDraw = False
11.2388 	EXP 	cB_3: autoDraw = True
11.2388 	EXP 	textServer: autoDraw = True
12.6904 	DATA 	Keypress: c
14.5693 	DATA 	Keypress: c
14.5700 	EXP 	Created sequence: random, trialTypes=1, nReps=5, seed=None
14.5702 	EXP 	New trial (rep=0, index=0): None
14.5861 	EXP 	cB_3: autoDraw = False
14.5861 	EXP 	textServer: autoDraw = False
14.5861 	EXP 	cB_4: autoDraw = True
14.5861 	EXP 	text_1: autoDraw = True
15.5596 	EXP 	text_2: autoDraw = True
15.5934 	EXP 	text_1: autoDraw = False
16.0538 	EXP 	text_3: autoDraw = True
16.0705 	EXP 	text_2: autoDraw = False
16.5658 	EXP 	text_3: autoDraw = False
16.5658 	EXP 	text_4: autoDraw = True
17.0795 	EXP 	text_4: autoDraw = False
17.0814 	EXP 	New trial (rep=1, index=0): None
17.0965 	EXP 	cB_4: autoDraw = False
17.0965 	EXP 	text_1: autoDraw = False
17.0965 	EXP 	text_2: autoDraw = False
17.0965 	EXP 	text_3: autoDraw = False
17.0965 	EXP 	text_4: autoDraw = False
17.0965 	EXP 	cB_4: autoDraw = True
17.0965 	EXP 	text_1: autoDraw = True
18.0688 	EXP 	text_2: autoDraw = True
18.1027 	EXP 	text_1: autoDraw = False
18.5784 	EXP 	text_2: autoDraw = False
18.5784 	EXP 	text_3: autoDraw = True
19.0728 	EXP 	text_4: autoDraw = True
19.0906 	EXP 	text_3: autoDraw = False
19.5858 	EXP 	text_4: autoDraw = False
19.5872 	EXP 	New trial (rep=2, index=0): None
19.6028 	EXP 	cB_4: autoDraw = False
19.6028 	EXP 	text_1: autoDraw = False
19.6028 	EXP 	text_2: autoDraw = False
19.6028 	EXP 	text_3: autoDraw = False
19.6028 	EXP 	text_4: autoDraw = False
19.6028 	EXP 	cB_4: autoDraw = True
19.6028 	EXP 	text_1: autoDraw = True
20.5782 	EXP 	text_2: autoDraw = True
20.6123 	EXP 	text_1: autoDraw = False
21.0740 	EXP 	text_3: autoDraw = True
21.0911 	EXP 	text_2: autoDraw = False
21.5856 	EXP 	text_3: autoDraw = False
21.5856 	EXP 	text_4: autoDraw = True
22.0807 	EXP 	New trial (rep=3, index=0): None
22.0961 	EXP 	cB_4: autoDraw = False
22.0961 	EXP 	text_1: autoDraw = False
22.0961 	EXP 	text_2: autoDraw = False
22.0961 	EXP 	text_3: autoDraw = False
22.0961 	EXP 	text_4: autoDraw = False
22.0961 	EXP 	cB_4: autoDraw = True
22.0961 	EXP 	text_1: autoDraw = True
23.0689 	EXP 	text_2: autoDraw = True
23.1028 	EXP 	text_1: autoDraw = False
23.5811 	EXP 	text_2: autoDraw = False
23.5811 	EXP 	text_3: autoDraw = True
24.0762 	EXP 	text_4: autoDraw = True
24.0935 	EXP 	text_3: autoDraw = False
24.5723 	EXP 	New trial (rep=4, index=0): None
24.5879 	EXP 	cB_4: autoDraw = False
24.5879 	EXP 	text_1: autoDraw = False
24.5879 	EXP 	text_2: autoDraw = False
24.5879 	EXP 	text_3: autoDraw = False
24.5879 	EXP 	text_4: autoDraw = False
24.5879 	EXP 	cB_4: autoDraw = True
24.5879 	EXP 	text_1: autoDraw = True
25.5598 	EXP 	text_2: autoDraw = True
25.5937 	EXP 	text_1: autoDraw = False
26.0693 	EXP 	text_2: autoDraw = False
26.0693 	EXP 	text_3: autoDraw = True
26.5636 	EXP 	text_4: autoDraw = True
26.5823 	EXP 	text_3: autoDraw = False
27.0748 	EXP 	text_4: autoDraw = False
27.0918 	EXP 	cB_4: autoDraw = False
27.0918 	EXP 	text_1: autoDraw = False
27.0918 	EXP 	text_2: autoDraw = False
27.0918 	EXP 	text_3: autoDraw = False
27.0918 	EXP 	text_4: autoDraw = False
27.0918 	EXP 	cB_5: autoDraw = True
27.2617 	EXP 	idle: autoDraw = True
27.5691 	EXP 	idle: autoDraw = False
27.5691 	EXP 	idle_2: autoDraw = True
27.7741 	EXP 	idle_2: autoDraw = False
27.7741 	EXP 	idle_3: autoDraw = True
27.8590 	EXP 	idle_3: autoDraw = False
27.8590 	EXP 	idle_4: autoDraw = True
28.0128 	EXP 	idle_4: autoDraw = False
28.0128 	EXP 	idle_5: autoDraw = True
28.1672 	EXP 	idle_5: autoDraw = False
28.1672 	EXP 	idle_6: autoDraw = True
28.3201 	EXP 	idle_6: autoDraw = False
28.3201 	EXP 	idle_7: autoDraw = True
28.4220 	EXP 	idle_7: autoDraw = False
28.4220 	EXP 	ilde_8: autoDraw = True
28.9171 	EXP 	ilde_8: autoDraw = False
28.9171 	EXP 	idle_9: autoDraw = True
29.4118 	EXP 	idle_10: autoDraw = True
29.4295 	EXP 	idle_9: autoDraw = False
29.9250 	EXP 	idle_10: autoDraw = False
29.9250 	EXP 	idle_11: autoDraw = True
30.4191 	EXP 	idle_12: autoDraw = True
30.4361 	EXP 	idle_11: autoDraw = False
30.5727 	EXP 	idle_12: autoDraw = False
30.5896 	EXP 	cB_5: autoDraw = False
30.5896 	EXP 	idle: autoDraw = False
30.5896 	EXP 	idle_2: autoDraw = False
30.5896 	EXP 	idle_3: autoDraw = False
30.5896 	EXP 	idle_4: autoDraw = False
30.5896 	EXP 	idle_5: autoDraw = False
30.5896 	EXP 	idle_6: autoDraw = False
30.5896 	EXP 	idle_7: autoDraw = False
30.5896 	EXP 	ilde_8: autoDraw = False
30.5896 	EXP 	idle_9: autoDraw = False
30.5896 	EXP 	idle_10: autoDraw = False
30.5896 	EXP 	idle_11: autoDraw = False
30.5896 	EXP 	idle_12: autoDraw = False
30.5896 	EXP 	cB_6: autoDraw = True
30.7595 	EXP 	sBInstructions: autoDraw = True
36.9917 	DATA 	Keypress: left
37.4018 	DATA 	Keypress: c
37.4190 	EXP 	cB_6: autoDraw = False
37.4190 	EXP 	sBInstructions: autoDraw = False
37.4190 	EXP 	cB_7: autoDraw = True
39.9530 	EXP 	Imported contitions.xlsx as conditions, 20 conditions, 4 params
39.9534 	EXP 	Created sequence: random, trialTypes=20, nReps=5, seed=None
39.9538 	EXP 	New trial (rep=0, index=0): OrderedDict([('playerId', 'Paul'), ('avatarFile', 'images/avatar1.jpg'), ('actionLabel', 'defect'), ('correctResponse', 'defect')])
40.0825 	EXP 	cB_7: autoDraw = False
40.0825 	EXP 	text: text = 'This round you are playing with Paul!'
40.0825 	EXP 	imagesbRnd: image = 'images/avatar1.jpg'
40.0825 	EXP 	cB_8: autoDraw = True
40.0825 	EXP 	text: autoDraw = True
40.0825 	EXP 	imagesbRnd: autoDraw = True
42.8193 	DATA 	Keypress: left
42.8359 	EXP 	cB_8: autoDraw = False
42.8359 	EXP 	text: autoDraw = False
42.8359 	EXP 	imagesbRnd: autoDraw = False
42.8359 	EXP 	cB_9: autoDraw = True
43.3320 	EXP 	New trial (rep=0, index=1): OrderedDict([('playerId', 'Lukas'), ('avatarFile', 'images/avatar2.jpg'), ('actionLabel', 'defect'), ('correctResponse', 'defect')])
43.3990 	EXP 	cB_9: autoDraw = False
43.3990 	EXP 	text: text = 'This round you are playing with Lukas!'
43.3990 	EXP 	imagesbRnd: image = 'images/avatar2.jpg'
43.3990 	EXP 	cB_8: autoDraw = True
43.3990 	EXP 	text: autoDraw = True
43.3990 	EXP 	imagesbRnd: autoDraw = True
44.0464 	DATA 	Keypress: left
44.0629 	EXP 	cB_8: autoDraw = False
44.0629 	EXP 	text: autoDraw = False
44.0629 	EXP 	imagesbRnd: autoDraw = False
44.0629 	EXP 	cB_9: autoDraw = True
44.5567 	EXP 	New trial (rep=0, index=2): OrderedDict([('playerId', 'Lukas'), ('avatarFile', 'images/avatar2.jpg'), ('actionLabel', 'defect'), ('correctResponse', 'defect')])
44.5795 	EXP 	cB_9: autoDraw = False
44.5795 	EXP 	text: text = 'This round you are playing with Lukas!'
44.5795 	EXP 	imagesbRnd: image = 'images/avatar2.jpg'
44.5795 	EXP 	cB_8: autoDraw = True
44.5795 	EXP 	text: autoDraw = True
44.5795 	EXP 	imagesbRnd: autoDraw = True
45.1851 	DATA 	Keypress: escape
45.3306 	EXP 	window1: mouseVisible = True
