2.3632 	WARNING 	Import Error: No module named 'psychtoolbox'. Using event module for keyboard component.
4.4285 	WARNING 	User requested fullscreen with size [1024  768], but screen is actually [1680, 1050]. Using actual size
5.3457 	EXP 	Created window1 = Window(allowGUI=False, allowStencil=False, args=UNKNOWN, autoLog=True, bitsMode=UNKNOWN, blendMode='avg', color=array([0., 0., 0.]), colorSpace='rgb', fullscr=<method-wrapper '__getattribute__' of attributeSetter object at 0x0A2FFAF0>, gamma=None, gammaErrorPolicy='raise', kwargs=UNKNOWN, lms=UNKNOWN, monitor=<psychopy.monitors.calibTools.Monitor object at 0x07B397D0>, multiSample=False, name='window1', numSamples=2, pos=[0.0, 0.0], screen=0, size=array([1680, 1050]), stereo=False, units='height', useFBO=True, useRetina=False, viewOri=0.0, viewPos=None, viewScale=None, waitBlanking=True, winType='pyglet')
5.3457 	EXP 	window1: recordFrameIntervals = False
5.5155 	EXP 	window1: recordFrameIntervals = True
5.7052 	EXP 	window1: recordFrameIntervals = False
5.7077 	EXP 	Created cB_1 = Rect(__class__=<class 'psychopy.visual.rect.Rect'>, autoDraw=False, autoLog=True, closeShape=True, color=method-wrapper(...), colorSpace=None, contrast=1.0, depth=0.0, fillColor=array([-1., -1., -1.]), fillColorSpace='rgb', fillRGB=array([-1., -1., -1.]), interpolate=True, lineColor=array([1., 1., 1.]), lineColorSpace='rgb', lineRGB=array([1., 1., 1.]), lineWidth=1, name='cB_1', opacity=1.0, ori=array(0.), pos=array([0., 0.]), size=array([1., 1.]), units='height', vertices=ndarray(...), win=Window(...))
5.8466 	EXP 	Created textWelcome = TextStim(__class__=<class 'psychopy.visual.text.TextStim'>, alignHoriz='center', alignVert='center', antialias=True, autoLog=True, bold=False, color='white', colorSpace='named', contrast=1.0, depth=-1.0, flipHoriz=False, flipVert=False, font='Arial', fontFiles=[], height=0.05, italic=False, languageStyle='LTR', name='textWelcome', opacity=1.0, ori=0, pos=array([0., 0.]), rgb=array([255., 255., 255.]), text=str(...), units='height', win=Window(...), wrapWidth=1)
5.8481 	EXP 	Created cB_2 = Rect(__class__=<class 'psychopy.visual.rect.Rect'>, autoDraw=False, autoLog=True, closeShape=True, color=method-wrapper(...), colorSpace=None, contrast=1.0, depth=0.0, fillColor=array([-1., -1., -1.]), fillColorSpace='rgb', fillRGB=array([-1., -1., -1.]), interpolate=True, lineColor=array([1., 1., 1.]), lineColorSpace='rgb', lineRGB=array([1., 1., 1.]), lineWidth=1, name='cB_2', opacity=1.0, ori=array(0.), pos=array([0., 0.]), size=array([1., 1.]), units='height', vertices=ndarray(...), win=Window(...))
5.9296 	EXP 	Created textInstructions = TextStim(__class__=<class 'psychopy.visual.text.TextStim'>, alignHoriz='center', alignVert='center', antialias=True, autoLog=True, bold=False, color='white', colorSpace='named', contrast=1.0, depth=-1.0, flipHoriz=False, flipVert=False, font='Arial', fontFiles=[], height=0.03, italic=False, languageStyle='LTR', name='textInstructions', opacity=1.0, ori=0, pos=array([0., 0.]), rgb=array([255., 255., 255.]), text=str(...), units='height', win=Window(...), wrapWidth=1)
5.9311 	EXP 	Created cB_3 = Rect(__class__=<class 'psychopy.visual.rect.Rect'>, autoDraw=False, autoLog=True, closeShape=True, color=method-wrapper(...), colorSpace=None, contrast=1.0, depth=0.0, fillColor=array([-1., -1., -1.]), fillColorSpace='rgb', fillRGB=array([-1., -1., -1.]), interpolate=True, lineColor=array([1., 1., 1.]), lineColorSpace='rgb', lineRGB=array([1., 1., 1.]), lineWidth=1, name='cB_3', opacity=1.0, ori=array(0.), pos=array([0., 0.]), size=array([1., 1.]), units='height', vertices=ndarray(...), win=Window(...))
5.9675 	EXP 	Created textServer = TextStim(__class__=<class 'psychopy.visual.text.TextStim'>, alignHoriz='center', alignVert='center', antialias=True, autoLog=True, bold=False, color='white', colorSpace='named', contrast=1.0, depth=-1.0, flipHoriz=False, flipVert=False, font='Arial', fontFiles=[], height=0.03, italic=False, languageStyle='LTR', name='textServer', opacity=1.0, ori=0, pos=array([0., 0.]), rgb=array([255., 255., 255.]), text=str(...), units='height', win=Window(...), wrapWidth=1)
5.9690 	EXP 	Created cB_4 = Rect(__class__=<class 'psychopy.visual.rect.Rect'>, autoDraw=False, autoLog=True, closeShape=True, color=method-wrapper(...), colorSpace=None, contrast=1.0, depth=0.0, fillColor=array([-1., -1., -1.]), fillColorSpace='rgb', fillRGB=array([-1., -1., -1.]), interpolate=True, lineColor=array([1., 1., 1.]), lineColorSpace='rgb', lineRGB=array([1., 1., 1.]), lineWidth=1, name='cB_4', opacity=1.0, ori=array(0.), pos=array([0., 0.]), size=array([1., 1.]), units='height', vertices=ndarray(...), win=Window(...))
5.9742 	EXP 	Created text_1 = TextStim(__class__=<class 'psychopy.visual.text.TextStim'>, alignHoriz='center', alignVert='center', antialias=True, autoLog=True, bold=False, color='white', colorSpace='named', contrast=1.0, depth=-1.0, flipHoriz=False, flipVert=False, font='Arial', fontFiles=[], height=0.05, italic=False, languageStyle='LTR', name='text_1', opacity=1.0, ori=0, pos=array([0., 0.]), rgb=array([255., 255., 255.]), text='connecting      ', units='height', win=Window(...), wrapWidth=1)
5.9793 	EXP 	Created text_2 = TextStim(__class__=<class 'psychopy.visual.text.TextStim'>, alignHoriz='center', alignVert='center', antialias=True, autoLog=True, bold=False, color='white', colorSpace='named', contrast=1.0, depth=-2.0, flipHoriz=False, flipVert=False, font='Arial', fontFiles=[], height=0.05, italic=False, languageStyle='LTR', name='text_2', opacity=1.0, ori=0, pos=array([0., 0.]), rgb=array([255., 255., 255.]), text='connecting .    ', units='height', win=Window(...), wrapWidth=1)
5.9845 	EXP 	Created text_3 = TextStim(__class__=<class 'psychopy.visual.text.TextStim'>, alignHoriz='center', alignVert='center', antialias=True, autoLog=True, bold=False, color='white', colorSpace='named', contrast=1.0, depth=-3.0, flipHoriz=False, flipVert=False, font='Arial', fontFiles=[], height=0.05, italic=False, languageStyle='LTR', name='text_3', opacity=1.0, ori=0, pos=array([0., 0.]), rgb=array([255., 255., 255.]), text='connecting . .  ', units='height', win=Window(...), wrapWidth=1)
5.9900 	EXP 	Created text_4 = TextStim(__class__=<class 'psychopy.visual.text.TextStim'>, alignHoriz='center', alignVert='center', antialias=True, autoLog=True, bold=False, color='white', colorSpace='named', contrast=1.0, depth=-4.0, flipHoriz=False, flipVert=False, font='Arial', fontFiles=[], height=0.05, italic=False, languageStyle='LTR', name='text_4', opacity=1.0, ori=0, pos=array([0., 0.]), rgb=array([255., 255., 255.]), text='connecting . . .', units='height', win=Window(...), wrapWidth=1)
5.9914 	EXP 	Created cB_6 = Rect(__class__=<class 'psychopy.visual.rect.Rect'>, autoDraw=False, autoLog=True, closeShape=True, color=method-wrapper(...), colorSpace=None, contrast=1.0, depth=0.0, fillColor=array([-1., -1., -1.]), fillColorSpace='rgb', fillRGB=array([-1., -1., -1.]), interpolate=True, lineColor=array([1., 1., 1.]), lineColorSpace='rgb', lineRGB=array([1., 1., 1.]), lineWidth=1, name='cB_6', opacity=1.0, ori=array(0.), pos=array([0., 0.]), size=array([1., 1.]), units='height', vertices=ndarray(...), win=Window(...))
5.9951 	EXP 	Created idle = TextStim(__class__=<class 'psychopy.visual.text.TextStim'>, alignHoriz='center', alignVert='center', antialias=True, autoLog=True, bold=False, color='white', colorSpace='named', contrast=1.0, depth=-1.0, flipHoriz=False, flipVert=False, font='Arial', fontFiles=[], height=0.05, italic=False, languageStyle='LTR', name='idle', opacity=1.0, ori=0, pos=array([0., 0.]), rgb=array([255., 255., 255.]), text='found', units='height', win=Window(...), wrapWidth=1)
5.9998 	EXP 	Created idle_2 = TextStim(__class__=<class 'psychopy.visual.text.TextStim'>, alignHoriz='center', alignVert='center', antialias=True, autoLog=True, bold=False, color='white', colorSpace='named', contrast=1.0, depth=-1.0, flipHoriz=False, flipVert=False, font='Arial', fontFiles=[], height=0.05, italic=False, languageStyle='LTR', name='idle_2', opacity=1.0, ori=0, pos=array([0., 0.]), rgb=array([255., 255., 255.]), text='init proc     ', units='height', win=Window(...), wrapWidth=1)
6.0085 	EXP 	Created idle_3 = TextStim(__class__=<class 'psychopy.visual.text.TextStim'>, alignHoriz='center', alignVert='center', antialias=True, autoLog=True, bold=False, color='white', colorSpace='named', contrast=1.0, depth=-1.0, flipHoriz=False, flipVert=False, font='Arial', fontFiles=[], height=0.05, italic=False, languageStyle='LTR', name='idle_3', opacity=1.0, ori=0, pos=array([0., 0.]), rgb=array([255., 255., 255.]), text='init proc 2141', units='height', win=Window(...), wrapWidth=1)
6.0150 	EXP 	Created idle_4 = TextStim(__class__=<class 'psychopy.visual.text.TextStim'>, alignHoriz='center', alignVert='center', antialias=True, autoLog=True, bold=False, color='white', colorSpace='named', contrast=1.0, depth=-1.0, flipHoriz=False, flipVert=False, font='Arial', fontFiles=[], height=0.05, italic=False, languageStyle='LTR', name='idle_4', opacity=1.0, ori=0, pos=array([0., 0.]), rgb=array([255., 255., 255.]), text='init proc 2215', units='height', win=Window(...), wrapWidth=1)
6.0227 	EXP 	Created idle_5 = TextStim(__class__=<class 'psychopy.visual.text.TextStim'>, alignHoriz='center', alignVert='center', antialias=True, autoLog=True, bold=False, color='white', colorSpace='named', contrast=1.0, depth=-1.0, flipHoriz=False, flipVert=False, font='Arial', fontFiles=[], height=0.05, italic=False, languageStyle='LTR', name='idle_5', opacity=1.0, ori=0, pos=array([0., 0.]), rgb=array([255., 255., 255.]), text='init proc 3229', units='height', win=Window(...), wrapWidth=1)
6.0285 	EXP 	Created idle_6 = TextStim(__class__=<class 'psychopy.visual.text.TextStim'>, alignHoriz='center', alignVert='center', antialias=True, autoLog=True, bold=False, color='white', colorSpace='named', contrast=1.0, depth=-1.0, flipHoriz=False, flipVert=False, font='Arial', fontFiles=[], height=0.05, italic=False, languageStyle='LTR', name='idle_6', opacity=1.0, ori=0, pos=array([0., 0.]), rgb=array([255., 255., 255.]), text='init proc 4325', units='height', win=Window(...), wrapWidth=1)
6.0351 	EXP 	Created idle_7 = TextStim(__class__=<class 'psychopy.visual.text.TextStim'>, alignHoriz='center', alignVert='center', antialias=True, autoLog=True, bold=False, color='white', colorSpace='named', contrast=1.0, depth=-1.0, flipHoriz=False, flipVert=False, font='Arial', fontFiles=[], height=0.05, italic=False, languageStyle='LTR', name='idle_7', opacity=1.0, ori=0, pos=array([0., 0.]), rgb=array([255., 255., 255.]), text='init proc 1337', units='height', win=Window(...), wrapWidth=1)
6.0411 	EXP 	Created ilde_8 = TextStim(__class__=<class 'psychopy.visual.text.TextStim'>, alignHoriz='center', alignVert='center', antialias=True, autoLog=True, bold=False, color='white', colorSpace='named', contrast=1.0, depth=-1.0, flipHoriz=False, flipVert=False, font='Arial', fontFiles=[], height=0.05, italic=False, languageStyle='LTR', name='ilde_8', opacity=1.0, ori=0, pos=array([0., 0.]), rgb=array([255., 255., 255.]), text='buffering      ', units='height', win=Window(...), wrapWidth=1)
6.0464 	EXP 	Created idle_9 = TextStim(__class__=<class 'psychopy.visual.text.TextStim'>, alignHoriz='center', alignVert='center', antialias=True, autoLog=True, bold=False, color='white', colorSpace='named', contrast=1.0, depth=-1.0, flipHoriz=False, flipVert=False, font='Arial', fontFiles=[], height=0.05, italic=False, languageStyle='LTR', name='idle_9', opacity=1.0, ori=0, pos=array([0., 0.]), rgb=array([255., 255., 255.]), text='buffering .    ', units='height', win=Window(...), wrapWidth=1)
6.0519 	EXP 	Created idle_10 = TextStim(__class__=<class 'psychopy.visual.text.TextStim'>, alignHoriz='center', alignVert='center', antialias=True, autoLog=True, bold=False, color='white', colorSpace='named', contrast=1.0, depth=-1.0, flipHoriz=False, flipVert=False, font='Arial', fontFiles=[], height=0.05, italic=False, languageStyle='LTR', name='idle_10', opacity=1.0, ori=0, pos=array([0., 0.]), rgb=array([255., 255., 255.]), text='buffering . .  ', units='height', win=Window(...), wrapWidth=1)
6.0578 	EXP 	Created idle_11 = TextStim(__class__=<class 'psychopy.visual.text.TextStim'>, alignHoriz='center', alignVert='center', antialias=True, autoLog=True, bold=False, color='white', colorSpace='named', contrast=1.0, depth=-1.0, flipHoriz=False, flipVert=False, font='Arial', fontFiles=[], height=0.05, italic=False, languageStyle='LTR', name='idle_11', opacity=1.0, ori=0, pos=array([0., 0.]), rgb=array([255., 255., 255.]), text='buffering . . .', units='height', win=Window(...), wrapWidth=1)
6.0592 	EXP 	Created cB_5 = Rect(__class__=<class 'psychopy.visual.rect.Rect'>, autoDraw=False, autoLog=True, closeShape=True, color=method-wrapper(...), colorSpace=None, contrast=1.0, depth=0.0, fillColor=array([-1., -1., -1.]), fillColorSpace='rgb', fillRGB=array([-1., -1., -1.]), interpolate=True, lineColor=array([1., 1., 1.]), lineColorSpace='rgb', lineRGB=array([1., 1., 1.]), lineWidth=1, name='cB_5', opacity=1.0, ori=array(0.), pos=array([0., 0.]), size=array([1., 1.]), units='height', vertices=ndarray(...), win=Window(...))
6.0760 	EXP 	cB_1: autoDraw = True
6.0760 	EXP 	textWelcome: autoDraw = True
7.3054 	DATA 	Keypress: c
8.0390 	DATA 	Keypress: c
8.6169 	DATA 	Keypress: c
8.6336 	EXP 	cB_1: autoDraw = False
8.6336 	EXP 	textWelcome: autoDraw = False
8.6336 	EXP 	cB_2: autoDraw = True
8.6336 	EXP 	textInstructions: autoDraw = True
12.9207 	DATA 	Keypress: c
12.9370 	EXP 	cB_2: autoDraw = False
12.9370 	EXP 	textInstructions: autoDraw = False
12.9370 	EXP 	cB_3: autoDraw = True
12.9370 	EXP 	textServer: autoDraw = True
15.4310 	DATA 	Keypress: c
15.4318 	EXP 	Created sequence: random, trialTypes=1, nReps=5, seed=None
15.4321 	EXP 	New trial (rep=0, index=0): None
15.4476 	EXP 	cB_3: autoDraw = False
15.4476 	EXP 	textServer: autoDraw = False
15.4476 	EXP 	cB_4: autoDraw = True
15.4476 	EXP 	text_1: autoDraw = True
16.4207 	EXP 	text_2: autoDraw = True
16.4552 	EXP 	text_1: autoDraw = False
16.9188 	EXP 	text_3: autoDraw = True
16.9361 	EXP 	text_2: autoDraw = False
17.4286 	EXP 	text_3: autoDraw = False
17.4286 	EXP 	text_4: autoDraw = True
17.9403 	EXP 	text_4: autoDraw = False
17.9418 	EXP 	New trial (rep=1, index=0): None
17.9574 	EXP 	cB_4: autoDraw = False
17.9574 	EXP 	text_1: autoDraw = False
17.9574 	EXP 	text_2: autoDraw = False
17.9574 	EXP 	text_3: autoDraw = False
17.9574 	EXP 	text_4: autoDraw = False
17.9574 	EXP 	cB_4: autoDraw = True
17.9574 	EXP 	text_1: autoDraw = True
18.9301 	EXP 	text_2: autoDraw = True
18.9644 	EXP 	text_1: autoDraw = False
19.4415 	EXP 	text_2: autoDraw = False
19.4415 	EXP 	text_3: autoDraw = True
19.9365 	EXP 	text_4: autoDraw = True
19.9534 	EXP 	text_3: autoDraw = False
20.4351 	EXP 	New trial (rep=2, index=0): None
20.4507 	EXP 	cB_4: autoDraw = False
20.4507 	EXP 	text_1: autoDraw = False
20.4507 	EXP 	text_2: autoDraw = False
20.4507 	EXP 	text_3: autoDraw = False
20.4507 	EXP 	text_4: autoDraw = False
20.4507 	EXP 	cB_4: autoDraw = True
20.4507 	EXP 	text_1: autoDraw = True
21.4210 	EXP 	text_2: autoDraw = True
21.4548 	EXP 	text_1: autoDraw = False
21.9309 	EXP 	text_2: autoDraw = False
21.9309 	EXP 	text_3: autoDraw = True
22.4261 	EXP 	text_4: autoDraw = True
22.4430 	EXP 	text_3: autoDraw = False
22.9375 	EXP 	text_4: autoDraw = False
22.9387 	EXP 	New trial (rep=3, index=0): None
22.9547 	EXP 	cB_4: autoDraw = False
22.9547 	EXP 	text_1: autoDraw = False
22.9547 	EXP 	text_2: autoDraw = False
22.9547 	EXP 	text_3: autoDraw = False
22.9547 	EXP 	text_4: autoDraw = False
22.9547 	EXP 	cB_4: autoDraw = True
22.9547 	EXP 	text_1: autoDraw = True
23.9237 	EXP 	text_2: autoDraw = True
23.9576 	EXP 	text_1: autoDraw = False
24.4356 	EXP 	text_2: autoDraw = False
24.4356 	EXP 	text_3: autoDraw = True
24.9323 	EXP 	text_4: autoDraw = True
24.9493 	EXP 	text_3: autoDraw = False
25.4425 	EXP 	text_4: autoDraw = False
25.4438 	EXP 	New trial (rep=4, index=0): None
25.4596 	EXP 	cB_4: autoDraw = False
25.4596 	EXP 	text_1: autoDraw = False
25.4596 	EXP 	text_2: autoDraw = False
25.4596 	EXP 	text_3: autoDraw = False
25.4596 	EXP 	text_4: autoDraw = False
25.4596 	EXP 	cB_4: autoDraw = True
25.4596 	EXP 	text_1: autoDraw = True
26.4316 	EXP 	text_2: autoDraw = True
26.4661 	EXP 	text_1: autoDraw = False
26.9402 	EXP 	text_2: autoDraw = False
26.9402 	EXP 	text_3: autoDraw = True
27.4353 	EXP 	text_4: autoDraw = True
27.4523 	EXP 	text_3: autoDraw = False
27.9480 	EXP 	text_4: autoDraw = False
27.9655 	EXP 	cB_4: autoDraw = False
27.9655 	EXP 	text_1: autoDraw = False
27.9655 	EXP 	text_2: autoDraw = False
27.9655 	EXP 	text_3: autoDraw = False
27.9655 	EXP 	text_4: autoDraw = False
27.9655 	EXP 	cB_6: autoDraw = True
28.1336 	EXP 	idle: autoDraw = True
28.4401 	EXP 	idle: autoDraw = False
28.4401 	EXP 	idle_2: autoDraw = True
28.6440 	EXP 	idle_2: autoDraw = False
28.6440 	EXP 	idle_3: autoDraw = True
28.7476 	EXP 	idle_3: autoDraw = False
28.7476 	EXP 	idle_4: autoDraw = True
28.8827 	EXP 	idle_4: autoDraw = False
28.8827 	EXP 	idle_5: autoDraw = True
29.0366 	EXP 	idle_5: autoDraw = False
29.0366 	EXP 	idle_6: autoDraw = True
29.1898 	EXP 	idle_6: autoDraw = False
29.1898 	EXP 	idle_7: autoDraw = True
29.2913 	EXP 	idle_7: autoDraw = False
29.2913 	EXP 	ilde_8: autoDraw = True
29.7843 	EXP 	ilde_8: autoDraw = False
29.7843 	EXP 	idle_9: autoDraw = True
30.2951 	EXP 	idle_9: autoDraw = False
30.2951 	EXP 	idle_10: autoDraw = True
30.4669 	EXP 	cB_6: autoDraw = False
30.7914 	EXP 	idle_11: autoDraw = True
30.8084 	EXP 	idle_10: autoDraw = False
31.3025 	EXP 	cB_6: autoDraw = False
31.3025 	EXP 	idle: autoDraw = False
31.3025 	EXP 	idle_2: autoDraw = False
31.3025 	EXP 	idle_3: autoDraw = False
31.3025 	EXP 	idle_4: autoDraw = False
31.3025 	EXP 	idle_5: autoDraw = False
31.3025 	EXP 	idle_6: autoDraw = False
31.3025 	EXP 	idle_7: autoDraw = False
31.3025 	EXP 	ilde_8: autoDraw = False
31.3025 	EXP 	idle_9: autoDraw = False
31.3025 	EXP 	idle_10: autoDraw = False
31.3025 	EXP 	idle_11: autoDraw = False
31.3025 	EXP 	cB_5: autoDraw = True
33.8097 	EXP 	cB_5: autoDraw = False
36.4272 	DATA 	Keypress: c
36.4456 	EXP 	cB_5: autoDraw = False
36.5984 	EXP 	window1: mouseVisible = True
