2.6674 	WARNING 	Import Error: No module named 'psychtoolbox'. Using event module for keyboard component.
6.0863 	WARNING 	User requested fullscreen with size [1024  768], but screen is actually [1680, 1050]. Using actual size
7.0691 	EXP 	Created window1 = Window(allowGUI=True, allowStencil=False, args=UNKNOWN, autoLog=True, bitsMode=UNKNOWN, blendMode='avg', color=array([0., 0., 0.]), colorSpace='rgb', fullscr=<method-wrapper '__getattribute__' of attributeSetter object at 0x08935F90>, gamma=None, gammaErrorPolicy='raise', kwargs=UNKNOWN, lms=UNKNOWN, monitor=<psychopy.monitors.calibTools.Monitor object at 0x0AFCCC90>, multiSample=False, name='window1', numSamples=2, pos=[0.0, 0.0], screen=0, size=array([1680, 1050]), stereo=False, units='height', useFBO=True, useRetina=False, viewOri=0.0, viewPos=None, viewScale=None, waitBlanking=True, winType='pyglet')
7.0692 	EXP 	window1: recordFrameIntervals = False
7.2409 	EXP 	window1: recordFrameIntervals = True
7.4271 	EXP 	window1: recordFrameIntervals = False
7.4299 	EXP 	Created cB_1 = Rect(__class__=<class 'psychopy.visual.rect.Rect'>, autoDraw=False, autoLog=True, closeShape=True, color=method-wrapper(...), colorSpace=None, contrast=1.0, depth=-1.0, fillColor=array([-1., -1., -1.]), fillColorSpace='rgb', fillRGB=array([-1., -1., -1.]), interpolate=True, lineColor=array([1., 1., 1.]), lineColorSpace='rgb', lineRGB=array([1., 1., 1.]), lineWidth=1, name='cB_1', opacity=1.0, ori=array(0.), pos=array([0., 0.]), size=array([1., 1.]), units='height', vertices=ndarray(...), win=Window(...))
7.5692 	EXP 	Created textWelcome = TextStim(__class__=<class 'psychopy.visual.text.TextStim'>, alignHoriz='center', alignVert='center', antialias=True, autoLog=True, bold=False, color='white', colorSpace='named', contrast=1.0, depth=-2.0, flipHoriz=False, flipVert=False, font='Arial', fontFiles=[], height=0.03, italic=False, languageStyle='LTR', name='textWelcome', opacity=1.0, ori=0, pos=array([0., 0.]), rgb=array([255., 255., 255.]), text=str(...), units='height', win=Window(...), wrapWidth=1)
7.5709 	EXP 	Created cB_2 = Rect(__class__=<class 'psychopy.visual.rect.Rect'>, autoDraw=False, autoLog=True, closeShape=True, color=method-wrapper(...), colorSpace=None, contrast=1.0, depth=0.0, fillColor=array([-1., -1., -1.]), fillColorSpace='rgb', fillRGB=array([-1., -1., -1.]), interpolate=True, lineColor=array([1., 1., 1.]), lineColorSpace='rgb', lineRGB=array([1., 1., 1.]), lineWidth=1, name='cB_2', opacity=1.0, ori=array(0.), pos=array([0., 0.]), size=array([1., 1.]), units='height', vertices=ndarray(...), win=Window(...))
7.6417 	EXP 	Created textInstructions = TextStim(__class__=<class 'psychopy.visual.text.TextStim'>, alignHoriz='center', alignVert='center', antialias=True, autoLog=True, bold=False, color='white', colorSpace='named', contrast=1.0, depth=-1.0, flipHoriz=False, flipVert=False, font='Arial', fontFiles=[], height=0.03, italic=False, languageStyle='LTR', name='textInstructions', opacity=1.0, ori=0, pos=array([0., 0.]), rgb=array([255., 255., 255.]), text=str(...), units='height', win=Window(...), wrapWidth=1)
7.6432 	EXP 	Created cB_3 = Rect(__class__=<class 'psychopy.visual.rect.Rect'>, autoDraw=False, autoLog=True, closeShape=True, color=method-wrapper(...), colorSpace=None, contrast=1.0, depth=0.0, fillColor=array([-1., -1., -1.]), fillColorSpace='rgb', fillRGB=array([-1., -1., -1.]), interpolate=True, lineColor=array([1., 1., 1.]), lineColorSpace='rgb', lineRGB=array([1., 1., 1.]), lineWidth=1, name='cB_3', opacity=1.0, ori=array(0.), pos=array([0., 0.]), size=array([1., 1.]), units='height', vertices=ndarray(...), win=Window(...))
7.6782 	EXP 	Created textServer = TextStim(__class__=<class 'psychopy.visual.text.TextStim'>, alignHoriz='center', alignVert='center', antialias=True, autoLog=True, bold=False, color='white', colorSpace='named', contrast=1.0, depth=-1.0, flipHoriz=False, flipVert=False, font='Arial', fontFiles=[], height=0.03, italic=False, languageStyle='LTR', name='textServer', opacity=1.0, ori=0, pos=array([0., 0.]), rgb=array([255., 255., 255.]), text=str(...), units='height', win=Window(...), wrapWidth=1)
7.6797 	EXP 	Created cB_4 = Rect(__class__=<class 'psychopy.visual.rect.Rect'>, autoDraw=False, autoLog=True, closeShape=True, color=method-wrapper(...), colorSpace=None, contrast=1.0, depth=0.0, fillColor=array([-1., -1., -1.]), fillColorSpace='rgb', fillRGB=array([-1., -1., -1.]), interpolate=True, lineColor=array([1., 1., 1.]), lineColorSpace='rgb', lineRGB=array([1., 1., 1.]), lineWidth=1, name='cB_4', opacity=1.0, ori=array(0.), pos=array([0., 0.]), size=array([1., 1.]), units='height', vertices=ndarray(...), win=Window(...))
7.6850 	EXP 	Created text_1 = TextStim(__class__=<class 'psychopy.visual.text.TextStim'>, alignHoriz='center', alignVert='center', antialias=True, autoLog=True, bold=False, color='white', colorSpace='named', contrast=1.0, depth=-1.0, flipHoriz=False, flipVert=False, font='Arial', fontFiles=[], height=0.03, italic=False, languageStyle='LTR', name='text_1', opacity=1.0, ori=0, pos=array([0., 0.]), rgb=array([255., 255., 255.]), text='connecting      ', units='height', win=Window(...), wrapWidth=1)
7.6900 	EXP 	Created text_2 = TextStim(__class__=<class 'psychopy.visual.text.TextStim'>, alignHoriz='center', alignVert='center', antialias=True, autoLog=True, bold=False, color='white', colorSpace='named', contrast=1.0, depth=-2.0, flipHoriz=False, flipVert=False, font='Arial', fontFiles=[], height=0.03, italic=False, languageStyle='LTR', name='text_2', opacity=1.0, ori=0, pos=array([0., 0.]), rgb=array([255., 255., 255.]), text='connecting .    ', units='height', win=Window(...), wrapWidth=1)
7.6948 	EXP 	Created text_3 = TextStim(__class__=<class 'psychopy.visual.text.TextStim'>, alignHoriz='center', alignVert='center', antialias=True, autoLog=True, bold=False, color='white', colorSpace='named', contrast=1.0, depth=-3.0, flipHoriz=False, flipVert=False, font='Arial', fontFiles=[], height=0.03, italic=False, languageStyle='LTR', name='text_3', opacity=1.0, ori=0, pos=array([0., 0.]), rgb=array([255., 255., 255.]), text='connecting . .  ', units='height', win=Window(...), wrapWidth=1)
7.7003 	EXP 	Created text_4 = TextStim(__class__=<class 'psychopy.visual.text.TextStim'>, alignHoriz='center', alignVert='center', antialias=True, autoLog=True, bold=False, color='white', colorSpace='named', contrast=1.0, depth=-4.0, flipHoriz=False, flipVert=False, font='Arial', fontFiles=[], height=0.03, italic=False, languageStyle='LTR', name='text_4', opacity=1.0, ori=0, pos=array([0., 0.]), rgb=array([255., 255., 255.]), text='connecting . . .', units='height', win=Window(...), wrapWidth=1)
7.7018 	EXP 	Created cB_5 = Rect(__class__=<class 'psychopy.visual.rect.Rect'>, autoDraw=False, autoLog=True, closeShape=True, color=method-wrapper(...), colorSpace=None, contrast=1.0, depth=0.0, fillColor=array([-1., -1., -1.]), fillColorSpace='rgb', fillRGB=array([-1., -1., -1.]), interpolate=True, lineColor=array([1., 1., 1.]), lineColorSpace='rgb', lineRGB=array([1., 1., 1.]), lineWidth=1, name='cB_5', opacity=1.0, ori=array(0.), pos=array([0., 0.]), size=array([1., 1.]), units='height', vertices=ndarray(...), win=Window(...))
7.7056 	EXP 	Created idle = TextStim(__class__=<class 'psychopy.visual.text.TextStim'>, alignHoriz='center', alignVert='center', antialias=True, autoLog=True, bold=False, color='white', colorSpace='named', contrast=1.0, depth=-1.0, flipHoriz=False, flipVert=False, font='Arial', fontFiles=[], height=0.03, italic=False, languageStyle='LTR', name='idle', opacity=1.0, ori=0, pos=array([0., 0.]), rgb=array([255., 255., 255.]), text='found', units='height', win=Window(...), wrapWidth=1)
7.7102 	EXP 	Created idle_2 = TextStim(__class__=<class 'psychopy.visual.text.TextStim'>, alignHoriz='center', alignVert='center', antialias=True, autoLog=True, bold=False, color='white', colorSpace='named', contrast=1.0, depth=-2.0, flipHoriz=False, flipVert=False, font='Arial', fontFiles=[], height=0.03, italic=False, languageStyle='LTR', name='idle_2', opacity=1.0, ori=0, pos=array([0., 0.]), rgb=array([255., 255., 255.]), text='init proc     ', units='height', win=Window(...), wrapWidth=1)
7.7185 	EXP 	Created idle_3 = TextStim(__class__=<class 'psychopy.visual.text.TextStim'>, alignHoriz='center', alignVert='center', antialias=True, autoLog=True, bold=False, color='white', colorSpace='named', contrast=1.0, depth=-3.0, flipHoriz=False, flipVert=False, font='Arial', fontFiles=[], height=0.03, italic=False, languageStyle='LTR', name='idle_3', opacity=1.0, ori=0, pos=array([0., 0.]), rgb=array([255., 255., 255.]), text='init proc 2141', units='height', win=Window(...), wrapWidth=1)
7.7254 	EXP 	Created idle_4 = TextStim(__class__=<class 'psychopy.visual.text.TextStim'>, alignHoriz='center', alignVert='center', antialias=True, autoLog=True, bold=False, color='white', colorSpace='named', contrast=1.0, depth=-4.0, flipHoriz=False, flipVert=False, font='Arial', fontFiles=[], height=0.03, italic=False, languageStyle='LTR', name='idle_4', opacity=1.0, ori=0, pos=array([0., 0.]), rgb=array([255., 255., 255.]), text='init proc 2215', units='height', win=Window(...), wrapWidth=1)
7.7327 	EXP 	Created idle_5 = TextStim(__class__=<class 'psychopy.visual.text.TextStim'>, alignHoriz='center', alignVert='center', antialias=True, autoLog=True, bold=False, color='white', colorSpace='named', contrast=1.0, depth=-5.0, flipHoriz=False, flipVert=False, font='Arial', fontFiles=[], height=0.03, italic=False, languageStyle='LTR', name='idle_5', opacity=1.0, ori=0, pos=array([0., 0.]), rgb=array([255., 255., 255.]), text='init proc 3229', units='height', win=Window(...), wrapWidth=1)
7.7378 	EXP 	Created idle_6 = TextStim(__class__=<class 'psychopy.visual.text.TextStim'>, alignHoriz='center', alignVert='center', antialias=True, autoLog=True, bold=False, color='white', colorSpace='named', contrast=1.0, depth=-6.0, flipHoriz=False, flipVert=False, font='Arial', fontFiles=[], height=0.03, italic=False, languageStyle='LTR', name='idle_6', opacity=1.0, ori=0, pos=array([0., 0.]), rgb=array([255., 255., 255.]), text='init proc 4325', units='height', win=Window(...), wrapWidth=1)
7.7439 	EXP 	Created idle_7 = TextStim(__class__=<class 'psychopy.visual.text.TextStim'>, alignHoriz='center', alignVert='center', antialias=True, autoLog=True, bold=False, color='white', colorSpace='named', contrast=1.0, depth=-7.0, flipHoriz=False, flipVert=False, font='Arial', fontFiles=[], height=0.03, italic=False, languageStyle='LTR', name='idle_7', opacity=1.0, ori=0, pos=array([0., 0.]), rgb=array([255., 255., 255.]), text='init proc 1337', units='height', win=Window(...), wrapWidth=1)
7.7487 	EXP 	Created ilde_8 = TextStim(__class__=<class 'psychopy.visual.text.TextStim'>, alignHoriz='center', alignVert='center', antialias=True, autoLog=True, bold=False, color='white', colorSpace='named', contrast=1.0, depth=-8.0, flipHoriz=False, flipVert=False, font='Arial', fontFiles=[], height=0.03, italic=False, languageStyle='LTR', name='ilde_8', opacity=1.0, ori=0, pos=array([0., 0.]), rgb=array([255., 255., 255.]), text='buffering      ', units='height', win=Window(...), wrapWidth=1)
7.7534 	EXP 	Created idle_9 = TextStim(__class__=<class 'psychopy.visual.text.TextStim'>, alignHoriz='center', alignVert='center', antialias=True, autoLog=True, bold=False, color='white', colorSpace='named', contrast=1.0, depth=-9.0, flipHoriz=False, flipVert=False, font='Arial', fontFiles=[], height=0.03, italic=False, languageStyle='LTR', name='idle_9', opacity=1.0, ori=0, pos=array([0., 0.]), rgb=array([255., 255., 255.]), text='buffering .    ', units='height', win=Window(...), wrapWidth=1)
7.7582 	EXP 	Created idle_10 = TextStim(__class__=<class 'psychopy.visual.text.TextStim'>, alignHoriz='center', alignVert='center', antialias=True, autoLog=True, bold=False, color='white', colorSpace='named', contrast=1.0, depth=-10.0, flipHoriz=False, flipVert=False, font='Arial', fontFiles=[], height=0.03, italic=False, languageStyle='LTR', name='idle_10', opacity=1.0, ori=0, pos=array([0., 0.]), rgb=array([255., 255., 255.]), text='buffering . .  ', units='height', win=Window(...), wrapWidth=1)
7.7634 	EXP 	Created idle_11 = TextStim(__class__=<class 'psychopy.visual.text.TextStim'>, alignHoriz='center', alignVert='center', antialias=True, autoLog=True, bold=False, color='white', colorSpace='named', contrast=1.0, depth=-11.0, flipHoriz=False, flipVert=False, font='Arial', fontFiles=[], height=0.03, italic=False, languageStyle='LTR', name='idle_11', opacity=1.0, ori=0, pos=array([0., 0.]), rgb=array([255., 255., 255.]), text='buffering . . .', units='height', win=Window(...), wrapWidth=1)
7.7726 	EXP 	Created idle_12 = TextStim(__class__=<class 'psychopy.visual.text.TextStim'>, alignHoriz='center', alignVert='center', antialias=True, autoLog=True, bold=False, color='white', colorSpace='named', contrast=1.0, depth=-12.0, flipHoriz=False, flipVert=False, font='Arial', fontFiles=[], height=0.03, italic=False, languageStyle='LTR', name='idle_12', opacity=1.0, ori=0, pos=array([0., 0.]), rgb=array([255., 255., 255.]), text='run /serv/234_1/sd connect', units='height', win=Window(...), wrapWidth=1)
7.7742 	EXP 	Created cB_6 = Rect(__class__=<class 'psychopy.visual.rect.Rect'>, autoDraw=False, autoLog=True, closeShape=True, color=method-wrapper(...), colorSpace=None, contrast=1.0, depth=0.0, fillColor=array([-1., -1., -1.]), fillColorSpace='rgb', fillRGB=array([-1., -1., -1.]), interpolate=True, lineColor=array([1., 1., 1.]), lineColorSpace='rgb', lineRGB=array([1., 1., 1.]), lineWidth=1, name='cB_6', opacity=1.0, ori=array(0.), pos=array([0., 0.]), size=array([1., 1.]), units='height', vertices=ndarray(...), win=Window(...))
7.8050 	EXP 	Created sBInstructions = TextStim(__class__=<class 'psychopy.visual.text.TextStim'>, alignHoriz='center', alignVert='center', antialias=True, autoLog=True, bold=False, color='white', colorSpace='named', contrast=1.0, depth=-1.0, flipHoriz=False, flipVert=False, font='Arial', fontFiles=[], height=0.03, italic=False, languageStyle='LTR', name='sBInstructions', opacity=1.0, ori=0, pos=array([0., 0.]), rgb=array([255., 255., 255.]), text=str(...), units='height', win=Window(...), wrapWidth=1)
7.8064 	EXP 	Created cB_8 = Rect(__class__=<class 'psychopy.visual.rect.Rect'>, autoDraw=False, autoLog=True, closeShape=True, color=method-wrapper(...), colorSpace=None, contrast=1.0, depth=0.0, fillColor=array([-1., -1., -1.]), fillColorSpace='rgb', fillRGB=array([-1., -1., -1.]), interpolate=True, lineColor=array([1., 1., 1.]), lineColorSpace='rgb', lineRGB=array([1., 1., 1.]), lineWidth=1, name='cB_8', opacity=1.0, ori=array(0.), pos=array([0., 0.]), size=array([1., 1.]), units='height', vertices=ndarray(...), win=Window(...))
7.8220 	EXP 	Created text = TextStim(__class__=<class 'psychopy.visual.text.TextStim'>, alignHoriz='center', alignVert='center', antialias=True, autoLog=True, bold=False, color='white', colorSpace='named', contrast=1.0, depth=-1.0, flipHoriz=False, flipVert=False, font='Arial', fontFiles=[], height=0.05, italic=False, languageStyle='LTR', name='text', opacity=1.0, ori=0, pos=array([0., 0.]), rgb=array([255., 255., 255.]), text='default text', units='height', win=Window(...), wrapWidth=1)
7.8343 	EXP 	Created imagesbRnd = ImageStim(__class__=<class 'psychopy.visual.image.ImageStim'>, autoLog=True, color=array([1., 1., 1.]), colorSpace='rgb', contrast=1.0, depth=-2.0, flipHoriz=False, flipVert=False, image='sin', interpolate=True, mask=None, maskParams=None, name='imagesbRnd', opacity=1.0, ori=0.0, pos=array([0.  , 0.25]), size=array([0.2, 0.2]), texRes=128, units='height', win=Window(...))
7.9021 	EXP 	Created Slider = RatingScale(__class__=type(...), acceptKeys=['return'], acceptPreText=UNKNOWN, acceptSize=UNKNOWN, acceptText='accept?', autoLog=True, choices=list(...), depth=0, disappear=False, flipVert=False, high=10, kwargs=UNKNOWN, labels=list(...), leftKeys=['left'], lineColor='White', low=0, marker=ShapeStim(...), markerColor='DarkBlue', markerExpansion=UNKNOWN, markerStart=5.0, maxTime=0.0, minTime=0.4, mouseOnly=False, name='Slider', noMouse=False, pos=[0.0, -0.4], precision=1, respKeys=[], rightKeys=['right'], scale='<default>', self=UNKNOWN, showAccept=True, showValue=True, singleClick=False, size=0.6, skipKeys=['tab'], stretch=1.0, textColor='LightGray', textFont='Helvetica Bold', textSize=0.12, tickHeight=-1, tickMarks=10.0, win=Window(...))
7.9036 	EXP 	Created cB_9 = Rect(__class__=<class 'psychopy.visual.rect.Rect'>, autoDraw=False, autoLog=True, closeShape=True, color=method-wrapper(...), colorSpace=None, contrast=1.0, depth=0.0, fillColor=array([-1., -1., -1.]), fillColorSpace='rgb', fillRGB=array([-1., -1., -1.]), interpolate=True, lineColor=array([1., 1., 1.]), lineColorSpace='rgb', lineRGB=array([1., 1., 1.]), lineWidth=1, name='cB_9', opacity=1.0, ori=array(0.), pos=array([0., 0.]), size=array([1., 1.]), units='height', vertices=ndarray(...), win=Window(...))
7.9051 	EXP 	Created cbFb = Rect(__class__=<class 'psychopy.visual.rect.Rect'>, autoDraw=False, autoLog=True, closeShape=True, color=method-wrapper(...), colorSpace=None, contrast=1.0, depth=-1.0, fillColor=array([-1., -1., -1.]), fillColorSpace='rgb', fillRGB=array([-1., -1., -1.]), interpolate=True, lineColor=array([1., 1., 1.]), lineColorSpace='rgb', lineRGB=array([1., 1., 1.]), lineWidth=1, name='cbFb', opacity=1.0, ori=array(0.), pos=array([0., 0.]), size=array([1., 1.]), units='height', vertices=ndarray(...), win=Window(...))
7.9114 	EXP 	Created textFb = TextStim(__class__=<class 'psychopy.visual.text.TextStim'>, alignHoriz='center', alignVert='center', antialias=True, autoLog=True, bold=False, color='white', colorSpace='named', contrast=1.0, depth=-2.0, flipHoriz=False, flipVert=False, font='Arial', fontFiles=[], height=0.03, italic=False, languageStyle='LTR', name='textFb', opacity=1.0, ori=0, pos=array([0., 0.]), rgb=array([255., 255., 255.]), text='default text', units='height', win=Window(...), wrapWidth=1)
7.9129 	EXP 	Created cbBuf = Rect(__class__=<class 'psychopy.visual.rect.Rect'>, autoDraw=False, autoLog=True, closeShape=True, color=method-wrapper(...), colorSpace=None, contrast=1.0, depth=0.0, fillColor=array([-1., -1., -1.]), fillColorSpace='rgb', fillRGB=array([-1., -1., -1.]), interpolate=True, lineColor=array([1., 1., 1.]), lineColorSpace='rgb', lineRGB=array([1., 1., 1.]), lineWidth=1, name='cbBuf', opacity=1.0, ori=array(0.), pos=array([0., 0.]), size=array([1., 1.]), units='height', vertices=ndarray(...), win=Window(...))
7.9146 	EXP 	Created fixCross = ShapeStim(__class__=<class 'psychopy.visual.shape.ShapeStim'>, autoDraw=False, autoLog=True, closeShape=True, contrast=1.0, depth=-1.0, fillColor=array([1., 1., 1.]), fillColorSpace='rgb', interpolate=True, lineColor=array([1., 1., 1.]), lineColorSpace='rgb', lineWidth=1, name='fixCross', opacity=1.0, ori=array(0.), pos=array([0., 0.]), size=array([0.1, 0.1]), units='height', vertices=ndarray(...), win=Window(...), windingRule=None)
7.9160 	EXP 	Created cB_11 = Rect(__class__=<class 'psychopy.visual.rect.Rect'>, autoDraw=False, autoLog=True, closeShape=True, color=method-wrapper(...), colorSpace=None, contrast=1.0, depth=0.0, fillColor=array([-1., -1., -1.]), fillColorSpace='rgb', fillRGB=array([-1., -1., -1.]), interpolate=True, lineColor=array([1., 1., 1.]), lineColorSpace='rgb', lineRGB=array([1., 1., 1.]), lineWidth=1, name='cB_11', opacity=1.0, ori=array(0.), pos=array([0., 0.]), size=array([1., 1.]), units='height', vertices=ndarray(...), win=Window(...))
7.9415 	EXP 	Created rating = RatingScale(__class__=type(...), acceptKeys=['return'], acceptPreText=UNKNOWN, acceptSize=UNKNOWN, acceptText='accept?', autoLog=True, choices=False, depth=0, disappear=False, flipVert=False, high=7, kwargs=UNKNOWN, labels=list(...), leftKeys=['left'], lineColor='White', low=1, marker=ShapeStim(...), markerColor='DarkBlue', markerExpansion=UNKNOWN, markerStart=None, maxTime=0.0, minTime=0.4, mouseOnly=False, name='rating', noMouse=False, pos=[0.0, -0.4], precision=1, respKeys=['1', '2', '3', '4', '5', '6', '7'], rightKeys=['right'], scale='', self=UNKNOWN, showAccept=True, showValue=True, singleClick=False, size=0.6, skipKeys=['tab'], stretch=1.0, textColor='LightGray', textFont='Helvetica Bold', textSize=0.12, tickHeight=1.0, tickMarks=6.0, win=Window(...))
7.9430 	EXP 	Created cB_8 = Rect(__class__=<class 'psychopy.visual.rect.Rect'>, autoDraw=False, autoLog=True, closeShape=True, color=method-wrapper(...), colorSpace=None, contrast=1.0, depth=0.0, fillColor=array([-1., -1., -1.]), fillColorSpace='rgb', fillRGB=array([-1., -1., -1.]), interpolate=True, lineColor=array([1., 1., 1.]), lineColorSpace='rgb', lineRGB=array([1., 1., 1.]), lineWidth=1, name='cB_8', opacity=1.0, ori=array(0.), pos=array([0., 0.]), size=array([1., 1.]), units='height', vertices=ndarray(...), win=Window(...))
7.9485 	EXP 	Created text = TextStim(__class__=<class 'psychopy.visual.text.TextStim'>, alignHoriz='center', alignVert='center', antialias=True, autoLog=True, bold=False, color='white', colorSpace='named', contrast=1.0, depth=-1.0, flipHoriz=False, flipVert=False, font='Arial', fontFiles=[], height=0.05, italic=False, languageStyle='LTR', name='text', opacity=1.0, ori=0, pos=array([0., 0.]), rgb=array([255., 255., 255.]), text='default text', units='height', win=Window(...), wrapWidth=1)
7.9508 	EXP 	Created imagesbRnd = ImageStim(__class__=<class 'psychopy.visual.image.ImageStim'>, autoLog=True, color=array([1., 1., 1.]), colorSpace='rgb', contrast=1.0, depth=-2.0, flipHoriz=False, flipVert=False, image='sin', interpolate=True, mask=None, maskParams=None, name='imagesbRnd', opacity=1.0, ori=0.0, pos=array([0.  , 0.25]), size=array([0.2, 0.2]), texRes=128, units='height', win=Window(...))
7.9879 	EXP 	Created Slider = RatingScale(__class__=type(...), acceptKeys=['return'], acceptPreText=UNKNOWN, acceptSize=UNKNOWN, acceptText='accept?', autoLog=True, choices=list(...), depth=0, disappear=False, flipVert=False, high=10, kwargs=UNKNOWN, labels=list(...), leftKeys=['left'], lineColor='White', low=0, marker=ShapeStim(...), markerColor='DarkBlue', markerExpansion=UNKNOWN, markerStart=5.0, maxTime=0.0, minTime=0.4, mouseOnly=False, name='Slider', noMouse=False, pos=[0.0, -0.4], precision=1, respKeys=[], rightKeys=['right'], scale='<default>', self=UNKNOWN, showAccept=True, showValue=True, singleClick=False, size=0.6, skipKeys=['tab'], stretch=1.0, textColor='LightGray', textFont='Helvetica Bold', textSize=0.12, tickHeight=-1, tickMarks=10.0, win=Window(...))
7.9895 	EXP 	Created cB_9 = Rect(__class__=<class 'psychopy.visual.rect.Rect'>, autoDraw=False, autoLog=True, closeShape=True, color=method-wrapper(...), colorSpace=None, contrast=1.0, depth=0.0, fillColor=array([-1., -1., -1.]), fillColorSpace='rgb', fillRGB=array([-1., -1., -1.]), interpolate=True, lineColor=array([1., 1., 1.]), lineColorSpace='rgb', lineRGB=array([1., 1., 1.]), lineWidth=1, name='cB_9', opacity=1.0, ori=array(0.), pos=array([0., 0.]), size=array([1., 1.]), units='height', vertices=ndarray(...), win=Window(...))
7.9909 	EXP 	Created cbFb = Rect(__class__=<class 'psychopy.visual.rect.Rect'>, autoDraw=False, autoLog=True, closeShape=True, color=method-wrapper(...), colorSpace=None, contrast=1.0, depth=-1.0, fillColor=array([-1., -1., -1.]), fillColorSpace='rgb', fillRGB=array([-1., -1., -1.]), interpolate=True, lineColor=array([1., 1., 1.]), lineColorSpace='rgb', lineRGB=array([1., 1., 1.]), lineWidth=1, name='cbFb', opacity=1.0, ori=array(0.), pos=array([0., 0.]), size=array([1., 1.]), units='height', vertices=ndarray(...), win=Window(...))
7.9965 	EXP 	Created textFb = TextStim(__class__=<class 'psychopy.visual.text.TextStim'>, alignHoriz='center', alignVert='center', antialias=True, autoLog=True, bold=False, color='white', colorSpace='named', contrast=1.0, depth=-2.0, flipHoriz=False, flipVert=False, font='Arial', fontFiles=[], height=0.03, italic=False, languageStyle='LTR', name='textFb', opacity=1.0, ori=0, pos=array([0., 0.]), rgb=array([255., 255., 255.]), text='default text', units='height', win=Window(...), wrapWidth=1)
7.9979 	EXP 	Created cbBuf = Rect(__class__=<class 'psychopy.visual.rect.Rect'>, autoDraw=False, autoLog=True, closeShape=True, color=method-wrapper(...), colorSpace=None, contrast=1.0, depth=0.0, fillColor=array([-1., -1., -1.]), fillColorSpace='rgb', fillRGB=array([-1., -1., -1.]), interpolate=True, lineColor=array([1., 1., 1.]), lineColorSpace='rgb', lineRGB=array([1., 1., 1.]), lineWidth=1, name='cbBuf', opacity=1.0, ori=array(0.), pos=array([0., 0.]), size=array([1., 1.]), units='height', vertices=ndarray(...), win=Window(...))
7.9996 	EXP 	Created fixCross = ShapeStim(__class__=<class 'psychopy.visual.shape.ShapeStim'>, autoDraw=False, autoLog=True, closeShape=True, contrast=1.0, depth=-1.0, fillColor=array([1., 1., 1.]), fillColorSpace='rgb', interpolate=True, lineColor=array([1., 1., 1.]), lineColorSpace='rgb', lineWidth=1, name='fixCross', opacity=1.0, ori=array(0.), pos=array([0., 0.]), size=array([0.1, 0.1]), units='height', vertices=ndarray(...), win=Window(...), windingRule=None)
8.0010 	EXP 	Created cB_10 = Rect(__class__=<class 'psychopy.visual.rect.Rect'>, autoDraw=False, autoLog=True, closeShape=True, color=method-wrapper(...), colorSpace=None, contrast=1.0, depth=0.0, fillColor=array([-1., -1., -1.]), fillColorSpace='rgb', fillRGB=array([-1., -1., -1.]), interpolate=True, lineColor=array([1., 1., 1.]), lineColorSpace='rgb', lineRGB=array([1., 1., 1.]), lineWidth=1, name='cB_10', opacity=1.0, ori=array(0.), pos=array([0., 0.]), size=array([1., 1.]), units='height', vertices=ndarray(...), win=Window(...))
8.0812 	EXP 	Created sbEndText = TextStim(__class__=<class 'psychopy.visual.text.TextStim'>, alignHoriz='center', alignVert='center', antialias=True, autoLog=True, bold=False, color='white', colorSpace='named', contrast=1.0, depth=-1.0, flipHoriz=False, flipVert=False, font='Arial', fontFiles=[], height=0.1, italic=False, languageStyle='LTR', name='sbEndText', opacity=1.0, ori=0, pos=array([0., 0.]), rgb=array([255., 255., 255.]), text=str(...), units='height', win=Window(...), wrapWidth=1)
8.1049 	EXP 	Slider: flipVert = False
8.1049 	EXP 	Slider: autoLog = True
8.1049 	EXP 	rating: flipVert = False
8.1049 	EXP 	rating: autoLog = True
8.1049 	EXP 	Slider: flipVert = False
8.1049 	EXP 	Slider: autoLog = True
8.1049 	EXP 	cB_1: autoDraw = True
8.1049 	EXP 	textWelcome: autoDraw = True
9.6243 	DATA 	Keypress: 1
9.6402 	EXP 	cB_1: autoDraw = False
9.6402 	EXP 	textWelcome: autoDraw = False
9.6402 	EXP 	cB_2: autoDraw = True
9.6402 	EXP 	textInstructions: autoDraw = True
9.9640 	DATA 	Keypress: 1
9.9811 	EXP 	cB_2: autoDraw = False
9.9811 	EXP 	textInstructions: autoDraw = False
9.9811 	EXP 	cB_3: autoDraw = True
9.9811 	EXP 	textServer: autoDraw = True
10.2901 	DATA 	Keypress: 1
10.2907 	EXP 	Created sequence: random, trialTypes=1, nReps=1, seed=None
10.2909 	EXP 	New trial (rep=0, index=0): None
10.3062 	EXP 	cB_3: autoDraw = False
10.3062 	EXP 	textServer: autoDraw = False
10.3062 	EXP 	cB_4: autoDraw = True
10.3062 	EXP 	text_1: autoDraw = True
11.2798 	EXP 	text_2: autoDraw = True
11.3137 	EXP 	text_1: autoDraw = False
11.7910 	EXP 	text_2: autoDraw = False
11.7910 	EXP 	text_3: autoDraw = True
12.2891 	EXP 	text_4: autoDraw = True
12.3061 	EXP 	text_3: autoDraw = False
12.7996 	EXP 	text_4: autoDraw = False
12.8166 	EXP 	cB_4: autoDraw = False
12.8166 	EXP 	text_1: autoDraw = False
12.8166 	EXP 	text_2: autoDraw = False
12.8166 	EXP 	text_3: autoDraw = False
12.8166 	EXP 	text_4: autoDraw = False
12.8166 	EXP 	cB_5: autoDraw = True
12.9890 	EXP 	idle: autoDraw = True
13.2942 	EXP 	idle: autoDraw = False
13.2942 	EXP 	idle_2: autoDraw = True
13.4990 	EXP 	idle_2: autoDraw = False
13.4990 	EXP 	idle_3: autoDraw = True
13.6008 	EXP 	idle_3: autoDraw = False
13.6008 	EXP 	idle_4: autoDraw = True
13.7390 	EXP 	idle_4: autoDraw = False
13.7390 	EXP 	idle_5: autoDraw = True
13.8907 	EXP 	idle_5: autoDraw = False
13.8907 	EXP 	idle_6: autoDraw = True
14.0443 	EXP 	idle_6: autoDraw = False
14.0443 	EXP 	idle_7: autoDraw = True
14.1465 	EXP 	idle_7: autoDraw = False
14.1465 	EXP 	ilde_8: autoDraw = True
14.6438 	EXP 	ilde_8: autoDraw = False
14.6438 	EXP 	idle_9: autoDraw = True
15.1386 	EXP 	idle_10: autoDraw = True
15.1553 	EXP 	idle_9: autoDraw = False
15.6497 	EXP 	idle_10: autoDraw = False
15.6497 	EXP 	idle_11: autoDraw = True
16.1445 	EXP 	idle_12: autoDraw = True
16.1615 	EXP 	idle_11: autoDraw = False
16.2988 	EXP 	idle_12: autoDraw = False
16.8090 	EXP 	cB_5: autoDraw = False
16.8090 	EXP 	idle: autoDraw = False
16.8090 	EXP 	idle_2: autoDraw = False
16.8090 	EXP 	idle_3: autoDraw = False
16.8090 	EXP 	idle_4: autoDraw = False
16.8090 	EXP 	idle_5: autoDraw = False
16.8090 	EXP 	idle_6: autoDraw = False
16.8090 	EXP 	idle_7: autoDraw = False
16.8090 	EXP 	ilde_8: autoDraw = False
16.8090 	EXP 	idle_9: autoDraw = False
16.8090 	EXP 	idle_10: autoDraw = False
16.8090 	EXP 	idle_11: autoDraw = False
16.8090 	EXP 	idle_12: autoDraw = False
16.8090 	EXP 	cB_6: autoDraw = True
16.9792 	EXP 	sBInstructions: autoDraw = True
17.6280 	DATA 	Keypress: return
17.8498 	DATA 	Keypress: 1
17.8923 	EXP 	Imported contitions.xlsx as conditions, 19 conditions, 5 params
17.8927 	EXP 	Created sequence: random, trialTypes=19, nReps=2, seed=None
17.8930 	EXP 	New trial (rep=0, index=0): OrderedDict([('playerId', 'Paul'), ('avatarFile', 'images/avatar1.jpg'), ('choiceLabel', 'reciprocate'), ('actionLabel', 1), ('actionRound', 1)])
17.9140 	EXP 	Imported contitions.xlsx as conditions, 19 conditions, 5 params
17.9143 	EXP 	Created sequence: random, trialTypes=19, nReps=1, seed=None
17.9146 	EXP 	New trial (rep=0, index=0): OrderedDict([('playerId', 'Lukas'), ('avatarFile', 'images/avatar2.jpg'), ('choiceLabel', 'keep the investment'), ('actionLabel', 0), ('actionRound', 1)])
17.9805 	EXP 	RatingScale Slider: reset()
18.0037 	EXP 	cB_6: autoDraw = False
18.0037 	EXP 	sBInstructions: autoDraw = False
18.0037 	EXP 	text: text = 'This round you are playing with Lukas!'
18.0037 	EXP 	imagesbRnd: image = 'images/avatar2.jpg'
18.0037 	EXP 	cB_8: autoDraw = True
18.0037 	EXP 	text: autoDraw = True
18.0037 	EXP 	imagesbRnd: autoDraw = True
18.0037 	EXP 	Slider: autoDraw = True
18.5811 	DATA 	Keypress: return
18.5847 	DATA 	RatingScale Slider: (key response) rating=5
18.5847 	DATA 	RatingScale Slider: rating RT=0.603
18.5848 	DATA 	RatingScale Slider: history=[('5', 0.0), ('5', 0.603)]
18.6158 	EXP 	cB_8: autoDraw = False
18.6158 	EXP 	text: autoDraw = False
18.6158 	EXP 	imagesbRnd: autoDraw = False
18.6158 	EXP 	Slider: autoDraw = False
18.6158 	EXP 	cB_9: autoDraw = True
19.1444 	EXP 	cB_9: autoDraw = False
19.1444 	EXP 	textFb: text = 'Lukas has decided not to cooperate and keep the investment. \nYou received 0 credits'
19.1444 	EXP 	cbFb: autoDraw = True
19.1444 	EXP 	textFb: autoDraw = True
20.7121 	DATA 	Keypress: return
21.1204 	EXP 	cbFb: autoDraw = False
21.1204 	EXP 	textFb: autoDraw = False
21.1204 	EXP 	cbBuf: autoDraw = True
21.2904 	EXP 	fixCross: autoDraw = True
21.4293 	DATA 	Keypress: return
21.8034 	EXP 	fixCross: autoDraw = False
22.0093 	EXP 	New trial (rep=0, index=1): OrderedDict([('playerId', 'Paul'), ('avatarFile', 'images/avatar1.jpg'), ('choiceLabel', 'reciprocate'), ('actionLabel', 1), ('actionRound', 1)])
22.1055 	EXP 	RatingScale Slider: reset()
22.1060 	DATA 	Keypress: return
22.1278 	EXP 	cbBuf: autoDraw = False
22.1278 	EXP 	fixCross: autoDraw = False
22.1278 	EXP 	text: text = 'This round you are playing with Paul!'
22.1278 	EXP 	imagesbRnd: image = 'images/avatar1.jpg'
22.1278 	EXP 	cB_8: autoDraw = True
22.1278 	EXP 	text: autoDraw = True
22.1278 	EXP 	imagesbRnd: autoDraw = True
22.1278 	EXP 	Slider: autoDraw = True
22.5882 	DATA 	Keypress: return
22.5917 	DATA 	RatingScale Slider: (key response) rating=5
22.5917 	DATA 	RatingScale Slider: rating RT=0.481
22.5918 	DATA 	RatingScale Slider: history=[('5', 0.0), ('5', 0.481)]
22.6218 	EXP 	cB_8: autoDraw = False
22.6218 	EXP 	text: autoDraw = False
22.6218 	EXP 	imagesbRnd: autoDraw = False
22.6218 	EXP 	Slider: autoDraw = False
22.6218 	EXP 	cB_9: autoDraw = True
23.1495 	EXP 	cB_9: autoDraw = False
23.1495 	EXP 	textFb: text = 'Paul has decided to reciprocate \nYou receive 5 credits'
23.1495 	EXP 	cbFb: autoDraw = True
23.1495 	EXP 	textFb: autoDraw = True
23.4906 	DATA 	Keypress: return
24.8879 	DATA 	Keypress: return
25.1259 	EXP 	cbFb: autoDraw = False
25.1259 	EXP 	textFb: autoDraw = False
25.1259 	EXP 	cbBuf: autoDraw = True
25.2965 	EXP 	fixCross: autoDraw = True
25.8068 	EXP 	fixCross: autoDraw = False
26.0133 	EXP 	New trial (rep=0, index=2): OrderedDict([('playerId', 'Lukas'), ('avatarFile', 'images/avatar2.jpg'), ('choiceLabel', 'reciprocate'), ('actionLabel', 1), ('actionRound', 1)])
26.0455 	EXP 	RatingScale Slider: reset()
26.0635 	EXP 	cbBuf: autoDraw = False
26.0635 	EXP 	fixCross: autoDraw = False
26.0635 	EXP 	text: text = 'This round you are playing with Lukas!'
26.0635 	EXP 	imagesbRnd: image = 'images/avatar2.jpg'
26.0635 	EXP 	cB_8: autoDraw = True
26.0635 	EXP 	text: autoDraw = True
26.0635 	EXP 	imagesbRnd: autoDraw = True
26.0635 	EXP 	Slider: autoDraw = True
26.1851 	DATA 	Keypress: return
26.6424 	DATA 	Keypress: return
26.6457 	DATA 	RatingScale Slider: (key response) rating=5
26.6458 	DATA 	RatingScale Slider: rating RT=0.600
26.6458 	DATA 	RatingScale Slider: history=[('5', 0.0), ('5', 0.6)]
26.6762 	EXP 	cB_8: autoDraw = False
26.6762 	EXP 	text: autoDraw = False
26.6762 	EXP 	imagesbRnd: autoDraw = False
26.6762 	EXP 	Slider: autoDraw = False
26.6762 	EXP 	cB_9: autoDraw = True
27.1928 	EXP 	cB_9: autoDraw = False
27.1928 	EXP 	textFb: text = 'Lukas has decided to reciprocate \nYou receive 5 credits'
27.1928 	EXP 	cbFb: autoDraw = True
27.1928 	EXP 	textFb: autoDraw = True
27.6652 	DATA 	Keypress: return
28.1602 	DATA 	Keypress: return
28.6365 	DATA 	Keypress: return
29.1842 	EXP 	cbFb: autoDraw = False
29.1842 	EXP 	textFb: autoDraw = False
29.1842 	EXP 	cbBuf: autoDraw = True
29.3532 	EXP 	fixCross: autoDraw = True
29.8663 	EXP 	fixCross: autoDraw = False
29.9005 	DATA 	Keypress: return
30.0702 	EXP 	New trial (rep=0, index=3): OrderedDict([('playerId', 'Paul'), ('avatarFile', 'images/avatar1.jpg'), ('choiceLabel', 'reciprocate'), ('actionLabel', 1), ('actionRound', 1)])
30.1289 	EXP 	RatingScale Slider: reset()
30.1547 	EXP 	cbBuf: autoDraw = False
30.1547 	EXP 	fixCross: autoDraw = False
30.1547 	EXP 	text: text = 'This round you are playing with Paul!'
30.1547 	EXP 	imagesbRnd: image = 'images/avatar1.jpg'
30.1547 	EXP 	cB_8: autoDraw = True
30.1547 	EXP 	text: autoDraw = True
30.1547 	EXP 	imagesbRnd: autoDraw = True
30.1547 	EXP 	Slider: autoDraw = True
30.9412 	DATA 	Keypress: return
30.9414 	DATA 	RatingScale Slider: (key response) rating=5
30.9414 	DATA 	RatingScale Slider: rating RT=0.808
30.9414 	DATA 	RatingScale Slider: history=[('5', 0.0), ('5', 0.808)]
30.9719 	EXP 	cB_8: autoDraw = False
30.9719 	EXP 	text: autoDraw = False
30.9719 	EXP 	imagesbRnd: autoDraw = False
30.9719 	EXP 	Slider: autoDraw = False
30.9719 	EXP 	cB_9: autoDraw = True
31.4993 	EXP 	cB_9: autoDraw = False
31.4993 	EXP 	textFb: text = 'Paul has decided to reciprocate \nYou receive 5 credits'
31.4993 	EXP 	cbFb: autoDraw = True
31.4993 	EXP 	textFb: autoDraw = True
31.9426 	DATA 	Keypress: return
33.2896 	DATA 	Keypress: return
33.4766 	EXP 	cbFb: autoDraw = False
33.4766 	EXP 	textFb: autoDraw = False
33.4766 	EXP 	cbBuf: autoDraw = True
33.6485 	EXP 	fixCross: autoDraw = True
33.9534 	DATA 	Keypress: return
34.1579 	EXP 	fixCross: autoDraw = False
34.3633 	EXP 	New trial (rep=0, index=4): OrderedDict([('playerId', 'Paul'), ('avatarFile', 'images/avatar1.jpg'), ('choiceLabel', 'reciprocate'), ('actionLabel', 1), ('actionRound', 1)])
34.4154 	EXP 	RatingScale Slider: reset()
34.4321 	EXP 	cbBuf: autoDraw = False
34.4321 	EXP 	fixCross: autoDraw = False
34.4321 	EXP 	text: text = 'This round you are playing with Paul!'
34.4321 	EXP 	imagesbRnd: image = 'images/avatar1.jpg'
34.4321 	EXP 	cB_8: autoDraw = True
34.4321 	EXP 	text: autoDraw = True
34.4321 	EXP 	imagesbRnd: autoDraw = True
34.4321 	EXP 	Slider: autoDraw = True
34.7030 	DATA 	Keypress: return
35.1625 	DATA 	Keypress: return
35.1661 	DATA 	RatingScale Slider: (key response) rating=5
35.1661 	DATA 	RatingScale Slider: rating RT=0.750
35.1661 	DATA 	RatingScale Slider: history=[('5', 0.0), ('5', 0.75)]
35.1962 	EXP 	cB_8: autoDraw = False
35.1962 	EXP 	text: autoDraw = False
35.1962 	EXP 	imagesbRnd: autoDraw = False
35.1962 	EXP 	Slider: autoDraw = False
35.1962 	EXP 	cB_9: autoDraw = True
35.7076 	EXP 	cB_9: autoDraw = False
35.7076 	EXP 	textFb: text = 'Paul has decided to reciprocate \nYou receive 5 credits'
35.7076 	EXP 	cbFb: autoDraw = True
35.7076 	EXP 	textFb: autoDraw = True
36.1679 	DATA 	Keypress: return
37.5476 	DATA 	Keypress: return
37.6990 	EXP 	cbFb: autoDraw = False
37.6990 	EXP 	textFb: autoDraw = False
37.6990 	EXP 	cbBuf: autoDraw = True
37.8702 	EXP 	fixCross: autoDraw = True
38.1609 	DATA 	Keypress: return
38.3826 	EXP 	fixCross: autoDraw = False
38.5882 	EXP 	New trial (rep=0, index=5): OrderedDict([('playerId', 'Paul'), ('avatarFile', 'images/avatar1.jpg'), ('choiceLabel', 'reciprocate'), ('actionLabel', 1), ('actionRound', 1)])
38.6374 	EXP 	RatingScale Slider: reset()
38.6556 	EXP 	cbBuf: autoDraw = False
38.6556 	EXP 	fixCross: autoDraw = False
38.6556 	EXP 	text: text = 'This round you are playing with Paul!'
38.6556 	EXP 	imagesbRnd: image = 'images/avatar1.jpg'
38.6556 	EXP 	cB_8: autoDraw = True
38.6556 	EXP 	text: autoDraw = True
38.6556 	EXP 	imagesbRnd: autoDraw = True
38.6556 	EXP 	Slider: autoDraw = True
39.1493 	DATA 	Keypress: return
39.1526 	DATA 	RatingScale Slider: (key response) rating=5
39.1526 	DATA 	RatingScale Slider: rating RT=0.515
39.1527 	DATA 	RatingScale Slider: history=[('5', 0.0), ('5', 0.515)]
39.1834 	EXP 	cB_8: autoDraw = False
39.1834 	EXP 	text: autoDraw = False
39.1834 	EXP 	imagesbRnd: autoDraw = False
39.1834 	EXP 	Slider: autoDraw = False
39.1834 	EXP 	cB_9: autoDraw = True
39.6937 	EXP 	cB_9: autoDraw = False
39.6937 	EXP 	textFb: text = 'Paul has decided to reciprocate \nYou receive 5 credits'
39.6937 	EXP 	cbFb: autoDraw = True
39.6937 	EXP 	textFb: autoDraw = True
41.6847 	EXP 	cbFb: autoDraw = False
41.6847 	EXP 	textFb: autoDraw = False
41.6847 	EXP 	cbBuf: autoDraw = True
41.7537 	DATA 	Keypress: return
41.8560 	EXP 	fixCross: autoDraw = True
42.2316 	DATA 	Keypress: return
42.3662 	EXP 	fixCross: autoDraw = False
42.5720 	EXP 	New trial (rep=0, index=6): OrderedDict([('playerId', 'Lukas'), ('avatarFile', 'images/avatar2.jpg'), ('choiceLabel', 'reciprocate'), ('actionLabel', 1), ('actionRound', 1)])
42.6054 	EXP 	RatingScale Slider: reset()
42.6244 	EXP 	cbBuf: autoDraw = False
42.6244 	EXP 	fixCross: autoDraw = False
42.6244 	EXP 	text: text = 'This round you are playing with Lukas!'
42.6244 	EXP 	imagesbRnd: image = 'images/avatar2.jpg'
42.6244 	EXP 	cB_8: autoDraw = True
42.6244 	EXP 	text: autoDraw = True
42.6244 	EXP 	imagesbRnd: autoDraw = True
42.6244 	EXP 	Slider: autoDraw = True
43.0670 	DATA 	Keypress: return
43.0704 	DATA 	RatingScale Slider: (key response) rating=5
43.0704 	DATA 	RatingScale Slider: rating RT=0.461
43.0705 	DATA 	RatingScale Slider: history=[('5', 0.0), ('5', 0.461)]
43.1006 	EXP 	cB_8: autoDraw = False
43.1006 	EXP 	text: autoDraw = False
43.1006 	EXP 	imagesbRnd: autoDraw = False
43.1006 	EXP 	Slider: autoDraw = False
43.1006 	EXP 	cB_9: autoDraw = True
43.6284 	EXP 	cB_9: autoDraw = False
43.6284 	EXP 	textFb: text = 'Lukas has decided to reciprocate \nYou receive 5 credits'
43.6284 	EXP 	cbFb: autoDraw = True
43.6284 	EXP 	textFb: autoDraw = True
44.0545 	DATA 	Keypress: return
45.6038 	EXP 	cbFb: autoDraw = False
45.6038 	EXP 	textFb: autoDraw = False
45.6038 	EXP 	cbBuf: autoDraw = True
45.7742 	EXP 	fixCross: autoDraw = True
46.0638 	DATA 	Keypress: return
46.2847 	EXP 	fixCross: autoDraw = False
46.4903 	EXP 	New trial (rep=0, index=7): OrderedDict([('playerId', 'Paul'), ('avatarFile', 'images/avatar1.jpg'), ('choiceLabel', 'keep the investment'), ('actionLabel', 0), ('actionRound', 1)])
46.5470 	EXP 	RatingScale Slider: reset()
46.5565 	DATA 	Keypress: return
46.5743 	EXP 	cbBuf: autoDraw = False
46.5743 	EXP 	fixCross: autoDraw = False
46.5743 	EXP 	text: text = 'This round you are playing with Paul!'
46.5743 	EXP 	imagesbRnd: image = 'images/avatar1.jpg'
46.5743 	EXP 	cB_8: autoDraw = True
46.5743 	EXP 	text: autoDraw = True
46.5743 	EXP 	imagesbRnd: autoDraw = True
46.5743 	EXP 	Slider: autoDraw = True
47.5116 	DATA 	Keypress: return
47.5148 	DATA 	RatingScale Slider: (key response) rating=5
47.5148 	DATA 	RatingScale Slider: rating RT=0.964
47.5149 	DATA 	RatingScale Slider: history=[('5', 0.0), ('5', 0.964)]
47.5451 	EXP 	cB_8: autoDraw = False
47.5451 	EXP 	text: autoDraw = False
47.5451 	EXP 	imagesbRnd: autoDraw = False
47.5451 	EXP 	Slider: autoDraw = False
47.5451 	EXP 	cB_9: autoDraw = True
48.0707 	EXP 	cB_9: autoDraw = False
48.0707 	EXP 	textFb: text = 'Paul has decided not to cooperate and keep the investment. \nYou received 0 credits'
48.0707 	EXP 	cbFb: autoDraw = True
48.0707 	EXP 	textFb: autoDraw = True
50.0484 	EXP 	cbFb: autoDraw = False
50.0484 	EXP 	textFb: autoDraw = False
50.0484 	EXP 	cbBuf: autoDraw = True
50.2186 	EXP 	fixCross: autoDraw = True
50.7310 	EXP 	fixCross: autoDraw = False
50.9360 	EXP 	New trial (rep=0, index=8): OrderedDict([('playerId', 'Lukas'), ('avatarFile', 'images/avatar2.jpg'), ('choiceLabel', 'keep the investment'), ('actionLabel', 0), ('actionRound', 1)])
50.9598 	EXP 	RatingScale Slider: reset()
50.9860 	EXP 	cbBuf: autoDraw = False
50.9860 	EXP 	fixCross: autoDraw = False
50.9860 	EXP 	text: text = 'This round you are playing with Lukas!'
50.9860 	EXP 	imagesbRnd: image = 'images/avatar2.jpg'
50.9860 	EXP 	cB_8: autoDraw = True
50.9860 	EXP 	text: autoDraw = True
50.9860 	EXP 	imagesbRnd: autoDraw = True
50.9860 	EXP 	Slider: autoDraw = True
51.4627 	DATA 	Keypress: return
51.4660 	DATA 	RatingScale Slider: (key response) rating=5
51.4661 	DATA 	RatingScale Slider: rating RT=0.503
51.4661 	DATA 	RatingScale Slider: history=[('5', 0.0), ('5', 0.502)]
51.4969 	EXP 	cB_8: autoDraw = False
51.4969 	EXP 	text: autoDraw = False
51.4969 	EXP 	imagesbRnd: autoDraw = False
51.4969 	EXP 	Slider: autoDraw = False
51.4969 	EXP 	cB_9: autoDraw = True
52.0268 	EXP 	cB_9: autoDraw = False
52.0268 	EXP 	textFb: text = 'Lukas has decided not to cooperate and keep the investment. \nYou received 0 credits'
52.0268 	EXP 	cbFb: autoDraw = True
52.0268 	EXP 	textFb: autoDraw = True
54.0020 	EXP 	cbFb: autoDraw = False
54.0020 	EXP 	textFb: autoDraw = False
54.0020 	EXP 	cbBuf: autoDraw = True
54.1731 	EXP 	fixCross: autoDraw = True
54.6844 	EXP 	fixCross: autoDraw = False
54.8894 	EXP 	New trial (rep=0, index=9): OrderedDict([('playerId', 'Lukas'), ('avatarFile', 'images/avatar2.jpg'), ('choiceLabel', 'keep the investment'), ('actionLabel', 0), ('actionRound', 1)])
54.9041 	EXP 	RatingScale Slider: reset()
54.9224 	EXP 	cbBuf: autoDraw = False
54.9224 	EXP 	fixCross: autoDraw = False
54.9224 	EXP 	text: text = 'This round you are playing with Lukas!'
54.9224 	EXP 	imagesbRnd: image = 'images/avatar2.jpg'
54.9224 	EXP 	cB_8: autoDraw = True
54.9224 	EXP 	text: autoDraw = True
54.9224 	EXP 	imagesbRnd: autoDraw = True
54.9224 	EXP 	Slider: autoDraw = True
55.4679 	DATA 	Keypress: return
55.4715 	DATA 	RatingScale Slider: (key response) rating=5
55.4716 	DATA 	RatingScale Slider: rating RT=0.567
55.4716 	DATA 	RatingScale Slider: history=[('5', 0.0), ('5', 0.567)]
55.5018 	EXP 	cB_8: autoDraw = False
55.5018 	EXP 	text: autoDraw = False
55.5018 	EXP 	imagesbRnd: autoDraw = False
55.5018 	EXP 	Slider: autoDraw = False
55.5018 	EXP 	cB_9: autoDraw = True
56.0126 	EXP 	cB_9: autoDraw = False
56.0126 	EXP 	textFb: text = 'Lukas has decided not to cooperate and keep the investment. \nYou received 0 credits'
56.0126 	EXP 	cbFb: autoDraw = True
56.0126 	EXP 	textFb: autoDraw = True
58.0047 	EXP 	cbFb: autoDraw = False
58.0047 	EXP 	textFb: autoDraw = False
58.0047 	EXP 	cbBuf: autoDraw = True
58.1768 	EXP 	fixCross: autoDraw = True
58.6863 	EXP 	fixCross: autoDraw = False
58.8940 	EXP 	New trial (rep=0, index=10): OrderedDict([('playerId', 'Lukas'), ('avatarFile', 'images/avatar2.jpg'), ('choiceLabel', 'keep the investment'), ('actionLabel', 0), ('actionRound', 1)])
58.9084 	EXP 	RatingScale Slider: reset()
58.9255 	EXP 	cbBuf: autoDraw = False
58.9255 	EXP 	fixCross: autoDraw = False
58.9255 	EXP 	text: text = 'This round you are playing with Lukas!'
58.9255 	EXP 	imagesbRnd: image = 'images/avatar2.jpg'
58.9255 	EXP 	cB_8: autoDraw = True
58.9255 	EXP 	text: autoDraw = True
58.9255 	EXP 	imagesbRnd: autoDraw = True
58.9255 	EXP 	Slider: autoDraw = True
59.2319 	DATA 	Keypress: return
59.7597 	DATA 	Keypress: return
59.7630 	DATA 	RatingScale Slider: (key response) rating=5
59.7631 	DATA 	RatingScale Slider: rating RT=0.854
59.7631 	DATA 	RatingScale Slider: history=[('5', 0.0), ('5', 0.854)]
59.7930 	EXP 	cB_8: autoDraw = False
59.7930 	EXP 	text: autoDraw = False
59.7930 	EXP 	imagesbRnd: autoDraw = False
59.7930 	EXP 	Slider: autoDraw = False
59.7930 	EXP 	cB_9: autoDraw = True
60.3019 	EXP 	cB_9: autoDraw = False
60.3019 	EXP 	textFb: text = 'Lukas has decided not to cooperate and keep the investment. \nYou received 0 credits'
60.3019 	EXP 	cbFb: autoDraw = True
60.3019 	EXP 	textFb: autoDraw = True
62.3101 	EXP 	cbFb: autoDraw = False
62.3101 	EXP 	textFb: autoDraw = False
62.3101 	EXP 	cbBuf: autoDraw = True
62.4799 	EXP 	fixCross: autoDraw = True
62.9920 	EXP 	fixCross: autoDraw = False
63.1795 	EXP 	New trial (rep=0, index=11): OrderedDict([('playerId', 'Paul'), ('avatarFile', 'images/avatar1.jpg'), ('choiceLabel', 'keep the investment'), ('actionLabel', 0), ('actionRound', 1)])
63.2733 	EXP 	RatingScale Slider: reset()
63.2974 	EXP 	cbBuf: autoDraw = False
63.2974 	EXP 	fixCross: autoDraw = False
63.2974 	EXP 	text: text = 'This round you are playing with Paul!'
63.2974 	EXP 	imagesbRnd: image = 'images/avatar1.jpg'
63.2974 	EXP 	cB_8: autoDraw = True
63.2974 	EXP 	text: autoDraw = True
63.2974 	EXP 	imagesbRnd: autoDraw = True
63.2974 	EXP 	Slider: autoDraw = True
63.7751 	DATA 	Keypress: return
63.7784 	DATA 	RatingScale Slider: (key response) rating=5
63.7785 	DATA 	RatingScale Slider: rating RT=0.500
63.7785 	DATA 	RatingScale Slider: history=[('5', 0.0), ('5', 0.5)]
63.8085 	EXP 	cB_8: autoDraw = False
63.8085 	EXP 	text: autoDraw = False
63.8085 	EXP 	imagesbRnd: autoDraw = False
63.8085 	EXP 	Slider: autoDraw = False
63.8085 	EXP 	cB_9: autoDraw = True
64.3355 	EXP 	cB_9: autoDraw = False
64.3355 	EXP 	textFb: text = 'Paul has decided not to cooperate and keep the investment. \nYou received 0 credits'
64.3355 	EXP 	cbFb: autoDraw = True
64.3355 	EXP 	textFb: autoDraw = True
66.3170 	EXP 	cbFb: autoDraw = False
66.3170 	EXP 	textFb: autoDraw = False
66.3170 	EXP 	cbBuf: autoDraw = True
66.4904 	EXP 	fixCross: autoDraw = True
67.0009 	EXP 	fixCross: autoDraw = False
67.2076 	EXP 	New trial (rep=0, index=12): OrderedDict([('playerId', 'Paul'), ('avatarFile', 'images/avatar1.jpg'), ('choiceLabel', 'keep the investment'), ('actionLabel', 0), ('actionRound', 1)])
67.2594 	EXP 	RatingScale Slider: reset()
67.2762 	EXP 	cbBuf: autoDraw = False
67.2762 	EXP 	fixCross: autoDraw = False
67.2762 	EXP 	text: text = 'This round you are playing with Paul!'
67.2762 	EXP 	imagesbRnd: image = 'images/avatar1.jpg'
67.2762 	EXP 	cB_8: autoDraw = True
67.2762 	EXP 	text: autoDraw = True
67.2762 	EXP 	imagesbRnd: autoDraw = True
67.2762 	EXP 	Slider: autoDraw = True
67.7319 	DATA 	Keypress: return
67.7353 	DATA 	RatingScale Slider: (key response) rating=5
67.7353 	DATA 	RatingScale Slider: rating RT=0.475
67.7353 	DATA 	RatingScale Slider: history=[('5', 0.0), ('5', 0.475)]
67.7653 	EXP 	cB_8: autoDraw = False
67.7653 	EXP 	text: autoDraw = False
67.7653 	EXP 	imagesbRnd: autoDraw = False
67.7653 	EXP 	Slider: autoDraw = False
67.7653 	EXP 	cB_9: autoDraw = True
68.2794 	EXP 	cB_9: autoDraw = False
68.2794 	EXP 	textFb: text = 'Paul has decided not to cooperate and keep the investment. \nYou received 0 credits'
68.2794 	EXP 	cbFb: autoDraw = True
68.2794 	EXP 	textFb: autoDraw = True
70.2737 	EXP 	cbFb: autoDraw = False
70.2737 	EXP 	textFb: autoDraw = False
70.2737 	EXP 	cbBuf: autoDraw = True
70.3583 	DATA 	Keypress: return
70.4429 	EXP 	fixCross: autoDraw = True
70.9567 	EXP 	fixCross: autoDraw = False
71.1610 	EXP 	New trial (rep=0, index=13): OrderedDict([('playerId', 'Lukas'), ('avatarFile', 'images/avatar2.jpg'), ('choiceLabel', 'keep the investment'), ('actionLabel', 0), ('actionRound', 1)])
71.1858 	EXP 	RatingScale Slider: reset()
71.2114 	EXP 	cbBuf: autoDraw = False
71.2114 	EXP 	fixCross: autoDraw = False
71.2114 	EXP 	text: text = 'This round you are playing with Lukas!'
71.2114 	EXP 	imagesbRnd: image = 'images/avatar2.jpg'
71.2114 	EXP 	cB_8: autoDraw = True
71.2114 	EXP 	text: autoDraw = True
71.2114 	EXP 	imagesbRnd: autoDraw = True
71.2114 	EXP 	Slider: autoDraw = True
71.7735 	DATA 	Keypress: return
71.7768 	DATA 	RatingScale Slider: (key response) rating=5
71.7769 	DATA 	RatingScale Slider: rating RT=0.587
71.7769 	DATA 	RatingScale Slider: history=[('5', 0.0), ('5', 0.587)]
71.8067 	EXP 	cB_8: autoDraw = False
71.8067 	EXP 	text: autoDraw = False
71.8067 	EXP 	imagesbRnd: autoDraw = False
71.8067 	EXP 	Slider: autoDraw = False
71.8067 	EXP 	cB_9: autoDraw = True
72.3358 	EXP 	cB_9: autoDraw = False
72.3358 	EXP 	textFb: text = 'Lukas has decided not to cooperate and keep the investment. \nYou received 0 credits'
72.3358 	EXP 	cbFb: autoDraw = True
72.3358 	EXP 	textFb: autoDraw = True
74.3110 	EXP 	cbFb: autoDraw = False
74.3110 	EXP 	textFb: autoDraw = False
74.3110 	EXP 	cbBuf: autoDraw = True
74.4812 	EXP 	fixCross: autoDraw = True
74.9934 	EXP 	fixCross: autoDraw = False
75.1992 	EXP 	New trial (rep=0, index=14): OrderedDict([('playerId', 'Lukas'), ('avatarFile', 'images/avatar2.jpg'), ('choiceLabel', 'keep the investment'), ('actionLabel', 0), ('actionRound', 1)])
75.2130 	EXP 	RatingScale Slider: reset()
75.2327 	EXP 	cbBuf: autoDraw = False
75.2327 	EXP 	fixCross: autoDraw = False
75.2327 	EXP 	text: text = 'This round you are playing with Lukas!'
75.2327 	EXP 	imagesbRnd: image = 'images/avatar2.jpg'
75.2327 	EXP 	cB_8: autoDraw = True
75.2327 	EXP 	text: autoDraw = True
75.2327 	EXP 	imagesbRnd: autoDraw = True
75.2327 	EXP 	Slider: autoDraw = True
84.5329 	DATA 	Keypress: return
84.5330 	DATA 	RatingScale Slider: (key response) rating=5
84.5331 	DATA 	RatingScale Slider: rating RT=9.320
84.5331 	DATA 	RatingScale Slider: history=[('5', 0.0), ('5', 9.319)]
84.5635 	EXP 	cB_8: autoDraw = False
84.5635 	EXP 	text: autoDraw = False
84.5635 	EXP 	imagesbRnd: autoDraw = False
84.5635 	EXP 	Slider: autoDraw = False
84.5635 	EXP 	cB_9: autoDraw = True
85.0748 	EXP 	cB_9: autoDraw = False
85.0748 	EXP 	textFb: text = 'Lukas has decided not to cooperate and keep the investment. \nYou received 0 credits'
85.0748 	EXP 	cbFb: autoDraw = True
85.0748 	EXP 	textFb: autoDraw = True
86.8795 	DATA 	Keypress: return
87.0683 	EXP 	cbFb: autoDraw = False
87.0683 	EXP 	textFb: autoDraw = False
87.0683 	EXP 	cbBuf: autoDraw = True
87.2366 	EXP 	fixCross: autoDraw = True
87.7474 	EXP 	fixCross: autoDraw = False
87.9530 	EXP 	New trial (rep=0, index=15): OrderedDict([('playerId', 'Lukas'), ('avatarFile', 'images/avatar2.jpg'), ('choiceLabel', 'keep the investment'), ('actionLabel', 0), ('actionRound', 1)])
87.9766 	EXP 	RatingScale Slider: reset()
87.9917 	EXP 	cbBuf: autoDraw = False
87.9917 	EXP 	fixCross: autoDraw = False
87.9917 	EXP 	text: text = 'This round you are playing with Lukas!'
87.9917 	EXP 	imagesbRnd: image = 'images/avatar2.jpg'
87.9917 	EXP 	cB_8: autoDraw = True
87.9917 	EXP 	text: autoDraw = True
87.9917 	EXP 	imagesbRnd: autoDraw = True
87.9917 	EXP 	Slider: autoDraw = True
92.6006 	DATA 	Keypress: return
92.6038 	DATA 	RatingScale Slider: (key response) rating=5
92.6039 	DATA 	RatingScale Slider: rating RT=4.627
92.6039 	DATA 	RatingScale Slider: history=[('5', 0.0), ('5', 4.627)]
92.6340 	EXP 	cB_8: autoDraw = False
92.6340 	EXP 	text: autoDraw = False
92.6340 	EXP 	imagesbRnd: autoDraw = False
92.6340 	EXP 	Slider: autoDraw = False
92.6340 	EXP 	cB_9: autoDraw = True
93.1443 	EXP 	cB_9: autoDraw = False
93.1443 	EXP 	textFb: text = 'Lukas has decided not to cooperate and keep the investment. \nYou received 0 credits'
93.1443 	EXP 	cbFb: autoDraw = True
93.1443 	EXP 	textFb: autoDraw = True
94.5415 	DATA 	Keypress: return
95.1365 	EXP 	cbFb: autoDraw = False
95.1365 	EXP 	textFb: autoDraw = False
95.1365 	EXP 	cbBuf: autoDraw = True
95.1368 	DATA 	Keypress: return
95.3068 	EXP 	fixCross: autoDraw = True
95.8205 	EXP 	fixCross: autoDraw = False
95.9232 	DATA 	Keypress: return
96.0258 	EXP 	New trial (rep=0, index=16): OrderedDict([('playerId', 'Paul'), ('avatarFile', 'images/avatar1.jpg'), ('choiceLabel', 'reciprocate'), ('actionLabel', 1), ('actionRound', 1)])
96.1329 	EXP 	RatingScale Slider: reset()
96.1611 	EXP 	cbBuf: autoDraw = False
96.1611 	EXP 	fixCross: autoDraw = False
96.1611 	EXP 	text: text = 'This round you are playing with Paul!'
96.1611 	EXP 	imagesbRnd: image = 'images/avatar1.jpg'
96.1611 	EXP 	cB_8: autoDraw = True
96.1611 	EXP 	text: autoDraw = True
96.1611 	EXP 	imagesbRnd: autoDraw = True
96.1611 	EXP 	Slider: autoDraw = True
97.0313 	DATA 	Keypress: return
97.0347 	DATA 	RatingScale Slider: (key response) rating=5
97.0347 	DATA 	RatingScale Slider: rating RT=0.897
97.0348 	DATA 	RatingScale Slider: history=[('5', 0.0), ('5', 0.897)]
97.0653 	EXP 	cB_8: autoDraw = False
97.0653 	EXP 	text: autoDraw = False
97.0653 	EXP 	imagesbRnd: autoDraw = False
97.0653 	EXP 	Slider: autoDraw = False
97.0653 	EXP 	cB_9: autoDraw = True
97.5932 	EXP 	cB_9: autoDraw = False
97.5932 	EXP 	textFb: text = 'Paul has decided to reciprocate \nYou receive 5 credits'
97.5932 	EXP 	cbFb: autoDraw = True
97.5932 	EXP 	textFb: autoDraw = True
99.5694 	EXP 	cbFb: autoDraw = False
99.5694 	EXP 	textFb: autoDraw = False
99.5694 	EXP 	cbBuf: autoDraw = True
99.7398 	EXP 	fixCross: autoDraw = True
99.7401 	DATA 	Keypress: return
100.2505 	EXP 	fixCross: autoDraw = False
100.4556 	EXP 	New trial (rep=0, index=17): OrderedDict([('playerId', 'Lukas'), ('avatarFile', 'images/avatar2.jpg'), ('choiceLabel', 'reciprocate'), ('actionLabel', 1), ('actionRound', 1)])
100.4905 	EXP 	RatingScale Slider: reset()
100.5091 	EXP 	cbBuf: autoDraw = False
100.5091 	EXP 	fixCross: autoDraw = False
100.5091 	EXP 	text: text = 'This round you are playing with Lukas!'
100.5091 	EXP 	imagesbRnd: image = 'images/avatar2.jpg'
100.5091 	EXP 	cB_8: autoDraw = True
100.5091 	EXP 	text: autoDraw = True
100.5091 	EXP 	imagesbRnd: autoDraw = True
100.5091 	EXP 	Slider: autoDraw = True
101.1383 	DATA 	Keypress: return
101.1417 	DATA 	RatingScale Slider: (key response) rating=5
101.1418 	DATA 	RatingScale Slider: rating RT=0.648
101.1418 	DATA 	RatingScale Slider: history=[('5', 0.0), ('5', 0.648)]
101.1714 	EXP 	cB_8: autoDraw = False
101.1714 	EXP 	text: autoDraw = False
101.1714 	EXP 	imagesbRnd: autoDraw = False
101.1714 	EXP 	Slider: autoDraw = False
101.1714 	EXP 	cB_9: autoDraw = True
101.6884 	EXP 	cB_9: autoDraw = False
101.6884 	EXP 	textFb: text = 'Lukas has decided to reciprocate \nYou receive 5 credits'
101.6884 	EXP 	cbFb: autoDraw = True
101.6884 	EXP 	textFb: autoDraw = True
103.6762 	EXP 	cbFb: autoDraw = False
103.6762 	EXP 	textFb: autoDraw = False
103.6762 	EXP 	cbBuf: autoDraw = True
103.8489 	EXP 	fixCross: autoDraw = True
104.1212 	DATA 	Keypress: return
104.3603 	EXP 	fixCross: autoDraw = False
104.5655 	EXP 	New trial (rep=0, index=18): OrderedDict([('playerId', 'Paul'), ('avatarFile', 'images/avatar1.jpg'), ('choiceLabel', 'reciprocate'), ('actionLabel', 1), ('actionRound', 1)])
104.6253 	EXP 	RatingScale Slider: reset()
104.6499 	EXP 	cbBuf: autoDraw = False
104.6499 	EXP 	fixCross: autoDraw = False
104.6499 	EXP 	text: text = 'This round you are playing with Paul!'
104.6499 	EXP 	imagesbRnd: image = 'images/avatar1.jpg'
104.6499 	EXP 	cB_8: autoDraw = True
104.6499 	EXP 	text: autoDraw = True
104.6499 	EXP 	imagesbRnd: autoDraw = True
104.6499 	EXP 	Slider: autoDraw = True
105.3996 	DATA 	Keypress: return
105.4029 	DATA 	RatingScale Slider: (key response) rating=5
105.4030 	DATA 	RatingScale Slider: rating RT=0.773
105.4030 	DATA 	RatingScale Slider: history=[('5', 0.0), ('5', 0.773)]
105.4345 	EXP 	cB_8: autoDraw = False
105.4345 	EXP 	text: autoDraw = False
105.4345 	EXP 	imagesbRnd: autoDraw = False
105.4345 	EXP 	Slider: autoDraw = False
105.4345 	EXP 	cB_9: autoDraw = True
105.9638 	EXP 	cB_9: autoDraw = False
105.9638 	EXP 	textFb: text = 'Paul has decided to reciprocate \nYou receive 5 credits'
105.9638 	EXP 	cbFb: autoDraw = True
105.9638 	EXP 	textFb: autoDraw = True
107.8037 	DATA 	Keypress: return
107.9396 	EXP 	cbFb: autoDraw = False
107.9396 	EXP 	textFb: autoDraw = False
107.9396 	EXP 	cbBuf: autoDraw = True
108.1116 	EXP 	fixCross: autoDraw = True
108.3326 	DATA 	Keypress: return
108.6224 	EXP 	fixCross: autoDraw = False
108.8436 	EXP 	Imported sliders.xlsx as conditions, 6 conditions, 5 params
108.8440 	EXP 	Created sequence: random, trialTypes=6, nReps=1, seed=None
108.8443 	EXP 	New trial (rep=0, index=0): OrderedDict([('sliderID', 5), ('sliderText', 'How do you feel?'), ('sliderLabels', 'negative, positive'), ('sliderMin', 1), ('sliderMax', 7)])
108.9143 	EXP 	Created rating = RatingScale(__class__=type(...), acceptKeys=['return'], acceptPreText=UNKNOWN, acceptSize=UNKNOWN, acceptText='accept?', autoLog=True, choices='negative, positive', depth=0, disappear=False, flipVert=False, high=17, kwargs=UNKNOWN, labels=list(...), leftKeys=['left'], lineColor='White', low=0, marker=ShapeStim(...), markerColor='DarkBlue', markerExpansion=UNKNOWN, markerStart=None, maxTime=0.0, minTime=0.4, mouseOnly=False, name='rating', noMouse=False, pos=[0.0, -0.2], precision=1, respKeys=[], rightKeys=['right'], scale='How do you feel?', self=UNKNOWN, showAccept=True, showValue=True, singleClick=False, size=0.6, skipKeys=['tab'], stretch=1.0, textColor='LightGray', textFont='Helvetica Bold', textSize=0.12, tickHeight=-1, tickMarks=17.0, win=Window(...))
108.9152 	EXP 	RatingScale rating: reset()
108.9453 	EXP 	cbBuf: autoDraw = False
108.9453 	EXP 	fixCross: autoDraw = False
108.9453 	EXP 	rating: flipVert = False
108.9453 	EXP 	rating: autoLog = True
108.9453 	EXP 	cB_11: autoDraw = True
108.9453 	EXP 	rating: autoDraw = True
109.2026 	DATA 	Keypress: return
110.6802 	DATA 	Keypress: left
111.1051 	DATA 	Keypress: right
111.2921 	DATA 	Keypress: right
116.9830 	DATA 	Keypress: left
117.1505 	DATA 	Keypress: right
117.2382 	DATA 	Keypress: left
117.3575 	DATA 	Keypress: right
117.4720 	DATA 	Keypress: left
117.5400 	DATA 	Keypress: right
118.1587 	DATA 	Keypress: return
119.4501 	DATA 	Mouse: Left button down, pos=(1000,427)
119.5517 	DATA 	Mouse:  Left button up, pos=(1000,427)
120.9380 	DATA 	Keypress: left
121.1575 	DATA 	Keypress: left
121.3601 	DATA 	Keypress: left
121.5546 	DATA 	Keypress: left
121.7217 	DATA 	Keypress: left
121.8840 	DATA 	Keypress: left
122.0377 	DATA 	Keypress: left
122.1855 	DATA 	Keypress: left
122.3490 	DATA 	Keypress: left
122.5163 	DATA 	Keypress: left
122.6695 	DATA 	Keypress: left
122.8333 	DATA 	Keypress: left
122.9989 	DATA 	Keypress: left
123.1655 	DATA 	Keypress: left
123.7205 	DATA 	Keypress: return
123.7207 	DATA 	RatingScale rating: (key response) rating=n
123.7207 	DATA 	RatingScale rating: rating RT=14.805
123.7208 	DATA 	RatingScale rating: history=[(None, 0.0), ('t', 10.539), ('i', 12.022), ('s', 12.242), ('o', 12.45), ('p', 12.639), (' ', 12.806), (',', 12.974), ('e', 13.128), ('v', 13.27), ('i', 13.439), ('t', 13.606), ('a', 13.759), ('g', 13.918), ('e', 14.088), ('n', 14.255), ('n', 14.805)]
123.7329 	EXP 	New trial (rep=0, index=1): OrderedDict([('sliderID', 6), ('sliderText', 'How activated are you right now?'), ('sliderLabels', 'low, high'), ('sliderMin', 1), ('sliderMax', 7)])
123.7756 	EXP 	Created rating = RatingScale(__class__=type(...), acceptKeys=['return'], acceptPreText=UNKNOWN, acceptSize=UNKNOWN, acceptText='accept?', autoLog=True, choices='low, high', depth=0, disappear=False, flipVert=False, high=8, kwargs=UNKNOWN, labels=list(...), leftKeys=['left'], lineColor='White', low=0, marker=ShapeStim(...), markerColor='DarkBlue', markerExpansion=UNKNOWN, markerStart=None, maxTime=0.0, minTime=0.4, mouseOnly=False, name='rating', noMouse=False, pos=[0.0, -0.2], precision=1, respKeys=['0', '1', '2', '3', '4', '5', '6', '7', '8'], rightKeys=['right'], scale='How activated are you right now?', self=UNKNOWN, showAccept=True, showValue=True, singleClick=False, size=0.6, skipKeys=['tab'], stretch=1.0, textColor='LightGray', textFont='Helvetica Bold', textSize=0.12, tickHeight=-1, tickMarks=8.0, win=Window(...))
123.7765 	EXP 	RatingScale rating: reset()
123.7972 	EXP 	cB_11: autoDraw = False
123.7972 	EXP 	rating: autoDraw = False
123.7972 	EXP 	rating: flipVert = False
123.7972 	EXP 	rating: autoLog = True
123.7972 	EXP 	cB_11: autoDraw = True
123.7972 	EXP 	rating: autoDraw = True
124.6980 	DATA 	Keypress: right
124.9025 	DATA 	Keypress: right
126.1142 	DATA 	Mouse: Left button down, pos=(966,423)
126.2331 	DATA 	Mouse:  Left button up, pos=(966,423)
127.1559 	DATA 	Keypress: left
127.3245 	DATA 	Keypress: left
127.7683 	DATA 	Keypress: return
127.7684 	DATA 	RatingScale rating: (key response) rating= 
127.7685 	DATA 	RatingScale rating: rating RT=3.991
127.7685 	DATA 	RatingScale rating: history=[(None, 0.0), ('i', 2.34), ('h', 3.379), (' ', 3.551), (' ', 3.991)]
127.7824 	EXP 	New trial (rep=0, index=2): OrderedDict([('sliderID', 1), ('sliderText', 'How much do you like Paul?'), ('sliderLabels', 'not at all, very much'), ('sliderMin', 1), ('sliderMax', 7)])
127.8525 	EXP 	Created rating = RatingScale(__class__=type(...), acceptKeys=['return'], acceptPreText=UNKNOWN, acceptSize=UNKNOWN, acceptText='accept?', autoLog=True, choices='not at all, very much', depth=0, disappear=False, flipVert=False, high=20, kwargs=UNKNOWN, labels=list(...), leftKeys=['left'], lineColor='White', low=0, marker=ShapeStim(...), markerColor='DarkBlue', markerExpansion=UNKNOWN, markerStart=None, maxTime=0.0, minTime=0.4, mouseOnly=False, name='rating', noMouse=False, pos=[0.0, -0.2], precision=1, respKeys=[], rightKeys=['right'], scale='How much do you like Paul?', self=UNKNOWN, showAccept=True, showValue=True, singleClick=False, size=0.6, skipKeys=['tab'], stretch=1.0, textColor='LightGray', textFont='Helvetica Bold', textSize=0.12, tickHeight=-1, tickMarks=20.0, win=Window(...))
127.8534 	EXP 	RatingScale rating: reset()
127.8831 	EXP 	cB_11: autoDraw = False
127.8831 	EXP 	rating: autoDraw = False
127.8831 	EXP 	rating: flipVert = False
127.8831 	EXP 	rating: autoLog = True
127.8831 	EXP 	cB_11: autoDraw = True
127.8831 	EXP 	rating: autoDraw = True
130.1235 	DATA 	Keypress: left
130.3609 	DATA 	Keypress: left
131.5845 	DATA 	Mouse: Left button down, pos=(1060,425)
131.6884 	DATA 	Mouse:  Left button up, pos=(1061,426)
132.3745 	DATA 	Keypress: left
132.5416 	DATA 	Keypress: left
132.7529 	DATA 	Keypress: return
132.7533 	DATA 	RatingScale rating: (key response) rating=m
132.7534 	DATA 	RatingScale rating: rating RT=4.899
132.7534 	DATA 	RatingScale rating: history=[(None, 0.0), ('c', 3.736), ('u', 4.521), ('m', 4.693), ('m', 4.899)]
132.7657 	EXP 	New trial (rep=0, index=3): OrderedDict([('sliderID', 2), ('sliderText', 'How much do you want to continue playing with Paul?'), ('sliderLabels', 'not at all, very much'), ('sliderMin', 1), ('sliderMax', 7)])
132.8362 	EXP 	Created rating = RatingScale(__class__=type(...), acceptKeys=['return'], acceptPreText=UNKNOWN, acceptSize=UNKNOWN, acceptText='accept?', autoLog=True, choices='not at all, very much', depth=0, disappear=False, flipVert=False, high=20, kwargs=UNKNOWN, labels=list(...), leftKeys=['left'], lineColor='White', low=0, marker=ShapeStim(...), markerColor='DarkBlue', markerExpansion=UNKNOWN, markerStart=None, maxTime=0.0, minTime=0.4, mouseOnly=False, name='rating', noMouse=False, pos=[0.0, -0.2], precision=1, respKeys=[], rightKeys=['right'], scale=str(...), self=UNKNOWN, showAccept=True, showValue=True, singleClick=False, size=0.6, skipKeys=['tab'], stretch=1.0, textColor='LightGray', textFont='Helvetica Bold', textSize=0.12, tickHeight=-1, tickMarks=20.0, win=Window(...))
132.8371 	EXP 	RatingScale rating: reset()
132.8630 	EXP 	cB_11: autoDraw = False
132.8630 	EXP 	rating: autoDraw = False
132.8630 	EXP 	rating: flipVert = False
132.8630 	EXP 	rating: autoLog = True
132.8630 	EXP 	cB_11: autoDraw = True
132.8630 	EXP 	rating: autoDraw = True
133.9945 	DATA 	Mouse: Left button down, pos=(1049,412)
134.0655 	DATA 	Mouse:  Left button up, pos=(1049,412)
134.6385 	DATA 	Keypress: left
134.7688 	DATA 	Keypress: return
134.7689 	DATA 	RatingScale rating: (key response) rating=m
134.7690 	DATA 	RatingScale rating: rating RT=1.931
134.7690 	DATA 	RatingScale rating: history=[(None, 0.0), ('u', 1.162), ('m', 1.807), ('m', 1.931)]
134.7812 	EXP 	New trial (rep=0, index=4): OrderedDict([('sliderID', 4), ('sliderText', 'How much do you want to continue playing with Lukas?'), ('sliderLabels', 'not at all, very much'), ('sliderMin', 1), ('sliderMax', 7)])
134.8525 	EXP 	Created rating = RatingScale(__class__=type(...), acceptKeys=['return'], acceptPreText=UNKNOWN, acceptSize=UNKNOWN, acceptText='accept?', autoLog=True, choices='not at all, very much', depth=0, disappear=False, flipVert=False, high=20, kwargs=UNKNOWN, labels=list(...), leftKeys=['left'], lineColor='White', low=0, marker=ShapeStim(...), markerColor='DarkBlue', markerExpansion=UNKNOWN, markerStart=None, maxTime=0.0, minTime=0.4, mouseOnly=False, name='rating', noMouse=False, pos=[0.0, -0.2], precision=1, respKeys=[], rightKeys=['right'], scale=str(...), self=UNKNOWN, showAccept=True, showValue=True, singleClick=False, size=0.6, skipKeys=['tab'], stretch=1.0, textColor='LightGray', textFont='Helvetica Bold', textSize=0.12, tickHeight=-1, tickMarks=20.0, win=Window(...))
134.8535 	EXP 	RatingScale rating: reset()
134.8781 	EXP 	cB_11: autoDraw = False
134.8781 	EXP 	rating: autoDraw = False
134.8781 	EXP 	rating: flipVert = False
134.8781 	EXP 	rating: autoLog = True
134.8781 	EXP 	cB_11: autoDraw = True
134.8781 	EXP 	rating: autoDraw = True
135.5171 	DATA 	Keypress: escape
136.0058 	EXP 	window1: mouseVisible = True
