2.6398 	WARNING 	Import Error: No module named 'psychtoolbox'. Using event module for keyboard component.
4.9987 	WARNING 	User requested fullscreen with size [1024  768], but screen is actually [1680, 1050]. Using actual size
5.9746 	EXP 	Created window1 = Window(allowGUI=True, allowStencil=False, args=UNKNOWN, autoLog=True, bitsMode=UNKNOWN, blendMode='avg', color=array([0., 0., 0.]), colorSpace='rgb', fullscr=<method-wrapper '__getattribute__' of attributeSetter object at 0x0A217F50>, gamma=None, gammaErrorPolicy='raise', kwargs=UNKNOWN, lms=UNKNOWN, monitor=<psychopy.monitors.calibTools.Monitor object at 0x0A3CAC50>, multiSample=False, name='window1', numSamples=2, pos=[0.0, 0.0], screen=0, size=array([1680, 1050]), stereo=False, units='height', useFBO=True, useRetina=False, viewOri=0.0, viewPos=None, viewScale=None, waitBlanking=True, winType='pyglet')
5.9747 	EXP 	window1: recordFrameIntervals = False
6.1424 	EXP 	window1: recordFrameIntervals = True
6.3296 	EXP 	window1: recordFrameIntervals = False
6.3325 	EXP 	Created cB_1 = Rect(__class__=<class 'psychopy.visual.rect.Rect'>, autoDraw=False, autoLog=True, closeShape=True, color=method-wrapper(...), colorSpace=None, contrast=1.0, depth=-1.0, fillColor=array([-1., -1., -1.]), fillColorSpace='rgb', fillRGB=array([-1., -1., -1.]), interpolate=True, lineColor=array([1., 1., 1.]), lineColorSpace='rgb', lineRGB=array([1., 1., 1.]), lineWidth=1, name='cB_1', opacity=1.0, ori=array(0.), pos=array([0., 0.]), size=array([1., 1.]), units='height', vertices=ndarray(...), win=Window(...))
6.4744 	EXP 	Created textWelcome = TextStim(__class__=<class 'psychopy.visual.text.TextStim'>, alignHoriz='center', alignVert='center', antialias=True, autoLog=True, bold=False, color='white', colorSpace='named', contrast=1.0, depth=-2.0, flipHoriz=False, flipVert=False, font='Arial', fontFiles=[], height=0.03, italic=False, languageStyle='LTR', name='textWelcome', opacity=1.0, ori=0, pos=array([0., 0.]), rgb=array([255., 255., 255.]), text=str(...), units='height', win=Window(...), wrapWidth=1)
6.4759 	EXP 	Created cB_2 = Rect(__class__=<class 'psychopy.visual.rect.Rect'>, autoDraw=False, autoLog=True, closeShape=True, color=method-wrapper(...), colorSpace=None, contrast=1.0, depth=0.0, fillColor=array([-1., -1., -1.]), fillColorSpace='rgb', fillRGB=array([-1., -1., -1.]), interpolate=True, lineColor=array([1., 1., 1.]), lineColorSpace='rgb', lineRGB=array([1., 1., 1.]), lineWidth=1, name='cB_2', opacity=1.0, ori=array(0.), pos=array([0., 0.]), size=array([1., 1.]), units='height', vertices=ndarray(...), win=Window(...))
6.5476 	EXP 	Created textInstructions = TextStim(__class__=<class 'psychopy.visual.text.TextStim'>, alignHoriz='center', alignVert='center', antialias=True, autoLog=True, bold=False, color='white', colorSpace='named', contrast=1.0, depth=-1.0, flipHoriz=False, flipVert=False, font='Arial', fontFiles=[], height=0.03, italic=False, languageStyle='LTR', name='textInstructions', opacity=1.0, ori=0, pos=array([0., 0.]), rgb=array([255., 255., 255.]), text=str(...), units='height', win=Window(...), wrapWidth=1)
6.5492 	EXP 	Created cB_3 = Rect(__class__=<class 'psychopy.visual.rect.Rect'>, autoDraw=False, autoLog=True, closeShape=True, color=method-wrapper(...), colorSpace=None, contrast=1.0, depth=0.0, fillColor=array([-1., -1., -1.]), fillColorSpace='rgb', fillRGB=array([-1., -1., -1.]), interpolate=True, lineColor=array([1., 1., 1.]), lineColorSpace='rgb', lineRGB=array([1., 1., 1.]), lineWidth=1, name='cB_3', opacity=1.0, ori=array(0.), pos=array([0., 0.]), size=array([1., 1.]), units='height', vertices=ndarray(...), win=Window(...))
6.5867 	EXP 	Created textServer = TextStim(__class__=<class 'psychopy.visual.text.TextStim'>, alignHoriz='center', alignVert='center', antialias=True, autoLog=True, bold=False, color='white', colorSpace='named', contrast=1.0, depth=-1.0, flipHoriz=False, flipVert=False, font='Arial', fontFiles=[], height=0.03, italic=False, languageStyle='LTR', name='textServer', opacity=1.0, ori=0, pos=array([0., 0.]), rgb=array([255., 255., 255.]), text=str(...), units='height', win=Window(...), wrapWidth=1)
6.5883 	EXP 	Created cB_4 = Rect(__class__=<class 'psychopy.visual.rect.Rect'>, autoDraw=False, autoLog=True, closeShape=True, color=method-wrapper(...), colorSpace=None, contrast=1.0, depth=0.0, fillColor=array([-1., -1., -1.]), fillColorSpace='rgb', fillRGB=array([-1., -1., -1.]), interpolate=True, lineColor=array([1., 1., 1.]), lineColorSpace='rgb', lineRGB=array([1., 1., 1.]), lineWidth=1, name='cB_4', opacity=1.0, ori=array(0.), pos=array([0., 0.]), size=array([1., 1.]), units='height', vertices=ndarray(...), win=Window(...))
6.5940 	EXP 	Created text_1 = TextStim(__class__=<class 'psychopy.visual.text.TextStim'>, alignHoriz='center', alignVert='center', antialias=True, autoLog=True, bold=False, color='white', colorSpace='named', contrast=1.0, depth=-1.0, flipHoriz=False, flipVert=False, font='Arial', fontFiles=[], height=0.03, italic=False, languageStyle='LTR', name='text_1', opacity=1.0, ori=0, pos=array([0., 0.]), rgb=array([255., 255., 255.]), text='connecting      ', units='height', win=Window(...), wrapWidth=1)
6.5989 	EXP 	Created text_2 = TextStim(__class__=<class 'psychopy.visual.text.TextStim'>, alignHoriz='center', alignVert='center', antialias=True, autoLog=True, bold=False, color='white', colorSpace='named', contrast=1.0, depth=-2.0, flipHoriz=False, flipVert=False, font='Arial', fontFiles=[], height=0.03, italic=False, languageStyle='LTR', name='text_2', opacity=1.0, ori=0, pos=array([0., 0.]), rgb=array([255., 255., 255.]), text='connecting .    ', units='height', win=Window(...), wrapWidth=1)
6.6038 	EXP 	Created text_3 = TextStim(__class__=<class 'psychopy.visual.text.TextStim'>, alignHoriz='center', alignVert='center', antialias=True, autoLog=True, bold=False, color='white', colorSpace='named', contrast=1.0, depth=-3.0, flipHoriz=False, flipVert=False, font='Arial', fontFiles=[], height=0.03, italic=False, languageStyle='LTR', name='text_3', opacity=1.0, ori=0, pos=array([0., 0.]), rgb=array([255., 255., 255.]), text='connecting . .  ', units='height', win=Window(...), wrapWidth=1)
6.6094 	EXP 	Created text_4 = TextStim(__class__=<class 'psychopy.visual.text.TextStim'>, alignHoriz='center', alignVert='center', antialias=True, autoLog=True, bold=False, color='white', colorSpace='named', contrast=1.0, depth=-4.0, flipHoriz=False, flipVert=False, font='Arial', fontFiles=[], height=0.03, italic=False, languageStyle='LTR', name='text_4', opacity=1.0, ori=0, pos=array([0., 0.]), rgb=array([255., 255., 255.]), text='connecting . . .', units='height', win=Window(...), wrapWidth=1)
6.6109 	EXP 	Created cB_5 = Rect(__class__=<class 'psychopy.visual.rect.Rect'>, autoDraw=False, autoLog=True, closeShape=True, color=method-wrapper(...), colorSpace=None, contrast=1.0, depth=0.0, fillColor=array([-1., -1., -1.]), fillColorSpace='rgb', fillRGB=array([-1., -1., -1.]), interpolate=True, lineColor=array([1., 1., 1.]), lineColorSpace='rgb', lineRGB=array([1., 1., 1.]), lineWidth=1, name='cB_5', opacity=1.0, ori=array(0.), pos=array([0., 0.]), size=array([1., 1.]), units='height', vertices=ndarray(...), win=Window(...))
6.6147 	EXP 	Created idle = TextStim(__class__=<class 'psychopy.visual.text.TextStim'>, alignHoriz='center', alignVert='center', antialias=True, autoLog=True, bold=False, color='white', colorSpace='named', contrast=1.0, depth=-1.0, flipHoriz=False, flipVert=False, font='Arial', fontFiles=[], height=0.03, italic=False, languageStyle='LTR', name='idle', opacity=1.0, ori=0, pos=array([0., 0.]), rgb=array([255., 255., 255.]), text='found', units='height', win=Window(...), wrapWidth=1)
6.6197 	EXP 	Created idle_2 = TextStim(__class__=<class 'psychopy.visual.text.TextStim'>, alignHoriz='center', alignVert='center', antialias=True, autoLog=True, bold=False, color='white', colorSpace='named', contrast=1.0, depth=-2.0, flipHoriz=False, flipVert=False, font='Arial', fontFiles=[], height=0.03, italic=False, languageStyle='LTR', name='idle_2', opacity=1.0, ori=0, pos=array([0., 0.]), rgb=array([255., 255., 255.]), text='init proc     ', units='height', win=Window(...), wrapWidth=1)
6.6283 	EXP 	Created idle_3 = TextStim(__class__=<class 'psychopy.visual.text.TextStim'>, alignHoriz='center', alignVert='center', antialias=True, autoLog=True, bold=False, color='white', colorSpace='named', contrast=1.0, depth=-3.0, flipHoriz=False, flipVert=False, font='Arial', fontFiles=[], height=0.03, italic=False, languageStyle='LTR', name='idle_3', opacity=1.0, ori=0, pos=array([0., 0.]), rgb=array([255., 255., 255.]), text='init proc 2141', units='height', win=Window(...), wrapWidth=1)
6.6351 	EXP 	Created idle_4 = TextStim(__class__=<class 'psychopy.visual.text.TextStim'>, alignHoriz='center', alignVert='center', antialias=True, autoLog=True, bold=False, color='white', colorSpace='named', contrast=1.0, depth=-4.0, flipHoriz=False, flipVert=False, font='Arial', fontFiles=[], height=0.03, italic=False, languageStyle='LTR', name='idle_4', opacity=1.0, ori=0, pos=array([0., 0.]), rgb=array([255., 255., 255.]), text='init proc 2215', units='height', win=Window(...), wrapWidth=1)
6.6427 	EXP 	Created idle_5 = TextStim(__class__=<class 'psychopy.visual.text.TextStim'>, alignHoriz='center', alignVert='center', antialias=True, autoLog=True, bold=False, color='white', colorSpace='named', contrast=1.0, depth=-5.0, flipHoriz=False, flipVert=False, font='Arial', fontFiles=[], height=0.03, italic=False, languageStyle='LTR', name='idle_5', opacity=1.0, ori=0, pos=array([0., 0.]), rgb=array([255., 255., 255.]), text='init proc 3229', units='height', win=Window(...), wrapWidth=1)
6.6479 	EXP 	Created idle_6 = TextStim(__class__=<class 'psychopy.visual.text.TextStim'>, alignHoriz='center', alignVert='center', antialias=True, autoLog=True, bold=False, color='white', colorSpace='named', contrast=1.0, depth=-6.0, flipHoriz=False, flipVert=False, font='Arial', fontFiles=[], height=0.03, italic=False, languageStyle='LTR', name='idle_6', opacity=1.0, ori=0, pos=array([0., 0.]), rgb=array([255., 255., 255.]), text='init proc 4325', units='height', win=Window(...), wrapWidth=1)
6.6543 	EXP 	Created idle_7 = TextStim(__class__=<class 'psychopy.visual.text.TextStim'>, alignHoriz='center', alignVert='center', antialias=True, autoLog=True, bold=False, color='white', colorSpace='named', contrast=1.0, depth=-7.0, flipHoriz=False, flipVert=False, font='Arial', fontFiles=[], height=0.03, italic=False, languageStyle='LTR', name='idle_7', opacity=1.0, ori=0, pos=array([0., 0.]), rgb=array([255., 255., 255.]), text='init proc 1337', units='height', win=Window(...), wrapWidth=1)
6.6593 	EXP 	Created ilde_8 = TextStim(__class__=<class 'psychopy.visual.text.TextStim'>, alignHoriz='center', alignVert='center', antialias=True, autoLog=True, bold=False, color='white', colorSpace='named', contrast=1.0, depth=-8.0, flipHoriz=False, flipVert=False, font='Arial', fontFiles=[], height=0.03, italic=False, languageStyle='LTR', name='ilde_8', opacity=1.0, ori=0, pos=array([0., 0.]), rgb=array([255., 255., 255.]), text='buffering      ', units='height', win=Window(...), wrapWidth=1)
6.6643 	EXP 	Created idle_9 = TextStim(__class__=<class 'psychopy.visual.text.TextStim'>, alignHoriz='center', alignVert='center', antialias=True, autoLog=True, bold=False, color='white', colorSpace='named', contrast=1.0, depth=-9.0, flipHoriz=False, flipVert=False, font='Arial', fontFiles=[], height=0.03, italic=False, languageStyle='LTR', name='idle_9', opacity=1.0, ori=0, pos=array([0., 0.]), rgb=array([255., 255., 255.]), text='buffering .    ', units='height', win=Window(...), wrapWidth=1)
6.6692 	EXP 	Created idle_10 = TextStim(__class__=<class 'psychopy.visual.text.TextStim'>, alignHoriz='center', alignVert='center', antialias=True, autoLog=True, bold=False, color='white', colorSpace='named', contrast=1.0, depth=-10.0, flipHoriz=False, flipVert=False, font='Arial', fontFiles=[], height=0.03, italic=False, languageStyle='LTR', name='idle_10', opacity=1.0, ori=0, pos=array([0., 0.]), rgb=array([255., 255., 255.]), text='buffering . .  ', units='height', win=Window(...), wrapWidth=1)
6.6746 	EXP 	Created idle_11 = TextStim(__class__=<class 'psychopy.visual.text.TextStim'>, alignHoriz='center', alignVert='center', antialias=True, autoLog=True, bold=False, color='white', colorSpace='named', contrast=1.0, depth=-11.0, flipHoriz=False, flipVert=False, font='Arial', fontFiles=[], height=0.03, italic=False, languageStyle='LTR', name='idle_11', opacity=1.0, ori=0, pos=array([0., 0.]), rgb=array([255., 255., 255.]), text='buffering . . .', units='height', win=Window(...), wrapWidth=1)
6.6841 	EXP 	Created idle_12 = TextStim(__class__=<class 'psychopy.visual.text.TextStim'>, alignHoriz='center', alignVert='center', antialias=True, autoLog=True, bold=False, color='white', colorSpace='named', contrast=1.0, depth=-12.0, flipHoriz=False, flipVert=False, font='Arial', fontFiles=[], height=0.03, italic=False, languageStyle='LTR', name='idle_12', opacity=1.0, ori=0, pos=array([0., 0.]), rgb=array([255., 255., 255.]), text='run /serv/234_1/sd connect', units='height', win=Window(...), wrapWidth=1)
6.6857 	EXP 	Created cB_6 = Rect(__class__=<class 'psychopy.visual.rect.Rect'>, autoDraw=False, autoLog=True, closeShape=True, color=method-wrapper(...), colorSpace=None, contrast=1.0, depth=0.0, fillColor=array([-1., -1., -1.]), fillColorSpace='rgb', fillRGB=array([-1., -1., -1.]), interpolate=True, lineColor=array([1., 1., 1.]), lineColorSpace='rgb', lineRGB=array([1., 1., 1.]), lineWidth=1, name='cB_6', opacity=1.0, ori=array(0.), pos=array([0., 0.]), size=array([1., 1.]), units='height', vertices=ndarray(...), win=Window(...))
6.7169 	EXP 	Created sBInstructions = TextStim(__class__=<class 'psychopy.visual.text.TextStim'>, alignHoriz='center', alignVert='center', antialias=True, autoLog=True, bold=False, color='white', colorSpace='named', contrast=1.0, depth=-1.0, flipHoriz=False, flipVert=False, font='Arial', fontFiles=[], height=0.03, italic=False, languageStyle='LTR', name='sBInstructions', opacity=1.0, ori=0, pos=array([0., 0.]), rgb=array([255., 255., 255.]), text=str(...), units='height', win=Window(...), wrapWidth=1)
6.7184 	EXP 	Created cB_8 = Rect(__class__=<class 'psychopy.visual.rect.Rect'>, autoDraw=False, autoLog=True, closeShape=True, color=method-wrapper(...), colorSpace=None, contrast=1.0, depth=0.0, fillColor=array([-1., -1., -1.]), fillColorSpace='rgb', fillRGB=array([-1., -1., -1.]), interpolate=True, lineColor=array([1., 1., 1.]), lineColorSpace='rgb', lineRGB=array([1., 1., 1.]), lineWidth=1, name='cB_8', opacity=1.0, ori=array(0.), pos=array([0., 0.]), size=array([1., 1.]), units='height', vertices=ndarray(...), win=Window(...))
6.7343 	EXP 	Created text = TextStim(__class__=<class 'psychopy.visual.text.TextStim'>, alignHoriz='center', alignVert='center', antialias=True, autoLog=True, bold=False, color='white', colorSpace='named', contrast=1.0, depth=-1.0, flipHoriz=False, flipVert=False, font='Arial', fontFiles=[], height=0.05, italic=False, languageStyle='LTR', name='text', opacity=1.0, ori=0, pos=array([0., 0.]), rgb=array([255., 255., 255.]), text='default text', units='height', win=Window(...), wrapWidth=1)
6.7399 	EXP 	Created imagesbRnd = ImageStim(__class__=<class 'psychopy.visual.image.ImageStim'>, autoLog=True, color=array([1., 1., 1.]), colorSpace='rgb', contrast=1.0, depth=-2.0, flipHoriz=False, flipVert=False, image='sin', interpolate=True, mask=None, maskParams=None, name='imagesbRnd', opacity=1.0, ori=0.0, pos=array([0.  , 0.25]), size=array([0.2, 0.2]), texRes=128, units='height', win=Window(...))
6.8037 	EXP 	Created Slider = RatingScale(__class__=type(...), acceptKeys=['return'], acceptPreText=UNKNOWN, acceptSize=UNKNOWN, acceptText='accept?', autoLog=True, choices=list(...), depth=0, disappear=False, flipVert=False, high=10, kwargs=UNKNOWN, labels=list(...), leftKeys=['left'], lineColor='White', low=0, marker=ShapeStim(...), markerColor='DarkBlue', markerExpansion=UNKNOWN, markerStart=5.0, maxTime=0.0, minTime=0.4, mouseOnly=False, name='Slider', noMouse=False, pos=[0.0, -0.4], precision=1, respKeys=[], rightKeys=['right'], scale='<default>', self=UNKNOWN, showAccept=True, showValue=True, singleClick=False, size=0.6, skipKeys=['tab'], stretch=1.0, textColor='LightGray', textFont='Helvetica Bold', textSize=0.12, tickHeight=-1, tickMarks=10.0, win=Window(...))
6.8053 	EXP 	Created cB_9 = Rect(__class__=<class 'psychopy.visual.rect.Rect'>, autoDraw=False, autoLog=True, closeShape=True, color=method-wrapper(...), colorSpace=None, contrast=1.0, depth=0.0, fillColor=array([-1., -1., -1.]), fillColorSpace='rgb', fillRGB=array([-1., -1., -1.]), interpolate=True, lineColor=array([1., 1., 1.]), lineColorSpace='rgb', lineRGB=array([1., 1., 1.]), lineWidth=1, name='cB_9', opacity=1.0, ori=array(0.), pos=array([0., 0.]), size=array([1., 1.]), units='height', vertices=ndarray(...), win=Window(...))
6.8067 	EXP 	Created cbFb = Rect(__class__=<class 'psychopy.visual.rect.Rect'>, autoDraw=False, autoLog=True, closeShape=True, color=method-wrapper(...), colorSpace=None, contrast=1.0, depth=-1.0, fillColor=array([-1., -1., -1.]), fillColorSpace='rgb', fillRGB=array([-1., -1., -1.]), interpolate=True, lineColor=array([1., 1., 1.]), lineColorSpace='rgb', lineRGB=array([1., 1., 1.]), lineWidth=1, name='cbFb', opacity=1.0, ori=array(0.), pos=array([0., 0.]), size=array([1., 1.]), units='height', vertices=ndarray(...), win=Window(...))
6.8128 	EXP 	Created textFb = TextStim(__class__=<class 'psychopy.visual.text.TextStim'>, alignHoriz='center', alignVert='center', antialias=True, autoLog=True, bold=False, color='white', colorSpace='named', contrast=1.0, depth=-2.0, flipHoriz=False, flipVert=False, font='Arial', fontFiles=[], height=0.03, italic=False, languageStyle='LTR', name='textFb', opacity=1.0, ori=0, pos=array([0., 0.]), rgb=array([255., 255., 255.]), text='default text', units='height', win=Window(...), wrapWidth=1)
6.8143 	EXP 	Created cbBuf = Rect(__class__=<class 'psychopy.visual.rect.Rect'>, autoDraw=False, autoLog=True, closeShape=True, color=method-wrapper(...), colorSpace=None, contrast=1.0, depth=0.0, fillColor=array([-1., -1., -1.]), fillColorSpace='rgb', fillRGB=array([-1., -1., -1.]), interpolate=True, lineColor=array([1., 1., 1.]), lineColorSpace='rgb', lineRGB=array([1., 1., 1.]), lineWidth=1, name='cbBuf', opacity=1.0, ori=array(0.), pos=array([0., 0.]), size=array([1., 1.]), units='height', vertices=ndarray(...), win=Window(...))
6.8160 	EXP 	Created fixCross = ShapeStim(__class__=<class 'psychopy.visual.shape.ShapeStim'>, autoDraw=False, autoLog=True, closeShape=True, contrast=1.0, depth=-1.0, fillColor=array([1., 1., 1.]), fillColorSpace='rgb', interpolate=True, lineColor=array([1., 1., 1.]), lineColorSpace='rgb', lineWidth=1, name='fixCross', opacity=1.0, ori=array(0.), pos=array([0., 0.]), size=array([0.1, 0.1]), units='height', vertices=ndarray(...), win=Window(...), windingRule=None)
6.8174 	EXP 	Created cB_11 = Rect(__class__=<class 'psychopy.visual.rect.Rect'>, autoDraw=False, autoLog=True, closeShape=True, color=method-wrapper(...), colorSpace=None, contrast=1.0, depth=0.0, fillColor=array([-1., -1., -1.]), fillColorSpace='rgb', fillRGB=array([-1., -1., -1.]), interpolate=True, lineColor=array([1., 1., 1.]), lineColorSpace='rgb', lineRGB=array([1., 1., 1.]), lineWidth=1, name='cB_11', opacity=1.0, ori=array(0.), pos=array([0., 0.]), size=array([1., 1.]), units='height', vertices=ndarray(...), win=Window(...))
6.8537 	EXP 	Created rating = RatingScale(__class__=type(...), acceptKeys=['return'], acceptPreText=UNKNOWN, acceptSize=UNKNOWN, acceptText='accept?', autoLog=True, choices=False, depth=0, disappear=False, flipVert=False, high=7, kwargs=UNKNOWN, labels=list(...), leftKeys=['left'], lineColor='White', low=1, marker=ShapeStim(...), markerColor='DarkBlue', markerExpansion=UNKNOWN, markerStart=None, maxTime=0.0, minTime=0.4, mouseOnly=False, name='rating', noMouse=False, pos=[0.0, 0.2], precision=1, respKeys=['1', '2', '3', '4', '5', '6', '7'], rightKeys=['right'], scale='How much do you like Paul?', self=UNKNOWN, showAccept=True, showValue=True, singleClick=False, size=0.6, skipKeys=['tab'], stretch=1.0, textColor='LightGray', textFont='Helvetica Bold', textSize=0.12, tickHeight=1.0, tickMarks=6.0, win=Window(...))
6.8862 	EXP 	Created rating_2 = RatingScale(__class__=type(...), acceptKeys=['return'], acceptPreText=UNKNOWN, acceptSize=UNKNOWN, acceptText='accept?', autoLog=True, choices=False, depth=0, disappear=False, flipVert=False, high=7, kwargs=UNKNOWN, labels=list(...), leftKeys=['left'], lineColor='White', low=1, marker=ShapeStim(...), markerColor='DarkBlue', markerExpansion=UNKNOWN, markerStart=None, maxTime=0.0, minTime=0.4, mouseOnly=False, name='rating_2', noMouse=False, pos=[0.0, 0.1], precision=1, respKeys=['1', '2', '3', '4', '5', '6', '7'], rightKeys=['right'], scale=str(...), self=UNKNOWN, showAccept=True, showValue=True, singleClick=False, size=0.6, skipKeys=['tab'], stretch=1.0, textColor='LightGray', textFont='Helvetica Bold', textSize=0.12, tickHeight=1.0, tickMarks=6.0, win=Window(...))
6.9122 	EXP 	Created rating_5 = RatingScale(__class__=type(...), acceptKeys=['return'], acceptPreText=UNKNOWN, acceptSize=UNKNOWN, acceptText='accept?', autoLog=True, choices=False, depth=0, disappear=False, flipVert=False, high=7, kwargs=UNKNOWN, labels=list(...), leftKeys=['left'], lineColor='White', low=1, marker=ShapeStim(...), markerColor='DarkBlue', markerExpansion=UNKNOWN, markerStart=None, maxTime=0.0, minTime=0.4, mouseOnly=False, name='rating_5', noMouse=False, pos=[0.0, 0.0], precision=1, respKeys=['1', '2', '3', '4', '5', '6', '7'], rightKeys=['right'], scale='How much do you like Lukas?', self=UNKNOWN, showAccept=True, showValue=True, singleClick=False, size=0.6, skipKeys=['tab'], stretch=1.0, textColor='LightGray', textFont='Helvetica Bold', textSize=0.12, tickHeight=1.0, tickMarks=6.0, win=Window(...))
6.9378 	EXP 	Created rating_6 = RatingScale(__class__=type(...), acceptKeys=['return'], acceptPreText=UNKNOWN, acceptSize=UNKNOWN, acceptText='accept?', autoLog=True, choices=False, depth=0, disappear=False, flipVert=False, high=7, kwargs=UNKNOWN, labels=list(...), leftKeys=['left'], lineColor='White', low=1, marker=ShapeStim(...), markerColor='DarkBlue', markerExpansion=UNKNOWN, markerStart=None, maxTime=0.0, minTime=0.4, mouseOnly=False, name='rating_6', noMouse=False, pos=[0.0, -0.1], precision=1, respKeys=['1', '2', '3', '4', '5', '6', '7'], rightKeys=['right'], scale=str(...), self=UNKNOWN, showAccept=True, showValue=True, singleClick=False, size=0.6, skipKeys=['tab'], stretch=1.0, textColor='LightGray', textFont='Helvetica Bold', textSize=0.12, tickHeight=1.0, tickMarks=6.0, win=Window(...))
6.9640 	EXP 	Created rating_3 = RatingScale(__class__=type(...), acceptKeys=['return'], acceptPreText=UNKNOWN, acceptSize=UNKNOWN, acceptText='accept?', autoLog=True, choices=False, depth=0, disappear=False, flipVert=False, high=7, kwargs=UNKNOWN, labels=list(...), leftKeys=['left'], lineColor='White', low=1, marker=ShapeStim(...), markerColor='DarkBlue', markerExpansion=UNKNOWN, markerStart=None, maxTime=0.0, minTime=0.4, mouseOnly=False, name='rating_3', noMouse=False, pos=[0.0, -0.2], precision=1, respKeys=['1', '2', '3', '4', '5', '6', '7'], rightKeys=['right'], scale='How do you feel?', self=UNKNOWN, showAccept=True, showValue=True, singleClick=False, size=0.6, skipKeys=['tab'], stretch=1.0, textColor='LightGray', textFont='Helvetica Bold', textSize=0.12, tickHeight=1.0, tickMarks=6.0, win=Window(...))
6.9898 	EXP 	Created rating_4 = RatingScale(__class__=type(...), acceptKeys=['return'], acceptPreText=UNKNOWN, acceptSize=UNKNOWN, acceptText='accept?', autoLog=True, choices=False, depth=0, disappear=False, flipVert=False, high=7, kwargs=UNKNOWN, labels=list(...), leftKeys=['left'], lineColor='White', low=1, marker=ShapeStim(...), markerColor='DarkBlue', markerExpansion=UNKNOWN, markerStart=None, maxTime=0.0, minTime=0.4, mouseOnly=False, name='rating_4', noMouse=False, pos=[0.0, -0.3], precision=1, respKeys=['1', '2', '3', '4', '5', '6', '7'], rightKeys=['right'], scale='How activated are you right now?', self=UNKNOWN, showAccept=True, showValue=True, singleClick=False, size=0.6, skipKeys=['tab'], stretch=1.0, textColor='LightGray', textFont='Helvetica Bold', textSize=0.12, tickHeight=1.0, tickMarks=6.0, win=Window(...))
6.9913 	EXP 	Created cB_8 = Rect(__class__=<class 'psychopy.visual.rect.Rect'>, autoDraw=False, autoLog=True, closeShape=True, color=method-wrapper(...), colorSpace=None, contrast=1.0, depth=0.0, fillColor=array([-1., -1., -1.]), fillColorSpace='rgb', fillRGB=array([-1., -1., -1.]), interpolate=True, lineColor=array([1., 1., 1.]), lineColorSpace='rgb', lineRGB=array([1., 1., 1.]), lineWidth=1, name='cB_8', opacity=1.0, ori=array(0.), pos=array([0., 0.]), size=array([1., 1.]), units='height', vertices=ndarray(...), win=Window(...))
6.9969 	EXP 	Created text = TextStim(__class__=<class 'psychopy.visual.text.TextStim'>, alignHoriz='center', alignVert='center', antialias=True, autoLog=True, bold=False, color='white', colorSpace='named', contrast=1.0, depth=-1.0, flipHoriz=False, flipVert=False, font='Arial', fontFiles=[], height=0.05, italic=False, languageStyle='LTR', name='text', opacity=1.0, ori=0, pos=array([0., 0.]), rgb=array([255., 255., 255.]), text='default text', units='height', win=Window(...), wrapWidth=1)
6.9993 	EXP 	Created imagesbRnd = ImageStim(__class__=<class 'psychopy.visual.image.ImageStim'>, autoLog=True, color=array([1., 1., 1.]), colorSpace='rgb', contrast=1.0, depth=-2.0, flipHoriz=False, flipVert=False, image='sin', interpolate=True, mask=None, maskParams=None, name='imagesbRnd', opacity=1.0, ori=0.0, pos=array([0.  , 0.25]), size=array([0.2, 0.2]), texRes=128, units='height', win=Window(...))
7.0369 	EXP 	Created Slider = RatingScale(__class__=type(...), acceptKeys=['return'], acceptPreText=UNKNOWN, acceptSize=UNKNOWN, acceptText='accept?', autoLog=True, choices=list(...), depth=0, disappear=False, flipVert=False, high=10, kwargs=UNKNOWN, labels=list(...), leftKeys=['left'], lineColor='White', low=0, marker=ShapeStim(...), markerColor='DarkBlue', markerExpansion=UNKNOWN, markerStart=5.0, maxTime=0.0, minTime=0.4, mouseOnly=False, name='Slider', noMouse=False, pos=[0.0, -0.4], precision=1, respKeys=[], rightKeys=['right'], scale='<default>', self=UNKNOWN, showAccept=True, showValue=True, singleClick=False, size=0.6, skipKeys=['tab'], stretch=1.0, textColor='LightGray', textFont='Helvetica Bold', textSize=0.12, tickHeight=-1, tickMarks=10.0, win=Window(...))
7.0385 	EXP 	Created cB_9 = Rect(__class__=<class 'psychopy.visual.rect.Rect'>, autoDraw=False, autoLog=True, closeShape=True, color=method-wrapper(...), colorSpace=None, contrast=1.0, depth=0.0, fillColor=array([-1., -1., -1.]), fillColorSpace='rgb', fillRGB=array([-1., -1., -1.]), interpolate=True, lineColor=array([1., 1., 1.]), lineColorSpace='rgb', lineRGB=array([1., 1., 1.]), lineWidth=1, name='cB_9', opacity=1.0, ori=array(0.), pos=array([0., 0.]), size=array([1., 1.]), units='height', vertices=ndarray(...), win=Window(...))
7.0400 	EXP 	Created cbFb = Rect(__class__=<class 'psychopy.visual.rect.Rect'>, autoDraw=False, autoLog=True, closeShape=True, color=method-wrapper(...), colorSpace=None, contrast=1.0, depth=-1.0, fillColor=array([-1., -1., -1.]), fillColorSpace='rgb', fillRGB=array([-1., -1., -1.]), interpolate=True, lineColor=array([1., 1., 1.]), lineColorSpace='rgb', lineRGB=array([1., 1., 1.]), lineWidth=1, name='cbFb', opacity=1.0, ori=array(0.), pos=array([0., 0.]), size=array([1., 1.]), units='height', vertices=ndarray(...), win=Window(...))
7.0456 	EXP 	Created textFb = TextStim(__class__=<class 'psychopy.visual.text.TextStim'>, alignHoriz='center', alignVert='center', antialias=True, autoLog=True, bold=False, color='white', colorSpace='named', contrast=1.0, depth=-2.0, flipHoriz=False, flipVert=False, font='Arial', fontFiles=[], height=0.03, italic=False, languageStyle='LTR', name='textFb', opacity=1.0, ori=0, pos=array([0., 0.]), rgb=array([255., 255., 255.]), text='default text', units='height', win=Window(...), wrapWidth=1)
7.0471 	EXP 	Created cbBuf = Rect(__class__=<class 'psychopy.visual.rect.Rect'>, autoDraw=False, autoLog=True, closeShape=True, color=method-wrapper(...), colorSpace=None, contrast=1.0, depth=0.0, fillColor=array([-1., -1., -1.]), fillColorSpace='rgb', fillRGB=array([-1., -1., -1.]), interpolate=True, lineColor=array([1., 1., 1.]), lineColorSpace='rgb', lineRGB=array([1., 1., 1.]), lineWidth=1, name='cbBuf', opacity=1.0, ori=array(0.), pos=array([0., 0.]), size=array([1., 1.]), units='height', vertices=ndarray(...), win=Window(...))
7.0488 	EXP 	Created fixCross = ShapeStim(__class__=<class 'psychopy.visual.shape.ShapeStim'>, autoDraw=False, autoLog=True, closeShape=True, contrast=1.0, depth=-1.0, fillColor=array([1., 1., 1.]), fillColorSpace='rgb', interpolate=True, lineColor=array([1., 1., 1.]), lineColorSpace='rgb', lineWidth=1, name='fixCross', opacity=1.0, ori=array(0.), pos=array([0., 0.]), size=array([0.1, 0.1]), units='height', vertices=ndarray(...), win=Window(...), windingRule=None)
7.0503 	EXP 	Created cB_10 = Rect(__class__=<class 'psychopy.visual.rect.Rect'>, autoDraw=False, autoLog=True, closeShape=True, color=method-wrapper(...), colorSpace=None, contrast=1.0, depth=0.0, fillColor=array([-1., -1., -1.]), fillColorSpace='rgb', fillRGB=array([-1., -1., -1.]), interpolate=True, lineColor=array([1., 1., 1.]), lineColorSpace='rgb', lineRGB=array([1., 1., 1.]), lineWidth=1, name='cB_10', opacity=1.0, ori=array(0.), pos=array([0., 0.]), size=array([1., 1.]), units='height', vertices=ndarray(...), win=Window(...))
7.1314 	EXP 	Created sbEndText = TextStim(__class__=<class 'psychopy.visual.text.TextStim'>, alignHoriz='center', alignVert='center', antialias=True, autoLog=True, bold=False, color='white', colorSpace='named', contrast=1.0, depth=-1.0, flipHoriz=False, flipVert=False, font='Arial', fontFiles=[], height=0.1, italic=False, languageStyle='LTR', name='sbEndText', opacity=1.0, ori=0, pos=array([0., 0.]), rgb=array([255., 255., 255.]), text=str(...), units='height', win=Window(...), wrapWidth=1)
7.1444 	EXP 	Slider: flipVert = False
7.1444 	EXP 	Slider: autoLog = True
7.1444 	EXP 	rating: flipVert = False
7.1444 	EXP 	rating: autoLog = True
7.1444 	EXP 	rating_2: flipVert = False
7.1444 	EXP 	rating_2: autoLog = True
7.1444 	EXP 	rating_5: flipVert = False
7.1444 	EXP 	rating_5: autoLog = True
7.1444 	EXP 	rating_6: flipVert = False
7.1444 	EXP 	rating_6: autoLog = True
7.1444 	EXP 	rating_3: flipVert = False
7.1444 	EXP 	rating_3: autoLog = True
7.1444 	EXP 	rating_4: flipVert = False
7.1444 	EXP 	rating_4: autoLog = True
7.1444 	EXP 	Slider: flipVert = False
7.1444 	EXP 	Slider: autoLog = True
7.1444 	EXP 	cB_1: autoDraw = True
7.1444 	EXP 	textWelcome: autoDraw = True
10.4497 	DATA 	Keypress: return
10.4664 	EXP 	cB_1: autoDraw = False
10.4664 	EXP 	textWelcome: autoDraw = False
10.4664 	EXP 	cB_2: autoDraw = True
10.4664 	EXP 	textInstructions: autoDraw = True
12.2060 	DATA 	Keypress: 1
12.2226 	EXP 	cB_2: autoDraw = False
12.2226 	EXP 	textInstructions: autoDraw = False
12.2226 	EXP 	cB_3: autoDraw = True
12.2226 	EXP 	textServer: autoDraw = True
13.2640 	DATA 	Keypress: 1
13.2646 	EXP 	Created sequence: random, trialTypes=1, nReps=1, seed=None
13.2648 	EXP 	New trial (rep=0, index=0): None
13.2810 	EXP 	cB_3: autoDraw = False
13.2810 	EXP 	textServer: autoDraw = False
13.2810 	EXP 	cB_4: autoDraw = True
13.2810 	EXP 	text_1: autoDraw = True
14.2548 	EXP 	text_2: autoDraw = True
14.2884 	EXP 	text_1: autoDraw = False
14.7490 	EXP 	text_3: autoDraw = True
14.7660 	EXP 	text_2: autoDraw = False
15.2605 	EXP 	text_3: autoDraw = False
15.2605 	EXP 	text_4: autoDraw = True
15.7711 	EXP 	text_4: autoDraw = False
15.7882 	EXP 	cB_4: autoDraw = False
15.7882 	EXP 	text_1: autoDraw = False
15.7882 	EXP 	text_2: autoDraw = False
15.7882 	EXP 	text_3: autoDraw = False
15.7882 	EXP 	text_4: autoDraw = False
15.7882 	EXP 	cB_5: autoDraw = True
15.9595 	EXP 	idle: autoDraw = True
16.2668 	EXP 	idle: autoDraw = False
16.2668 	EXP 	idle_2: autoDraw = True
16.4712 	EXP 	idle_2: autoDraw = False
16.4712 	EXP 	idle_3: autoDraw = True
16.5570 	EXP 	idle_3: autoDraw = False
16.5570 	EXP 	idle_4: autoDraw = True
16.7119 	EXP 	idle_4: autoDraw = False
16.7119 	EXP 	idle_5: autoDraw = True
16.8655 	EXP 	idle_5: autoDraw = False
16.8655 	EXP 	idle_6: autoDraw = True
17.0198 	EXP 	idle_6: autoDraw = False
17.0198 	EXP 	idle_7: autoDraw = True
17.1207 	EXP 	idle_7: autoDraw = False
17.1207 	EXP 	ilde_8: autoDraw = True
17.6148 	EXP 	ilde_8: autoDraw = False
17.6148 	EXP 	idle_9: autoDraw = True
18.1098 	EXP 	idle_10: autoDraw = True
18.1268 	EXP 	idle_9: autoDraw = False
18.6211 	EXP 	idle_10: autoDraw = False
18.6211 	EXP 	idle_11: autoDraw = True
19.1183 	EXP 	idle_12: autoDraw = True
19.1361 	EXP 	idle_11: autoDraw = False
19.2701 	EXP 	idle_12: autoDraw = False
19.7811 	EXP 	cB_5: autoDraw = False
19.7811 	EXP 	idle: autoDraw = False
19.7811 	EXP 	idle_2: autoDraw = False
19.7811 	EXP 	idle_3: autoDraw = False
19.7811 	EXP 	idle_4: autoDraw = False
19.7811 	EXP 	idle_5: autoDraw = False
19.7811 	EXP 	idle_6: autoDraw = False
19.7811 	EXP 	idle_7: autoDraw = False
19.7811 	EXP 	ilde_8: autoDraw = False
19.7811 	EXP 	idle_9: autoDraw = False
19.7811 	EXP 	idle_10: autoDraw = False
19.7811 	EXP 	idle_11: autoDraw = False
19.7811 	EXP 	idle_12: autoDraw = False
19.7811 	EXP 	cB_6: autoDraw = True
19.9532 	EXP 	sBInstructions: autoDraw = True
20.4634 	DATA 	Keypress: 1
20.5345 	EXP 	Imported contitions.xlsx as conditions, 19 conditions, 5 params
20.5348 	EXP 	Created sequence: random, trialTypes=19, nReps=2, seed=None
20.5352 	EXP 	New trial (rep=0, index=0): OrderedDict([('playerId', 'Paul'), ('avatarFile', 'images/avatar1.jpg'), ('choiceLabel', 'reciprocate'), ('actionLabel', 1), ('actionRound', 1)])
20.5482 	EXP 	Imported contitions.xlsx as conditions, 19 conditions, 5 params
20.5486 	EXP 	Created sequence: random, trialTypes=19, nReps=1, seed=None
20.5490 	EXP 	New trial (rep=0, index=0): OrderedDict([('playerId', 'Paul'), ('avatarFile', 'images/avatar1.jpg'), ('choiceLabel', 'keep the investment'), ('actionLabel', 0), ('actionRound', 1)])
20.6288 	EXP 	RatingScale Slider: reset()
20.6669 	EXP 	cB_6: autoDraw = False
20.6669 	EXP 	sBInstructions: autoDraw = False
20.6669 	EXP 	text: text = 'This round you are playing with Paul!'
20.6669 	EXP 	imagesbRnd: image = 'images/avatar1.jpg'
20.6669 	EXP 	cB_8: autoDraw = True
20.6669 	EXP 	text: autoDraw = True
20.6669 	EXP 	imagesbRnd: autoDraw = True
20.6669 	EXP 	Slider: autoDraw = True
21.5217 	DATA 	Keypress: left
21.7305 	DATA 	Keypress: left
21.9979 	DATA 	Keypress: return
22.0018 	DATA 	RatingScale Slider: (key response) rating=3
22.0018 	DATA 	RatingScale Slider: rating RT=1.372
22.0019 	DATA 	RatingScale Slider: history=[('5', 0.0), ('4', 0.895), ('3', 1.101), ('3', 1.372)]
22.0319 	EXP 	cB_8: autoDraw = False
22.0319 	EXP 	text: autoDraw = False
22.0319 	EXP 	imagesbRnd: autoDraw = False
22.0319 	EXP 	Slider: autoDraw = False
22.0319 	EXP 	cB_9: autoDraw = True
22.5596 	EXP 	cB_9: autoDraw = False
22.5596 	EXP 	textFb: text = 'Paul has decided not to cooperate and keep the investment. \nYou received 0 credits'
22.5596 	EXP 	cbFb: autoDraw = True
22.5596 	EXP 	textFb: autoDraw = True
23.1743 	DATA 	Keypress: 1
23.1910 	EXP 	cbFb: autoDraw = False
23.1910 	EXP 	textFb: autoDraw = False
23.1910 	EXP 	cbBuf: autoDraw = True
23.3624 	EXP 	fixCross: autoDraw = True
23.8732 	EXP 	fixCross: autoDraw = False
24.0787 	EXP 	New trial (rep=0, index=1): OrderedDict([('playerId', 'Paul'), ('avatarFile', 'images/avatar1.jpg'), ('choiceLabel', 'keep the investment'), ('actionLabel', 0), ('actionRound', 1)])
24.1348 	EXP 	RatingScale Slider: reset()
24.1515 	EXP 	cbBuf: autoDraw = False
24.1515 	EXP 	cbBuf: autoDraw = False
24.1515 	EXP 	fixCross: autoDraw = False
24.1515 	EXP 	text: text = 'This round you are playing with Paul!'
24.1515 	EXP 	imagesbRnd: image = 'images/avatar1.jpg'
24.1515 	EXP 	cB_8: autoDraw = True
24.1515 	EXP 	text: autoDraw = True
24.1515 	EXP 	imagesbRnd: autoDraw = True
24.1515 	EXP 	Slider: autoDraw = True
24.4207 	DATA 	Keypress: left
24.6089 	DATA 	Keypress: left
25.1546 	DATA 	Keypress: return
25.1583 	DATA 	RatingScale Slider: (key response) rating=4
25.1583 	DATA 	RatingScale Slider: rating RT=1.023
25.1583 	DATA 	RatingScale Slider: history=[('5', 0.0), ('4', 0.477), ('4', 1.023)]
25.1884 	EXP 	cB_8: autoDraw = False
25.1884 	EXP 	text: autoDraw = False
25.1884 	EXP 	imagesbRnd: autoDraw = False
25.1884 	EXP 	Slider: autoDraw = False
25.1884 	EXP 	cB_9: autoDraw = True
25.7008 	EXP 	cB_9: autoDraw = False
25.7008 	EXP 	textFb: text = 'Paul has decided not to cooperate and keep the investment. \nYou received 0 credits'
25.7008 	EXP 	cbFb: autoDraw = True
25.7008 	EXP 	textFb: autoDraw = True
27.6992 	EXP 	cbFb: autoDraw = False
27.6992 	EXP 	textFb: autoDraw = False
27.6992 	EXP 	cbBuf: autoDraw = True
27.8681 	EXP 	fixCross: autoDraw = True
28.2429 	DATA 	Keypress: left
28.3792 	EXP 	fixCross: autoDraw = False
28.5858 	EXP 	New trial (rep=0, index=2): OrderedDict([('playerId', 'Paul'), ('avatarFile', 'images/avatar1.jpg'), ('choiceLabel', 'reciprocate'), ('actionLabel', 1), ('actionRound', 1)])
28.6529 	EXP 	RatingScale Slider: reset()
28.6700 	EXP 	cbBuf: autoDraw = False
28.6700 	EXP 	fixCross: autoDraw = False
28.6700 	EXP 	text: text = 'This round you are playing with Paul!'
28.6700 	EXP 	imagesbRnd: image = 'images/avatar1.jpg'
28.6700 	EXP 	cB_8: autoDraw = True
28.6700 	EXP 	text: autoDraw = True
28.6700 	EXP 	imagesbRnd: autoDraw = True
28.6700 	EXP 	Slider: autoDraw = True
28.9409 	DATA 	Keypress: left
29.1283 	DATA 	Keypress: left
29.3006 	DATA 	Keypress: left
29.5730 	DATA 	Keypress: return
29.5773 	DATA 	RatingScale Slider: (key response) rating=3
29.5773 	DATA 	RatingScale Slider: rating RT=0.924
29.5773 	DATA 	RatingScale Slider: history=[('5', 0.0), ('4', 0.478), ('3', 0.651), ('3', 0.924)]
29.6052 	EXP 	cB_8: autoDraw = False
29.6052 	EXP 	text: autoDraw = False
29.6052 	EXP 	imagesbRnd: autoDraw = False
29.6052 	EXP 	Slider: autoDraw = False
29.6052 	EXP 	cB_9: autoDraw = True
30.1343 	EXP 	cB_9: autoDraw = False
30.1343 	EXP 	textFb: text = 'Paul has decided to reciprocate \nYou receive 3 credits'
30.1343 	EXP 	cbFb: autoDraw = True
30.1343 	EXP 	textFb: autoDraw = True
32.1118 	EXP 	cbFb: autoDraw = False
32.1118 	EXP 	textFb: autoDraw = False
32.1118 	EXP 	cbBuf: autoDraw = True
32.2835 	EXP 	fixCross: autoDraw = True
32.7950 	EXP 	fixCross: autoDraw = False
33.0006 	EXP 	New trial (rep=0, index=3): OrderedDict([('playerId', 'Lukas'), ('avatarFile', 'images/avatar2.jpg'), ('choiceLabel', 'keep the investment'), ('actionLabel', 0), ('actionRound', 1)])
33.0482 	EXP 	RatingScale Slider: reset()
33.0679 	EXP 	cbBuf: autoDraw = False
33.0679 	EXP 	fixCross: autoDraw = False
33.0679 	EXP 	text: text = 'This round you are playing with Lukas!'
33.0679 	EXP 	imagesbRnd: image = 'images/avatar2.jpg'
33.0679 	EXP 	cB_8: autoDraw = True
33.0679 	EXP 	text: autoDraw = True
33.0679 	EXP 	imagesbRnd: autoDraw = True
33.0679 	EXP 	Slider: autoDraw = True
33.3917 	DATA 	Keypress: left
33.5847 	DATA 	Keypress: left
33.7836 	DATA 	Keypress: left
34.0239 	DATA 	Keypress: return
34.0277 	DATA 	RatingScale Slider: (key response) rating=3
34.0278 	DATA 	RatingScale Slider: rating RT=0.979
34.0278 	DATA 	RatingScale Slider: history=[('5', 0.0), ('4', 0.536), ('3', 0.739), ('3', 0.979)]
34.0566 	EXP 	cB_8: autoDraw = False
34.0566 	EXP 	text: autoDraw = False
34.0566 	EXP 	imagesbRnd: autoDraw = False
34.0566 	EXP 	Slider: autoDraw = False
34.0566 	EXP 	cB_9: autoDraw = True
34.5845 	EXP 	cB_9: autoDraw = False
34.5845 	EXP 	textFb: text = 'Lukas has decided not to cooperate and keep the investment. \nYou received 0 credits'
34.5845 	EXP 	cbFb: autoDraw = True
34.5845 	EXP 	textFb: autoDraw = True
36.0724 	DATA 	Keypress: return
36.5679 	EXP 	cbFb: autoDraw = False
36.5679 	EXP 	textFb: autoDraw = False
36.5679 	EXP 	cbBuf: autoDraw = True
36.7374 	EXP 	fixCross: autoDraw = True
37.0613 	DATA 	Keypress: return
37.2493 	EXP 	fixCross: autoDraw = False
37.4540 	EXP 	New trial (rep=0, index=4): OrderedDict([('playerId', 'Paul'), ('avatarFile', 'images/avatar1.jpg'), ('choiceLabel', 'reciprocate'), ('actionLabel', 1), ('actionRound', 1)])
37.5191 	EXP 	RatingScale Slider: reset()
37.5381 	EXP 	cbBuf: autoDraw = False
37.5381 	EXP 	fixCross: autoDraw = False
37.5381 	EXP 	text: text = 'This round you are playing with Paul!'
37.5381 	EXP 	imagesbRnd: image = 'images/avatar1.jpg'
37.5381 	EXP 	cB_8: autoDraw = True
37.5381 	EXP 	text: autoDraw = True
37.5381 	EXP 	imagesbRnd: autoDraw = True
37.5381 	EXP 	Slider: autoDraw = True
37.9652 	DATA 	Keypress: return
37.9684 	DATA 	RatingScale Slider: (key response) rating=5
37.9685 	DATA 	RatingScale Slider: rating RT=0.445
37.9685 	DATA 	RatingScale Slider: history=[('5', 0.0), ('5', 0.445)]
37.9984 	EXP 	cB_8: autoDraw = False
37.9984 	EXP 	text: autoDraw = False
37.9984 	EXP 	imagesbRnd: autoDraw = False
37.9984 	EXP 	Slider: autoDraw = False
37.9984 	EXP 	cB_9: autoDraw = True
38.5251 	EXP 	cB_9: autoDraw = False
38.5251 	EXP 	textFb: text = 'Paul has decided to reciprocate \nYou receive 5 credits'
38.5251 	EXP 	cbFb: autoDraw = True
38.5251 	EXP 	textFb: autoDraw = True
39.8575 	DATA 	Keypress: 1
39.8741 	EXP 	cbFb: autoDraw = False
39.8741 	EXP 	textFb: autoDraw = False
39.8741 	EXP 	cbBuf: autoDraw = True
40.0466 	EXP 	fixCross: autoDraw = True
40.5568 	EXP 	fixCross: autoDraw = False
40.7639 	EXP 	New trial (rep=0, index=5): OrderedDict([('playerId', 'Paul'), ('avatarFile', 'images/avatar1.jpg'), ('choiceLabel', 'reciprocate'), ('actionLabel', 1), ('actionRound', 1)])
40.8161 	EXP 	RatingScale Slider: reset()
40.8329 	EXP 	cbBuf: autoDraw = False
40.8329 	EXP 	cbBuf: autoDraw = False
40.8329 	EXP 	fixCross: autoDraw = False
40.8329 	EXP 	text: text = 'This round you are playing with Paul!'
40.8329 	EXP 	imagesbRnd: image = 'images/avatar1.jpg'
40.8329 	EXP 	cB_8: autoDraw = True
40.8329 	EXP 	text: autoDraw = True
40.8329 	EXP 	imagesbRnd: autoDraw = True
40.8329 	EXP 	Slider: autoDraw = True
41.1698 	DATA 	Keypress: return
42.1065 	DATA 	Keypress: return
42.1098 	DATA 	RatingScale Slider: (key response) rating=5
42.1099 	DATA 	RatingScale Slider: rating RT=1.293
42.1099 	DATA 	RatingScale Slider: history=[('5', 0.0), ('5', 1.293)]
42.1402 	EXP 	cB_8: autoDraw = False
42.1402 	EXP 	text: autoDraw = False
42.1402 	EXP 	imagesbRnd: autoDraw = False
42.1402 	EXP 	Slider: autoDraw = False
42.1402 	EXP 	cB_9: autoDraw = True
42.6529 	EXP 	cB_9: autoDraw = False
42.6529 	EXP 	textFb: text = 'Paul has decided to reciprocate \nYou receive 5 credits'
42.6529 	EXP 	cbFb: autoDraw = True
42.6529 	EXP 	textFb: autoDraw = True
44.6462 	EXP 	cbFb: autoDraw = False
44.6462 	EXP 	textFb: autoDraw = False
44.6462 	EXP 	cbBuf: autoDraw = True
44.7643 	DATA 	Keypress: return
44.8155 	EXP 	fixCross: autoDraw = True
45.3285 	EXP 	fixCross: autoDraw = False
45.5322 	EXP 	New trial (rep=0, index=6): OrderedDict([('playerId', 'Lukas'), ('avatarFile', 'images/avatar2.jpg'), ('choiceLabel', 'reciprocate'), ('actionLabel', 1), ('actionRound', 1)])
45.5651 	EXP 	RatingScale Slider: reset()
45.5858 	EXP 	cbBuf: autoDraw = False
45.5858 	EXP 	fixCross: autoDraw = False
45.5858 	EXP 	text: text = 'This round you are playing with Lukas!'
45.5858 	EXP 	imagesbRnd: image = 'images/avatar2.jpg'
45.5858 	EXP 	cB_8: autoDraw = True
45.5858 	EXP 	text: autoDraw = True
45.5858 	EXP 	imagesbRnd: autoDraw = True
45.5858 	EXP 	Slider: autoDraw = True
46.0961 	DATA 	Keypress: return
46.0993 	DATA 	RatingScale Slider: (key response) rating=5
46.0993 	DATA 	RatingScale Slider: rating RT=0.530
46.0994 	DATA 	RatingScale Slider: history=[('5', 0.0), ('5', 0.53)]
46.1292 	EXP 	cB_8: autoDraw = False
46.1292 	EXP 	text: autoDraw = False
46.1292 	EXP 	imagesbRnd: autoDraw = False
46.1292 	EXP 	Slider: autoDraw = False
46.1292 	EXP 	cB_9: autoDraw = True
46.6452 	EXP 	cB_9: autoDraw = False
46.6452 	EXP 	textFb: text = 'Lukas has decided to reciprocate \nYou receive 5 credits'
46.6452 	EXP 	cbFb: autoDraw = True
46.6452 	EXP 	textFb: autoDraw = True
48.6329 	EXP 	cbFb: autoDraw = False
48.6329 	EXP 	textFb: autoDraw = False
48.6329 	EXP 	cbBuf: autoDraw = True
48.8034 	EXP 	fixCross: autoDraw = True
49.3150 	EXP 	fixCross: autoDraw = False
49.5211 	EXP 	New trial (rep=0, index=7): OrderedDict([('playerId', 'Lukas'), ('avatarFile', 'images/avatar2.jpg'), ('choiceLabel', 'reciprocate'), ('actionLabel', 1), ('actionRound', 1)])
49.5346 	EXP 	RatingScale Slider: reset()
49.5541 	EXP 	cbBuf: autoDraw = False
49.5541 	EXP 	fixCross: autoDraw = False
49.5541 	EXP 	text: text = 'This round you are playing with Lukas!'
49.5541 	EXP 	imagesbRnd: image = 'images/avatar2.jpg'
49.5541 	EXP 	cB_8: autoDraw = True
49.5541 	EXP 	text: autoDraw = True
49.5541 	EXP 	imagesbRnd: autoDraw = True
49.5541 	EXP 	Slider: autoDraw = True
50.2228 	DATA 	Keypress: return
50.2230 	DATA 	RatingScale Slider: (key response) rating=5
50.2230 	DATA 	RatingScale Slider: rating RT=0.688
50.2231 	DATA 	RatingScale Slider: history=[('5', 0.0), ('5', 0.688)]
50.2537 	EXP 	cB_8: autoDraw = False
50.2537 	EXP 	text: autoDraw = False
50.2537 	EXP 	imagesbRnd: autoDraw = False
50.2537 	EXP 	Slider: autoDraw = False
50.2537 	EXP 	cB_9: autoDraw = True
50.7644 	EXP 	cB_9: autoDraw = False
50.7644 	EXP 	textFb: text = 'Lukas has decided to reciprocate \nYou receive 5 credits'
50.7644 	EXP 	cbFb: autoDraw = True
50.7644 	EXP 	textFb: autoDraw = True
52.7609 	EXP 	cbFb: autoDraw = False
52.7609 	EXP 	textFb: autoDraw = False
52.7609 	EXP 	cbBuf: autoDraw = True
52.9307 	EXP 	fixCross: autoDraw = True
53.4430 	EXP 	fixCross: autoDraw = False
53.6468 	EXP 	New trial (rep=0, index=8): OrderedDict([('playerId', 'Lukas'), ('avatarFile', 'images/avatar2.jpg'), ('choiceLabel', 'keep the investment'), ('actionLabel', 0), ('actionRound', 1)])
53.6604 	EXP 	RatingScale Slider: reset()
53.6798 	EXP 	cbBuf: autoDraw = False
53.6798 	EXP 	fixCross: autoDraw = False
53.6798 	EXP 	text: text = 'This round you are playing with Lukas!'
53.6798 	EXP 	imagesbRnd: image = 'images/avatar2.jpg'
53.6798 	EXP 	cB_8: autoDraw = True
53.6798 	EXP 	text: autoDraw = True
53.6798 	EXP 	imagesbRnd: autoDraw = True
53.6798 	EXP 	Slider: autoDraw = True
54.0890 	DATA 	Keypress: return
54.0924 	DATA 	RatingScale Slider: (key response) rating=5
54.0924 	DATA 	RatingScale Slider: rating RT=0.432
54.0924 	DATA 	RatingScale Slider: history=[('5', 0.0), ('5', 0.431)]
54.1224 	EXP 	cB_8: autoDraw = False
54.1224 	EXP 	text: autoDraw = False
54.1224 	EXP 	imagesbRnd: autoDraw = False
54.1224 	EXP 	Slider: autoDraw = False
54.1224 	EXP 	cB_9: autoDraw = True
54.6492 	EXP 	cB_9: autoDraw = False
54.6492 	EXP 	textFb: text = 'Lukas has decided not to cooperate and keep the investment. \nYou received 0 credits'
54.6492 	EXP 	cbFb: autoDraw = True
54.6492 	EXP 	textFb: autoDraw = True
56.6266 	EXP 	cbFb: autoDraw = False
56.6266 	EXP 	textFb: autoDraw = False
56.6266 	EXP 	cbBuf: autoDraw = True
56.7955 	EXP 	fixCross: autoDraw = True
57.3097 	EXP 	fixCross: autoDraw = False
57.5142 	EXP 	New trial (rep=0, index=9): OrderedDict([('playerId', 'Lukas'), ('avatarFile', 'images/avatar2.jpg'), ('choiceLabel', 'keep the investment'), ('actionLabel', 0), ('actionRound', 1)])
57.5292 	EXP 	RatingScale Slider: reset()
57.5474 	EXP 	cbBuf: autoDraw = False
57.5474 	EXP 	fixCross: autoDraw = False
57.5474 	EXP 	text: text = 'This round you are playing with Lukas!'
57.5474 	EXP 	imagesbRnd: image = 'images/avatar2.jpg'
57.5474 	EXP 	cB_8: autoDraw = True
57.5474 	EXP 	text: autoDraw = True
57.5474 	EXP 	imagesbRnd: autoDraw = True
57.5474 	EXP 	Slider: autoDraw = True
58.1140 	DATA 	Keypress: return
58.1141 	DATA 	RatingScale Slider: (key response) rating=5
58.1142 	DATA 	RatingScale Slider: rating RT=0.584
58.1142 	DATA 	RatingScale Slider: history=[('5', 0.0), ('5', 0.584)]
58.1446 	EXP 	cB_8: autoDraw = False
58.1446 	EXP 	text: autoDraw = False
58.1446 	EXP 	imagesbRnd: autoDraw = False
58.1446 	EXP 	Slider: autoDraw = False
58.1446 	EXP 	cB_9: autoDraw = True
58.6576 	EXP 	cB_9: autoDraw = False
58.6576 	EXP 	textFb: text = 'Lukas has decided not to cooperate and keep the investment. \nYou received 0 credits'
58.6576 	EXP 	cbFb: autoDraw = True
58.6576 	EXP 	textFb: autoDraw = True
60.6512 	EXP 	cbFb: autoDraw = False
60.6512 	EXP 	textFb: autoDraw = False
60.6512 	EXP 	cbBuf: autoDraw = True
60.8243 	EXP 	fixCross: autoDraw = True
61.3333 	EXP 	fixCross: autoDraw = False
61.5383 	EXP 	New trial (rep=0, index=10): OrderedDict([('playerId', 'Lukas'), ('avatarFile', 'images/avatar2.jpg'), ('choiceLabel', 'keep the investment'), ('actionLabel', 0), ('actionRound', 1)])
61.5520 	EXP 	RatingScale Slider: reset()
61.5717 	EXP 	cbBuf: autoDraw = False
61.5717 	EXP 	fixCross: autoDraw = False
61.5717 	EXP 	text: text = 'This round you are playing with Lukas!'
61.5717 	EXP 	imagesbRnd: image = 'images/avatar2.jpg'
61.5717 	EXP 	cB_8: autoDraw = True
61.5717 	EXP 	text: autoDraw = True
61.5717 	EXP 	imagesbRnd: autoDraw = True
61.5717 	EXP 	Slider: autoDraw = True
62.2534 	DATA 	Keypress: return
62.2569 	DATA 	RatingScale Slider: (key response) rating=5
62.2569 	DATA 	RatingScale Slider: rating RT=0.704
62.2569 	DATA 	RatingScale Slider: history=[('5', 0.0), ('5', 0.704)]
62.2873 	EXP 	cB_8: autoDraw = False
62.2873 	EXP 	text: autoDraw = False
62.2873 	EXP 	imagesbRnd: autoDraw = False
62.2873 	EXP 	Slider: autoDraw = False
62.2873 	EXP 	cB_9: autoDraw = True
62.7981 	EXP 	cB_9: autoDraw = False
62.7981 	EXP 	textFb: text = 'Lukas has decided not to cooperate and keep the investment. \nYou received 0 credits'
62.7981 	EXP 	cbFb: autoDraw = True
62.7981 	EXP 	textFb: autoDraw = True
64.7919 	EXP 	cbFb: autoDraw = False
64.7919 	EXP 	textFb: autoDraw = False
64.7919 	EXP 	cbBuf: autoDraw = True
64.9624 	EXP 	fixCross: autoDraw = True
65.4767 	EXP 	fixCross: autoDraw = False
65.6816 	EXP 	New trial (rep=0, index=11): OrderedDict([('playerId', 'Lukas'), ('avatarFile', 'images/avatar2.jpg'), ('choiceLabel', 'keep the investment'), ('actionLabel', 0), ('actionRound', 1)])
65.6958 	EXP 	RatingScale Slider: reset()
65.7150 	EXP 	cbBuf: autoDraw = False
65.7150 	EXP 	fixCross: autoDraw = False
65.7150 	EXP 	text: text = 'This round you are playing with Lukas!'
65.7150 	EXP 	imagesbRnd: image = 'images/avatar2.jpg'
65.7150 	EXP 	cB_8: autoDraw = True
65.7150 	EXP 	text: autoDraw = True
65.7150 	EXP 	imagesbRnd: autoDraw = True
65.7150 	EXP 	Slider: autoDraw = True
66.2812 	DATA 	Keypress: return
66.2813 	DATA 	RatingScale Slider: (key response) rating=5
66.2814 	DATA 	RatingScale Slider: rating RT=0.585
66.2814 	DATA 	RatingScale Slider: history=[('5', 0.0), ('5', 0.585)]
66.3117 	EXP 	cB_8: autoDraw = False
66.3117 	EXP 	text: autoDraw = False
66.3117 	EXP 	imagesbRnd: autoDraw = False
66.3117 	EXP 	Slider: autoDraw = False
66.3117 	EXP 	cB_9: autoDraw = True
66.8237 	EXP 	cB_9: autoDraw = False
66.8237 	EXP 	textFb: text = 'Lukas has decided not to cooperate and keep the investment. \nYou received 0 credits'
66.8237 	EXP 	cbFb: autoDraw = True
66.8237 	EXP 	textFb: autoDraw = True
68.8214 	EXP 	cbFb: autoDraw = False
68.8214 	EXP 	textFb: autoDraw = False
68.8214 	EXP 	cbBuf: autoDraw = True
68.9899 	EXP 	fixCross: autoDraw = True
69.5010 	EXP 	fixCross: autoDraw = False
69.7070 	EXP 	New trial (rep=0, index=12): OrderedDict([('playerId', 'Lukas'), ('avatarFile', 'images/avatar2.jpg'), ('choiceLabel', 'keep the investment'), ('actionLabel', 0), ('actionRound', 1)])
69.7222 	EXP 	RatingScale Slider: reset()
69.7400 	EXP 	cbBuf: autoDraw = False
69.7400 	EXP 	fixCross: autoDraw = False
69.7400 	EXP 	text: text = 'This round you are playing with Lukas!'
69.7400 	EXP 	imagesbRnd: image = 'images/avatar2.jpg'
69.7400 	EXP 	cB_8: autoDraw = True
69.7400 	EXP 	text: autoDraw = True
69.7400 	EXP 	imagesbRnd: autoDraw = True
69.7400 	EXP 	Slider: autoDraw = True
70.6428 	DATA 	Keypress: left
71.0510 	DATA 	Keypress: right
71.4773 	DATA 	Keypress: return
71.4811 	DATA 	RatingScale Slider: (key response) rating=5
71.4812 	DATA 	RatingScale Slider: rating RT=1.758
71.4812 	DATA 	RatingScale Slider: history=[('5', 0.0), ('4', 0.923), ('5', 1.332), ('5', 1.758)]
71.5113 	EXP 	cB_8: autoDraw = False
71.5113 	EXP 	text: autoDraw = False
71.5113 	EXP 	imagesbRnd: autoDraw = False
71.5113 	EXP 	Slider: autoDraw = False
71.5113 	EXP 	cB_9: autoDraw = True
72.0222 	EXP 	cB_9: autoDraw = False
72.0222 	EXP 	textFb: text = 'Lukas has decided not to cooperate and keep the investment. \nYou received 0 credits'
72.0222 	EXP 	cbFb: autoDraw = True
72.0222 	EXP 	textFb: autoDraw = True
73.3135 	DATA 	Keypress: return
74.0268 	EXP 	cbFb: autoDraw = False
74.0268 	EXP 	textFb: autoDraw = False
74.0268 	EXP 	cbBuf: autoDraw = True
74.2007 	EXP 	fixCross: autoDraw = True
74.7111 	EXP 	fixCross: autoDraw = False
74.8304 	DATA 	Keypress: return
74.8990 	EXP 	New trial (rep=0, index=13): OrderedDict([('playerId', 'Lukas'), ('avatarFile', 'images/avatar2.jpg'), ('choiceLabel', 'keep the investment'), ('actionLabel', 0), ('actionRound', 1)])
74.9186 	EXP 	RatingScale Slider: reset()
74.9345 	EXP 	cbBuf: autoDraw = False
74.9345 	EXP 	fixCross: autoDraw = False
74.9345 	EXP 	text: text = 'This round you are playing with Lukas!'
74.9345 	EXP 	imagesbRnd: image = 'images/avatar2.jpg'
74.9345 	EXP 	cB_8: autoDraw = True
74.9345 	EXP 	text: autoDraw = True
74.9345 	EXP 	imagesbRnd: autoDraw = True
74.9345 	EXP 	Slider: autoDraw = True
75.9177 	DATA 	Keypress: left
76.3809 	DATA 	Keypress: return
76.3810 	DATA 	RatingScale Slider: (key response) rating=4
76.3811 	DATA 	RatingScale Slider: rating RT=1.462
76.3811 	DATA 	RatingScale Slider: history=[('5', 0.0), ('4', 1.002), ('4', 1.462)]
76.4104 	EXP 	cB_8: autoDraw = False
76.4104 	EXP 	text: autoDraw = False
76.4104 	EXP 	imagesbRnd: autoDraw = False
76.4104 	EXP 	Slider: autoDraw = False
76.4104 	EXP 	cB_9: autoDraw = True
76.9209 	EXP 	cB_9: autoDraw = False
76.9209 	EXP 	textFb: text = 'Lukas has decided not to cooperate and keep the investment. \nYou received 0 credits'
76.9209 	EXP 	cbFb: autoDraw = True
76.9209 	EXP 	textFb: autoDraw = True
78.9164 	EXP 	cbFb: autoDraw = False
78.9164 	EXP 	textFb: autoDraw = False
78.9164 	EXP 	cbBuf: autoDraw = True
79.0870 	EXP 	fixCross: autoDraw = True
79.3953 	DATA 	Keypress: return
79.5988 	EXP 	fixCross: autoDraw = False
79.8043 	EXP 	New trial (rep=0, index=14): OrderedDict([('playerId', 'Paul'), ('avatarFile', 'images/avatar1.jpg'), ('choiceLabel', 'reciprocate'), ('actionLabel', 1), ('actionRound', 1)])
79.8755 	EXP 	RatingScale Slider: reset()
79.9054 	EXP 	cbBuf: autoDraw = False
79.9054 	EXP 	fixCross: autoDraw = False
79.9054 	EXP 	text: text = 'This round you are playing with Paul!'
79.9054 	EXP 	imagesbRnd: image = 'images/avatar1.jpg'
79.9054 	EXP 	cB_8: autoDraw = True
79.9054 	EXP 	text: autoDraw = True
79.9054 	EXP 	imagesbRnd: autoDraw = True
79.9054 	EXP 	Slider: autoDraw = True
80.5371 	DATA 	Keypress: right
80.7434 	DATA 	Keypress: right
80.9284 	DATA 	Keypress: return
80.9322 	DATA 	RatingScale Slider: (key response) rating=7
80.9323 	DATA 	RatingScale Slider: rating RT=1.052
80.9323 	DATA 	RatingScale Slider: history=[('5', 0.0), ('6', 0.66), ('7', 0.867), ('7', 1.052)]
80.9633 	EXP 	cB_8: autoDraw = False
80.9633 	EXP 	text: autoDraw = False
80.9633 	EXP 	imagesbRnd: autoDraw = False
80.9633 	EXP 	Slider: autoDraw = False
80.9633 	EXP 	cB_9: autoDraw = True
81.4905 	EXP 	cB_9: autoDraw = False
81.4905 	EXP 	textFb: text = 'Paul has decided to reciprocate \nYou receive 7 credits'
81.4905 	EXP 	cbFb: autoDraw = True
81.4905 	EXP 	textFb: autoDraw = True
83.4692 	EXP 	cbFb: autoDraw = False
83.4692 	EXP 	textFb: autoDraw = False
83.4692 	EXP 	cbBuf: autoDraw = True
83.6402 	EXP 	fixCross: autoDraw = True
84.1524 	EXP 	fixCross: autoDraw = False
84.3574 	EXP 	New trial (rep=0, index=15): OrderedDict([('playerId', 'Lukas'), ('avatarFile', 'images/avatar2.jpg'), ('choiceLabel', 'reciprocate'), ('actionLabel', 1), ('actionRound', 1)])
84.3867 	EXP 	RatingScale Slider: reset()
84.4078 	EXP 	cbBuf: autoDraw = False
84.4078 	EXP 	fixCross: autoDraw = False
84.4078 	EXP 	text: text = 'This round you are playing with Lukas!'
84.4078 	EXP 	imagesbRnd: image = 'images/avatar2.jpg'
84.4078 	EXP 	cB_8: autoDraw = True
84.4078 	EXP 	text: autoDraw = True
84.4078 	EXP 	imagesbRnd: autoDraw = True
84.4078 	EXP 	Slider: autoDraw = True
85.1073 	DATA 	Keypress: right
85.2957 	DATA 	Keypress: right
85.4885 	DATA 	Keypress: return
85.4887 	DATA 	RatingScale Slider: (key response) rating=7
85.4887 	DATA 	RatingScale Slider: rating RT=1.098
85.4887 	DATA 	RatingScale Slider: history=[('5', 0.0), ('6', 0.72), ('7', 0.909), ('7', 1.098)]
85.5184 	EXP 	cB_8: autoDraw = False
85.5184 	EXP 	text: autoDraw = False
85.5184 	EXP 	imagesbRnd: autoDraw = False
85.5184 	EXP 	Slider: autoDraw = False
85.5184 	EXP 	cB_9: autoDraw = True
86.0348 	EXP 	cB_9: autoDraw = False
86.0348 	EXP 	textFb: text = 'Lukas has decided to reciprocate \nYou receive 7 credits'
86.0348 	EXP 	cbFb: autoDraw = True
86.0348 	EXP 	textFb: autoDraw = True
88.0243 	EXP 	cbFb: autoDraw = False
88.0243 	EXP 	textFb: autoDraw = False
88.0243 	EXP 	cbBuf: autoDraw = True
88.1952 	EXP 	fixCross: autoDraw = True
88.7077 	EXP 	fixCross: autoDraw = False
88.9130 	EXP 	New trial (rep=0, index=16): OrderedDict([('playerId', 'Paul'), ('avatarFile', 'images/avatar1.jpg'), ('choiceLabel', 'reciprocate'), ('actionLabel', 1), ('actionRound', 1)])
88.9786 	EXP 	RatingScale Slider: reset()
88.9976 	EXP 	cbBuf: autoDraw = False
88.9976 	EXP 	fixCross: autoDraw = False
88.9976 	EXP 	text: text = 'This round you are playing with Paul!'
88.9976 	EXP 	imagesbRnd: image = 'images/avatar1.jpg'
88.9976 	EXP 	cB_8: autoDraw = True
88.9976 	EXP 	text: autoDraw = True
88.9976 	EXP 	imagesbRnd: autoDraw = True
88.9976 	EXP 	Slider: autoDraw = True
89.0012 	DATA 	Keypress: left
89.2526 	DATA 	Keypress: left
89.3920 	DATA 	Keypress: left
89.6824 	DATA 	Keypress: return
89.6825 	DATA 	RatingScale Slider: (key response) rating=4
89.6825 	DATA 	RatingScale Slider: rating RT=0.699
89.6825 	DATA 	RatingScale Slider: history=[('5', 0.0), ('4', 0.409), ('4', 0.699)]
89.7123 	EXP 	cB_8: autoDraw = False
89.7123 	EXP 	text: autoDraw = False
89.7123 	EXP 	imagesbRnd: autoDraw = False
89.7123 	EXP 	Slider: autoDraw = False
89.7123 	EXP 	cB_9: autoDraw = True
90.2401 	EXP 	cB_9: autoDraw = False
90.2401 	EXP 	textFb: text = 'Paul has decided to reciprocate \nYou receive 4 credits'
90.2401 	EXP 	cbFb: autoDraw = True
90.2401 	EXP 	textFb: autoDraw = True
92.2187 	EXP 	cbFb: autoDraw = False
92.2187 	EXP 	textFb: autoDraw = False
92.2187 	EXP 	cbBuf: autoDraw = True
92.3888 	EXP 	fixCross: autoDraw = True
92.9006 	EXP 	fixCross: autoDraw = False
93.1067 	EXP 	New trial (rep=0, index=17): OrderedDict([('playerId', 'Paul'), ('avatarFile', 'images/avatar1.jpg'), ('choiceLabel', 'reciprocate'), ('actionLabel', 1), ('actionRound', 1)])
93.1649 	EXP 	RatingScale Slider: reset()
93.1814 	EXP 	cbBuf: autoDraw = False
93.1814 	EXP 	fixCross: autoDraw = False
93.1814 	EXP 	text: text = 'This round you are playing with Paul!'
93.1814 	EXP 	imagesbRnd: image = 'images/avatar1.jpg'
93.1814 	EXP 	cB_8: autoDraw = True
93.1814 	EXP 	text: autoDraw = True
93.1814 	EXP 	imagesbRnd: autoDraw = True
93.1814 	EXP 	Slider: autoDraw = True
93.7180 	DATA 	Keypress: left
93.8899 	DATA 	Keypress: left
94.1813 	DATA 	Keypress: return
94.1815 	DATA 	RatingScale Slider: (key response) rating=3
94.1815 	DATA 	RatingScale Slider: rating RT=1.016
94.1815 	DATA 	RatingScale Slider: history=[('5', 0.0), ('4', 0.556), ('3', 0.728), ('3', 1.016)]
94.2116 	EXP 	cB_8: autoDraw = False
94.2116 	EXP 	text: autoDraw = False
94.2116 	EXP 	imagesbRnd: autoDraw = False
94.2116 	EXP 	Slider: autoDraw = False
94.2116 	EXP 	cB_9: autoDraw = True
94.7394 	EXP 	cB_9: autoDraw = False
94.7394 	EXP 	textFb: text = 'Paul has decided to reciprocate \nYou receive 3 credits'
94.7394 	EXP 	cbFb: autoDraw = True
94.7394 	EXP 	textFb: autoDraw = True
96.7167 	EXP 	cbFb: autoDraw = False
96.7167 	EXP 	textFb: autoDraw = False
96.7167 	EXP 	cbBuf: autoDraw = True
96.8881 	EXP 	fixCross: autoDraw = True
97.3995 	EXP 	fixCross: autoDraw = False
97.6048 	EXP 	New trial (rep=0, index=18): OrderedDict([('playerId', 'Paul'), ('avatarFile', 'images/avatar1.jpg'), ('choiceLabel', 'keep the investment'), ('actionLabel', 0), ('actionRound', 1)])
97.6599 	EXP 	RatingScale Slider: reset()
97.6764 	EXP 	cbBuf: autoDraw = False
97.6764 	EXP 	fixCross: autoDraw = False
97.6764 	EXP 	text: text = 'This round you are playing with Paul!'
97.6764 	EXP 	imagesbRnd: image = 'images/avatar1.jpg'
97.6764 	EXP 	cB_8: autoDraw = True
97.6764 	EXP 	text: autoDraw = True
97.6764 	EXP 	imagesbRnd: autoDraw = True
97.6764 	EXP 	Slider: autoDraw = True
98.0323 	DATA 	Keypress: right
98.2380 	DATA 	Keypress: right
98.4263 	DATA 	Keypress: right
98.5801 	DATA 	Keypress: right
98.5935 	DATA 	Keypress: down
98.8353 	DATA 	Keypress: return
98.8354 	DATA 	RatingScale Slider: (key response) rating=8
98.8355 	DATA 	RatingScale Slider: rating RT=1.175
98.8355 	DATA 	RatingScale Slider: history=[('5', 0.0), ('6', 0.578), ('7', 0.766), ('8', 0.92), ('8', 1.175)]
98.8655 	EXP 	cB_8: autoDraw = False
98.8655 	EXP 	text: autoDraw = False
98.8655 	EXP 	imagesbRnd: autoDraw = False
98.8655 	EXP 	Slider: autoDraw = False
98.8655 	EXP 	cB_9: autoDraw = True
99.3924 	EXP 	cB_9: autoDraw = False
99.3924 	EXP 	textFb: text = 'Paul has decided not to cooperate and keep the investment. \nYou received 0 credits'
99.3924 	EXP 	cbFb: autoDraw = True
99.3924 	EXP 	textFb: autoDraw = True
101.3704 	EXP 	cbFb: autoDraw = False
101.3704 	EXP 	textFb: autoDraw = False
101.3704 	EXP 	cbBuf: autoDraw = True
101.5411 	EXP 	fixCross: autoDraw = True
102.0524 	EXP 	fixCross: autoDraw = False
102.2581 	EXP 	RatingScale rating: reset()
102.2591 	EXP 	RatingScale rating_2: reset()
102.2600 	EXP 	RatingScale rating_5: reset()
102.2609 	EXP 	RatingScale rating_6: reset()
102.2619 	EXP 	RatingScale rating_3: reset()
102.2628 	EXP 	RatingScale rating_4: reset()
102.3245 	EXP 	cbBuf: autoDraw = False
102.3245 	EXP 	fixCross: autoDraw = False
102.3245 	EXP 	cB_11: autoDraw = True
102.3245 	EXP 	rating: autoDraw = True
102.3245 	EXP 	rating_2: autoDraw = True
102.3245 	EXP 	rating_5: autoDraw = True
102.3245 	EXP 	rating_6: autoDraw = True
102.3245 	EXP 	rating_3: autoDraw = True
102.3245 	EXP 	rating_4: autoDraw = True
102.8340 	EXP 	cB_11: autoDraw = False
108.1141 	DATA 	Keypress: right
108.4487 	DATA 	Keypress: right
108.6261 	DATA 	Keypress: left
108.8417 	DATA 	Keypress: up
109.0996 	DATA 	Keypress: up
110.6155 	DATA 	Mouse: Left button down, pos=(908,693)
110.7178 	DATA 	Mouse:  Left button up, pos=(908,693)
111.1605 	DATA 	Mouse: Left button down, pos=(926,687)
111.2620 	DATA 	Mouse:  Left button up, pos=(926,687)
111.5506 	DATA 	Mouse: Left button down, pos=(886,625)
111.6351 	DATA 	Mouse:  Left button up, pos=(886,625)
112.1836 	DATA 	Mouse: Left button down, pos=(848,580)
112.2829 	DATA 	Mouse:  Left button up, pos=(848,580)
112.6581 	DATA 	Mouse: Left button down, pos=(755,562)
112.7501 	DATA 	Mouse:  Left button up, pos=(755,562)
113.3065 	DATA 	Mouse: Left button down, pos=(804,494)
113.3087 	DATA 	RatingScale rating: (mouse response) rating=5
113.3088 	DATA 	RatingScale rating: rating RT=11.045
113.3088 	DATA 	RatingScale rating: history=[(None, 0.0), (5, 9.288), (5, 11.045)]
113.3287 	EXP 	New trial (rep=0, index=1): OrderedDict([('playerId', 'Paul'), ('avatarFile', 'images/avatar1.jpg'), ('choiceLabel', 'keep the investment'), ('actionLabel', 0), ('actionRound', 1)])
113.3728 	EXP 	Imported contitions.xlsx as conditions, 19 conditions, 5 params
113.3732 	EXP 	Created sequence: random, trialTypes=19, nReps=1, seed=None
113.3736 	EXP 	New trial (rep=0, index=0): OrderedDict([('playerId', 'Lukas'), ('avatarFile', 'images/avatar2.jpg'), ('choiceLabel', 'keep the investment'), ('actionLabel', 0), ('actionRound', 1)])
113.4362 	EXP 	RatingScale Slider: reset()
113.4368 	DATA 	Mouse:  Left button up, pos=(809,489)
113.4576 	EXP 	cB_11: autoDraw = False
113.4576 	EXP 	rating: autoDraw = False
113.4576 	EXP 	rating_2: autoDraw = False
113.4576 	EXP 	rating_5: autoDraw = False
113.4576 	EXP 	rating_6: autoDraw = False
113.4576 	EXP 	rating_3: autoDraw = False
113.4576 	EXP 	rating_4: autoDraw = False
113.4576 	EXP 	text: text = 'This round you are playing with Lukas!'
113.4576 	EXP 	imagesbRnd: image = 'images/avatar2.jpg'
113.4576 	EXP 	cB_8: autoDraw = True
113.4576 	EXP 	text: autoDraw = True
113.4576 	EXP 	imagesbRnd: autoDraw = True
113.4576 	EXP 	Slider: autoDraw = True
113.6302 	DATA 	Mouse: Left button down, pos=(848,465)
113.7134 	DATA 	Mouse:  Left button up, pos=(848,465)
114.9759 	DATA 	Keypress: escape
115.4302 	EXP 	window1: mouseVisible = True
