2.6447 	WARNING 	Import Error: No module named 'psychtoolbox'. Using event module for keyboard component.
4.6518 	WARNING 	User requested fullscreen with size [1024  768], but screen is actually [1680, 1050]. Using actual size
5.6512 	EXP 	Created window1 = Window(allowGUI=True, allowStencil=False, args=UNKNOWN, autoLog=True, bitsMode=UNKNOWN, blendMode='avg', color=array([0., 0., 0.]), colorSpace='rgb', fullscr=<method-wrapper '__getattribute__' of attributeSetter object at 0x0AED4AD0>, gamma=None, gammaErrorPolicy='raise', kwargs=UNKNOWN, lms=UNKNOWN, monitor=<psychopy.monitors.calibTools.Monitor object at 0x0870C7D0>, multiSample=False, name='window1', numSamples=2, pos=[0.0, 0.0], screen=0, size=array([1680, 1050]), stereo=False, units='height', useFBO=True, useRetina=False, viewOri=0.0, viewPos=None, viewScale=None, waitBlanking=True, winType='pyglet')
5.6512 	EXP 	window1: recordFrameIntervals = False
5.8211 	EXP 	window1: recordFrameIntervals = True
6.0078 	EXP 	window1: recordFrameIntervals = False
6.0106 	EXP 	Created cB_1 = Rect(__class__=<class 'psychopy.visual.rect.Rect'>, autoDraw=False, autoLog=True, closeShape=True, color=method-wrapper(...), colorSpace=None, contrast=1.0, depth=-1.0, fillColor=array([-1., -1., -1.]), fillColorSpace='rgb', fillRGB=array([-1., -1., -1.]), interpolate=True, lineColor=array([1., 1., 1.]), lineColorSpace='rgb', lineRGB=array([1., 1., 1.]), lineWidth=1, name='cB_1', opacity=1.0, ori=array(0.), pos=array([0., 0.]), size=array([1., 1.]), units='height', vertices=ndarray(...), win=Window(...))
6.1621 	EXP 	Created textWelcome = TextStim(__class__=<class 'psychopy.visual.text.TextStim'>, alignHoriz='center', alignVert='center', antialias=True, autoLog=True, bold=False, color='white', colorSpace='named', contrast=1.0, depth=-2.0, flipHoriz=False, flipVert=False, font='Arial', fontFiles=[], height=0.03, italic=False, languageStyle='LTR', name='textWelcome', opacity=1.0, ori=0, pos=array([0., 0.]), rgb=array([255., 255., 255.]), text=str(...), units='height', win=Window(...), wrapWidth=1)
6.1636 	EXP 	Created cB_2 = Rect(__class__=<class 'psychopy.visual.rect.Rect'>, autoDraw=False, autoLog=True, closeShape=True, color=method-wrapper(...), colorSpace=None, contrast=1.0, depth=-1.0, fillColor=array([-1., -1., -1.]), fillColorSpace='rgb', fillRGB=array([-1., -1., -1.]), interpolate=True, lineColor=array([1., 1., 1.]), lineColorSpace='rgb', lineRGB=array([1., 1., 1.]), lineWidth=1, name='cB_2', opacity=1.0, ori=array(0.), pos=array([0., 0.]), size=array([1., 1.]), units='height', vertices=ndarray(...), win=Window(...))
6.2505 	EXP 	Created textInstructions = TextStim(__class__=<class 'psychopy.visual.text.TextStim'>, alignHoriz='center', alignVert='center', antialias=True, autoLog=True, bold=False, color='white', colorSpace='named', contrast=1.0, depth=-2.0, flipHoriz=False, flipVert=False, font='Arial', fontFiles=[], height=0.03, italic=False, languageStyle='LTR', name='textInstructions', opacity=1.0, ori=0, pos=array([0., 0.]), rgb=array([255., 255., 255.]), text=str(...), units='height', win=Window(...), wrapWidth=1)
6.2522 	EXP 	Created cB_3 = Rect(__class__=<class 'psychopy.visual.rect.Rect'>, autoDraw=False, autoLog=True, closeShape=True, color=method-wrapper(...), colorSpace=None, contrast=1.0, depth=-1.0, fillColor=array([-1., -1., -1.]), fillColorSpace='rgb', fillRGB=array([-1., -1., -1.]), interpolate=True, lineColor=array([1., 1., 1.]), lineColorSpace='rgb', lineRGB=array([1., 1., 1.]), lineWidth=1, name='cB_3', opacity=1.0, ori=array(0.), pos=array([0., 0.]), size=array([1., 1.]), units='height', vertices=ndarray(...), win=Window(...))
6.2885 	EXP 	Created textServer = TextStim(__class__=<class 'psychopy.visual.text.TextStim'>, alignHoriz='center', alignVert='center', antialias=True, autoLog=True, bold=False, color='white', colorSpace='named', contrast=1.0, depth=-2.0, flipHoriz=False, flipVert=False, font='Arial', fontFiles=[], height=0.03, italic=False, languageStyle='LTR', name='textServer', opacity=1.0, ori=0, pos=array([0., 0.]), rgb=array([255., 255., 255.]), text=str(...), units='height', win=Window(...), wrapWidth=1)
6.2900 	EXP 	Created cB_4 = Rect(__class__=<class 'psychopy.visual.rect.Rect'>, autoDraw=False, autoLog=True, closeShape=True, color=method-wrapper(...), colorSpace=None, contrast=1.0, depth=0.0, fillColor=array([-1., -1., -1.]), fillColorSpace='rgb', fillRGB=array([-1., -1., -1.]), interpolate=True, lineColor=array([1., 1., 1.]), lineColorSpace='rgb', lineRGB=array([1., 1., 1.]), lineWidth=1, name='cB_4', opacity=1.0, ori=array(0.), pos=array([0., 0.]), size=array([1., 1.]), units='height', vertices=ndarray(...), win=Window(...))
6.2955 	EXP 	Created text_1 = TextStim(__class__=<class 'psychopy.visual.text.TextStim'>, alignHoriz='center', alignVert='center', antialias=True, autoLog=True, bold=False, color='white', colorSpace='named', contrast=1.0, depth=-1.0, flipHoriz=False, flipVert=False, font='Arial', fontFiles=[], height=0.03, italic=False, languageStyle='LTR', name='text_1', opacity=1.0, ori=0, pos=array([0., 0.]), rgb=array([255., 255., 255.]), text='connecting      ', units='height', win=Window(...), wrapWidth=1)
6.3006 	EXP 	Created text_2 = TextStim(__class__=<class 'psychopy.visual.text.TextStim'>, alignHoriz='center', alignVert='center', antialias=True, autoLog=True, bold=False, color='white', colorSpace='named', contrast=1.0, depth=-2.0, flipHoriz=False, flipVert=False, font='Arial', fontFiles=[], height=0.03, italic=False, languageStyle='LTR', name='text_2', opacity=1.0, ori=0, pos=array([0., 0.]), rgb=array([255., 255., 255.]), text='connecting .    ', units='height', win=Window(...), wrapWidth=1)
6.3055 	EXP 	Created text_3 = TextStim(__class__=<class 'psychopy.visual.text.TextStim'>, alignHoriz='center', alignVert='center', antialias=True, autoLog=True, bold=False, color='white', colorSpace='named', contrast=1.0, depth=-3.0, flipHoriz=False, flipVert=False, font='Arial', fontFiles=[], height=0.03, italic=False, languageStyle='LTR', name='text_3', opacity=1.0, ori=0, pos=array([0., 0.]), rgb=array([255., 255., 255.]), text='connecting . .  ', units='height', win=Window(...), wrapWidth=1)
6.3117 	EXP 	Created text_4 = TextStim(__class__=<class 'psychopy.visual.text.TextStim'>, alignHoriz='center', alignVert='center', antialias=True, autoLog=True, bold=False, color='white', colorSpace='named', contrast=1.0, depth=-4.0, flipHoriz=False, flipVert=False, font='Arial', fontFiles=[], height=0.03, italic=False, languageStyle='LTR', name='text_4', opacity=1.0, ori=0, pos=array([0., 0.]), rgb=array([255., 255., 255.]), text='connecting . . .', units='height', win=Window(...), wrapWidth=1)
6.3133 	EXP 	Created cB_5 = Rect(__class__=<class 'psychopy.visual.rect.Rect'>, autoDraw=False, autoLog=True, closeShape=True, color=method-wrapper(...), colorSpace=None, contrast=1.0, depth=0.0, fillColor=array([-1., -1., -1.]), fillColorSpace='rgb', fillRGB=array([-1., -1., -1.]), interpolate=True, lineColor=array([1., 1., 1.]), lineColorSpace='rgb', lineRGB=array([1., 1., 1.]), lineWidth=1, name='cB_5', opacity=1.0, ori=array(0.), pos=array([0., 0.]), size=array([1., 1.]), units='height', vertices=ndarray(...), win=Window(...))
6.3174 	EXP 	Created idle = TextStim(__class__=<class 'psychopy.visual.text.TextStim'>, alignHoriz='center', alignVert='center', antialias=True, autoLog=True, bold=False, color='white', colorSpace='named', contrast=1.0, depth=-1.0, flipHoriz=False, flipVert=False, font='Arial', fontFiles=[], height=0.03, italic=False, languageStyle='LTR', name='idle', opacity=1.0, ori=0, pos=array([0., 0.]), rgb=array([255., 255., 255.]), text='found', units='height', win=Window(...), wrapWidth=1)
6.3223 	EXP 	Created idle_2 = TextStim(__class__=<class 'psychopy.visual.text.TextStim'>, alignHoriz='center', alignVert='center', antialias=True, autoLog=True, bold=False, color='white', colorSpace='named', contrast=1.0, depth=-2.0, flipHoriz=False, flipVert=False, font='Arial', fontFiles=[], height=0.03, italic=False, languageStyle='LTR', name='idle_2', opacity=1.0, ori=0, pos=array([0., 0.]), rgb=array([255., 255., 255.]), text='init proc     ', units='height', win=Window(...), wrapWidth=1)
6.3310 	EXP 	Created idle_3 = TextStim(__class__=<class 'psychopy.visual.text.TextStim'>, alignHoriz='center', alignVert='center', antialias=True, autoLog=True, bold=False, color='white', colorSpace='named', contrast=1.0, depth=-3.0, flipHoriz=False, flipVert=False, font='Arial', fontFiles=[], height=0.03, italic=False, languageStyle='LTR', name='idle_3', opacity=1.0, ori=0, pos=array([0., 0.]), rgb=array([255., 255., 255.]), text='init proc 2141', units='height', win=Window(...), wrapWidth=1)
6.3376 	EXP 	Created idle_4 = TextStim(__class__=<class 'psychopy.visual.text.TextStim'>, alignHoriz='center', alignVert='center', antialias=True, autoLog=True, bold=False, color='white', colorSpace='named', contrast=1.0, depth=-4.0, flipHoriz=False, flipVert=False, font='Arial', fontFiles=[], height=0.03, italic=False, languageStyle='LTR', name='idle_4', opacity=1.0, ori=0, pos=array([0., 0.]), rgb=array([255., 255., 255.]), text='init proc 2215', units='height', win=Window(...), wrapWidth=1)
6.3448 	EXP 	Created idle_5 = TextStim(__class__=<class 'psychopy.visual.text.TextStim'>, alignHoriz='center', alignVert='center', antialias=True, autoLog=True, bold=False, color='white', colorSpace='named', contrast=1.0, depth=-5.0, flipHoriz=False, flipVert=False, font='Arial', fontFiles=[], height=0.03, italic=False, languageStyle='LTR', name='idle_5', opacity=1.0, ori=0, pos=array([0., 0.]), rgb=array([255., 255., 255.]), text='init proc 3229', units='height', win=Window(...), wrapWidth=1)
6.3502 	EXP 	Created idle_6 = TextStim(__class__=<class 'psychopy.visual.text.TextStim'>, alignHoriz='center', alignVert='center', antialias=True, autoLog=True, bold=False, color='white', colorSpace='named', contrast=1.0, depth=-6.0, flipHoriz=False, flipVert=False, font='Arial', fontFiles=[], height=0.03, italic=False, languageStyle='LTR', name='idle_6', opacity=1.0, ori=0, pos=array([0., 0.]), rgb=array([255., 255., 255.]), text='init proc 4325', units='height', win=Window(...), wrapWidth=1)
6.3566 	EXP 	Created idle_7 = TextStim(__class__=<class 'psychopy.visual.text.TextStim'>, alignHoriz='center', alignVert='center', antialias=True, autoLog=True, bold=False, color='white', colorSpace='named', contrast=1.0, depth=-7.0, flipHoriz=False, flipVert=False, font='Arial', fontFiles=[], height=0.03, italic=False, languageStyle='LTR', name='idle_7', opacity=1.0, ori=0, pos=array([0., 0.]), rgb=array([255., 255., 255.]), text='init proc 1337', units='height', win=Window(...), wrapWidth=1)
6.3616 	EXP 	Created ilde_8 = TextStim(__class__=<class 'psychopy.visual.text.TextStim'>, alignHoriz='center', alignVert='center', antialias=True, autoLog=True, bold=False, color='white', colorSpace='named', contrast=1.0, depth=-8.0, flipHoriz=False, flipVert=False, font='Arial', fontFiles=[], height=0.03, italic=False, languageStyle='LTR', name='ilde_8', opacity=1.0, ori=0, pos=array([0., 0.]), rgb=array([255., 255., 255.]), text='buffering      ', units='height', win=Window(...), wrapWidth=1)
6.3663 	EXP 	Created idle_9 = TextStim(__class__=<class 'psychopy.visual.text.TextStim'>, alignHoriz='center', alignVert='center', antialias=True, autoLog=True, bold=False, color='white', colorSpace='named', contrast=1.0, depth=-9.0, flipHoriz=False, flipVert=False, font='Arial', fontFiles=[], height=0.03, italic=False, languageStyle='LTR', name='idle_9', opacity=1.0, ori=0, pos=array([0., 0.]), rgb=array([255., 255., 255.]), text='buffering .    ', units='height', win=Window(...), wrapWidth=1)
6.3710 	EXP 	Created idle_10 = TextStim(__class__=<class 'psychopy.visual.text.TextStim'>, alignHoriz='center', alignVert='center', antialias=True, autoLog=True, bold=False, color='white', colorSpace='named', contrast=1.0, depth=-10.0, flipHoriz=False, flipVert=False, font='Arial', fontFiles=[], height=0.03, italic=False, languageStyle='LTR', name='idle_10', opacity=1.0, ori=0, pos=array([0., 0.]), rgb=array([255., 255., 255.]), text='buffering . .  ', units='height', win=Window(...), wrapWidth=1)
6.3768 	EXP 	Created idle_11 = TextStim(__class__=<class 'psychopy.visual.text.TextStim'>, alignHoriz='center', alignVert='center', antialias=True, autoLog=True, bold=False, color='white', colorSpace='named', contrast=1.0, depth=-11.0, flipHoriz=False, flipVert=False, font='Arial', fontFiles=[], height=0.03, italic=False, languageStyle='LTR', name='idle_11', opacity=1.0, ori=0, pos=array([0., 0.]), rgb=array([255., 255., 255.]), text='buffering . . .', units='height', win=Window(...), wrapWidth=1)
6.3861 	EXP 	Created idle_12 = TextStim(__class__=<class 'psychopy.visual.text.TextStim'>, alignHoriz='center', alignVert='center', antialias=True, autoLog=True, bold=False, color='white', colorSpace='named', contrast=1.0, depth=-12.0, flipHoriz=False, flipVert=False, font='Arial', fontFiles=[], height=0.03, italic=False, languageStyle='LTR', name='idle_12', opacity=1.0, ori=0, pos=array([0., 0.]), rgb=array([255., 255., 255.]), text='run /serv/234_1/sd connect', units='height', win=Window(...), wrapWidth=1)
6.3876 	EXP 	Created cB_6 = Rect(__class__=<class 'psychopy.visual.rect.Rect'>, autoDraw=False, autoLog=True, closeShape=True, color=method-wrapper(...), colorSpace=None, contrast=1.0, depth=-1.0, fillColor=array([-1., -1., -1.]), fillColorSpace='rgb', fillRGB=array([-1., -1., -1.]), interpolate=True, lineColor=array([1., 1., 1.]), lineColorSpace='rgb', lineRGB=array([1., 1., 1.]), lineWidth=1, name='cB_6', opacity=1.0, ori=array(0.), pos=array([0., 0.]), size=array([1., 1.]), units='height', vertices=ndarray(...), win=Window(...))
6.3928 	EXP 	Created sBInstructions = TextStim(__class__=<class 'psychopy.visual.text.TextStim'>, alignHoriz='center', alignVert='center', antialias=True, autoLog=True, bold=False, color='white', colorSpace='named', contrast=1.0, depth=-2.0, flipHoriz=False, flipVert=False, font='Arial', fontFiles=[], height=0.03, italic=False, languageStyle='LTR', name='sBInstructions', opacity=1.0, ori=0, pos=array([0., 0.]), rgb=array([255., 255., 255.]), text='default text', units='height', win=Window(...), wrapWidth=1)
6.3943 	EXP 	Created cB_8 = Rect(__class__=<class 'psychopy.visual.rect.Rect'>, autoDraw=False, autoLog=True, closeShape=True, color=method-wrapper(...), colorSpace=None, contrast=1.0, depth=0.0, fillColor=array([-1., -1., -1.]), fillColorSpace='rgb', fillRGB=array([-1., -1., -1.]), interpolate=True, lineColor=array([1., 1., 1.]), lineColorSpace='rgb', lineRGB=array([1., 1., 1.]), lineWidth=1, name='cB_8', opacity=1.0, ori=array(0.), pos=array([0., 0.]), size=array([1., 1.]), units='height', vertices=ndarray(...), win=Window(...))
6.4091 	EXP 	Created text = TextStim(__class__=<class 'psychopy.visual.text.TextStim'>, alignHoriz='center', alignVert='center', antialias=True, autoLog=True, bold=False, color='white', colorSpace='named', contrast=1.0, depth=-1.0, flipHoriz=False, flipVert=False, font='Arial', fontFiles=[], height=0.05, italic=False, languageStyle='LTR', name='text', opacity=1.0, ori=0, pos=array([0., 0.]), rgb=array([255., 255., 255.]), text='default text', units='height', win=Window(...), wrapWidth=1)
6.4152 	EXP 	Created imagesbRnd = ImageStim(__class__=<class 'psychopy.visual.image.ImageStim'>, autoLog=True, color=array([1., 1., 1.]), colorSpace='rgb', contrast=1.0, depth=-2.0, flipHoriz=False, flipVert=False, image='sin', interpolate=True, mask=None, maskParams=None, name='imagesbRnd', opacity=1.0, ori=0.0, pos=array([0.  , 0.25]), size=array([0.2, 0.2]), texRes=128, units='height', win=Window(...))
6.4819 	EXP 	Created sbChoice = RatingScale(__class__=type(...), acceptKeys=['return'], acceptPreText=UNKNOWN, acceptSize=UNKNOWN, acceptText='accept?', autoLog=True, choices=list(...), depth=0, disappear=False, flipVert=False, high=10, kwargs=UNKNOWN, labels=list(...), leftKeys=['left'], lineColor='White', low=0, marker=ShapeStim(...), markerColor='DarkBlue', markerExpansion=UNKNOWN, markerStart=5.0, maxTime=0.0, minTime=0.4, mouseOnly=False, name='sbChoice', noMouse=False, pos=[0.0, -0.4], precision=1, respKeys=[], rightKeys=['right'], scale='<default>', self=UNKNOWN, showAccept=True, showValue=True, singleClick=False, size=0.6, skipKeys=['tab'], stretch=1.0, textColor='LightGray', textFont='Helvetica Bold', textSize=0.12, tickHeight=-1, tickMarks=10.0, win=Window(...))
6.4835 	EXP 	Created cB_9 = Rect(__class__=<class 'psychopy.visual.rect.Rect'>, autoDraw=False, autoLog=True, closeShape=True, color=method-wrapper(...), colorSpace=None, contrast=1.0, depth=0.0, fillColor=array([-1., -1., -1.]), fillColorSpace='rgb', fillRGB=array([-1., -1., -1.]), interpolate=True, lineColor=array([1., 1., 1.]), lineColorSpace='rgb', lineRGB=array([1., 1., 1.]), lineWidth=1, name='cB_9', opacity=1.0, ori=array(0.), pos=array([0., 0.]), size=array([1., 1.]), units='height', vertices=ndarray(...), win=Window(...))
6.4849 	EXP 	Created cbFb = Rect(__class__=<class 'psychopy.visual.rect.Rect'>, autoDraw=False, autoLog=True, closeShape=True, color=method-wrapper(...), colorSpace=None, contrast=1.0, depth=-1.0, fillColor=array([-1., -1., -1.]), fillColorSpace='rgb', fillRGB=array([-1., -1., -1.]), interpolate=True, lineColor=array([1., 1., 1.]), lineColorSpace='rgb', lineRGB=array([1., 1., 1.]), lineWidth=1, name='cbFb', opacity=1.0, ori=array(0.), pos=array([0., 0.]), size=array([1., 1.]), units='height', vertices=ndarray(...), win=Window(...))
6.4910 	EXP 	Created textFb = TextStim(__class__=<class 'psychopy.visual.text.TextStim'>, alignHoriz='center', alignVert='center', antialias=True, autoLog=True, bold=False, color='white', colorSpace='named', contrast=1.0, depth=-2.0, flipHoriz=False, flipVert=False, font='Arial', fontFiles=[], height=0.03, italic=False, languageStyle='LTR', name='textFb', opacity=1.0, ori=0, pos=array([0., 0.]), rgb=array([255., 255., 255.]), text='default text', units='height', win=Window(...), wrapWidth=1)
6.4925 	EXP 	Created cbBuf = Rect(__class__=<class 'psychopy.visual.rect.Rect'>, autoDraw=False, autoLog=True, closeShape=True, color=method-wrapper(...), colorSpace=None, contrast=1.0, depth=0.0, fillColor=array([-1., -1., -1.]), fillColorSpace='rgb', fillRGB=array([-1., -1., -1.]), interpolate=True, lineColor=array([1., 1., 1.]), lineColorSpace='rgb', lineRGB=array([1., 1., 1.]), lineWidth=1, name='cbBuf', opacity=1.0, ori=array(0.), pos=array([0., 0.]), size=array([1., 1.]), units='height', vertices=ndarray(...), win=Window(...))
6.4942 	EXP 	Created fixCross = ShapeStim(__class__=<class 'psychopy.visual.shape.ShapeStim'>, autoDraw=False, autoLog=True, closeShape=True, contrast=1.0, depth=-1.0, fillColor=array([1., 1., 1.]), fillColorSpace='rgb', interpolate=True, lineColor=array([1., 1., 1.]), lineColorSpace='rgb', lineWidth=1, name='fixCross', opacity=1.0, ori=array(0.), pos=array([0., 0.]), size=array([0.1, 0.1]), units='height', vertices=ndarray(...), win=Window(...), windingRule=None)
6.4956 	EXP 	Created cB_11 = Rect(__class__=<class 'psychopy.visual.rect.Rect'>, autoDraw=False, autoLog=True, closeShape=True, color=method-wrapper(...), colorSpace=None, contrast=1.0, depth=0.0, fillColor=array([-1., -1., -1.]), fillColorSpace='rgb', fillRGB=array([-1., -1., -1.]), interpolate=True, lineColor=array([1., 1., 1.]), lineColorSpace='rgb', lineRGB=array([1., 1., 1.]), lineWidth=1, name='cB_11', opacity=1.0, ori=array(0.), pos=array([0., 0.]), size=array([1., 1.]), units='height', vertices=ndarray(...), win=Window(...))
6.5150 	EXP 	Created rating = RatingScale(__class__=type(...), acceptKeys=['return'], acceptPreText=UNKNOWN, acceptSize=UNKNOWN, acceptText='accept?', autoLog=True, choices=False, depth=0, disappear=False, flipVert=False, high=7, kwargs=UNKNOWN, labels=list(...), leftKeys=['left'], lineColor='White', low=1, marker=ShapeStim(...), markerColor='DarkBlue', markerExpansion=UNKNOWN, markerStart=None, maxTime=0.0, minTime=0.4, mouseOnly=False, name='rating', noMouse=False, pos=[0.0, -0.4], precision=1, respKeys=['1', '2', '3', '4', '5', '6', '7'], rightKeys=['right'], scale='', self=UNKNOWN, showAccept=True, showValue=True, singleClick=False, size=0.6, skipKeys=['tab'], stretch=1.0, textColor='LightGray', textFont='Helvetica Bold', textSize=0.12, tickHeight=1.0, tickMarks=6.0, win=Window(...))
6.5165 	EXP 	Created cB_9 = Rect(__class__=<class 'psychopy.visual.rect.Rect'>, autoDraw=False, autoLog=True, closeShape=True, color=method-wrapper(...), colorSpace=None, contrast=1.0, depth=0.0, fillColor=array([-1., -1., -1.]), fillColorSpace='rgb', fillRGB=array([-1., -1., -1.]), interpolate=True, lineColor=array([1., 1., 1.]), lineColorSpace='rgb', lineRGB=array([1., 1., 1.]), lineWidth=1, name='cB_9', opacity=1.0, ori=array(0.), pos=array([0., 0.]), size=array([1., 1.]), units='height', vertices=ndarray(...), win=Window(...))
6.5180 	EXP 	Created cbBuf = Rect(__class__=<class 'psychopy.visual.rect.Rect'>, autoDraw=False, autoLog=True, closeShape=True, color=method-wrapper(...), colorSpace=None, contrast=1.0, depth=0.0, fillColor=array([-1., -1., -1.]), fillColorSpace='rgb', fillRGB=array([-1., -1., -1.]), interpolate=True, lineColor=array([1., 1., 1.]), lineColorSpace='rgb', lineRGB=array([1., 1., 1.]), lineWidth=1, name='cbBuf', opacity=1.0, ori=array(0.), pos=array([0., 0.]), size=array([1., 1.]), units='height', vertices=ndarray(...), win=Window(...))
6.5197 	EXP 	Created fixCross = ShapeStim(__class__=<class 'psychopy.visual.shape.ShapeStim'>, autoDraw=False, autoLog=True, closeShape=True, contrast=1.0, depth=-1.0, fillColor=array([1., 1., 1.]), fillColorSpace='rgb', interpolate=True, lineColor=array([1., 1., 1.]), lineColorSpace='rgb', lineWidth=1, name='fixCross', opacity=1.0, ori=array(0.), pos=array([0., 0.]), size=array([0.1, 0.1]), units='height', vertices=ndarray(...), win=Window(...), windingRule=None)
6.5211 	EXP 	Created cB_10 = Rect(__class__=<class 'psychopy.visual.rect.Rect'>, autoDraw=False, autoLog=True, closeShape=True, color=method-wrapper(...), colorSpace=None, contrast=1.0, depth=0.0, fillColor=array([-1., -1., -1.]), fillColorSpace='rgb', fillRGB=array([-1., -1., -1.]), interpolate=True, lineColor=array([1., 1., 1.]), lineColorSpace='rgb', lineRGB=array([1., 1., 1.]), lineWidth=1, name='cB_10', opacity=1.0, ori=array(0.), pos=array([0., 0.]), size=array([1., 1.]), units='height', vertices=ndarray(...), win=Window(...))
6.6010 	EXP 	Created sbEndText = TextStim(__class__=<class 'psychopy.visual.text.TextStim'>, alignHoriz='center', alignVert='center', antialias=True, autoLog=True, bold=False, color='white', colorSpace='named', contrast=1.0, depth=-1.0, flipHoriz=False, flipVert=False, font='Arial', fontFiles=[], height=0.1, italic=False, languageStyle='LTR', name='sbEndText', opacity=1.0, ori=0, pos=array([0., 0.]), rgb=array([255., 255., 255.]), text=str(...), units='height', win=Window(...), wrapWidth=1)
6.6183 	EXP 	sbChoice: flipVert = False
6.6183 	EXP 	sbChoice: autoLog = True
6.6183 	EXP 	rating: flipVert = False
6.6183 	EXP 	rating: autoLog = True
6.6183 	EXP 	cB_1: autoDraw = True
6.6183 	EXP 	textWelcome: autoDraw = True
6.9767 	DATA 	Keypress: 1
6.9930 	EXP 	cB_1: autoDraw = False
6.9930 	EXP 	textWelcome: autoDraw = False
6.9930 	EXP 	cB_2: autoDraw = True
6.9930 	EXP 	textInstructions: autoDraw = True
7.1632 	DATA 	Keypress: 1
7.1800 	EXP 	cB_2: autoDraw = False
7.1800 	EXP 	textInstructions: autoDraw = False
7.1800 	EXP 	cB_3: autoDraw = True
7.1800 	EXP 	textServer: autoDraw = True
7.3337 	DATA 	Keypress: 1
7.3344 	EXP 	Created sequence: random, trialTypes=1, nReps=1, seed=None
7.3346 	EXP 	New trial (rep=0, index=0): None
7.3520 	EXP 	cB_3: autoDraw = False
7.3520 	EXP 	textServer: autoDraw = False
7.3520 	EXP 	cB_4: autoDraw = True
7.3520 	EXP 	text_1: autoDraw = True
7.4709 	DATA 	Keypress: 1
8.3211 	EXP 	text_2: autoDraw = True
8.3550 	EXP 	text_1: autoDraw = False
8.8313 	EXP 	text_2: autoDraw = False
8.8313 	EXP 	text_3: autoDraw = True
9.3246 	EXP 	text_4: autoDraw = True
9.3417 	EXP 	text_3: autoDraw = False
9.8366 	EXP 	text_4: autoDraw = False
9.8532 	EXP 	cB_4: autoDraw = False
9.8532 	EXP 	text_1: autoDraw = False
9.8532 	EXP 	text_2: autoDraw = False
9.8532 	EXP 	text_3: autoDraw = False
9.8532 	EXP 	text_4: autoDraw = False
9.8532 	EXP 	cB_5: autoDraw = True
10.0221 	EXP 	idle: autoDraw = True
10.3291 	EXP 	idle: autoDraw = False
10.3291 	EXP 	idle_2: autoDraw = True
10.5351 	EXP 	idle_2: autoDraw = False
10.5351 	EXP 	idle_3: autoDraw = True
10.6364 	EXP 	idle_3: autoDraw = False
10.6364 	EXP 	idle_4: autoDraw = True
10.7729 	EXP 	idle_4: autoDraw = False
10.7729 	EXP 	idle_5: autoDraw = True
10.9263 	EXP 	idle_5: autoDraw = False
10.9263 	EXP 	idle_6: autoDraw = True
11.0796 	EXP 	idle_6: autoDraw = False
11.0796 	EXP 	idle_7: autoDraw = True
11.1819 	EXP 	idle_7: autoDraw = False
11.1819 	EXP 	ilde_8: autoDraw = True
11.6749 	EXP 	ilde_8: autoDraw = False
11.6749 	EXP 	idle_9: autoDraw = True
12.1859 	EXP 	idle_9: autoDraw = False
12.1859 	EXP 	idle_10: autoDraw = True
12.6795 	EXP 	idle_11: autoDraw = True
12.6964 	EXP 	idle_10: autoDraw = False
13.1745 	EXP 	idle_12: autoDraw = True
13.1914 	EXP 	idle_11: autoDraw = False
13.3293 	EXP 	idle_12: autoDraw = False
13.8918 	EXP 	cB_5: autoDraw = False
13.8918 	EXP 	idle: autoDraw = False
13.8918 	EXP 	idle_2: autoDraw = False
13.8918 	EXP 	idle_3: autoDraw = False
13.8918 	EXP 	idle_4: autoDraw = False
13.8918 	EXP 	idle_5: autoDraw = False
13.8918 	EXP 	idle_6: autoDraw = False
13.8918 	EXP 	idle_7: autoDraw = False
13.8918 	EXP 	ilde_8: autoDraw = False
13.8918 	EXP 	idle_9: autoDraw = False
13.8918 	EXP 	idle_10: autoDraw = False
13.8918 	EXP 	idle_11: autoDraw = False
13.8918 	EXP 	idle_12: autoDraw = False
13.8918 	EXP 	sBInstructions: text = "You are now ready to start with the experiment. \n'\nOn the next screens you will make decisions on how to engage with other players.\n\n\nMake a choice using your 'left' or 'right' keys and confirm with 'enter'"
13.8918 	EXP 	cB_6: autoDraw = True
14.0778 	EXP 	sBInstructions: autoDraw = True
14.8781 	DATA 	Keypress: 1
14.9199 	EXP 	Imported contitions.xlsx as conditions, 1 conditions, 5 params
14.9202 	EXP 	Created sequence: random, trialTypes=1, nReps=2, seed=None
14.9206 	EXP 	New trial (rep=0, index=0): OrderedDict([('playerId', 'Paul'), ('avatarFile', 'images/avatar1.jpg'), ('choiceLabel', 'reciprocate'), ('actionLabel', 1), ('actionRound', 1)])
14.9419 	EXP 	Imported contitions.xlsx as conditions, 1 conditions, 5 params
14.9422 	EXP 	Created sequence: random, trialTypes=1, nReps=1, seed=None
14.9425 	EXP 	New trial (rep=0, index=0): OrderedDict([('playerId', 'Paul'), ('avatarFile', 'images/avatar1.jpg'), ('choiceLabel', 'reciprocate'), ('actionLabel', 1), ('actionRound', 1)])
15.0509 	EXP 	RatingScale sbChoice: reset()
15.0805 	EXP 	cB_6: autoDraw = False
15.0805 	EXP 	sBInstructions: autoDraw = False
15.0805 	EXP 	text: text = 'This round you are playing with Paul!'
15.0805 	EXP 	imagesbRnd: image = 'images/avatar1.jpg'
15.0805 	EXP 	cB_8: autoDraw = True
15.0805 	EXP 	text: autoDraw = True
15.0805 	EXP 	imagesbRnd: autoDraw = True
15.0805 	EXP 	sbChoice: autoDraw = True
15.8139 	DATA 	Keypress: left
16.4779 	DATA 	Keypress: left
16.7507 	DATA 	Keypress: left
16.9704 	DATA 	Keypress: right
19.0175 	DATA 	Mouse: Left button down, pos=(850,323)
19.2057 	DATA 	Mouse:  Left button up, pos=(850,323)
19.8930 	DATA 	Mouse: Left button down, pos=(995,318)
20.0718 	DATA 	Mouse:  Left button up, pos=(995,317)
21.2956 	DATA 	Keypress: left
21.4847 	DATA 	Keypress: left
21.6545 	DATA 	Keypress: left
21.8104 	DATA 	Keypress: left
22.0499 	DATA 	Keypress: right
22.0631 	DATA 	Keypress: down
22.2343 	DATA 	Keypress: right
22.4085 	DATA 	Keypress: right
22.6303 	DATA 	Keypress: left
22.9897 	DATA 	Keypress: left
23.2403 	DATA 	Keypress: left
23.4426 	DATA 	Keypress: left
24.1140 	DATA 	Keypress: left
24.4337 	DATA 	Keypress: left
25.2845 	DATA 	Keypress: left
25.7274 	DATA 	Keypress: left
26.3123 	DATA 	Keypress: right
27.6359 	DATA 	Keypress: left
28.1300 	DATA 	Keypress: left
28.9301 	DATA 	Keypress: left
29.1033 	DATA 	Keypress: left
29.2714 	DATA 	Keypress: left
29.4396 	DATA 	Keypress: left
29.8323 	DATA 	Keypress: left
30.0045 	DATA 	Keypress: left
30.6826 	DATA 	Keypress: left
30.8694 	DATA 	Keypress: left
31.1413 	DATA 	Keypress: left
31.3804 	DATA 	Keypress: left
31.5825 	DATA 	Keypress: left
32.0268 	DATA 	Keypress: left
32.5899 	DATA 	Keypress: left
32.7659 	DATA 	Keypress: left
34.7175 	DATA 	Keypress: left
36.3529 	DATA 	Keypress: left
37.1062 	DATA 	Keypress: left
40.2518 	DATA 	Keypress: left
40.6620 	DATA 	Keypress: left
41.0393 	DATA 	Keypress: left
42.1235 	DATA 	Keypress: right
42.4837 	DATA 	Keypress: right
42.8538 	DATA 	Keypress: right
43.3646 	DATA 	Keypress: right
44.7986 	DATA 	Keypress: return
44.8150 	DATA 	RatingScale sbChoice: (key response) rating=5
44.8150 	DATA 	RatingScale sbChoice: rating RT=29.763
44.8150 	DATA 	RatingScale sbChoice: history=[('5', 0.0), ('8', 4.858), ('7', 6.759), ('8', 6.998), ('9', 7.357), ('8', 7.579), ('7', 9.062), ('8', 11.261), ('7', 14.052), ('6', 17.714), ('5', 22.055), ('4', 25.988), ('5', 27.432), ('5', 29.763)]
44.8435 	EXP 	cB_8: autoDraw = False
44.8435 	EXP 	text: autoDraw = False
44.8435 	EXP 	imagesbRnd: autoDraw = False
44.8435 	EXP 	sbChoice: autoDraw = False
44.8435 	EXP 	cB_9: autoDraw = True
45.3704 	EXP 	cB_9: autoDraw = False
45.3704 	EXP 	textFb: text = 'Paul has decided to reciprocate \nYou receive 5 credits'
45.3704 	EXP 	cbFb: autoDraw = True
45.3704 	EXP 	textFb: autoDraw = True
47.3608 	EXP 	cbFb: autoDraw = False
47.3608 	EXP 	textFb: autoDraw = False
47.3608 	EXP 	cbBuf: autoDraw = True
47.5313 	EXP 	fixCross: autoDraw = True
48.0428 	EXP 	fixCross: autoDraw = False
48.2610 	EXP 	Imported sliders.xlsx as conditions, 6 conditions, 5 params
48.2613 	EXP 	Created sequence: sequential, trialTypes=6, nReps=1, seed=None
48.2617 	EXP 	New trial (rep=0, index=0): OrderedDict([('sliderID', 1), ('sliderText', 'How much do you like Paul?'), ('sliderMin', 'not at all'), ('sliderMax', 'very much'), ('sliderChoices', '1 2 3 4 5 6 7')])
48.2988 	EXP 	Created rating = RatingScale(__class__=type(...), acceptKeys=['return'], acceptPreText=UNKNOWN, acceptSize=UNKNOWN, acceptText='accept?', autoLog=True, choices=False, depth=0, disappear=False, flipVert=False, high=7, kwargs=UNKNOWN, labels=list(...), leftKeys=['left'], lineColor='White', low=1, marker=ShapeStim(...), markerColor='DarkRed', markerExpansion=UNKNOWN, markerStart=4.0, maxTime=0.0, minTime=0.4, mouseOnly=False, name='rating', noMouse=False, pos=[0.0, -0.2], precision=1, respKeys=['1', '2', '3', '4', '5', '6', '7'], rightKeys=['right'], scale='How much do you like Paul?', self=UNKNOWN, showAccept=True, showValue=True, singleClick=False, size=0.6, skipKeys=['tab'], stretch=1.0, textColor='LightGray', textFont='Helvetica Bold', textSize=0.12, tickHeight=-1, tickMarks=6.0, win=Window(...))
48.2997 	EXP 	RatingScale rating: reset()
48.3170 	EXP 	cbBuf: autoDraw = False
48.3170 	EXP 	fixCross: autoDraw = False
48.3170 	EXP 	rating: flipVert = False
48.3170 	EXP 	rating: autoLog = True
48.3170 	EXP 	cB_11: autoDraw = True
48.3170 	EXP 	rating: autoDraw = True
49.1329 	DATA 	Keypress: return
49.1347 	DATA 	RatingScale rating: (key response) rating=4
49.1348 	DATA 	RatingScale rating: rating RT=0.835
49.1348 	DATA 	RatingScale rating: history=[(4.0, 0.0), (4, 0.834)]
49.1513 	EXP 	New trial (rep=0, index=1): OrderedDict([('sliderID', 2), ('sliderText', 'How much do you want to continue playing with Paul?'), ('sliderMin', 'not at all'), ('sliderMax', 'very much'), ('sliderChoices', '1 2 3 4 5 6 7')])
49.1847 	EXP 	Created rating = RatingScale(__class__=type(...), acceptKeys=['return'], acceptPreText=UNKNOWN, acceptSize=UNKNOWN, acceptText='accept?', autoLog=True, choices=False, depth=0, disappear=False, flipVert=False, high=7, kwargs=UNKNOWN, labels=list(...), leftKeys=['left'], lineColor='White', low=1, marker=ShapeStim(...), markerColor='DarkRed', markerExpansion=UNKNOWN, markerStart=4.0, maxTime=0.0, minTime=0.4, mouseOnly=False, name='rating', noMouse=False, pos=[0.0, -0.2], precision=1, respKeys=['1', '2', '3', '4', '5', '6', '7'], rightKeys=['right'], scale=str(...), self=UNKNOWN, showAccept=True, showValue=True, singleClick=False, size=0.6, skipKeys=['tab'], stretch=1.0, textColor='LightGray', textFont='Helvetica Bold', textSize=0.12, tickHeight=-1, tickMarks=6.0, win=Window(...))
49.1856 	EXP 	RatingScale rating: reset()
49.2034 	EXP 	cB_11: autoDraw = False
49.2034 	EXP 	rating: autoDraw = False
49.2034 	EXP 	rating: flipVert = False
49.2034 	EXP 	rating: autoLog = True
49.2034 	EXP 	cB_11: autoDraw = True
49.2034 	EXP 	rating: autoDraw = True
49.5093 	DATA 	Keypress: return
49.6807 	DATA 	Keypress: return
49.6809 	DATA 	RatingScale rating: (key response) rating=4
49.6809 	DATA 	RatingScale rating: rating RT=0.495
49.6809 	DATA 	RatingScale rating: history=[(4.0, 0.0), (4, 0.495)]
49.6964 	EXP 	New trial (rep=0, index=2): OrderedDict([('sliderID', 3), ('sliderText', 'How much do you like Lukas?'), ('sliderMin', 'not at all'), ('sliderMax', 'very much'), ('sliderChoices', '1 2 3 4 5 6 7')])
49.7284 	EXP 	Created rating = RatingScale(__class__=type(...), acceptKeys=['return'], acceptPreText=UNKNOWN, acceptSize=UNKNOWN, acceptText='accept?', autoLog=True, choices=False, depth=0, disappear=False, flipVert=False, high=7, kwargs=UNKNOWN, labels=list(...), leftKeys=['left'], lineColor='White', low=1, marker=ShapeStim(...), markerColor='DarkRed', markerExpansion=UNKNOWN, markerStart=4.0, maxTime=0.0, minTime=0.4, mouseOnly=False, name='rating', noMouse=False, pos=[0.0, -0.2], precision=1, respKeys=['1', '2', '3', '4', '5', '6', '7'], rightKeys=['right'], scale='How much do you like Lukas?', self=UNKNOWN, showAccept=True, showValue=True, singleClick=False, size=0.6, skipKeys=['tab'], stretch=1.0, textColor='LightGray', textFont='Helvetica Bold', textSize=0.12, tickHeight=-1, tickMarks=6.0, win=Window(...))
49.7292 	EXP 	RatingScale rating: reset()
49.7467 	EXP 	cB_11: autoDraw = False
49.7467 	EXP 	rating: autoDraw = False
49.7467 	EXP 	rating: flipVert = False
49.7467 	EXP 	rating: autoLog = True
49.7467 	EXP 	cB_11: autoDraw = True
49.7467 	EXP 	rating: autoDraw = True
49.8661 	DATA 	Keypress: return
50.0704 	DATA 	Keypress: return
50.5299 	DATA 	Keypress: return
50.5316 	DATA 	RatingScale rating: (key response) rating=4
50.5317 	DATA 	RatingScale rating: rating RT=0.802
50.5317 	DATA 	RatingScale rating: history=[(4.0, 0.0), (4, 0.802)]
50.5476 	EXP 	New trial (rep=0, index=3): OrderedDict([('sliderID', 4), ('sliderText', 'How much do you want to continue playing with Lukas?'), ('sliderMin', 'not at all'), ('sliderMax', 'very much'), ('sliderChoices', '1 2 3 4 5 6 7')])
50.5801 	EXP 	Created rating = RatingScale(__class__=type(...), acceptKeys=['return'], acceptPreText=UNKNOWN, acceptSize=UNKNOWN, acceptText='accept?', autoLog=True, choices=False, depth=0, disappear=False, flipVert=False, high=7, kwargs=UNKNOWN, labels=list(...), leftKeys=['left'], lineColor='White', low=1, marker=ShapeStim(...), markerColor='DarkRed', markerExpansion=UNKNOWN, markerStart=4.0, maxTime=0.0, minTime=0.4, mouseOnly=False, name='rating', noMouse=False, pos=[0.0, -0.2], precision=1, respKeys=['1', '2', '3', '4', '5', '6', '7'], rightKeys=['right'], scale=str(...), self=UNKNOWN, showAccept=True, showValue=True, singleClick=False, size=0.6, skipKeys=['tab'], stretch=1.0, textColor='LightGray', textFont='Helvetica Bold', textSize=0.12, tickHeight=-1, tickMarks=6.0, win=Window(...))
50.5810 	EXP 	RatingScale rating: reset()
50.5989 	EXP 	cB_11: autoDraw = False
50.5989 	EXP 	rating: autoDraw = False
50.5989 	EXP 	rating: flipVert = False
50.5989 	EXP 	rating: autoLog = True
50.5989 	EXP 	cB_11: autoDraw = True
50.5989 	EXP 	rating: autoDraw = True
51.0594 	DATA 	Keypress: left
51.2451 	DATA 	Keypress: left
51.7050 	DATA 	Keypress: right
52.0277 	DATA 	Keypress: return
52.0299 	DATA 	RatingScale rating: (key response) rating=3
52.0300 	DATA 	RatingScale rating: rating RT=1.448
52.0300 	DATA 	RatingScale rating: history=[(4.0, 0.0), (3, 0.48), (2, 0.666), (3, 1.126), (3, 1.448)]
52.0454 	EXP 	New trial (rep=0, index=4): OrderedDict([('sliderID', 5), ('sliderText', 'How do you feel?'), ('sliderMin', 'negative'), ('sliderMax', 'positive'), ('sliderChoices', '1 2 3 4 5 6 7')])
52.0728 	EXP 	Created rating = RatingScale(__class__=type(...), acceptKeys=['return'], acceptPreText=UNKNOWN, acceptSize=UNKNOWN, acceptText='accept?', autoLog=True, choices=False, depth=0, disappear=False, flipVert=False, high=7, kwargs=UNKNOWN, labels=list(...), leftKeys=['left'], lineColor='White', low=1, marker=ShapeStim(...), markerColor='DarkRed', markerExpansion=UNKNOWN, markerStart=4.0, maxTime=0.0, minTime=0.4, mouseOnly=False, name='rating', noMouse=False, pos=[0.0, -0.2], precision=1, respKeys=['1', '2', '3', '4', '5', '6', '7'], rightKeys=['right'], scale='How do you feel?', self=UNKNOWN, showAccept=True, showValue=True, singleClick=False, size=0.6, skipKeys=['tab'], stretch=1.0, textColor='LightGray', textFont='Helvetica Bold', textSize=0.12, tickHeight=-1, tickMarks=6.0, win=Window(...))
52.0737 	EXP 	RatingScale rating: reset()
52.0956 	EXP 	cB_11: autoDraw = False
52.0956 	EXP 	rating: autoDraw = False
52.0956 	EXP 	rating: flipVert = False
52.0956 	EXP 	rating: autoLog = True
52.0956 	EXP 	cB_11: autoDraw = True
52.0956 	EXP 	rating: autoDraw = True
53.0322 	DATA 	Keypress: return
53.0340 	DATA 	RatingScale rating: (key response) rating=4
53.0341 	DATA 	RatingScale rating: rating RT=0.960
53.0341 	DATA 	RatingScale rating: history=[(4.0, 0.0), (4, 0.96)]
53.0493 	EXP 	New trial (rep=0, index=5): OrderedDict([('sliderID', 6), ('sliderText', 'How activated are you right now?'), ('sliderMin', 'low'), ('sliderMax', 'high'), ('sliderChoices', '1 2 3 4 5 6 7')])
53.0760 	EXP 	Created rating = RatingScale(__class__=type(...), acceptKeys=['return'], acceptPreText=UNKNOWN, acceptSize=UNKNOWN, acceptText='accept?', autoLog=True, choices=False, depth=0, disappear=False, flipVert=False, high=7, kwargs=UNKNOWN, labels=list(...), leftKeys=['left'], lineColor='White', low=1, marker=ShapeStim(...), markerColor='DarkRed', markerExpansion=UNKNOWN, markerStart=4.0, maxTime=0.0, minTime=0.4, mouseOnly=False, name='rating', noMouse=False, pos=[0.0, -0.2], precision=1, respKeys=['1', '2', '3', '4', '5', '6', '7'], rightKeys=['right'], scale='How activated are you right now?', self=UNKNOWN, showAccept=True, showValue=True, singleClick=False, size=0.6, skipKeys=['tab'], stretch=1.0, textColor='LightGray', textFont='Helvetica Bold', textSize=0.12, tickHeight=-1, tickMarks=6.0, win=Window(...))
53.0768 	EXP 	RatingScale rating: reset()
53.0992 	EXP 	cB_11: autoDraw = False
53.0992 	EXP 	rating: autoDraw = False
53.0992 	EXP 	rating: flipVert = False
53.0992 	EXP 	rating: autoLog = True
53.0992 	EXP 	cB_11: autoDraw = True
53.0992 	EXP 	rating: autoDraw = True
53.3743 	DATA 	Keypress: return
53.7305 	DATA 	Keypress: return
53.7306 	DATA 	RatingScale rating: (key response) rating=4
53.7307 	DATA 	RatingScale rating: rating RT=0.653
53.7307 	DATA 	RatingScale rating: history=[(4.0, 0.0), (4, 0.653)]
53.7476 	EXP 	Created sequence: random, trialTypes=1, nReps=4, seed=None
53.7478 	EXP 	New trial (rep=0, index=0): None
53.7634 	EXP 	cB_11: autoDraw = False
53.7634 	EXP 	rating: autoDraw = False
53.7634 	EXP 	cB_9: autoDraw = True
54.2593 	EXP 	New trial (rep=1, index=0): None
54.2755 	EXP 	cB_9: autoDraw = False
54.2755 	EXP 	cB_9: autoDraw = True
54.7529 	EXP 	New trial (rep=2, index=0): None
54.7688 	EXP 	cB_9: autoDraw = False
54.7688 	EXP 	cB_9: autoDraw = True
55.2638 	EXP 	New trial (rep=3, index=0): None
55.2798 	EXP 	cB_9: autoDraw = False
55.2798 	EXP 	cB_9: autoDraw = True
55.7739 	EXP 	cB_9: autoDraw = False
55.7739 	EXP 	cbBuf: autoDraw = True
55.9430 	EXP 	fixCross: autoDraw = True
56.4570 	EXP 	fixCross: autoDraw = False
56.6604 	EXP 	New trial (rep=1, index=0): OrderedDict([('playerId', 'Paul'), ('avatarFile', 'images/avatar1.jpg'), ('choiceLabel', 'reciprocate'), ('actionLabel', 1), ('actionRound', 1)])
56.6845 	EXP 	Imported contitions.xlsx as conditions, 1 conditions, 5 params
56.6850 	EXP 	Created sequence: random, trialTypes=1, nReps=1, seed=None
56.6854 	EXP 	New trial (rep=0, index=0): OrderedDict([('playerId', 'Paul'), ('avatarFile', 'images/avatar1.jpg'), ('choiceLabel', 'reciprocate'), ('actionLabel', 1), ('actionRound', 1)])
56.7504 	EXP 	RatingScale sbChoice: reset()
56.7670 	EXP 	cbBuf: autoDraw = False
56.7670 	EXP 	fixCross: autoDraw = False
56.7670 	EXP 	text: text = 'This round you are playing with Paul!'
56.7670 	EXP 	imagesbRnd: image = 'images/avatar1.jpg'
56.7670 	EXP 	cB_8: autoDraw = True
56.7670 	EXP 	text: autoDraw = True
56.7670 	EXP 	imagesbRnd: autoDraw = True
56.7670 	EXP 	sbChoice: autoDraw = True
58.2603 	DATA 	Keypress: return
58.2636 	DATA 	RatingScale sbChoice: (key response) rating=5
58.2636 	DATA 	RatingScale sbChoice: rating RT=1.513
58.2636 	DATA 	RatingScale sbChoice: history=[('5', 0.0), ('5', 1.513)]
58.2940 	EXP 	cB_8: autoDraw = False
58.2940 	EXP 	text: autoDraw = False
58.2940 	EXP 	imagesbRnd: autoDraw = False
58.2940 	EXP 	sbChoice: autoDraw = False
58.2940 	EXP 	cB_9: autoDraw = True
58.8059 	EXP 	cB_9: autoDraw = False
58.8059 	EXP 	textFb: text = 'Paul has decided to reciprocate \nYou receive 5 credits'
58.8059 	EXP 	cbFb: autoDraw = True
58.8059 	EXP 	textFb: autoDraw = True
59.5046 	DATA 	Keypress: escape
59.7486 	EXP 	window1: mouseVisible = True
