2.6085 	WARNING 	Import Error: No module named 'psychtoolbox'. Using event module for keyboard component.
4.2360 	WARNING 	User requested fullscreen with size [1024  768], but screen is actually [1680, 1050]. Using actual size
5.2288 	EXP 	Created window1 = Window(allowGUI=True, allowStencil=False, args=UNKNOWN, autoLog=True, bitsMode=UNKNOWN, blendMode='avg', color=array([0., 0., 0.]), colorSpace='rgb', fullscr=<method-wrapper '__getattribute__' of attributeSetter object at 0x0A71A170>, gamma=None, gammaErrorPolicy='raise', kwargs=UNKNOWN, lms=UNKNOWN, monitor=<psychopy.monitors.calibTools.Monitor object at 0x08005E50>, multiSample=False, name='window1', numSamples=2, pos=[0.0, 0.0], screen=0, size=array([1680, 1050]), stereo=False, units='height', useFBO=True, useRetina=False, viewOri=0.0, viewPos=None, viewScale=None, waitBlanking=True, winType='pyglet')
5.2289 	EXP 	window1: recordFrameIntervals = False
5.3979 	EXP 	window1: recordFrameIntervals = True
5.5853 	EXP 	window1: recordFrameIntervals = False
5.5882 	EXP 	Created cB_1 = Rect(__class__=<class 'psychopy.visual.rect.Rect'>, autoDraw=False, autoLog=True, closeShape=True, color=method-wrapper(...), colorSpace=None, contrast=1.0, depth=-1.0, fillColor=array([-1., -1., -1.]), fillColorSpace='rgb', fillRGB=array([-1., -1., -1.]), interpolate=True, lineColor=array([1., 1., 1.]), lineColorSpace='rgb', lineRGB=array([1., 1., 1.]), lineWidth=1, name='cB_1', opacity=1.0, ori=array(0.), pos=array([0., 0.]), size=array([1., 1.]), units='height', vertices=ndarray(...), win=Window(...))
5.7431 	EXP 	Created textWelcome = TextStim(__class__=<class 'psychopy.visual.text.TextStim'>, alignHoriz='center', alignVert='center', antialias=True, autoLog=True, bold=False, color='white', colorSpace='named', contrast=1.0, depth=-2.0, flipHoriz=False, flipVert=False, font='Arial', fontFiles=[], height=0.03, italic=False, languageStyle='LTR', name='textWelcome', opacity=1.0, ori=0, pos=array([0., 0.]), rgb=array([255., 255., 255.]), text=str(...), units='height', win=Window(...), wrapWidth=1)
5.7446 	EXP 	Created cB_2 = Rect(__class__=<class 'psychopy.visual.rect.Rect'>, autoDraw=False, autoLog=True, closeShape=True, color=method-wrapper(...), colorSpace=None, contrast=1.0, depth=-1.0, fillColor=array([-1., -1., -1.]), fillColorSpace='rgb', fillRGB=array([-1., -1., -1.]), interpolate=True, lineColor=array([1., 1., 1.]), lineColorSpace='rgb', lineRGB=array([1., 1., 1.]), lineWidth=1, name='cB_2', opacity=1.0, ori=array(0.), pos=array([0., 0.]), size=array([1., 1.]), units='height', vertices=ndarray(...), win=Window(...))
5.8337 	EXP 	Created textInstructions = TextStim(__class__=<class 'psychopy.visual.text.TextStim'>, alignHoriz='center', alignVert='center', antialias=True, autoLog=True, bold=False, color='white', colorSpace='named', contrast=1.0, depth=-2.0, flipHoriz=False, flipVert=False, font='Arial', fontFiles=[], height=0.03, italic=False, languageStyle='LTR', name='textInstructions', opacity=1.0, ori=0, pos=array([0., 0.]), rgb=array([255., 255., 255.]), text=str(...), units='height', win=Window(...), wrapWidth=1)
5.8353 	EXP 	Created cB_12 = Rect(__class__=<class 'psychopy.visual.rect.Rect'>, autoDraw=False, autoLog=True, closeShape=True, color=method-wrapper(...), colorSpace=None, contrast=1.0, depth=0.0, fillColor=array([-1., -1., -1.]), fillColorSpace='rgb', fillRGB=array([-1., -1., -1.]), interpolate=True, lineColor=array([1., 1., 1.]), lineColorSpace='rgb', lineRGB=array([1., 1., 1.]), lineWidth=1, name='cB_12', opacity=1.0, ori=array(0.), pos=array([0., 0.]), size=array([1., 1.]), units='height', vertices=ndarray(...), win=Window(...))
5.9559 	EXP 	Created textInstructions_2 = TextStim(__class__=<class 'psychopy.visual.text.TextStim'>, alignHoriz='center', alignVert='center', antialias=True, autoLog=True, bold=False, color='white', colorSpace='named', contrast=1.0, depth=-1.0, flipHoriz=False, flipVert=False, font='Arial', fontFiles=[], height=0.03, italic=False, languageStyle='LTR', name='textInstructions_2', opacity=1.0, ori=0, pos=array([0., 0.]), rgb=array([255., 255., 255.]), text=str(...), units='height', win=Window(...), wrapWidth=1)
5.9574 	EXP 	Created cB = Rect(__class__=<class 'psychopy.visual.rect.Rect'>, autoDraw=False, autoLog=True, closeShape=True, color=method-wrapper(...), colorSpace=None, contrast=1.0, depth=0.0, fillColor=array([-1., -1., -1.]), fillColorSpace='rgb', fillRGB=array([-1., -1., -1.]), interpolate=True, lineColor=array([1., 1., 1.]), lineColorSpace='rgb', lineRGB=array([1., 1., 1.]), lineWidth=1, name='cB', opacity=1.0, ori=array(0.), pos=array([0., 0.]), size=array([1., 1.]), units='height', vertices=ndarray(...), win=Window(...))
6.0063 	EXP 	Created displayText = TextStim(__class__=<class 'psychopy.visual.text.TextStim'>, alignHoriz='center', alignVert='center', antialias=True, autoLog=True, bold=False, color='white', colorSpace='named', contrast=1.0, depth=-2.0, flipHoriz=False, flipVert=False, font='Arial', fontFiles=[], height=0.04, italic=False, languageStyle='LTR', name='displayText', opacity=1.0, ori=0, pos=array([0. , 0.1]), rgb=array([255., 255., 255.]), text=str(...), units='height', win=Window(...), wrapWidth=1)
6.0075 	EXP 	Created copyText = TextStim(__class__=<class 'psychopy.visual.text.TextStim'>, alignHoriz='center', alignVert='center', antialias=True, autoLog=True, bold=False, color='white', colorSpace='named', contrast=1.0, depth=-3.0, flipHoriz=False, flipVert=False, font='Arial', fontFiles=[], height=0.05, italic=False, languageStyle='LTR', name='copyText', opacity=1.0, ori=0, pos=array([ 0. , -0.1]), rgb=array([255., 255., 255.]), text='', units='height', win=Window(...), wrapWidth=1)
6.0090 	EXP 	Created cB_3 = Rect(__class__=<class 'psychopy.visual.rect.Rect'>, autoDraw=False, autoLog=True, closeShape=True, color=method-wrapper(...), colorSpace=None, contrast=1.0, depth=-1.0, fillColor=array([-1., -1., -1.]), fillColorSpace='rgb', fillRGB=array([-1., -1., -1.]), interpolate=True, lineColor=array([1., 1., 1.]), lineColorSpace='rgb', lineRGB=array([1., 1., 1.]), lineWidth=1, name='cB_3', opacity=1.0, ori=array(0.), pos=array([0., 0.]), size=array([1., 1.]), units='height', vertices=ndarray(...), win=Window(...))
6.0410 	EXP 	Created textServer = TextStim(__class__=<class 'psychopy.visual.text.TextStim'>, alignHoriz='center', alignVert='center', antialias=True, autoLog=True, bold=False, color='white', colorSpace='named', contrast=1.0, depth=-2.0, flipHoriz=False, flipVert=False, font='Arial', fontFiles=[], height=0.03, italic=False, languageStyle='LTR', name='textServer', opacity=1.0, ori=0, pos=array([0., 0.]), rgb=array([255., 255., 255.]), text=str(...), units='height', win=Window(...), wrapWidth=1)
6.0424 	EXP 	Created cB_4 = Rect(__class__=<class 'psychopy.visual.rect.Rect'>, autoDraw=False, autoLog=True, closeShape=True, color=method-wrapper(...), colorSpace=None, contrast=1.0, depth=0.0, fillColor=array([-1., -1., -1.]), fillColorSpace='rgb', fillRGB=array([-1., -1., -1.]), interpolate=True, lineColor=array([1., 1., 1.]), lineColorSpace='rgb', lineRGB=array([1., 1., 1.]), lineWidth=1, name='cB_4', opacity=1.0, ori=array(0.), pos=array([0., 0.]), size=array([1., 1.]), units='height', vertices=ndarray(...), win=Window(...))
6.0474 	EXP 	Created text_1 = TextStim(__class__=<class 'psychopy.visual.text.TextStim'>, alignHoriz='center', alignVert='center', antialias=True, autoLog=True, bold=False, color='white', colorSpace='named', contrast=1.0, depth=-1.0, flipHoriz=False, flipVert=False, font='Arial', fontFiles=[], height=0.03, italic=False, languageStyle='LTR', name='text_1', opacity=1.0, ori=0, pos=array([0., 0.]), rgb=array([255., 255., 255.]), text='connecting      ', units='height', win=Window(...), wrapWidth=1)
6.0528 	EXP 	Created text_2 = TextStim(__class__=<class 'psychopy.visual.text.TextStim'>, alignHoriz='center', alignVert='center', antialias=True, autoLog=True, bold=False, color='white', colorSpace='named', contrast=1.0, depth=-2.0, flipHoriz=False, flipVert=False, font='Arial', fontFiles=[], height=0.03, italic=False, languageStyle='LTR', name='text_2', opacity=1.0, ori=0, pos=array([0., 0.]), rgb=array([255., 255., 255.]), text='connecting .    ', units='height', win=Window(...), wrapWidth=1)
6.0581 	EXP 	Created text_3 = TextStim(__class__=<class 'psychopy.visual.text.TextStim'>, alignHoriz='center', alignVert='center', antialias=True, autoLog=True, bold=False, color='white', colorSpace='named', contrast=1.0, depth=-3.0, flipHoriz=False, flipVert=False, font='Arial', fontFiles=[], height=0.03, italic=False, languageStyle='LTR', name='text_3', opacity=1.0, ori=0, pos=array([0., 0.]), rgb=array([255., 255., 255.]), text='connecting . .  ', units='height', win=Window(...), wrapWidth=1)
6.0641 	EXP 	Created text_4 = TextStim(__class__=<class 'psychopy.visual.text.TextStim'>, alignHoriz='center', alignVert='center', antialias=True, autoLog=True, bold=False, color='white', colorSpace='named', contrast=1.0, depth=-4.0, flipHoriz=False, flipVert=False, font='Arial', fontFiles=[], height=0.03, italic=False, languageStyle='LTR', name='text_4', opacity=1.0, ori=0, pos=array([0., 0.]), rgb=array([255., 255., 255.]), text='connecting . . .', units='height', win=Window(...), wrapWidth=1)
6.0656 	EXP 	Created cB_5 = Rect(__class__=<class 'psychopy.visual.rect.Rect'>, autoDraw=False, autoLog=True, closeShape=True, color=method-wrapper(...), colorSpace=None, contrast=1.0, depth=0.0, fillColor=array([-1., -1., -1.]), fillColorSpace='rgb', fillRGB=array([-1., -1., -1.]), interpolate=True, lineColor=array([1., 1., 1.]), lineColorSpace='rgb', lineRGB=array([1., 1., 1.]), lineWidth=1, name='cB_5', opacity=1.0, ori=array(0.), pos=array([0., 0.]), size=array([1., 1.]), units='height', vertices=ndarray(...), win=Window(...))
6.0696 	EXP 	Created idle = TextStim(__class__=<class 'psychopy.visual.text.TextStim'>, alignHoriz='center', alignVert='center', antialias=True, autoLog=True, bold=False, color='white', colorSpace='named', contrast=1.0, depth=-1.0, flipHoriz=False, flipVert=False, font='Arial', fontFiles=[], height=0.03, italic=False, languageStyle='LTR', name='idle', opacity=1.0, ori=0, pos=array([0., 0.]), rgb=array([255., 255., 255.]), text='found', units='height', win=Window(...), wrapWidth=1)
6.0746 	EXP 	Created idle_2 = TextStim(__class__=<class 'psychopy.visual.text.TextStim'>, alignHoriz='center', alignVert='center', antialias=True, autoLog=True, bold=False, color='white', colorSpace='named', contrast=1.0, depth=-2.0, flipHoriz=False, flipVert=False, font='Arial', fontFiles=[], height=0.03, italic=False, languageStyle='LTR', name='idle_2', opacity=1.0, ori=0, pos=array([0., 0.]), rgb=array([255., 255., 255.]), text='init proc     ', units='height', win=Window(...), wrapWidth=1)
6.0818 	EXP 	Created idle_3 = TextStim(__class__=<class 'psychopy.visual.text.TextStim'>, alignHoriz='center', alignVert='center', antialias=True, autoLog=True, bold=False, color='white', colorSpace='named', contrast=1.0, depth=-3.0, flipHoriz=False, flipVert=False, font='Arial', fontFiles=[], height=0.03, italic=False, languageStyle='LTR', name='idle_3', opacity=1.0, ori=0, pos=array([0., 0.]), rgb=array([255., 255., 255.]), text='init proc 2141', units='height', win=Window(...), wrapWidth=1)
6.0875 	EXP 	Created idle_4 = TextStim(__class__=<class 'psychopy.visual.text.TextStim'>, alignHoriz='center', alignVert='center', antialias=True, autoLog=True, bold=False, color='white', colorSpace='named', contrast=1.0, depth=-4.0, flipHoriz=False, flipVert=False, font='Arial', fontFiles=[], height=0.03, italic=False, languageStyle='LTR', name='idle_4', opacity=1.0, ori=0, pos=array([0., 0.]), rgb=array([255., 255., 255.]), text='init proc 2215', units='height', win=Window(...), wrapWidth=1)
6.0953 	EXP 	Created idle_5 = TextStim(__class__=<class 'psychopy.visual.text.TextStim'>, alignHoriz='center', alignVert='center', antialias=True, autoLog=True, bold=False, color='white', colorSpace='named', contrast=1.0, depth=-5.0, flipHoriz=False, flipVert=False, font='Arial', fontFiles=[], height=0.03, italic=False, languageStyle='LTR', name='idle_5', opacity=1.0, ori=0, pos=array([0., 0.]), rgb=array([255., 255., 255.]), text='init proc 3229', units='height', win=Window(...), wrapWidth=1)
6.1011 	EXP 	Created idle_6 = TextStim(__class__=<class 'psychopy.visual.text.TextStim'>, alignHoriz='center', alignVert='center', antialias=True, autoLog=True, bold=False, color='white', colorSpace='named', contrast=1.0, depth=-6.0, flipHoriz=False, flipVert=False, font='Arial', fontFiles=[], height=0.03, italic=False, languageStyle='LTR', name='idle_6', opacity=1.0, ori=0, pos=array([0., 0.]), rgb=array([255., 255., 255.]), text='init proc 4325', units='height', win=Window(...), wrapWidth=1)
6.1065 	EXP 	Created idle_7 = TextStim(__class__=<class 'psychopy.visual.text.TextStim'>, alignHoriz='center', alignVert='center', antialias=True, autoLog=True, bold=False, color='white', colorSpace='named', contrast=1.0, depth=-7.0, flipHoriz=False, flipVert=False, font='Arial', fontFiles=[], height=0.03, italic=False, languageStyle='LTR', name='idle_7', opacity=1.0, ori=0, pos=array([0., 0.]), rgb=array([255., 255., 255.]), text='init proc 1337', units='height', win=Window(...), wrapWidth=1)
6.1113 	EXP 	Created ilde_8 = TextStim(__class__=<class 'psychopy.visual.text.TextStim'>, alignHoriz='center', alignVert='center', antialias=True, autoLog=True, bold=False, color='white', colorSpace='named', contrast=1.0, depth=-8.0, flipHoriz=False, flipVert=False, font='Arial', fontFiles=[], height=0.03, italic=False, languageStyle='LTR', name='ilde_8', opacity=1.0, ori=0, pos=array([0., 0.]), rgb=array([255., 255., 255.]), text='buffering      ', units='height', win=Window(...), wrapWidth=1)
6.1162 	EXP 	Created idle_9 = TextStim(__class__=<class 'psychopy.visual.text.TextStim'>, alignHoriz='center', alignVert='center', antialias=True, autoLog=True, bold=False, color='white', colorSpace='named', contrast=1.0, depth=-9.0, flipHoriz=False, flipVert=False, font='Arial', fontFiles=[], height=0.03, italic=False, languageStyle='LTR', name='idle_9', opacity=1.0, ori=0, pos=array([0., 0.]), rgb=array([255., 255., 255.]), text='buffering .    ', units='height', win=Window(...), wrapWidth=1)
6.1211 	EXP 	Created idle_10 = TextStim(__class__=<class 'psychopy.visual.text.TextStim'>, alignHoriz='center', alignVert='center', antialias=True, autoLog=True, bold=False, color='white', colorSpace='named', contrast=1.0, depth=-10.0, flipHoriz=False, flipVert=False, font='Arial', fontFiles=[], height=0.03, italic=False, languageStyle='LTR', name='idle_10', opacity=1.0, ori=0, pos=array([0., 0.]), rgb=array([255., 255., 255.]), text='buffering . .  ', units='height', win=Window(...), wrapWidth=1)
6.1267 	EXP 	Created idle_11 = TextStim(__class__=<class 'psychopy.visual.text.TextStim'>, alignHoriz='center', alignVert='center', antialias=True, autoLog=True, bold=False, color='white', colorSpace='named', contrast=1.0, depth=-11.0, flipHoriz=False, flipVert=False, font='Arial', fontFiles=[], height=0.03, italic=False, languageStyle='LTR', name='idle_11', opacity=1.0, ori=0, pos=array([0., 0.]), rgb=array([255., 255., 255.]), text='buffering . . .', units='height', win=Window(...), wrapWidth=1)
6.1363 	EXP 	Created idle_12 = TextStim(__class__=<class 'psychopy.visual.text.TextStim'>, alignHoriz='center', alignVert='center', antialias=True, autoLog=True, bold=False, color='white', colorSpace='named', contrast=1.0, depth=-12.0, flipHoriz=False, flipVert=False, font='Arial', fontFiles=[], height=0.03, italic=False, languageStyle='LTR', name='idle_12', opacity=1.0, ori=0, pos=array([0., 0.]), rgb=array([255., 255., 255.]), text='run /serv/234_1/sd connect', units='height', win=Window(...), wrapWidth=1)
6.1380 	EXP 	Created cB_6 = Rect(__class__=<class 'psychopy.visual.rect.Rect'>, autoDraw=False, autoLog=True, closeShape=True, color=method-wrapper(...), colorSpace=None, contrast=1.0, depth=-1.0, fillColor=array([-1., -1., -1.]), fillColorSpace='rgb', fillRGB=array([-1., -1., -1.]), interpolate=True, lineColor=array([1., 1., 1.]), lineColorSpace='rgb', lineRGB=array([1., 1., 1.]), lineWidth=1, name='cB_6', opacity=1.0, ori=array(0.), pos=array([0., 0.]), size=array([1., 1.]), units='height', vertices=ndarray(...), win=Window(...))
6.1445 	EXP 	Created sBInstructions = TextStim(__class__=<class 'psychopy.visual.text.TextStim'>, alignHoriz='center', alignVert='center', antialias=True, autoLog=True, bold=False, color='white', colorSpace='named', contrast=1.0, depth=-2.0, flipHoriz=False, flipVert=False, font='Arial', fontFiles=[], height=0.03, italic=False, languageStyle='LTR', name='sBInstructions', opacity=1.0, ori=0, pos=array([0., 0.]), rgb=array([255., 255., 255.]), text='default text', units='height', win=Window(...), wrapWidth=1)
6.1461 	EXP 	Created cB_8 = Rect(__class__=<class 'psychopy.visual.rect.Rect'>, autoDraw=False, autoLog=True, closeShape=True, color=method-wrapper(...), colorSpace=None, contrast=1.0, depth=0.0, fillColor=array([-1., -1., -1.]), fillColorSpace='rgb', fillRGB=array([-1., -1., -1.]), interpolate=True, lineColor=array([1., 1., 1.]), lineColorSpace='rgb', lineRGB=array([1., 1., 1.]), lineWidth=1, name='cB_8', opacity=1.0, ori=array(0.), pos=array([0., 0.]), size=array([1., 1.]), units='height', vertices=ndarray(...), win=Window(...))
6.1613 	EXP 	Created text = TextStim(__class__=<class 'psychopy.visual.text.TextStim'>, alignHoriz='center', alignVert='center', antialias=True, autoLog=True, bold=False, color='white', colorSpace='named', contrast=1.0, depth=-1.0, flipHoriz=False, flipVert=False, font='Arial', fontFiles=[], height=0.05, italic=False, languageStyle='LTR', name='text', opacity=1.0, ori=0, pos=array([0., 0.]), rgb=array([255., 255., 255.]), text='default text', units='height', win=Window(...), wrapWidth=1)
6.1674 	EXP 	Created imagesbRnd = ImageStim(__class__=<class 'psychopy.visual.image.ImageStim'>, autoLog=True, color=array([1., 1., 1.]), colorSpace='rgb', contrast=1.0, depth=-2.0, flipHoriz=False, flipVert=False, image='sin', interpolate=True, mask=None, maskParams=None, name='imagesbRnd', opacity=1.0, ori=0.0, pos=array([0.  , 0.25]), size=array([0.2, 0.2]), texRes=128, units='height', win=Window(...))
6.2372 	EXP 	Created sbChoice = RatingScale(__class__=type(...), acceptKeys=['return'], acceptPreText=UNKNOWN, acceptSize=UNKNOWN, acceptText='accept?', autoLog=True, choices=list(...), depth=0, disappear=False, flipVert=False, high=10, kwargs=UNKNOWN, labels=list(...), leftKeys=['left'], lineColor='White', low=0, marker=ShapeStim(...), markerColor='DarkBlue', markerExpansion=UNKNOWN, markerStart=5.0, maxTime=0.0, minTime=0.4, mouseOnly=False, name='sbChoice', noMouse=False, pos=[0.0, -0.4], precision=1, respKeys=[], rightKeys=['right'], scale='<default>', self=UNKNOWN, showAccept=True, showValue=True, singleClick=False, size=0.6, skipKeys=['tab'], stretch=1.0, textColor='LightGray', textFont='Helvetica Bold', textSize=0.12, tickHeight=-1, tickMarks=10.0, win=Window(...))
6.2563 	EXP 	Created text_6 = TextStim(__class__=<class 'psychopy.visual.text.TextStim'>, alignHoriz='center', alignVert='center', antialias=True, autoLog=True, bold=False, color='white', colorSpace='named', contrast=1.0, depth=-5.0, flipHoriz=False, flipVert=False, font='Arial', fontFiles=[], height=0.025, italic=False, languageStyle='LTR', name='text_6', opacity=1.0, ori=0, pos=array([ 0. , -0.1]), rgb=array([255., 255., 255.]), text=' How much do you want to invest?', units='height', win=Window(...), wrapWidth=1)
6.2578 	EXP 	Created cB_9 = Rect(__class__=<class 'psychopy.visual.rect.Rect'>, autoDraw=False, autoLog=True, closeShape=True, color=method-wrapper(...), colorSpace=None, contrast=1.0, depth=-1.0, fillColor=array([-1., -1., -1.]), fillColorSpace='rgb', fillRGB=array([-1., -1., -1.]), interpolate=True, lineColor=array([1., 1., 1.]), lineColorSpace='rgb', lineRGB=array([1., 1., 1.]), lineWidth=1, name='cB_9', opacity=1.0, ori=array(0.), pos=array([0., 0.]), size=array([1., 1.]), units='height', vertices=ndarray(...), win=Window(...))
6.2653 	EXP 	Created text_7 = TextStim(__class__=<class 'psychopy.visual.text.TextStim'>, alignHoriz='center', alignVert='center', antialias=True, autoLog=True, bold=False, color='white', colorSpace='named', contrast=1.0, depth=-2.0, flipHoriz=False, flipVert=False, font='Arial', fontFiles=[], height=0.04, italic=False, languageStyle='LTR', name='text_7', opacity=1.0, ori=0, pos=array([0., 0.]), rgb=array([255., 255., 255.]), text='default text', units='height', win=Window(...), wrapWidth=1)
6.2670 	EXP 	Created cbFb = Rect(__class__=<class 'psychopy.visual.rect.Rect'>, autoDraw=False, autoLog=True, closeShape=True, color=method-wrapper(...), colorSpace=None, contrast=1.0, depth=-1.0, fillColor=array([-1., -1., -1.]), fillColorSpace='rgb', fillRGB=array([-1., -1., -1.]), interpolate=True, lineColor=array([1., 1., 1.]), lineColorSpace='rgb', lineRGB=array([1., 1., 1.]), lineWidth=1, name='cbFb', opacity=1.0, ori=array(0.), pos=array([0., 0.]), size=array([1., 1.]), units='height', vertices=ndarray(...), win=Window(...))
6.2728 	EXP 	Created textFb = TextStim(__class__=<class 'psychopy.visual.text.TextStim'>, alignHoriz='center', alignVert='center', antialias=True, autoLog=True, bold=False, color='white', colorSpace='named', contrast=1.0, depth=-2.0, flipHoriz=False, flipVert=False, font='Arial', fontFiles=[], height=0.03, italic=False, languageStyle='LTR', name='textFb', opacity=1.0, ori=0, pos=array([0., 0.]), rgb=array([255., 255., 255.]), text='default text', units='height', win=Window(...), wrapWidth=1)
6.2743 	EXP 	Created cbBuf = Rect(__class__=<class 'psychopy.visual.rect.Rect'>, autoDraw=False, autoLog=True, closeShape=True, color=method-wrapper(...), colorSpace=None, contrast=1.0, depth=0.0, fillColor=array([-1., -1., -1.]), fillColorSpace='rgb', fillRGB=array([-1., -1., -1.]), interpolate=True, lineColor=array([1., 1., 1.]), lineColorSpace='rgb', lineRGB=array([1., 1., 1.]), lineWidth=1, name='cbBuf', opacity=1.0, ori=array(0.), pos=array([0., 0.]), size=array([1., 1.]), units='height', vertices=ndarray(...), win=Window(...))
6.2761 	EXP 	Created fixCross = ShapeStim(__class__=<class 'psychopy.visual.shape.ShapeStim'>, autoDraw=False, autoLog=True, closeShape=True, contrast=1.0, depth=-1.0, fillColor=array([1., 1., 1.]), fillColorSpace='rgb', interpolate=True, lineColor=array([1., 1., 1.]), lineColorSpace='rgb', lineWidth=1, name='fixCross', opacity=1.0, ori=array(0.), pos=array([0., 0.]), size=array([0.1, 0.1]), units='height', vertices=ndarray(...), win=Window(...), windingRule=None)
6.2775 	EXP 	Created cB_11 = Rect(__class__=<class 'psychopy.visual.rect.Rect'>, autoDraw=False, autoLog=True, closeShape=True, color=method-wrapper(...), colorSpace=None, contrast=1.0, depth=0.0, fillColor=array([-1., -1., -1.]), fillColorSpace='rgb', fillRGB=array([-1., -1., -1.]), interpolate=True, lineColor=array([1., 1., 1.]), lineColorSpace='rgb', lineRGB=array([1., 1., 1.]), lineWidth=1, name='cB_11', opacity=1.0, ori=array(0.), pos=array([0., 0.]), size=array([1., 1.]), units='height', vertices=ndarray(...), win=Window(...))
6.3003 	EXP 	Created rating = RatingScale(__class__=type(...), acceptKeys=['return'], acceptPreText=UNKNOWN, acceptSize=UNKNOWN, acceptText='accept?', autoLog=True, choices=False, depth=0, disappear=False, flipVert=False, high=7, kwargs=UNKNOWN, labels=list(...), leftKeys=['left'], lineColor='White', low=1, marker=ShapeStim(...), markerColor='DarkBlue', markerExpansion=UNKNOWN, markerStart=None, maxTime=0.0, minTime=0.4, mouseOnly=False, name='rating', noMouse=False, pos=[0.0, -0.4], precision=1, respKeys=['1', '2', '3', '4', '5', '6', '7'], rightKeys=['right'], scale='', self=UNKNOWN, showAccept=True, showValue=True, singleClick=False, size=0.6, skipKeys=['tab'], stretch=1.0, textColor='LightGray', textFont='Helvetica Bold', textSize=0.12, tickHeight=1.0, tickMarks=6.0, win=Window(...))
6.3017 	EXP 	Created cB_9 = Rect(__class__=<class 'psychopy.visual.rect.Rect'>, autoDraw=False, autoLog=True, closeShape=True, color=method-wrapper(...), colorSpace=None, contrast=1.0, depth=-1.0, fillColor=array([-1., -1., -1.]), fillColorSpace='rgb', fillRGB=array([-1., -1., -1.]), interpolate=True, lineColor=array([1., 1., 1.]), lineColorSpace='rgb', lineRGB=array([1., 1., 1.]), lineWidth=1, name='cB_9', opacity=1.0, ori=array(0.), pos=array([0., 0.]), size=array([1., 1.]), units='height', vertices=ndarray(...), win=Window(...))
6.3078 	EXP 	Created text_7 = TextStim(__class__=<class 'psychopy.visual.text.TextStim'>, alignHoriz='center', alignVert='center', antialias=True, autoLog=True, bold=False, color='white', colorSpace='named', contrast=1.0, depth=-2.0, flipHoriz=False, flipVert=False, font='Arial', fontFiles=[], height=0.04, italic=False, languageStyle='LTR', name='text_7', opacity=1.0, ori=0, pos=array([0., 0.]), rgb=array([255., 255., 255.]), text='default text', units='height', win=Window(...), wrapWidth=1)
6.3094 	EXP 	Created cbBuf = Rect(__class__=<class 'psychopy.visual.rect.Rect'>, autoDraw=False, autoLog=True, closeShape=True, color=method-wrapper(...), colorSpace=None, contrast=1.0, depth=0.0, fillColor=array([-1., -1., -1.]), fillColorSpace='rgb', fillRGB=array([-1., -1., -1.]), interpolate=True, lineColor=array([1., 1., 1.]), lineColorSpace='rgb', lineRGB=array([1., 1., 1.]), lineWidth=1, name='cbBuf', opacity=1.0, ori=array(0.), pos=array([0., 0.]), size=array([1., 1.]), units='height', vertices=ndarray(...), win=Window(...))
6.3114 	EXP 	Created fixCross = ShapeStim(__class__=<class 'psychopy.visual.shape.ShapeStim'>, autoDraw=False, autoLog=True, closeShape=True, contrast=1.0, depth=-1.0, fillColor=array([1., 1., 1.]), fillColorSpace='rgb', interpolate=True, lineColor=array([1., 1., 1.]), lineColorSpace='rgb', lineWidth=1, name='fixCross', opacity=1.0, ori=array(0.), pos=array([0., 0.]), size=array([0.1, 0.1]), units='height', vertices=ndarray(...), win=Window(...), windingRule=None)
6.3130 	EXP 	Created cB_10 = Rect(__class__=<class 'psychopy.visual.rect.Rect'>, autoDraw=False, autoLog=True, closeShape=True, color=method-wrapper(...), colorSpace=None, contrast=1.0, depth=0.0, fillColor=array([-1., -1., -1.]), fillColorSpace='rgb', fillRGB=array([-1., -1., -1.]), interpolate=True, lineColor=array([1., 1., 1.]), lineColorSpace='rgb', lineRGB=array([1., 1., 1.]), lineWidth=1, name='cB_10', opacity=1.0, ori=array(0.), pos=array([0., 0.]), size=array([1., 1.]), units='height', vertices=ndarray(...), win=Window(...))
6.3314 	EXP 	Created sbEndText = TextStim(__class__=<class 'psychopy.visual.text.TextStim'>, alignHoriz='center', alignVert='center', antialias=True, autoLog=True, bold=False, color='white', colorSpace='named', contrast=1.0, depth=-1.0, flipHoriz=False, flipVert=False, font='Arial', fontFiles=[], height=0.04, italic=False, languageStyle='LTR', name='sbEndText', opacity=1.0, ori=0, pos=array([0., 0.]), rgb=array([255., 255., 255.]), text=str(...), units='height', win=Window(...), wrapWidth=1)
6.3481 	EXP 	sbChoice: flipVert = False
6.3481 	EXP 	sbChoice: autoLog = True
6.3481 	EXP 	rating: flipVert = False
6.3481 	EXP 	rating: autoLog = True
6.3481 	EXP 	cB_1: autoDraw = True
6.3481 	EXP 	textWelcome: autoDraw = True
8.3180 	DATA 	Keypress: 1
8.3343 	EXP 	cB_1: autoDraw = False
8.3343 	EXP 	textWelcome: autoDraw = False
8.3343 	EXP 	cB_2: autoDraw = True
8.3343 	EXP 	textInstructions: autoDraw = True
8.4878 	DATA 	Keypress: 1
8.5209 	EXP 	cB_2: autoDraw = False
8.5209 	EXP 	textInstructions: autoDraw = False
8.5209 	EXP 	cB_12: autoDraw = True
8.5209 	EXP 	textInstructions_2: autoDraw = True
8.6400 	DATA 	Keypress: 1
8.6567 	EXP 	cB_12: autoDraw = False
8.6567 	EXP 	textInstructions_2: autoDraw = False
8.6567 	EXP 	text: text = ''
8.6567 	EXP 	cB: autoDraw = True
8.6567 	EXP 	displayText: autoDraw = True
8.6567 	EXP 	copyText: autoDraw = True
8.7925 	DATA 	Keypress: 1
8.8111 	EXP 	text: text = '1'
8.8111 	EXP 	copyText: text = '1'
9.6448 	DATA 	Keypress: backspace
9.6614 	EXP 	text: text = ''
9.6614 	EXP 	copyText: text = ''
9.7822 	DATA 	Keypress: backspace
9.7990 	EXP 	text: text = ''
9.7990 	EXP 	copyText: text = ''
9.9682 	DATA 	Keypress: lshift
9.9848 	EXP 	copyText: text = ''
10.5795 	DATA 	Keypress: r
10.5984 	EXP 	text: text = 'R'
10.5984 	EXP 	copyText: text = 'R'
10.7005 	DATA 	Keypress: o
10.7205 	EXP 	text: text = 'Ro'
10.7205 	EXP 	copyText: text = 'Ro'
10.8867 	DATA 	Keypress: n
10.9063 	EXP 	text: text = 'Ron'
10.9063 	EXP 	copyText: text = 'Ron'
11.0229 	DATA 	Keypress: n
11.0399 	EXP 	text: text = 'Ronn'
11.0399 	EXP 	copyText: text = 'Ronn'
11.1425 	DATA 	Keypress: y
11.1641 	EXP 	text: text = 'Ronny'
11.1641 	EXP 	copyText: text = 'Ronny'
11.2775 	DATA 	Keypress: return
11.2941 	EXP 	copyText: text = 'Ronny'
11.2941 	EXP 	cB: autoDraw = False
11.2941 	EXP 	displayText: autoDraw = False
11.2941 	EXP 	copyText: autoDraw = False
11.2941 	EXP 	cB_3: autoDraw = True
11.2941 	EXP 	textServer: autoDraw = True
12.4567 	DATA 	Keypress: c
13.0062 	DATA 	Keypress: c
14.6411 	DATA 	Keypress: c
14.6417 	EXP 	Created sequence: sequential, trialTypes=1, nReps=1, seed=None
14.6419 	EXP 	New trial (rep=0, index=0): None
14.6577 	EXP 	cB_3: autoDraw = False
14.6577 	EXP 	textServer: autoDraw = False
14.6577 	EXP 	cB_4: autoDraw = True
14.6577 	EXP 	text_1: autoDraw = True
15.6335 	EXP 	text_2: autoDraw = True
15.6677 	EXP 	text_1: autoDraw = False
16.1307 	EXP 	text_3: autoDraw = True
16.1496 	EXP 	text_2: autoDraw = False
16.6249 	EXP 	text_4: autoDraw = True
16.6419 	EXP 	text_3: autoDraw = False
17.1398 	EXP 	text_4: autoDraw = False
17.1571 	EXP 	cB_4: autoDraw = False
17.1571 	EXP 	cB_4: autoDraw = False
17.1571 	EXP 	text_1: autoDraw = False
17.1571 	EXP 	text_2: autoDraw = False
17.1571 	EXP 	text_3: autoDraw = False
17.1571 	EXP 	text_4: autoDraw = False
17.1571 	EXP 	cB_5: autoDraw = True
17.3276 	EXP 	idle: autoDraw = True
17.6344 	EXP 	idle: autoDraw = False
17.6344 	EXP 	idle_2: autoDraw = True
17.8404 	EXP 	idle_2: autoDraw = False
17.8404 	EXP 	idle_3: autoDraw = True
17.9253 	EXP 	idle_3: autoDraw = False
17.9253 	EXP 	idle_4: autoDraw = True
18.0802 	EXP 	idle_4: autoDraw = False
18.0802 	EXP 	idle_5: autoDraw = True
18.2325 	EXP 	idle_5: autoDraw = False
18.2325 	EXP 	idle_6: autoDraw = True
18.3852 	EXP 	idle_6: autoDraw = False
18.3852 	EXP 	idle_7: autoDraw = True
18.4877 	EXP 	idle_7: autoDraw = False
18.4877 	EXP 	ilde_8: autoDraw = True
18.9830 	EXP 	ilde_8: autoDraw = False
18.9830 	EXP 	idle_9: autoDraw = True
19.4805 	EXP 	idle_10: autoDraw = True
19.4974 	EXP 	idle_9: autoDraw = False
19.9922 	EXP 	idle_10: autoDraw = False
19.9922 	EXP 	idle_11: autoDraw = True
20.4885 	EXP 	idle_12: autoDraw = True
20.5054 	EXP 	idle_11: autoDraw = False
20.6251 	EXP 	idle_12: autoDraw = False
21.2120 	EXP 	cB_5: autoDraw = False
21.2120 	EXP 	idle: autoDraw = False
21.2120 	EXP 	idle_2: autoDraw = False
21.2120 	EXP 	idle_3: autoDraw = False
21.2120 	EXP 	idle_4: autoDraw = False
21.2120 	EXP 	idle_5: autoDraw = False
21.2120 	EXP 	idle_6: autoDraw = False
21.2120 	EXP 	idle_7: autoDraw = False
21.2120 	EXP 	ilde_8: autoDraw = False
21.2120 	EXP 	idle_9: autoDraw = False
21.2120 	EXP 	idle_10: autoDraw = False
21.2120 	EXP 	idle_11: autoDraw = False
21.2120 	EXP 	idle_12: autoDraw = False
21.2120 	EXP 	sBInstructions: text = "Hi Ronny!\nYou are now ready to start with the experiment. \n\nOn the next screens you will make decisions on how to engage with other players.\n\n\nMake a choice using your 'left' or 'right' keys and confirm with 'enter'\n\nNote, all decisions (yours and others) happen simultaneously, and not in response to each other.\n\nPress 'c' to begin.\n"
21.2120 	EXP 	cB_6: autoDraw = True
21.3985 	EXP 	sBInstructions: autoDraw = True
22.8825 	DATA 	Keypress: c
24.8648 	DATA 	Keypress: c
24.9497 	EXP 	Imported contitions.xlsx as conditions, 19 conditions, 6 params
24.9501 	EXP 	Created sequence: random, trialTypes=19, nReps=2, seed=None
24.9505 	EXP 	New trial (rep=0, index=0): OrderedDict([('playerAn', 'PlayerB'), ('playerId', 'Lukas'), ('avatarFile', 'images/avatar2.jpg'), ('choiceLabel', 'keep the investment'), ('actionLabel', 0), ('actionRound', 1)])
24.9658 	EXP 	Imported contitions.xlsx as conditions, 19 conditions, 6 params
24.9662 	EXP 	Created sequence: random, trialTypes=19, nReps=2, seed=None
24.9666 	EXP 	New trial (rep=0, index=0): OrderedDict([('playerAn', 'PlayerB'), ('playerId', 'Lukas'), ('avatarFile', 'images/avatar2.jpg'), ('choiceLabel', 'keep the investment'), ('actionLabel', 0), ('actionRound', 1)])
25.0081 	EXP 	RatingScale sbChoice: reset()
25.0343 	EXP 	cB_6: autoDraw = False
25.0343 	EXP 	sBInstructions: autoDraw = False
25.0343 	EXP 	text: text = 'This round you are playing with Lukas!'
25.0343 	EXP 	imagesbRnd: image = 'images/avatar2.jpg'
25.0343 	EXP 	cB_8: autoDraw = True
25.0343 	EXP 	text: autoDraw = True
25.0343 	EXP 	imagesbRnd: autoDraw = True
25.0343 	EXP 	sbChoice: autoDraw = True
25.0343 	EXP 	text_6: autoDraw = True
25.7318 	DATA 	Keypress: right
25.8861 	DATA 	Keypress: right
26.1251 	DATA 	Keypress: return
26.1293 	DATA 	RatingScale sbChoice: (key response) rating=7
26.1294 	DATA 	RatingScale sbChoice: rating RT=1.121
26.1294 	DATA 	RatingScale sbChoice: history=[('5', 0.0), ('6', 0.726), ('7', 0.881), ('7', 1.121)]
26.1648 	EXP 	cB_8: autoDraw = False
26.1648 	EXP 	text: autoDraw = False
26.1648 	EXP 	imagesbRnd: autoDraw = False
26.1648 	EXP 	sbChoice: autoDraw = False
26.1648 	EXP 	text_6: autoDraw = False
26.1648 	EXP 	text_7: text = 'waiting for other player'
26.1648 	EXP 	cB_9: autoDraw = True
26.1648 	EXP 	text_7: autoDraw = True
27.1862 	EXP 	cB_9: autoDraw = False
27.1862 	EXP 	text_7: autoDraw = False
27.1862 	EXP 	cB_9: autoDraw = False
27.1862 	EXP 	text_7: autoDraw = False
27.1862 	EXP 	textFb: text = 'Lukas has decided to return 0 percent of your investment. \n\nYour return is0 credits!\n\nYour total gain for this round is3 credits!\n\n'
27.1862 	EXP 	cbFb: autoDraw = True
27.1862 	EXP 	textFb: autoDraw = True
31.1703 	EXP 	cbFb: autoDraw = False
31.1703 	EXP 	textFb: autoDraw = False
31.1703 	EXP 	cbBuf: autoDraw = True
31.3404 	EXP 	fixCross: autoDraw = True
31.8524 	EXP 	fixCross: autoDraw = False
32.0604 	EXP 	New trial (rep=0, index=1): OrderedDict([('playerAn', 'PlayerA'), ('playerId', 'Paul'), ('avatarFile', 'images/avatar1.jpg'), ('choiceLabel', 'keep the investment'), ('actionLabel', 0), ('actionRound', 1)])
32.1648 	EXP 	RatingScale sbChoice: reset()
32.1934 	EXP 	cbBuf: autoDraw = False
32.1934 	EXP 	fixCross: autoDraw = False
32.1934 	EXP 	text: text = 'This round you are playing with Paul!'
32.1934 	EXP 	imagesbRnd: image = 'images/avatar1.jpg'
32.1934 	EXP 	cB_8: autoDraw = True
32.1934 	EXP 	text: autoDraw = True
32.1934 	EXP 	imagesbRnd: autoDraw = True
32.1934 	EXP 	sbChoice: autoDraw = True
32.1934 	EXP 	text_6: autoDraw = True
33.4021 	DATA 	Keypress: right
33.5391 	DATA 	Keypress: right
33.8133 	DATA 	Keypress: return
33.8171 	DATA 	RatingScale sbChoice: (key response) rating=7
33.8172 	DATA 	RatingScale sbChoice: rating RT=1.647
33.8172 	DATA 	RatingScale sbChoice: history=[('5', 0.0), ('6', 1.236), ('7', 1.373), ('7', 1.647)]
33.8463 	EXP 	cB_8: autoDraw = False
33.8463 	EXP 	text: autoDraw = False
33.8463 	EXP 	imagesbRnd: autoDraw = False
33.8463 	EXP 	sbChoice: autoDraw = False
33.8463 	EXP 	text_6: autoDraw = False
33.8463 	EXP 	text_7: text = 'waiting for other player'
33.8463 	EXP 	cB_9: autoDraw = True
33.8463 	EXP 	text_7: autoDraw = True
36.8785 	EXP 	cB_9: autoDraw = False
36.8785 	EXP 	text_7: autoDraw = False
36.8785 	EXP 	cB_9: autoDraw = False
36.8785 	EXP 	text_7: autoDraw = False
36.8785 	EXP 	textFb: text = 'Paul has decided to return 0 percent of your investment. \n\nYour return is0 credits!\n\nYour total gain for this round is3 credits!\n\n'
36.8785 	EXP 	cbFb: autoDraw = True
36.8785 	EXP 	textFb: autoDraw = True
40.8741 	EXP 	cbFb: autoDraw = False
40.8741 	EXP 	textFb: autoDraw = False
40.8741 	EXP 	cbBuf: autoDraw = True
41.0424 	EXP 	fixCross: autoDraw = True
41.5567 	EXP 	fixCross: autoDraw = False
41.7449 	EXP 	New trial (rep=0, index=2): OrderedDict([('playerAn', 'PlayerB'), ('playerId', 'Lukas'), ('avatarFile', 'images/avatar2.jpg'), ('choiceLabel', 'reciprocate'), ('actionLabel', 1), ('actionRound', 1)])
41.7918 	EXP 	RatingScale sbChoice: reset()
41.8122 	EXP 	cbBuf: autoDraw = False
41.8122 	EXP 	fixCross: autoDraw = False
41.8122 	EXP 	text: text = 'This round you are playing with Lukas!'
41.8122 	EXP 	imagesbRnd: image = 'images/avatar2.jpg'
41.8122 	EXP 	cB_8: autoDraw = True
41.8122 	EXP 	text: autoDraw = True
41.8122 	EXP 	imagesbRnd: autoDraw = True
41.8122 	EXP 	sbChoice: autoDraw = True
41.8122 	EXP 	text_6: autoDraw = True
42.3949 	DATA 	Keypress: right
42.5787 	DATA 	Keypress: right
42.7030 	DATA 	Keypress: right
42.9410 	DATA 	Keypress: return
42.9446 	DATA 	RatingScale sbChoice: (key response) rating=8
42.9447 	DATA 	RatingScale sbChoice: rating RT=1.152
42.9447 	DATA 	RatingScale sbChoice: history=[('5', 0.0), ('6', 0.603), ('7', 0.79), ('8', 0.927), ('8', 1.152)]
42.9741 	EXP 	cB_8: autoDraw = False
42.9741 	EXP 	text: autoDraw = False
42.9741 	EXP 	imagesbRnd: autoDraw = False
42.9741 	EXP 	sbChoice: autoDraw = False
42.9741 	EXP 	text_6: autoDraw = False
42.9741 	EXP 	text_7: text = 'waiting for other player'
42.9741 	EXP 	cB_9: autoDraw = True
42.9741 	EXP 	text_7: autoDraw = True
45.9932 	EXP 	cB_9: autoDraw = False
45.9932 	EXP 	text_7: autoDraw = False
45.9932 	EXP 	cB_9: autoDraw = False
45.9932 	EXP 	text_7: autoDraw = False
45.9932 	EXP 	textFb: text = 'Lukas has decided to return 100 percent of your investment. \n\nYour return is8 credits!\n\nYour total gain for this round is10 credits!\n\n'
45.9932 	EXP 	cbFb: autoDraw = True
45.9932 	EXP 	textFb: autoDraw = True
48.7589 	DATA 	Keypress: escape
48.9596 	EXP 	window1: mouseVisible = True
