2.6628 	WARNING 	Import Error: No module named 'psychtoolbox'. Using event module for keyboard component.
4.3177 	WARNING 	User requested fullscreen with size [1024  768], but screen is actually [1680, 1050]. Using actual size
5.3098 	EXP 	Created window1 = Window(allowGUI=True, allowStencil=False, args=UNKNOWN, autoLog=True, bitsMode=UNKNOWN, blendMode='avg', color=array([0., 0., 0.]), colorSpace='rgb', fullscr=<method-wrapper '__getattribute__' of attributeSetter object at 0x0AE85F70>, gamma=None, gammaErrorPolicy='raise', kwargs=UNKNOWN, lms=UNKNOWN, monitor=<psychopy.monitors.calibTools.Monitor object at 0x0AEFCC70>, multiSample=False, name='window1', numSamples=2, pos=[0.0, 0.0], screen=0, size=array([1680, 1050]), stereo=False, units='height', useFBO=True, useRetina=False, viewOri=0.0, viewPos=None, viewScale=None, waitBlanking=True, winType='pyglet')
5.3098 	EXP 	window1: recordFrameIntervals = False
5.4772 	EXP 	window1: recordFrameIntervals = True
5.6643 	EXP 	window1: recordFrameIntervals = False
5.6671 	EXP 	Created cB_1 = Rect(__class__=<class 'psychopy.visual.rect.Rect'>, autoDraw=False, autoLog=True, closeShape=True, color=method-wrapper(...), colorSpace=None, contrast=1.0, depth=-1.0, fillColor=array([-1., -1., -1.]), fillColorSpace='rgb', fillRGB=array([-1., -1., -1.]), interpolate=True, lineColor=array([1., 1., 1.]), lineColorSpace='rgb', lineRGB=array([1., 1., 1.]), lineWidth=1, name='cB_1', opacity=1.0, ori=array(0.), pos=array([0., 0.]), size=array([1., 1.]), units='height', vertices=ndarray(...), win=Window(...))
5.8040 	EXP 	Created textWelcome = TextStim(__class__=<class 'psychopy.visual.text.TextStim'>, alignHoriz='center', alignVert='center', antialias=True, autoLog=True, bold=False, color='white', colorSpace='named', contrast=1.0, depth=-2.0, flipHoriz=False, flipVert=False, font='Arial', fontFiles=[], height=0.03, italic=False, languageStyle='LTR', name='textWelcome', opacity=1.0, ori=0, pos=array([0., 0.]), rgb=array([255., 255., 255.]), text=str(...), units='height', win=Window(...), wrapWidth=1)
5.8056 	EXP 	Created cB_2 = Rect(__class__=<class 'psychopy.visual.rect.Rect'>, autoDraw=False, autoLog=True, closeShape=True, color=method-wrapper(...), colorSpace=None, contrast=1.0, depth=0.0, fillColor=array([-1., -1., -1.]), fillColorSpace='rgb', fillRGB=array([-1., -1., -1.]), interpolate=True, lineColor=array([1., 1., 1.]), lineColorSpace='rgb', lineRGB=array([1., 1., 1.]), lineWidth=1, name='cB_2', opacity=1.0, ori=array(0.), pos=array([0., 0.]), size=array([1., 1.]), units='height', vertices=ndarray(...), win=Window(...))
5.8773 	EXP 	Created textInstructions = TextStim(__class__=<class 'psychopy.visual.text.TextStim'>, alignHoriz='center', alignVert='center', antialias=True, autoLog=True, bold=False, color='white', colorSpace='named', contrast=1.0, depth=-1.0, flipHoriz=False, flipVert=False, font='Arial', fontFiles=[], height=0.03, italic=False, languageStyle='LTR', name='textInstructions', opacity=1.0, ori=0, pos=array([0., 0.]), rgb=array([255., 255., 255.]), text=str(...), units='height', win=Window(...), wrapWidth=1)
5.8788 	EXP 	Created cB_3 = Rect(__class__=<class 'psychopy.visual.rect.Rect'>, autoDraw=False, autoLog=True, closeShape=True, color=method-wrapper(...), colorSpace=None, contrast=1.0, depth=0.0, fillColor=array([-1., -1., -1.]), fillColorSpace='rgb', fillRGB=array([-1., -1., -1.]), interpolate=True, lineColor=array([1., 1., 1.]), lineColorSpace='rgb', lineRGB=array([1., 1., 1.]), lineWidth=1, name='cB_3', opacity=1.0, ori=array(0.), pos=array([0., 0.]), size=array([1., 1.]), units='height', vertices=ndarray(...), win=Window(...))
5.9138 	EXP 	Created textServer = TextStim(__class__=<class 'psychopy.visual.text.TextStim'>, alignHoriz='center', alignVert='center', antialias=True, autoLog=True, bold=False, color='white', colorSpace='named', contrast=1.0, depth=-1.0, flipHoriz=False, flipVert=False, font='Arial', fontFiles=[], height=0.03, italic=False, languageStyle='LTR', name='textServer', opacity=1.0, ori=0, pos=array([0., 0.]), rgb=array([255., 255., 255.]), text=str(...), units='height', win=Window(...), wrapWidth=1)
5.9153 	EXP 	Created cB_4 = Rect(__class__=<class 'psychopy.visual.rect.Rect'>, autoDraw=False, autoLog=True, closeShape=True, color=method-wrapper(...), colorSpace=None, contrast=1.0, depth=0.0, fillColor=array([-1., -1., -1.]), fillColorSpace='rgb', fillRGB=array([-1., -1., -1.]), interpolate=True, lineColor=array([1., 1., 1.]), lineColorSpace='rgb', lineRGB=array([1., 1., 1.]), lineWidth=1, name='cB_4', opacity=1.0, ori=array(0.), pos=array([0., 0.]), size=array([1., 1.]), units='height', vertices=ndarray(...), win=Window(...))
5.9206 	EXP 	Created text_1 = TextStim(__class__=<class 'psychopy.visual.text.TextStim'>, alignHoriz='center', alignVert='center', antialias=True, autoLog=True, bold=False, color='white', colorSpace='named', contrast=1.0, depth=-1.0, flipHoriz=False, flipVert=False, font='Arial', fontFiles=[], height=0.03, italic=False, languageStyle='LTR', name='text_1', opacity=1.0, ori=0, pos=array([0., 0.]), rgb=array([255., 255., 255.]), text='connecting      ', units='height', win=Window(...), wrapWidth=1)
5.9258 	EXP 	Created text_2 = TextStim(__class__=<class 'psychopy.visual.text.TextStim'>, alignHoriz='center', alignVert='center', antialias=True, autoLog=True, bold=False, color='white', colorSpace='named', contrast=1.0, depth=-2.0, flipHoriz=False, flipVert=False, font='Arial', fontFiles=[], height=0.03, italic=False, languageStyle='LTR', name='text_2', opacity=1.0, ori=0, pos=array([0., 0.]), rgb=array([255., 255., 255.]), text='connecting .    ', units='height', win=Window(...), wrapWidth=1)
5.9306 	EXP 	Created text_3 = TextStim(__class__=<class 'psychopy.visual.text.TextStim'>, alignHoriz='center', alignVert='center', antialias=True, autoLog=True, bold=False, color='white', colorSpace='named', contrast=1.0, depth=-3.0, flipHoriz=False, flipVert=False, font='Arial', fontFiles=[], height=0.03, italic=False, languageStyle='LTR', name='text_3', opacity=1.0, ori=0, pos=array([0., 0.]), rgb=array([255., 255., 255.]), text='connecting . .  ', units='height', win=Window(...), wrapWidth=1)
5.9363 	EXP 	Created text_4 = TextStim(__class__=<class 'psychopy.visual.text.TextStim'>, alignHoriz='center', alignVert='center', antialias=True, autoLog=True, bold=False, color='white', colorSpace='named', contrast=1.0, depth=-4.0, flipHoriz=False, flipVert=False, font='Arial', fontFiles=[], height=0.03, italic=False, languageStyle='LTR', name='text_4', opacity=1.0, ori=0, pos=array([0., 0.]), rgb=array([255., 255., 255.]), text='connecting . . .', units='height', win=Window(...), wrapWidth=1)
5.9379 	EXP 	Created cB_5 = Rect(__class__=<class 'psychopy.visual.rect.Rect'>, autoDraw=False, autoLog=True, closeShape=True, color=method-wrapper(...), colorSpace=None, contrast=1.0, depth=0.0, fillColor=array([-1., -1., -1.]), fillColorSpace='rgb', fillRGB=array([-1., -1., -1.]), interpolate=True, lineColor=array([1., 1., 1.]), lineColorSpace='rgb', lineRGB=array([1., 1., 1.]), lineWidth=1, name='cB_5', opacity=1.0, ori=array(0.), pos=array([0., 0.]), size=array([1., 1.]), units='height', vertices=ndarray(...), win=Window(...))
5.9417 	EXP 	Created idle = TextStim(__class__=<class 'psychopy.visual.text.TextStim'>, alignHoriz='center', alignVert='center', antialias=True, autoLog=True, bold=False, color='white', colorSpace='named', contrast=1.0, depth=-1.0, flipHoriz=False, flipVert=False, font='Arial', fontFiles=[], height=0.03, italic=False, languageStyle='LTR', name='idle', opacity=1.0, ori=0, pos=array([0., 0.]), rgb=array([255., 255., 255.]), text='found', units='height', win=Window(...), wrapWidth=1)
5.9465 	EXP 	Created idle_2 = TextStim(__class__=<class 'psychopy.visual.text.TextStim'>, alignHoriz='center', alignVert='center', antialias=True, autoLog=True, bold=False, color='white', colorSpace='named', contrast=1.0, depth=-2.0, flipHoriz=False, flipVert=False, font='Arial', fontFiles=[], height=0.03, italic=False, languageStyle='LTR', name='idle_2', opacity=1.0, ori=0, pos=array([0., 0.]), rgb=array([255., 255., 255.]), text='init proc     ', units='height', win=Window(...), wrapWidth=1)
5.9549 	EXP 	Created idle_3 = TextStim(__class__=<class 'psychopy.visual.text.TextStim'>, alignHoriz='center', alignVert='center', antialias=True, autoLog=True, bold=False, color='white', colorSpace='named', contrast=1.0, depth=-3.0, flipHoriz=False, flipVert=False, font='Arial', fontFiles=[], height=0.03, italic=False, languageStyle='LTR', name='idle_3', opacity=1.0, ori=0, pos=array([0., 0.]), rgb=array([255., 255., 255.]), text='init proc 2141', units='height', win=Window(...), wrapWidth=1)
5.9616 	EXP 	Created idle_4 = TextStim(__class__=<class 'psychopy.visual.text.TextStim'>, alignHoriz='center', alignVert='center', antialias=True, autoLog=True, bold=False, color='white', colorSpace='named', contrast=1.0, depth=-4.0, flipHoriz=False, flipVert=False, font='Arial', fontFiles=[], height=0.03, italic=False, languageStyle='LTR', name='idle_4', opacity=1.0, ori=0, pos=array([0., 0.]), rgb=array([255., 255., 255.]), text='init proc 2215', units='height', win=Window(...), wrapWidth=1)
5.9688 	EXP 	Created idle_5 = TextStim(__class__=<class 'psychopy.visual.text.TextStim'>, alignHoriz='center', alignVert='center', antialias=True, autoLog=True, bold=False, color='white', colorSpace='named', contrast=1.0, depth=-5.0, flipHoriz=False, flipVert=False, font='Arial', fontFiles=[], height=0.03, italic=False, languageStyle='LTR', name='idle_5', opacity=1.0, ori=0, pos=array([0., 0.]), rgb=array([255., 255., 255.]), text='init proc 3229', units='height', win=Window(...), wrapWidth=1)
5.9739 	EXP 	Created idle_6 = TextStim(__class__=<class 'psychopy.visual.text.TextStim'>, alignHoriz='center', alignVert='center', antialias=True, autoLog=True, bold=False, color='white', colorSpace='named', contrast=1.0, depth=-6.0, flipHoriz=False, flipVert=False, font='Arial', fontFiles=[], height=0.03, italic=False, languageStyle='LTR', name='idle_6', opacity=1.0, ori=0, pos=array([0., 0.]), rgb=array([255., 255., 255.]), text='init proc 4325', units='height', win=Window(...), wrapWidth=1)
5.9800 	EXP 	Created idle_7 = TextStim(__class__=<class 'psychopy.visual.text.TextStim'>, alignHoriz='center', alignVert='center', antialias=True, autoLog=True, bold=False, color='white', colorSpace='named', contrast=1.0, depth=-7.0, flipHoriz=False, flipVert=False, font='Arial', fontFiles=[], height=0.03, italic=False, languageStyle='LTR', name='idle_7', opacity=1.0, ori=0, pos=array([0., 0.]), rgb=array([255., 255., 255.]), text='init proc 1337', units='height', win=Window(...), wrapWidth=1)
5.9850 	EXP 	Created ilde_8 = TextStim(__class__=<class 'psychopy.visual.text.TextStim'>, alignHoriz='center', alignVert='center', antialias=True, autoLog=True, bold=False, color='white', colorSpace='named', contrast=1.0, depth=-8.0, flipHoriz=False, flipVert=False, font='Arial', fontFiles=[], height=0.03, italic=False, languageStyle='LTR', name='ilde_8', opacity=1.0, ori=0, pos=array([0., 0.]), rgb=array([255., 255., 255.]), text='buffering      ', units='height', win=Window(...), wrapWidth=1)
5.9899 	EXP 	Created idle_9 = TextStim(__class__=<class 'psychopy.visual.text.TextStim'>, alignHoriz='center', alignVert='center', antialias=True, autoLog=True, bold=False, color='white', colorSpace='named', contrast=1.0, depth=-9.0, flipHoriz=False, flipVert=False, font='Arial', fontFiles=[], height=0.03, italic=False, languageStyle='LTR', name='idle_9', opacity=1.0, ori=0, pos=array([0., 0.]), rgb=array([255., 255., 255.]), text='buffering .    ', units='height', win=Window(...), wrapWidth=1)
5.9946 	EXP 	Created idle_10 = TextStim(__class__=<class 'psychopy.visual.text.TextStim'>, alignHoriz='center', alignVert='center', antialias=True, autoLog=True, bold=False, color='white', colorSpace='named', contrast=1.0, depth=-10.0, flipHoriz=False, flipVert=False, font='Arial', fontFiles=[], height=0.03, italic=False, languageStyle='LTR', name='idle_10', opacity=1.0, ori=0, pos=array([0., 0.]), rgb=array([255., 255., 255.]), text='buffering . .  ', units='height', win=Window(...), wrapWidth=1)
5.9997 	EXP 	Created idle_11 = TextStim(__class__=<class 'psychopy.visual.text.TextStim'>, alignHoriz='center', alignVert='center', antialias=True, autoLog=True, bold=False, color='white', colorSpace='named', contrast=1.0, depth=-11.0, flipHoriz=False, flipVert=False, font='Arial', fontFiles=[], height=0.03, italic=False, languageStyle='LTR', name='idle_11', opacity=1.0, ori=0, pos=array([0., 0.]), rgb=array([255., 255., 255.]), text='buffering . . .', units='height', win=Window(...), wrapWidth=1)
6.0089 	EXP 	Created idle_12 = TextStim(__class__=<class 'psychopy.visual.text.TextStim'>, alignHoriz='center', alignVert='center', antialias=True, autoLog=True, bold=False, color='white', colorSpace='named', contrast=1.0, depth=-12.0, flipHoriz=False, flipVert=False, font='Arial', fontFiles=[], height=0.03, italic=False, languageStyle='LTR', name='idle_12', opacity=1.0, ori=0, pos=array([0., 0.]), rgb=array([255., 255., 255.]), text='run /serv/234_1/sd connect', units='height', win=Window(...), wrapWidth=1)
6.0104 	EXP 	Created cB_6 = Rect(__class__=<class 'psychopy.visual.rect.Rect'>, autoDraw=False, autoLog=True, closeShape=True, color=method-wrapper(...), colorSpace=None, contrast=1.0, depth=0.0, fillColor=array([-1., -1., -1.]), fillColorSpace='rgb', fillRGB=array([-1., -1., -1.]), interpolate=True, lineColor=array([1., 1., 1.]), lineColorSpace='rgb', lineRGB=array([1., 1., 1.]), lineWidth=1, name='cB_6', opacity=1.0, ori=array(0.), pos=array([0., 0.]), size=array([1., 1.]), units='height', vertices=ndarray(...), win=Window(...))
6.0411 	EXP 	Created sBInstructions = TextStim(__class__=<class 'psychopy.visual.text.TextStim'>, alignHoriz='center', alignVert='center', antialias=True, autoLog=True, bold=False, color='white', colorSpace='named', contrast=1.0, depth=-1.0, flipHoriz=False, flipVert=False, font='Arial', fontFiles=[], height=0.03, italic=False, languageStyle='LTR', name='sBInstructions', opacity=1.0, ori=0, pos=array([0., 0.]), rgb=array([255., 255., 255.]), text=str(...), units='height', win=Window(...), wrapWidth=1)
6.0426 	EXP 	Created cB_8 = Rect(__class__=<class 'psychopy.visual.rect.Rect'>, autoDraw=False, autoLog=True, closeShape=True, color=method-wrapper(...), colorSpace=None, contrast=1.0, depth=0.0, fillColor=array([-1., -1., -1.]), fillColorSpace='rgb', fillRGB=array([-1., -1., -1.]), interpolate=True, lineColor=array([1., 1., 1.]), lineColorSpace='rgb', lineRGB=array([1., 1., 1.]), lineWidth=1, name='cB_8', opacity=1.0, ori=array(0.), pos=array([0., 0.]), size=array([1., 1.]), units='height', vertices=ndarray(...), win=Window(...))
6.0582 	EXP 	Created text = TextStim(__class__=<class 'psychopy.visual.text.TextStim'>, alignHoriz='center', alignVert='center', antialias=True, autoLog=True, bold=False, color='white', colorSpace='named', contrast=1.0, depth=-1.0, flipHoriz=False, flipVert=False, font='Arial', fontFiles=[], height=0.05, italic=False, languageStyle='LTR', name='text', opacity=1.0, ori=0, pos=array([0., 0.]), rgb=array([255., 255., 255.]), text='default text', units='height', win=Window(...), wrapWidth=1)
6.0639 	EXP 	Created imagesbRnd = ImageStim(__class__=<class 'psychopy.visual.image.ImageStim'>, autoLog=True, color=array([1., 1., 1.]), colorSpace='rgb', contrast=1.0, depth=-2.0, flipHoriz=False, flipVert=False, image='sin', interpolate=True, mask=None, maskParams=None, name='imagesbRnd', opacity=1.0, ori=0.0, pos=array([0.  , 0.25]), size=array([0.2, 0.2]), texRes=128, units='height', win=Window(...))
6.1305 	EXP 	Created Slider = RatingScale(__class__=type(...), acceptKeys=['return'], acceptPreText=UNKNOWN, acceptSize=UNKNOWN, acceptText='accept?', autoLog=True, choices=list(...), depth=0, disappear=False, flipVert=False, high=10, kwargs=UNKNOWN, labels=list(...), leftKeys=['left'], lineColor='White', low=0, marker=ShapeStim(...), markerColor='DarkBlue', markerExpansion=UNKNOWN, markerStart=5.0, maxTime=0.0, minTime=0.4, mouseOnly=False, name='Slider', noMouse=False, pos=[0.0, -0.4], precision=1, respKeys=[], rightKeys=['right'], scale='<default>', self=UNKNOWN, showAccept=True, showValue=True, singleClick=False, size=0.6, skipKeys=['tab'], stretch=1.0, textColor='LightGray', textFont='Helvetica Bold', textSize=0.12, tickHeight=-1, tickMarks=10.0, win=Window(...))
6.1321 	EXP 	Created cB_9 = Rect(__class__=<class 'psychopy.visual.rect.Rect'>, autoDraw=False, autoLog=True, closeShape=True, color=method-wrapper(...), colorSpace=None, contrast=1.0, depth=0.0, fillColor=array([-1., -1., -1.]), fillColorSpace='rgb', fillRGB=array([-1., -1., -1.]), interpolate=True, lineColor=array([1., 1., 1.]), lineColorSpace='rgb', lineRGB=array([1., 1., 1.]), lineWidth=1, name='cB_9', opacity=1.0, ori=array(0.), pos=array([0., 0.]), size=array([1., 1.]), units='height', vertices=ndarray(...), win=Window(...))
6.1336 	EXP 	Created cbFb = Rect(__class__=<class 'psychopy.visual.rect.Rect'>, autoDraw=False, autoLog=True, closeShape=True, color=method-wrapper(...), colorSpace=None, contrast=1.0, depth=-1.0, fillColor=array([-1., -1., -1.]), fillColorSpace='rgb', fillRGB=array([-1., -1., -1.]), interpolate=True, lineColor=array([1., 1., 1.]), lineColorSpace='rgb', lineRGB=array([1., 1., 1.]), lineWidth=1, name='cbFb', opacity=1.0, ori=array(0.), pos=array([0., 0.]), size=array([1., 1.]), units='height', vertices=ndarray(...), win=Window(...))
6.1400 	EXP 	Created textFb = TextStim(__class__=<class 'psychopy.visual.text.TextStim'>, alignHoriz='center', alignVert='center', antialias=True, autoLog=True, bold=False, color='white', colorSpace='named', contrast=1.0, depth=-2.0, flipHoriz=False, flipVert=False, font='Arial', fontFiles=[], height=0.03, italic=False, languageStyle='LTR', name='textFb', opacity=1.0, ori=0, pos=array([0., 0.]), rgb=array([255., 255., 255.]), text='default text', units='height', win=Window(...), wrapWidth=1)
6.1415 	EXP 	Created cbBuf = Rect(__class__=<class 'psychopy.visual.rect.Rect'>, autoDraw=False, autoLog=True, closeShape=True, color=method-wrapper(...), colorSpace=None, contrast=1.0, depth=0.0, fillColor=array([-1., -1., -1.]), fillColorSpace='rgb', fillRGB=array([-1., -1., -1.]), interpolate=True, lineColor=array([1., 1., 1.]), lineColorSpace='rgb', lineRGB=array([1., 1., 1.]), lineWidth=1, name='cbBuf', opacity=1.0, ori=array(0.), pos=array([0., 0.]), size=array([1., 1.]), units='height', vertices=ndarray(...), win=Window(...))
6.1433 	EXP 	Created fixCross = ShapeStim(__class__=<class 'psychopy.visual.shape.ShapeStim'>, autoDraw=False, autoLog=True, closeShape=True, contrast=1.0, depth=-1.0, fillColor=array([1., 1., 1.]), fillColorSpace='rgb', interpolate=True, lineColor=array([1., 1., 1.]), lineColorSpace='rgb', lineWidth=1, name='fixCross', opacity=1.0, ori=array(0.), pos=array([0., 0.]), size=array([0.1, 0.1]), units='height', vertices=ndarray(...), win=Window(...), windingRule=None)
6.1447 	EXP 	Created cB_11 = Rect(__class__=<class 'psychopy.visual.rect.Rect'>, autoDraw=False, autoLog=True, closeShape=True, color=method-wrapper(...), colorSpace=None, contrast=1.0, depth=0.0, fillColor=array([-1., -1., -1.]), fillColorSpace='rgb', fillRGB=array([-1., -1., -1.]), interpolate=True, lineColor=array([1., 1., 1.]), lineColorSpace='rgb', lineRGB=array([1., 1., 1.]), lineWidth=1, name='cB_11', opacity=1.0, ori=array(0.), pos=array([0., 0.]), size=array([1., 1.]), units='height', vertices=ndarray(...), win=Window(...))
6.1702 	EXP 	Created rating = RatingScale(__class__=type(...), acceptKeys=['return'], acceptPreText=UNKNOWN, acceptSize=UNKNOWN, acceptText='accept?', autoLog=True, choices=False, depth=0, disappear=False, flipVert=False, high=7, kwargs=UNKNOWN, labels=list(...), leftKeys=['left'], lineColor='White', low=1, marker=ShapeStim(...), markerColor='DarkBlue', markerExpansion=UNKNOWN, markerStart=4.0, maxTime=0.0, minTime=0.4, mouseOnly=False, name='rating', noMouse=False, pos=[0.0, 0.2], precision=1, respKeys=['1', '2', '3', '4', '5', '6', '7'], rightKeys=['right'], scale='sliderText', self=UNKNOWN, showAccept=True, showValue=True, singleClick=False, size=0.6, skipKeys=['tab'], stretch=1.0, textColor='LightGray', textFont='Helvetica Bold', textSize=0.12, tickHeight=1.0, tickMarks=6.0, win=Window(...))
6.1719 	EXP 	Created cB_8 = Rect(__class__=<class 'psychopy.visual.rect.Rect'>, autoDraw=False, autoLog=True, closeShape=True, color=method-wrapper(...), colorSpace=None, contrast=1.0, depth=0.0, fillColor=array([-1., -1., -1.]), fillColorSpace='rgb', fillRGB=array([-1., -1., -1.]), interpolate=True, lineColor=array([1., 1., 1.]), lineColorSpace='rgb', lineRGB=array([1., 1., 1.]), lineWidth=1, name='cB_8', opacity=1.0, ori=array(0.), pos=array([0., 0.]), size=array([1., 1.]), units='height', vertices=ndarray(...), win=Window(...))
6.1773 	EXP 	Created text = TextStim(__class__=<class 'psychopy.visual.text.TextStim'>, alignHoriz='center', alignVert='center', antialias=True, autoLog=True, bold=False, color='white', colorSpace='named', contrast=1.0, depth=-1.0, flipHoriz=False, flipVert=False, font='Arial', fontFiles=[], height=0.05, italic=False, languageStyle='LTR', name='text', opacity=1.0, ori=0, pos=array([0., 0.]), rgb=array([255., 255., 255.]), text='default text', units='height', win=Window(...), wrapWidth=1)
6.1796 	EXP 	Created imagesbRnd = ImageStim(__class__=<class 'psychopy.visual.image.ImageStim'>, autoLog=True, color=array([1., 1., 1.]), colorSpace='rgb', contrast=1.0, depth=-2.0, flipHoriz=False, flipVert=False, image='sin', interpolate=True, mask=None, maskParams=None, name='imagesbRnd', opacity=1.0, ori=0.0, pos=array([0.  , 0.25]), size=array([0.2, 0.2]), texRes=128, units='height', win=Window(...))
6.2163 	EXP 	Created Slider = RatingScale(__class__=type(...), acceptKeys=['return'], acceptPreText=UNKNOWN, acceptSize=UNKNOWN, acceptText='accept?', autoLog=True, choices=list(...), depth=0, disappear=False, flipVert=False, high=10, kwargs=UNKNOWN, labels=list(...), leftKeys=['left'], lineColor='White', low=0, marker=ShapeStim(...), markerColor='DarkBlue', markerExpansion=UNKNOWN, markerStart=5.0, maxTime=0.0, minTime=0.4, mouseOnly=False, name='Slider', noMouse=False, pos=[0.0, -0.4], precision=1, respKeys=[], rightKeys=['right'], scale='<default>', self=UNKNOWN, showAccept=True, showValue=True, singleClick=False, size=0.6, skipKeys=['tab'], stretch=1.0, textColor='LightGray', textFont='Helvetica Bold', textSize=0.12, tickHeight=-1, tickMarks=10.0, win=Window(...))
6.2178 	EXP 	Created cB_9 = Rect(__class__=<class 'psychopy.visual.rect.Rect'>, autoDraw=False, autoLog=True, closeShape=True, color=method-wrapper(...), colorSpace=None, contrast=1.0, depth=0.0, fillColor=array([-1., -1., -1.]), fillColorSpace='rgb', fillRGB=array([-1., -1., -1.]), interpolate=True, lineColor=array([1., 1., 1.]), lineColorSpace='rgb', lineRGB=array([1., 1., 1.]), lineWidth=1, name='cB_9', opacity=1.0, ori=array(0.), pos=array([0., 0.]), size=array([1., 1.]), units='height', vertices=ndarray(...), win=Window(...))
6.2193 	EXP 	Created cbFb = Rect(__class__=<class 'psychopy.visual.rect.Rect'>, autoDraw=False, autoLog=True, closeShape=True, color=method-wrapper(...), colorSpace=None, contrast=1.0, depth=-1.0, fillColor=array([-1., -1., -1.]), fillColorSpace='rgb', fillRGB=array([-1., -1., -1.]), interpolate=True, lineColor=array([1., 1., 1.]), lineColorSpace='rgb', lineRGB=array([1., 1., 1.]), lineWidth=1, name='cbFb', opacity=1.0, ori=array(0.), pos=array([0., 0.]), size=array([1., 1.]), units='height', vertices=ndarray(...), win=Window(...))
6.2247 	EXP 	Created textFb = TextStim(__class__=<class 'psychopy.visual.text.TextStim'>, alignHoriz='center', alignVert='center', antialias=True, autoLog=True, bold=False, color='white', colorSpace='named', contrast=1.0, depth=-2.0, flipHoriz=False, flipVert=False, font='Arial', fontFiles=[], height=0.03, italic=False, languageStyle='LTR', name='textFb', opacity=1.0, ori=0, pos=array([0., 0.]), rgb=array([255., 255., 255.]), text='default text', units='height', win=Window(...), wrapWidth=1)
6.2262 	EXP 	Created cbBuf = Rect(__class__=<class 'psychopy.visual.rect.Rect'>, autoDraw=False, autoLog=True, closeShape=True, color=method-wrapper(...), colorSpace=None, contrast=1.0, depth=0.0, fillColor=array([-1., -1., -1.]), fillColorSpace='rgb', fillRGB=array([-1., -1., -1.]), interpolate=True, lineColor=array([1., 1., 1.]), lineColorSpace='rgb', lineRGB=array([1., 1., 1.]), lineWidth=1, name='cbBuf', opacity=1.0, ori=array(0.), pos=array([0., 0.]), size=array([1., 1.]), units='height', vertices=ndarray(...), win=Window(...))
6.2279 	EXP 	Created fixCross = ShapeStim(__class__=<class 'psychopy.visual.shape.ShapeStim'>, autoDraw=False, autoLog=True, closeShape=True, contrast=1.0, depth=-1.0, fillColor=array([1., 1., 1.]), fillColorSpace='rgb', interpolate=True, lineColor=array([1., 1., 1.]), lineColorSpace='rgb', lineWidth=1, name='fixCross', opacity=1.0, ori=array(0.), pos=array([0., 0.]), size=array([0.1, 0.1]), units='height', vertices=ndarray(...), win=Window(...), windingRule=None)
6.2294 	EXP 	Created cB_10 = Rect(__class__=<class 'psychopy.visual.rect.Rect'>, autoDraw=False, autoLog=True, closeShape=True, color=method-wrapper(...), colorSpace=None, contrast=1.0, depth=0.0, fillColor=array([-1., -1., -1.]), fillColorSpace='rgb', fillRGB=array([-1., -1., -1.]), interpolate=True, lineColor=array([1., 1., 1.]), lineColorSpace='rgb', lineRGB=array([1., 1., 1.]), lineWidth=1, name='cB_10', opacity=1.0, ori=array(0.), pos=array([0., 0.]), size=array([1., 1.]), units='height', vertices=ndarray(...), win=Window(...))
6.3092 	EXP 	Created sbEndText = TextStim(__class__=<class 'psychopy.visual.text.TextStim'>, alignHoriz='center', alignVert='center', antialias=True, autoLog=True, bold=False, color='white', colorSpace='named', contrast=1.0, depth=-1.0, flipHoriz=False, flipVert=False, font='Arial', fontFiles=[], height=0.1, italic=False, languageStyle='LTR', name='sbEndText', opacity=1.0, ori=0, pos=array([0., 0.]), rgb=array([255., 255., 255.]), text=str(...), units='height', win=Window(...), wrapWidth=1)
6.3248 	EXP 	Slider: flipVert = False
6.3248 	EXP 	Slider: autoLog = True
6.3248 	EXP 	rating: flipVert = False
6.3248 	EXP 	rating: autoLog = True
6.3248 	EXP 	Slider: flipVert = False
6.3248 	EXP 	Slider: autoLog = True
6.3248 	EXP 	cB_1: autoDraw = True
6.3248 	EXP 	textWelcome: autoDraw = True
9.4617 	DATA 	Keypress: right
9.4779 	EXP 	cB_1: autoDraw = False
9.4779 	EXP 	textWelcome: autoDraw = False
9.4779 	EXP 	cB_2: autoDraw = True
9.4779 	EXP 	textInstructions: autoDraw = True
11.0318 	DATA 	Keypress: right
11.6272 	DATA 	Keypress: c
11.6438 	EXP 	cB_2: autoDraw = False
11.6438 	EXP 	textInstructions: autoDraw = False
11.6438 	EXP 	cB_3: autoDraw = True
11.6438 	EXP 	textServer: autoDraw = True
12.2742 	DATA 	Keypress: 1
12.2748 	EXP 	Created sequence: random, trialTypes=1, nReps=1, seed=None
12.2750 	EXP 	New trial (rep=0, index=0): None
12.2906 	EXP 	cB_3: autoDraw = False
12.2906 	EXP 	textServer: autoDraw = False
12.2906 	EXP 	cB_4: autoDraw = True
12.2906 	EXP 	text_1: autoDraw = True
12.5645 	DATA 	Keypress: 1
13.2636 	EXP 	text_2: autoDraw = True
13.2975 	EXP 	text_1: autoDraw = False
13.7742 	EXP 	text_2: autoDraw = False
13.7742 	EXP 	text_3: autoDraw = True
14.2729 	EXP 	text_3: autoDraw = False
14.2729 	EXP 	text_4: autoDraw = True
14.7828 	EXP 	text_4: autoDraw = False
14.7997 	EXP 	cB_4: autoDraw = False
14.7997 	EXP 	text_1: autoDraw = False
14.7997 	EXP 	text_2: autoDraw = False
14.7997 	EXP 	text_3: autoDraw = False
14.7997 	EXP 	text_4: autoDraw = False
14.7997 	EXP 	cB_5: autoDraw = True
14.9722 	EXP 	idle: autoDraw = True
15.2783 	EXP 	idle: autoDraw = False
15.2783 	EXP 	idle_2: autoDraw = True
15.4836 	EXP 	idle_2: autoDraw = False
15.4836 	EXP 	idle_3: autoDraw = True
15.5689 	EXP 	idle_3: autoDraw = False
15.5689 	EXP 	idle_4: autoDraw = True
15.7229 	EXP 	idle_4: autoDraw = False
15.7229 	EXP 	idle_5: autoDraw = True
15.8756 	EXP 	idle_5: autoDraw = False
15.8756 	EXP 	idle_6: autoDraw = True
16.0294 	EXP 	idle_6: autoDraw = False
16.0294 	EXP 	idle_7: autoDraw = True
16.1324 	EXP 	idle_7: autoDraw = False
16.1324 	EXP 	ilde_8: autoDraw = True
16.6283 	EXP 	ilde_8: autoDraw = False
16.6283 	EXP 	idle_9: autoDraw = True
17.1242 	EXP 	idle_10: autoDraw = True
17.1412 	EXP 	idle_9: autoDraw = False
17.6223 	EXP 	idle_11: autoDraw = True
17.6390 	EXP 	idle_10: autoDraw = False
18.1326 	EXP 	idle_11: autoDraw = False
18.1326 	EXP 	idle_12: autoDraw = True
18.2708 	EXP 	idle_12: autoDraw = False
18.7980 	EXP 	cB_5: autoDraw = False
18.7980 	EXP 	idle: autoDraw = False
18.7980 	EXP 	idle_2: autoDraw = False
18.7980 	EXP 	idle_3: autoDraw = False
18.7980 	EXP 	idle_4: autoDraw = False
18.7980 	EXP 	idle_5: autoDraw = False
18.7980 	EXP 	idle_6: autoDraw = False
18.7980 	EXP 	idle_7: autoDraw = False
18.7980 	EXP 	ilde_8: autoDraw = False
18.7980 	EXP 	idle_9: autoDraw = False
18.7980 	EXP 	idle_10: autoDraw = False
18.7980 	EXP 	idle_11: autoDraw = False
18.7980 	EXP 	idle_12: autoDraw = False
18.7980 	EXP 	cB_6: autoDraw = True
18.9709 	EXP 	sBInstructions: autoDraw = True
19.9226 	DATA 	Keypress: 1
19.9626 	EXP 	Imported contitions.xlsx as conditions, 19 conditions, 5 params
19.9630 	EXP 	Created sequence: random, trialTypes=19, nReps=2, seed=None
19.9634 	EXP 	New trial (rep=0, index=0): OrderedDict([('playerId', 'Lukas'), ('avatarFile', 'images/avatar2.jpg'), ('choiceLabel', 'keep the investment'), ('actionLabel', 0), ('actionRound', 1)])
19.9828 	EXP 	Imported contitions.xlsx as conditions, 19 conditions, 5 params
19.9832 	EXP 	Created sequence: random, trialTypes=19, nReps=1, seed=None
19.9837 	EXP 	New trial (rep=0, index=0): OrderedDict([('playerId', 'Lukas'), ('avatarFile', 'images/avatar2.jpg'), ('choiceLabel', 'reciprocate'), ('actionLabel', 1), ('actionRound', 1)])
20.0235 	EXP 	RatingScale Slider: reset()
20.0582 	EXP 	cB_6: autoDraw = False
20.0582 	EXP 	sBInstructions: autoDraw = False
20.0582 	EXP 	text: text = 'This round you are playing with Lukas!'
20.0582 	EXP 	imagesbRnd: image = 'images/avatar2.jpg'
20.0582 	EXP 	cB_8: autoDraw = True
20.0582 	EXP 	text: autoDraw = True
20.0582 	EXP 	imagesbRnd: autoDraw = True
20.0582 	EXP 	Slider: autoDraw = True
21.4076 	DATA 	Keypress: left
21.7137 	DATA 	Keypress: return
21.7300 	DATA 	RatingScale Slider: (key response) rating=4
21.7301 	DATA 	RatingScale Slider: rating RT=1.706
21.7301 	DATA 	RatingScale Slider: history=[('5', 0.0), ('4', 1.4), ('4', 1.706)]
21.7602 	EXP 	cB_8: autoDraw = False
21.7602 	EXP 	text: autoDraw = False
21.7602 	EXP 	imagesbRnd: autoDraw = False
21.7602 	EXP 	Slider: autoDraw = False
21.7602 	EXP 	cB_9: autoDraw = True
22.2873 	EXP 	cB_9: autoDraw = False
22.2873 	EXP 	textFb: text = 'Lukas has decided to reciprocate \nYou receive 4 credits'
22.2873 	EXP 	cbFb: autoDraw = True
22.2873 	EXP 	textFb: autoDraw = True
22.9010 	DATA 	Keypress: return
23.2255 	DATA 	Keypress: 1
23.2421 	EXP 	cbFb: autoDraw = False
23.2421 	EXP 	textFb: autoDraw = False
23.2421 	EXP 	cbBuf: autoDraw = True
23.4120 	EXP 	fixCross: autoDraw = True
23.7376 	DATA 	Keypress: 1
23.9232 	EXP 	fixCross: autoDraw = False
24.1286 	EXP 	New trial (rep=0, index=1): OrderedDict([('playerId', 'Lukas'), ('avatarFile', 'images/avatar2.jpg'), ('choiceLabel', 'keep the investment'), ('actionLabel', 0), ('actionRound', 1)])
24.1469 	EXP 	RatingScale Slider: reset()
24.1617 	EXP 	cbBuf: autoDraw = False
24.1617 	EXP 	cbBuf: autoDraw = False
24.1617 	EXP 	fixCross: autoDraw = False
24.1617 	EXP 	text: text = 'This round you are playing with Lukas!'
24.1617 	EXP 	imagesbRnd: image = 'images/avatar2.jpg'
24.1617 	EXP 	cB_8: autoDraw = True
24.1617 	EXP 	text: autoDraw = True
24.1617 	EXP 	imagesbRnd: autoDraw = True
24.1617 	EXP 	Slider: autoDraw = True
24.6424 	DATA 	Keypress: left
24.9129 	DATA 	Keypress: return
24.9169 	DATA 	RatingScale Slider: (key response) rating=4
24.9169 	DATA 	RatingScale Slider: rating RT=0.770
24.9169 	DATA 	RatingScale Slider: history=[('5', 0.0), ('4', 0.495), ('4', 0.769)]
24.9466 	EXP 	cB_8: autoDraw = False
24.9466 	EXP 	text: autoDraw = False
24.9466 	EXP 	imagesbRnd: autoDraw = False
24.9466 	EXP 	Slider: autoDraw = False
24.9466 	EXP 	cB_9: autoDraw = True
25.4741 	EXP 	cB_9: autoDraw = False
25.4741 	EXP 	textFb: text = 'Lukas has decided not to cooperate and keep the investment. \nYou received 0 credits'
25.4741 	EXP 	cbFb: autoDraw = True
25.4741 	EXP 	textFb: autoDraw = True
27.4533 	EXP 	cbFb: autoDraw = False
27.4533 	EXP 	textFb: autoDraw = False
27.4533 	EXP 	cbBuf: autoDraw = True
27.6233 	EXP 	fixCross: autoDraw = True
28.1360 	EXP 	fixCross: autoDraw = False
28.3393 	EXP 	New trial (rep=0, index=2): OrderedDict([('playerId', 'Paul'), ('avatarFile', 'images/avatar1.jpg'), ('choiceLabel', 'keep the investment'), ('actionLabel', 0), ('actionRound', 1)])
28.4563 	EXP 	RatingScale Slider: reset()
28.4568 	DATA 	Keypress: 1
28.4747 	EXP 	cbBuf: autoDraw = False
28.4747 	EXP 	fixCross: autoDraw = False
28.4747 	EXP 	text: text = 'This round you are playing with Paul!'
28.4747 	EXP 	imagesbRnd: image = 'images/avatar1.jpg'
28.4747 	EXP 	cB_8: autoDraw = True
28.4747 	EXP 	text: autoDraw = True
28.4747 	EXP 	imagesbRnd: autoDraw = True
28.4747 	EXP 	Slider: autoDraw = True
28.9362 	DATA 	Keypress: 1
29.4794 	DATA 	Keypress: return
29.4828 	DATA 	RatingScale Slider: (key response) rating=5
29.4829 	DATA 	RatingScale Slider: rating RT=1.022
29.4829 	DATA 	RatingScale Slider: history=[('5', 0.0), ('5', 1.022)]
29.5130 	EXP 	cB_8: autoDraw = False
29.5130 	EXP 	text: autoDraw = False
29.5130 	EXP 	imagesbRnd: autoDraw = False
29.5130 	EXP 	Slider: autoDraw = False
29.5130 	EXP 	cB_9: autoDraw = True
30.0419 	EXP 	cB_9: autoDraw = False
30.0419 	EXP 	textFb: text = 'Paul has decided not to cooperate and keep the investment. \nYou received 0 credits'
30.0419 	EXP 	cbFb: autoDraw = True
30.0419 	EXP 	textFb: autoDraw = True
30.5537 	DATA 	Keypress: return
30.8246 	DATA 	Keypress: return
31.0130 	DATA 	Keypress: return
31.2017 	DATA 	Keypress: return
31.3703 	DATA 	Keypress: return
31.5425 	DATA 	Keypress: return
31.7284 	DATA 	Keypress: return
31.9013 	DATA 	Keypress: return
32.0184 	EXP 	cbFb: autoDraw = False
32.0184 	EXP 	textFb: autoDraw = False
32.0184 	EXP 	cbBuf: autoDraw = True
32.0866 	DATA 	Keypress: return
32.1896 	EXP 	fixCross: autoDraw = True
32.2917 	DATA 	Keypress: return
32.4630 	DATA 	Keypress: return
32.6348 	DATA 	Keypress: return
32.7016 	EXP 	fixCross: autoDraw = False
32.8031 	DATA 	Keypress: return
32.9058 	EXP 	New trial (rep=0, index=3): OrderedDict([('playerId', 'Lukas'), ('avatarFile', 'images/avatar2.jpg'), ('choiceLabel', 'keep the investment'), ('actionLabel', 0), ('actionRound', 1)])
32.9364 	EXP 	RatingScale Slider: reset()
32.9562 	EXP 	cbBuf: autoDraw = False
32.9562 	EXP 	fixCross: autoDraw = False
32.9562 	EXP 	text: text = 'This round you are playing with Lukas!'
32.9562 	EXP 	imagesbRnd: image = 'images/avatar2.jpg'
32.9562 	EXP 	cB_8: autoDraw = True
32.9562 	EXP 	text: autoDraw = True
32.9562 	EXP 	imagesbRnd: autoDraw = True
32.9562 	EXP 	Slider: autoDraw = True
33.0244 	DATA 	Keypress: return
33.6203 	DATA 	Keypress: return
33.6236 	DATA 	RatingScale Slider: (key response) rating=5
33.6236 	DATA 	RatingScale Slider: rating RT=0.686
33.6236 	DATA 	RatingScale Slider: history=[('5', 0.0), ('5', 0.686)]
33.6539 	EXP 	cB_8: autoDraw = False
33.6539 	EXP 	text: autoDraw = False
33.6539 	EXP 	imagesbRnd: autoDraw = False
33.6539 	EXP 	Slider: autoDraw = False
33.6539 	EXP 	cB_9: autoDraw = True
33.8420 	DATA 	Keypress: return
34.0798 	DATA 	Keypress: return
34.1818 	EXP 	cB_9: autoDraw = False
34.1818 	EXP 	textFb: text = 'Lukas has decided not to cooperate and keep the investment. \nYou received 0 credits'
34.1818 	EXP 	cbFb: autoDraw = True
34.1818 	EXP 	textFb: autoDraw = True
34.3182 	DATA 	Keypress: return
35.3058 	DATA 	Keypress: return
36.1605 	EXP 	cbFb: autoDraw = False
36.1605 	EXP 	textFb: autoDraw = False
36.1605 	EXP 	cbBuf: autoDraw = True
36.3334 	EXP 	fixCross: autoDraw = True
36.5204 	DATA 	Keypress: return
36.8437 	EXP 	fixCross: autoDraw = False
37.0512 	EXP 	New trial (rep=0, index=4): OrderedDict([('playerId', 'Paul'), ('avatarFile', 'images/avatar1.jpg'), ('choiceLabel', 'reciprocate'), ('actionLabel', 1), ('actionRound', 1)])
37.1075 	EXP 	RatingScale Slider: reset()
37.1339 	EXP 	cbBuf: autoDraw = False
37.1339 	EXP 	fixCross: autoDraw = False
37.1339 	EXP 	text: text = 'This round you are playing with Paul!'
37.1339 	EXP 	imagesbRnd: image = 'images/avatar1.jpg'
37.1339 	EXP 	cB_8: autoDraw = True
37.1339 	EXP 	text: autoDraw = True
37.1339 	EXP 	imagesbRnd: autoDraw = True
37.1339 	EXP 	Slider: autoDraw = True
37.3039 	DATA 	Keypress: return
37.8370 	DATA 	Keypress: return
37.8371 	DATA 	RatingScale Slider: (key response) rating=5
37.8372 	DATA 	RatingScale Slider: rating RT=0.726
37.8372 	DATA 	RatingScale Slider: history=[('5', 0.0), ('5', 0.726)]
37.8677 	EXP 	cB_8: autoDraw = False
37.8677 	EXP 	text: autoDraw = False
37.8677 	EXP 	imagesbRnd: autoDraw = False
37.8677 	EXP 	Slider: autoDraw = False
37.8677 	EXP 	cB_9: autoDraw = True
38.3963 	EXP 	cB_9: autoDraw = False
38.3963 	EXP 	textFb: text = 'Paul has decided to reciprocate \nYou receive 5 credits'
38.3963 	EXP 	cbFb: autoDraw = True
38.3963 	EXP 	textFb: autoDraw = True
39.1459 	DATA 	Keypress: return
39.7415 	DATA 	Keypress: return
40.3731 	EXP 	cbFb: autoDraw = False
40.3731 	EXP 	textFb: autoDraw = False
40.3731 	EXP 	cbBuf: autoDraw = True
40.5434 	EXP 	fixCross: autoDraw = True
40.6981 	DATA 	Keypress: return
41.0536 	EXP 	fixCross: autoDraw = False
41.2584 	EXP 	New trial (rep=0, index=5): OrderedDict([('playerId', 'Paul'), ('avatarFile', 'images/avatar1.jpg'), ('choiceLabel', 'keep the investment'), ('actionLabel', 0), ('actionRound', 1)])
41.3074 	EXP 	RatingScale Slider: reset()
41.3079 	DATA 	Keypress: return
41.3260 	EXP 	cbBuf: autoDraw = False
41.3260 	EXP 	fixCross: autoDraw = False
41.3260 	EXP 	text: text = 'This round you are playing with Paul!'
41.3260 	EXP 	imagesbRnd: image = 'images/avatar1.jpg'
41.3260 	EXP 	cB_8: autoDraw = True
41.3260 	EXP 	text: autoDraw = True
41.3260 	EXP 	imagesbRnd: autoDraw = True
41.3260 	EXP 	Slider: autoDraw = True
41.7522 	DATA 	Keypress: return
41.7555 	DATA 	RatingScale Slider: (key response) rating=5
41.7556 	DATA 	RatingScale Slider: rating RT=0.447
41.7556 	DATA 	RatingScale Slider: history=[('5', 0.0), ('5', 0.447)]
41.7857 	EXP 	cB_8: autoDraw = False
41.7857 	EXP 	text: autoDraw = False
41.7857 	EXP 	imagesbRnd: autoDraw = False
41.7857 	EXP 	Slider: autoDraw = False
41.7857 	EXP 	cB_9: autoDraw = True
42.3137 	EXP 	cB_9: autoDraw = False
42.3137 	EXP 	textFb: text = 'Paul has decided not to cooperate and keep the investment. \nYou received 0 credits'
42.3137 	EXP 	cbFb: autoDraw = True
42.3137 	EXP 	textFb: autoDraw = True
42.5537 	DATA 	Keypress: return
43.3053 	DATA 	Keypress: return
44.2940 	EXP 	cbFb: autoDraw = False
44.2940 	EXP 	textFb: autoDraw = False
44.2940 	EXP 	cbBuf: autoDraw = True
44.4651 	EXP 	fixCross: autoDraw = True
44.6023 	DATA 	Keypress: return
44.9769 	EXP 	fixCross: autoDraw = False
45.1823 	EXP 	New trial (rep=0, index=6): OrderedDict([('playerId', 'Paul'), ('avatarFile', 'images/avatar1.jpg'), ('choiceLabel', 'reciprocate'), ('actionLabel', 1), ('actionRound', 1)])
45.2309 	EXP 	RatingScale Slider: reset()
45.2495 	EXP 	cbBuf: autoDraw = False
45.2495 	EXP 	fixCross: autoDraw = False
45.2495 	EXP 	text: text = 'This round you are playing with Paul!'
45.2495 	EXP 	imagesbRnd: image = 'images/avatar1.jpg'
45.2495 	EXP 	cB_8: autoDraw = True
45.2495 	EXP 	text: autoDraw = True
45.2495 	EXP 	imagesbRnd: autoDraw = True
45.2495 	EXP 	Slider: autoDraw = True
45.2836 	DATA 	Keypress: return
45.8808 	DATA 	Keypress: return
45.8840 	DATA 	RatingScale Slider: (key response) rating=5
45.8841 	DATA 	RatingScale Slider: rating RT=0.653
45.8841 	DATA 	RatingScale Slider: history=[('5', 0.0), ('5', 0.653)]
45.9144 	EXP 	cB_8: autoDraw = False
45.9144 	EXP 	text: autoDraw = False
45.9144 	EXP 	imagesbRnd: autoDraw = False
45.9144 	EXP 	Slider: autoDraw = False
45.9144 	EXP 	cB_9: autoDraw = True
46.4404 	EXP 	cB_9: autoDraw = False
46.4404 	EXP 	textFb: text = 'Paul has decided to reciprocate \nYou receive 5 credits'
46.4404 	EXP 	cbFb: autoDraw = True
46.4404 	EXP 	textFb: autoDraw = True
48.4189 	EXP 	cbFb: autoDraw = False
48.4189 	EXP 	textFb: autoDraw = False
48.4189 	EXP 	cbBuf: autoDraw = True
48.5892 	EXP 	fixCross: autoDraw = True
49.1016 	EXP 	fixCross: autoDraw = False
49.3072 	EXP 	New trial (rep=0, index=7): OrderedDict([('playerId', 'Lukas'), ('avatarFile', 'images/avatar2.jpg'), ('choiceLabel', 'reciprocate'), ('actionLabel', 1), ('actionRound', 1)])
49.3774 	EXP 	RatingScale Slider: reset()
49.3963 	EXP 	cbBuf: autoDraw = False
49.3963 	EXP 	fixCross: autoDraw = False
49.3963 	EXP 	text: text = 'This round you are playing with Lukas!'
49.3963 	EXP 	imagesbRnd: image = 'images/avatar2.jpg'
49.3963 	EXP 	cB_8: autoDraw = True
49.3963 	EXP 	text: autoDraw = True
49.3963 	EXP 	imagesbRnd: autoDraw = True
49.3963 	EXP 	Slider: autoDraw = True
49.7326 	DATA 	Keypress: return
50.3471 	DATA 	Keypress: return
50.3504 	DATA 	RatingScale Slider: (key response) rating=5
50.3504 	DATA 	RatingScale Slider: rating RT=0.969
50.3505 	DATA 	RatingScale Slider: history=[('5', 0.0), ('5', 0.969)]
50.3803 	EXP 	cB_8: autoDraw = False
50.3803 	EXP 	text: autoDraw = False
50.3803 	EXP 	imagesbRnd: autoDraw = False
50.3803 	EXP 	Slider: autoDraw = False
50.3803 	EXP 	cB_9: autoDraw = True
50.9108 	EXP 	cB_9: autoDraw = False
50.9108 	EXP 	textFb: text = 'Lukas has decided to reciprocate \nYou receive 5 credits'
50.9108 	EXP 	cbFb: autoDraw = True
50.9108 	EXP 	textFb: autoDraw = True
52.8895 	EXP 	cbFb: autoDraw = False
52.8895 	EXP 	textFb: autoDraw = False
52.8895 	EXP 	cbBuf: autoDraw = True
53.0619 	EXP 	fixCross: autoDraw = True
53.3832 	DATA 	Keypress: return
53.5710 	EXP 	fixCross: autoDraw = False
53.7759 	EXP 	New trial (rep=0, index=8): OrderedDict([('playerId', 'Paul'), ('avatarFile', 'images/avatar1.jpg'), ('choiceLabel', 'reciprocate'), ('actionLabel', 1), ('actionRound', 1)])
53.8333 	EXP 	RatingScale Slider: reset()
53.8602 	EXP 	cbBuf: autoDraw = False
53.8602 	EXP 	fixCross: autoDraw = False
53.8602 	EXP 	text: text = 'This round you are playing with Paul!'
53.8602 	EXP 	imagesbRnd: image = 'images/avatar1.jpg'
53.8602 	EXP 	cB_8: autoDraw = True
53.8602 	EXP 	text: autoDraw = True
53.8602 	EXP 	imagesbRnd: autoDraw = True
53.8602 	EXP 	Slider: autoDraw = True
53.9629 	DATA 	Keypress: return
54.4738 	DATA 	Keypress: return
54.4772 	DATA 	RatingScale Slider: (key response) rating=5
54.4772 	DATA 	RatingScale Slider: rating RT=0.640
54.4773 	DATA 	RatingScale Slider: history=[('5', 0.0), ('5', 0.64)]
54.5073 	EXP 	cB_8: autoDraw = False
54.5073 	EXP 	text: autoDraw = False
54.5073 	EXP 	imagesbRnd: autoDraw = False
54.5073 	EXP 	Slider: autoDraw = False
54.5073 	EXP 	cB_9: autoDraw = True
55.0368 	EXP 	cB_9: autoDraw = False
55.0368 	EXP 	textFb: text = 'Paul has decided to reciprocate \nYou receive 5 credits'
55.0368 	EXP 	cbFb: autoDraw = True
55.0368 	EXP 	textFb: autoDraw = True
56.6727 	DATA 	Keypress: return
57.0121 	EXP 	cbFb: autoDraw = False
57.0121 	EXP 	textFb: autoDraw = False
57.0121 	EXP 	cbBuf: autoDraw = True
57.1821 	EXP 	fixCross: autoDraw = True
57.4549 	DATA 	Keypress: return
57.6946 	EXP 	fixCross: autoDraw = False
57.8978 	EXP 	New trial (rep=0, index=9): OrderedDict([('playerId', 'Lukas'), ('avatarFile', 'images/avatar2.jpg'), ('choiceLabel', 'reciprocate'), ('actionLabel', 1), ('actionRound', 1)])
57.9212 	EXP 	RatingScale Slider: reset()
57.9484 	EXP 	cbBuf: autoDraw = False
57.9484 	EXP 	fixCross: autoDraw = False
57.9484 	EXP 	text: text = 'This round you are playing with Lukas!'
57.9484 	EXP 	imagesbRnd: image = 'images/avatar2.jpg'
57.9484 	EXP 	cB_8: autoDraw = True
57.9484 	EXP 	text: autoDraw = True
57.9484 	EXP 	imagesbRnd: autoDraw = True
57.9484 	EXP 	Slider: autoDraw = True
58.5120 	DATA 	Keypress: return
58.5152 	DATA 	RatingScale Slider: (key response) rating=5
58.5152 	DATA 	RatingScale Slider: rating RT=0.591
58.5152 	DATA 	RatingScale Slider: history=[('5', 0.0), ('5', 0.591)]
58.5469 	EXP 	cB_8: autoDraw = False
58.5469 	EXP 	text: autoDraw = False
58.5469 	EXP 	imagesbRnd: autoDraw = False
58.5469 	EXP 	Slider: autoDraw = False
58.5469 	EXP 	cB_9: autoDraw = True
59.0752 	EXP 	cB_9: autoDraw = False
59.0752 	EXP 	textFb: text = 'Lukas has decided to reciprocate \nYou receive 5 credits'
59.0752 	EXP 	cbFb: autoDraw = True
59.0752 	EXP 	textFb: autoDraw = True
59.6396 	DATA 	Keypress: return
60.7991 	DATA 	Keypress: return
61.0537 	EXP 	cbFb: autoDraw = False
61.0537 	EXP 	textFb: autoDraw = False
61.0537 	EXP 	cbBuf: autoDraw = True
61.2268 	EXP 	fixCross: autoDraw = True
61.4473 	DATA 	Keypress: return
61.7362 	EXP 	fixCross: autoDraw = False
61.9431 	EXP 	New trial (rep=0, index=10): OrderedDict([('playerId', 'Lukas'), ('avatarFile', 'images/avatar2.jpg'), ('choiceLabel', 'keep the investment'), ('actionLabel', 0), ('actionRound', 1)])
61.9572 	EXP 	RatingScale Slider: reset()
61.9748 	EXP 	cbBuf: autoDraw = False
61.9748 	EXP 	fixCross: autoDraw = False
61.9748 	EXP 	text: text = 'This round you are playing with Lukas!'
61.9748 	EXP 	imagesbRnd: image = 'images/avatar2.jpg'
61.9748 	EXP 	cB_8: autoDraw = True
61.9748 	EXP 	text: autoDraw = True
61.9748 	EXP 	imagesbRnd: autoDraw = True
61.9748 	EXP 	Slider: autoDraw = True
62.4001 	DATA 	Keypress: return
62.4033 	DATA 	RatingScale Slider: (key response) rating=5
62.4034 	DATA 	RatingScale Slider: rating RT=0.446
62.4034 	DATA 	RatingScale Slider: history=[('5', 0.0), ('5', 0.446)]
62.4337 	EXP 	cB_8: autoDraw = False
62.4337 	EXP 	text: autoDraw = False
62.4337 	EXP 	imagesbRnd: autoDraw = False
62.4337 	EXP 	Slider: autoDraw = False
62.4337 	EXP 	cB_9: autoDraw = True
62.9623 	EXP 	cB_9: autoDraw = False
62.9623 	EXP 	textFb: text = 'Lukas has decided not to cooperate and keep the investment. \nYou received 0 credits'
62.9623 	EXP 	cbFb: autoDraw = True
62.9623 	EXP 	textFb: autoDraw = True
63.4397 	DATA 	Keypress: return
64.0361 	DATA 	Keypress: return
64.9414 	EXP 	cbFb: autoDraw = False
64.9414 	EXP 	textFb: autoDraw = False
64.9414 	EXP 	cbBuf: autoDraw = True
65.0428 	DATA 	Keypress: return
65.1095 	EXP 	fixCross: autoDraw = True
65.6210 	EXP 	fixCross: autoDraw = False
65.6215 	DATA 	Keypress: return
65.8266 	EXP 	New trial (rep=0, index=11): OrderedDict([('playerId', 'Paul'), ('avatarFile', 'images/avatar1.jpg'), ('choiceLabel', 'reciprocate'), ('actionLabel', 1), ('actionRound', 1)])
65.8829 	EXP 	RatingScale Slider: reset()
65.9096 	EXP 	cbBuf: autoDraw = False
65.9096 	EXP 	fixCross: autoDraw = False
65.9096 	EXP 	text: text = 'This round you are playing with Paul!'
65.9096 	EXP 	imagesbRnd: image = 'images/avatar1.jpg'
65.9096 	EXP 	cB_8: autoDraw = True
65.9096 	EXP 	text: autoDraw = True
65.9096 	EXP 	imagesbRnd: autoDraw = True
65.9096 	EXP 	Slider: autoDraw = True
66.3528 	DATA 	Keypress: return
66.3563 	DATA 	RatingScale Slider: (key response) rating=5
66.3564 	DATA 	RatingScale Slider: rating RT=0.469
66.3564 	DATA 	RatingScale Slider: history=[('5', 0.0), ('5', 0.469)]
66.3865 	EXP 	cB_8: autoDraw = False
66.3865 	EXP 	text: autoDraw = False
66.3865 	EXP 	imagesbRnd: autoDraw = False
66.3865 	EXP 	Slider: autoDraw = False
66.3865 	EXP 	cB_9: autoDraw = True
66.9159 	EXP 	cB_9: autoDraw = False
66.9159 	EXP 	textFb: text = 'Paul has decided to reciprocate \nYou receive 5 credits'
66.9159 	EXP 	cbFb: autoDraw = True
66.9159 	EXP 	textFb: autoDraw = True
68.6426 	DATA 	Keypress: return
68.8965 	EXP 	cbFb: autoDraw = False
68.8965 	EXP 	textFb: autoDraw = False
68.8965 	EXP 	cbBuf: autoDraw = True
69.0665 	EXP 	fixCross: autoDraw = True
69.5780 	EXP 	fixCross: autoDraw = False
69.7841 	EXP 	New trial (rep=0, index=12): OrderedDict([('playerId', 'Paul'), ('avatarFile', 'images/avatar1.jpg'), ('choiceLabel', 'reciprocate'), ('actionLabel', 1), ('actionRound', 1)])
69.8335 	EXP 	RatingScale Slider: reset()
69.8514 	EXP 	cbBuf: autoDraw = False
69.8514 	EXP 	fixCross: autoDraw = False
69.8514 	EXP 	text: text = 'This round you are playing with Paul!'
69.8514 	EXP 	imagesbRnd: image = 'images/avatar1.jpg'
69.8514 	EXP 	cB_8: autoDraw = True
69.8514 	EXP 	text: autoDraw = True
69.8514 	EXP 	imagesbRnd: autoDraw = True
69.8514 	EXP 	Slider: autoDraw = True
70.1585 	DATA 	Keypress: return
70.6559 	DATA 	Keypress: return
70.6560 	DATA 	RatingScale Slider: (key response) rating=5
70.6561 	DATA 	RatingScale Slider: rating RT=0.822
70.6561 	DATA 	RatingScale Slider: history=[('5', 0.0), ('5', 0.822)]
70.6874 	EXP 	cB_8: autoDraw = False
70.6874 	EXP 	text: autoDraw = False
70.6874 	EXP 	imagesbRnd: autoDraw = False
70.6874 	EXP 	Slider: autoDraw = False
70.6874 	EXP 	cB_9: autoDraw = True
71.1999 	EXP 	cB_9: autoDraw = False
71.1999 	EXP 	textFb: text = 'Paul has decided to reciprocate \nYou receive 5 credits'
71.1999 	EXP 	cbFb: autoDraw = True
71.1999 	EXP 	textFb: autoDraw = True
73.1936 	EXP 	cbFb: autoDraw = False
73.1936 	EXP 	textFb: autoDraw = False
73.1936 	EXP 	cbBuf: autoDraw = True
73.3645 	EXP 	fixCross: autoDraw = True
73.6056 	DATA 	Keypress: return
73.8762 	EXP 	fixCross: autoDraw = False
74.0821 	EXP 	New trial (rep=0, index=13): OrderedDict([('playerId', 'Paul'), ('avatarFile', 'images/avatar1.jpg'), ('choiceLabel', 'keep the investment'), ('actionLabel', 0), ('actionRound', 1)])
74.1298 	EXP 	RatingScale Slider: reset()
74.1498 	EXP 	cbBuf: autoDraw = False
74.1498 	EXP 	fixCross: autoDraw = False
74.1498 	EXP 	text: text = 'This round you are playing with Paul!'
74.1498 	EXP 	imagesbRnd: image = 'images/avatar1.jpg'
74.1498 	EXP 	cB_8: autoDraw = True
74.1498 	EXP 	text: autoDraw = True
74.1498 	EXP 	imagesbRnd: autoDraw = True
74.1498 	EXP 	Slider: autoDraw = True
74.5249 	DATA 	Keypress: return
75.0391 	DATA 	Keypress: return
75.0392 	DATA 	RatingScale Slider: (key response) rating=5
75.0393 	DATA 	RatingScale Slider: rating RT=0.909
75.0393 	DATA 	RatingScale Slider: history=[('5', 0.0), ('5', 0.909)]
75.0714 	EXP 	cB_8: autoDraw = False
75.0714 	EXP 	text: autoDraw = False
75.0714 	EXP 	imagesbRnd: autoDraw = False
75.0714 	EXP 	Slider: autoDraw = False
75.0714 	EXP 	cB_9: autoDraw = True
75.5978 	EXP 	cB_9: autoDraw = False
75.5978 	EXP 	textFb: text = 'Paul has decided not to cooperate and keep the investment. \nYou received 0 credits'
75.5978 	EXP 	cbFb: autoDraw = True
75.5978 	EXP 	textFb: autoDraw = True
77.3563 	DATA 	Keypress: return
77.5760 	EXP 	cbFb: autoDraw = False
77.5760 	EXP 	textFb: autoDraw = False
77.5760 	EXP 	cbBuf: autoDraw = True
77.7461 	EXP 	fixCross: autoDraw = True
78.0878 	DATA 	Keypress: return
78.2556 	EXP 	fixCross: autoDraw = False
78.4603 	EXP 	New trial (rep=0, index=14): OrderedDict([('playerId', 'Lukas'), ('avatarFile', 'images/avatar2.jpg'), ('choiceLabel', 'keep the investment'), ('actionLabel', 0), ('actionRound', 1)])
78.5199 	EXP 	RatingScale Slider: reset()
78.5447 	EXP 	cbBuf: autoDraw = False
78.5447 	EXP 	fixCross: autoDraw = False
78.5447 	EXP 	text: text = 'This round you are playing with Lukas!'
78.5447 	EXP 	imagesbRnd: image = 'images/avatar2.jpg'
78.5447 	EXP 	cB_8: autoDraw = True
78.5447 	EXP 	text: autoDraw = True
78.5447 	EXP 	imagesbRnd: autoDraw = True
78.5447 	EXP 	Slider: autoDraw = True
78.7665 	DATA 	Keypress: return
79.5037 	DATA 	Keypress: return
79.5201 	DATA 	RatingScale Slider: (key response) rating=5
79.5202 	DATA 	RatingScale Slider: rating RT=0.996
79.5202 	DATA 	RatingScale Slider: history=[('5', 0.0), ('5', 0.996)]
79.5511 	EXP 	cB_8: autoDraw = False
79.5511 	EXP 	text: autoDraw = False
79.5511 	EXP 	imagesbRnd: autoDraw = False
79.5511 	EXP 	Slider: autoDraw = False
79.5511 	EXP 	cB_9: autoDraw = True
80.0795 	EXP 	cB_9: autoDraw = False
80.0795 	EXP 	textFb: text = 'Lukas has decided not to cooperate and keep the investment. \nYou received 0 credits'
80.0795 	EXP 	cbFb: autoDraw = True
80.0795 	EXP 	textFb: autoDraw = True
81.8705 	DATA 	Keypress: return
82.0552 	EXP 	cbFb: autoDraw = False
82.0552 	EXP 	textFb: autoDraw = False
82.0552 	EXP 	cbBuf: autoDraw = True
82.2260 	EXP 	fixCross: autoDraw = True
82.6882 	DATA 	Keypress: return
82.7380 	EXP 	fixCross: autoDraw = False
82.9429 	EXP 	New trial (rep=0, index=15): OrderedDict([('playerId', 'Lukas'), ('avatarFile', 'images/avatar2.jpg'), ('choiceLabel', 'keep the investment'), ('actionLabel', 0), ('actionRound', 1)])
82.9573 	EXP 	RatingScale Slider: reset()
82.9760 	EXP 	cbBuf: autoDraw = False
82.9760 	EXP 	fixCross: autoDraw = False
82.9760 	EXP 	text: text = 'This round you are playing with Lukas!'
82.9760 	EXP 	imagesbRnd: image = 'images/avatar2.jpg'
82.9760 	EXP 	cB_8: autoDraw = True
82.9760 	EXP 	text: autoDraw = True
82.9760 	EXP 	imagesbRnd: autoDraw = True
82.9760 	EXP 	Slider: autoDraw = True
83.4069 	DATA 	Keypress: return
83.4070 	DATA 	RatingScale Slider: (key response) rating=5
83.4071 	DATA 	RatingScale Slider: rating RT=0.449
83.4071 	DATA 	RatingScale Slider: history=[('5', 0.0), ('5', 0.449)]
83.4376 	EXP 	cB_8: autoDraw = False
83.4376 	EXP 	text: autoDraw = False
83.4376 	EXP 	imagesbRnd: autoDraw = False
83.4376 	EXP 	Slider: autoDraw = False
83.4376 	EXP 	cB_9: autoDraw = True
83.9471 	EXP 	cB_9: autoDraw = False
83.9471 	EXP 	textFb: text = 'Lukas has decided not to cooperate and keep the investment. \nYou received 0 credits'
83.9471 	EXP 	cbFb: autoDraw = True
83.9471 	EXP 	textFb: autoDraw = True
85.2255 	DATA 	Keypress: return
85.9408 	EXP 	cbFb: autoDraw = False
85.9408 	EXP 	textFb: autoDraw = False
85.9408 	EXP 	cbBuf: autoDraw = True
86.0943 	DATA 	Keypress: return
86.1111 	EXP 	fixCross: autoDraw = True
86.6221 	EXP 	fixCross: autoDraw = False
86.8277 	EXP 	New trial (rep=0, index=16): OrderedDict([('playerId', 'Lukas'), ('avatarFile', 'images/avatar2.jpg'), ('choiceLabel', 'keep the investment'), ('actionLabel', 0), ('actionRound', 1)])
86.8415 	EXP 	RatingScale Slider: reset()
86.8611 	EXP 	cbBuf: autoDraw = False
86.8611 	EXP 	fixCross: autoDraw = False
86.8611 	EXP 	text: text = 'This round you are playing with Lukas!'
86.8611 	EXP 	imagesbRnd: image = 'images/avatar2.jpg'
86.8611 	EXP 	cB_8: autoDraw = True
86.8611 	EXP 	text: autoDraw = True
86.8611 	EXP 	imagesbRnd: autoDraw = True
86.8611 	EXP 	Slider: autoDraw = True
86.8782 	DATA 	Keypress: return
87.6107 	DATA 	Keypress: return
87.6139 	DATA 	RatingScale Slider: (key response) rating=5
87.6140 	DATA 	RatingScale Slider: rating RT=0.772
87.6140 	DATA 	RatingScale Slider: history=[('5', 0.0), ('5', 0.772)]
87.6443 	EXP 	cB_8: autoDraw = False
87.6443 	EXP 	text: autoDraw = False
87.6443 	EXP 	imagesbRnd: autoDraw = False
87.6443 	EXP 	Slider: autoDraw = False
87.6443 	EXP 	cB_9: autoDraw = True
88.1555 	EXP 	cB_9: autoDraw = False
88.1555 	EXP 	textFb: text = 'Lukas has decided not to cooperate and keep the investment. \nYou received 0 credits'
88.1555 	EXP 	cbFb: autoDraw = True
88.1555 	EXP 	textFb: autoDraw = True
89.0266 	DATA 	Keypress: return
89.6239 	DATA 	Keypress: return
90.1525 	EXP 	cbFb: autoDraw = False
90.1525 	EXP 	textFb: autoDraw = False
90.1525 	EXP 	cbBuf: autoDraw = True
90.3222 	EXP 	fixCross: autoDraw = True
90.6465 	DATA 	Keypress: return
90.8355 	EXP 	fixCross: autoDraw = False
91.0405 	EXP 	New trial (rep=0, index=17): OrderedDict([('playerId', 'Lukas'), ('avatarFile', 'images/avatar2.jpg'), ('choiceLabel', 'keep the investment'), ('actionLabel', 0), ('actionRound', 1)])
91.0549 	EXP 	RatingScale Slider: reset()
91.0740 	EXP 	cbBuf: autoDraw = False
91.0740 	EXP 	fixCross: autoDraw = False
91.0740 	EXP 	text: text = 'This round you are playing with Lukas!'
91.0740 	EXP 	imagesbRnd: image = 'images/avatar2.jpg'
91.0740 	EXP 	cB_8: autoDraw = True
91.0740 	EXP 	text: autoDraw = True
91.0740 	EXP 	imagesbRnd: autoDraw = True
91.0740 	EXP 	Slider: autoDraw = True
91.5703 	DATA 	Keypress: return
91.5737 	DATA 	RatingScale Slider: (key response) rating=5
91.5737 	DATA 	RatingScale Slider: rating RT=0.518
91.5738 	DATA 	RatingScale Slider: history=[('5', 0.0), ('5', 0.518)]
91.6019 	EXP 	cB_8: autoDraw = False
91.6019 	EXP 	text: autoDraw = False
91.6019 	EXP 	imagesbRnd: autoDraw = False
91.6019 	EXP 	Slider: autoDraw = False
91.6019 	EXP 	cB_9: autoDraw = True
92.1136 	EXP 	cB_9: autoDraw = False
92.1136 	EXP 	textFb: text = 'Lukas has decided not to cooperate and keep the investment. \nYou received 0 credits'
92.1136 	EXP 	cbFb: autoDraw = True
92.1136 	EXP 	textFb: autoDraw = True
93.2757 	DATA 	Keypress: return
94.1095 	EXP 	cbFb: autoDraw = False
94.1095 	EXP 	textFb: autoDraw = False
94.1095 	EXP 	cbBuf: autoDraw = True
94.2803 	EXP 	fixCross: autoDraw = True
94.7923 	EXP 	fixCross: autoDraw = False
94.9981 	EXP 	New trial (rep=0, index=18): OrderedDict([('playerId', 'Paul'), ('avatarFile', 'images/avatar1.jpg'), ('choiceLabel', 'reciprocate'), ('actionLabel', 1), ('actionRound', 1)])
95.0728 	EXP 	RatingScale Slider: reset()
95.0991 	EXP 	cbBuf: autoDraw = False
95.0991 	EXP 	fixCross: autoDraw = False
95.0991 	EXP 	text: text = 'This round you are playing with Paul!'
95.0991 	EXP 	imagesbRnd: image = 'images/avatar1.jpg'
95.0991 	EXP 	cB_8: autoDraw = True
95.0991 	EXP 	text: autoDraw = True
95.0991 	EXP 	imagesbRnd: autoDraw = True
95.0991 	EXP 	Slider: autoDraw = True
95.4920 	DATA 	Keypress: return
95.4953 	DATA 	RatingScale Slider: (key response) rating=5
95.4954 	DATA 	RatingScale Slider: rating RT=0.418
95.4954 	DATA 	RatingScale Slider: history=[('5', 0.0), ('5', 0.418)]
95.5256 	EXP 	cB_8: autoDraw = False
95.5256 	EXP 	text: autoDraw = False
95.5256 	EXP 	imagesbRnd: autoDraw = False
95.5256 	EXP 	Slider: autoDraw = False
95.5256 	EXP 	cB_9: autoDraw = True
96.0554 	EXP 	cB_9: autoDraw = False
96.0554 	EXP 	textFb: text = 'Paul has decided to reciprocate \nYou receive 5 credits'
96.0554 	EXP 	cbFb: autoDraw = True
96.0554 	EXP 	textFb: autoDraw = True
98.0336 	EXP 	cbFb: autoDraw = False
98.0336 	EXP 	textFb: autoDraw = False
98.0336 	EXP 	cbBuf: autoDraw = True
98.2057 	EXP 	fixCross: autoDraw = True
98.5136 	DATA 	Keypress: return
98.7171 	EXP 	fixCross: autoDraw = False
98.9344 	EXP 	Imported sliders.xlsx as conditions, 6 conditions, 5 params
98.9347 	EXP 	Created sequence: random, trialTypes=6, nReps=5, seed=None
98.9351 	EXP 	New trial (rep=0, index=0): OrderedDict([('sliderID', 3), ('sliderText', 'How much do you like Lukas?'), ('sliderLabels', 'not at all, very much'), ('sliderMin', 1), ('sliderMax', 7)])
98.9361 	EXP 	RatingScale rating: reset()
98.9557 	EXP 	cbBuf: autoDraw = False
98.9557 	EXP 	fixCross: autoDraw = False
98.9557 	EXP 	cB_11: autoDraw = True
98.9557 	EXP 	rating: autoDraw = True
99.2794 	DATA 	Keypress: return
99.4666 	EXP 	cB_11: autoDraw = False
100.3185 	DATA 	Keypress: down
100.7256 	DATA 	Keypress: left
100.9159 	DATA 	Keypress: right
101.1882 	DATA 	Keypress: right
101.3577 	DATA 	Keypress: right
103.7844 	DATA 	Keypress: return
103.7866 	DATA 	RatingScale rating: (key response) rating=6
103.7866 	DATA 	RatingScale rating: rating RT=4.850
103.7866 	DATA 	RatingScale rating: history=[(4.0, 0.0), (3, 1.791), (4, 1.981), (5, 2.254), (6, 2.423), (6, 4.85)]
103.8025 	EXP 	New trial (rep=0, index=1): OrderedDict([('sliderID', 2), ('sliderText', 'How much do you want to continue playing with Paul?'), ('sliderLabels', 'not at all, very much'), ('sliderMin', 1), ('sliderMax', 7)])
103.8085 	EXP 	RatingScale rating: reset()
103.8217 	EXP 	cB_11: autoDraw = False
103.8217 	EXP 	rating: autoDraw = False
103.8217 	EXP 	cB_11: autoDraw = True
103.8217 	EXP 	rating: autoDraw = True
104.3317 	EXP 	cB_11: autoDraw = False
105.1315 	DATA 	Keypress: left
105.3180 	DATA 	Keypress: left
105.5907 	DATA 	Keypress: return
105.5934 	DATA 	RatingScale rating: (key response) rating=2
105.5936 	DATA 	RatingScale rating: rating RT=1.785
105.5936 	DATA 	RatingScale rating: history=[(4.0, 0.0), (3, 1.324), (2, 1.511), (2, 1.784)]
105.6085 	EXP 	New trial (rep=0, index=2): OrderedDict([('sliderID', 6), ('sliderText', 'How activated are you right now?'), ('sliderLabels', 'low, high'), ('sliderMin', 1), ('sliderMax', 7)])
105.6149 	EXP 	RatingScale rating: reset()
105.6277 	EXP 	cB_11: autoDraw = False
105.6277 	EXP 	rating: autoDraw = False
105.6277 	EXP 	cB_11: autoDraw = True
105.6277 	EXP 	rating: autoDraw = True
106.1358 	EXP 	cB_11: autoDraw = False
106.5987 	DATA 	Keypress: left
106.7842 	DATA 	Keypress: left
106.9885 	DATA 	Keypress: return
106.9906 	DATA 	RatingScale rating: (key response) rating=2
106.9906 	DATA 	RatingScale rating: rating RT=1.375
106.9906 	DATA 	RatingScale rating: history=[(4.0, 0.0), (3, 0.985), (2, 1.171), (2, 1.375)]
107.0063 	EXP 	New trial (rep=0, index=3): OrderedDict([('sliderID', 1), ('sliderText', 'How much do you like Paul?'), ('sliderLabels', 'not at all, very much'), ('sliderMin', 1), ('sliderMax', 7)])
107.0125 	EXP 	RatingScale rating: reset()
107.0252 	EXP 	cB_11: autoDraw = False
107.0252 	EXP 	rating: autoDraw = False
107.0252 	EXP 	cB_11: autoDraw = True
107.0252 	EXP 	rating: autoDraw = True
107.5327 	EXP 	cB_11: autoDraw = False
107.6181 	DATA 	Keypress: left
107.7906 	DATA 	Keypress: left
108.0148 	DATA 	Keypress: return
108.0169 	DATA 	RatingScale rating: (key response) rating=2
108.0169 	DATA 	RatingScale rating: rating RT=1.004
108.0169 	DATA 	RatingScale rating: history=[(4.0, 0.0), (3, 0.607), (2, 0.78), (2, 1.004)]
108.0324 	EXP 	New trial (rep=0, index=4): OrderedDict([('sliderID', 4), ('sliderText', 'How much do you want to continue playing with Lukas?'), ('sliderLabels', 'not at all, very much'), ('sliderMin', 1), ('sliderMax', 7)])
108.0385 	EXP 	RatingScale rating: reset()
108.0533 	EXP 	cB_11: autoDraw = False
108.0533 	EXP 	rating: autoDraw = False
108.0533 	EXP 	cB_11: autoDraw = True
108.0533 	EXP 	rating: autoDraw = True
108.5572 	EXP 	cB_11: autoDraw = False
108.6933 	DATA 	Keypress: right
108.8841 	DATA 	Keypress: right
109.1200 	DATA 	Keypress: return
109.1221 	DATA 	RatingScale rating: (key response) rating=6
109.1221 	DATA 	RatingScale rating: rating RT=1.083
109.1222 	DATA 	RatingScale rating: history=[(4.0, 0.0), (5, 0.656), (6, 0.845), (6, 1.083)]
109.1378 	EXP 	New trial (rep=0, index=5): OrderedDict([('sliderID', 5), ('sliderText', 'How do you feel?'), ('sliderLabels', 'negative, positive'), ('sliderMin', 1), ('sliderMax', 7)])
109.1437 	EXP 	RatingScale rating: reset()
109.1565 	EXP 	cB_11: autoDraw = False
109.1565 	EXP 	rating: autoDraw = False
109.1565 	EXP 	cB_11: autoDraw = True
109.1565 	EXP 	rating: autoDraw = True
109.6643 	EXP 	cB_11: autoDraw = False
109.9023 	DATA 	Keypress: right
110.1948 	DATA 	Keypress: return
110.1950 	DATA 	RatingScale rating: (key response) rating=5
110.1950 	DATA 	RatingScale rating: rating RT=1.051
110.1950 	DATA 	RatingScale rating: history=[(4.0, 0.0), (5, 0.76), (5, 1.051)]
110.2105 	EXP 	New trial (rep=1, index=0): OrderedDict([('sliderID', 1), ('sliderText', 'How much do you like Paul?'), ('sliderLabels', 'not at all, very much'), ('sliderMin', 1), ('sliderMax', 7)])
110.2167 	EXP 	RatingScale rating: reset()
110.2315 	EXP 	cB_11: autoDraw = False
110.2315 	EXP 	rating: autoDraw = False
110.2315 	EXP 	cB_11: autoDraw = True
110.2315 	EXP 	rating: autoDraw = True
110.7376 	EXP 	cB_11: autoDraw = False
110.9254 	DATA 	Keypress: right
111.2320 	DATA 	Keypress: return
111.2341 	DATA 	RatingScale rating: (key response) rating=5
111.2342 	DATA 	RatingScale rating: rating RT=1.017
111.2342 	DATA 	RatingScale rating: history=[(4.0, 0.0), (5, 0.71), (5, 1.017)]
111.2495 	EXP 	New trial (rep=1, index=1): OrderedDict([('sliderID', 6), ('sliderText', 'How activated are you right now?'), ('sliderLabels', 'low, high'), ('sliderMin', 1), ('sliderMax', 7)])
111.2556 	EXP 	RatingScale rating: reset()
111.2697 	EXP 	cB_11: autoDraw = False
111.2697 	EXP 	rating: autoDraw = False
111.2697 	EXP 	cB_11: autoDraw = True
111.2697 	EXP 	rating: autoDraw = True
111.7782 	EXP 	cB_11: autoDraw = False
111.8986 	DATA 	Keypress: right
112.2234 	DATA 	Keypress: return
112.2257 	DATA 	RatingScale rating: (key response) rating=5
112.2258 	DATA 	RatingScale rating: rating RT=0.970
112.2258 	DATA 	RatingScale rating: history=[(4.0, 0.0), (5, 0.643), (5, 0.97)]
112.2417 	EXP 	New trial (rep=1, index=2): OrderedDict([('sliderID', 5), ('sliderText', 'How do you feel?'), ('sliderLabels', 'negative, positive'), ('sliderMin', 1), ('sliderMax', 7)])
112.2479 	EXP 	RatingScale rating: reset()
112.2607 	EXP 	cB_11: autoDraw = False
112.2607 	EXP 	rating: autoDraw = False
112.2607 	EXP 	cB_11: autoDraw = True
112.2607 	EXP 	rating: autoDraw = True
112.7697 	EXP 	cB_11: autoDraw = False
112.8208 	DATA 	Keypress: right
113.6045 	DATA 	Keypress: return
113.6067 	DATA 	RatingScale rating: (key response) rating=5
113.6067 	DATA 	RatingScale rating: rating RT=1.358
113.6067 	DATA 	RatingScale rating: history=[(4.0, 0.0), (5, 0.574), (5, 1.358)]
113.6229 	EXP 	New trial (rep=1, index=3): OrderedDict([('sliderID', 2), ('sliderText', 'How much do you want to continue playing with Paul?'), ('sliderLabels', 'not at all, very much'), ('sliderMin', 1), ('sliderMax', 7)])
113.6298 	EXP 	RatingScale rating: reset()
113.6427 	EXP 	cB_11: autoDraw = False
113.6427 	EXP 	rating: autoDraw = False
113.6427 	EXP 	cB_11: autoDraw = True
113.6427 	EXP 	rating: autoDraw = True
114.1504 	EXP 	cB_11: autoDraw = False
114.3210 	DATA 	Keypress: right
115.0228 	DATA 	Keypress: return
115.0229 	DATA 	RatingScale rating: (key response) rating=5
115.0230 	DATA 	RatingScale rating: rating RT=1.393
115.0230 	DATA 	RatingScale rating: history=[(4.0, 0.0), (5, 0.692), (5, 1.393)]
115.0386 	EXP 	New trial (rep=1, index=4): OrderedDict([('sliderID', 4), ('sliderText', 'How much do you want to continue playing with Lukas?'), ('sliderLabels', 'not at all, very much'), ('sliderMin', 1), ('sliderMax', 7)])
115.0451 	EXP 	RatingScale rating: reset()
115.0579 	EXP 	cB_11: autoDraw = False
115.0579 	EXP 	rating: autoDraw = False
115.0579 	EXP 	cB_11: autoDraw = True
115.0579 	EXP 	rating: autoDraw = True
115.5656 	EXP 	cB_11: autoDraw = False
115.6849 	DATA 	Keypress: right
116.2995 	DATA 	Keypress: return
116.3017 	DATA 	RatingScale rating: (key response) rating=5
116.3018 	DATA 	RatingScale rating: rating RT=1.256
116.3018 	DATA 	RatingScale rating: history=[(4.0, 0.0), (5, 0.641), (5, 1.256)]
116.3167 	EXP 	New trial (rep=1, index=5): OrderedDict([('sliderID', 3), ('sliderText', 'How much do you like Lukas?'), ('sliderLabels', 'not at all, very much'), ('sliderMin', 1), ('sliderMax', 7)])
116.3228 	EXP 	RatingScale rating: reset()
116.3356 	EXP 	cB_11: autoDraw = False
116.3356 	EXP 	rating: autoDraw = False
116.3356 	EXP 	cB_11: autoDraw = True
116.3356 	EXP 	rating: autoDraw = True
116.8452 	EXP 	cB_11: autoDraw = False
117.3896 	DATA 	Keypress: left
117.6621 	DATA 	Keypress: return
117.6643 	DATA 	RatingScale rating: (key response) rating=3
117.6644 	DATA 	RatingScale rating: rating RT=1.341
117.6644 	DATA 	RatingScale rating: history=[(4.0, 0.0), (3, 1.069), (3, 1.341)]
117.6796 	EXP 	New trial (rep=2, index=0): OrderedDict([('sliderID', 1), ('sliderText', 'How much do you like Paul?'), ('sliderLabels', 'not at all, very much'), ('sliderMin', 1), ('sliderMax', 7)])
117.6856 	EXP 	RatingScale rating: reset()
117.7004 	EXP 	cB_11: autoDraw = False
117.7004 	EXP 	rating: autoDraw = False
117.7004 	EXP 	cB_11: autoDraw = True
117.7004 	EXP 	rating: autoDraw = True
118.2062 	EXP 	cB_11: autoDraw = False
118.5131 	DATA 	Keypress: left
118.7392 	DATA 	Keypress: return
118.7394 	DATA 	RatingScale rating: (key response) rating=3
118.7395 	DATA 	RatingScale rating: rating RT=1.054
118.7395 	DATA 	RatingScale rating: history=[(4.0, 0.0), (3, 0.829), (3, 1.053)]
118.7548 	EXP 	New trial (rep=2, index=1): OrderedDict([('sliderID', 6), ('sliderText', 'How activated are you right now?'), ('sliderLabels', 'low, high'), ('sliderMin', 1), ('sliderMax', 7)])
118.7611 	EXP 	RatingScale rating: reset()
118.7738 	EXP 	cB_11: autoDraw = False
118.7738 	EXP 	rating: autoDraw = False
118.7738 	EXP 	cB_11: autoDraw = True
118.7738 	EXP 	rating: autoDraw = True
119.2660 	DATA 	Keypress: left
119.2827 	EXP 	cB_11: autoDraw = False
119.5082 	DATA 	Keypress: return
119.5084 	DATA 	RatingScale rating: (key response) rating=3
119.5084 	DATA 	RatingScale rating: rating RT=0.747
119.5084 	DATA 	RatingScale rating: history=[(4.0, 0.0), (3, 0.506), (3, 0.747)]
119.5234 	EXP 	New trial (rep=2, index=2): OrderedDict([('sliderID', 3), ('sliderText', 'How much do you like Lukas?'), ('sliderLabels', 'not at all, very much'), ('sliderMin', 1), ('sliderMax', 7)])
119.5296 	EXP 	RatingScale rating: reset()
119.5430 	EXP 	cB_11: autoDraw = False
119.5430 	EXP 	rating: autoDraw = False
119.5430 	EXP 	cB_11: autoDraw = True
119.5430 	EXP 	rating: autoDraw = True
119.9816 	DATA 	Keypress: left
120.0491 	EXP 	cB_11: autoDraw = False
120.2372 	DATA 	Keypress: return
120.2395 	DATA 	RatingScale rating: (key response) rating=3
120.2396 	DATA 	RatingScale rating: rating RT=0.710
120.2396 	DATA 	RatingScale rating: history=[(4.0, 0.0), (3, 0.453), (3, 0.709)]
120.2550 	EXP 	New trial (rep=2, index=3): OrderedDict([('sliderID', 4), ('sliderText', 'How much do you want to continue playing with Lukas?'), ('sliderLabels', 'not at all, very much'), ('sliderMin', 1), ('sliderMax', 7)])
120.2611 	EXP 	RatingScale rating: reset()
120.2740 	EXP 	cB_11: autoDraw = False
120.2740 	EXP 	rating: autoDraw = False
120.2740 	EXP 	cB_11: autoDraw = True
120.2740 	EXP 	rating: autoDraw = True
120.6637 	DATA 	Keypress: left
120.7829 	EXP 	cB_11: autoDraw = False
120.8852 	DATA 	Keypress: return
120.8873 	DATA 	RatingScale rating: (key response) rating=3
120.8873 	DATA 	RatingScale rating: rating RT=0.626
120.8873 	DATA 	RatingScale rating: history=[(4.0, 0.0), (3, 0.404), (3, 0.626)]
120.9030 	EXP 	New trial (rep=2, index=4): OrderedDict([('sliderID', 2), ('sliderText', 'How much do you want to continue playing with Paul?'), ('sliderLabels', 'not at all, very much'), ('sliderMin', 1), ('sliderMax', 7)])
120.9096 	EXP 	RatingScale rating: reset()
120.9222 	EXP 	cB_11: autoDraw = False
120.9222 	EXP 	rating: autoDraw = False
120.9222 	EXP 	cB_11: autoDraw = True
120.9222 	EXP 	rating: autoDraw = True
121.3794 	DATA 	Keypress: left
121.4301 	EXP 	cB_11: autoDraw = False
121.6528 	DATA 	Keypress: return
121.6551 	DATA 	RatingScale rating: (key response) rating=3
121.6551 	DATA 	RatingScale rating: rating RT=0.745
121.6552 	DATA 	RatingScale rating: history=[(4.0, 0.0), (3, 0.471), (3, 0.745)]
121.6706 	EXP 	New trial (rep=2, index=5): OrderedDict([('sliderID', 5), ('sliderText', 'How do you feel?'), ('sliderLabels', 'negative, positive'), ('sliderMin', 1), ('sliderMax', 7)])
121.6769 	EXP 	RatingScale rating: reset()
121.6898 	EXP 	cB_11: autoDraw = False
121.6898 	EXP 	rating: autoDraw = False
121.6898 	EXP 	cB_11: autoDraw = True
121.6898 	EXP 	rating: autoDraw = True
122.0950 	DATA 	Keypress: left
122.1973 	EXP 	cB_11: autoDraw = False
122.3509 	DATA 	Keypress: return
122.3532 	DATA 	RatingScale rating: (key response) rating=3
122.3532 	DATA 	RatingScale rating: rating RT=0.676
122.3532 	DATA 	RatingScale rating: history=[(4.0, 0.0), (3, 0.419), (3, 0.676)]
122.3688 	EXP 	New trial (rep=3, index=0): OrderedDict([('sliderID', 1), ('sliderText', 'How much do you like Paul?'), ('sliderLabels', 'not at all, very much'), ('sliderMin', 1), ('sliderMax', 7)])
122.3752 	EXP 	RatingScale rating: reset()
122.3877 	EXP 	cB_11: autoDraw = False
122.3877 	EXP 	rating: autoDraw = False
122.3877 	EXP 	cB_11: autoDraw = True
122.3877 	EXP 	rating: autoDraw = True
122.7606 	DATA 	Keypress: left
122.8955 	EXP 	cB_11: autoDraw = False
122.9982 	DATA 	Keypress: return
122.9999 	DATA 	RatingScale rating: (key response) rating=4
122.9999 	DATA 	RatingScale rating: rating RT=0.624
122.9999 	DATA 	RatingScale rating: history=[(4.0, 0.0), (4, 0.624)]
123.0157 	EXP 	New trial (rep=3, index=1): OrderedDict([('sliderID', 5), ('sliderText', 'How do you feel?'), ('sliderLabels', 'negative, positive'), ('sliderMin', 1), ('sliderMax', 7)])
123.0168 	EXP 	RatingScale rating: reset()
123.0317 	EXP 	cB_11: autoDraw = False
123.0317 	EXP 	rating: autoDraw = False
123.0317 	EXP 	cB_11: autoDraw = True
123.0317 	EXP 	rating: autoDraw = True
123.5440 	EXP 	cB_11: autoDraw = False
124.0190 	DATA 	Keypress: escape
124.6002 	EXP 	window1: mouseVisible = True
