2.4301 	WARNING 	Import Error: No module named 'psychtoolbox'. Using event module for keyboard component.
3.7612 	WARNING 	User requested fullscreen with size [1024  768], but screen is actually [1680, 1050]. Using actual size
4.7072 	EXP 	Created window1 = Window(allowGUI=True, allowStencil=False, args=UNKNOWN, autoLog=True, bitsMode=UNKNOWN, blendMode='avg', color=array([0., 0., 0.]), colorSpace='rgb', fullscr=<method-wrapper '__getattribute__' of attributeSetter object at 0x0AECFC50>, gamma=None, gammaErrorPolicy='raise', kwargs=UNKNOWN, lms=UNKNOWN, monitor=<psychopy.monitors.calibTools.Monitor object at 0x0884F950>, multiSample=False, name='window1', numSamples=2, pos=[0.0, 0.0], screen=0, size=array([1680, 1050]), stereo=False, units='height', useFBO=True, useRetina=False, viewOri=0.0, viewPos=None, viewScale=None, waitBlanking=True, winType='pyglet')
4.7072 	EXP 	window1: recordFrameIntervals = False
4.8791 	EXP 	window1: recordFrameIntervals = True
5.0670 	EXP 	window1: recordFrameIntervals = False
5.0694 	EXP 	Created cB_1 = Rect(__class__=<class 'psychopy.visual.rect.Rect'>, autoDraw=False, autoLog=True, closeShape=True, color=method-wrapper(...), colorSpace=None, contrast=1.0, depth=0.0, fillColor=array([-1., -1., -1.]), fillColorSpace='rgb', fillRGB=array([-1., -1., -1.]), interpolate=True, lineColor=array([1., 1., 1.]), lineColorSpace='rgb', lineRGB=array([1., 1., 1.]), lineWidth=1, name='cB_1', opacity=1.0, ori=array(0.), pos=array([0., 0.]), size=array([1., 1.]), units='height', vertices=ndarray(...), win=Window(...))
5.2105 	EXP 	Created textWelcome = TextStim(__class__=<class 'psychopy.visual.text.TextStim'>, alignHoriz='center', alignVert='center', antialias=True, autoLog=True, bold=False, color='white', colorSpace='named', contrast=1.0, depth=-1.0, flipHoriz=False, flipVert=False, font='Arial', fontFiles=[], height=0.03, italic=False, languageStyle='LTR', name='textWelcome', opacity=1.0, ori=0, pos=array([0., 0.]), rgb=array([255., 255., 255.]), text=str(...), units='height', win=Window(...), wrapWidth=1)
5.2126 	EXP 	Created cB_2 = Rect(__class__=<class 'psychopy.visual.rect.Rect'>, autoDraw=False, autoLog=True, closeShape=True, color=method-wrapper(...), colorSpace=None, contrast=1.0, depth=0.0, fillColor=array([-1., -1., -1.]), fillColorSpace='rgb', fillRGB=array([-1., -1., -1.]), interpolate=True, lineColor=array([1., 1., 1.]), lineColorSpace='rgb', lineRGB=array([1., 1., 1.]), lineWidth=1, name='cB_2', opacity=1.0, ori=array(0.), pos=array([0., 0.]), size=array([1., 1.]), units='height', vertices=ndarray(...), win=Window(...))
5.2871 	EXP 	Created textInstructions = TextStim(__class__=<class 'psychopy.visual.text.TextStim'>, alignHoriz='center', alignVert='center', antialias=True, autoLog=True, bold=False, color='white', colorSpace='named', contrast=1.0, depth=-1.0, flipHoriz=False, flipVert=False, font='Arial', fontFiles=[], height=0.03, italic=False, languageStyle='LTR', name='textInstructions', opacity=1.0, ori=0, pos=array([0., 0.]), rgb=array([255., 255., 255.]), text=str(...), units='height', win=Window(...), wrapWidth=1)
5.2887 	EXP 	Created cB_3 = Rect(__class__=<class 'psychopy.visual.rect.Rect'>, autoDraw=False, autoLog=True, closeShape=True, color=method-wrapper(...), colorSpace=None, contrast=1.0, depth=0.0, fillColor=array([-1., -1., -1.]), fillColorSpace='rgb', fillRGB=array([-1., -1., -1.]), interpolate=True, lineColor=array([1., 1., 1.]), lineColorSpace='rgb', lineRGB=array([1., 1., 1.]), lineWidth=1, name='cB_3', opacity=1.0, ori=array(0.), pos=array([0., 0.]), size=array([1., 1.]), units='height', vertices=ndarray(...), win=Window(...))
5.3257 	EXP 	Created textServer = TextStim(__class__=<class 'psychopy.visual.text.TextStim'>, alignHoriz='center', alignVert='center', antialias=True, autoLog=True, bold=False, color='white', colorSpace='named', contrast=1.0, depth=-1.0, flipHoriz=False, flipVert=False, font='Arial', fontFiles=[], height=0.03, italic=False, languageStyle='LTR', name='textServer', opacity=1.0, ori=0, pos=array([0., 0.]), rgb=array([255., 255., 255.]), text=str(...), units='height', win=Window(...), wrapWidth=1)
5.3273 	EXP 	Created cB_4 = Rect(__class__=<class 'psychopy.visual.rect.Rect'>, autoDraw=False, autoLog=True, closeShape=True, color=method-wrapper(...), colorSpace=None, contrast=1.0, depth=0.0, fillColor=array([-1., -1., -1.]), fillColorSpace='rgb', fillRGB=array([-1., -1., -1.]), interpolate=True, lineColor=array([1., 1., 1.]), lineColorSpace='rgb', lineRGB=array([1., 1., 1.]), lineWidth=1, name='cB_4', opacity=1.0, ori=array(0.), pos=array([0., 0.]), size=array([1., 1.]), units='height', vertices=ndarray(...), win=Window(...))
5.3329 	EXP 	Created text_1 = TextStim(__class__=<class 'psychopy.visual.text.TextStim'>, alignHoriz='center', alignVert='center', antialias=True, autoLog=True, bold=False, color='white', colorSpace='named', contrast=1.0, depth=-1.0, flipHoriz=False, flipVert=False, font='Arial', fontFiles=[], height=0.03, italic=False, languageStyle='LTR', name='text_1', opacity=1.0, ori=0, pos=array([0., 0.]), rgb=array([255., 255., 255.]), text='connecting      ', units='height', win=Window(...), wrapWidth=1)
5.3380 	EXP 	Created text_2 = TextStim(__class__=<class 'psychopy.visual.text.TextStim'>, alignHoriz='center', alignVert='center', antialias=True, autoLog=True, bold=False, color='white', colorSpace='named', contrast=1.0, depth=-2.0, flipHoriz=False, flipVert=False, font='Arial', fontFiles=[], height=0.03, italic=False, languageStyle='LTR', name='text_2', opacity=1.0, ori=0, pos=array([0., 0.]), rgb=array([255., 255., 255.]), text='connecting .    ', units='height', win=Window(...), wrapWidth=1)
5.3431 	EXP 	Created text_3 = TextStim(__class__=<class 'psychopy.visual.text.TextStim'>, alignHoriz='center', alignVert='center', antialias=True, autoLog=True, bold=False, color='white', colorSpace='named', contrast=1.0, depth=-3.0, flipHoriz=False, flipVert=False, font='Arial', fontFiles=[], height=0.03, italic=False, languageStyle='LTR', name='text_3', opacity=1.0, ori=0, pos=array([0., 0.]), rgb=array([255., 255., 255.]), text='connecting . .  ', units='height', win=Window(...), wrapWidth=1)
5.3490 	EXP 	Created text_4 = TextStim(__class__=<class 'psychopy.visual.text.TextStim'>, alignHoriz='center', alignVert='center', antialias=True, autoLog=True, bold=False, color='white', colorSpace='named', contrast=1.0, depth=-4.0, flipHoriz=False, flipVert=False, font='Arial', fontFiles=[], height=0.03, italic=False, languageStyle='LTR', name='text_4', opacity=1.0, ori=0, pos=array([0., 0.]), rgb=array([255., 255., 255.]), text='connecting . . .', units='height', win=Window(...), wrapWidth=1)
5.3505 	EXP 	Created cB_5 = Rect(__class__=<class 'psychopy.visual.rect.Rect'>, autoDraw=False, autoLog=True, closeShape=True, color=method-wrapper(...), colorSpace=None, contrast=1.0, depth=0.0, fillColor=array([-1., -1., -1.]), fillColorSpace='rgb', fillRGB=array([-1., -1., -1.]), interpolate=True, lineColor=array([1., 1., 1.]), lineColorSpace='rgb', lineRGB=array([1., 1., 1.]), lineWidth=1, name='cB_5', opacity=1.0, ori=array(0.), pos=array([0., 0.]), size=array([1., 1.]), units='height', vertices=ndarray(...), win=Window(...))
5.3544 	EXP 	Created idle = TextStim(__class__=<class 'psychopy.visual.text.TextStim'>, alignHoriz='center', alignVert='center', antialias=True, autoLog=True, bold=False, color='white', colorSpace='named', contrast=1.0, depth=-1.0, flipHoriz=False, flipVert=False, font='Arial', fontFiles=[], height=0.03, italic=False, languageStyle='LTR', name='idle', opacity=1.0, ori=0, pos=array([0., 0.]), rgb=array([255., 255., 255.]), text='found', units='height', win=Window(...), wrapWidth=1)
5.3591 	EXP 	Created idle_2 = TextStim(__class__=<class 'psychopy.visual.text.TextStim'>, alignHoriz='center', alignVert='center', antialias=True, autoLog=True, bold=False, color='white', colorSpace='named', contrast=1.0, depth=-2.0, flipHoriz=False, flipVert=False, font='Arial', fontFiles=[], height=0.03, italic=False, languageStyle='LTR', name='idle_2', opacity=1.0, ori=0, pos=array([0., 0.]), rgb=array([255., 255., 255.]), text='init proc     ', units='height', win=Window(...), wrapWidth=1)
5.3676 	EXP 	Created idle_3 = TextStim(__class__=<class 'psychopy.visual.text.TextStim'>, alignHoriz='center', alignVert='center', antialias=True, autoLog=True, bold=False, color='white', colorSpace='named', contrast=1.0, depth=-3.0, flipHoriz=False, flipVert=False, font='Arial', fontFiles=[], height=0.03, italic=False, languageStyle='LTR', name='idle_3', opacity=1.0, ori=0, pos=array([0., 0.]), rgb=array([255., 255., 255.]), text='init proc 2141', units='height', win=Window(...), wrapWidth=1)
5.3737 	EXP 	Created idle_4 = TextStim(__class__=<class 'psychopy.visual.text.TextStim'>, alignHoriz='center', alignVert='center', antialias=True, autoLog=True, bold=False, color='white', colorSpace='named', contrast=1.0, depth=-4.0, flipHoriz=False, flipVert=False, font='Arial', fontFiles=[], height=0.03, italic=False, languageStyle='LTR', name='idle_4', opacity=1.0, ori=0, pos=array([0., 0.]), rgb=array([255., 255., 255.]), text='init proc 2215', units='height', win=Window(...), wrapWidth=1)
5.3808 	EXP 	Created idle_5 = TextStim(__class__=<class 'psychopy.visual.text.TextStim'>, alignHoriz='center', alignVert='center', antialias=True, autoLog=True, bold=False, color='white', colorSpace='named', contrast=1.0, depth=-5.0, flipHoriz=False, flipVert=False, font='Arial', fontFiles=[], height=0.03, italic=False, languageStyle='LTR', name='idle_5', opacity=1.0, ori=0, pos=array([0., 0.]), rgb=array([255., 255., 255.]), text='init proc 3229', units='height', win=Window(...), wrapWidth=1)
5.3860 	EXP 	Created idle_6 = TextStim(__class__=<class 'psychopy.visual.text.TextStim'>, alignHoriz='center', alignVert='center', antialias=True, autoLog=True, bold=False, color='white', colorSpace='named', contrast=1.0, depth=-6.0, flipHoriz=False, flipVert=False, font='Arial', fontFiles=[], height=0.03, italic=False, languageStyle='LTR', name='idle_6', opacity=1.0, ori=0, pos=array([0., 0.]), rgb=array([255., 255., 255.]), text='init proc 4325', units='height', win=Window(...), wrapWidth=1)
5.3925 	EXP 	Created idle_7 = TextStim(__class__=<class 'psychopy.visual.text.TextStim'>, alignHoriz='center', alignVert='center', antialias=True, autoLog=True, bold=False, color='white', colorSpace='named', contrast=1.0, depth=-7.0, flipHoriz=False, flipVert=False, font='Arial', fontFiles=[], height=0.03, italic=False, languageStyle='LTR', name='idle_7', opacity=1.0, ori=0, pos=array([0., 0.]), rgb=array([255., 255., 255.]), text='init proc 1337', units='height', win=Window(...), wrapWidth=1)
5.3973 	EXP 	Created ilde_8 = TextStim(__class__=<class 'psychopy.visual.text.TextStim'>, alignHoriz='center', alignVert='center', antialias=True, autoLog=True, bold=False, color='white', colorSpace='named', contrast=1.0, depth=-8.0, flipHoriz=False, flipVert=False, font='Arial', fontFiles=[], height=0.03, italic=False, languageStyle='LTR', name='ilde_8', opacity=1.0, ori=0, pos=array([0., 0.]), rgb=array([255., 255., 255.]), text='buffering      ', units='height', win=Window(...), wrapWidth=1)
5.4024 	EXP 	Created idle_9 = TextStim(__class__=<class 'psychopy.visual.text.TextStim'>, alignHoriz='center', alignVert='center', antialias=True, autoLog=True, bold=False, color='white', colorSpace='named', contrast=1.0, depth=-9.0, flipHoriz=False, flipVert=False, font='Arial', fontFiles=[], height=0.03, italic=False, languageStyle='LTR', name='idle_9', opacity=1.0, ori=0, pos=array([0., 0.]), rgb=array([255., 255., 255.]), text='buffering .    ', units='height', win=Window(...), wrapWidth=1)
5.4072 	EXP 	Created idle_10 = TextStim(__class__=<class 'psychopy.visual.text.TextStim'>, alignHoriz='center', alignVert='center', antialias=True, autoLog=True, bold=False, color='white', colorSpace='named', contrast=1.0, depth=-10.0, flipHoriz=False, flipVert=False, font='Arial', fontFiles=[], height=0.03, italic=False, languageStyle='LTR', name='idle_10', opacity=1.0, ori=0, pos=array([0., 0.]), rgb=array([255., 255., 255.]), text='buffering . .  ', units='height', win=Window(...), wrapWidth=1)
5.4126 	EXP 	Created idle_11 = TextStim(__class__=<class 'psychopy.visual.text.TextStim'>, alignHoriz='center', alignVert='center', antialias=True, autoLog=True, bold=False, color='white', colorSpace='named', contrast=1.0, depth=-11.0, flipHoriz=False, flipVert=False, font='Arial', fontFiles=[], height=0.03, italic=False, languageStyle='LTR', name='idle_11', opacity=1.0, ori=0, pos=array([0., 0.]), rgb=array([255., 255., 255.]), text='buffering . . .', units='height', win=Window(...), wrapWidth=1)
5.4220 	EXP 	Created idle_12 = TextStim(__class__=<class 'psychopy.visual.text.TextStim'>, alignHoriz='center', alignVert='center', antialias=True, autoLog=True, bold=False, color='white', colorSpace='named', contrast=1.0, depth=-12.0, flipHoriz=False, flipVert=False, font='Arial', fontFiles=[], height=0.03, italic=False, languageStyle='LTR', name='idle_12', opacity=1.0, ori=0, pos=array([0., 0.]), rgb=array([255., 255., 255.]), text='run /serv/234_1/sd connect', units='height', win=Window(...), wrapWidth=1)
5.4236 	EXP 	Created cB_6 = Rect(__class__=<class 'psychopy.visual.rect.Rect'>, autoDraw=False, autoLog=True, closeShape=True, color=method-wrapper(...), colorSpace=None, contrast=1.0, depth=0.0, fillColor=array([-1., -1., -1.]), fillColorSpace='rgb', fillRGB=array([-1., -1., -1.]), interpolate=True, lineColor=array([1., 1., 1.]), lineColorSpace='rgb', lineRGB=array([1., 1., 1.]), lineWidth=1, name='cB_6', opacity=1.0, ori=array(0.), pos=array([0., 0.]), size=array([1., 1.]), units='height', vertices=ndarray(...), win=Window(...))
5.4561 	EXP 	Created sBInstructions = TextStim(__class__=<class 'psychopy.visual.text.TextStim'>, alignHoriz='center', alignVert='center', antialias=True, autoLog=True, bold=False, color='white', colorSpace='named', contrast=1.0, depth=-1.0, flipHoriz=False, flipVert=False, font='Arial', fontFiles=[], height=0.03, italic=False, languageStyle='LTR', name='sBInstructions', opacity=1.0, ori=0, pos=array([0., 0.]), rgb=array([255., 255., 255.]), text=str(...), units='height', win=Window(...), wrapWidth=1)
5.4577 	EXP 	Created cB_8 = Rect(__class__=<class 'psychopy.visual.rect.Rect'>, autoDraw=False, autoLog=True, closeShape=True, color=method-wrapper(...), colorSpace=None, contrast=1.0, depth=0.0, fillColor=array([-1., -1., -1.]), fillColorSpace='rgb', fillRGB=array([-1., -1., -1.]), interpolate=True, lineColor=array([1., 1., 1.]), lineColorSpace='rgb', lineRGB=array([1., 1., 1.]), lineWidth=1, name='cB_8', opacity=1.0, ori=array(0.), pos=array([0., 0.]), size=array([1., 1.]), units='height', vertices=ndarray(...), win=Window(...))
5.4815 	EXP 	Created text = TextStim(__class__=<class 'psychopy.visual.text.TextStim'>, alignHoriz='center', alignVert='center', antialias=True, autoLog=True, bold=False, color='white', colorSpace='named', contrast=1.0, depth=-1.0, flipHoriz=False, flipVert=False, font='Arial', fontFiles=[], height=0.1, italic=False, languageStyle='LTR', name='text', opacity=1.0, ori=0, pos=array([0., 0.]), rgb=array([255., 255., 255.]), text='default text', units='height', win=Window(...), wrapWidth=1)
5.4870 	EXP 	Created imagesbRnd = ImageStim(__class__=<class 'psychopy.visual.image.ImageStim'>, autoLog=True, color=array([1., 1., 1.]), colorSpace='rgb', contrast=1.0, depth=-2.0, flipHoriz=False, flipVert=False, image='sin', interpolate=True, mask=None, maskParams=None, name='imagesbRnd', opacity=1.0, ori=0.0, pos=array([0., 0.]), size=array([0.25, 0.25]), texRes=128, units='height', win=Window(...))
5.5526 	EXP 	Created Slider = RatingScale(__class__=type(...), acceptKeys=['return'], acceptPreText=UNKNOWN, acceptSize=UNKNOWN, acceptText='accept?', autoLog=True, choices=list(...), depth=0, disappear=False, flipVert=False, high=10, kwargs=UNKNOWN, labels=list(...), leftKeys=['left'], lineColor='White', low=0, marker=ShapeStim(...), markerColor='DarkBlue', markerExpansion=UNKNOWN, markerStart=5.0, maxTime=0.0, minTime=0.4, mouseOnly=False, name='Slider', noMouse=False, pos=[0.0, -0.4], precision=1, respKeys=[], rightKeys=['right'], scale='<default>', self=UNKNOWN, showAccept=True, showValue=True, singleClick=False, size=0.6, skipKeys=['tab'], stretch=1.0, textColor='LightGray', textFont='Helvetica Bold', textSize=0.12, tickHeight=-1, tickMarks=10.0, win=Window(...))
5.5541 	EXP 	Created cB_9 = Rect(__class__=<class 'psychopy.visual.rect.Rect'>, autoDraw=False, autoLog=True, closeShape=True, color=method-wrapper(...), colorSpace=None, contrast=1.0, depth=0.0, fillColor=array([-1., -1., -1.]), fillColorSpace='rgb', fillRGB=array([-1., -1., -1.]), interpolate=True, lineColor=array([1., 1., 1.]), lineColorSpace='rgb', lineRGB=array([1., 1., 1.]), lineWidth=1, name='cB_9', opacity=1.0, ori=array(0.), pos=array([0., 0.]), size=array([1., 1.]), units='height', vertices=ndarray(...), win=Window(...))
5.5555 	EXP 	Created cbFb = Rect(__class__=<class 'psychopy.visual.rect.Rect'>, autoDraw=False, autoLog=True, closeShape=True, color=method-wrapper(...), colorSpace=None, contrast=1.0, depth=-1.0, fillColor=array([-1., -1., -1.]), fillColorSpace='rgb', fillRGB=array([-1., -1., -1.]), interpolate=True, lineColor=array([1., 1., 1.]), lineColorSpace='rgb', lineRGB=array([1., 1., 1.]), lineWidth=1, name='cbFb', opacity=1.0, ori=array(0.), pos=array([0., 0.]), size=array([1., 1.]), units='height', vertices=ndarray(...), win=Window(...))
5.5610 	EXP 	Created textFb = TextStim(__class__=<class 'psychopy.visual.text.TextStim'>, alignHoriz='center', alignVert='center', antialias=True, autoLog=True, bold=False, color='white', colorSpace='named', contrast=1.0, depth=-2.0, flipHoriz=False, flipVert=False, font='Arial', fontFiles=[], height=0.03, italic=False, languageStyle='LTR', name='textFb', opacity=1.0, ori=0, pos=array([0., 0.]), rgb=array([255., 255., 255.]), text='default text', units='height', win=Window(...), wrapWidth=1)
5.5625 	EXP 	Created cbBuf = Rect(__class__=<class 'psychopy.visual.rect.Rect'>, autoDraw=False, autoLog=True, closeShape=True, color=method-wrapper(...), colorSpace=None, contrast=1.0, depth=-1.0, fillColor=array([-1., -1., -1.]), fillColorSpace='rgb', fillRGB=array([-1., -1., -1.]), interpolate=True, lineColor=array([1., 1., 1.]), lineColorSpace='rgb', lineRGB=array([1., 1., 1.]), lineWidth=1, name='cbBuf', opacity=1.0, ori=array(0.), pos=array([0., 0.]), size=array([1., 1.]), units='height', vertices=ndarray(...), win=Window(...))
5.5642 	EXP 	Created fixCross = ShapeStim(__class__=<class 'psychopy.visual.shape.ShapeStim'>, autoDraw=False, autoLog=True, closeShape=True, contrast=1.0, depth=-1.0, fillColor=array([1., 1., 1.]), fillColorSpace='rgb', interpolate=True, lineColor=array([1., 1., 1.]), lineColorSpace='rgb', lineWidth=1, name='fixCross', opacity=1.0, ori=array(0.), pos=array([0., 0.]), size=array([0.2, 0.2]), units='height', vertices=ndarray(...), win=Window(...), windingRule=None)
5.5656 	EXP 	Created cB_8 = Rect(__class__=<class 'psychopy.visual.rect.Rect'>, autoDraw=False, autoLog=True, closeShape=True, color=method-wrapper(...), colorSpace=None, contrast=1.0, depth=0.0, fillColor=array([-1., -1., -1.]), fillColorSpace='rgb', fillRGB=array([-1., -1., -1.]), interpolate=True, lineColor=array([1., 1., 1.]), lineColorSpace='rgb', lineRGB=array([1., 1., 1.]), lineWidth=1, name='cB_8', opacity=1.0, ori=array(0.), pos=array([0., 0.]), size=array([1., 1.]), units='height', vertices=ndarray(...), win=Window(...))
5.5712 	EXP 	Created text = TextStim(__class__=<class 'psychopy.visual.text.TextStim'>, alignHoriz='center', alignVert='center', antialias=True, autoLog=True, bold=False, color='white', colorSpace='named', contrast=1.0, depth=-1.0, flipHoriz=False, flipVert=False, font='Arial', fontFiles=[], height=0.1, italic=False, languageStyle='LTR', name='text', opacity=1.0, ori=0, pos=array([0., 0.]), rgb=array([255., 255., 255.]), text='default text', units='height', win=Window(...), wrapWidth=1)
5.5733 	EXP 	Created imagesbRnd = ImageStim(__class__=<class 'psychopy.visual.image.ImageStim'>, autoLog=True, color=array([1., 1., 1.]), colorSpace='rgb', contrast=1.0, depth=-2.0, flipHoriz=False, flipVert=False, image='sin', interpolate=True, mask=None, maskParams=None, name='imagesbRnd', opacity=1.0, ori=0.0, pos=array([0., 0.]), size=array([0.25, 0.25]), texRes=128, units='height', win=Window(...))
5.6118 	EXP 	Created Slider = RatingScale(__class__=type(...), acceptKeys=['return'], acceptPreText=UNKNOWN, acceptSize=UNKNOWN, acceptText='accept?', autoLog=True, choices=list(...), depth=0, disappear=False, flipVert=False, high=10, kwargs=UNKNOWN, labels=list(...), leftKeys=['left'], lineColor='White', low=0, marker=ShapeStim(...), markerColor='DarkBlue', markerExpansion=UNKNOWN, markerStart=5.0, maxTime=0.0, minTime=0.4, mouseOnly=False, name='Slider', noMouse=False, pos=[0.0, -0.4], precision=1, respKeys=[], rightKeys=['right'], scale='<default>', self=UNKNOWN, showAccept=True, showValue=True, singleClick=False, size=0.6, skipKeys=['tab'], stretch=1.0, textColor='LightGray', textFont='Helvetica Bold', textSize=0.12, tickHeight=-1, tickMarks=10.0, win=Window(...))
5.6134 	EXP 	Created cB_9 = Rect(__class__=<class 'psychopy.visual.rect.Rect'>, autoDraw=False, autoLog=True, closeShape=True, color=method-wrapper(...), colorSpace=None, contrast=1.0, depth=0.0, fillColor=array([-1., -1., -1.]), fillColorSpace='rgb', fillRGB=array([-1., -1., -1.]), interpolate=True, lineColor=array([1., 1., 1.]), lineColorSpace='rgb', lineRGB=array([1., 1., 1.]), lineWidth=1, name='cB_9', opacity=1.0, ori=array(0.), pos=array([0., 0.]), size=array([1., 1.]), units='height', vertices=ndarray(...), win=Window(...))
5.6148 	EXP 	Created cbFb = Rect(__class__=<class 'psychopy.visual.rect.Rect'>, autoDraw=False, autoLog=True, closeShape=True, color=method-wrapper(...), colorSpace=None, contrast=1.0, depth=-1.0, fillColor=array([-1., -1., -1.]), fillColorSpace='rgb', fillRGB=array([-1., -1., -1.]), interpolate=True, lineColor=array([1., 1., 1.]), lineColorSpace='rgb', lineRGB=array([1., 1., 1.]), lineWidth=1, name='cbFb', opacity=1.0, ori=array(0.), pos=array([0., 0.]), size=array([1., 1.]), units='height', vertices=ndarray(...), win=Window(...))
5.6207 	EXP 	Created textFb = TextStim(__class__=<class 'psychopy.visual.text.TextStim'>, alignHoriz='center', alignVert='center', antialias=True, autoLog=True, bold=False, color='white', colorSpace='named', contrast=1.0, depth=-2.0, flipHoriz=False, flipVert=False, font='Arial', fontFiles=[], height=0.03, italic=False, languageStyle='LTR', name='textFb', opacity=1.0, ori=0, pos=array([0., 0.]), rgb=array([255., 255., 255.]), text='default text', units='height', win=Window(...), wrapWidth=1)
5.6223 	EXP 	Created cbBuf = Rect(__class__=<class 'psychopy.visual.rect.Rect'>, autoDraw=False, autoLog=True, closeShape=True, color=method-wrapper(...), colorSpace=None, contrast=1.0, depth=-1.0, fillColor=array([-1., -1., -1.]), fillColorSpace='rgb', fillRGB=array([-1., -1., -1.]), interpolate=True, lineColor=array([1., 1., 1.]), lineColorSpace='rgb', lineRGB=array([1., 1., 1.]), lineWidth=1, name='cbBuf', opacity=1.0, ori=array(0.), pos=array([0., 0.]), size=array([1., 1.]), units='height', vertices=ndarray(...), win=Window(...))
5.6240 	EXP 	Created fixCross = ShapeStim(__class__=<class 'psychopy.visual.shape.ShapeStim'>, autoDraw=False, autoLog=True, closeShape=True, contrast=1.0, depth=-1.0, fillColor=array([1., 1., 1.]), fillColorSpace='rgb', interpolate=True, lineColor=array([1., 1., 1.]), lineColorSpace='rgb', lineWidth=1, name='fixCross', opacity=1.0, ori=array(0.), pos=array([0., 0.]), size=array([0.2, 0.2]), units='height', vertices=ndarray(...), win=Window(...), windingRule=None)
5.6255 	EXP 	Created cB_10 = Rect(__class__=<class 'psychopy.visual.rect.Rect'>, autoDraw=False, autoLog=True, closeShape=True, color=method-wrapper(...), colorSpace=None, contrast=1.0, depth=0.0, fillColor=array([-1., -1., -1.]), fillColorSpace='rgb', fillRGB=array([-1., -1., -1.]), interpolate=True, lineColor=array([1., 1., 1.]), lineColorSpace='rgb', lineRGB=array([1., 1., 1.]), lineWidth=1, name='cB_10', opacity=1.0, ori=array(0.), pos=array([0., 0.]), size=array([1., 1.]), units='height', vertices=ndarray(...), win=Window(...))
5.6867 	EXP 	Created sbEndText = TextStim(__class__=<class 'psychopy.visual.text.TextStim'>, alignHoriz='center', alignVert='center', antialias=True, autoLog=True, bold=False, color='white', colorSpace='named', contrast=1.0, depth=-1.0, flipHoriz=False, flipVert=False, font='Arial', fontFiles=[], height=0.1, italic=False, languageStyle='LTR', name='sbEndText', opacity=1.0, ori=0, pos=array([0., 0.]), rgb=array([255., 255., 255.]), text=str(...), units='height', win=Window(...), wrapWidth=1)
5.7108 	EXP 	Slider: flipVert = False
5.7108 	EXP 	Slider: autoLog = True
5.7108 	EXP 	Slider: flipVert = False
5.7108 	EXP 	Slider: autoLog = True
5.7108 	EXP 	cB_1: autoDraw = True
5.7108 	EXP 	textWelcome: autoDraw = True
8.0896 	DATA 	Mouse: Left button down, pos=(820,546)
8.1870 	DATA 	Mouse:  Left button up, pos=(820,546)
8.8016 	DATA 	Keypress: return
8.8178 	EXP 	cB_1: autoDraw = False
8.8178 	EXP 	textWelcome: autoDraw = False
8.8178 	EXP 	cB_2: autoDraw = True
8.8178 	EXP 	textInstructions: autoDraw = True
9.9968 	DATA 	Keypress: c
12.1312 	DATA 	Keypress: c
12.1475 	EXP 	cB_2: autoDraw = False
12.1475 	EXP 	textInstructions: autoDraw = False
12.1475 	EXP 	cB_3: autoDraw = True
12.1475 	EXP 	textServer: autoDraw = True
14.5194 	DATA 	Keypress: c
14.5200 	EXP 	Created sequence: random, trialTypes=1, nReps=1, seed=None
14.5202 	EXP 	New trial (rep=0, index=0): None
14.5360 	EXP 	cB_3: autoDraw = False
14.5360 	EXP 	textServer: autoDraw = False
14.5360 	EXP 	cB_4: autoDraw = True
14.5360 	EXP 	text_1: autoDraw = True
15.5095 	EXP 	text_2: autoDraw = True
15.5457 	EXP 	text_1: autoDraw = False
16.0053 	EXP 	text_3: autoDraw = True
16.0223 	EXP 	text_2: autoDraw = False
16.5200 	EXP 	text_3: autoDraw = False
16.5200 	EXP 	text_4: autoDraw = True
17.0335 	EXP 	text_4: autoDraw = False
17.0505 	EXP 	cB_4: autoDraw = False
17.0505 	EXP 	text_1: autoDraw = False
17.0505 	EXP 	text_2: autoDraw = False
17.0505 	EXP 	text_3: autoDraw = False
17.0505 	EXP 	text_4: autoDraw = False
17.0505 	EXP 	cB_5: autoDraw = True
17.2206 	EXP 	idle: autoDraw = True
17.5294 	EXP 	idle: autoDraw = False
17.5294 	EXP 	idle_2: autoDraw = True
17.7326 	EXP 	idle_2: autoDraw = False
17.7326 	EXP 	idle_3: autoDraw = True
17.8348 	EXP 	idle_3: autoDraw = False
17.8348 	EXP 	idle_4: autoDraw = True
17.9728 	EXP 	idle_4: autoDraw = False
17.9728 	EXP 	idle_5: autoDraw = True
18.1272 	EXP 	idle_5: autoDraw = False
18.1272 	EXP 	idle_6: autoDraw = True
18.2794 	EXP 	idle_6: autoDraw = False
18.2794 	EXP 	idle_7: autoDraw = True
18.3820 	EXP 	idle_7: autoDraw = False
18.3820 	EXP 	ilde_8: autoDraw = True
18.8789 	EXP 	ilde_8: autoDraw = False
18.8789 	EXP 	idle_9: autoDraw = True
19.3746 	EXP 	idle_10: autoDraw = True
19.3919 	EXP 	idle_9: autoDraw = False
19.8689 	EXP 	idle_11: autoDraw = True
19.8858 	EXP 	idle_10: autoDraw = False
20.3808 	EXP 	idle_11: autoDraw = False
20.3808 	EXP 	idle_12: autoDraw = True
20.5349 	EXP 	idle_12: autoDraw = False
21.0476 	EXP 	cB_5: autoDraw = False
21.0476 	EXP 	idle: autoDraw = False
21.0476 	EXP 	idle_2: autoDraw = False
21.0476 	EXP 	idle_3: autoDraw = False
21.0476 	EXP 	idle_4: autoDraw = False
21.0476 	EXP 	idle_5: autoDraw = False
21.0476 	EXP 	idle_6: autoDraw = False
21.0476 	EXP 	idle_7: autoDraw = False
21.0476 	EXP 	ilde_8: autoDraw = False
21.0476 	EXP 	idle_9: autoDraw = False
21.0476 	EXP 	idle_10: autoDraw = False
21.0476 	EXP 	idle_11: autoDraw = False
21.0476 	EXP 	idle_12: autoDraw = False
21.0476 	EXP 	cB_6: autoDraw = True
21.2174 	EXP 	sBInstructions: autoDraw = True
22.4474 	DATA 	Keypress: return
23.4011 	DATA 	Keypress: c
23.4428 	EXP 	Imported contitions.xlsx as conditions, 19 conditions, 5 params
23.4431 	EXP 	Created sequence: random, trialTypes=19, nReps=1, seed=None
23.4435 	EXP 	New trial (rep=0, index=0): OrderedDict([('playerId', 'Lukas'), ('avatarFile', 'images/avatar2.jpg'), ('choiceLabel', 'keep the investment'), ('actionLabel', 0), ('actionRound', 1)])
23.4932 	EXP 	RatingScale Slider: reset()
23.5196 	EXP 	cB_6: autoDraw = False
23.5196 	EXP 	sBInstructions: autoDraw = False
23.5196 	EXP 	text: text = 'This round you are playing with Lukas!'
23.5196 	EXP 	imagesbRnd: image = 'images/avatar2.jpg'
23.5196 	EXP 	cB_8: autoDraw = True
23.5196 	EXP 	text: autoDraw = True
23.5196 	EXP 	imagesbRnd: autoDraw = True
23.5196 	EXP 	Slider: autoDraw = True
24.4929 	DATA 	Keypress: left
24.5631 	DATA 	Keypress: rctrl
24.8335 	DATA 	Keypress: left
25.8991 	DATA 	Keypress: return
25.9155 	DATA 	RatingScale Slider: (key response) rating=3
25.9155 	DATA 	RatingScale Slider: rating RT=2.422
25.9155 	DATA 	RatingScale Slider: history=[('5', 0.0), ('4', 1.002), ('3', 1.343), ('3', 2.422)]
25.9438 	EXP 	cB_8: autoDraw = False
25.9438 	EXP 	text: autoDraw = False
25.9438 	EXP 	imagesbRnd: autoDraw = False
25.9438 	EXP 	Slider: autoDraw = False
25.9438 	EXP 	cB_9: autoDraw = True
26.4720 	EXP 	cB_9: autoDraw = False
26.4720 	EXP 	textFb: text = 'Lukas has decided not to cooperate and keep the investment. You received 0 credits'
26.4720 	EXP 	cbFb: autoDraw = True
26.4720 	EXP 	textFb: autoDraw = True
29.4620 	EXP 	cbFb: autoDraw = False
29.4620 	EXP 	textFb: autoDraw = False
29.4620 	EXP 	cbBuf: autoDraw = True
29.6324 	EXP 	fixCross: autoDraw = True
30.1451 	EXP 	fixCross: autoDraw = False
30.3336 	EXP 	New trial (rep=0, index=1): OrderedDict([('playerId', 'Paul'), ('avatarFile', 'images/avatar1.jpg'), ('choiceLabel', 'keep the investment'), ('actionLabel', 0), ('actionRound', 1)])
30.4585 	EXP 	RatingScale Slider: reset()
30.4859 	EXP 	cbBuf: autoDraw = False
30.4859 	EXP 	fixCross: autoDraw = False
30.4859 	EXP 	text: text = 'This round you are playing with Paul!'
30.4859 	EXP 	imagesbRnd: image = 'images/avatar1.jpg'
30.4859 	EXP 	cB_8: autoDraw = True
30.4859 	EXP 	text: autoDraw = True
30.4859 	EXP 	imagesbRnd: autoDraw = True
30.4859 	EXP 	Slider: autoDraw = True
30.9660 	DATA 	Keypress: c
31.5768 	DATA 	Keypress: return
31.5800 	DATA 	RatingScale Slider: (key response) rating=5
31.5800 	DATA 	RatingScale Slider: rating RT=1.118
31.5801 	DATA 	RatingScale Slider: history=[('5', 0.0), ('5', 1.118)]
31.6106 	EXP 	cB_8: autoDraw = False
31.6106 	EXP 	text: autoDraw = False
31.6106 	EXP 	imagesbRnd: autoDraw = False
31.6106 	EXP 	Slider: autoDraw = False
31.6106 	EXP 	cB_9: autoDraw = True
32.1388 	EXP 	cB_9: autoDraw = False
32.1388 	EXP 	textFb: text = 'Paul has decided not to cooperate and keep the investment. You received 0 credits'
32.1388 	EXP 	cbFb: autoDraw = True
32.1388 	EXP 	textFb: autoDraw = True
32.9587 	DATA 	Keypress: return
35.1235 	EXP 	cbFb: autoDraw = False
35.1235 	EXP 	textFb: autoDraw = False
35.1235 	EXP 	cbBuf: autoDraw = True
35.2936 	EXP 	fixCross: autoDraw = True
35.8077 	EXP 	fixCross: autoDraw = False
36.0129 	EXP 	New trial (rep=0, index=2): OrderedDict([('playerId', 'Paul'), ('avatarFile', 'images/avatar1.jpg'), ('choiceLabel', 'reciprocate'), ('actionLabel', 1), ('actionRound', 1)])
36.0604 	EXP 	RatingScale Slider: reset()
36.0808 	EXP 	cbBuf: autoDraw = False
36.0808 	EXP 	fixCross: autoDraw = False
36.0808 	EXP 	text: text = 'This round you are playing with Paul!'
36.0808 	EXP 	imagesbRnd: image = 'images/avatar1.jpg'
36.0808 	EXP 	cB_8: autoDraw = True
36.0808 	EXP 	text: autoDraw = True
36.0808 	EXP 	imagesbRnd: autoDraw = True
36.0808 	EXP 	Slider: autoDraw = True
37.5651 	DATA 	Keypress: return
37.5685 	DATA 	RatingScale Slider: (key response) rating=5
37.5686 	DATA 	RatingScale Slider: rating RT=1.508
37.5686 	DATA 	RatingScale Slider: history=[('5', 0.0), ('5', 1.508)]
37.5989 	EXP 	cB_8: autoDraw = False
37.5989 	EXP 	text: autoDraw = False
37.5989 	EXP 	imagesbRnd: autoDraw = False
37.5989 	EXP 	Slider: autoDraw = False
37.5989 	EXP 	cB_9: autoDraw = True
38.1163 	EXP 	cB_9: autoDraw = False
38.1163 	EXP 	textFb: text = 'Paul has decided to reciprocate you receive 5 credits'
38.1163 	EXP 	cbFb: autoDraw = True
38.1163 	EXP 	textFb: autoDraw = True
40.9977 	DATA 	Keypress: return
41.1005 	EXP 	cbFb: autoDraw = False
41.1005 	EXP 	textFb: autoDraw = False
41.1005 	EXP 	cbBuf: autoDraw = True
41.2732 	EXP 	fixCross: autoDraw = True
41.7847 	EXP 	fixCross: autoDraw = False
41.9899 	EXP 	New trial (rep=0, index=3): OrderedDict([('playerId', 'Lukas'), ('avatarFile', 'images/avatar2.jpg'), ('choiceLabel', 'keep the investment'), ('actionLabel', 0), ('actionRound', 1)])
42.0689 	EXP 	RatingScale Slider: reset()
42.0907 	EXP 	cbBuf: autoDraw = False
42.0907 	EXP 	fixCross: autoDraw = False
42.0907 	EXP 	text: text = 'This round you are playing with Lukas!'
42.0907 	EXP 	imagesbRnd: image = 'images/avatar2.jpg'
42.0907 	EXP 	cB_8: autoDraw = True
42.0907 	EXP 	text: autoDraw = True
42.0907 	EXP 	imagesbRnd: autoDraw = True
42.0907 	EXP 	Slider: autoDraw = True
43.8253 	DATA 	Keypress: left
44.0315 	DATA 	Keypress: left
44.1888 	DATA 	Keypress: left
44.3444 	DATA 	Keypress: left
44.5108 	DATA 	Keypress: left
44.9210 	DATA 	Keypress: return
44.9246 	DATA 	RatingScale Slider: (key response) rating=0
44.9247 	DATA 	RatingScale Slider: rating RT=2.855
44.9247 	DATA 	RatingScale Slider: history=[('5', 0.0), ('4', 1.759), ('3', 1.966), ('2', 2.119), ('1', 2.275), ('0', 2.445), ('0', 2.855)]
44.9554 	EXP 	cB_8: autoDraw = False
44.9554 	EXP 	text: autoDraw = False
44.9554 	EXP 	imagesbRnd: autoDraw = False
44.9554 	EXP 	Slider: autoDraw = False
44.9554 	EXP 	cB_9: autoDraw = True
45.4851 	EXP 	cB_9: autoDraw = False
45.4851 	EXP 	textFb: text = 'Lukas has decided not to cooperate and keep the investment. You received 0 credits'
45.4851 	EXP 	cbFb: autoDraw = True
45.4851 	EXP 	textFb: autoDraw = True
48.4578 	EXP 	cbFb: autoDraw = False
48.4578 	EXP 	textFb: autoDraw = False
48.4578 	EXP 	cbBuf: autoDraw = True
48.6281 	EXP 	fixCross: autoDraw = True
49.1408 	EXP 	fixCross: autoDraw = False
49.3461 	EXP 	New trial (rep=0, index=4): OrderedDict([('playerId', 'Lukas'), ('avatarFile', 'images/avatar2.jpg'), ('choiceLabel', 'keep the investment'), ('actionLabel', 0), ('actionRound', 1)])
49.4786 	EXP 	RatingScale Slider: reset()
49.4980 	EXP 	cbBuf: autoDraw = False
49.4980 	EXP 	fixCross: autoDraw = False
49.4980 	EXP 	text: text = 'This round you are playing with Lukas!'
49.4980 	EXP 	imagesbRnd: image = 'images/avatar2.jpg'
49.4980 	EXP 	cB_8: autoDraw = True
49.4980 	EXP 	text: autoDraw = True
49.4980 	EXP 	imagesbRnd: autoDraw = True
49.4980 	EXP 	Slider: autoDraw = True
51.9374 	DATA 	Keypress: left
52.0936 	DATA 	Keypress: left
52.2449 	DATA 	Keypress: left
52.3827 	DATA 	Keypress: left
52.5247 	DATA 	Keypress: left
52.6765 	DATA 	Keypress: left
53.0348 	DATA 	Keypress: return
53.0386 	DATA 	RatingScale Slider: (key response) rating=0
53.0386 	DATA 	RatingScale Slider: rating RT=3.560
53.0386 	DATA 	RatingScale Slider: history=[('5', 0.0), ('4', 2.462), ('3', 2.618), ('2', 2.77), ('1', 2.908), ('0', 3.046), ('0', 3.559)]
53.0687 	EXP 	cB_8: autoDraw = False
53.0687 	EXP 	text: autoDraw = False
53.0687 	EXP 	imagesbRnd: autoDraw = False
53.0687 	EXP 	Slider: autoDraw = False
53.0687 	EXP 	cB_9: autoDraw = True
53.5796 	EXP 	cB_9: autoDraw = False
53.5796 	EXP 	textFb: text = 'Lukas has decided not to cooperate and keep the investment. You received 0 credits'
53.5796 	EXP 	cbFb: autoDraw = True
53.5796 	EXP 	textFb: autoDraw = True
56.5835 	EXP 	cbFb: autoDraw = False
56.5835 	EXP 	textFb: autoDraw = False
56.5835 	EXP 	cbBuf: autoDraw = True
56.7533 	EXP 	fixCross: autoDraw = True
57.2667 	EXP 	fixCross: autoDraw = False
57.4705 	EXP 	New trial (rep=0, index=5): OrderedDict([('playerId', 'Paul'), ('avatarFile', 'images/avatar1.jpg'), ('choiceLabel', 'reciprocate'), ('actionLabel', 1), ('actionRound', 1)])
57.5795 	EXP 	RatingScale Slider: reset()
57.6063 	EXP 	cbBuf: autoDraw = False
57.6063 	EXP 	fixCross: autoDraw = False
57.6063 	EXP 	text: text = 'This round you are playing with Paul!'
57.6063 	EXP 	imagesbRnd: image = 'images/avatar1.jpg'
57.6063 	EXP 	cB_8: autoDraw = True
57.6063 	EXP 	text: autoDraw = True
57.6063 	EXP 	imagesbRnd: autoDraw = True
57.6063 	EXP 	Slider: autoDraw = True
57.9805 	DATA 	Keypress: right
58.2360 	DATA 	Keypress: return
58.2393 	DATA 	RatingScale Slider: (key response) rating=5
58.2393 	DATA 	RatingScale Slider: rating RT=0.656
58.2394 	DATA 	RatingScale Slider: history=[('5', 0.0), ('5', 0.656)]
58.2704 	EXP 	cB_8: autoDraw = False
58.2704 	EXP 	text: autoDraw = False
58.2704 	EXP 	imagesbRnd: autoDraw = False
58.2704 	EXP 	Slider: autoDraw = False
58.2704 	EXP 	cB_9: autoDraw = True
58.7993 	EXP 	cB_9: autoDraw = False
58.7993 	EXP 	textFb: text = 'Paul has decided to reciprocate you receive 5 credits'
58.7993 	EXP 	cbFb: autoDraw = True
58.7993 	EXP 	textFb: autoDraw = True
61.7840 	EXP 	cbFb: autoDraw = False
61.7840 	EXP 	textFb: autoDraw = False
61.7840 	EXP 	cbBuf: autoDraw = True
61.9531 	EXP 	fixCross: autoDraw = True
62.4674 	EXP 	fixCross: autoDraw = False
62.6713 	EXP 	New trial (rep=0, index=6): OrderedDict([('playerId', 'Paul'), ('avatarFile', 'images/avatar1.jpg'), ('choiceLabel', 'keep the investment'), ('actionLabel', 0), ('actionRound', 1)])
62.7188 	EXP 	RatingScale Slider: reset()
62.7399 	EXP 	cbBuf: autoDraw = False
62.7399 	EXP 	fixCross: autoDraw = False
62.7399 	EXP 	text: text = 'This round you are playing with Paul!'
62.7399 	EXP 	imagesbRnd: image = 'images/avatar1.jpg'
62.7399 	EXP 	cB_8: autoDraw = True
62.7399 	EXP 	text: autoDraw = True
62.7399 	EXP 	imagesbRnd: autoDraw = True
62.7399 	EXP 	Slider: autoDraw = True
63.3210 	DATA 	Keypress: right
63.5436 	DATA 	Keypress: return
63.5477 	DATA 	RatingScale Slider: (key response) rating=6
63.5478 	DATA 	RatingScale Slider: rating RT=0.828
63.5478 	DATA 	RatingScale Slider: history=[('5', 0.0), ('6', 0.605), ('6', 0.828)]
63.5772 	EXP 	cB_8: autoDraw = False
63.5772 	EXP 	text: autoDraw = False
63.5772 	EXP 	imagesbRnd: autoDraw = False
63.5772 	EXP 	Slider: autoDraw = False
63.5772 	EXP 	cB_9: autoDraw = True
64.1070 	EXP 	cB_9: autoDraw = False
64.1070 	EXP 	textFb: text = 'Paul has decided not to cooperate and keep the investment. You received 0 credits'
64.1070 	EXP 	cbFb: autoDraw = True
64.1070 	EXP 	textFb: autoDraw = True
67.0809 	EXP 	cbFb: autoDraw = False
67.0809 	EXP 	textFb: autoDraw = False
67.0809 	EXP 	cbBuf: autoDraw = True
67.2496 	EXP 	fixCross: autoDraw = True
67.7615 	EXP 	fixCross: autoDraw = False
67.9672 	EXP 	New trial (rep=0, index=7): OrderedDict([('playerId', 'Lukas'), ('avatarFile', 'images/avatar2.jpg'), ('choiceLabel', 'keep the investment'), ('actionLabel', 0), ('actionRound', 1)])
68.0535 	EXP 	RatingScale Slider: reset()
68.0733 	EXP 	cbBuf: autoDraw = False
68.0733 	EXP 	fixCross: autoDraw = False
68.0733 	EXP 	text: text = 'This round you are playing with Lukas!'
68.0733 	EXP 	imagesbRnd: image = 'images/avatar2.jpg'
68.0733 	EXP 	cB_8: autoDraw = True
68.0733 	EXP 	text: autoDraw = True
68.0733 	EXP 	imagesbRnd: autoDraw = True
68.0733 	EXP 	Slider: autoDraw = True
69.5325 	DATA 	Keypress: return
69.5359 	DATA 	RatingScale Slider: (key response) rating=5
69.5359 	DATA 	RatingScale Slider: rating RT=1.479
69.5359 	DATA 	RatingScale Slider: history=[('5', 0.0), ('5', 1.479)]
69.5650 	EXP 	cB_8: autoDraw = False
69.5650 	EXP 	text: autoDraw = False
69.5650 	EXP 	imagesbRnd: autoDraw = False
69.5650 	EXP 	Slider: autoDraw = False
69.5650 	EXP 	cB_9: autoDraw = True
70.0956 	EXP 	cB_9: autoDraw = False
70.0956 	EXP 	textFb: text = 'Lukas has decided not to cooperate and keep the investment. You received 0 credits'
70.0956 	EXP 	cbFb: autoDraw = True
70.0956 	EXP 	textFb: autoDraw = True
73.0808 	EXP 	cbFb: autoDraw = False
73.0808 	EXP 	textFb: autoDraw = False
73.0808 	EXP 	cbBuf: autoDraw = True
73.2519 	EXP 	fixCross: autoDraw = True
73.7650 	EXP 	fixCross: autoDraw = False
73.9527 	EXP 	New trial (rep=0, index=8): OrderedDict([('playerId', 'Paul'), ('avatarFile', 'images/avatar1.jpg'), ('choiceLabel', 'reciprocate'), ('actionLabel', 1), ('actionRound', 1)])
74.0220 	EXP 	RatingScale Slider: reset()
74.0401 	EXP 	cbBuf: autoDraw = False
74.0401 	EXP 	fixCross: autoDraw = False
74.0401 	EXP 	text: text = 'This round you are playing with Paul!'
74.0401 	EXP 	imagesbRnd: image = 'images/avatar1.jpg'
74.0401 	EXP 	cB_8: autoDraw = True
74.0401 	EXP 	text: autoDraw = True
74.0401 	EXP 	imagesbRnd: autoDraw = True
74.0401 	EXP 	Slider: autoDraw = True
74.3433 	DATA 	Keypress: escape
74.5803 	EXP 	window1: mouseVisible = True
