2.6319 	WARNING 	Import Error: No module named 'psychtoolbox'. Using event module for keyboard component.
4.9546 	WARNING 	User requested fullscreen with size [1024  768], but screen is actually [1680, 1050]. Using actual size
5.9416 	EXP 	Created window1 = Window(allowGUI=True, allowStencil=False, args=UNKNOWN, autoLog=True, bitsMode=UNKNOWN, blendMode='avg', color=array([0., 0., 0.]), colorSpace='rgb', fullscr=<method-wrapper '__getattribute__' of attributeSetter object at 0x0A7F2FB0>, gamma=None, gammaErrorPolicy='raise', kwargs=UNKNOWN, lms=UNKNOWN, monitor=<psychopy.monitors.calibTools.Monitor object at 0x0A62BCB0>, multiSample=False, name='window1', numSamples=2, pos=[0.0, 0.0], screen=0, size=array([1680, 1050]), stereo=False, units='height', useFBO=True, useRetina=False, viewOri=0.0, viewPos=None, viewScale=None, waitBlanking=True, winType='pyglet')
5.9417 	EXP 	window1: recordFrameIntervals = False
6.1127 	EXP 	window1: recordFrameIntervals = True
6.3006 	EXP 	window1: recordFrameIntervals = False
6.3034 	EXP 	Created cB_1 = Rect(__class__=<class 'psychopy.visual.rect.Rect'>, autoDraw=False, autoLog=True, closeShape=True, color=method-wrapper(...), colorSpace=None, contrast=1.0, depth=-1.0, fillColor=array([-1., -1., -1.]), fillColorSpace='rgb', fillRGB=array([-1., -1., -1.]), interpolate=True, lineColor=array([1., 1., 1.]), lineColorSpace='rgb', lineRGB=array([1., 1., 1.]), lineWidth=1, name='cB_1', opacity=1.0, ori=array(0.), pos=array([0., 0.]), size=array([1., 1.]), units='height', vertices=ndarray(...), win=Window(...))
6.4431 	EXP 	Created textWelcome = TextStim(__class__=<class 'psychopy.visual.text.TextStim'>, alignHoriz='center', alignVert='center', antialias=True, autoLog=True, bold=False, color='white', colorSpace='named', contrast=1.0, depth=-2.0, flipHoriz=False, flipVert=False, font='Arial', fontFiles=[], height=0.03, italic=False, languageStyle='LTR', name='textWelcome', opacity=1.0, ori=0, pos=array([0., 0.]), rgb=array([255., 255., 255.]), text=str(...), units='height', win=Window(...), wrapWidth=1)
6.4447 	EXP 	Created cB_2 = Rect(__class__=<class 'psychopy.visual.rect.Rect'>, autoDraw=False, autoLog=True, closeShape=True, color=method-wrapper(...), colorSpace=None, contrast=1.0, depth=0.0, fillColor=array([-1., -1., -1.]), fillColorSpace='rgb', fillRGB=array([-1., -1., -1.]), interpolate=True, lineColor=array([1., 1., 1.]), lineColorSpace='rgb', lineRGB=array([1., 1., 1.]), lineWidth=1, name='cB_2', opacity=1.0, ori=array(0.), pos=array([0., 0.]), size=array([1., 1.]), units='height', vertices=ndarray(...), win=Window(...))
6.5173 	EXP 	Created textInstructions = TextStim(__class__=<class 'psychopy.visual.text.TextStim'>, alignHoriz='center', alignVert='center', antialias=True, autoLog=True, bold=False, color='white', colorSpace='named', contrast=1.0, depth=-1.0, flipHoriz=False, flipVert=False, font='Arial', fontFiles=[], height=0.03, italic=False, languageStyle='LTR', name='textInstructions', opacity=1.0, ori=0, pos=array([0., 0.]), rgb=array([255., 255., 255.]), text=str(...), units='height', win=Window(...), wrapWidth=1)
6.5188 	EXP 	Created cB_3 = Rect(__class__=<class 'psychopy.visual.rect.Rect'>, autoDraw=False, autoLog=True, closeShape=True, color=method-wrapper(...), colorSpace=None, contrast=1.0, depth=0.0, fillColor=array([-1., -1., -1.]), fillColorSpace='rgb', fillRGB=array([-1., -1., -1.]), interpolate=True, lineColor=array([1., 1., 1.]), lineColorSpace='rgb', lineRGB=array([1., 1., 1.]), lineWidth=1, name='cB_3', opacity=1.0, ori=array(0.), pos=array([0., 0.]), size=array([1., 1.]), units='height', vertices=ndarray(...), win=Window(...))
6.5543 	EXP 	Created textServer = TextStim(__class__=<class 'psychopy.visual.text.TextStim'>, alignHoriz='center', alignVert='center', antialias=True, autoLog=True, bold=False, color='white', colorSpace='named', contrast=1.0, depth=-1.0, flipHoriz=False, flipVert=False, font='Arial', fontFiles=[], height=0.03, italic=False, languageStyle='LTR', name='textServer', opacity=1.0, ori=0, pos=array([0., 0.]), rgb=array([255., 255., 255.]), text=str(...), units='height', win=Window(...), wrapWidth=1)
6.5559 	EXP 	Created cB_4 = Rect(__class__=<class 'psychopy.visual.rect.Rect'>, autoDraw=False, autoLog=True, closeShape=True, color=method-wrapper(...), colorSpace=None, contrast=1.0, depth=0.0, fillColor=array([-1., -1., -1.]), fillColorSpace='rgb', fillRGB=array([-1., -1., -1.]), interpolate=True, lineColor=array([1., 1., 1.]), lineColorSpace='rgb', lineRGB=array([1., 1., 1.]), lineWidth=1, name='cB_4', opacity=1.0, ori=array(0.), pos=array([0., 0.]), size=array([1., 1.]), units='height', vertices=ndarray(...), win=Window(...))
6.5615 	EXP 	Created text_1 = TextStim(__class__=<class 'psychopy.visual.text.TextStim'>, alignHoriz='center', alignVert='center', antialias=True, autoLog=True, bold=False, color='white', colorSpace='named', contrast=1.0, depth=-1.0, flipHoriz=False, flipVert=False, font='Arial', fontFiles=[], height=0.03, italic=False, languageStyle='LTR', name='text_1', opacity=1.0, ori=0, pos=array([0., 0.]), rgb=array([255., 255., 255.]), text='connecting      ', units='height', win=Window(...), wrapWidth=1)
6.5664 	EXP 	Created text_2 = TextStim(__class__=<class 'psychopy.visual.text.TextStim'>, alignHoriz='center', alignVert='center', antialias=True, autoLog=True, bold=False, color='white', colorSpace='named', contrast=1.0, depth=-2.0, flipHoriz=False, flipVert=False, font='Arial', fontFiles=[], height=0.03, italic=False, languageStyle='LTR', name='text_2', opacity=1.0, ori=0, pos=array([0., 0.]), rgb=array([255., 255., 255.]), text='connecting .    ', units='height', win=Window(...), wrapWidth=1)
6.5713 	EXP 	Created text_3 = TextStim(__class__=<class 'psychopy.visual.text.TextStim'>, alignHoriz='center', alignVert='center', antialias=True, autoLog=True, bold=False, color='white', colorSpace='named', contrast=1.0, depth=-3.0, flipHoriz=False, flipVert=False, font='Arial', fontFiles=[], height=0.03, italic=False, languageStyle='LTR', name='text_3', opacity=1.0, ori=0, pos=array([0., 0.]), rgb=array([255., 255., 255.]), text='connecting . .  ', units='height', win=Window(...), wrapWidth=1)
6.5771 	EXP 	Created text_4 = TextStim(__class__=<class 'psychopy.visual.text.TextStim'>, alignHoriz='center', alignVert='center', antialias=True, autoLog=True, bold=False, color='white', colorSpace='named', contrast=1.0, depth=-4.0, flipHoriz=False, flipVert=False, font='Arial', fontFiles=[], height=0.03, italic=False, languageStyle='LTR', name='text_4', opacity=1.0, ori=0, pos=array([0., 0.]), rgb=array([255., 255., 255.]), text='connecting . . .', units='height', win=Window(...), wrapWidth=1)
6.5786 	EXP 	Created cB_5 = Rect(__class__=<class 'psychopy.visual.rect.Rect'>, autoDraw=False, autoLog=True, closeShape=True, color=method-wrapper(...), colorSpace=None, contrast=1.0, depth=0.0, fillColor=array([-1., -1., -1.]), fillColorSpace='rgb', fillRGB=array([-1., -1., -1.]), interpolate=True, lineColor=array([1., 1., 1.]), lineColorSpace='rgb', lineRGB=array([1., 1., 1.]), lineWidth=1, name='cB_5', opacity=1.0, ori=array(0.), pos=array([0., 0.]), size=array([1., 1.]), units='height', vertices=ndarray(...), win=Window(...))
6.5826 	EXP 	Created idle = TextStim(__class__=<class 'psychopy.visual.text.TextStim'>, alignHoriz='center', alignVert='center', antialias=True, autoLog=True, bold=False, color='white', colorSpace='named', contrast=1.0, depth=-1.0, flipHoriz=False, flipVert=False, font='Arial', fontFiles=[], height=0.03, italic=False, languageStyle='LTR', name='idle', opacity=1.0, ori=0, pos=array([0., 0.]), rgb=array([255., 255., 255.]), text='found', units='height', win=Window(...), wrapWidth=1)
6.5874 	EXP 	Created idle_2 = TextStim(__class__=<class 'psychopy.visual.text.TextStim'>, alignHoriz='center', alignVert='center', antialias=True, autoLog=True, bold=False, color='white', colorSpace='named', contrast=1.0, depth=-2.0, flipHoriz=False, flipVert=False, font='Arial', fontFiles=[], height=0.03, italic=False, languageStyle='LTR', name='idle_2', opacity=1.0, ori=0, pos=array([0., 0.]), rgb=array([255., 255., 255.]), text='init proc     ', units='height', win=Window(...), wrapWidth=1)
6.5965 	EXP 	Created idle_3 = TextStim(__class__=<class 'psychopy.visual.text.TextStim'>, alignHoriz='center', alignVert='center', antialias=True, autoLog=True, bold=False, color='white', colorSpace='named', contrast=1.0, depth=-3.0, flipHoriz=False, flipVert=False, font='Arial', fontFiles=[], height=0.03, italic=False, languageStyle='LTR', name='idle_3', opacity=1.0, ori=0, pos=array([0., 0.]), rgb=array([255., 255., 255.]), text='init proc 2141', units='height', win=Window(...), wrapWidth=1)
6.6033 	EXP 	Created idle_4 = TextStim(__class__=<class 'psychopy.visual.text.TextStim'>, alignHoriz='center', alignVert='center', antialias=True, autoLog=True, bold=False, color='white', colorSpace='named', contrast=1.0, depth=-4.0, flipHoriz=False, flipVert=False, font='Arial', fontFiles=[], height=0.03, italic=False, languageStyle='LTR', name='idle_4', opacity=1.0, ori=0, pos=array([0., 0.]), rgb=array([255., 255., 255.]), text='init proc 2215', units='height', win=Window(...), wrapWidth=1)
6.6105 	EXP 	Created idle_5 = TextStim(__class__=<class 'psychopy.visual.text.TextStim'>, alignHoriz='center', alignVert='center', antialias=True, autoLog=True, bold=False, color='white', colorSpace='named', contrast=1.0, depth=-5.0, flipHoriz=False, flipVert=False, font='Arial', fontFiles=[], height=0.03, italic=False, languageStyle='LTR', name='idle_5', opacity=1.0, ori=0, pos=array([0., 0.]), rgb=array([255., 255., 255.]), text='init proc 3229', units='height', win=Window(...), wrapWidth=1)
6.6158 	EXP 	Created idle_6 = TextStim(__class__=<class 'psychopy.visual.text.TextStim'>, alignHoriz='center', alignVert='center', antialias=True, autoLog=True, bold=False, color='white', colorSpace='named', contrast=1.0, depth=-6.0, flipHoriz=False, flipVert=False, font='Arial', fontFiles=[], height=0.03, italic=False, languageStyle='LTR', name='idle_6', opacity=1.0, ori=0, pos=array([0., 0.]), rgb=array([255., 255., 255.]), text='init proc 4325', units='height', win=Window(...), wrapWidth=1)
6.6220 	EXP 	Created idle_7 = TextStim(__class__=<class 'psychopy.visual.text.TextStim'>, alignHoriz='center', alignVert='center', antialias=True, autoLog=True, bold=False, color='white', colorSpace='named', contrast=1.0, depth=-7.0, flipHoriz=False, flipVert=False, font='Arial', fontFiles=[], height=0.03, italic=False, languageStyle='LTR', name='idle_7', opacity=1.0, ori=0, pos=array([0., 0.]), rgb=array([255., 255., 255.]), text='init proc 1337', units='height', win=Window(...), wrapWidth=1)
6.6270 	EXP 	Created ilde_8 = TextStim(__class__=<class 'psychopy.visual.text.TextStim'>, alignHoriz='center', alignVert='center', antialias=True, autoLog=True, bold=False, color='white', colorSpace='named', contrast=1.0, depth=-8.0, flipHoriz=False, flipVert=False, font='Arial', fontFiles=[], height=0.03, italic=False, languageStyle='LTR', name='ilde_8', opacity=1.0, ori=0, pos=array([0., 0.]), rgb=array([255., 255., 255.]), text='buffering      ', units='height', win=Window(...), wrapWidth=1)
6.6318 	EXP 	Created idle_9 = TextStim(__class__=<class 'psychopy.visual.text.TextStim'>, alignHoriz='center', alignVert='center', antialias=True, autoLog=True, bold=False, color='white', colorSpace='named', contrast=1.0, depth=-9.0, flipHoriz=False, flipVert=False, font='Arial', fontFiles=[], height=0.03, italic=False, languageStyle='LTR', name='idle_9', opacity=1.0, ori=0, pos=array([0., 0.]), rgb=array([255., 255., 255.]), text='buffering .    ', units='height', win=Window(...), wrapWidth=1)
6.6366 	EXP 	Created idle_10 = TextStim(__class__=<class 'psychopy.visual.text.TextStim'>, alignHoriz='center', alignVert='center', antialias=True, autoLog=True, bold=False, color='white', colorSpace='named', contrast=1.0, depth=-10.0, flipHoriz=False, flipVert=False, font='Arial', fontFiles=[], height=0.03, italic=False, languageStyle='LTR', name='idle_10', opacity=1.0, ori=0, pos=array([0., 0.]), rgb=array([255., 255., 255.]), text='buffering . .  ', units='height', win=Window(...), wrapWidth=1)
6.6419 	EXP 	Created idle_11 = TextStim(__class__=<class 'psychopy.visual.text.TextStim'>, alignHoriz='center', alignVert='center', antialias=True, autoLog=True, bold=False, color='white', colorSpace='named', contrast=1.0, depth=-11.0, flipHoriz=False, flipVert=False, font='Arial', fontFiles=[], height=0.03, italic=False, languageStyle='LTR', name='idle_11', opacity=1.0, ori=0, pos=array([0., 0.]), rgb=array([255., 255., 255.]), text='buffering . . .', units='height', win=Window(...), wrapWidth=1)
6.6517 	EXP 	Created idle_12 = TextStim(__class__=<class 'psychopy.visual.text.TextStim'>, alignHoriz='center', alignVert='center', antialias=True, autoLog=True, bold=False, color='white', colorSpace='named', contrast=1.0, depth=-12.0, flipHoriz=False, flipVert=False, font='Arial', fontFiles=[], height=0.03, italic=False, languageStyle='LTR', name='idle_12', opacity=1.0, ori=0, pos=array([0., 0.]), rgb=array([255., 255., 255.]), text='run /serv/234_1/sd connect', units='height', win=Window(...), wrapWidth=1)
6.6532 	EXP 	Created cB_6 = Rect(__class__=<class 'psychopy.visual.rect.Rect'>, autoDraw=False, autoLog=True, closeShape=True, color=method-wrapper(...), colorSpace=None, contrast=1.0, depth=0.0, fillColor=array([-1., -1., -1.]), fillColorSpace='rgb', fillRGB=array([-1., -1., -1.]), interpolate=True, lineColor=array([1., 1., 1.]), lineColorSpace='rgb', lineRGB=array([1., 1., 1.]), lineWidth=1, name='cB_6', opacity=1.0, ori=array(0.), pos=array([0., 0.]), size=array([1., 1.]), units='height', vertices=ndarray(...), win=Window(...))
6.6845 	EXP 	Created sBInstructions = TextStim(__class__=<class 'psychopy.visual.text.TextStim'>, alignHoriz='center', alignVert='center', antialias=True, autoLog=True, bold=False, color='white', colorSpace='named', contrast=1.0, depth=-1.0, flipHoriz=False, flipVert=False, font='Arial', fontFiles=[], height=0.03, italic=False, languageStyle='LTR', name='sBInstructions', opacity=1.0, ori=0, pos=array([0., 0.]), rgb=array([255., 255., 255.]), text=str(...), units='height', win=Window(...), wrapWidth=1)
6.6860 	EXP 	Created cB_8 = Rect(__class__=<class 'psychopy.visual.rect.Rect'>, autoDraw=False, autoLog=True, closeShape=True, color=method-wrapper(...), colorSpace=None, contrast=1.0, depth=0.0, fillColor=array([-1., -1., -1.]), fillColorSpace='rgb', fillRGB=array([-1., -1., -1.]), interpolate=True, lineColor=array([1., 1., 1.]), lineColorSpace='rgb', lineRGB=array([1., 1., 1.]), lineWidth=1, name='cB_8', opacity=1.0, ori=array(0.), pos=array([0., 0.]), size=array([1., 1.]), units='height', vertices=ndarray(...), win=Window(...))
6.7020 	EXP 	Created text = TextStim(__class__=<class 'psychopy.visual.text.TextStim'>, alignHoriz='center', alignVert='center', antialias=True, autoLog=True, bold=False, color='white', colorSpace='named', contrast=1.0, depth=-1.0, flipHoriz=False, flipVert=False, font='Arial', fontFiles=[], height=0.05, italic=False, languageStyle='LTR', name='text', opacity=1.0, ori=0, pos=array([0., 0.]), rgb=array([255., 255., 255.]), text='default text', units='height', win=Window(...), wrapWidth=1)
6.7078 	EXP 	Created imagesbRnd = ImageStim(__class__=<class 'psychopy.visual.image.ImageStim'>, autoLog=True, color=array([1., 1., 1.]), colorSpace='rgb', contrast=1.0, depth=-2.0, flipHoriz=False, flipVert=False, image='sin', interpolate=True, mask=None, maskParams=None, name='imagesbRnd', opacity=1.0, ori=0.0, pos=array([0.  , 0.25]), size=array([0.2, 0.2]), texRes=128, units='height', win=Window(...))
6.7733 	EXP 	Created Slider = RatingScale(__class__=type(...), acceptKeys=['return'], acceptPreText=UNKNOWN, acceptSize=UNKNOWN, acceptText='accept?', autoLog=True, choices=list(...), depth=0, disappear=False, flipVert=False, high=10, kwargs=UNKNOWN, labels=list(...), leftKeys=['left'], lineColor='White', low=0, marker=ShapeStim(...), markerColor='DarkBlue', markerExpansion=UNKNOWN, markerStart=5.0, maxTime=0.0, minTime=0.4, mouseOnly=False, name='Slider', noMouse=False, pos=[0.0, -0.4], precision=1, respKeys=[], rightKeys=['right'], scale='<default>', self=UNKNOWN, showAccept=True, showValue=True, singleClick=False, size=0.6, skipKeys=['tab'], stretch=1.0, textColor='LightGray', textFont='Helvetica Bold', textSize=0.12, tickHeight=-1, tickMarks=10.0, win=Window(...))
6.7749 	EXP 	Created cB_9 = Rect(__class__=<class 'psychopy.visual.rect.Rect'>, autoDraw=False, autoLog=True, closeShape=True, color=method-wrapper(...), colorSpace=None, contrast=1.0, depth=0.0, fillColor=array([-1., -1., -1.]), fillColorSpace='rgb', fillRGB=array([-1., -1., -1.]), interpolate=True, lineColor=array([1., 1., 1.]), lineColorSpace='rgb', lineRGB=array([1., 1., 1.]), lineWidth=1, name='cB_9', opacity=1.0, ori=array(0.), pos=array([0., 0.]), size=array([1., 1.]), units='height', vertices=ndarray(...), win=Window(...))
6.7764 	EXP 	Created cbFb = Rect(__class__=<class 'psychopy.visual.rect.Rect'>, autoDraw=False, autoLog=True, closeShape=True, color=method-wrapper(...), colorSpace=None, contrast=1.0, depth=-1.0, fillColor=array([-1., -1., -1.]), fillColorSpace='rgb', fillRGB=array([-1., -1., -1.]), interpolate=True, lineColor=array([1., 1., 1.]), lineColorSpace='rgb', lineRGB=array([1., 1., 1.]), lineWidth=1, name='cbFb', opacity=1.0, ori=array(0.), pos=array([0., 0.]), size=array([1., 1.]), units='height', vertices=ndarray(...), win=Window(...))
6.7829 	EXP 	Created textFb = TextStim(__class__=<class 'psychopy.visual.text.TextStim'>, alignHoriz='center', alignVert='center', antialias=True, autoLog=True, bold=False, color='white', colorSpace='named', contrast=1.0, depth=-2.0, flipHoriz=False, flipVert=False, font='Arial', fontFiles=[], height=0.03, italic=False, languageStyle='LTR', name='textFb', opacity=1.0, ori=0, pos=array([0., 0.]), rgb=array([255., 255., 255.]), text='default text', units='height', win=Window(...), wrapWidth=1)
6.7845 	EXP 	Created cbBuf = Rect(__class__=<class 'psychopy.visual.rect.Rect'>, autoDraw=False, autoLog=True, closeShape=True, color=method-wrapper(...), colorSpace=None, contrast=1.0, depth=0.0, fillColor=array([-1., -1., -1.]), fillColorSpace='rgb', fillRGB=array([-1., -1., -1.]), interpolate=True, lineColor=array([1., 1., 1.]), lineColorSpace='rgb', lineRGB=array([1., 1., 1.]), lineWidth=1, name='cbBuf', opacity=1.0, ori=array(0.), pos=array([0., 0.]), size=array([1., 1.]), units='height', vertices=ndarray(...), win=Window(...))
6.7863 	EXP 	Created fixCross = ShapeStim(__class__=<class 'psychopy.visual.shape.ShapeStim'>, autoDraw=False, autoLog=True, closeShape=True, contrast=1.0, depth=-1.0, fillColor=array([1., 1., 1.]), fillColorSpace='rgb', interpolate=True, lineColor=array([1., 1., 1.]), lineColorSpace='rgb', lineWidth=1, name='fixCross', opacity=1.0, ori=array(0.), pos=array([0., 0.]), size=array([0.1, 0.1]), units='height', vertices=ndarray(...), win=Window(...), windingRule=None)
6.7877 	EXP 	Created cB_11 = Rect(__class__=<class 'psychopy.visual.rect.Rect'>, autoDraw=False, autoLog=True, closeShape=True, color=method-wrapper(...), colorSpace=None, contrast=1.0, depth=0.0, fillColor=array([-1., -1., -1.]), fillColorSpace='rgb', fillRGB=array([-1., -1., -1.]), interpolate=True, lineColor=array([1., 1., 1.]), lineColorSpace='rgb', lineRGB=array([1., 1., 1.]), lineWidth=1, name='cB_11', opacity=1.0, ori=array(0.), pos=array([0., 0.]), size=array([1., 1.]), units='height', vertices=ndarray(...), win=Window(...))
6.8155 	EXP 	Created unnamed Rect = Rect(__class__=<class 'psychopy.visual.rect.Rect'>, autoDraw=False, autoLog=True, closeShape=True, color=method-wrapper(...), colorSpace=None, contrast=1.0, depth=0, fillColor=None, fillColorSpace='rgb', fillRGB=None, interpolate=True, lineColor='DarkGrey', lineColorSpace='named', lineRGB=array([169., 169., 169.]), lineWidth=1.5, name='unnamed Rect', opacity=1.0, ori=array(0.), pos=array([ 0. , -0.4]), size=array([1., 1.]), units='height', vertices=ndarray(...), win=Window(...))
6.8159 	EXP 	Created rating = Slider(__class__=<class 'psychopy.visual.slider.Slider'>, autoDraw=False, autoLog=True, color='LightGray', depth=0, flip=False, font='HelveticaBold', granularity=0, labelHeight=0.1, labelWrapWidth=None, labels=[1, 7], name='rating', pos=(0, -0.4), readOnly=False, self=UNKNOWN, size=(1.0, 0.1), style=method-wrapper(...), ticks=array([1, 2, 3, 4, 5]), units='height', win=Window(...))
6.8175 	EXP 	Created cB_8 = Rect(__class__=<class 'psychopy.visual.rect.Rect'>, autoDraw=False, autoLog=True, closeShape=True, color=method-wrapper(...), colorSpace=None, contrast=1.0, depth=0.0, fillColor=array([-1., -1., -1.]), fillColorSpace='rgb', fillRGB=array([-1., -1., -1.]), interpolate=True, lineColor=array([1., 1., 1.]), lineColorSpace='rgb', lineRGB=array([1., 1., 1.]), lineWidth=1, name='cB_8', opacity=1.0, ori=array(0.), pos=array([0., 0.]), size=array([1., 1.]), units='height', vertices=ndarray(...), win=Window(...))
6.8254 	EXP 	Created text = TextStim(__class__=<class 'psychopy.visual.text.TextStim'>, alignHoriz='center', alignVert='center', antialias=True, autoLog=True, bold=False, color='white', colorSpace='named', contrast=1.0, depth=-1.0, flipHoriz=False, flipVert=False, font='Arial', fontFiles=[], height=0.05, italic=False, languageStyle='LTR', name='text', opacity=1.0, ori=0, pos=array([0., 0.]), rgb=array([255., 255., 255.]), text='default text', units='height', win=Window(...), wrapWidth=1)
6.8279 	EXP 	Created imagesbRnd = ImageStim(__class__=<class 'psychopy.visual.image.ImageStim'>, autoLog=True, color=array([1., 1., 1.]), colorSpace='rgb', contrast=1.0, depth=-2.0, flipHoriz=False, flipVert=False, image='sin', interpolate=True, mask=None, maskParams=None, name='imagesbRnd', opacity=1.0, ori=0.0, pos=array([0.  , 0.25]), size=array([0.2, 0.2]), texRes=128, units='height', win=Window(...))
6.8714 	EXP 	Created Slider = RatingScale(__class__=type(...), acceptKeys=['return'], acceptPreText=UNKNOWN, acceptSize=UNKNOWN, acceptText='accept?', autoLog=True, choices=list(...), depth=0, disappear=False, flipVert=False, high=10, kwargs=UNKNOWN, labels=list(...), leftKeys=['left'], lineColor='White', low=0, marker=ShapeStim(...), markerColor='DarkBlue', markerExpansion=UNKNOWN, markerStart=5.0, maxTime=0.0, minTime=0.4, mouseOnly=False, name='Slider', noMouse=False, pos=[0.0, -0.4], precision=1, respKeys=[], rightKeys=['right'], scale='<default>', self=UNKNOWN, showAccept=True, showValue=True, singleClick=False, size=0.6, skipKeys=['tab'], stretch=1.0, textColor='LightGray', textFont='Helvetica Bold', textSize=0.12, tickHeight=-1, tickMarks=10.0, win=Window(...))
6.8730 	EXP 	Created cB_9 = Rect(__class__=<class 'psychopy.visual.rect.Rect'>, autoDraw=False, autoLog=True, closeShape=True, color=method-wrapper(...), colorSpace=None, contrast=1.0, depth=0.0, fillColor=array([-1., -1., -1.]), fillColorSpace='rgb', fillRGB=array([-1., -1., -1.]), interpolate=True, lineColor=array([1., 1., 1.]), lineColorSpace='rgb', lineRGB=array([1., 1., 1.]), lineWidth=1, name='cB_9', opacity=1.0, ori=array(0.), pos=array([0., 0.]), size=array([1., 1.]), units='height', vertices=ndarray(...), win=Window(...))
6.8744 	EXP 	Created cbFb = Rect(__class__=<class 'psychopy.visual.rect.Rect'>, autoDraw=False, autoLog=True, closeShape=True, color=method-wrapper(...), colorSpace=None, contrast=1.0, depth=-1.0, fillColor=array([-1., -1., -1.]), fillColorSpace='rgb', fillRGB=array([-1., -1., -1.]), interpolate=True, lineColor=array([1., 1., 1.]), lineColorSpace='rgb', lineRGB=array([1., 1., 1.]), lineWidth=1, name='cbFb', opacity=1.0, ori=array(0.), pos=array([0., 0.]), size=array([1., 1.]), units='height', vertices=ndarray(...), win=Window(...))
6.8803 	EXP 	Created textFb = TextStim(__class__=<class 'psychopy.visual.text.TextStim'>, alignHoriz='center', alignVert='center', antialias=True, autoLog=True, bold=False, color='white', colorSpace='named', contrast=1.0, depth=-2.0, flipHoriz=False, flipVert=False, font='Arial', fontFiles=[], height=0.03, italic=False, languageStyle='LTR', name='textFb', opacity=1.0, ori=0, pos=array([0., 0.]), rgb=array([255., 255., 255.]), text='default text', units='height', win=Window(...), wrapWidth=1)
6.8818 	EXP 	Created cbBuf = Rect(__class__=<class 'psychopy.visual.rect.Rect'>, autoDraw=False, autoLog=True, closeShape=True, color=method-wrapper(...), colorSpace=None, contrast=1.0, depth=0.0, fillColor=array([-1., -1., -1.]), fillColorSpace='rgb', fillRGB=array([-1., -1., -1.]), interpolate=True, lineColor=array([1., 1., 1.]), lineColorSpace='rgb', lineRGB=array([1., 1., 1.]), lineWidth=1, name='cbBuf', opacity=1.0, ori=array(0.), pos=array([0., 0.]), size=array([1., 1.]), units='height', vertices=ndarray(...), win=Window(...))
6.8835 	EXP 	Created fixCross = ShapeStim(__class__=<class 'psychopy.visual.shape.ShapeStim'>, autoDraw=False, autoLog=True, closeShape=True, contrast=1.0, depth=-1.0, fillColor=array([1., 1., 1.]), fillColorSpace='rgb', interpolate=True, lineColor=array([1., 1., 1.]), lineColorSpace='rgb', lineWidth=1, name='fixCross', opacity=1.0, ori=array(0.), pos=array([0., 0.]), size=array([0.1, 0.1]), units='height', vertices=ndarray(...), win=Window(...), windingRule=None)
6.8848 	EXP 	Created cB_10 = Rect(__class__=<class 'psychopy.visual.rect.Rect'>, autoDraw=False, autoLog=True, closeShape=True, color=method-wrapper(...), colorSpace=None, contrast=1.0, depth=0.0, fillColor=array([-1., -1., -1.]), fillColorSpace='rgb', fillRGB=array([-1., -1., -1.]), interpolate=True, lineColor=array([1., 1., 1.]), lineColorSpace='rgb', lineRGB=array([1., 1., 1.]), lineWidth=1, name='cB_10', opacity=1.0, ori=array(0.), pos=array([0., 0.]), size=array([1., 1.]), units='height', vertices=ndarray(...), win=Window(...))
6.9530 	EXP 	Created sbEndText = TextStim(__class__=<class 'psychopy.visual.text.TextStim'>, alignHoriz='center', alignVert='center', antialias=True, autoLog=True, bold=False, color='white', colorSpace='named', contrast=1.0, depth=-1.0, flipHoriz=False, flipVert=False, font='Arial', fontFiles=[], height=0.1, italic=False, languageStyle='LTR', name='sbEndText', opacity=1.0, ori=0, pos=array([0., 0.]), rgb=array([255., 255., 255.]), text=str(...), units='height', win=Window(...), wrapWidth=1)
6.9661 	EXP 	Slider: flipVert = False
6.9661 	EXP 	Slider: autoLog = True
6.9661 	EXP 	rating: autoLog = True
6.9661 	EXP 	rating: markerPos = None
6.9661 	EXP 	rating: rating = None
6.9661 	EXP 	rating: markerPos = None
6.9661 	EXP 	rating: contrast = 1.0
6.9661 	EXP 	rating: autoLog = True
6.9661 	EXP 	rating: style = ('rating',)
6.9661 	EXP 	Slider: flipVert = False
6.9661 	EXP 	Slider: autoLog = True
6.9661 	EXP 	cB_1: autoDraw = True
6.9661 	EXP 	textWelcome: autoDraw = True
8.1699 	DATA 	Keypress: 1
8.1858 	EXP 	cB_1: autoDraw = False
8.1858 	EXP 	textWelcome: autoDraw = False
8.1858 	EXP 	cB_2: autoDraw = True
8.1858 	EXP 	textInstructions: autoDraw = True
8.7674 	DATA 	Keypress: 1
8.7842 	EXP 	cB_2: autoDraw = False
8.7842 	EXP 	textInstructions: autoDraw = False
8.7842 	EXP 	cB_3: autoDraw = True
8.7842 	EXP 	textServer: autoDraw = True
9.6037 	DATA 	Keypress: 1
9.6043 	EXP 	Created sequence: random, trialTypes=1, nReps=1, seed=None
9.6045 	EXP 	New trial (rep=0, index=0): None
9.6204 	EXP 	cB_3: autoDraw = False
9.6204 	EXP 	textServer: autoDraw = False
9.6204 	EXP 	cB_4: autoDraw = True
9.6204 	EXP 	text_1: autoDraw = True
10.5928 	EXP 	text_2: autoDraw = True
10.6267 	EXP 	text_1: autoDraw = False
11.1037 	EXP 	text_2: autoDraw = False
11.1037 	EXP 	text_3: autoDraw = True
11.5985 	EXP 	text_4: autoDraw = True
11.6150 	EXP 	text_3: autoDraw = False
12.1095 	EXP 	text_4: autoDraw = False
12.1265 	EXP 	cB_4: autoDraw = False
12.1265 	EXP 	text_1: autoDraw = False
12.1265 	EXP 	text_2: autoDraw = False
12.1265 	EXP 	text_3: autoDraw = False
12.1265 	EXP 	text_4: autoDraw = False
12.1265 	EXP 	cB_5: autoDraw = True
12.2982 	EXP 	idle: autoDraw = True
12.6038 	EXP 	idle: autoDraw = False
12.6038 	EXP 	idle_2: autoDraw = True
12.8103 	EXP 	idle_2: autoDraw = False
12.8103 	EXP 	idle_3: autoDraw = True
12.8972 	EXP 	idle_3: autoDraw = False
12.8972 	EXP 	idle_4: autoDraw = True
13.0505 	EXP 	idle_4: autoDraw = False
13.0505 	EXP 	idle_5: autoDraw = True
13.2037 	EXP 	idle_5: autoDraw = False
13.2037 	EXP 	idle_6: autoDraw = True
13.3582 	EXP 	idle_6: autoDraw = False
13.3582 	EXP 	idle_7: autoDraw = True
13.4603 	EXP 	idle_7: autoDraw = False
13.4603 	EXP 	ilde_8: autoDraw = True
13.9543 	EXP 	ilde_8: autoDraw = False
13.9543 	EXP 	idle_9: autoDraw = True
14.4506 	EXP 	idle_10: autoDraw = True
14.4677 	EXP 	idle_9: autoDraw = False
14.9472 	EXP 	idle_11: autoDraw = True
14.9642 	EXP 	idle_10: autoDraw = False
15.4586 	EXP 	idle_11: autoDraw = False
15.4586 	EXP 	idle_12: autoDraw = True
15.5966 	EXP 	idle_12: autoDraw = False
16.1234 	EXP 	cB_5: autoDraw = False
16.1234 	EXP 	idle: autoDraw = False
16.1234 	EXP 	idle_2: autoDraw = False
16.1234 	EXP 	idle_3: autoDraw = False
16.1234 	EXP 	idle_4: autoDraw = False
16.1234 	EXP 	idle_5: autoDraw = False
16.1234 	EXP 	idle_6: autoDraw = False
16.1234 	EXP 	idle_7: autoDraw = False
16.1234 	EXP 	ilde_8: autoDraw = False
16.1234 	EXP 	idle_9: autoDraw = False
16.1234 	EXP 	idle_10: autoDraw = False
16.1234 	EXP 	idle_11: autoDraw = False
16.1234 	EXP 	idle_12: autoDraw = False
16.1234 	EXP 	cB_6: autoDraw = True
16.2952 	EXP 	sBInstructions: autoDraw = True
16.8566 	DATA 	Keypress: 1
16.8980 	EXP 	Imported contitions.xlsx as conditions, 19 conditions, 5 params
16.8983 	EXP 	Created sequence: random, trialTypes=19, nReps=2, seed=None
16.8987 	EXP 	New trial (rep=0, index=0): OrderedDict([('playerId', 'Lukas'), ('avatarFile', 'images/avatar2.jpg'), ('choiceLabel', 'reciprocate'), ('actionLabel', 1), ('actionRound', 1)])
16.9204 	EXP 	Imported contitions.xlsx as conditions, 19 conditions, 5 params
16.9207 	EXP 	Created sequence: random, trialTypes=19, nReps=1, seed=None
16.9211 	EXP 	New trial (rep=0, index=0): OrderedDict([('playerId', 'Paul'), ('avatarFile', 'images/avatar1.jpg'), ('choiceLabel', 'reciprocate'), ('actionLabel', 1), ('actionRound', 1)])
17.0255 	EXP 	RatingScale Slider: reset()
17.0602 	EXP 	cB_6: autoDraw = False
17.0602 	EXP 	sBInstructions: autoDraw = False
17.0602 	EXP 	text: text = 'This round you are playing with Paul!'
17.0602 	EXP 	imagesbRnd: image = 'images/avatar1.jpg'
17.0602 	EXP 	cB_8: autoDraw = True
17.0602 	EXP 	text: autoDraw = True
17.0602 	EXP 	imagesbRnd: autoDraw = True
17.0602 	EXP 	Slider: autoDraw = True
18.2179 	DATA 	Keypress: return
18.2212 	DATA 	RatingScale Slider: (key response) rating=5
18.2212 	DATA 	RatingScale Slider: rating RT=1.195
18.2212 	DATA 	RatingScale Slider: history=[('5', 0.0), ('5', 1.195)]
18.2516 	EXP 	cB_8: autoDraw = False
18.2516 	EXP 	text: autoDraw = False
18.2516 	EXP 	imagesbRnd: autoDraw = False
18.2516 	EXP 	Slider: autoDraw = False
18.2516 	EXP 	cB_9: autoDraw = True
18.7789 	EXP 	cB_9: autoDraw = False
18.7789 	EXP 	textFb: text = 'Paul has decided to reciprocate \nYou receive 5 credits'
18.7789 	EXP 	cbFb: autoDraw = True
18.7789 	EXP 	textFb: autoDraw = True
19.8689 	DATA 	Keypress: return
20.7561 	EXP 	cbFb: autoDraw = False
20.7561 	EXP 	textFb: autoDraw = False
20.7561 	EXP 	cbBuf: autoDraw = True
20.9280 	EXP 	fixCross: autoDraw = True
21.3013 	DATA 	Keypress: return
21.4373 	EXP 	fixCross: autoDraw = False
21.6421 	EXP 	New trial (rep=0, index=1): OrderedDict([('playerId', 'Paul'), ('avatarFile', 'images/avatar1.jpg'), ('choiceLabel', 'reciprocate'), ('actionLabel', 1), ('actionRound', 1)])
21.6936 	EXP 	RatingScale Slider: reset()
21.7099 	EXP 	cbBuf: autoDraw = False
21.7099 	EXP 	fixCross: autoDraw = False
21.7099 	EXP 	text: text = 'This round you are playing with Paul!'
21.7099 	EXP 	imagesbRnd: image = 'images/avatar1.jpg'
21.7099 	EXP 	cB_8: autoDraw = True
21.7099 	EXP 	text: autoDraw = True
21.7099 	EXP 	imagesbRnd: autoDraw = True
21.7099 	EXP 	Slider: autoDraw = True
22.0162 	DATA 	Keypress: return
22.5958 	DATA 	Keypress: right
22.8515 	DATA 	Keypress: return
22.8552 	DATA 	RatingScale Slider: (key response) rating=6
22.8553 	DATA 	RatingScale Slider: rating RT=1.161
22.8553 	DATA 	RatingScale Slider: history=[('5', 0.0), ('6', 0.905), ('6', 1.161)]
22.8851 	EXP 	cB_8: autoDraw = False
22.8851 	EXP 	text: autoDraw = False
22.8851 	EXP 	imagesbRnd: autoDraw = False
22.8851 	EXP 	Slider: autoDraw = False
22.8851 	EXP 	cB_9: autoDraw = True
23.4136 	EXP 	cB_9: autoDraw = False
23.4136 	EXP 	textFb: text = 'Paul has decided to reciprocate \nYou receive 6 credits'
23.4136 	EXP 	cbFb: autoDraw = True
23.4136 	EXP 	textFb: autoDraw = True
25.3947 	EXP 	cbFb: autoDraw = False
25.3947 	EXP 	textFb: autoDraw = False
25.3947 	EXP 	cbBuf: autoDraw = True
25.5653 	EXP 	fixCross: autoDraw = True
26.0774 	EXP 	fixCross: autoDraw = False
26.2806 	EXP 	New trial (rep=0, index=2): OrderedDict([('playerId', 'Lukas'), ('avatarFile', 'images/avatar2.jpg'), ('choiceLabel', 'keep the investment'), ('actionLabel', 0), ('actionRound', 1)])
26.3549 	EXP 	RatingScale Slider: reset()
26.3709 	EXP 	cbBuf: autoDraw = False
26.3709 	EXP 	fixCross: autoDraw = False
26.3709 	EXP 	text: text = 'This round you are playing with Lukas!'
26.3709 	EXP 	imagesbRnd: image = 'images/avatar2.jpg'
26.3709 	EXP 	cB_8: autoDraw = True
26.3709 	EXP 	text: autoDraw = True
26.3709 	EXP 	imagesbRnd: autoDraw = True
26.3709 	EXP 	Slider: autoDraw = True
26.6712 	DATA 	Keypress: right
27.3678 	DATA 	Keypress: right
27.5761 	DATA 	Keypress: return
27.5762 	DATA 	RatingScale Slider: (key response) rating=6
27.5762 	DATA 	RatingScale Slider: rating RT=1.221
27.5763 	DATA 	RatingScale Slider: history=[('5', 0.0), ('6', 1.016), ('6', 1.221)]
27.6062 	EXP 	cB_8: autoDraw = False
27.6062 	EXP 	text: autoDraw = False
27.6062 	EXP 	imagesbRnd: autoDraw = False
27.6062 	EXP 	Slider: autoDraw = False
27.6062 	EXP 	cB_9: autoDraw = True
28.1356 	EXP 	cB_9: autoDraw = False
28.1356 	EXP 	textFb: text = 'Lukas has decided not to cooperate and keep the investment. \nYou received 0 credits'
28.1356 	EXP 	cbFb: autoDraw = True
28.1356 	EXP 	textFb: autoDraw = True
30.1157 	EXP 	cbFb: autoDraw = False
30.1157 	EXP 	textFb: autoDraw = False
30.1157 	EXP 	cbBuf: autoDraw = True
30.2858 	EXP 	fixCross: autoDraw = True
30.7959 	EXP 	fixCross: autoDraw = False
31.0003 	EXP 	New trial (rep=0, index=3): OrderedDict([('playerId', 'Lukas'), ('avatarFile', 'images/avatar2.jpg'), ('choiceLabel', 'keep the investment'), ('actionLabel', 0), ('actionRound', 1)])
31.0189 	EXP 	RatingScale Slider: reset()
31.0338 	EXP 	cbBuf: autoDraw = False
31.0338 	EXP 	fixCross: autoDraw = False
31.0338 	EXP 	text: text = 'This round you are playing with Lukas!'
31.0338 	EXP 	imagesbRnd: image = 'images/avatar2.jpg'
31.0338 	EXP 	cB_8: autoDraw = True
31.0338 	EXP 	text: autoDraw = True
31.0338 	EXP 	imagesbRnd: autoDraw = True
31.0338 	EXP 	Slider: autoDraw = True
31.7878 	DATA 	Keypress: right
32.1837 	DATA 	Keypress: return
32.1838 	DATA 	RatingScale Slider: (key response) rating=6
32.1839 	DATA 	RatingScale Slider: rating RT=1.164
32.1839 	DATA 	RatingScale Slider: history=[('5', 0.0), ('6', 0.785), ('6', 1.164)]
32.2107 	EXP 	cB_8: autoDraw = False
32.2107 	EXP 	text: autoDraw = False
32.2107 	EXP 	imagesbRnd: autoDraw = False
32.2107 	EXP 	Slider: autoDraw = False
32.2107 	EXP 	cB_9: autoDraw = True
32.7206 	EXP 	cB_9: autoDraw = False
32.7206 	EXP 	textFb: text = 'Lukas has decided not to cooperate and keep the investment. \nYou received 0 credits'
32.7206 	EXP 	cbFb: autoDraw = True
32.7206 	EXP 	textFb: autoDraw = True
34.7168 	EXP 	cbFb: autoDraw = False
34.7168 	EXP 	textFb: autoDraw = False
34.7168 	EXP 	cbBuf: autoDraw = True
34.8873 	EXP 	fixCross: autoDraw = True
35.3983 	EXP 	fixCross: autoDraw = False
35.6038 	EXP 	New trial (rep=0, index=4): OrderedDict([('playerId', 'Lukas'), ('avatarFile', 'images/avatar2.jpg'), ('choiceLabel', 'keep the investment'), ('actionLabel', 0), ('actionRound', 1)])
35.6213 	EXP 	RatingScale Slider: reset()
35.6371 	EXP 	cbBuf: autoDraw = False
35.6371 	EXP 	fixCross: autoDraw = False
35.6371 	EXP 	text: text = 'This round you are playing with Lukas!'
35.6371 	EXP 	imagesbRnd: image = 'images/avatar2.jpg'
35.6371 	EXP 	cB_8: autoDraw = True
35.6371 	EXP 	text: autoDraw = True
35.6371 	EXP 	imagesbRnd: autoDraw = True
35.6371 	EXP 	Slider: autoDraw = True
36.1675 	DATA 	Keypress: right
36.5753 	DATA 	Keypress: return
36.5791 	DATA 	RatingScale Slider: (key response) rating=6
36.5791 	DATA 	RatingScale Slider: rating RT=0.957
36.5791 	DATA 	RatingScale Slider: history=[('5', 0.0), ('6', 0.549), ('6', 0.957)]
36.6082 	EXP 	cB_8: autoDraw = False
36.6082 	EXP 	text: autoDraw = False
36.6082 	EXP 	imagesbRnd: autoDraw = False
36.6082 	EXP 	Slider: autoDraw = False
36.6082 	EXP 	cB_9: autoDraw = True
37.1183 	EXP 	cB_9: autoDraw = False
37.1183 	EXP 	textFb: text = 'Lukas has decided not to cooperate and keep the investment. \nYou received 0 credits'
37.1183 	EXP 	cbFb: autoDraw = True
37.1183 	EXP 	textFb: autoDraw = True
38.5669 	DATA 	Keypress: right
39.1120 	EXP 	cbFb: autoDraw = False
39.1120 	EXP 	textFb: autoDraw = False
39.1120 	EXP 	cbBuf: autoDraw = True
39.2820 	EXP 	fixCross: autoDraw = True
39.7931 	EXP 	fixCross: autoDraw = False
39.9983 	EXP 	New trial (rep=0, index=5): OrderedDict([('playerId', 'Lukas'), ('avatarFile', 'images/avatar2.jpg'), ('choiceLabel', 'keep the investment'), ('actionLabel', 0), ('actionRound', 1)])
40.0169 	EXP 	RatingScale Slider: reset()
40.0318 	EXP 	cbBuf: autoDraw = False
40.0318 	EXP 	fixCross: autoDraw = False
40.0318 	EXP 	text: text = 'This round you are playing with Lukas!'
40.0318 	EXP 	imagesbRnd: image = 'images/avatar2.jpg'
40.0318 	EXP 	cB_8: autoDraw = True
40.0318 	EXP 	text: autoDraw = True
40.0318 	EXP 	imagesbRnd: autoDraw = True
40.0318 	EXP 	Slider: autoDraw = True
40.2899 	DATA 	Keypress: right
40.6624 	DATA 	Keypress: right
40.9704 	DATA 	Keypress: return
40.9743 	DATA 	RatingScale Slider: (key response) rating=6
40.9743 	DATA 	RatingScale Slider: rating RT=0.957
40.9743 	DATA 	RatingScale Slider: history=[('5', 0.0), ('6', 0.648), ('6', 0.957)]
41.0033 	EXP 	cB_8: autoDraw = False
41.0033 	EXP 	text: autoDraw = False
41.0033 	EXP 	imagesbRnd: autoDraw = False
41.0033 	EXP 	Slider: autoDraw = False
41.0033 	EXP 	cB_9: autoDraw = True
41.5166 	EXP 	cB_9: autoDraw = False
41.5166 	EXP 	textFb: text = 'Lukas has decided not to cooperate and keep the investment. \nYou received 0 credits'
41.5166 	EXP 	cbFb: autoDraw = True
41.5166 	EXP 	textFb: autoDraw = True
42.3694 	DATA 	Keypress: return
43.5117 	EXP 	cbFb: autoDraw = False
43.5117 	EXP 	textFb: autoDraw = False
43.5117 	EXP 	cbBuf: autoDraw = True
43.6815 	EXP 	fixCross: autoDraw = True
43.8181 	DATA 	Keypress: right
44.1930 	EXP 	fixCross: autoDraw = False
44.3976 	EXP 	New trial (rep=0, index=6): OrderedDict([('playerId', 'Lukas'), ('avatarFile', 'images/avatar2.jpg'), ('choiceLabel', 'reciprocate'), ('actionLabel', 1), ('actionRound', 1)])
44.4163 	EXP 	RatingScale Slider: reset()
44.4314 	EXP 	cbBuf: autoDraw = False
44.4314 	EXP 	fixCross: autoDraw = False
44.4314 	EXP 	text: text = 'This round you are playing with Lukas!'
44.4314 	EXP 	imagesbRnd: image = 'images/avatar2.jpg'
44.4314 	EXP 	cB_8: autoDraw = True
44.4314 	EXP 	text: autoDraw = True
44.4314 	EXP 	imagesbRnd: autoDraw = True
44.4314 	EXP 	Slider: autoDraw = True
44.5335 	DATA 	Keypress: right
44.8578 	DATA 	Keypress: right
45.1815 	DATA 	Keypress: return
45.1854 	DATA 	RatingScale Slider: (key response) rating=6
45.1855 	DATA 	RatingScale Slider: rating RT=0.769
45.1855 	DATA 	RatingScale Slider: history=[('5', 0.0), ('6', 0.444), ('6', 0.769)]
45.2152 	EXP 	cB_8: autoDraw = False
45.2152 	EXP 	text: autoDraw = False
45.2152 	EXP 	imagesbRnd: autoDraw = False
45.2152 	EXP 	Slider: autoDraw = False
45.2152 	EXP 	cB_9: autoDraw = True
45.7443 	EXP 	cB_9: autoDraw = False
45.7443 	EXP 	textFb: text = 'Lukas has decided to reciprocate \nYou receive 6 credits'
45.7443 	EXP 	cbFb: autoDraw = True
45.7443 	EXP 	textFb: autoDraw = True
47.7217 	EXP 	cbFb: autoDraw = False
47.7217 	EXP 	textFb: autoDraw = False
47.7217 	EXP 	cbBuf: autoDraw = True
47.8915 	EXP 	fixCross: autoDraw = True
48.1985 	DATA 	Keypress: return
48.4043 	EXP 	fixCross: autoDraw = False
48.6077 	EXP 	New trial (rep=0, index=7): OrderedDict([('playerId', 'Paul'), ('avatarFile', 'images/avatar1.jpg'), ('choiceLabel', 'keep the investment'), ('actionLabel', 0), ('actionRound', 1)])
48.7074 	EXP 	RatingScale Slider: reset()
48.7256 	EXP 	cbBuf: autoDraw = False
48.7256 	EXP 	fixCross: autoDraw = False
48.7256 	EXP 	text: text = 'This round you are playing with Paul!'
48.7256 	EXP 	imagesbRnd: image = 'images/avatar1.jpg'
48.7256 	EXP 	cB_8: autoDraw = True
48.7256 	EXP 	text: autoDraw = True
48.7256 	EXP 	imagesbRnd: autoDraw = True
48.7256 	EXP 	Slider: autoDraw = True
49.1717 	DATA 	Keypress: return
49.1751 	DATA 	RatingScale Slider: (key response) rating=5
49.1752 	DATA 	RatingScale Slider: rating RT=0.464
49.1752 	DATA 	RatingScale Slider: history=[('5', 0.0), ('5', 0.464)]
49.2043 	EXP 	cB_8: autoDraw = False
49.2043 	EXP 	text: autoDraw = False
49.2043 	EXP 	imagesbRnd: autoDraw = False
49.2043 	EXP 	Slider: autoDraw = False
49.2043 	EXP 	cB_9: autoDraw = True
49.7307 	EXP 	cB_9: autoDraw = False
49.7307 	EXP 	textFb: text = 'Paul has decided not to cooperate and keep the investment. \nYou received 0 credits'
49.7307 	EXP 	cbFb: autoDraw = True
49.7307 	EXP 	textFb: autoDraw = True
51.7135 	EXP 	cbFb: autoDraw = False
51.7135 	EXP 	textFb: autoDraw = False
51.7135 	EXP 	cbBuf: autoDraw = True
51.8853 	EXP 	fixCross: autoDraw = True
52.3946 	EXP 	fixCross: autoDraw = False
52.5996 	EXP 	New trial (rep=0, index=8): OrderedDict([('playerId', 'Paul'), ('avatarFile', 'images/avatar1.jpg'), ('choiceLabel', 'reciprocate'), ('actionLabel', 1), ('actionRound', 1)])
52.6508 	EXP 	RatingScale Slider: reset()
52.6673 	EXP 	cbBuf: autoDraw = False
52.6673 	EXP 	fixCross: autoDraw = False
52.6673 	EXP 	text: text = 'This round you are playing with Paul!'
52.6673 	EXP 	imagesbRnd: image = 'images/avatar1.jpg'
52.6673 	EXP 	cB_8: autoDraw = True
52.6673 	EXP 	text: autoDraw = True
52.6673 	EXP 	imagesbRnd: autoDraw = True
52.6673 	EXP 	Slider: autoDraw = True
53.8439 	DATA 	Keypress: return
53.8471 	DATA 	RatingScale Slider: (key response) rating=5
53.8471 	DATA 	RatingScale Slider: rating RT=1.196
53.8472 	DATA 	RatingScale Slider: history=[('5', 0.0), ('5', 1.196)]
53.8780 	EXP 	cB_8: autoDraw = False
53.8780 	EXP 	text: autoDraw = False
53.8780 	EXP 	imagesbRnd: autoDraw = False
53.8780 	EXP 	Slider: autoDraw = False
53.8780 	EXP 	cB_9: autoDraw = True
54.4074 	EXP 	cB_9: autoDraw = False
54.4074 	EXP 	textFb: text = 'Paul has decided to reciprocate \nYou receive 5 credits'
54.4074 	EXP 	cbFb: autoDraw = True
54.4074 	EXP 	textFb: autoDraw = True
56.3897 	EXP 	cbFb: autoDraw = False
56.3897 	EXP 	textFb: autoDraw = False
56.3897 	EXP 	cbBuf: autoDraw = True
56.5605 	EXP 	fixCross: autoDraw = True
57.0709 	EXP 	fixCross: autoDraw = False
57.2764 	EXP 	New trial (rep=0, index=9): OrderedDict([('playerId', 'Paul'), ('avatarFile', 'images/avatar1.jpg'), ('choiceLabel', 'keep the investment'), ('actionLabel', 0), ('actionRound', 1)])
57.3272 	EXP 	RatingScale Slider: reset()
57.3440 	EXP 	cbBuf: autoDraw = False
57.3440 	EXP 	fixCross: autoDraw = False
57.3440 	EXP 	text: text = 'This round you are playing with Paul!'
57.3440 	EXP 	imagesbRnd: image = 'images/avatar1.jpg'
57.3440 	EXP 	cB_8: autoDraw = True
57.3440 	EXP 	text: autoDraw = True
57.3440 	EXP 	imagesbRnd: autoDraw = True
57.3440 	EXP 	Slider: autoDraw = True
57.7544 	DATA 	Keypress: return
57.7576 	DATA 	RatingScale Slider: (key response) rating=5
57.7577 	DATA 	RatingScale Slider: rating RT=0.430
57.7577 	DATA 	RatingScale Slider: history=[('5', 0.0), ('5', 0.43)]
57.7880 	EXP 	cB_8: autoDraw = False
57.7880 	EXP 	text: autoDraw = False
57.7880 	EXP 	imagesbRnd: autoDraw = False
57.7880 	EXP 	Slider: autoDraw = False
57.7880 	EXP 	cB_9: autoDraw = True
58.3152 	EXP 	cB_9: autoDraw = False
58.3152 	EXP 	textFb: text = 'Paul has decided not to cooperate and keep the investment. \nYou received 0 credits'
58.3152 	EXP 	cbFb: autoDraw = True
58.3152 	EXP 	textFb: autoDraw = True
60.2942 	EXP 	cbFb: autoDraw = False
60.2942 	EXP 	textFb: autoDraw = False
60.2942 	EXP 	cbBuf: autoDraw = True
60.4645 	EXP 	fixCross: autoDraw = True
60.9746 	EXP 	fixCross: autoDraw = False
61.1798 	EXP 	New trial (rep=0, index=10): OrderedDict([('playerId', 'Paul'), ('avatarFile', 'images/avatar1.jpg'), ('choiceLabel', 'reciprocate'), ('actionLabel', 1), ('actionRound', 1)])
61.2291 	EXP 	RatingScale Slider: reset()
61.2471 	EXP 	cbBuf: autoDraw = False
61.2471 	EXP 	fixCross: autoDraw = False
61.2471 	EXP 	text: text = 'This round you are playing with Paul!'
61.2471 	EXP 	imagesbRnd: image = 'images/avatar1.jpg'
61.2471 	EXP 	cB_8: autoDraw = True
61.2471 	EXP 	text: autoDraw = True
61.2471 	EXP 	imagesbRnd: autoDraw = True
61.2471 	EXP 	Slider: autoDraw = True
61.8989 	DATA 	Keypress: return
61.8990 	DATA 	RatingScale Slider: (key response) rating=5
61.8991 	DATA 	RatingScale Slider: rating RT=0.669
61.8991 	DATA 	RatingScale Slider: history=[('5', 0.0), ('5', 0.669)]
61.9288 	EXP 	cB_8: autoDraw = False
61.9288 	EXP 	text: autoDraw = False
61.9288 	EXP 	imagesbRnd: autoDraw = False
61.9288 	EXP 	Slider: autoDraw = False
61.9288 	EXP 	cB_9: autoDraw = True
62.4566 	EXP 	cB_9: autoDraw = False
62.4566 	EXP 	textFb: text = 'Paul has decided to reciprocate \nYou receive 5 credits'
62.4566 	EXP 	cbFb: autoDraw = True
62.4566 	EXP 	textFb: autoDraw = True
64.4347 	EXP 	cbFb: autoDraw = False
64.4347 	EXP 	textFb: autoDraw = False
64.4347 	EXP 	cbBuf: autoDraw = True
64.6055 	EXP 	fixCross: autoDraw = True
65.1172 	EXP 	fixCross: autoDraw = False
65.3217 	EXP 	New trial (rep=0, index=11): OrderedDict([('playerId', 'Lukas'), ('avatarFile', 'images/avatar2.jpg'), ('choiceLabel', 'reciprocate'), ('actionLabel', 1), ('actionRound', 1)])
65.3786 	EXP 	RatingScale Slider: reset()
65.4062 	EXP 	cbBuf: autoDraw = False
65.4062 	EXP 	fixCross: autoDraw = False
65.4062 	EXP 	text: text = 'This round you are playing with Lukas!'
65.4062 	EXP 	imagesbRnd: image = 'images/avatar2.jpg'
65.4062 	EXP 	cB_8: autoDraw = True
65.4062 	EXP 	text: autoDraw = True
65.4062 	EXP 	imagesbRnd: autoDraw = True
65.4062 	EXP 	Slider: autoDraw = True
65.9688 	DATA 	Keypress: return
65.9721 	DATA 	RatingScale Slider: (key response) rating=5
65.9722 	DATA 	RatingScale Slider: rating RT=0.590
65.9722 	DATA 	RatingScale Slider: history=[('5', 0.0), ('5', 0.59)]
66.0033 	EXP 	cB_8: autoDraw = False
66.0033 	EXP 	text: autoDraw = False
66.0033 	EXP 	imagesbRnd: autoDraw = False
66.0033 	EXP 	Slider: autoDraw = False
66.0033 	EXP 	cB_9: autoDraw = True
66.5313 	EXP 	cB_9: autoDraw = False
66.5313 	EXP 	textFb: text = 'Lukas has decided to reciprocate \nYou receive 5 credits'
66.5313 	EXP 	cbFb: autoDraw = True
66.5313 	EXP 	textFb: autoDraw = True
68.5098 	EXP 	cbFb: autoDraw = False
68.5098 	EXP 	textFb: autoDraw = False
68.5098 	EXP 	cbBuf: autoDraw = True
68.6825 	EXP 	fixCross: autoDraw = True
69.1931 	EXP 	fixCross: autoDraw = False
69.3999 	EXP 	New trial (rep=0, index=12): OrderedDict([('playerId', 'Paul'), ('avatarFile', 'images/avatar1.jpg'), ('choiceLabel', 'reciprocate'), ('actionLabel', 1), ('actionRound', 1)])
69.4568 	EXP 	RatingScale Slider: reset()
69.4823 	EXP 	cbBuf: autoDraw = False
69.4823 	EXP 	fixCross: autoDraw = False
69.4823 	EXP 	text: text = 'This round you are playing with Paul!'
69.4823 	EXP 	imagesbRnd: image = 'images/avatar1.jpg'
69.4823 	EXP 	cB_8: autoDraw = True
69.4823 	EXP 	text: autoDraw = True
69.4823 	EXP 	imagesbRnd: autoDraw = True
69.4823 	EXP 	Slider: autoDraw = True
69.8581 	DATA 	Keypress: return
70.4195 	DATA 	Keypress: return
70.4228 	DATA 	RatingScale Slider: (key response) rating=5
70.4229 	DATA 	RatingScale Slider: rating RT=0.962
70.4229 	DATA 	RatingScale Slider: history=[('5', 0.0), ('5', 0.962)]
70.4527 	EXP 	cB_8: autoDraw = False
70.4527 	EXP 	text: autoDraw = False
70.4527 	EXP 	imagesbRnd: autoDraw = False
70.4527 	EXP 	Slider: autoDraw = False
70.4527 	EXP 	cB_9: autoDraw = True
70.9808 	EXP 	cB_9: autoDraw = False
70.9808 	EXP 	textFb: text = 'Paul has decided to reciprocate \nYou receive 5 credits'
70.9808 	EXP 	cbFb: autoDraw = True
70.9808 	EXP 	textFb: autoDraw = True
72.9591 	EXP 	cbFb: autoDraw = False
72.9591 	EXP 	textFb: autoDraw = False
72.9591 	EXP 	cbBuf: autoDraw = True
73.1315 	EXP 	fixCross: autoDraw = True
73.6427 	EXP 	fixCross: autoDraw = False
73.8487 	EXP 	New trial (rep=0, index=13): OrderedDict([('playerId', 'Paul'), ('avatarFile', 'images/avatar1.jpg'), ('choiceLabel', 'reciprocate'), ('actionLabel', 1), ('actionRound', 1)])
73.8961 	EXP 	RatingScale Slider: reset()
73.9151 	EXP 	cbBuf: autoDraw = False
73.9151 	EXP 	fixCross: autoDraw = False
73.9151 	EXP 	text: text = 'This round you are playing with Paul!'
73.9151 	EXP 	imagesbRnd: image = 'images/avatar1.jpg'
73.9151 	EXP 	cB_8: autoDraw = True
73.9151 	EXP 	text: autoDraw = True
73.9151 	EXP 	imagesbRnd: autoDraw = True
73.9151 	EXP 	Slider: autoDraw = True
74.3955 	DATA 	Keypress: return
74.3956 	DATA 	RatingScale Slider: (key response) rating=5
74.3956 	DATA 	RatingScale Slider: rating RT=0.499
74.3957 	DATA 	RatingScale Slider: history=[('5', 0.0), ('5', 0.499)]
74.4256 	EXP 	cB_8: autoDraw = False
74.4256 	EXP 	text: autoDraw = False
74.4256 	EXP 	imagesbRnd: autoDraw = False
74.4256 	EXP 	Slider: autoDraw = False
74.4256 	EXP 	cB_9: autoDraw = True
74.9367 	EXP 	cB_9: autoDraw = False
74.9367 	EXP 	textFb: text = 'Paul has decided to reciprocate \nYou receive 5 credits'
74.9367 	EXP 	cbFb: autoDraw = True
74.9367 	EXP 	textFb: autoDraw = True
76.9345 	EXP 	cbFb: autoDraw = False
76.9345 	EXP 	textFb: autoDraw = False
76.9345 	EXP 	cbBuf: autoDraw = True
77.1046 	EXP 	fixCross: autoDraw = True
77.6155 	EXP 	fixCross: autoDraw = False
77.8210 	EXP 	New trial (rep=0, index=14): OrderedDict([('playerId', 'Lukas'), ('avatarFile', 'images/avatar2.jpg'), ('choiceLabel', 'keep the investment'), ('actionLabel', 0), ('actionRound', 1)])
77.8586 	EXP 	RatingScale Slider: reset()
77.8773 	EXP 	cbBuf: autoDraw = False
77.8773 	EXP 	fixCross: autoDraw = False
77.8773 	EXP 	text: text = 'This round you are playing with Lukas!'
77.8773 	EXP 	imagesbRnd: image = 'images/avatar2.jpg'
77.8773 	EXP 	cB_8: autoDraw = True
77.8773 	EXP 	text: autoDraw = True
77.8773 	EXP 	imagesbRnd: autoDraw = True
77.8773 	EXP 	Slider: autoDraw = True
78.5536 	DATA 	Keypress: return
78.5570 	DATA 	RatingScale Slider: (key response) rating=5
78.5570 	DATA 	RatingScale Slider: rating RT=0.695
78.5570 	DATA 	RatingScale Slider: history=[('5', 0.0), ('5', 0.695)]
78.5865 	EXP 	cB_8: autoDraw = False
78.5865 	EXP 	text: autoDraw = False
78.5865 	EXP 	imagesbRnd: autoDraw = False
78.5865 	EXP 	Slider: autoDraw = False
78.5865 	EXP 	cB_9: autoDraw = True
79.1152 	EXP 	cB_9: autoDraw = False
79.1152 	EXP 	textFb: text = 'Lukas has decided not to cooperate and keep the investment. \nYou received 0 credits'
79.1152 	EXP 	cbFb: autoDraw = True
79.1152 	EXP 	textFb: autoDraw = True
81.0910 	EXP 	cbFb: autoDraw = False
81.0910 	EXP 	textFb: autoDraw = False
81.0910 	EXP 	cbBuf: autoDraw = True
81.2625 	EXP 	fixCross: autoDraw = True
81.7711 	EXP 	fixCross: autoDraw = False
81.9778 	EXP 	New trial (rep=0, index=15): OrderedDict([('playerId', 'Paul'), ('avatarFile', 'images/avatar1.jpg'), ('choiceLabel', 'keep the investment'), ('actionLabel', 0), ('actionRound', 1)])
82.0341 	EXP 	RatingScale Slider: reset()
82.0605 	EXP 	cbBuf: autoDraw = False
82.0605 	EXP 	fixCross: autoDraw = False
82.0605 	EXP 	text: text = 'This round you are playing with Paul!'
82.0605 	EXP 	imagesbRnd: image = 'images/avatar1.jpg'
82.0605 	EXP 	cB_8: autoDraw = True
82.0605 	EXP 	text: autoDraw = True
82.0605 	EXP 	imagesbRnd: autoDraw = True
82.0605 	EXP 	Slider: autoDraw = True
86.3399 	DATA 	Keypress: return
86.3401 	DATA 	RatingScale Slider: (key response) rating=5
86.3401 	DATA 	RatingScale Slider: rating RT=4.302
86.3401 	DATA 	RatingScale Slider: history=[('5', 0.0), ('5', 4.302)]
86.3702 	EXP 	cB_8: autoDraw = False
86.3702 	EXP 	text: autoDraw = False
86.3702 	EXP 	imagesbRnd: autoDraw = False
86.3702 	EXP 	Slider: autoDraw = False
86.3702 	EXP 	cB_9: autoDraw = True
86.8995 	EXP 	cB_9: autoDraw = False
86.8995 	EXP 	textFb: text = 'Paul has decided not to cooperate and keep the investment. \nYou received 0 credits'
86.8995 	EXP 	cbFb: autoDraw = True
86.8995 	EXP 	textFb: autoDraw = True
88.8781 	EXP 	cbFb: autoDraw = False
88.8781 	EXP 	textFb: autoDraw = False
88.8781 	EXP 	cbBuf: autoDraw = True
89.0497 	EXP 	fixCross: autoDraw = True
89.5613 	EXP 	fixCross: autoDraw = False
89.7663 	EXP 	New trial (rep=0, index=16): OrderedDict([('playerId', 'Lukas'), ('avatarFile', 'images/avatar2.jpg'), ('choiceLabel', 'keep the investment'), ('actionLabel', 0), ('actionRound', 1)])
89.8235 	EXP 	RatingScale Slider: reset()
89.8505 	EXP 	cbBuf: autoDraw = False
89.8505 	EXP 	fixCross: autoDraw = False
89.8505 	EXP 	text: text = 'This round you are playing with Lukas!'
89.8505 	EXP 	imagesbRnd: image = 'images/avatar2.jpg'
89.8505 	EXP 	cB_8: autoDraw = True
89.8505 	EXP 	text: autoDraw = True
89.8505 	EXP 	imagesbRnd: autoDraw = True
89.8505 	EXP 	Slider: autoDraw = True
90.3800 	DATA 	Keypress: return
90.3832 	DATA 	RatingScale Slider: (key response) rating=5
90.3833 	DATA 	RatingScale Slider: rating RT=0.557
90.3833 	DATA 	RatingScale Slider: history=[('5', 0.0), ('5', 0.557)]
90.4134 	EXP 	cB_8: autoDraw = False
90.4134 	EXP 	text: autoDraw = False
90.4134 	EXP 	imagesbRnd: autoDraw = False
90.4134 	EXP 	Slider: autoDraw = False
90.4134 	EXP 	cB_9: autoDraw = True
90.9414 	EXP 	cB_9: autoDraw = False
90.9414 	EXP 	textFb: text = 'Lukas has decided not to cooperate and keep the investment. \nYou received 0 credits'
90.9414 	EXP 	cbFb: autoDraw = True
90.9414 	EXP 	textFb: autoDraw = True
92.9201 	EXP 	cbFb: autoDraw = False
92.9201 	EXP 	textFb: autoDraw = False
92.9201 	EXP 	cbBuf: autoDraw = True
93.0915 	EXP 	fixCross: autoDraw = True
93.6020 	EXP 	fixCross: autoDraw = False
93.8089 	EXP 	New trial (rep=0, index=17): OrderedDict([('playerId', 'Lukas'), ('avatarFile', 'images/avatar2.jpg'), ('choiceLabel', 'keep the investment'), ('actionLabel', 0), ('actionRound', 1)])
93.8233 	EXP 	RatingScale Slider: reset()
93.8405 	EXP 	cbBuf: autoDraw = False
93.8405 	EXP 	fixCross: autoDraw = False
93.8405 	EXP 	text: text = 'This round you are playing with Lukas!'
93.8405 	EXP 	imagesbRnd: image = 'images/avatar2.jpg'
93.8405 	EXP 	cB_8: autoDraw = True
93.8405 	EXP 	text: autoDraw = True
93.8405 	EXP 	imagesbRnd: autoDraw = True
93.8405 	EXP 	Slider: autoDraw = True
94.4532 	DATA 	Keypress: return
94.4566 	DATA 	RatingScale Slider: (key response) rating=5
94.4567 	DATA 	RatingScale Slider: rating RT=0.633
94.4567 	DATA 	RatingScale Slider: history=[('5', 0.0), ('5', 0.633)]
94.4868 	EXP 	cB_8: autoDraw = False
94.4868 	EXP 	text: autoDraw = False
94.4868 	EXP 	imagesbRnd: autoDraw = False
94.4868 	EXP 	Slider: autoDraw = False
94.4868 	EXP 	cB_9: autoDraw = True
94.9981 	EXP 	cB_9: autoDraw = False
94.9981 	EXP 	textFb: text = 'Lukas has decided not to cooperate and keep the investment. \nYou received 0 credits'
94.9981 	EXP 	cbFb: autoDraw = True
94.9981 	EXP 	textFb: autoDraw = True
96.9916 	EXP 	cbFb: autoDraw = False
96.9916 	EXP 	textFb: autoDraw = False
96.9916 	EXP 	cbBuf: autoDraw = True
97.1617 	EXP 	fixCross: autoDraw = True
97.6747 	EXP 	fixCross: autoDraw = False
97.8795 	EXP 	New trial (rep=0, index=18): OrderedDict([('playerId', 'Lukas'), ('avatarFile', 'images/avatar2.jpg'), ('choiceLabel', 'reciprocate'), ('actionLabel', 1), ('actionRound', 1)])
97.8931 	EXP 	RatingScale Slider: reset()
97.9128 	EXP 	cbBuf: autoDraw = False
97.9128 	EXP 	fixCross: autoDraw = False
97.9128 	EXP 	text: text = 'This round you are playing with Lukas!'
97.9128 	EXP 	imagesbRnd: image = 'images/avatar2.jpg'
97.9128 	EXP 	cB_8: autoDraw = True
97.9128 	EXP 	text: autoDraw = True
97.9128 	EXP 	imagesbRnd: autoDraw = True
97.9128 	EXP 	Slider: autoDraw = True
99.1599 	DATA 	Keypress: return
99.1636 	DATA 	RatingScale Slider: (key response) rating=5
99.1637 	DATA 	RatingScale Slider: rating RT=1.270
99.1637 	DATA 	RatingScale Slider: history=[('5', 0.0), ('5', 1.27)]
99.1920 	EXP 	cB_8: autoDraw = False
99.1920 	EXP 	text: autoDraw = False
99.1920 	EXP 	imagesbRnd: autoDraw = False
99.1920 	EXP 	Slider: autoDraw = False
99.1920 	EXP 	cB_9: autoDraw = True
99.7076 	EXP 	cB_9: autoDraw = False
99.7076 	EXP 	textFb: text = 'Lukas has decided to reciprocate \nYou receive 5 credits'
99.7076 	EXP 	cbFb: autoDraw = True
99.7076 	EXP 	textFb: autoDraw = True
101.6970 	EXP 	cbFb: autoDraw = False
101.6970 	EXP 	textFb: autoDraw = False
101.6970 	EXP 	cbBuf: autoDraw = True
101.8678 	EXP 	fixCross: autoDraw = True
102.3789 	EXP 	fixCross: autoDraw = False
102.5985 	EXP 	Imported sliders.xlsx as conditions, 6 conditions, 5 params
102.5988 	EXP 	Created sequence: random, trialTypes=6, nReps=1, seed=None
102.5992 	EXP 	New trial (rep=0, index=0): OrderedDict([('sliderID', 5), ('sliderText', 'How do you feel?'), ('sliderLabels', 'negative, positive'), ('sliderMin', 1), ('sliderMax', 7)])
102.6176 	EXP 	cbBuf: autoDraw = False
102.6176 	EXP 	fixCross: autoDraw = False
102.6176 	EXP 	rating: markerPos = None
102.6176 	EXP 	rating: markerPos = None
102.6176 	EXP 	rating: rating = None
102.6176 	EXP 	cB_11: autoDraw = True
102.6176 	EXP 	rating: autoDraw = True
104.0666 	DATA 	Keypress: right
104.6623 	DATA 	Keypress: down
104.8838 	DATA 	Keypress: down
105.0897 	DATA 	Keypress: right
105.1064 	DATA 	Keypress: down
125.2848 	DATA 	Keypress: escape
125.6912 	EXP 	window1: mouseVisible = True
