2.6675 	WARNING 	Import Error: No module named 'psychtoolbox'. Using event module for keyboard component.
4.1710 	WARNING 	User requested fullscreen with size [1024  768], but screen is actually [1680, 1050]. Using actual size
5.1546 	EXP 	Created window1 = Window(allowGUI=True, allowStencil=False, args=UNKNOWN, autoLog=True, bitsMode=UNKNOWN, blendMode='avg', color=array([0., 0., 0.]), colorSpace='rgb', fullscr=<method-wrapper '__getattribute__' of attributeSetter object at 0x0A1BEC30>, gamma=None, gammaErrorPolicy='raise', kwargs=UNKNOWN, lms=UNKNOWN, monitor=<psychopy.monitors.calibTools.Monitor object at 0x07BBF930>, multiSample=False, name='window1', numSamples=2, pos=[0.0, 0.0], screen=0, size=array([1680, 1050]), stereo=False, units='height', useFBO=True, useRetina=False, viewOri=0.0, viewPos=None, viewScale=None, waitBlanking=True, winType='pyglet')
5.1546 	EXP 	window1: recordFrameIntervals = False
5.3258 	EXP 	window1: recordFrameIntervals = True
5.5125 	EXP 	window1: recordFrameIntervals = False
5.5153 	EXP 	Created cB_1 = Rect(__class__=<class 'psychopy.visual.rect.Rect'>, autoDraw=False, autoLog=True, closeShape=True, color=method-wrapper(...), colorSpace=None, contrast=1.0, depth=-1.0, fillColor=array([-1., -1., -1.]), fillColorSpace='rgb', fillRGB=array([-1., -1., -1.]), interpolate=True, lineColor=array([1., 1., 1.]), lineColorSpace='rgb', lineRGB=array([1., 1., 1.]), lineWidth=1, name='cB_1', opacity=1.0, ori=array(0.), pos=array([0., 0.]), size=array([1., 1.]), units='height', vertices=ndarray(...), win=Window(...))
5.6733 	EXP 	Created textWelcome = TextStim(__class__=<class 'psychopy.visual.text.TextStim'>, alignHoriz='center', alignVert='center', antialias=True, autoLog=True, bold=False, color='white', colorSpace='named', contrast=1.0, depth=-2.0, flipHoriz=False, flipVert=False, font='Arial', fontFiles=[], height=0.03, italic=False, languageStyle='LTR', name='textWelcome', opacity=1.0, ori=0, pos=array([0., 0.]), rgb=array([255., 255., 255.]), text=str(...), units='height', win=Window(...), wrapWidth=1)
5.6748 	EXP 	Created cB_2 = Rect(__class__=<class 'psychopy.visual.rect.Rect'>, autoDraw=False, autoLog=True, closeShape=True, color=method-wrapper(...), colorSpace=None, contrast=1.0, depth=-1.0, fillColor=array([-1., -1., -1.]), fillColorSpace='rgb', fillRGB=array([-1., -1., -1.]), interpolate=True, lineColor=array([1., 1., 1.]), lineColorSpace='rgb', lineRGB=array([1., 1., 1.]), lineWidth=1, name='cB_2', opacity=1.0, ori=array(0.), pos=array([0., 0.]), size=array([1., 1.]), units='height', vertices=ndarray(...), win=Window(...))
5.7591 	EXP 	Created textInstructions = TextStim(__class__=<class 'psychopy.visual.text.TextStim'>, alignHoriz='center', alignVert='center', antialias=True, autoLog=True, bold=False, color='white', colorSpace='named', contrast=1.0, depth=-2.0, flipHoriz=False, flipVert=False, font='Arial', fontFiles=[], height=0.03, italic=False, languageStyle='LTR', name='textInstructions', opacity=1.0, ori=0, pos=array([0., 0.]), rgb=array([255., 255., 255.]), text=str(...), units='height', win=Window(...), wrapWidth=1)
5.7606 	EXP 	Created cB_3 = Rect(__class__=<class 'psychopy.visual.rect.Rect'>, autoDraw=False, autoLog=True, closeShape=True, color=method-wrapper(...), colorSpace=None, contrast=1.0, depth=-1.0, fillColor=array([-1., -1., -1.]), fillColorSpace='rgb', fillRGB=array([-1., -1., -1.]), interpolate=True, lineColor=array([1., 1., 1.]), lineColorSpace='rgb', lineRGB=array([1., 1., 1.]), lineWidth=1, name='cB_3', opacity=1.0, ori=array(0.), pos=array([0., 0.]), size=array([1., 1.]), units='height', vertices=ndarray(...), win=Window(...))
5.7966 	EXP 	Created textServer = TextStim(__class__=<class 'psychopy.visual.text.TextStim'>, alignHoriz='center', alignVert='center', antialias=True, autoLog=True, bold=False, color='white', colorSpace='named', contrast=1.0, depth=-2.0, flipHoriz=False, flipVert=False, font='Arial', fontFiles=[], height=0.03, italic=False, languageStyle='LTR', name='textServer', opacity=1.0, ori=0, pos=array([0., 0.]), rgb=array([255., 255., 255.]), text=str(...), units='height', win=Window(...), wrapWidth=1)
5.7982 	EXP 	Created cB_4 = Rect(__class__=<class 'psychopy.visual.rect.Rect'>, autoDraw=False, autoLog=True, closeShape=True, color=method-wrapper(...), colorSpace=None, contrast=1.0, depth=0.0, fillColor=array([-1., -1., -1.]), fillColorSpace='rgb', fillRGB=array([-1., -1., -1.]), interpolate=True, lineColor=array([1., 1., 1.]), lineColorSpace='rgb', lineRGB=array([1., 1., 1.]), lineWidth=1, name='cB_4', opacity=1.0, ori=array(0.), pos=array([0., 0.]), size=array([1., 1.]), units='height', vertices=ndarray(...), win=Window(...))
5.8037 	EXP 	Created text_1 = TextStim(__class__=<class 'psychopy.visual.text.TextStim'>, alignHoriz='center', alignVert='center', antialias=True, autoLog=True, bold=False, color='white', colorSpace='named', contrast=1.0, depth=-1.0, flipHoriz=False, flipVert=False, font='Arial', fontFiles=[], height=0.03, italic=False, languageStyle='LTR', name='text_1', opacity=1.0, ori=0, pos=array([0., 0.]), rgb=array([255., 255., 255.]), text='connecting      ', units='height', win=Window(...), wrapWidth=1)
5.8087 	EXP 	Created text_2 = TextStim(__class__=<class 'psychopy.visual.text.TextStim'>, alignHoriz='center', alignVert='center', antialias=True, autoLog=True, bold=False, color='white', colorSpace='named', contrast=1.0, depth=-2.0, flipHoriz=False, flipVert=False, font='Arial', fontFiles=[], height=0.03, italic=False, languageStyle='LTR', name='text_2', opacity=1.0, ori=0, pos=array([0., 0.]), rgb=array([255., 255., 255.]), text='connecting .    ', units='height', win=Window(...), wrapWidth=1)
5.8138 	EXP 	Created text_3 = TextStim(__class__=<class 'psychopy.visual.text.TextStim'>, alignHoriz='center', alignVert='center', antialias=True, autoLog=True, bold=False, color='white', colorSpace='named', contrast=1.0, depth=-3.0, flipHoriz=False, flipVert=False, font='Arial', fontFiles=[], height=0.03, italic=False, languageStyle='LTR', name='text_3', opacity=1.0, ori=0, pos=array([0., 0.]), rgb=array([255., 255., 255.]), text='connecting . .  ', units='height', win=Window(...), wrapWidth=1)
5.8200 	EXP 	Created text_4 = TextStim(__class__=<class 'psychopy.visual.text.TextStim'>, alignHoriz='center', alignVert='center', antialias=True, autoLog=True, bold=False, color='white', colorSpace='named', contrast=1.0, depth=-4.0, flipHoriz=False, flipVert=False, font='Arial', fontFiles=[], height=0.03, italic=False, languageStyle='LTR', name='text_4', opacity=1.0, ori=0, pos=array([0., 0.]), rgb=array([255., 255., 255.]), text='connecting . . .', units='height', win=Window(...), wrapWidth=1)
5.8215 	EXP 	Created cB_5 = Rect(__class__=<class 'psychopy.visual.rect.Rect'>, autoDraw=False, autoLog=True, closeShape=True, color=method-wrapper(...), colorSpace=None, contrast=1.0, depth=0.0, fillColor=array([-1., -1., -1.]), fillColorSpace='rgb', fillRGB=array([-1., -1., -1.]), interpolate=True, lineColor=array([1., 1., 1.]), lineColorSpace='rgb', lineRGB=array([1., 1., 1.]), lineWidth=1, name='cB_5', opacity=1.0, ori=array(0.), pos=array([0., 0.]), size=array([1., 1.]), units='height', vertices=ndarray(...), win=Window(...))
5.8255 	EXP 	Created idle = TextStim(__class__=<class 'psychopy.visual.text.TextStim'>, alignHoriz='center', alignVert='center', antialias=True, autoLog=True, bold=False, color='white', colorSpace='named', contrast=1.0, depth=-1.0, flipHoriz=False, flipVert=False, font='Arial', fontFiles=[], height=0.03, italic=False, languageStyle='LTR', name='idle', opacity=1.0, ori=0, pos=array([0., 0.]), rgb=array([255., 255., 255.]), text='found', units='height', win=Window(...), wrapWidth=1)
5.8302 	EXP 	Created idle_2 = TextStim(__class__=<class 'psychopy.visual.text.TextStim'>, alignHoriz='center', alignVert='center', antialias=True, autoLog=True, bold=False, color='white', colorSpace='named', contrast=1.0, depth=-2.0, flipHoriz=False, flipVert=False, font='Arial', fontFiles=[], height=0.03, italic=False, languageStyle='LTR', name='idle_2', opacity=1.0, ori=0, pos=array([0., 0.]), rgb=array([255., 255., 255.]), text='init proc     ', units='height', win=Window(...), wrapWidth=1)
5.8387 	EXP 	Created idle_3 = TextStim(__class__=<class 'psychopy.visual.text.TextStim'>, alignHoriz='center', alignVert='center', antialias=True, autoLog=True, bold=False, color='white', colorSpace='named', contrast=1.0, depth=-3.0, flipHoriz=False, flipVert=False, font='Arial', fontFiles=[], height=0.03, italic=False, languageStyle='LTR', name='idle_3', opacity=1.0, ori=0, pos=array([0., 0.]), rgb=array([255., 255., 255.]), text='init proc 2141', units='height', win=Window(...), wrapWidth=1)
5.8451 	EXP 	Created idle_4 = TextStim(__class__=<class 'psychopy.visual.text.TextStim'>, alignHoriz='center', alignVert='center', antialias=True, autoLog=True, bold=False, color='white', colorSpace='named', contrast=1.0, depth=-4.0, flipHoriz=False, flipVert=False, font='Arial', fontFiles=[], height=0.03, italic=False, languageStyle='LTR', name='idle_4', opacity=1.0, ori=0, pos=array([0., 0.]), rgb=array([255., 255., 255.]), text='init proc 2215', units='height', win=Window(...), wrapWidth=1)
5.8521 	EXP 	Created idle_5 = TextStim(__class__=<class 'psychopy.visual.text.TextStim'>, alignHoriz='center', alignVert='center', antialias=True, autoLog=True, bold=False, color='white', colorSpace='named', contrast=1.0, depth=-5.0, flipHoriz=False, flipVert=False, font='Arial', fontFiles=[], height=0.03, italic=False, languageStyle='LTR', name='idle_5', opacity=1.0, ori=0, pos=array([0., 0.]), rgb=array([255., 255., 255.]), text='init proc 3229', units='height', win=Window(...), wrapWidth=1)
5.8574 	EXP 	Created idle_6 = TextStim(__class__=<class 'psychopy.visual.text.TextStim'>, alignHoriz='center', alignVert='center', antialias=True, autoLog=True, bold=False, color='white', colorSpace='named', contrast=1.0, depth=-6.0, flipHoriz=False, flipVert=False, font='Arial', fontFiles=[], height=0.03, italic=False, languageStyle='LTR', name='idle_6', opacity=1.0, ori=0, pos=array([0., 0.]), rgb=array([255., 255., 255.]), text='init proc 4325', units='height', win=Window(...), wrapWidth=1)
5.8639 	EXP 	Created idle_7 = TextStim(__class__=<class 'psychopy.visual.text.TextStim'>, alignHoriz='center', alignVert='center', antialias=True, autoLog=True, bold=False, color='white', colorSpace='named', contrast=1.0, depth=-7.0, flipHoriz=False, flipVert=False, font='Arial', fontFiles=[], height=0.03, italic=False, languageStyle='LTR', name='idle_7', opacity=1.0, ori=0, pos=array([0., 0.]), rgb=array([255., 255., 255.]), text='init proc 1337', units='height', win=Window(...), wrapWidth=1)
5.8689 	EXP 	Created ilde_8 = TextStim(__class__=<class 'psychopy.visual.text.TextStim'>, alignHoriz='center', alignVert='center', antialias=True, autoLog=True, bold=False, color='white', colorSpace='named', contrast=1.0, depth=-8.0, flipHoriz=False, flipVert=False, font='Arial', fontFiles=[], height=0.03, italic=False, languageStyle='LTR', name='ilde_8', opacity=1.0, ori=0, pos=array([0., 0.]), rgb=array([255., 255., 255.]), text='buffering      ', units='height', win=Window(...), wrapWidth=1)
5.8738 	EXP 	Created idle_9 = TextStim(__class__=<class 'psychopy.visual.text.TextStim'>, alignHoriz='center', alignVert='center', antialias=True, autoLog=True, bold=False, color='white', colorSpace='named', contrast=1.0, depth=-9.0, flipHoriz=False, flipVert=False, font='Arial', fontFiles=[], height=0.03, italic=False, languageStyle='LTR', name='idle_9', opacity=1.0, ori=0, pos=array([0., 0.]), rgb=array([255., 255., 255.]), text='buffering .    ', units='height', win=Window(...), wrapWidth=1)
5.8786 	EXP 	Created idle_10 = TextStim(__class__=<class 'psychopy.visual.text.TextStim'>, alignHoriz='center', alignVert='center', antialias=True, autoLog=True, bold=False, color='white', colorSpace='named', contrast=1.0, depth=-10.0, flipHoriz=False, flipVert=False, font='Arial', fontFiles=[], height=0.03, italic=False, languageStyle='LTR', name='idle_10', opacity=1.0, ori=0, pos=array([0., 0.]), rgb=array([255., 255., 255.]), text='buffering . .  ', units='height', win=Window(...), wrapWidth=1)
5.8839 	EXP 	Created idle_11 = TextStim(__class__=<class 'psychopy.visual.text.TextStim'>, alignHoriz='center', alignVert='center', antialias=True, autoLog=True, bold=False, color='white', colorSpace='named', contrast=1.0, depth=-11.0, flipHoriz=False, flipVert=False, font='Arial', fontFiles=[], height=0.03, italic=False, languageStyle='LTR', name='idle_11', opacity=1.0, ori=0, pos=array([0., 0.]), rgb=array([255., 255., 255.]), text='buffering . . .', units='height', win=Window(...), wrapWidth=1)
5.8935 	EXP 	Created idle_12 = TextStim(__class__=<class 'psychopy.visual.text.TextStim'>, alignHoriz='center', alignVert='center', antialias=True, autoLog=True, bold=False, color='white', colorSpace='named', contrast=1.0, depth=-12.0, flipHoriz=False, flipVert=False, font='Arial', fontFiles=[], height=0.03, italic=False, languageStyle='LTR', name='idle_12', opacity=1.0, ori=0, pos=array([0., 0.]), rgb=array([255., 255., 255.]), text='run /serv/234_1/sd connect', units='height', win=Window(...), wrapWidth=1)
5.8951 	EXP 	Created cB_6 = Rect(__class__=<class 'psychopy.visual.rect.Rect'>, autoDraw=False, autoLog=True, closeShape=True, color=method-wrapper(...), colorSpace=None, contrast=1.0, depth=-1.0, fillColor=array([-1., -1., -1.]), fillColorSpace='rgb', fillRGB=array([-1., -1., -1.]), interpolate=True, lineColor=array([1., 1., 1.]), lineColorSpace='rgb', lineRGB=array([1., 1., 1.]), lineWidth=1, name='cB_6', opacity=1.0, ori=array(0.), pos=array([0., 0.]), size=array([1., 1.]), units='height', vertices=ndarray(...), win=Window(...))
5.9009 	EXP 	Created sBInstructions = TextStim(__class__=<class 'psychopy.visual.text.TextStim'>, alignHoriz='center', alignVert='center', antialias=True, autoLog=True, bold=False, color='white', colorSpace='named', contrast=1.0, depth=-2.0, flipHoriz=False, flipVert=False, font='Arial', fontFiles=[], height=0.03, italic=False, languageStyle='LTR', name='sBInstructions', opacity=1.0, ori=0, pos=array([0., 0.]), rgb=array([255., 255., 255.]), text='default text', units='height', win=Window(...), wrapWidth=1)
5.9025 	EXP 	Created cB_8 = Rect(__class__=<class 'psychopy.visual.rect.Rect'>, autoDraw=False, autoLog=True, closeShape=True, color=method-wrapper(...), colorSpace=None, contrast=1.0, depth=0.0, fillColor=array([-1., -1., -1.]), fillColorSpace='rgb', fillRGB=array([-1., -1., -1.]), interpolate=True, lineColor=array([1., 1., 1.]), lineColorSpace='rgb', lineRGB=array([1., 1., 1.]), lineWidth=1, name='cB_8', opacity=1.0, ori=array(0.), pos=array([0., 0.]), size=array([1., 1.]), units='height', vertices=ndarray(...), win=Window(...))
5.9184 	EXP 	Created text = TextStim(__class__=<class 'psychopy.visual.text.TextStim'>, alignHoriz='center', alignVert='center', antialias=True, autoLog=True, bold=False, color='white', colorSpace='named', contrast=1.0, depth=-1.0, flipHoriz=False, flipVert=False, font='Arial', fontFiles=[], height=0.05, italic=False, languageStyle='LTR', name='text', opacity=1.0, ori=0, pos=array([0., 0.]), rgb=array([255., 255., 255.]), text='default text', units='height', win=Window(...), wrapWidth=1)
5.9244 	EXP 	Created imagesbRnd = ImageStim(__class__=<class 'psychopy.visual.image.ImageStim'>, autoLog=True, color=array([1., 1., 1.]), colorSpace='rgb', contrast=1.0, depth=-2.0, flipHoriz=False, flipVert=False, image='sin', interpolate=True, mask=None, maskParams=None, name='imagesbRnd', opacity=1.0, ori=0.0, pos=array([0.  , 0.25]), size=array([0.2, 0.2]), texRes=128, units='height', win=Window(...))
5.9893 	EXP 	Created sbChoice = RatingScale(__class__=type(...), acceptKeys=['return'], acceptPreText=UNKNOWN, acceptSize=UNKNOWN, acceptText='accept?', autoLog=True, choices=list(...), depth=0, disappear=False, flipVert=False, high=10, kwargs=UNKNOWN, labels=list(...), leftKeys=['left'], lineColor='White', low=0, marker=ShapeStim(...), markerColor='DarkBlue', markerExpansion=UNKNOWN, markerStart=5.0, maxTime=0.0, minTime=0.4, mouseOnly=False, name='sbChoice', noMouse=False, pos=[0.0, -0.4], precision=1, respKeys=[], rightKeys=['right'], scale='<default>', self=UNKNOWN, showAccept=True, showValue=True, singleClick=False, size=0.6, skipKeys=['tab'], stretch=1.0, textColor='LightGray', textFont='Helvetica Bold', textSize=0.12, tickHeight=-1, tickMarks=10.0, win=Window(...))
5.9908 	EXP 	Created cB_9 = Rect(__class__=<class 'psychopy.visual.rect.Rect'>, autoDraw=False, autoLog=True, closeShape=True, color=method-wrapper(...), colorSpace=None, contrast=1.0, depth=0.0, fillColor=array([-1., -1., -1.]), fillColorSpace='rgb', fillRGB=array([-1., -1., -1.]), interpolate=True, lineColor=array([1., 1., 1.]), lineColorSpace='rgb', lineRGB=array([1., 1., 1.]), lineWidth=1, name='cB_9', opacity=1.0, ori=array(0.), pos=array([0., 0.]), size=array([1., 1.]), units='height', vertices=ndarray(...), win=Window(...))
5.9922 	EXP 	Created cbFb = Rect(__class__=<class 'psychopy.visual.rect.Rect'>, autoDraw=False, autoLog=True, closeShape=True, color=method-wrapper(...), colorSpace=None, contrast=1.0, depth=-1.0, fillColor=array([-1., -1., -1.]), fillColorSpace='rgb', fillRGB=array([-1., -1., -1.]), interpolate=True, lineColor=array([1., 1., 1.]), lineColorSpace='rgb', lineRGB=array([1., 1., 1.]), lineWidth=1, name='cbFb', opacity=1.0, ori=array(0.), pos=array([0., 0.]), size=array([1., 1.]), units='height', vertices=ndarray(...), win=Window(...))
5.9985 	EXP 	Created textFb = TextStim(__class__=<class 'psychopy.visual.text.TextStim'>, alignHoriz='center', alignVert='center', antialias=True, autoLog=True, bold=False, color='white', colorSpace='named', contrast=1.0, depth=-2.0, flipHoriz=False, flipVert=False, font='Arial', fontFiles=[], height=0.03, italic=False, languageStyle='LTR', name='textFb', opacity=1.0, ori=0, pos=array([0., 0.]), rgb=array([255., 255., 255.]), text='default text', units='height', win=Window(...), wrapWidth=1)
5.9999 	EXP 	Created cbBuf = Rect(__class__=<class 'psychopy.visual.rect.Rect'>, autoDraw=False, autoLog=True, closeShape=True, color=method-wrapper(...), colorSpace=None, contrast=1.0, depth=0.0, fillColor=array([-1., -1., -1.]), fillColorSpace='rgb', fillRGB=array([-1., -1., -1.]), interpolate=True, lineColor=array([1., 1., 1.]), lineColorSpace='rgb', lineRGB=array([1., 1., 1.]), lineWidth=1, name='cbBuf', opacity=1.0, ori=array(0.), pos=array([0., 0.]), size=array([1., 1.]), units='height', vertices=ndarray(...), win=Window(...))
6.0017 	EXP 	Created fixCross = ShapeStim(__class__=<class 'psychopy.visual.shape.ShapeStim'>, autoDraw=False, autoLog=True, closeShape=True, contrast=1.0, depth=-1.0, fillColor=array([1., 1., 1.]), fillColorSpace='rgb', interpolate=True, lineColor=array([1., 1., 1.]), lineColorSpace='rgb', lineWidth=1, name='fixCross', opacity=1.0, ori=array(0.), pos=array([0., 0.]), size=array([0.1, 0.1]), units='height', vertices=ndarray(...), win=Window(...), windingRule=None)
6.0031 	EXP 	Created cB_11 = Rect(__class__=<class 'psychopy.visual.rect.Rect'>, autoDraw=False, autoLog=True, closeShape=True, color=method-wrapper(...), colorSpace=None, contrast=1.0, depth=-1.0, fillColor=array([-1., -1., -1.]), fillColorSpace='rgb', fillRGB=array([-1., -1., -1.]), interpolate=True, lineColor=array([1., 1., 1.]), lineColorSpace='rgb', lineRGB=array([1., 1., 1.]), lineWidth=1, name='cB_11', opacity=1.0, ori=array(0.), pos=array([0., 0.]), size=array([1., 1.]), units='height', vertices=ndarray(...), win=Window(...))
6.0222 	EXP 	Created rating = RatingScale(__class__=type(...), acceptKeys=['return'], acceptPreText=UNKNOWN, acceptSize=UNKNOWN, acceptText='accept?', autoLog=True, choices=False, depth=0, disappear=False, flipVert=False, high=7, kwargs=UNKNOWN, labels=list(...), leftKeys=['left'], lineColor='White', low=1, marker=ShapeStim(...), markerColor='DarkBlue', markerExpansion=UNKNOWN, markerStart=None, maxTime=0.0, minTime=0.4, mouseOnly=False, name='rating', noMouse=False, pos=[0.0, -0.4], precision=1, respKeys=['1', '2', '3', '4', '5', '6', '7'], rightKeys=['right'], scale='', self=UNKNOWN, showAccept=True, showValue=True, singleClick=False, size=0.6, skipKeys=['tab'], stretch=1.0, textColor='LightGray', textFont='Helvetica Bold', textSize=0.12, tickHeight=1.0, tickMarks=6.0, win=Window(...))
6.0239 	EXP 	Created cbBuf_2 = Rect(__class__=<class 'psychopy.visual.rect.Rect'>, autoDraw=False, autoLog=True, closeShape=True, color=method-wrapper(...), colorSpace=None, contrast=1.0, depth=-1.0, fillColor=array([-1., -1., -1.]), fillColorSpace='rgb', fillRGB=array([-1., -1., -1.]), interpolate=True, lineColor=array([1., 1., 1.]), lineColorSpace='rgb', lineRGB=array([1., 1., 1.]), lineWidth=1, name='cbBuf_2', opacity=1.0, ori=array(0.), pos=array([0., 0.]), size=array([1., 1.]), units='height', vertices=ndarray(...), win=Window(...))
6.0410 	EXP 	Created text_5 = TextStim(__class__=<class 'psychopy.visual.text.TextStim'>, alignHoriz='center', alignVert='center', antialias=True, autoLog=True, bold=False, color='white', colorSpace='named', contrast=1.0, depth=-2.0, flipHoriz=False, flipVert=False, font='Arial', fontFiles=[], height=0.04, italic=False, languageStyle='LTR', name='text_5', opacity=1.0, ori=0, pos=array([0., 0.]), rgb=array([255., 255., 255.]), text='default text', units='height', win=Window(...), wrapWidth=1)
6.0426 	EXP 	Created cB_9 = Rect(__class__=<class 'psychopy.visual.rect.Rect'>, autoDraw=False, autoLog=True, closeShape=True, color=method-wrapper(...), colorSpace=None, contrast=1.0, depth=0.0, fillColor=array([-1., -1., -1.]), fillColorSpace='rgb', fillRGB=array([-1., -1., -1.]), interpolate=True, lineColor=array([1., 1., 1.]), lineColorSpace='rgb', lineRGB=array([1., 1., 1.]), lineWidth=1, name='cB_9', opacity=1.0, ori=array(0.), pos=array([0., 0.]), size=array([1., 1.]), units='height', vertices=ndarray(...), win=Window(...))
6.0440 	EXP 	Created cbBuf = Rect(__class__=<class 'psychopy.visual.rect.Rect'>, autoDraw=False, autoLog=True, closeShape=True, color=method-wrapper(...), colorSpace=None, contrast=1.0, depth=0.0, fillColor=array([-1., -1., -1.]), fillColorSpace='rgb', fillRGB=array([-1., -1., -1.]), interpolate=True, lineColor=array([1., 1., 1.]), lineColorSpace='rgb', lineRGB=array([1., 1., 1.]), lineWidth=1, name='cbBuf', opacity=1.0, ori=array(0.), pos=array([0., 0.]), size=array([1., 1.]), units='height', vertices=ndarray(...), win=Window(...))
6.0457 	EXP 	Created fixCross = ShapeStim(__class__=<class 'psychopy.visual.shape.ShapeStim'>, autoDraw=False, autoLog=True, closeShape=True, contrast=1.0, depth=-1.0, fillColor=array([1., 1., 1.]), fillColorSpace='rgb', interpolate=True, lineColor=array([1., 1., 1.]), lineColorSpace='rgb', lineWidth=1, name='fixCross', opacity=1.0, ori=array(0.), pos=array([0., 0.]), size=array([0.1, 0.1]), units='height', vertices=ndarray(...), win=Window(...), windingRule=None)
6.0471 	EXP 	Created cB_10 = Rect(__class__=<class 'psychopy.visual.rect.Rect'>, autoDraw=False, autoLog=True, closeShape=True, color=method-wrapper(...), colorSpace=None, contrast=1.0, depth=0.0, fillColor=array([-1., -1., -1.]), fillColorSpace='rgb', fillRGB=array([-1., -1., -1.]), interpolate=True, lineColor=array([1., 1., 1.]), lineColorSpace='rgb', lineRGB=array([1., 1., 1.]), lineWidth=1, name='cB_10', opacity=1.0, ori=array(0.), pos=array([0., 0.]), size=array([1., 1.]), units='height', vertices=ndarray(...), win=Window(...))
6.1243 	EXP 	Created sbEndText = TextStim(__class__=<class 'psychopy.visual.text.TextStim'>, alignHoriz='center', alignVert='center', antialias=True, autoLog=True, bold=False, color='white', colorSpace='named', contrast=1.0, depth=-1.0, flipHoriz=False, flipVert=False, font='Arial', fontFiles=[], height=0.1, italic=False, languageStyle='LTR', name='sbEndText', opacity=1.0, ori=0, pos=array([0., 0.]), rgb=array([255., 255., 255.]), text=str(...), units='height', win=Window(...), wrapWidth=1)
6.1394 	EXP 	sbChoice: flipVert = False
6.1394 	EXP 	sbChoice: autoLog = True
6.1394 	EXP 	rating: flipVert = False
6.1394 	EXP 	rating: autoLog = True
6.1394 	EXP 	cB_1: autoDraw = True
6.1394 	EXP 	textWelcome: autoDraw = True
7.8461 	DATA 	Keypress: 1
7.8630 	EXP 	cB_1: autoDraw = False
7.8630 	EXP 	textWelcome: autoDraw = False
7.8630 	EXP 	cB_2: autoDraw = True
7.8630 	EXP 	textInstructions: autoDraw = True
8.2721 	DATA 	Keypress: 1
8.2887 	EXP 	cB_2: autoDraw = False
8.2887 	EXP 	textInstructions: autoDraw = False
8.2887 	EXP 	cB_3: autoDraw = True
8.2887 	EXP 	textServer: autoDraw = True
9.7579 	DATA 	Keypress: 1
9.7586 	EXP 	Created sequence: random, trialTypes=1, nReps=1, seed=None
9.7588 	EXP 	New trial (rep=0, index=0): None
9.7745 	EXP 	cB_3: autoDraw = False
9.7745 	EXP 	textServer: autoDraw = False
9.7745 	EXP 	cB_4: autoDraw = True
9.7745 	EXP 	text_1: autoDraw = True
10.7423 	EXP 	text_2: autoDraw = True
10.7754 	EXP 	text_1: autoDraw = False
11.2541 	EXP 	text_2: autoDraw = False
11.2541 	EXP 	text_3: autoDraw = True
11.7482 	EXP 	text_4: autoDraw = True
11.7651 	EXP 	text_3: autoDraw = False
12.2605 	EXP 	text_4: autoDraw = False
12.2776 	EXP 	cB_4: autoDraw = False
12.2776 	EXP 	text_1: autoDraw = False
12.2776 	EXP 	text_2: autoDraw = False
12.2776 	EXP 	text_3: autoDraw = False
12.2776 	EXP 	text_4: autoDraw = False
12.2776 	EXP 	cB_5: autoDraw = True
12.4476 	EXP 	idle: autoDraw = True
12.7565 	EXP 	idle: autoDraw = False
12.7565 	EXP 	idle_2: autoDraw = True
12.9595 	EXP 	idle_2: autoDraw = False
12.9595 	EXP 	idle_3: autoDraw = True
13.0453 	EXP 	idle_3: autoDraw = False
13.0453 	EXP 	idle_4: autoDraw = True
13.1980 	EXP 	idle_4: autoDraw = False
13.1980 	EXP 	idle_5: autoDraw = True
13.3518 	EXP 	idle_5: autoDraw = False
13.3518 	EXP 	idle_6: autoDraw = True
13.5068 	EXP 	idle_6: autoDraw = False
13.5068 	EXP 	idle_7: autoDraw = True
13.6081 	EXP 	idle_7: autoDraw = False
13.6081 	EXP 	ilde_8: autoDraw = True
14.1030 	EXP 	ilde_8: autoDraw = False
14.1030 	EXP 	idle_9: autoDraw = True
14.5992 	EXP 	idle_10: autoDraw = True
14.6166 	EXP 	idle_9: autoDraw = False
15.1105 	EXP 	idle_10: autoDraw = False
15.1105 	EXP 	idle_11: autoDraw = True
15.6075 	EXP 	idle_12: autoDraw = True
15.6242 	EXP 	idle_11: autoDraw = False
15.7601 	EXP 	idle_12: autoDraw = False
16.3252 	EXP 	cB_5: autoDraw = False
16.3252 	EXP 	idle: autoDraw = False
16.3252 	EXP 	idle_2: autoDraw = False
16.3252 	EXP 	idle_3: autoDraw = False
16.3252 	EXP 	idle_4: autoDraw = False
16.3252 	EXP 	idle_5: autoDraw = False
16.3252 	EXP 	idle_6: autoDraw = False
16.3252 	EXP 	idle_7: autoDraw = False
16.3252 	EXP 	ilde_8: autoDraw = False
16.3252 	EXP 	idle_9: autoDraw = False
16.3252 	EXP 	idle_10: autoDraw = False
16.3252 	EXP 	idle_11: autoDraw = False
16.3252 	EXP 	idle_12: autoDraw = False
16.3252 	EXP 	sBInstructions: text = "You are now ready to start with the experiment. \n'\nOn the next screens you will make decisions on how to engage with other players.\n\n\nMake a choice using your 'left' or 'right' keys and confirm with 'enter'"
16.3252 	EXP 	cB_6: autoDraw = True
16.5140 	EXP 	sBInstructions: autoDraw = True
16.8071 	DATA 	Keypress: 1
16.8408 	EXP 	Imported contitions.xlsx as conditions, 1 conditions, 6 params
16.8411 	EXP 	Created sequence: random, trialTypes=1, nReps=2, seed=None
16.8415 	EXP 	New trial (rep=0, index=0): OrderedDict([('playerId', 'Paul'), ('avatarFile', 'images/avatar1.jpg'), ('choiceLabel', 'reciprocate'), ('actionLabel', 1), ('actionRound', 1), ('actionExit', 'enter')])
16.8614 	EXP 	Imported contitions.xlsx as conditions, 1 conditions, 6 params
16.8618 	EXP 	Created sequence: random, trialTypes=1, nReps=2, seed=None
16.8622 	EXP 	New trial (rep=0, index=0): OrderedDict([('playerId', 'Paul'), ('avatarFile', 'images/avatar1.jpg'), ('choiceLabel', 'reciprocate'), ('actionLabel', 1), ('actionRound', 1), ('actionExit', 'enter')])
16.9754 	EXP 	RatingScale sbChoice: reset()
17.0080 	EXP 	cB_6: autoDraw = False
17.0080 	EXP 	sBInstructions: autoDraw = False
17.0080 	EXP 	text: text = 'This round you are playing with Paul!'
17.0080 	EXP 	imagesbRnd: image = 'images/avatar1.jpg'
17.0080 	EXP 	cB_8: autoDraw = True
17.0080 	EXP 	text: autoDraw = True
17.0080 	EXP 	imagesbRnd: autoDraw = True
17.0080 	EXP 	sbChoice: autoDraw = True
18.0297 	DATA 	Keypress: return
18.0330 	DATA 	RatingScale sbChoice: (key response) rating=5
18.0330 	DATA 	RatingScale sbChoice: rating RT=1.057
18.0330 	DATA 	RatingScale sbChoice: history=[('5', 0.0), ('5', 1.057)]
18.0639 	EXP 	cB_8: autoDraw = False
18.0639 	EXP 	text: autoDraw = False
18.0639 	EXP 	imagesbRnd: autoDraw = False
18.0639 	EXP 	sbChoice: autoDraw = False
18.0639 	EXP 	cB_9: autoDraw = True
18.5913 	EXP 	cB_9: autoDraw = False
18.5913 	EXP 	textFb: text = 'Paul has decided to reciprocate \nYou receive 5 credits'
18.5913 	EXP 	cbFb: autoDraw = True
18.5913 	EXP 	textFb: autoDraw = True
20.5728 	EXP 	cbFb: autoDraw = False
20.5728 	EXP 	textFb: autoDraw = False
20.5728 	EXP 	cbBuf: autoDraw = True
20.7437 	EXP 	fixCross: autoDraw = True
21.2575 	EXP 	fixCross: autoDraw = False
21.4646 	EXP 	New trial (rep=1, index=0): OrderedDict([('playerId', 'Paul'), ('avatarFile', 'images/avatar1.jpg'), ('choiceLabel', 'reciprocate'), ('actionLabel', 1), ('actionRound', 1), ('actionExit', 'enter')])
21.5115 	EXP 	RatingScale sbChoice: reset()
21.5319 	EXP 	cbBuf: autoDraw = False
21.5319 	EXP 	fixCross: autoDraw = False
21.5319 	EXP 	text: text = 'This round you are playing with Paul!'
21.5319 	EXP 	imagesbRnd: image = 'images/avatar1.jpg'
21.5319 	EXP 	cB_8: autoDraw = True
21.5319 	EXP 	text: autoDraw = True
21.5319 	EXP 	imagesbRnd: autoDraw = True
21.5319 	EXP 	sbChoice: autoDraw = True
22.7103 	DATA 	Keypress: left
22.9662 	DATA 	Keypress: left
23.2907 	DATA 	Keypress: return
23.2945 	DATA 	RatingScale sbChoice: (key response) rating=3
23.2945 	DATA 	RatingScale sbChoice: rating RT=1.782
23.2945 	DATA 	RatingScale sbChoice: history=[('5', 0.0), ('4', 1.202), ('3', 1.458), ('3', 1.782)]
23.3242 	EXP 	cB_8: autoDraw = False
23.3242 	EXP 	text: autoDraw = False
23.3242 	EXP 	imagesbRnd: autoDraw = False
23.3242 	EXP 	sbChoice: autoDraw = False
23.3242 	EXP 	cB_9: autoDraw = True
23.8548 	EXP 	cB_9: autoDraw = False
23.8548 	EXP 	textFb: text = 'Paul has decided to reciprocate \nYou receive 3 credits'
23.8548 	EXP 	cbFb: autoDraw = True
23.8548 	EXP 	textFb: autoDraw = True
25.8380 	EXP 	cbFb: autoDraw = False
25.8380 	EXP 	textFb: autoDraw = False
25.8380 	EXP 	cbBuf: autoDraw = True
26.0071 	EXP 	fixCross: autoDraw = True
26.5210 	EXP 	fixCross: autoDraw = False
26.7367 	EXP 	Imported sliders.xlsx as conditions, 6 conditions, 5 params
26.7370 	EXP 	Created sequence: sequential, trialTypes=6, nReps=1, seed=None
26.7373 	EXP 	New trial (rep=0, index=0): OrderedDict([('sliderID', 1), ('sliderText', 'How much do you like Paul?'), ('sliderMin', 'not at all'), ('sliderMax', 'very much'), ('sliderChoices', '1 2 3 4 5 6 7')])
26.7772 	EXP 	Created rating = RatingScale(__class__=type(...), acceptKeys=['return'], acceptPreText=UNKNOWN, acceptSize=UNKNOWN, acceptText='accept?', autoLog=True, choices=False, depth=0, disappear=False, flipVert=False, high=7, kwargs=UNKNOWN, labels=list(...), leftKeys=['left'], lineColor='White', low=1, marker=ShapeStim(...), markerColor='DarkRed', markerExpansion=UNKNOWN, markerStart=4.0, maxTime=0.0, minTime=0.4, mouseOnly=False, name='rating', noMouse=False, pos=[0.0, -0.2], precision=1, respKeys=['1', '2', '3', '4', '5', '6', '7'], rightKeys=['right'], scale='How much do you like Paul?', self=UNKNOWN, showAccept=True, showValue=True, singleClick=False, size=0.6, skipKeys=['tab'], stretch=1.0, textColor='LightGray', textFont='Helvetica Bold', textSize=0.12, tickHeight=-1, tickMarks=6.0, win=Window(...))
26.7782 	EXP 	RatingScale rating: reset()
26.7965 	EXP 	cbBuf: autoDraw = False
26.7965 	EXP 	fixCross: autoDraw = False
26.7965 	EXP 	rating: flipVert = False
26.7965 	EXP 	rating: autoLog = True
26.7965 	EXP 	cB_11: autoDraw = True
26.7965 	EXP 	rating: autoDraw = True
35.3963 	DATA 	Keypress: c
36.5557 	DATA 	Keypress: 1
36.8975 	DATA 	Keypress: escape
37.0347 	EXP 	window1: mouseVisible = True
