2.4065 	WARNING 	Import Error: No module named 'psychtoolbox'. Using event module for keyboard component.
4.7110 	WARNING 	User requested fullscreen with size [1024  768], but screen is actually [1680, 1050]. Using actual size
5.6401 	EXP 	Created window1 = Window(allowGUI=False, allowStencil=False, args=UNKNOWN, autoLog=True, bitsMode=UNKNOWN, blendMode='avg', color=array([0., 0., 0.]), colorSpace='rgb', fullscr=<method-wrapper '__getattribute__' of attributeSetter object at 0x07A3FAF0>, gamma=None, gammaErrorPolicy='raise', kwargs=UNKNOWN, lms=UNKNOWN, monitor=<psychopy.monitors.calibTools.Monitor object at 0x077E97F0>, multiSample=False, name='window1', numSamples=2, pos=[0.0, 0.0], screen=0, size=array([1680, 1050]), stereo=False, units='height', useFBO=True, useRetina=False, viewOri=0.0, viewPos=None, viewScale=None, waitBlanking=True, winType='pyglet')
5.6402 	EXP 	window1: recordFrameIntervals = False
5.8092 	EXP 	window1: recordFrameIntervals = True
5.9964 	EXP 	window1: recordFrameIntervals = False
5.9988 	EXP 	Created cB_1 = Rect(__class__=<class 'psychopy.visual.rect.Rect'>, autoDraw=False, autoLog=True, closeShape=True, color=method-wrapper(...), colorSpace=None, contrast=1.0, depth=0.0, fillColor=array([-1., -1., -1.]), fillColorSpace='rgb', fillRGB=array([-1., -1., -1.]), interpolate=True, lineColor=array([1., 1., 1.]), lineColorSpace='rgb', lineRGB=array([1., 1., 1.]), lineWidth=1, name='cB_1', opacity=1.0, ori=array(0.), pos=array([0., 0.]), size=array([1., 1.]), units='height', vertices=ndarray(...), win=Window(...))
6.1377 	EXP 	Created textWelcome = TextStim(__class__=<class 'psychopy.visual.text.TextStim'>, alignHoriz='center', alignVert='center', antialias=True, autoLog=True, bold=False, color='white', colorSpace='named', contrast=1.0, depth=-1.0, flipHoriz=False, flipVert=False, font='Arial', fontFiles=[], height=0.05, italic=False, languageStyle='LTR', name='textWelcome', opacity=1.0, ori=0, pos=array([0., 0.]), rgb=array([255., 255., 255.]), text=str(...), units='height', win=Window(...), wrapWidth=1)
6.1392 	EXP 	Created cB_2 = Rect(__class__=<class 'psychopy.visual.rect.Rect'>, autoDraw=False, autoLog=True, closeShape=True, color=method-wrapper(...), colorSpace=None, contrast=1.0, depth=0.0, fillColor=array([-1., -1., -1.]), fillColorSpace='rgb', fillRGB=array([-1., -1., -1.]), interpolate=True, lineColor=array([1., 1., 1.]), lineColorSpace='rgb', lineRGB=array([1., 1., 1.]), lineWidth=1, name='cB_2', opacity=1.0, ori=array(0.), pos=array([0., 0.]), size=array([1., 1.]), units='height', vertices=ndarray(...), win=Window(...))
6.2249 	EXP 	Created textInstructions = TextStim(__class__=<class 'psychopy.visual.text.TextStim'>, alignHoriz='center', alignVert='center', antialias=True, autoLog=True, bold=False, color='white', colorSpace='named', contrast=1.0, depth=-1.0, flipHoriz=False, flipVert=False, font='Arial', fontFiles=[], height=0.03, italic=False, languageStyle='LTR', name='textInstructions', opacity=1.0, ori=0, pos=array([0., 0.]), rgb=array([255., 255., 255.]), text=str(...), units='height', win=Window(...), wrapWidth=1)
6.2264 	EXP 	Created cB_3 = Rect(__class__=<class 'psychopy.visual.rect.Rect'>, autoDraw=False, autoLog=True, closeShape=True, color=method-wrapper(...), colorSpace=None, contrast=1.0, depth=0.0, fillColor=array([-1., -1., -1.]), fillColorSpace='rgb', fillRGB=array([-1., -1., -1.]), interpolate=True, lineColor=array([1., 1., 1.]), lineColorSpace='rgb', lineRGB=array([1., 1., 1.]), lineWidth=1, name='cB_3', opacity=1.0, ori=array(0.), pos=array([0., 0.]), size=array([1., 1.]), units='height', vertices=ndarray(...), win=Window(...))
6.2635 	EXP 	Created textServer = TextStim(__class__=<class 'psychopy.visual.text.TextStim'>, alignHoriz='center', alignVert='center', antialias=True, autoLog=True, bold=False, color='white', colorSpace='named', contrast=1.0, depth=-1.0, flipHoriz=False, flipVert=False, font='Arial', fontFiles=[], height=0.03, italic=False, languageStyle='LTR', name='textServer', opacity=1.0, ori=0, pos=array([0., 0.]), rgb=array([255., 255., 255.]), text=str(...), units='height', win=Window(...), wrapWidth=1)
6.2650 	EXP 	Created cB_4 = Rect(__class__=<class 'psychopy.visual.rect.Rect'>, autoDraw=False, autoLog=True, closeShape=True, color=method-wrapper(...), colorSpace=None, contrast=1.0, depth=0.0, fillColor=array([-1., -1., -1.]), fillColorSpace='rgb', fillRGB=array([-1., -1., -1.]), interpolate=True, lineColor=array([1., 1., 1.]), lineColorSpace='rgb', lineRGB=array([1., 1., 1.]), lineWidth=1, name='cB_4', opacity=1.0, ori=array(0.), pos=array([0., 0.]), size=array([1., 1.]), units='height', vertices=ndarray(...), win=Window(...))
6.2704 	EXP 	Created text_1 = TextStim(__class__=<class 'psychopy.visual.text.TextStim'>, alignHoriz='center', alignVert='center', antialias=True, autoLog=True, bold=False, color='white', colorSpace='named', contrast=1.0, depth=-1.0, flipHoriz=False, flipVert=False, font='Arial', fontFiles=[], height=0.05, italic=False, languageStyle='LTR', name='text_1', opacity=1.0, ori=0, pos=array([0., 0.]), rgb=array([255., 255., 255.]), text='connecting      ', units='height', win=Window(...), wrapWidth=1)
6.2754 	EXP 	Created text_2 = TextStim(__class__=<class 'psychopy.visual.text.TextStim'>, alignHoriz='center', alignVert='center', antialias=True, autoLog=True, bold=False, color='white', colorSpace='named', contrast=1.0, depth=-2.0, flipHoriz=False, flipVert=False, font='Arial', fontFiles=[], height=0.05, italic=False, languageStyle='LTR', name='text_2', opacity=1.0, ori=0, pos=array([0., 0.]), rgb=array([255., 255., 255.]), text='connecting .    ', units='height', win=Window(...), wrapWidth=1)
6.2806 	EXP 	Created text_3 = TextStim(__class__=<class 'psychopy.visual.text.TextStim'>, alignHoriz='center', alignVert='center', antialias=True, autoLog=True, bold=False, color='white', colorSpace='named', contrast=1.0, depth=-3.0, flipHoriz=False, flipVert=False, font='Arial', fontFiles=[], height=0.05, italic=False, languageStyle='LTR', name='text_3', opacity=1.0, ori=0, pos=array([0., 0.]), rgb=array([255., 255., 255.]), text='connecting . .  ', units='height', win=Window(...), wrapWidth=1)
6.2863 	EXP 	Created text_4 = TextStim(__class__=<class 'psychopy.visual.text.TextStim'>, alignHoriz='center', alignVert='center', antialias=True, autoLog=True, bold=False, color='white', colorSpace='named', contrast=1.0, depth=-4.0, flipHoriz=False, flipVert=False, font='Arial', fontFiles=[], height=0.05, italic=False, languageStyle='LTR', name='text_4', opacity=1.0, ori=0, pos=array([0., 0.]), rgb=array([255., 255., 255.]), text='connecting . . .', units='height', win=Window(...), wrapWidth=1)
6.2878 	EXP 	Created cB_6 = Rect(__class__=<class 'psychopy.visual.rect.Rect'>, autoDraw=False, autoLog=True, closeShape=True, color=method-wrapper(...), colorSpace=None, contrast=1.0, depth=0.0, fillColor=array([-1., -1., -1.]), fillColorSpace='rgb', fillRGB=array([-1., -1., -1.]), interpolate=True, lineColor=array([1., 1., 1.]), lineColorSpace='rgb', lineRGB=array([1., 1., 1.]), lineWidth=1, name='cB_6', opacity=1.0, ori=array(0.), pos=array([0., 0.]), size=array([1., 1.]), units='height', vertices=ndarray(...), win=Window(...))
6.2921 	EXP 	Created idle = TextStim(__class__=<class 'psychopy.visual.text.TextStim'>, alignHoriz='center', alignVert='center', antialias=True, autoLog=True, bold=False, color='white', colorSpace='named', contrast=1.0, depth=-1.0, flipHoriz=False, flipVert=False, font='Arial', fontFiles=[], height=0.05, italic=False, languageStyle='LTR', name='idle', opacity=1.0, ori=0, pos=array([0., 0.]), rgb=array([255., 255., 255.]), text='found', units='height', win=Window(...), wrapWidth=1)
6.2971 	EXP 	Created idle_2 = TextStim(__class__=<class 'psychopy.visual.text.TextStim'>, alignHoriz='center', alignVert='center', antialias=True, autoLog=True, bold=False, color='white', colorSpace='named', contrast=1.0, depth=-1.0, flipHoriz=False, flipVert=False, font='Arial', fontFiles=[], height=0.05, italic=False, languageStyle='LTR', name='idle_2', opacity=1.0, ori=0, pos=array([0., 0.]), rgb=array([255., 255., 255.]), text='init proc     ', units='height', win=Window(...), wrapWidth=1)
6.3076 	EXP 	Created idle_3 = TextStim(__class__=<class 'psychopy.visual.text.TextStim'>, alignHoriz='center', alignVert='center', antialias=True, autoLog=True, bold=False, color='white', colorSpace='named', contrast=1.0, depth=-1.0, flipHoriz=False, flipVert=False, font='Arial', fontFiles=[], height=0.05, italic=False, languageStyle='LTR', name='idle_3', opacity=1.0, ori=0, pos=array([0., 0.]), rgb=array([255., 255., 255.]), text='init proc 2141', units='height', win=Window(...), wrapWidth=1)
6.3151 	EXP 	Created idle_4 = TextStim(__class__=<class 'psychopy.visual.text.TextStim'>, alignHoriz='center', alignVert='center', antialias=True, autoLog=True, bold=False, color='white', colorSpace='named', contrast=1.0, depth=-1.0, flipHoriz=False, flipVert=False, font='Arial', fontFiles=[], height=0.05, italic=False, languageStyle='LTR', name='idle_4', opacity=1.0, ori=0, pos=array([0., 0.]), rgb=array([255., 255., 255.]), text='init proc 2215', units='height', win=Window(...), wrapWidth=1)
6.3241 	EXP 	Created idle_5 = TextStim(__class__=<class 'psychopy.visual.text.TextStim'>, alignHoriz='center', alignVert='center', antialias=True, autoLog=True, bold=False, color='white', colorSpace='named', contrast=1.0, depth=-1.0, flipHoriz=False, flipVert=False, font='Arial', fontFiles=[], height=0.05, italic=False, languageStyle='LTR', name='idle_5', opacity=1.0, ori=0, pos=array([0., 0.]), rgb=array([255., 255., 255.]), text='init proc 3229', units='height', win=Window(...), wrapWidth=1)
6.3297 	EXP 	Created idle_6 = TextStim(__class__=<class 'psychopy.visual.text.TextStim'>, alignHoriz='center', alignVert='center', antialias=True, autoLog=True, bold=False, color='white', colorSpace='named', contrast=1.0, depth=-1.0, flipHoriz=False, flipVert=False, font='Arial', fontFiles=[], height=0.05, italic=False, languageStyle='LTR', name='idle_6', opacity=1.0, ori=0, pos=array([0., 0.]), rgb=array([255., 255., 255.]), text='init proc 4325', units='height', win=Window(...), wrapWidth=1)
6.3369 	EXP 	Created idle_7 = TextStim(__class__=<class 'psychopy.visual.text.TextStim'>, alignHoriz='center', alignVert='center', antialias=True, autoLog=True, bold=False, color='white', colorSpace='named', contrast=1.0, depth=-1.0, flipHoriz=False, flipVert=False, font='Arial', fontFiles=[], height=0.05, italic=False, languageStyle='LTR', name='idle_7', opacity=1.0, ori=0, pos=array([0., 0.]), rgb=array([255., 255., 255.]), text='init proc 1337', units='height', win=Window(...), wrapWidth=1)
6.3432 	EXP 	Created ilde_8 = TextStim(__class__=<class 'psychopy.visual.text.TextStim'>, alignHoriz='center', alignVert='center', antialias=True, autoLog=True, bold=False, color='white', colorSpace='named', contrast=1.0, depth=-1.0, flipHoriz=False, flipVert=False, font='Arial', fontFiles=[], height=0.05, italic=False, languageStyle='LTR', name='ilde_8', opacity=1.0, ori=0, pos=array([0., 0.]), rgb=array([255., 255., 255.]), text='buffering      ', units='height', win=Window(...), wrapWidth=1)
6.3488 	EXP 	Created idle_9 = TextStim(__class__=<class 'psychopy.visual.text.TextStim'>, alignHoriz='center', alignVert='center', antialias=True, autoLog=True, bold=False, color='white', colorSpace='named', contrast=1.0, depth=-1.0, flipHoriz=False, flipVert=False, font='Arial', fontFiles=[], height=0.05, italic=False, languageStyle='LTR', name='idle_9', opacity=1.0, ori=0, pos=array([0., 0.]), rgb=array([255., 255., 255.]), text='buffering .    ', units='height', win=Window(...), wrapWidth=1)
6.3545 	EXP 	Created idle_10 = TextStim(__class__=<class 'psychopy.visual.text.TextStim'>, alignHoriz='center', alignVert='center', antialias=True, autoLog=True, bold=False, color='white', colorSpace='named', contrast=1.0, depth=-1.0, flipHoriz=False, flipVert=False, font='Arial', fontFiles=[], height=0.05, italic=False, languageStyle='LTR', name='idle_10', opacity=1.0, ori=0, pos=array([0., 0.]), rgb=array([255., 255., 255.]), text='buffering . .  ', units='height', win=Window(...), wrapWidth=1)
6.3607 	EXP 	Created idle_11 = TextStim(__class__=<class 'psychopy.visual.text.TextStim'>, alignHoriz='center', alignVert='center', antialias=True, autoLog=True, bold=False, color='white', colorSpace='named', contrast=1.0, depth=-1.0, flipHoriz=False, flipVert=False, font='Arial', fontFiles=[], height=0.05, italic=False, languageStyle='LTR', name='idle_11', opacity=1.0, ori=0, pos=array([0., 0.]), rgb=array([255., 255., 255.]), text='buffering . . .', units='height', win=Window(...), wrapWidth=1)
6.3622 	EXP 	Created cB_5 = Rect(__class__=<class 'psychopy.visual.rect.Rect'>, autoDraw=False, autoLog=True, closeShape=True, color=method-wrapper(...), colorSpace=None, contrast=1.0, depth=0.0, fillColor=array([-1., -1., -1.]), fillColorSpace='rgb', fillRGB=array([-1., -1., -1.]), interpolate=True, lineColor=array([1., 1., 1.]), lineColorSpace='rgb', lineRGB=array([1., 1., 1.]), lineWidth=1, name='cB_5', opacity=1.0, ori=array(0.), pos=array([0., 0.]), size=array([1., 1.]), units='height', vertices=ndarray(...), win=Window(...))
6.3858 	EXP 	cB_1: autoDraw = True
6.3858 	EXP 	textWelcome: autoDraw = True
7.7848 	DATA 	Keypress: space
8.4639 	DATA 	Keypress: space
8.4807 	EXP 	cB_1: autoDraw = False
8.4807 	EXP 	textWelcome: autoDraw = False
8.4807 	EXP 	cB_2: autoDraw = True
8.4807 	EXP 	textInstructions: autoDraw = True
13.3963 	DATA 	Keypress: c
13.4129 	EXP 	cB_2: autoDraw = False
13.4129 	EXP 	textInstructions: autoDraw = False
13.4129 	EXP 	cB_3: autoDraw = True
13.4129 	EXP 	textServer: autoDraw = True
16.7807 	DATA 	Keypress: c
16.7814 	EXP 	Created sequence: random, trialTypes=1, nReps=5, seed=None
16.7816 	EXP 	New trial (rep=0, index=0): None
16.7979 	EXP 	cB_3: autoDraw = False
16.7979 	EXP 	textServer: autoDraw = False
16.7979 	EXP 	cB_4: autoDraw = True
16.7979 	EXP 	text_1: autoDraw = True
17.7725 	EXP 	text_2: autoDraw = True
17.8065 	EXP 	text_1: autoDraw = False
18.2704 	EXP 	text_3: autoDraw = True
18.2874 	EXP 	text_2: autoDraw = False
18.7643 	EXP 	text_4: autoDraw = True
18.7813 	EXP 	text_3: autoDraw = False
19.2762 	EXP 	text_4: autoDraw = False
19.2956 	EXP 	New trial (rep=1, index=0): None
19.3110 	EXP 	cB_4: autoDraw = False
19.3110 	EXP 	text_1: autoDraw = False
19.3110 	EXP 	text_2: autoDraw = False
19.3110 	EXP 	text_3: autoDraw = False
19.3110 	EXP 	text_4: autoDraw = False
19.3110 	EXP 	cB_4: autoDraw = True
19.3110 	EXP 	text_1: autoDraw = True
20.2867 	EXP 	text_2: autoDraw = True
20.3206 	EXP 	text_1: autoDraw = False
20.7803 	EXP 	text_3: autoDraw = True
20.7978 	EXP 	text_2: autoDraw = False
21.2933 	EXP 	text_3: autoDraw = False
21.2933 	EXP 	text_4: autoDraw = True
21.7909 	EXP 	New trial (rep=2, index=0): None
21.8066 	EXP 	cB_4: autoDraw = False
21.8066 	EXP 	text_1: autoDraw = False
21.8066 	EXP 	text_2: autoDraw = False
21.8066 	EXP 	text_3: autoDraw = False
21.8066 	EXP 	text_4: autoDraw = False
21.8066 	EXP 	cB_4: autoDraw = True
21.8066 	EXP 	text_1: autoDraw = True
22.7815 	EXP 	text_2: autoDraw = True
22.8154 	EXP 	text_1: autoDraw = False
23.2766 	EXP 	text_3: autoDraw = True
23.2935 	EXP 	text_2: autoDraw = False
23.7877 	EXP 	text_3: autoDraw = False
23.7877 	EXP 	text_4: autoDraw = True
24.2868 	EXP 	New trial (rep=3, index=0): None
24.3026 	EXP 	cB_4: autoDraw = False
24.3026 	EXP 	text_1: autoDraw = False
24.3026 	EXP 	text_2: autoDraw = False
24.3026 	EXP 	text_3: autoDraw = False
24.3026 	EXP 	text_4: autoDraw = False
24.3026 	EXP 	cB_4: autoDraw = True
24.3026 	EXP 	text_1: autoDraw = True
25.2765 	EXP 	text_2: autoDraw = True
25.3105 	EXP 	text_1: autoDraw = False
25.7711 	EXP 	text_3: autoDraw = True
25.7880 	EXP 	text_2: autoDraw = False
26.2843 	EXP 	text_3: autoDraw = False
26.2843 	EXP 	text_4: autoDraw = True
26.7949 	EXP 	text_4: autoDraw = False
26.7962 	EXP 	New trial (rep=4, index=0): None
26.8120 	EXP 	cB_4: autoDraw = False
26.8120 	EXP 	text_1: autoDraw = False
26.8120 	EXP 	text_2: autoDraw = False
26.8120 	EXP 	text_3: autoDraw = False
26.8120 	EXP 	text_4: autoDraw = False
26.8120 	EXP 	cB_4: autoDraw = True
26.8120 	EXP 	text_1: autoDraw = True
27.7848 	EXP 	text_2: autoDraw = True
27.8183 	EXP 	text_1: autoDraw = False
28.2797 	EXP 	text_3: autoDraw = True
28.2967 	EXP 	text_2: autoDraw = False
28.7948 	EXP 	text_3: autoDraw = False
28.7948 	EXP 	text_4: autoDraw = True
29.3064 	EXP 	cB_4: autoDraw = False
29.3064 	EXP 	text_1: autoDraw = False
29.3064 	EXP 	text_2: autoDraw = False
29.3064 	EXP 	text_3: autoDraw = False
29.3064 	EXP 	text_4: autoDraw = False
29.3064 	EXP 	cB_6: autoDraw = True
29.4771 	EXP 	idle: autoDraw = True
29.7843 	EXP 	idle: autoDraw = False
29.7843 	EXP 	idle_2: autoDraw = True
29.9883 	EXP 	idle_2: autoDraw = False
29.9883 	EXP 	idle_3: autoDraw = True
30.0731 	EXP 	idle_3: autoDraw = False
30.0731 	EXP 	idle_4: autoDraw = True
30.2271 	EXP 	idle_4: autoDraw = False
30.2271 	EXP 	idle_5: autoDraw = True
30.3799 	EXP 	idle_5: autoDraw = False
30.3799 	EXP 	idle_6: autoDraw = True
30.5342 	EXP 	idle_6: autoDraw = False
30.5342 	EXP 	idle_7: autoDraw = True
30.6361 	EXP 	idle_7: autoDraw = False
30.6361 	EXP 	ilde_8: autoDraw = True
31.1326 	EXP 	ilde_8: autoDraw = False
31.1326 	EXP 	idle_9: autoDraw = True
31.6262 	EXP 	idle_10: autoDraw = True
31.6430 	EXP 	idle_9: autoDraw = False
31.8129 	EXP 	cB_6: autoDraw = False
32.1369 	EXP 	idle_10: autoDraw = False
32.1369 	EXP 	idle_11: autoDraw = True
32.6465 	EXP 	idle_11: autoDraw = False
32.6465 	EXP 	cB_6: autoDraw = False
32.6465 	EXP 	idle: autoDraw = False
32.6465 	EXP 	idle_2: autoDraw = False
32.6465 	EXP 	idle_3: autoDraw = False
32.6465 	EXP 	idle_4: autoDraw = False
32.6465 	EXP 	idle_5: autoDraw = False
32.6465 	EXP 	idle_6: autoDraw = False
32.6465 	EXP 	idle_7: autoDraw = False
32.6465 	EXP 	ilde_8: autoDraw = False
32.6465 	EXP 	idle_9: autoDraw = False
32.6465 	EXP 	idle_10: autoDraw = False
32.6465 	EXP 	idle_11: autoDraw = False
32.6465 	EXP 	cB_5: autoDraw = True
35.1543 	EXP 	cB_5: autoDraw = False
66.5938 	DATA 	Mouse: Left button down, pos=(1249,425)
66.6752 	DATA 	Mouse:  Left button up, pos=(1249,425)
67.0806 	DATA 	Keypress: c
67.0972 	EXP 	cB_5: autoDraw = False
67.2330 	EXP 	window1: mouseVisible = True
