2.6838 	WARNING 	Import Error: No module named 'psychtoolbox'. Using event module for keyboard component.
4.2949 	WARNING 	User requested fullscreen with size [1024  768], but screen is actually [1680, 1050]. Using actual size
5.2933 	EXP 	Created window1 = Window(allowGUI=True, allowStencil=False, args=UNKNOWN, autoLog=True, bitsMode=UNKNOWN, blendMode='avg', color=array([0., 0., 0.]), colorSpace='rgb', fullscr=<method-wrapper '__getattribute__' of attributeSetter object at 0x0ABC2FB0>, gamma=None, gammaErrorPolicy='raise', kwargs=UNKNOWN, lms=UNKNOWN, monitor=<psychopy.monitors.calibTools.Monitor object at 0x083DDCB0>, multiSample=False, name='window1', numSamples=2, pos=[0.0, 0.0], screen=0, size=array([1680, 1050]), stereo=False, units='height', useFBO=True, useRetina=False, viewOri=0.0, viewPos=None, viewScale=None, waitBlanking=True, winType='pyglet')
5.2933 	EXP 	window1: recordFrameIntervals = False
5.4629 	EXP 	window1: recordFrameIntervals = True
5.6507 	EXP 	window1: recordFrameIntervals = False
5.6536 	EXP 	Created cB_1 = Rect(__class__=<class 'psychopy.visual.rect.Rect'>, autoDraw=False, autoLog=True, closeShape=True, color=method-wrapper(...), colorSpace=None, contrast=1.0, depth=-1.0, fillColor=array([-1., -1., -1.]), fillColorSpace='rgb', fillRGB=array([-1., -1., -1.]), interpolate=True, lineColor=array([1., 1., 1.]), lineColorSpace='rgb', lineRGB=array([1., 1., 1.]), lineWidth=1, name='cB_1', opacity=1.0, ori=array(0.), pos=array([0., 0.]), size=array([1., 1.]), units='height', vertices=ndarray(...), win=Window(...))
5.7974 	EXP 	Created textWelcome = TextStim(__class__=<class 'psychopy.visual.text.TextStim'>, alignHoriz='center', alignVert='center', antialias=True, autoLog=True, bold=False, color='white', colorSpace='named', contrast=1.0, depth=-2.0, flipHoriz=False, flipVert=False, font='Arial', fontFiles=[], height=0.03, italic=False, languageStyle='LTR', name='textWelcome', opacity=1.0, ori=0, pos=array([0., 0.]), rgb=array([255., 255., 255.]), text=str(...), units='height', win=Window(...), wrapWidth=1)
5.7990 	EXP 	Created cB_2 = Rect(__class__=<class 'psychopy.visual.rect.Rect'>, autoDraw=False, autoLog=True, closeShape=True, color=method-wrapper(...), colorSpace=None, contrast=1.0, depth=0.0, fillColor=array([-1., -1., -1.]), fillColorSpace='rgb', fillRGB=array([-1., -1., -1.]), interpolate=True, lineColor=array([1., 1., 1.]), lineColorSpace='rgb', lineRGB=array([1., 1., 1.]), lineWidth=1, name='cB_2', opacity=1.0, ori=array(0.), pos=array([0., 0.]), size=array([1., 1.]), units='height', vertices=ndarray(...), win=Window(...))
5.8736 	EXP 	Created textInstructions = TextStim(__class__=<class 'psychopy.visual.text.TextStim'>, alignHoriz='center', alignVert='center', antialias=True, autoLog=True, bold=False, color='white', colorSpace='named', contrast=1.0, depth=-1.0, flipHoriz=False, flipVert=False, font='Arial', fontFiles=[], height=0.03, italic=False, languageStyle='LTR', name='textInstructions', opacity=1.0, ori=0, pos=array([0., 0.]), rgb=array([255., 255., 255.]), text=str(...), units='height', win=Window(...), wrapWidth=1)
5.8751 	EXP 	Created cB_3 = Rect(__class__=<class 'psychopy.visual.rect.Rect'>, autoDraw=False, autoLog=True, closeShape=True, color=method-wrapper(...), colorSpace=None, contrast=1.0, depth=0.0, fillColor=array([-1., -1., -1.]), fillColorSpace='rgb', fillRGB=array([-1., -1., -1.]), interpolate=True, lineColor=array([1., 1., 1.]), lineColorSpace='rgb', lineRGB=array([1., 1., 1.]), lineWidth=1, name='cB_3', opacity=1.0, ori=array(0.), pos=array([0., 0.]), size=array([1., 1.]), units='height', vertices=ndarray(...), win=Window(...))
5.9107 	EXP 	Created textServer = TextStim(__class__=<class 'psychopy.visual.text.TextStim'>, alignHoriz='center', alignVert='center', antialias=True, autoLog=True, bold=False, color='white', colorSpace='named', contrast=1.0, depth=-1.0, flipHoriz=False, flipVert=False, font='Arial', fontFiles=[], height=0.03, italic=False, languageStyle='LTR', name='textServer', opacity=1.0, ori=0, pos=array([0., 0.]), rgb=array([255., 255., 255.]), text=str(...), units='height', win=Window(...), wrapWidth=1)
5.9126 	EXP 	Created cB_4 = Rect(__class__=<class 'psychopy.visual.rect.Rect'>, autoDraw=False, autoLog=True, closeShape=True, color=method-wrapper(...), colorSpace=None, contrast=1.0, depth=0.0, fillColor=array([-1., -1., -1.]), fillColorSpace='rgb', fillRGB=array([-1., -1., -1.]), interpolate=True, lineColor=array([1., 1., 1.]), lineColorSpace='rgb', lineRGB=array([1., 1., 1.]), lineWidth=1, name='cB_4', opacity=1.0, ori=array(0.), pos=array([0., 0.]), size=array([1., 1.]), units='height', vertices=ndarray(...), win=Window(...))
5.9182 	EXP 	Created text_1 = TextStim(__class__=<class 'psychopy.visual.text.TextStim'>, alignHoriz='center', alignVert='center', antialias=True, autoLog=True, bold=False, color='white', colorSpace='named', contrast=1.0, depth=-1.0, flipHoriz=False, flipVert=False, font='Arial', fontFiles=[], height=0.03, italic=False, languageStyle='LTR', name='text_1', opacity=1.0, ori=0, pos=array([0., 0.]), rgb=array([255., 255., 255.]), text='connecting      ', units='height', win=Window(...), wrapWidth=1)
5.9234 	EXP 	Created text_2 = TextStim(__class__=<class 'psychopy.visual.text.TextStim'>, alignHoriz='center', alignVert='center', antialias=True, autoLog=True, bold=False, color='white', colorSpace='named', contrast=1.0, depth=-2.0, flipHoriz=False, flipVert=False, font='Arial', fontFiles=[], height=0.03, italic=False, languageStyle='LTR', name='text_2', opacity=1.0, ori=0, pos=array([0., 0.]), rgb=array([255., 255., 255.]), text='connecting .    ', units='height', win=Window(...), wrapWidth=1)
5.9284 	EXP 	Created text_3 = TextStim(__class__=<class 'psychopy.visual.text.TextStim'>, alignHoriz='center', alignVert='center', antialias=True, autoLog=True, bold=False, color='white', colorSpace='named', contrast=1.0, depth=-3.0, flipHoriz=False, flipVert=False, font='Arial', fontFiles=[], height=0.03, italic=False, languageStyle='LTR', name='text_3', opacity=1.0, ori=0, pos=array([0., 0.]), rgb=array([255., 255., 255.]), text='connecting . .  ', units='height', win=Window(...), wrapWidth=1)
5.9343 	EXP 	Created text_4 = TextStim(__class__=<class 'psychopy.visual.text.TextStim'>, alignHoriz='center', alignVert='center', antialias=True, autoLog=True, bold=False, color='white', colorSpace='named', contrast=1.0, depth=-4.0, flipHoriz=False, flipVert=False, font='Arial', fontFiles=[], height=0.03, italic=False, languageStyle='LTR', name='text_4', opacity=1.0, ori=0, pos=array([0., 0.]), rgb=array([255., 255., 255.]), text='connecting . . .', units='height', win=Window(...), wrapWidth=1)
5.9357 	EXP 	Created cB_5 = Rect(__class__=<class 'psychopy.visual.rect.Rect'>, autoDraw=False, autoLog=True, closeShape=True, color=method-wrapper(...), colorSpace=None, contrast=1.0, depth=0.0, fillColor=array([-1., -1., -1.]), fillColorSpace='rgb', fillRGB=array([-1., -1., -1.]), interpolate=True, lineColor=array([1., 1., 1.]), lineColorSpace='rgb', lineRGB=array([1., 1., 1.]), lineWidth=1, name='cB_5', opacity=1.0, ori=array(0.), pos=array([0., 0.]), size=array([1., 1.]), units='height', vertices=ndarray(...), win=Window(...))
5.9396 	EXP 	Created idle = TextStim(__class__=<class 'psychopy.visual.text.TextStim'>, alignHoriz='center', alignVert='center', antialias=True, autoLog=True, bold=False, color='white', colorSpace='named', contrast=1.0, depth=-1.0, flipHoriz=False, flipVert=False, font='Arial', fontFiles=[], height=0.03, italic=False, languageStyle='LTR', name='idle', opacity=1.0, ori=0, pos=array([0., 0.]), rgb=array([255., 255., 255.]), text='found', units='height', win=Window(...), wrapWidth=1)
5.9443 	EXP 	Created idle_2 = TextStim(__class__=<class 'psychopy.visual.text.TextStim'>, alignHoriz='center', alignVert='center', antialias=True, autoLog=True, bold=False, color='white', colorSpace='named', contrast=1.0, depth=-2.0, flipHoriz=False, flipVert=False, font='Arial', fontFiles=[], height=0.03, italic=False, languageStyle='LTR', name='idle_2', opacity=1.0, ori=0, pos=array([0., 0.]), rgb=array([255., 255., 255.]), text='init proc     ', units='height', win=Window(...), wrapWidth=1)
5.9528 	EXP 	Created idle_3 = TextStim(__class__=<class 'psychopy.visual.text.TextStim'>, alignHoriz='center', alignVert='center', antialias=True, autoLog=True, bold=False, color='white', colorSpace='named', contrast=1.0, depth=-3.0, flipHoriz=False, flipVert=False, font='Arial', fontFiles=[], height=0.03, italic=False, languageStyle='LTR', name='idle_3', opacity=1.0, ori=0, pos=array([0., 0.]), rgb=array([255., 255., 255.]), text='init proc 2141', units='height', win=Window(...), wrapWidth=1)
5.9592 	EXP 	Created idle_4 = TextStim(__class__=<class 'psychopy.visual.text.TextStim'>, alignHoriz='center', alignVert='center', antialias=True, autoLog=True, bold=False, color='white', colorSpace='named', contrast=1.0, depth=-4.0, flipHoriz=False, flipVert=False, font='Arial', fontFiles=[], height=0.03, italic=False, languageStyle='LTR', name='idle_4', opacity=1.0, ori=0, pos=array([0., 0.]), rgb=array([255., 255., 255.]), text='init proc 2215', units='height', win=Window(...), wrapWidth=1)
5.9664 	EXP 	Created idle_5 = TextStim(__class__=<class 'psychopy.visual.text.TextStim'>, alignHoriz='center', alignVert='center', antialias=True, autoLog=True, bold=False, color='white', colorSpace='named', contrast=1.0, depth=-5.0, flipHoriz=False, flipVert=False, font='Arial', fontFiles=[], height=0.03, italic=False, languageStyle='LTR', name='idle_5', opacity=1.0, ori=0, pos=array([0., 0.]), rgb=array([255., 255., 255.]), text='init proc 3229', units='height', win=Window(...), wrapWidth=1)
5.9715 	EXP 	Created idle_6 = TextStim(__class__=<class 'psychopy.visual.text.TextStim'>, alignHoriz='center', alignVert='center', antialias=True, autoLog=True, bold=False, color='white', colorSpace='named', contrast=1.0, depth=-6.0, flipHoriz=False, flipVert=False, font='Arial', fontFiles=[], height=0.03, italic=False, languageStyle='LTR', name='idle_6', opacity=1.0, ori=0, pos=array([0., 0.]), rgb=array([255., 255., 255.]), text='init proc 4325', units='height', win=Window(...), wrapWidth=1)
5.9777 	EXP 	Created idle_7 = TextStim(__class__=<class 'psychopy.visual.text.TextStim'>, alignHoriz='center', alignVert='center', antialias=True, autoLog=True, bold=False, color='white', colorSpace='named', contrast=1.0, depth=-7.0, flipHoriz=False, flipVert=False, font='Arial', fontFiles=[], height=0.03, italic=False, languageStyle='LTR', name='idle_7', opacity=1.0, ori=0, pos=array([0., 0.]), rgb=array([255., 255., 255.]), text='init proc 1337', units='height', win=Window(...), wrapWidth=1)
5.9830 	EXP 	Created ilde_8 = TextStim(__class__=<class 'psychopy.visual.text.TextStim'>, alignHoriz='center', alignVert='center', antialias=True, autoLog=True, bold=False, color='white', colorSpace='named', contrast=1.0, depth=-8.0, flipHoriz=False, flipVert=False, font='Arial', fontFiles=[], height=0.03, italic=False, languageStyle='LTR', name='ilde_8', opacity=1.0, ori=0, pos=array([0., 0.]), rgb=array([255., 255., 255.]), text='buffering      ', units='height', win=Window(...), wrapWidth=1)
5.9879 	EXP 	Created idle_9 = TextStim(__class__=<class 'psychopy.visual.text.TextStim'>, alignHoriz='center', alignVert='center', antialias=True, autoLog=True, bold=False, color='white', colorSpace='named', contrast=1.0, depth=-9.0, flipHoriz=False, flipVert=False, font='Arial', fontFiles=[], height=0.03, italic=False, languageStyle='LTR', name='idle_9', opacity=1.0, ori=0, pos=array([0., 0.]), rgb=array([255., 255., 255.]), text='buffering .    ', units='height', win=Window(...), wrapWidth=1)
5.9928 	EXP 	Created idle_10 = TextStim(__class__=<class 'psychopy.visual.text.TextStim'>, alignHoriz='center', alignVert='center', antialias=True, autoLog=True, bold=False, color='white', colorSpace='named', contrast=1.0, depth=-10.0, flipHoriz=False, flipVert=False, font='Arial', fontFiles=[], height=0.03, italic=False, languageStyle='LTR', name='idle_10', opacity=1.0, ori=0, pos=array([0., 0.]), rgb=array([255., 255., 255.]), text='buffering . .  ', units='height', win=Window(...), wrapWidth=1)
5.9982 	EXP 	Created idle_11 = TextStim(__class__=<class 'psychopy.visual.text.TextStim'>, alignHoriz='center', alignVert='center', antialias=True, autoLog=True, bold=False, color='white', colorSpace='named', contrast=1.0, depth=-11.0, flipHoriz=False, flipVert=False, font='Arial', fontFiles=[], height=0.03, italic=False, languageStyle='LTR', name='idle_11', opacity=1.0, ori=0, pos=array([0., 0.]), rgb=array([255., 255., 255.]), text='buffering . . .', units='height', win=Window(...), wrapWidth=1)
6.0073 	EXP 	Created idle_12 = TextStim(__class__=<class 'psychopy.visual.text.TextStim'>, alignHoriz='center', alignVert='center', antialias=True, autoLog=True, bold=False, color='white', colorSpace='named', contrast=1.0, depth=-12.0, flipHoriz=False, flipVert=False, font='Arial', fontFiles=[], height=0.03, italic=False, languageStyle='LTR', name='idle_12', opacity=1.0, ori=0, pos=array([0., 0.]), rgb=array([255., 255., 255.]), text='run /serv/234_1/sd connect', units='height', win=Window(...), wrapWidth=1)
6.0089 	EXP 	Created cB_6 = Rect(__class__=<class 'psychopy.visual.rect.Rect'>, autoDraw=False, autoLog=True, closeShape=True, color=method-wrapper(...), colorSpace=None, contrast=1.0, depth=0.0, fillColor=array([-1., -1., -1.]), fillColorSpace='rgb', fillRGB=array([-1., -1., -1.]), interpolate=True, lineColor=array([1., 1., 1.]), lineColorSpace='rgb', lineRGB=array([1., 1., 1.]), lineWidth=1, name='cB_6', opacity=1.0, ori=array(0.), pos=array([0., 0.]), size=array([1., 1.]), units='height', vertices=ndarray(...), win=Window(...))
6.0406 	EXP 	Created sBInstructions = TextStim(__class__=<class 'psychopy.visual.text.TextStim'>, alignHoriz='center', alignVert='center', antialias=True, autoLog=True, bold=False, color='white', colorSpace='named', contrast=1.0, depth=-1.0, flipHoriz=False, flipVert=False, font='Arial', fontFiles=[], height=0.03, italic=False, languageStyle='LTR', name='sBInstructions', opacity=1.0, ori=0, pos=array([0., 0.]), rgb=array([255., 255., 255.]), text=str(...), units='height', win=Window(...), wrapWidth=1)
6.0421 	EXP 	Created cB_8 = Rect(__class__=<class 'psychopy.visual.rect.Rect'>, autoDraw=False, autoLog=True, closeShape=True, color=method-wrapper(...), colorSpace=None, contrast=1.0, depth=0.0, fillColor=array([-1., -1., -1.]), fillColorSpace='rgb', fillRGB=array([-1., -1., -1.]), interpolate=True, lineColor=array([1., 1., 1.]), lineColorSpace='rgb', lineRGB=array([1., 1., 1.]), lineWidth=1, name='cB_8', opacity=1.0, ori=array(0.), pos=array([0., 0.]), size=array([1., 1.]), units='height', vertices=ndarray(...), win=Window(...))
6.0576 	EXP 	Created text = TextStim(__class__=<class 'psychopy.visual.text.TextStim'>, alignHoriz='center', alignVert='center', antialias=True, autoLog=True, bold=False, color='white', colorSpace='named', contrast=1.0, depth=-1.0, flipHoriz=False, flipVert=False, font='Arial', fontFiles=[], height=0.05, italic=False, languageStyle='LTR', name='text', opacity=1.0, ori=0, pos=array([0., 0.]), rgb=array([255., 255., 255.]), text='default text', units='height', win=Window(...), wrapWidth=1)
6.0637 	EXP 	Created imagesbRnd = ImageStim(__class__=<class 'psychopy.visual.image.ImageStim'>, autoLog=True, color=array([1., 1., 1.]), colorSpace='rgb', contrast=1.0, depth=-2.0, flipHoriz=False, flipVert=False, image='sin', interpolate=True, mask=None, maskParams=None, name='imagesbRnd', opacity=1.0, ori=0.0, pos=array([0.  , 0.25]), size=array([0.2, 0.2]), texRes=128, units='height', win=Window(...))
6.1280 	EXP 	Created Slider = RatingScale(__class__=type(...), acceptKeys=['return'], acceptPreText=UNKNOWN, acceptSize=UNKNOWN, acceptText='accept?', autoLog=True, choices=list(...), depth=0, disappear=False, flipVert=False, high=10, kwargs=UNKNOWN, labels=list(...), leftKeys=['left'], lineColor='White', low=0, marker=ShapeStim(...), markerColor='DarkBlue', markerExpansion=UNKNOWN, markerStart=5.0, maxTime=0.0, minTime=0.4, mouseOnly=False, name='Slider', noMouse=False, pos=[0.0, -0.4], precision=1, respKeys=[], rightKeys=['right'], scale='<default>', self=UNKNOWN, showAccept=True, showValue=True, singleClick=False, size=0.6, skipKeys=['tab'], stretch=1.0, textColor='LightGray', textFont='Helvetica Bold', textSize=0.12, tickHeight=-1, tickMarks=10.0, win=Window(...))
6.1297 	EXP 	Created cB_9 = Rect(__class__=<class 'psychopy.visual.rect.Rect'>, autoDraw=False, autoLog=True, closeShape=True, color=method-wrapper(...), colorSpace=None, contrast=1.0, depth=0.0, fillColor=array([-1., -1., -1.]), fillColorSpace='rgb', fillRGB=array([-1., -1., -1.]), interpolate=True, lineColor=array([1., 1., 1.]), lineColorSpace='rgb', lineRGB=array([1., 1., 1.]), lineWidth=1, name='cB_9', opacity=1.0, ori=array(0.), pos=array([0., 0.]), size=array([1., 1.]), units='height', vertices=ndarray(...), win=Window(...))
6.1312 	EXP 	Created cbFb = Rect(__class__=<class 'psychopy.visual.rect.Rect'>, autoDraw=False, autoLog=True, closeShape=True, color=method-wrapper(...), colorSpace=None, contrast=1.0, depth=-1.0, fillColor=array([-1., -1., -1.]), fillColorSpace='rgb', fillRGB=array([-1., -1., -1.]), interpolate=True, lineColor=array([1., 1., 1.]), lineColorSpace='rgb', lineRGB=array([1., 1., 1.]), lineWidth=1, name='cbFb', opacity=1.0, ori=array(0.), pos=array([0., 0.]), size=array([1., 1.]), units='height', vertices=ndarray(...), win=Window(...))
6.1379 	EXP 	Created textFb = TextStim(__class__=<class 'psychopy.visual.text.TextStim'>, alignHoriz='center', alignVert='center', antialias=True, autoLog=True, bold=False, color='white', colorSpace='named', contrast=1.0, depth=-2.0, flipHoriz=False, flipVert=False, font='Arial', fontFiles=[], height=0.03, italic=False, languageStyle='LTR', name='textFb', opacity=1.0, ori=0, pos=array([0., 0.]), rgb=array([255., 255., 255.]), text='default text', units='height', win=Window(...), wrapWidth=1)
6.1394 	EXP 	Created cbBuf = Rect(__class__=<class 'psychopy.visual.rect.Rect'>, autoDraw=False, autoLog=True, closeShape=True, color=method-wrapper(...), colorSpace=None, contrast=1.0, depth=0.0, fillColor=array([-1., -1., -1.]), fillColorSpace='rgb', fillRGB=array([-1., -1., -1.]), interpolate=True, lineColor=array([1., 1., 1.]), lineColorSpace='rgb', lineRGB=array([1., 1., 1.]), lineWidth=1, name='cbBuf', opacity=1.0, ori=array(0.), pos=array([0., 0.]), size=array([1., 1.]), units='height', vertices=ndarray(...), win=Window(...))
6.1412 	EXP 	Created fixCross = ShapeStim(__class__=<class 'psychopy.visual.shape.ShapeStim'>, autoDraw=False, autoLog=True, closeShape=True, contrast=1.0, depth=-1.0, fillColor=array([1., 1., 1.]), fillColorSpace='rgb', interpolate=True, lineColor=array([1., 1., 1.]), lineColorSpace='rgb', lineWidth=1, name='fixCross', opacity=1.0, ori=array(0.), pos=array([0., 0.]), size=array([0.1, 0.1]), units='height', vertices=ndarray(...), win=Window(...), windingRule=None)
6.1427 	EXP 	Created cB_11 = Rect(__class__=<class 'psychopy.visual.rect.Rect'>, autoDraw=False, autoLog=True, closeShape=True, color=method-wrapper(...), colorSpace=None, contrast=1.0, depth=0.0, fillColor=array([-1., -1., -1.]), fillColorSpace='rgb', fillRGB=array([-1., -1., -1.]), interpolate=True, lineColor=array([1., 1., 1.]), lineColorSpace='rgb', lineRGB=array([1., 1., 1.]), lineWidth=1, name='cB_11', opacity=1.0, ori=array(0.), pos=array([0., 0.]), size=array([1., 1.]), units='height', vertices=ndarray(...), win=Window(...))
6.1624 	EXP 	Created rating = RatingScale(__class__=type(...), acceptKeys=['return'], acceptPreText=UNKNOWN, acceptSize=UNKNOWN, acceptText='accept?', autoLog=True, choices=False, depth=0, disappear=False, flipVert=False, high=7, kwargs=UNKNOWN, labels=list(...), leftKeys=['left'], lineColor='White', low=1, marker=ShapeStim(...), markerColor='DarkBlue', markerExpansion=UNKNOWN, markerStart=None, maxTime=0.0, minTime=0.4, mouseOnly=False, name='rating', noMouse=False, pos=[0.0, -0.4], precision=1, respKeys=['1', '2', '3', '4', '5', '6', '7'], rightKeys=['right'], scale='', self=UNKNOWN, showAccept=True, showValue=True, singleClick=False, size=0.6, skipKeys=['tab'], stretch=1.0, textColor='LightGray', textFont='Helvetica Bold', textSize=0.12, tickHeight=1.0, tickMarks=6.0, win=Window(...))
6.1639 	EXP 	Created cB_8 = Rect(__class__=<class 'psychopy.visual.rect.Rect'>, autoDraw=False, autoLog=True, closeShape=True, color=method-wrapper(...), colorSpace=None, contrast=1.0, depth=0.0, fillColor=array([-1., -1., -1.]), fillColorSpace='rgb', fillRGB=array([-1., -1., -1.]), interpolate=True, lineColor=array([1., 1., 1.]), lineColorSpace='rgb', lineRGB=array([1., 1., 1.]), lineWidth=1, name='cB_8', opacity=1.0, ori=array(0.), pos=array([0., 0.]), size=array([1., 1.]), units='height', vertices=ndarray(...), win=Window(...))
6.1696 	EXP 	Created text = TextStim(__class__=<class 'psychopy.visual.text.TextStim'>, alignHoriz='center', alignVert='center', antialias=True, autoLog=True, bold=False, color='white', colorSpace='named', contrast=1.0, depth=-1.0, flipHoriz=False, flipVert=False, font='Arial', fontFiles=[], height=0.05, italic=False, languageStyle='LTR', name='text', opacity=1.0, ori=0, pos=array([0., 0.]), rgb=array([255., 255., 255.]), text='default text', units='height', win=Window(...), wrapWidth=1)
6.1719 	EXP 	Created imagesbRnd = ImageStim(__class__=<class 'psychopy.visual.image.ImageStim'>, autoLog=True, color=array([1., 1., 1.]), colorSpace='rgb', contrast=1.0, depth=-2.0, flipHoriz=False, flipVert=False, image='sin', interpolate=True, mask=None, maskParams=None, name='imagesbRnd', opacity=1.0, ori=0.0, pos=array([0.  , 0.25]), size=array([0.2, 0.2]), texRes=128, units='height', win=Window(...))
6.2082 	EXP 	Created Slider = RatingScale(__class__=type(...), acceptKeys=['return'], acceptPreText=UNKNOWN, acceptSize=UNKNOWN, acceptText='accept?', autoLog=True, choices=list(...), depth=0, disappear=False, flipVert=False, high=10, kwargs=UNKNOWN, labels=list(...), leftKeys=['left'], lineColor='White', low=0, marker=ShapeStim(...), markerColor='DarkBlue', markerExpansion=UNKNOWN, markerStart=5.0, maxTime=0.0, minTime=0.4, mouseOnly=False, name='Slider', noMouse=False, pos=[0.0, -0.4], precision=1, respKeys=[], rightKeys=['right'], scale='<default>', self=UNKNOWN, showAccept=True, showValue=True, singleClick=False, size=0.6, skipKeys=['tab'], stretch=1.0, textColor='LightGray', textFont='Helvetica Bold', textSize=0.12, tickHeight=-1, tickMarks=10.0, win=Window(...))
6.2098 	EXP 	Created cB_9 = Rect(__class__=<class 'psychopy.visual.rect.Rect'>, autoDraw=False, autoLog=True, closeShape=True, color=method-wrapper(...), colorSpace=None, contrast=1.0, depth=0.0, fillColor=array([-1., -1., -1.]), fillColorSpace='rgb', fillRGB=array([-1., -1., -1.]), interpolate=True, lineColor=array([1., 1., 1.]), lineColorSpace='rgb', lineRGB=array([1., 1., 1.]), lineWidth=1, name='cB_9', opacity=1.0, ori=array(0.), pos=array([0., 0.]), size=array([1., 1.]), units='height', vertices=ndarray(...), win=Window(...))
6.2113 	EXP 	Created cbFb = Rect(__class__=<class 'psychopy.visual.rect.Rect'>, autoDraw=False, autoLog=True, closeShape=True, color=method-wrapper(...), colorSpace=None, contrast=1.0, depth=-1.0, fillColor=array([-1., -1., -1.]), fillColorSpace='rgb', fillRGB=array([-1., -1., -1.]), interpolate=True, lineColor=array([1., 1., 1.]), lineColorSpace='rgb', lineRGB=array([1., 1., 1.]), lineWidth=1, name='cbFb', opacity=1.0, ori=array(0.), pos=array([0., 0.]), size=array([1., 1.]), units='height', vertices=ndarray(...), win=Window(...))
6.2167 	EXP 	Created textFb = TextStim(__class__=<class 'psychopy.visual.text.TextStim'>, alignHoriz='center', alignVert='center', antialias=True, autoLog=True, bold=False, color='white', colorSpace='named', contrast=1.0, depth=-2.0, flipHoriz=False, flipVert=False, font='Arial', fontFiles=[], height=0.03, italic=False, languageStyle='LTR', name='textFb', opacity=1.0, ori=0, pos=array([0., 0.]), rgb=array([255., 255., 255.]), text='default text', units='height', win=Window(...), wrapWidth=1)
6.2183 	EXP 	Created cbBuf = Rect(__class__=<class 'psychopy.visual.rect.Rect'>, autoDraw=False, autoLog=True, closeShape=True, color=method-wrapper(...), colorSpace=None, contrast=1.0, depth=0.0, fillColor=array([-1., -1., -1.]), fillColorSpace='rgb', fillRGB=array([-1., -1., -1.]), interpolate=True, lineColor=array([1., 1., 1.]), lineColorSpace='rgb', lineRGB=array([1., 1., 1.]), lineWidth=1, name='cbBuf', opacity=1.0, ori=array(0.), pos=array([0., 0.]), size=array([1., 1.]), units='height', vertices=ndarray(...), win=Window(...))
6.2199 	EXP 	Created fixCross = ShapeStim(__class__=<class 'psychopy.visual.shape.ShapeStim'>, autoDraw=False, autoLog=True, closeShape=True, contrast=1.0, depth=-1.0, fillColor=array([1., 1., 1.]), fillColorSpace='rgb', interpolate=True, lineColor=array([1., 1., 1.]), lineColorSpace='rgb', lineWidth=1, name='fixCross', opacity=1.0, ori=array(0.), pos=array([0., 0.]), size=array([0.1, 0.1]), units='height', vertices=ndarray(...), win=Window(...), windingRule=None)
6.2214 	EXP 	Created cB_10 = Rect(__class__=<class 'psychopy.visual.rect.Rect'>, autoDraw=False, autoLog=True, closeShape=True, color=method-wrapper(...), colorSpace=None, contrast=1.0, depth=0.0, fillColor=array([-1., -1., -1.]), fillColorSpace='rgb', fillRGB=array([-1., -1., -1.]), interpolate=True, lineColor=array([1., 1., 1.]), lineColorSpace='rgb', lineRGB=array([1., 1., 1.]), lineWidth=1, name='cB_10', opacity=1.0, ori=array(0.), pos=array([0., 0.]), size=array([1., 1.]), units='height', vertices=ndarray(...), win=Window(...))
6.3036 	EXP 	Created sbEndText = TextStim(__class__=<class 'psychopy.visual.text.TextStim'>, alignHoriz='center', alignVert='center', antialias=True, autoLog=True, bold=False, color='white', colorSpace='named', contrast=1.0, depth=-1.0, flipHoriz=False, flipVert=False, font='Arial', fontFiles=[], height=0.1, italic=False, languageStyle='LTR', name='sbEndText', opacity=1.0, ori=0, pos=array([0., 0.]), rgb=array([255., 255., 255.]), text=str(...), units='height', win=Window(...), wrapWidth=1)
6.3283 	EXP 	Slider: flipVert = False
6.3283 	EXP 	Slider: autoLog = True
6.3283 	EXP 	rating: flipVert = False
6.3283 	EXP 	rating: autoLog = True
6.3283 	EXP 	Slider: flipVert = False
6.3283 	EXP 	Slider: autoLog = True
6.3283 	EXP 	cB_1: autoDraw = True
6.3283 	EXP 	textWelcome: autoDraw = True
6.7208 	DATA 	Keypress: 1
6.7375 	EXP 	cB_1: autoDraw = False
6.7375 	EXP 	textWelcome: autoDraw = False
6.7375 	EXP 	cB_2: autoDraw = True
6.7375 	EXP 	textInstructions: autoDraw = True
7.1301 	DATA 	Keypress: 1
7.1648 	EXP 	cB_2: autoDraw = False
7.1648 	EXP 	textInstructions: autoDraw = False
7.1648 	EXP 	cB_3: autoDraw = True
7.1648 	EXP 	textServer: autoDraw = True
7.5042 	DATA 	Keypress: 1
7.5048 	EXP 	Created sequence: random, trialTypes=1, nReps=1, seed=None
7.5050 	EXP 	New trial (rep=0, index=0): None
7.5207 	EXP 	cB_3: autoDraw = False
7.5207 	EXP 	textServer: autoDraw = False
7.5207 	EXP 	cB_4: autoDraw = True
7.5207 	EXP 	text_1: autoDraw = True
8.4988 	EXP 	text_2: autoDraw = True
8.5333 	EXP 	text_1: autoDraw = False
8.9920 	EXP 	text_3: autoDraw = True
9.0092 	EXP 	text_2: autoDraw = False
9.5023 	EXP 	text_3: autoDraw = False
9.5023 	EXP 	text_4: autoDraw = True
10.0142 	EXP 	text_4: autoDraw = False
10.0313 	EXP 	cB_4: autoDraw = False
10.0313 	EXP 	text_1: autoDraw = False
10.0313 	EXP 	text_2: autoDraw = False
10.0313 	EXP 	text_3: autoDraw = False
10.0313 	EXP 	text_4: autoDraw = False
10.0313 	EXP 	cB_5: autoDraw = True
10.1996 	EXP 	idle: autoDraw = True
10.5068 	EXP 	idle: autoDraw = False
10.5068 	EXP 	idle_2: autoDraw = True
10.7111 	EXP 	idle_2: autoDraw = False
10.7111 	EXP 	idle_3: autoDraw = True
10.8146 	EXP 	idle_3: autoDraw = False
10.8146 	EXP 	idle_4: autoDraw = True
10.9493 	EXP 	idle_4: autoDraw = False
10.9493 	EXP 	idle_5: autoDraw = True
11.1047 	EXP 	idle_5: autoDraw = False
11.1047 	EXP 	idle_6: autoDraw = True
11.2589 	EXP 	idle_6: autoDraw = False
11.2589 	EXP 	idle_7: autoDraw = True
11.3613 	EXP 	idle_7: autoDraw = False
11.3613 	EXP 	ilde_8: autoDraw = True
11.8558 	EXP 	ilde_8: autoDraw = False
11.8558 	EXP 	idle_9: autoDraw = True
12.3519 	EXP 	idle_10: autoDraw = True
12.3687 	EXP 	idle_9: autoDraw = False
12.8650 	EXP 	idle_10: autoDraw = False
12.8650 	EXP 	idle_11: autoDraw = True
13.3607 	EXP 	idle_12: autoDraw = True
13.3777 	EXP 	idle_11: autoDraw = False
13.5147 	EXP 	idle_12: autoDraw = False
14.0258 	EXP 	cB_5: autoDraw = False
14.0258 	EXP 	idle: autoDraw = False
14.0258 	EXP 	idle_2: autoDraw = False
14.0258 	EXP 	idle_3: autoDraw = False
14.0258 	EXP 	idle_4: autoDraw = False
14.0258 	EXP 	idle_5: autoDraw = False
14.0258 	EXP 	idle_6: autoDraw = False
14.0258 	EXP 	idle_7: autoDraw = False
14.0258 	EXP 	ilde_8: autoDraw = False
14.0258 	EXP 	idle_9: autoDraw = False
14.0258 	EXP 	idle_10: autoDraw = False
14.0258 	EXP 	idle_11: autoDraw = False
14.0258 	EXP 	idle_12: autoDraw = False
14.0258 	EXP 	cB_6: autoDraw = True
14.1980 	EXP 	sBInstructions: autoDraw = True
14.8099 	DATA 	Keypress: 1
14.8520 	EXP 	Imported contitions.xlsx as conditions, 19 conditions, 5 params
14.8523 	EXP 	Created sequence: random, trialTypes=19, nReps=2, seed=None
14.8527 	EXP 	New trial (rep=0, index=0): OrderedDict([('playerId', 'Paul'), ('avatarFile', 'images/avatar1.jpg'), ('choiceLabel', 'reciprocate'), ('actionLabel', 1), ('actionRound', 1)])
14.8739 	EXP 	Imported contitions.xlsx as conditions, 1 conditions, 5 params
14.8741 	EXP 	Created sequence: random, trialTypes=1, nReps=1, seed=None
14.8745 	EXP 	New trial (rep=0, index=0): OrderedDict([('playerId', 'Paul'), ('avatarFile', 'images/avatar1.jpg'), ('choiceLabel', 'reciprocate'), ('actionLabel', 1), ('actionRound', 1)])
14.9814 	EXP 	RatingScale Slider: reset()
15.0134 	EXP 	cB_6: autoDraw = False
15.0134 	EXP 	sBInstructions: autoDraw = False
15.0134 	EXP 	text: text = 'This round you are playing with Paul!'
15.0134 	EXP 	imagesbRnd: image = 'images/avatar1.jpg'
15.0134 	EXP 	cB_8: autoDraw = True
15.0134 	EXP 	text: autoDraw = True
15.0134 	EXP 	imagesbRnd: autoDraw = True
15.0134 	EXP 	Slider: autoDraw = True
15.8659 	DATA 	Keypress: left
16.0912 	DATA 	Keypress: return
16.0914 	DATA 	RatingScale Slider: (key response) rating=4
16.0914 	DATA 	RatingScale Slider: rating RT=1.109
16.0914 	DATA 	RatingScale Slider: history=[('5', 0.0), ('4', 0.887), ('4', 1.109)]
16.1212 	EXP 	cB_8: autoDraw = False
16.1212 	EXP 	text: autoDraw = False
16.1212 	EXP 	imagesbRnd: autoDraw = False
16.1212 	EXP 	Slider: autoDraw = False
16.1212 	EXP 	cB_9: autoDraw = True
16.6505 	EXP 	cB_9: autoDraw = False
16.6505 	EXP 	textFb: text = 'Paul has decided to reciprocate \nYou receive 4 credits'
16.6505 	EXP 	cbFb: autoDraw = True
16.6505 	EXP 	textFb: autoDraw = True
17.5711 	DATA 	Keypress: return
18.6286 	EXP 	cbFb: autoDraw = False
18.6286 	EXP 	textFb: autoDraw = False
18.6286 	EXP 	cbBuf: autoDraw = True
18.7969 	EXP 	fixCross: autoDraw = True
19.3090 	EXP 	fixCross: autoDraw = False
19.5290 	EXP 	Imported sliders.xlsx as conditions, 6 conditions, 6 params
19.5293 	EXP 	Created sequence: random, trialTypes=6, nReps=1, seed=None
19.5298 	EXP 	New trial (rep=0, index=0): OrderedDict([('sliderID', 5), ('sliderText', 'How do you feel?'), ('sliderLabels', 'negative, positive'), ('sliderMin', 1), ('sliderMax', 7), ('sliderChoices', '1,2,3,4,5,6,7')])
19.5886 	EXP 	Created rating = RatingScale(__class__=type(...), acceptKeys=['return'], acceptPreText=UNKNOWN, acceptSize=UNKNOWN, acceptText='accept?', autoLog=True, choices='1,2,3,4,5,6,7', depth=0, disappear=False, flipVert=False, high=12, kwargs=UNKNOWN, labels=list(...), leftKeys=['left'], lineColor='White', low=0, marker=ShapeStim(...), markerColor='DarkRed', markerExpansion=UNKNOWN, markerStart=4.0, maxTime=0.0, minTime=0.4, mouseOnly=False, name='rating', noMouse=False, pos=[0.0, -0.2], precision=1, respKeys=[], rightKeys=['right'], scale='How do you feel?', self=UNKNOWN, showAccept=True, showValue=True, singleClick=False, size=0.6, skipKeys=['tab'], stretch=1.0, textColor='LightGray', textFont='Helvetica Bold', textSize=0.12, tickHeight=-1, tickMarks=12.0, win=Window(...))
19.5895 	EXP 	RatingScale rating: reset()
19.6153 	EXP 	cbBuf: autoDraw = False
19.6153 	EXP 	fixCross: autoDraw = False
19.6153 	EXP 	rating: flipVert = False
19.6153 	EXP 	rating: autoLog = True
19.6153 	EXP 	cB_11: autoDraw = True
19.6153 	EXP 	rating: autoDraw = True
20.5184 	DATA 	Keypress: right
20.9130 	DATA 	Keypress: right
21.1333 	DATA 	Keypress: right
21.3206 	DATA 	Keypress: right
21.5123 	DATA 	Keypress: right
21.7819 	DATA 	Keypress: right
22.0214 	DATA 	Keypress: right
22.6585 	DATA 	Keypress: left
22.8287 	DATA 	Keypress: left
23.5625 	DATA 	Keypress: left
23.7832 	DATA 	Keypress: left
24.3783 	DATA 	Keypress: left
24.5884 	DATA 	Keypress: left
24.8188 	DATA 	Keypress: left
24.9936 	DATA 	Keypress: left
25.1487 	DATA 	Keypress: left
28.1279 	DATA 	Keypress: return
28.1322 	DATA 	RatingScale rating: (key response) rating=2
28.1322 	DATA 	RatingScale rating: rating RT=8.542
28.1322 	DATA 	RatingScale rating: history=[('3', 0.0), (',', 0.932), ('4', 1.327), (',', 1.547), ('5', 1.735), (',', 1.922), ('6', 2.196), (',', 2.436), ('6', 3.068), (',', 3.239), ('5', 3.972), (',', 4.193), ('4', 4.793), (',', 5.016), ('3', 5.233), (',', 5.404), ('2', 5.559), ('2', 8.542)]
28.1460 	EXP 	New trial (rep=0, index=1): OrderedDict([('sliderID', 3), ('sliderText', 'How much do you like Lukas?'), ('sliderLabels', 'not at all, very much'), ('sliderMin', 1), ('sliderMax', 7), ('sliderChoices', '1,2,3,4,5,6,7')])
28.2003 	EXP 	Created rating = RatingScale(__class__=type(...), acceptKeys=['return'], acceptPreText=UNKNOWN, acceptSize=UNKNOWN, acceptText='accept?', autoLog=True, choices='1,2,3,4,5,6,7', depth=0, disappear=False, flipVert=False, high=12, kwargs=UNKNOWN, labels=list(...), leftKeys=['left'], lineColor='White', low=0, marker=ShapeStim(...), markerColor='DarkRed', markerExpansion=UNKNOWN, markerStart=4.0, maxTime=0.0, minTime=0.4, mouseOnly=False, name='rating', noMouse=False, pos=[0.0, -0.2], precision=1, respKeys=[], rightKeys=['right'], scale='How much do you like Lukas?', self=UNKNOWN, showAccept=True, showValue=True, singleClick=False, size=0.6, skipKeys=['tab'], stretch=1.0, textColor='LightGray', textFont='Helvetica Bold', textSize=0.12, tickHeight=-1, tickMarks=12.0, win=Window(...))
28.2012 	EXP 	RatingScale rating: reset()
28.2278 	EXP 	cB_11: autoDraw = False
28.2278 	EXP 	rating: autoDraw = False
28.2278 	EXP 	rating: flipVert = False
28.2278 	EXP 	rating: autoLog = True
28.2278 	EXP 	cB_11: autoDraw = True
28.2278 	EXP 	rating: autoDraw = True
29.4195 	DATA 	Keypress: right
29.6425 	DATA 	Keypress: return
29.6468 	DATA 	RatingScale rating: (key response) rating=,
29.6469 	DATA 	RatingScale rating: rating RT=1.445
29.6469 	DATA 	RatingScale rating: history=[('3', 0.0), (',', 1.222), (',', 1.445)]
29.6604 	EXP 	New trial (rep=0, index=2): OrderedDict([('sliderID', 1), ('sliderText', 'How much do you like Paul?'), ('sliderLabels', 'not at all, very much'), ('sliderMin', 1), ('sliderMax', 7), ('sliderChoices', '1,2,3,4,5,6,7')])
29.7114 	EXP 	Created rating = RatingScale(__class__=type(...), acceptKeys=['return'], acceptPreText=UNKNOWN, acceptSize=UNKNOWN, acceptText='accept?', autoLog=True, choices='1,2,3,4,5,6,7', depth=0, disappear=False, flipVert=False, high=12, kwargs=UNKNOWN, labels=list(...), leftKeys=['left'], lineColor='White', low=0, marker=ShapeStim(...), markerColor='DarkRed', markerExpansion=UNKNOWN, markerStart=4.0, maxTime=0.0, minTime=0.4, mouseOnly=False, name='rating', noMouse=False, pos=[0.0, -0.2], precision=1, respKeys=[], rightKeys=['right'], scale='How much do you like Paul?', self=UNKNOWN, showAccept=True, showValue=True, singleClick=False, size=0.6, skipKeys=['tab'], stretch=1.0, textColor='LightGray', textFont='Helvetica Bold', textSize=0.12, tickHeight=-1, tickMarks=12.0, win=Window(...))
29.7123 	EXP 	RatingScale rating: reset()
29.7425 	EXP 	cB_11: autoDraw = False
29.7425 	EXP 	rating: autoDraw = False
29.7425 	EXP 	rating: flipVert = False
29.7425 	EXP 	rating: autoLog = True
29.7425 	EXP 	cB_11: autoDraw = True
29.7425 	EXP 	rating: autoDraw = True
30.2540 	DATA 	Keypress: right
30.5101 	DATA 	Keypress: return
30.5144 	DATA 	RatingScale rating: (key response) rating=,
30.5144 	DATA 	RatingScale rating: rating RT=0.802
30.5144 	DATA 	RatingScale rating: history=[('3', 0.0), (',', 0.545), (',', 0.802)]
30.5284 	EXP 	New trial (rep=0, index=3): OrderedDict([('sliderID', 4), ('sliderText', 'How much do you want to continue playing with Lukas?'), ('sliderLabels', 'not at all, very much'), ('sliderMin', 1), ('sliderMax', 7), ('sliderChoices', '1,2,3,4,5,6,7')])
30.5846 	EXP 	Created rating = RatingScale(__class__=type(...), acceptKeys=['return'], acceptPreText=UNKNOWN, acceptSize=UNKNOWN, acceptText='accept?', autoLog=True, choices='1,2,3,4,5,6,7', depth=0, disappear=False, flipVert=False, high=12, kwargs=UNKNOWN, labels=list(...), leftKeys=['left'], lineColor='White', low=0, marker=ShapeStim(...), markerColor='DarkRed', markerExpansion=UNKNOWN, markerStart=4.0, maxTime=0.0, minTime=0.4, mouseOnly=False, name='rating', noMouse=False, pos=[0.0, -0.2], precision=1, respKeys=[], rightKeys=['right'], scale=str(...), self=UNKNOWN, showAccept=True, showValue=True, singleClick=False, size=0.6, skipKeys=['tab'], stretch=1.0, textColor='LightGray', textFont='Helvetica Bold', textSize=0.12, tickHeight=-1, tickMarks=12.0, win=Window(...))
30.5855 	EXP 	RatingScale rating: reset()
30.6102 	EXP 	cB_11: autoDraw = False
30.6102 	EXP 	rating: autoDraw = False
30.6102 	EXP 	rating: flipVert = False
30.6102 	EXP 	rating: autoLog = True
30.6102 	EXP 	cB_11: autoDraw = True
30.6102 	EXP 	rating: autoDraw = True
31.3769 	DATA 	Keypress: right
31.6673 	DATA 	Keypress: return
31.6719 	DATA 	RatingScale rating: (key response) rating=,
31.6720 	DATA 	RatingScale rating: rating RT=1.086
31.6720 	DATA 	RatingScale rating: history=[('3', 0.0), (',', 0.794), (',', 1.086)]
31.6849 	EXP 	New trial (rep=0, index=4): OrderedDict([('sliderID', 2), ('sliderText', 'How much do you want to continue playing with Paul?'), ('sliderLabels', 'not at all, very much'), ('sliderMin', 1), ('sliderMax', 7), ('sliderChoices', '1,2,3,4,5,6,7')])
31.7358 	EXP 	Created rating = RatingScale(__class__=type(...), acceptKeys=['return'], acceptPreText=UNKNOWN, acceptSize=UNKNOWN, acceptText='accept?', autoLog=True, choices='1,2,3,4,5,6,7', depth=0, disappear=False, flipVert=False, high=12, kwargs=UNKNOWN, labels=list(...), leftKeys=['left'], lineColor='White', low=0, marker=ShapeStim(...), markerColor='DarkRed', markerExpansion=UNKNOWN, markerStart=4.0, maxTime=0.0, minTime=0.4, mouseOnly=False, name='rating', noMouse=False, pos=[0.0, -0.2], precision=1, respKeys=[], rightKeys=['right'], scale=str(...), self=UNKNOWN, showAccept=True, showValue=True, singleClick=False, size=0.6, skipKeys=['tab'], stretch=1.0, textColor='LightGray', textFont='Helvetica Bold', textSize=0.12, tickHeight=-1, tickMarks=12.0, win=Window(...))
31.7367 	EXP 	RatingScale rating: reset()
31.7688 	EXP 	cB_11: autoDraw = False
31.7688 	EXP 	rating: autoDraw = False
31.7688 	EXP 	rating: flipVert = False
31.7688 	EXP 	rating: autoLog = True
31.7688 	EXP 	cB_11: autoDraw = True
31.7688 	EXP 	rating: autoDraw = True
32.1809 	DATA 	Keypress: right
32.4151 	DATA 	Keypress: right
32.6721 	DATA 	Keypress: return
32.6765 	DATA 	RatingScale rating: (key response) rating=4
32.6765 	DATA 	RatingScale rating: rating RT=0.939
32.6766 	DATA 	RatingScale rating: history=[('3', 0.0), (',', 0.444), ('4', 0.682), ('4', 0.939)]
32.6894 	EXP 	New trial (rep=0, index=5): OrderedDict([('sliderID', 6), ('sliderText', 'How activated are you right now?'), ('sliderLabels', 'low, high'), ('sliderMin', 1), ('sliderMax', 7), ('sliderChoices', '1,2,3,4,5,6,7')])
32.7385 	EXP 	Created rating = RatingScale(__class__=type(...), acceptKeys=['return'], acceptPreText=UNKNOWN, acceptSize=UNKNOWN, acceptText='accept?', autoLog=True, choices='1,2,3,4,5,6,7', depth=0, disappear=False, flipVert=False, high=12, kwargs=UNKNOWN, labels=list(...), leftKeys=['left'], lineColor='White', low=0, marker=ShapeStim(...), markerColor='DarkRed', markerExpansion=UNKNOWN, markerStart=4.0, maxTime=0.0, minTime=0.4, mouseOnly=False, name='rating', noMouse=False, pos=[0.0, -0.2], precision=1, respKeys=[], rightKeys=['right'], scale='How activated are you right now?', self=UNKNOWN, showAccept=True, showValue=True, singleClick=False, size=0.6, skipKeys=['tab'], stretch=1.0, textColor='LightGray', textFont='Helvetica Bold', textSize=0.12, tickHeight=-1, tickMarks=12.0, win=Window(...))
32.7394 	EXP 	RatingScale rating: reset()
32.7604 	EXP 	cB_11: autoDraw = False
32.7604 	EXP 	rating: autoDraw = False
32.7604 	EXP 	rating: flipVert = False
32.7604 	EXP 	rating: autoLog = True
32.7604 	EXP 	cB_11: autoDraw = True
32.7604 	EXP 	rating: autoDraw = True
33.2161 	DATA 	Keypress: right
33.4043 	DATA 	Keypress: right
33.5965 	DATA 	Keypress: right
34.0076 	DATA 	Keypress: return
34.0078 	DATA 	RatingScale rating: (key response) rating=,
34.0078 	DATA 	RatingScale rating: rating RT=1.268
34.0078 	DATA 	RatingScale rating: history=[('3', 0.0), (',', 0.48), ('4', 0.669), (',', 0.861), (',', 1.268)]
34.0211 	EXP 	New trial (rep=0, index=1): OrderedDict([('playerId', 'Paul'), ('avatarFile', 'images/avatar1.jpg'), ('choiceLabel', 'reciprocate'), ('actionLabel', 1), ('actionRound', 1)])
34.0461 	EXP 	Imported contitions.xlsx as conditions, 1 conditions, 5 params
34.0463 	EXP 	Created sequence: random, trialTypes=1, nReps=1, seed=None
34.0467 	EXP 	New trial (rep=0, index=0): OrderedDict([('playerId', 'Paul'), ('avatarFile', 'images/avatar1.jpg'), ('choiceLabel', 'reciprocate'), ('actionLabel', 1), ('actionRound', 1)])
34.1172 	EXP 	RatingScale Slider: reset()
34.1390 	EXP 	cB_11: autoDraw = False
34.1390 	EXP 	rating: autoDraw = False
34.1390 	EXP 	text: text = 'This round you are playing with Paul!'
34.1390 	EXP 	imagesbRnd: image = 'images/avatar1.jpg'
34.1390 	EXP 	cB_8: autoDraw = True
34.1390 	EXP 	text: autoDraw = True
34.1390 	EXP 	imagesbRnd: autoDraw = True
34.1390 	EXP 	Slider: autoDraw = True
36.3201 	DATA 	Keypress: escape
36.5186 	EXP 	window1: mouseVisible = True
