2.6395 	WARNING 	Import Error: No module named 'psychtoolbox'. Using event module for keyboard component.
3.9585 	WARNING 	User requested fullscreen with size [1024  768], but screen is actually [1680, 1050]. Using actual size
4.9387 	EXP 	Created window1 = Window(allowGUI=True, allowStencil=False, args=UNKNOWN, autoLog=True, bitsMode=UNKNOWN, blendMode='avg', color=array([0., 0., 0.]), colorSpace='rgb', fullscr=<method-wrapper '__getattribute__' of attributeSetter object at 0x0B0DA170>, gamma=None, gammaErrorPolicy='raise', kwargs=UNKNOWN, lms=UNKNOWN, monitor=<psychopy.monitors.calibTools.Monitor object at 0x0AEF5E50>, multiSample=False, name='window1', numSamples=2, pos=[0.0, 0.0], screen=0, size=array([1680, 1050]), stereo=False, units='height', useFBO=True, useRetina=False, viewOri=0.0, viewPos=None, viewScale=None, waitBlanking=True, winType='pyglet')
4.9387 	EXP 	window1: recordFrameIntervals = False
5.1099 	EXP 	window1: recordFrameIntervals = True
5.2995 	EXP 	window1: recordFrameIntervals = False
5.3023 	EXP 	Created cB_1 = Rect(__class__=<class 'psychopy.visual.rect.Rect'>, autoDraw=False, autoLog=True, closeShape=True, color=method-wrapper(...), colorSpace=None, contrast=1.0, depth=-1.0, fillColor=array([-1., -1., -1.]), fillColorSpace='rgb', fillRGB=array([-1., -1., -1.]), interpolate=True, lineColor=array([1., 1., 1.]), lineColorSpace='rgb', lineRGB=array([1., 1., 1.]), lineWidth=1, name='cB_1', opacity=1.0, ori=array(0.), pos=array([0., 0.]), size=array([1., 1.]), units='height', vertices=ndarray(...), win=Window(...))
5.4516 	EXP 	Created textWelcome = TextStim(__class__=<class 'psychopy.visual.text.TextStim'>, alignHoriz='center', alignVert='center', antialias=True, autoLog=True, bold=False, color='white', colorSpace='named', contrast=1.0, depth=-2.0, flipHoriz=False, flipVert=False, font='Arial', fontFiles=[], height=0.03, italic=False, languageStyle='LTR', name='textWelcome', opacity=1.0, ori=0, pos=array([0., 0.]), rgb=array([255., 255., 255.]), text=str(...), units='height', win=Window(...), wrapWidth=1)
5.4531 	EXP 	Created cB_2 = Rect(__class__=<class 'psychopy.visual.rect.Rect'>, autoDraw=False, autoLog=True, closeShape=True, color=method-wrapper(...), colorSpace=None, contrast=1.0, depth=-1.0, fillColor=array([-1., -1., -1.]), fillColorSpace='rgb', fillRGB=array([-1., -1., -1.]), interpolate=True, lineColor=array([1., 1., 1.]), lineColorSpace='rgb', lineRGB=array([1., 1., 1.]), lineWidth=1, name='cB_2', opacity=1.0, ori=array(0.), pos=array([0., 0.]), size=array([1., 1.]), units='height', vertices=ndarray(...), win=Window(...))
5.5412 	EXP 	Created textInstructions = TextStim(__class__=<class 'psychopy.visual.text.TextStim'>, alignHoriz='center', alignVert='center', antialias=True, autoLog=True, bold=False, color='white', colorSpace='named', contrast=1.0, depth=-2.0, flipHoriz=False, flipVert=False, font='Arial', fontFiles=[], height=0.03, italic=False, languageStyle='LTR', name='textInstructions', opacity=1.0, ori=0, pos=array([0., 0.]), rgb=array([255., 255., 255.]), text=str(...), units='height', win=Window(...), wrapWidth=1)
5.5428 	EXP 	Created cB_12 = Rect(__class__=<class 'psychopy.visual.rect.Rect'>, autoDraw=False, autoLog=True, closeShape=True, color=method-wrapper(...), colorSpace=None, contrast=1.0, depth=0.0, fillColor=array([-1., -1., -1.]), fillColorSpace='rgb', fillRGB=array([-1., -1., -1.]), interpolate=True, lineColor=array([1., 1., 1.]), lineColorSpace='rgb', lineRGB=array([1., 1., 1.]), lineWidth=1, name='cB_12', opacity=1.0, ori=array(0.), pos=array([0., 0.]), size=array([1., 1.]), units='height', vertices=ndarray(...), win=Window(...))
5.6600 	EXP 	Created textInstructions_2 = TextStim(__class__=<class 'psychopy.visual.text.TextStim'>, alignHoriz='center', alignVert='center', antialias=True, autoLog=True, bold=False, color='white', colorSpace='named', contrast=1.0, depth=-1.0, flipHoriz=False, flipVert=False, font='Arial', fontFiles=[], height=0.03, italic=False, languageStyle='LTR', name='textInstructions_2', opacity=1.0, ori=0, pos=array([0., 0.]), rgb=array([255., 255., 255.]), text=str(...), units='height', win=Window(...), wrapWidth=1)
5.6616 	EXP 	Created cB = Rect(__class__=<class 'psychopy.visual.rect.Rect'>, autoDraw=False, autoLog=True, closeShape=True, color=method-wrapper(...), colorSpace=None, contrast=1.0, depth=0.0, fillColor=array([-1., -1., -1.]), fillColorSpace='rgb', fillRGB=array([-1., -1., -1.]), interpolate=True, lineColor=array([1., 1., 1.]), lineColorSpace='rgb', lineRGB=array([1., 1., 1.]), lineWidth=1, name='cB', opacity=1.0, ori=array(0.), pos=array([0., 0.]), size=array([1., 1.]), units='height', vertices=ndarray(...), win=Window(...))
5.7094 	EXP 	Created displayText = TextStim(__class__=<class 'psychopy.visual.text.TextStim'>, alignHoriz='center', alignVert='center', antialias=True, autoLog=True, bold=False, color='white', colorSpace='named', contrast=1.0, depth=-2.0, flipHoriz=False, flipVert=False, font='Arial', fontFiles=[], height=0.04, italic=False, languageStyle='LTR', name='displayText', opacity=1.0, ori=0, pos=array([0. , 0.1]), rgb=array([255., 255., 255.]), text=str(...), units='height', win=Window(...), wrapWidth=1)
5.7106 	EXP 	Created copyText = TextStim(__class__=<class 'psychopy.visual.text.TextStim'>, alignHoriz='center', alignVert='center', antialias=True, autoLog=True, bold=False, color='white', colorSpace='named', contrast=1.0, depth=-3.0, flipHoriz=False, flipVert=False, font='Arial', fontFiles=[], height=0.05, italic=False, languageStyle='LTR', name='copyText', opacity=1.0, ori=0, pos=array([ 0. , -0.1]), rgb=array([255., 255., 255.]), text='', units='height', win=Window(...), wrapWidth=1)
5.7121 	EXP 	Created cB_3 = Rect(__class__=<class 'psychopy.visual.rect.Rect'>, autoDraw=False, autoLog=True, closeShape=True, color=method-wrapper(...), colorSpace=None, contrast=1.0, depth=-1.0, fillColor=array([-1., -1., -1.]), fillColorSpace='rgb', fillRGB=array([-1., -1., -1.]), interpolate=True, lineColor=array([1., 1., 1.]), lineColorSpace='rgb', lineRGB=array([1., 1., 1.]), lineWidth=1, name='cB_3', opacity=1.0, ori=array(0.), pos=array([0., 0.]), size=array([1., 1.]), units='height', vertices=ndarray(...), win=Window(...))
5.7449 	EXP 	Created textServer = TextStim(__class__=<class 'psychopy.visual.text.TextStim'>, alignHoriz='center', alignVert='center', antialias=True, autoLog=True, bold=False, color='white', colorSpace='named', contrast=1.0, depth=-2.0, flipHoriz=False, flipVert=False, font='Arial', fontFiles=[], height=0.03, italic=False, languageStyle='LTR', name='textServer', opacity=1.0, ori=0, pos=array([0., 0.]), rgb=array([255., 255., 255.]), text=str(...), units='height', win=Window(...), wrapWidth=1)
5.7464 	EXP 	Created cB_4 = Rect(__class__=<class 'psychopy.visual.rect.Rect'>, autoDraw=False, autoLog=True, closeShape=True, color=method-wrapper(...), colorSpace=None, contrast=1.0, depth=0.0, fillColor=array([-1., -1., -1.]), fillColorSpace='rgb', fillRGB=array([-1., -1., -1.]), interpolate=True, lineColor=array([1., 1., 1.]), lineColorSpace='rgb', lineRGB=array([1., 1., 1.]), lineWidth=1, name='cB_4', opacity=1.0, ori=array(0.), pos=array([0., 0.]), size=array([1., 1.]), units='height', vertices=ndarray(...), win=Window(...))
5.7517 	EXP 	Created text_1 = TextStim(__class__=<class 'psychopy.visual.text.TextStim'>, alignHoriz='center', alignVert='center', antialias=True, autoLog=True, bold=False, color='white', colorSpace='named', contrast=1.0, depth=-1.0, flipHoriz=False, flipVert=False, font='Arial', fontFiles=[], height=0.03, italic=False, languageStyle='LTR', name='text_1', opacity=1.0, ori=0, pos=array([0., 0.]), rgb=array([255., 255., 255.]), text='connecting      ', units='height', win=Window(...), wrapWidth=1)
5.7570 	EXP 	Created text_2 = TextStim(__class__=<class 'psychopy.visual.text.TextStim'>, alignHoriz='center', alignVert='center', antialias=True, autoLog=True, bold=False, color='white', colorSpace='named', contrast=1.0, depth=-2.0, flipHoriz=False, flipVert=False, font='Arial', fontFiles=[], height=0.03, italic=False, languageStyle='LTR', name='text_2', opacity=1.0, ori=0, pos=array([0., 0.]), rgb=array([255., 255., 255.]), text='connecting .    ', units='height', win=Window(...), wrapWidth=1)
5.7620 	EXP 	Created text_3 = TextStim(__class__=<class 'psychopy.visual.text.TextStim'>, alignHoriz='center', alignVert='center', antialias=True, autoLog=True, bold=False, color='white', colorSpace='named', contrast=1.0, depth=-3.0, flipHoriz=False, flipVert=False, font='Arial', fontFiles=[], height=0.03, italic=False, languageStyle='LTR', name='text_3', opacity=1.0, ori=0, pos=array([0., 0.]), rgb=array([255., 255., 255.]), text='connecting . .  ', units='height', win=Window(...), wrapWidth=1)
5.7680 	EXP 	Created text_4 = TextStim(__class__=<class 'psychopy.visual.text.TextStim'>, alignHoriz='center', alignVert='center', antialias=True, autoLog=True, bold=False, color='white', colorSpace='named', contrast=1.0, depth=-4.0, flipHoriz=False, flipVert=False, font='Arial', fontFiles=[], height=0.03, italic=False, languageStyle='LTR', name='text_4', opacity=1.0, ori=0, pos=array([0., 0.]), rgb=array([255., 255., 255.]), text='connecting . . .', units='height', win=Window(...), wrapWidth=1)
5.7694 	EXP 	Created cB_5 = Rect(__class__=<class 'psychopy.visual.rect.Rect'>, autoDraw=False, autoLog=True, closeShape=True, color=method-wrapper(...), colorSpace=None, contrast=1.0, depth=0.0, fillColor=array([-1., -1., -1.]), fillColorSpace='rgb', fillRGB=array([-1., -1., -1.]), interpolate=True, lineColor=array([1., 1., 1.]), lineColorSpace='rgb', lineRGB=array([1., 1., 1.]), lineWidth=1, name='cB_5', opacity=1.0, ori=array(0.), pos=array([0., 0.]), size=array([1., 1.]), units='height', vertices=ndarray(...), win=Window(...))
5.7732 	EXP 	Created idle = TextStim(__class__=<class 'psychopy.visual.text.TextStim'>, alignHoriz='center', alignVert='center', antialias=True, autoLog=True, bold=False, color='white', colorSpace='named', contrast=1.0, depth=-1.0, flipHoriz=False, flipVert=False, font='Arial', fontFiles=[], height=0.03, italic=False, languageStyle='LTR', name='idle', opacity=1.0, ori=0, pos=array([0., 0.]), rgb=array([255., 255., 255.]), text='found', units='height', win=Window(...), wrapWidth=1)
5.7781 	EXP 	Created idle_2 = TextStim(__class__=<class 'psychopy.visual.text.TextStim'>, alignHoriz='center', alignVert='center', antialias=True, autoLog=True, bold=False, color='white', colorSpace='named', contrast=1.0, depth=-2.0, flipHoriz=False, flipVert=False, font='Arial', fontFiles=[], height=0.03, italic=False, languageStyle='LTR', name='idle_2', opacity=1.0, ori=0, pos=array([0., 0.]), rgb=array([255., 255., 255.]), text='init proc     ', units='height', win=Window(...), wrapWidth=1)
5.7852 	EXP 	Created idle_3 = TextStim(__class__=<class 'psychopy.visual.text.TextStim'>, alignHoriz='center', alignVert='center', antialias=True, autoLog=True, bold=False, color='white', colorSpace='named', contrast=1.0, depth=-3.0, flipHoriz=False, flipVert=False, font='Arial', fontFiles=[], height=0.03, italic=False, languageStyle='LTR', name='idle_3', opacity=1.0, ori=0, pos=array([0., 0.]), rgb=array([255., 255., 255.]), text='init proc 2141', units='height', win=Window(...), wrapWidth=1)
5.7904 	EXP 	Created idle_4 = TextStim(__class__=<class 'psychopy.visual.text.TextStim'>, alignHoriz='center', alignVert='center', antialias=True, autoLog=True, bold=False, color='white', colorSpace='named', contrast=1.0, depth=-4.0, flipHoriz=False, flipVert=False, font='Arial', fontFiles=[], height=0.03, italic=False, languageStyle='LTR', name='idle_4', opacity=1.0, ori=0, pos=array([0., 0.]), rgb=array([255., 255., 255.]), text='init proc 2215', units='height', win=Window(...), wrapWidth=1)
5.7976 	EXP 	Created idle_5 = TextStim(__class__=<class 'psychopy.visual.text.TextStim'>, alignHoriz='center', alignVert='center', antialias=True, autoLog=True, bold=False, color='white', colorSpace='named', contrast=1.0, depth=-5.0, flipHoriz=False, flipVert=False, font='Arial', fontFiles=[], height=0.03, italic=False, languageStyle='LTR', name='idle_5', opacity=1.0, ori=0, pos=array([0., 0.]), rgb=array([255., 255., 255.]), text='init proc 3229', units='height', win=Window(...), wrapWidth=1)
5.8029 	EXP 	Created idle_6 = TextStim(__class__=<class 'psychopy.visual.text.TextStim'>, alignHoriz='center', alignVert='center', antialias=True, autoLog=True, bold=False, color='white', colorSpace='named', contrast=1.0, depth=-6.0, flipHoriz=False, flipVert=False, font='Arial', fontFiles=[], height=0.03, italic=False, languageStyle='LTR', name='idle_6', opacity=1.0, ori=0, pos=array([0., 0.]), rgb=array([255., 255., 255.]), text='init proc 4325', units='height', win=Window(...), wrapWidth=1)
5.8082 	EXP 	Created idle_7 = TextStim(__class__=<class 'psychopy.visual.text.TextStim'>, alignHoriz='center', alignVert='center', antialias=True, autoLog=True, bold=False, color='white', colorSpace='named', contrast=1.0, depth=-7.0, flipHoriz=False, flipVert=False, font='Arial', fontFiles=[], height=0.03, italic=False, languageStyle='LTR', name='idle_7', opacity=1.0, ori=0, pos=array([0., 0.]), rgb=array([255., 255., 255.]), text='init proc 1337', units='height', win=Window(...), wrapWidth=1)
5.8135 	EXP 	Created ilde_8 = TextStim(__class__=<class 'psychopy.visual.text.TextStim'>, alignHoriz='center', alignVert='center', antialias=True, autoLog=True, bold=False, color='white', colorSpace='named', contrast=1.0, depth=-8.0, flipHoriz=False, flipVert=False, font='Arial', fontFiles=[], height=0.03, italic=False, languageStyle='LTR', name='ilde_8', opacity=1.0, ori=0, pos=array([0., 0.]), rgb=array([255., 255., 255.]), text='buffering      ', units='height', win=Window(...), wrapWidth=1)
5.8183 	EXP 	Created idle_9 = TextStim(__class__=<class 'psychopy.visual.text.TextStim'>, alignHoriz='center', alignVert='center', antialias=True, autoLog=True, bold=False, color='white', colorSpace='named', contrast=1.0, depth=-9.0, flipHoriz=False, flipVert=False, font='Arial', fontFiles=[], height=0.03, italic=False, languageStyle='LTR', name='idle_9', opacity=1.0, ori=0, pos=array([0., 0.]), rgb=array([255., 255., 255.]), text='buffering .    ', units='height', win=Window(...), wrapWidth=1)
5.8231 	EXP 	Created idle_10 = TextStim(__class__=<class 'psychopy.visual.text.TextStim'>, alignHoriz='center', alignVert='center', antialias=True, autoLog=True, bold=False, color='white', colorSpace='named', contrast=1.0, depth=-10.0, flipHoriz=False, flipVert=False, font='Arial', fontFiles=[], height=0.03, italic=False, languageStyle='LTR', name='idle_10', opacity=1.0, ori=0, pos=array([0., 0.]), rgb=array([255., 255., 255.]), text='buffering . .  ', units='height', win=Window(...), wrapWidth=1)
5.8288 	EXP 	Created idle_11 = TextStim(__class__=<class 'psychopy.visual.text.TextStim'>, alignHoriz='center', alignVert='center', antialias=True, autoLog=True, bold=False, color='white', colorSpace='named', contrast=1.0, depth=-11.0, flipHoriz=False, flipVert=False, font='Arial', fontFiles=[], height=0.03, italic=False, languageStyle='LTR', name='idle_11', opacity=1.0, ori=0, pos=array([0., 0.]), rgb=array([255., 255., 255.]), text='buffering . . .', units='height', win=Window(...), wrapWidth=1)
5.8377 	EXP 	Created idle_12 = TextStim(__class__=<class 'psychopy.visual.text.TextStim'>, alignHoriz='center', alignVert='center', antialias=True, autoLog=True, bold=False, color='white', colorSpace='named', contrast=1.0, depth=-12.0, flipHoriz=False, flipVert=False, font='Arial', fontFiles=[], height=0.03, italic=False, languageStyle='LTR', name='idle_12', opacity=1.0, ori=0, pos=array([0., 0.]), rgb=array([255., 255., 255.]), text='run /serv/234_1/sd connect', units='height', win=Window(...), wrapWidth=1)
5.8392 	EXP 	Created cB_6 = Rect(__class__=<class 'psychopy.visual.rect.Rect'>, autoDraw=False, autoLog=True, closeShape=True, color=method-wrapper(...), colorSpace=None, contrast=1.0, depth=-1.0, fillColor=array([-1., -1., -1.]), fillColorSpace='rgb', fillRGB=array([-1., -1., -1.]), interpolate=True, lineColor=array([1., 1., 1.]), lineColorSpace='rgb', lineRGB=array([1., 1., 1.]), lineWidth=1, name='cB_6', opacity=1.0, ori=array(0.), pos=array([0., 0.]), size=array([1., 1.]), units='height', vertices=ndarray(...), win=Window(...))
5.8448 	EXP 	Created sBInstructions = TextStim(__class__=<class 'psychopy.visual.text.TextStim'>, alignHoriz='center', alignVert='center', antialias=True, autoLog=True, bold=False, color='white', colorSpace='named', contrast=1.0, depth=-2.0, flipHoriz=False, flipVert=False, font='Arial', fontFiles=[], height=0.03, italic=False, languageStyle='LTR', name='sBInstructions', opacity=1.0, ori=0, pos=array([0., 0.]), rgb=array([255., 255., 255.]), text='default text', units='height', win=Window(...), wrapWidth=1)
5.8462 	EXP 	Created cB_8 = Rect(__class__=<class 'psychopy.visual.rect.Rect'>, autoDraw=False, autoLog=True, closeShape=True, color=method-wrapper(...), colorSpace=None, contrast=1.0, depth=0.0, fillColor=array([-1., -1., -1.]), fillColorSpace='rgb', fillRGB=array([-1., -1., -1.]), interpolate=True, lineColor=array([1., 1., 1.]), lineColorSpace='rgb', lineRGB=array([1., 1., 1.]), lineWidth=1, name='cB_8', opacity=1.0, ori=array(0.), pos=array([0., 0.]), size=array([1., 1.]), units='height', vertices=ndarray(...), win=Window(...))
5.8606 	EXP 	Created text = TextStim(__class__=<class 'psychopy.visual.text.TextStim'>, alignHoriz='center', alignVert='center', antialias=True, autoLog=True, bold=False, color='white', colorSpace='named', contrast=1.0, depth=-1.0, flipHoriz=False, flipVert=False, font='Arial', fontFiles=[], height=0.05, italic=False, languageStyle='LTR', name='text', opacity=1.0, ori=0, pos=array([0., 0.]), rgb=array([255., 255., 255.]), text='default text', units='height', win=Window(...), wrapWidth=1)
5.8659 	EXP 	Created imagesbRnd = ImageStim(__class__=<class 'psychopy.visual.image.ImageStim'>, autoLog=True, color=array([1., 1., 1.]), colorSpace='rgb', contrast=1.0, depth=-2.0, flipHoriz=False, flipVert=False, image='sin', interpolate=True, mask=None, maskParams=None, name='imagesbRnd', opacity=1.0, ori=0.0, pos=array([0.  , 0.25]), size=array([0.2, 0.2]), texRes=128, units='height', win=Window(...))
5.9319 	EXP 	Created sbChoice = RatingScale(__class__=type(...), acceptKeys=['return'], acceptPreText=UNKNOWN, acceptSize=UNKNOWN, acceptText='accept?', autoLog=True, choices=list(...), depth=0, disappear=False, flipVert=False, high=10, kwargs=UNKNOWN, labels=list(...), leftKeys=['left'], lineColor='White', low=0, marker=ShapeStim(...), markerColor='DarkBlue', markerExpansion=UNKNOWN, markerStart=5.0, maxTime=0.0, minTime=0.4, mouseOnly=False, name='sbChoice', noMouse=False, pos=[0.0, -0.4], precision=1, respKeys=[], rightKeys=['right'], scale='<default>', self=UNKNOWN, showAccept=True, showValue=True, singleClick=False, size=0.6, skipKeys=['tab'], stretch=1.0, textColor='LightGray', textFont='Helvetica Bold', textSize=0.12, tickHeight=-1, tickMarks=10.0, win=Window(...))
5.9500 	EXP 	Created text_6 = TextStim(__class__=<class 'psychopy.visual.text.TextStim'>, alignHoriz='center', alignVert='center', antialias=True, autoLog=True, bold=False, color='white', colorSpace='named', contrast=1.0, depth=-5.0, flipHoriz=False, flipVert=False, font='Arial', fontFiles=[], height=0.025, italic=False, languageStyle='LTR', name='text_6', opacity=1.0, ori=0, pos=array([ 0. , -0.1]), rgb=array([255., 255., 255.]), text=' How much do you want to invest?', units='height', win=Window(...), wrapWidth=1)
5.9515 	EXP 	Created cB_9 = Rect(__class__=<class 'psychopy.visual.rect.Rect'>, autoDraw=False, autoLog=True, closeShape=True, color=method-wrapper(...), colorSpace=None, contrast=1.0, depth=-1.0, fillColor=array([-1., -1., -1.]), fillColorSpace='rgb', fillRGB=array([-1., -1., -1.]), interpolate=True, lineColor=array([1., 1., 1.]), lineColorSpace='rgb', lineRGB=array([1., 1., 1.]), lineWidth=1, name='cB_9', opacity=1.0, ori=array(0.), pos=array([0., 0.]), size=array([1., 1.]), units='height', vertices=ndarray(...), win=Window(...))
5.9588 	EXP 	Created text_7 = TextStim(__class__=<class 'psychopy.visual.text.TextStim'>, alignHoriz='center', alignVert='center', antialias=True, autoLog=True, bold=False, color='white', colorSpace='named', contrast=1.0, depth=-2.0, flipHoriz=False, flipVert=False, font='Arial', fontFiles=[], height=0.04, italic=False, languageStyle='LTR', name='text_7', opacity=1.0, ori=0, pos=array([0., 0.]), rgb=array([255., 255., 255.]), text='default text', units='height', win=Window(...), wrapWidth=1)
5.9603 	EXP 	Created cbFb = Rect(__class__=<class 'psychopy.visual.rect.Rect'>, autoDraw=False, autoLog=True, closeShape=True, color=method-wrapper(...), colorSpace=None, contrast=1.0, depth=-1.0, fillColor=array([-1., -1., -1.]), fillColorSpace='rgb', fillRGB=array([-1., -1., -1.]), interpolate=True, lineColor=array([1., 1., 1.]), lineColorSpace='rgb', lineRGB=array([1., 1., 1.]), lineWidth=1, name='cbFb', opacity=1.0, ori=array(0.), pos=array([0., 0.]), size=array([1., 1.]), units='height', vertices=ndarray(...), win=Window(...))
5.9659 	EXP 	Created textFb = TextStim(__class__=<class 'psychopy.visual.text.TextStim'>, alignHoriz='center', alignVert='center', antialias=True, autoLog=True, bold=False, color='white', colorSpace='named', contrast=1.0, depth=-2.0, flipHoriz=False, flipVert=False, font='Arial', fontFiles=[], height=0.03, italic=False, languageStyle='LTR', name='textFb', opacity=1.0, ori=0, pos=array([0., 0.]), rgb=array([255., 255., 255.]), text='default text', units='height', win=Window(...), wrapWidth=1)
5.9674 	EXP 	Created cbBuf = Rect(__class__=<class 'psychopy.visual.rect.Rect'>, autoDraw=False, autoLog=True, closeShape=True, color=method-wrapper(...), colorSpace=None, contrast=1.0, depth=0.0, fillColor=array([-1., -1., -1.]), fillColorSpace='rgb', fillRGB=array([-1., -1., -1.]), interpolate=True, lineColor=array([1., 1., 1.]), lineColorSpace='rgb', lineRGB=array([1., 1., 1.]), lineWidth=1, name='cbBuf', opacity=1.0, ori=array(0.), pos=array([0., 0.]), size=array([1., 1.]), units='height', vertices=ndarray(...), win=Window(...))
5.9691 	EXP 	Created fixCross = ShapeStim(__class__=<class 'psychopy.visual.shape.ShapeStim'>, autoDraw=False, autoLog=True, closeShape=True, contrast=1.0, depth=-1.0, fillColor=array([1., 1., 1.]), fillColorSpace='rgb', interpolate=True, lineColor=array([1., 1., 1.]), lineColorSpace='rgb', lineWidth=1, name='fixCross', opacity=1.0, ori=array(0.), pos=array([0., 0.]), size=array([0.1, 0.1]), units='height', vertices=ndarray(...), win=Window(...), windingRule=None)
5.9705 	EXP 	Created cB_11 = Rect(__class__=<class 'psychopy.visual.rect.Rect'>, autoDraw=False, autoLog=True, closeShape=True, color=method-wrapper(...), colorSpace=None, contrast=1.0, depth=0.0, fillColor=array([-1., -1., -1.]), fillColorSpace='rgb', fillRGB=array([-1., -1., -1.]), interpolate=True, lineColor=array([1., 1., 1.]), lineColorSpace='rgb', lineRGB=array([1., 1., 1.]), lineWidth=1, name='cB_11', opacity=1.0, ori=array(0.), pos=array([0., 0.]), size=array([1., 1.]), units='height', vertices=ndarray(...), win=Window(...))
5.9916 	EXP 	Created rating = RatingScale(__class__=type(...), acceptKeys=['return'], acceptPreText=UNKNOWN, acceptSize=UNKNOWN, acceptText='accept?', autoLog=True, choices=False, depth=0, disappear=False, flipVert=False, high=7, kwargs=UNKNOWN, labels=list(...), leftKeys=['left'], lineColor='White', low=1, marker=ShapeStim(...), markerColor='DarkBlue', markerExpansion=UNKNOWN, markerStart=None, maxTime=0.0, minTime=0.4, mouseOnly=False, name='rating', noMouse=False, pos=[0.0, -0.4], precision=1, respKeys=['1', '2', '3', '4', '5', '6', '7'], rightKeys=['right'], scale='', self=UNKNOWN, showAccept=True, showValue=True, singleClick=False, size=0.6, skipKeys=['tab'], stretch=1.0, textColor='LightGray', textFont='Helvetica Bold', textSize=0.12, tickHeight=1.0, tickMarks=6.0, win=Window(...))
5.9931 	EXP 	Created cB_9 = Rect(__class__=<class 'psychopy.visual.rect.Rect'>, autoDraw=False, autoLog=True, closeShape=True, color=method-wrapper(...), colorSpace=None, contrast=1.0, depth=-1.0, fillColor=array([-1., -1., -1.]), fillColorSpace='rgb', fillRGB=array([-1., -1., -1.]), interpolate=True, lineColor=array([1., 1., 1.]), lineColorSpace='rgb', lineRGB=array([1., 1., 1.]), lineWidth=1, name='cB_9', opacity=1.0, ori=array(0.), pos=array([0., 0.]), size=array([1., 1.]), units='height', vertices=ndarray(...), win=Window(...))
5.9987 	EXP 	Created text_7 = TextStim(__class__=<class 'psychopy.visual.text.TextStim'>, alignHoriz='center', alignVert='center', antialias=True, autoLog=True, bold=False, color='white', colorSpace='named', contrast=1.0, depth=-2.0, flipHoriz=False, flipVert=False, font='Arial', fontFiles=[], height=0.04, italic=False, languageStyle='LTR', name='text_7', opacity=1.0, ori=0, pos=array([0., 0.]), rgb=array([255., 255., 255.]), text='default text', units='height', win=Window(...), wrapWidth=1)
6.0002 	EXP 	Created cbBuf = Rect(__class__=<class 'psychopy.visual.rect.Rect'>, autoDraw=False, autoLog=True, closeShape=True, color=method-wrapper(...), colorSpace=None, contrast=1.0, depth=0.0, fillColor=array([-1., -1., -1.]), fillColorSpace='rgb', fillRGB=array([-1., -1., -1.]), interpolate=True, lineColor=array([1., 1., 1.]), lineColorSpace='rgb', lineRGB=array([1., 1., 1.]), lineWidth=1, name='cbBuf', opacity=1.0, ori=array(0.), pos=array([0., 0.]), size=array([1., 1.]), units='height', vertices=ndarray(...), win=Window(...))
6.0019 	EXP 	Created fixCross = ShapeStim(__class__=<class 'psychopy.visual.shape.ShapeStim'>, autoDraw=False, autoLog=True, closeShape=True, contrast=1.0, depth=-1.0, fillColor=array([1., 1., 1.]), fillColorSpace='rgb', interpolate=True, lineColor=array([1., 1., 1.]), lineColorSpace='rgb', lineWidth=1, name='fixCross', opacity=1.0, ori=array(0.), pos=array([0., 0.]), size=array([0.1, 0.1]), units='height', vertices=ndarray(...), win=Window(...), windingRule=None)
6.0033 	EXP 	Created cB_10 = Rect(__class__=<class 'psychopy.visual.rect.Rect'>, autoDraw=False, autoLog=True, closeShape=True, color=method-wrapper(...), colorSpace=None, contrast=1.0, depth=0.0, fillColor=array([-1., -1., -1.]), fillColorSpace='rgb', fillRGB=array([-1., -1., -1.]), interpolate=True, lineColor=array([1., 1., 1.]), lineColorSpace='rgb', lineRGB=array([1., 1., 1.]), lineWidth=1, name='cB_10', opacity=1.0, ori=array(0.), pos=array([0., 0.]), size=array([1., 1.]), units='height', vertices=ndarray(...), win=Window(...))
6.0206 	EXP 	Created sbEndText = TextStim(__class__=<class 'psychopy.visual.text.TextStim'>, alignHoriz='center', alignVert='center', antialias=True, autoLog=True, bold=False, color='white', colorSpace='named', contrast=1.0, depth=-1.0, flipHoriz=False, flipVert=False, font='Arial', fontFiles=[], height=0.04, italic=False, languageStyle='LTR', name='sbEndText', opacity=1.0, ori=0, pos=array([0., 0.]), rgb=array([255., 255., 255.]), text=str(...), units='height', win=Window(...), wrapWidth=1)
6.0431 	EXP 	sbChoice: flipVert = False
6.0431 	EXP 	sbChoice: autoLog = True
6.0431 	EXP 	rating: flipVert = False
6.0431 	EXP 	rating: autoLog = True
6.0431 	EXP 	cB_1: autoDraw = True
6.0431 	EXP 	textWelcome: autoDraw = True
6.4185 	DATA 	Keypress: 1
6.4347 	EXP 	cB_1: autoDraw = False
6.4347 	EXP 	textWelcome: autoDraw = False
6.4347 	EXP 	cB_2: autoDraw = True
6.4347 	EXP 	textInstructions: autoDraw = True
6.6907 	DATA 	Keypress: 1
6.7074 	EXP 	cB_2: autoDraw = False
6.7074 	EXP 	textInstructions: autoDraw = False
6.7074 	EXP 	cB_12: autoDraw = True
6.7074 	EXP 	textInstructions_2: autoDraw = True
6.8624 	DATA 	Keypress: 1
6.8788 	EXP 	cB_12: autoDraw = False
6.8788 	EXP 	textInstructions_2: autoDraw = False
6.8788 	EXP 	text: text = ''
6.8788 	EXP 	cB: autoDraw = True
6.8788 	EXP 	displayText: autoDraw = True
6.8788 	EXP 	copyText: autoDraw = True
7.0152 	DATA 	Keypress: 1
7.0344 	EXP 	text: text = '1'
7.0344 	EXP 	copyText: text = '1'
7.3042 	DATA 	Keypress: 1
7.3214 	EXP 	text: text = '11'
7.3214 	EXP 	copyText: text = '11'
7.6287 	DATA 	Keypress: 1
7.6476 	EXP 	text: text = '111'
7.6476 	EXP 	copyText: text = '111'
7.7798 	DATA 	Keypress: 1
7.7983 	EXP 	text: text = '1111'
7.7983 	EXP 	copyText: text = '1111'
8.1034 	DATA 	Keypress: backspace
8.1201 	EXP 	text: text = '111'
8.1201 	EXP 	copyText: text = '111'
8.8519 	DATA 	Keypress: backspace
8.8686 	EXP 	text: text = '11'
8.8686 	EXP 	copyText: text = '11'
9.0050 	DATA 	Keypress: backspace
9.0217 	EXP 	text: text = '1'
9.0217 	EXP 	copyText: text = '1'
9.1413 	DATA 	Keypress: backspace
9.1582 	EXP 	text: text = ''
9.1582 	EXP 	copyText: text = ''
9.4984 	DATA 	Keypress: lshift
9.5153 	EXP 	copyText: text = ''
9.6858 	DATA 	Keypress: r
9.7036 	EXP 	text: text = 'R'
9.7036 	EXP 	copyText: text = 'R'
9.8729 	DATA 	Keypress: o
9.8905 	EXP 	text: text = 'Ro'
9.8905 	EXP 	copyText: text = 'Ro'
10.0459 	DATA 	Keypress: n
10.0812 	EXP 	text: text = 'Ron'
10.0812 	EXP 	copyText: text = 'Ron'
10.1964 	DATA 	Keypress: n
10.2149 	EXP 	text: text = 'Ronn'
10.2149 	EXP 	copyText: text = 'Ronn'
10.3156 	DATA 	Keypress: y
10.3355 	EXP 	text: text = 'Ronny'
10.3355 	EXP 	copyText: text = 'Ronny'
10.4687 	DATA 	Keypress: return
10.4856 	EXP 	copyText: text = 'Ronny'
10.4856 	EXP 	cB: autoDraw = False
10.4856 	EXP 	displayText: autoDraw = False
10.4856 	EXP 	copyText: autoDraw = False
10.4856 	EXP 	cB_3: autoDraw = True
10.4856 	EXP 	textServer: autoDraw = True
12.1120 	DATA 	Keypress: c
15.1395 	DATA 	Keypress: c
15.1559 	EXP 	Created sequence: sequential, trialTypes=1, nReps=1, seed=None
15.1562 	EXP 	New trial (rep=0, index=0): None
15.1721 	EXP 	cB_3: autoDraw = False
15.1721 	EXP 	textServer: autoDraw = False
15.1721 	EXP 	cB_4: autoDraw = True
15.1721 	EXP 	text_1: autoDraw = True
16.1458 	EXP 	text_2: autoDraw = True
16.1800 	EXP 	text_1: autoDraw = False
16.6433 	EXP 	text_3: autoDraw = True
16.6603 	EXP 	text_2: autoDraw = False
17.1532 	EXP 	text_3: autoDraw = False
17.1532 	EXP 	text_4: autoDraw = True
17.6683 	EXP 	text_4: autoDraw = False
17.6854 	EXP 	cB_4: autoDraw = False
17.6854 	EXP 	text_1: autoDraw = False
17.6854 	EXP 	text_2: autoDraw = False
17.6854 	EXP 	text_3: autoDraw = False
17.6854 	EXP 	text_4: autoDraw = False
17.6854 	EXP 	cB_5: autoDraw = True
17.8601 	EXP 	idle: autoDraw = True
18.1686 	EXP 	idle: autoDraw = False
18.1686 	EXP 	idle_2: autoDraw = True
18.3593 	EXP 	idle_2: autoDraw = False
18.3593 	EXP 	idle_3: autoDraw = True
18.4603 	EXP 	idle_3: autoDraw = False
18.4603 	EXP 	idle_4: autoDraw = True
18.6136 	EXP 	idle_4: autoDraw = False
18.6136 	EXP 	idle_5: autoDraw = True
18.7665 	EXP 	idle_5: autoDraw = False
18.7665 	EXP 	idle_6: autoDraw = True
18.9043 	EXP 	idle_6: autoDraw = False
18.9043 	EXP 	idle_7: autoDraw = True
19.0082 	EXP 	idle_7: autoDraw = False
19.0082 	EXP 	ilde_8: autoDraw = True
19.5197 	EXP 	ilde_8: autoDraw = False
19.5197 	EXP 	idle_9: autoDraw = True
20.0139 	EXP 	idle_10: autoDraw = True
20.0309 	EXP 	idle_9: autoDraw = False
20.5093 	EXP 	idle_11: autoDraw = True
20.5259 	EXP 	idle_10: autoDraw = False
21.0049 	EXP 	idle_12: autoDraw = True
21.0217 	EXP 	idle_11: autoDraw = False
21.1591 	EXP 	idle_12: autoDraw = False
21.7392 	EXP 	cB_5: autoDraw = False
21.7392 	EXP 	idle: autoDraw = False
21.7392 	EXP 	idle_2: autoDraw = False
21.7392 	EXP 	idle_3: autoDraw = False
21.7392 	EXP 	idle_4: autoDraw = False
21.7392 	EXP 	idle_5: autoDraw = False
21.7392 	EXP 	idle_6: autoDraw = False
21.7392 	EXP 	idle_7: autoDraw = False
21.7392 	EXP 	ilde_8: autoDraw = False
21.7392 	EXP 	idle_9: autoDraw = False
21.7392 	EXP 	idle_10: autoDraw = False
21.7392 	EXP 	idle_11: autoDraw = False
21.7392 	EXP 	idle_12: autoDraw = False
21.7392 	EXP 	sBInstructions: text = "Hi Ronny!\nYou are now ready to start with the experiment. \n\nOn the next screens you will make decisions on how to engage with other players.\n\n\nMake a choice using your 'left' or 'right' keys and confirm with 'enter'\n\nNote, all decisions (yours and others) happen simultaneously, and not in response to each other.\n\nPress 'c' to begin.\n"
21.7392 	EXP 	cB_6: autoDraw = True
21.9258 	EXP 	sBInstructions: autoDraw = True
22.8497 	DATA 	Keypress: c
25.0687 	DATA 	Keypress: c
25.1410 	EXP 	Imported contitions.xlsx as conditions, 1 conditions, 6 params
25.1413 	EXP 	Created sequence: random, trialTypes=1, nReps=2, seed=None
25.1417 	EXP 	New trial (rep=0, index=0): OrderedDict([('playerAn', 'PlayerA'), ('playerId', 'Paul'), ('avatarFile', 'images/avatar1.jpg'), ('choiceLabel', 'reciprocate'), ('actionLabel', 1), ('actionRound', 1)])
25.1563 	EXP 	Imported contitions.xlsx as conditions, 1 conditions, 6 params
25.1565 	EXP 	Created sequence: random, trialTypes=1, nReps=2, seed=None
25.1569 	EXP 	New trial (rep=0, index=0): OrderedDict([('playerAn', 'PlayerA'), ('playerId', 'Paul'), ('avatarFile', 'images/avatar1.jpg'), ('choiceLabel', 'reciprocate'), ('actionLabel', 1), ('actionRound', 1)])
25.2304 	EXP 	RatingScale sbChoice: reset()
25.2567 	EXP 	cB_6: autoDraw = False
25.2567 	EXP 	sBInstructions: autoDraw = False
25.2567 	EXP 	text: text = 'This round you are playing with Paul!'
25.2567 	EXP 	imagesbRnd: image = 'images/avatar1.jpg'
25.2567 	EXP 	cB_8: autoDraw = True
25.2567 	EXP 	text: autoDraw = True
25.2567 	EXP 	imagesbRnd: autoDraw = True
25.2567 	EXP 	sbChoice: autoDraw = True
25.2567 	EXP 	text_6: autoDraw = True
26.0415 	DATA 	Keypress: right
26.2314 	DATA 	Keypress: right
26.3702 	DATA 	Keypress: right
26.7119 	DATA 	Keypress: return
26.7157 	DATA 	RatingScale sbChoice: (key response) rating=8
26.7157 	DATA 	RatingScale sbChoice: rating RT=1.484
26.7158 	DATA 	RatingScale sbChoice: history=[('5', 0.0), ('6', 0.814), ('7', 1.004), ('8', 1.139), ('8', 1.484)]
26.7585 	EXP 	cB_8: autoDraw = False
26.7585 	EXP 	text: autoDraw = False
26.7585 	EXP 	imagesbRnd: autoDraw = False
26.7585 	EXP 	sbChoice: autoDraw = False
26.7585 	EXP 	text_6: autoDraw = False
26.7585 	EXP 	text_7: text = 'waiting for Player[Paul]'
26.7585 	EXP 	cB_9: autoDraw = True
26.7585 	EXP 	text_7: autoDraw = True
28.7764 	EXP 	cB_9: autoDraw = False
28.7764 	EXP 	text_7: autoDraw = False
28.7764 	EXP 	cB_9: autoDraw = False
28.7764 	EXP 	text_7: autoDraw = False
28.7764 	EXP 	textFb: text = 'Paul has decided to return 8 credits back to you. This is a return of 100% Your gain for this round is 10 credits '
28.7764 	EXP 	cbFb: autoDraw = True
28.7764 	EXP 	textFb: autoDraw = True
31.7669 	EXP 	cbFb: autoDraw = False
31.7669 	EXP 	textFb: autoDraw = False
31.7669 	EXP 	cbBuf: autoDraw = True
31.9390 	EXP 	fixCross: autoDraw = True
32.4526 	EXP 	fixCross: autoDraw = False
32.6596 	EXP 	New trial (rep=1, index=0): OrderedDict([('playerAn', 'PlayerA'), ('playerId', 'Paul'), ('avatarFile', 'images/avatar1.jpg'), ('choiceLabel', 'reciprocate'), ('actionLabel', 1), ('actionRound', 1)])
32.7121 	EXP 	RatingScale sbChoice: reset()
32.7288 	EXP 	cbBuf: autoDraw = False
32.7288 	EXP 	fixCross: autoDraw = False
32.7288 	EXP 	text: text = 'This round you are playing with Paul!'
32.7288 	EXP 	imagesbRnd: image = 'images/avatar1.jpg'
32.7288 	EXP 	cB_8: autoDraw = True
32.7288 	EXP 	text: autoDraw = True
32.7288 	EXP 	imagesbRnd: autoDraw = True
32.7288 	EXP 	sbChoice: autoDraw = True
32.7288 	EXP 	text_6: autoDraw = True
34.2118 	DATA 	Keypress: left
34.3626 	DATA 	Keypress: left
34.6345 	DATA 	Keypress: return
34.6382 	DATA 	RatingScale sbChoice: (key response) rating=3
34.6383 	DATA 	RatingScale sbChoice: rating RT=1.926
34.6383 	DATA 	RatingScale sbChoice: history=[('5', 0.0), ('4', 1.499), ('3', 1.654), ('3', 1.926)]
34.6681 	EXP 	cB_8: autoDraw = False
34.6681 	EXP 	text: autoDraw = False
34.6681 	EXP 	imagesbRnd: autoDraw = False
34.6681 	EXP 	sbChoice: autoDraw = False
34.6681 	EXP 	text_6: autoDraw = False
34.6681 	EXP 	text_7: text = 'waiting for Player[Paul]'
34.6681 	EXP 	cB_9: autoDraw = True
34.6681 	EXP 	text_7: autoDraw = True
38.6916 	EXP 	cB_9: autoDraw = False
38.6916 	EXP 	text_7: autoDraw = False
38.6916 	EXP 	cB_9: autoDraw = False
38.6916 	EXP 	text_7: autoDraw = False
38.6916 	EXP 	textFb: text = 'Paul has decided to return 6 credits back to you. This is a return of 200% Your gain for this round is 13 credits '
38.6916 	EXP 	cbFb: autoDraw = True
38.6916 	EXP 	textFb: autoDraw = True
41.6793 	EXP 	cbFb: autoDraw = False
41.6793 	EXP 	textFb: autoDraw = False
41.6793 	EXP 	cbBuf: autoDraw = True
41.8516 	EXP 	fixCross: autoDraw = True
42.3629 	EXP 	fixCross: autoDraw = False
42.6106 	EXP 	Imported sliders.xlsx as conditions, 6 conditions, 5 params
42.6108 	EXP 	Created sequence: sequential, trialTypes=6, nReps=1, seed=None
42.6112 	EXP 	New trial (rep=0, index=0): OrderedDict([('sliderID', 1), ('sliderText', 'How much do you like Paul?'), ('sliderMin', 'not at all'), ('sliderMax', 'very much'), ('sliderChoices', '1 2 3 4 5 6 7')])
42.6494 	EXP 	Created rating = RatingScale(__class__=type(...), acceptKeys=['return'], acceptPreText=UNKNOWN, acceptSize=UNKNOWN, acceptText='accept?', autoLog=True, choices=False, depth=0, disappear=False, flipVert=False, high=7, kwargs=UNKNOWN, labels=list(...), leftKeys=['left'], lineColor='White', low=1, marker=ShapeStim(...), markerColor='DarkRed', markerExpansion=UNKNOWN, markerStart=4.0, maxTime=0.0, minTime=0.4, mouseOnly=False, name='rating', noMouse=False, pos=[0.0, -0.2], precision=1, respKeys=['1', '2', '3', '4', '5', '6', '7'], rightKeys=['right'], scale='How much do you like Paul?', self=UNKNOWN, showAccept=True, showValue=True, singleClick=False, size=0.6, skipKeys=['tab'], stretch=1.0, textColor='LightGray', textFont='Helvetica Bold', textSize=0.12, tickHeight=-1, tickMarks=6.0, win=Window(...))
42.6504 	EXP 	RatingScale rating: reset()
42.6698 	EXP 	cbBuf: autoDraw = False
42.6698 	EXP 	fixCross: autoDraw = False
42.6698 	EXP 	rating: flipVert = False
42.6698 	EXP 	rating: autoLog = True
42.6698 	EXP 	cB_11: autoDraw = True
42.6698 	EXP 	rating: autoDraw = True
43.6403 	DATA 	Keypress: right
43.7609 	DATA 	Keypress: right
44.0527 	DATA 	Keypress: return
44.0550 	DATA 	RatingScale rating: (key response) rating=6
44.0551 	DATA 	RatingScale rating: rating RT=1.404
44.0551 	DATA 	RatingScale rating: history=[(4.0, 0.0), (5, 0.991), (6, 1.112), (6, 1.404)]
44.0707 	EXP 	New trial (rep=0, index=1): OrderedDict([('sliderID', 2), ('sliderText', 'How much do you want to continue playing with Paul?'), ('sliderMin', 'not at all'), ('sliderMax', 'very much'), ('sliderChoices', '1 2 3 4 5 6 7')])
44.1051 	EXP 	Created rating = RatingScale(__class__=type(...), acceptKeys=['return'], acceptPreText=UNKNOWN, acceptSize=UNKNOWN, acceptText='accept?', autoLog=True, choices=False, depth=0, disappear=False, flipVert=False, high=7, kwargs=UNKNOWN, labels=list(...), leftKeys=['left'], lineColor='White', low=1, marker=ShapeStim(...), markerColor='DarkRed', markerExpansion=UNKNOWN, markerStart=4.0, maxTime=0.0, minTime=0.4, mouseOnly=False, name='rating', noMouse=False, pos=[0.0, -0.2], precision=1, respKeys=['1', '2', '3', '4', '5', '6', '7'], rightKeys=['right'], scale=str(...), self=UNKNOWN, showAccept=True, showValue=True, singleClick=False, size=0.6, skipKeys=['tab'], stretch=1.0, textColor='LightGray', textFont='Helvetica Bold', textSize=0.12, tickHeight=-1, tickMarks=6.0, win=Window(...))
44.1059 	EXP 	RatingScale rating: reset()
44.1237 	EXP 	cB_11: autoDraw = False
44.1237 	EXP 	rating: autoDraw = False
44.1237 	EXP 	rating: flipVert = False
44.1237 	EXP 	rating: autoLog = True
44.1237 	EXP 	cB_11: autoDraw = True
44.1237 	EXP 	rating: autoDraw = True
44.9873 	DATA 	Keypress: left
45.1581 	DATA 	Keypress: left
45.4303 	DATA 	Keypress: return
45.4327 	DATA 	RatingScale rating: (key response) rating=2
45.4327 	DATA 	RatingScale rating: rating RT=1.326
45.4327 	DATA 	RatingScale rating: history=[(4.0, 0.0), (3, 0.883), (2, 1.054), (2, 1.326)]
45.4486 	EXP 	New trial (rep=0, index=2): OrderedDict([('sliderID', 3), ('sliderText', 'How much do you like Lukas?'), ('sliderMin', 'not at all'), ('sliderMax', 'very much'), ('sliderChoices', '1 2 3 4 5 6 7')])
45.4810 	EXP 	Created rating = RatingScale(__class__=type(...), acceptKeys=['return'], acceptPreText=UNKNOWN, acceptSize=UNKNOWN, acceptText='accept?', autoLog=True, choices=False, depth=0, disappear=False, flipVert=False, high=7, kwargs=UNKNOWN, labels=list(...), leftKeys=['left'], lineColor='White', low=1, marker=ShapeStim(...), markerColor='DarkRed', markerExpansion=UNKNOWN, markerStart=4.0, maxTime=0.0, minTime=0.4, mouseOnly=False, name='rating', noMouse=False, pos=[0.0, -0.2], precision=1, respKeys=['1', '2', '3', '4', '5', '6', '7'], rightKeys=['right'], scale='How much do you like Lukas?', self=UNKNOWN, showAccept=True, showValue=True, singleClick=False, size=0.6, skipKeys=['tab'], stretch=1.0, textColor='LightGray', textFont='Helvetica Bold', textSize=0.12, tickHeight=-1, tickMarks=6.0, win=Window(...))
45.4819 	EXP 	RatingScale rating: reset()
45.4996 	EXP 	cB_11: autoDraw = False
45.4996 	EXP 	rating: autoDraw = False
45.4996 	EXP 	rating: flipVert = False
45.4996 	EXP 	rating: autoLog = True
45.4996 	EXP 	cB_11: autoDraw = True
45.4996 	EXP 	rating: autoDraw = True
46.5029 	DATA 	Keypress: right
46.6398 	DATA 	Keypress: right
47.4928 	DATA 	Keypress: return
47.4952 	DATA 	RatingScale rating: (key response) rating=6
47.4952 	DATA 	RatingScale rating: rating RT=2.013
47.4953 	DATA 	RatingScale rating: history=[(4.0, 0.0), (5, 1.022), (6, 1.16), (6, 2.013)]
47.5101 	EXP 	New trial (rep=0, index=3): OrderedDict([('sliderID', 4), ('sliderText', 'How much do you want to continue playing with Lukas?'), ('sliderMin', 'not at all'), ('sliderMax', 'very much'), ('sliderChoices', '1 2 3 4 5 6 7')])
47.5432 	EXP 	Created rating = RatingScale(__class__=type(...), acceptKeys=['return'], acceptPreText=UNKNOWN, acceptSize=UNKNOWN, acceptText='accept?', autoLog=True, choices=False, depth=0, disappear=False, flipVert=False, high=7, kwargs=UNKNOWN, labels=list(...), leftKeys=['left'], lineColor='White', low=1, marker=ShapeStim(...), markerColor='DarkRed', markerExpansion=UNKNOWN, markerStart=4.0, maxTime=0.0, minTime=0.4, mouseOnly=False, name='rating', noMouse=False, pos=[0.0, -0.2], precision=1, respKeys=['1', '2', '3', '4', '5', '6', '7'], rightKeys=['right'], scale=str(...), self=UNKNOWN, showAccept=True, showValue=True, singleClick=False, size=0.6, skipKeys=['tab'], stretch=1.0, textColor='LightGray', textFont='Helvetica Bold', textSize=0.12, tickHeight=-1, tickMarks=6.0, win=Window(...))
47.5440 	EXP 	RatingScale rating: reset()
47.5617 	EXP 	cB_11: autoDraw = False
47.5617 	EXP 	rating: autoDraw = False
47.5617 	EXP 	rating: flipVert = False
47.5617 	EXP 	rating: autoLog = True
47.5617 	EXP 	cB_11: autoDraw = True
47.5617 	EXP 	rating: autoDraw = True
47.9539 	DATA 	Keypress: right
48.2789 	DATA 	Keypress: return
48.2815 	DATA 	RatingScale rating: (key response) rating=5
48.2815 	DATA 	RatingScale rating: rating RT=0.737
48.2815 	DATA 	RatingScale rating: history=[(4.0, 0.0), (5, 0.409), (5, 0.737)]
48.2969 	EXP 	New trial (rep=0, index=4): OrderedDict([('sliderID', 5), ('sliderText', 'How do you feel?'), ('sliderMin', 'negative'), ('sliderMax', 'positive'), ('sliderChoices', '1 2 3 4 5 6 7')])
48.3271 	EXP 	Created rating = RatingScale(__class__=type(...), acceptKeys=['return'], acceptPreText=UNKNOWN, acceptSize=UNKNOWN, acceptText='accept?', autoLog=True, choices=False, depth=0, disappear=False, flipVert=False, high=7, kwargs=UNKNOWN, labels=list(...), leftKeys=['left'], lineColor='White', low=1, marker=ShapeStim(...), markerColor='DarkRed', markerExpansion=UNKNOWN, markerStart=4.0, maxTime=0.0, minTime=0.4, mouseOnly=False, name='rating', noMouse=False, pos=[0.0, -0.2], precision=1, respKeys=['1', '2', '3', '4', '5', '6', '7'], rightKeys=['right'], scale='How do you feel?', self=UNKNOWN, showAccept=True, showValue=True, singleClick=False, size=0.6, skipKeys=['tab'], stretch=1.0, textColor='LightGray', textFont='Helvetica Bold', textSize=0.12, tickHeight=-1, tickMarks=6.0, win=Window(...))
48.3280 	EXP 	RatingScale rating: reset()
48.3466 	EXP 	cB_11: autoDraw = False
48.3466 	EXP 	rating: autoDraw = False
48.3466 	EXP 	rating: flipVert = False
48.3466 	EXP 	rating: autoLog = True
48.3466 	EXP 	cB_11: autoDraw = True
48.3466 	EXP 	rating: autoDraw = True
49.2009 	DATA 	Keypress: right
49.4729 	DATA 	Keypress: return
49.4754 	DATA 	RatingScale rating: (key response) rating=5
49.4754 	DATA 	RatingScale rating: rating RT=1.147
49.4755 	DATA 	RatingScale rating: history=[(4.0, 0.0), (5, 0.874), (5, 1.147)]
49.4907 	EXP 	New trial (rep=0, index=5): OrderedDict([('sliderID', 6), ('sliderText', 'How activated are you right now?'), ('sliderMin', 'low'), ('sliderMax', 'high'), ('sliderChoices', '1 2 3 4 5 6 7')])
49.5174 	EXP 	Created rating = RatingScale(__class__=type(...), acceptKeys=['return'], acceptPreText=UNKNOWN, acceptSize=UNKNOWN, acceptText='accept?', autoLog=True, choices=False, depth=0, disappear=False, flipVert=False, high=7, kwargs=UNKNOWN, labels=list(...), leftKeys=['left'], lineColor='White', low=1, marker=ShapeStim(...), markerColor='DarkRed', markerExpansion=UNKNOWN, markerStart=4.0, maxTime=0.0, minTime=0.4, mouseOnly=False, name='rating', noMouse=False, pos=[0.0, -0.2], precision=1, respKeys=['1', '2', '3', '4', '5', '6', '7'], rightKeys=['right'], scale='How activated are you right now?', self=UNKNOWN, showAccept=True, showValue=True, singleClick=False, size=0.6, skipKeys=['tab'], stretch=1.0, textColor='LightGray', textFont='Helvetica Bold', textSize=0.12, tickHeight=-1, tickMarks=6.0, win=Window(...))
49.5182 	EXP 	RatingScale rating: reset()
49.5404 	EXP 	cB_11: autoDraw = False
49.5404 	EXP 	rating: autoDraw = False
49.5404 	EXP 	rating: flipVert = False
49.5404 	EXP 	rating: autoLog = True
49.5404 	EXP 	cB_11: autoDraw = True
49.5404 	EXP 	rating: autoDraw = True
50.3619 	DATA 	Keypress: left
50.6181 	DATA 	Keypress: return
50.6203 	DATA 	RatingScale rating: (key response) rating=3
50.6204 	DATA 	RatingScale rating: rating RT=1.102
50.6204 	DATA 	RatingScale rating: history=[(4.0, 0.0), (3, 0.845), (3, 1.102)]
50.6357 	EXP 	Created sequence: random, trialTypes=1, nReps=4, seed=None
50.6359 	EXP 	New trial (rep=0, index=0): None
50.6516 	EXP 	cB_11: autoDraw = False
50.6516 	EXP 	rating: autoDraw = False
50.6516 	EXP 	text_7: text = 'waiting for Player[Paul]'
50.6516 	EXP 	cB_9: autoDraw = True
50.6516 	EXP 	text_7: autoDraw = True
51.6484 	EXP 	New trial (rep=1, index=0): None
51.6636 	EXP 	cB_9: autoDraw = False
51.6636 	EXP 	text_7: autoDraw = False
51.6636 	EXP 	cB_9: autoDraw = False
51.6636 	EXP 	text_7: autoDraw = False
51.6636 	EXP 	text_7: text = 'waiting for Player[Paul]'
51.6636 	EXP 	cB_9: autoDraw = True
51.6636 	EXP 	text_7: autoDraw = True
53.6518 	EXP 	New trial (rep=2, index=0): None
53.6670 	EXP 	cB_9: autoDraw = False
53.6670 	EXP 	text_7: autoDraw = False
53.6670 	EXP 	cB_9: autoDraw = False
53.6670 	EXP 	text_7: autoDraw = False
53.6670 	EXP 	text_7: text = 'waiting for Player[Paul]'
53.6670 	EXP 	cB_9: autoDraw = True
53.6670 	EXP 	text_7: autoDraw = True
55.6503 	EXP 	New trial (rep=3, index=0): None
55.6658 	EXP 	cB_9: autoDraw = False
55.6658 	EXP 	text_7: autoDraw = False
55.6658 	EXP 	cB_9: autoDraw = False
55.6658 	EXP 	text_7: autoDraw = False
55.6658 	EXP 	text_7: text = 'waiting for Player[Paul]'
55.6658 	EXP 	cB_9: autoDraw = True
55.6658 	EXP 	text_7: autoDraw = True
58.6767 	EXP 	cB_9: autoDraw = False
58.6767 	EXP 	text_7: autoDraw = False
58.6767 	EXP 	cB_9: autoDraw = False
58.6767 	EXP 	text_7: autoDraw = False
58.6767 	EXP 	cbBuf: autoDraw = True
58.8487 	EXP 	fixCross: autoDraw = True
59.3602 	EXP 	fixCross: autoDraw = False
59.5662 	EXP 	New trial (rep=1, index=0): OrderedDict([('playerAn', 'PlayerA'), ('playerId', 'Paul'), ('avatarFile', 'images/avatar1.jpg'), ('choiceLabel', 'reciprocate'), ('actionLabel', 1), ('actionRound', 1)])
59.6128 	EXP 	Imported contitions.xlsx as conditions, 1 conditions, 6 params
59.6131 	EXP 	Created sequence: random, trialTypes=1, nReps=2, seed=None
59.6135 	EXP 	New trial (rep=0, index=0): OrderedDict([('playerAn', 'PlayerA'), ('playerId', 'Paul'), ('avatarFile', 'images/avatar1.jpg'), ('choiceLabel', 'reciprocate'), ('actionLabel', 1), ('actionRound', 1)])
59.6901 	EXP 	RatingScale sbChoice: reset()
59.7073 	EXP 	cbBuf: autoDraw = False
59.7073 	EXP 	fixCross: autoDraw = False
59.7073 	EXP 	text: text = 'This round you are playing with Paul!'
59.7073 	EXP 	imagesbRnd: image = 'images/avatar1.jpg'
59.7073 	EXP 	cB_8: autoDraw = True
59.7073 	EXP 	text: autoDraw = True
59.7073 	EXP 	imagesbRnd: autoDraw = True
59.7073 	EXP 	sbChoice: autoDraw = True
59.7073 	EXP 	text_6: autoDraw = True
62.9186 	DATA 	Keypress: escape
63.1885 	EXP 	window1: mouseVisible = True
