2.4637 	WARNING 	Import Error: No module named 'psychtoolbox'. Using event module for keyboard component.
5.3456 	WARNING 	User requested fullscreen with size [1024  768], but screen is actually [1680, 1050]. Using actual size
6.3003 	EXP 	Created window1 = Window(allowGUI=False, allowStencil=False, args=UNKNOWN, autoLog=True, bitsMode=UNKNOWN, blendMode='avg', color=array([0., 0., 0.]), colorSpace='rgb', fullscr=<method-wrapper '__getattribute__' of attributeSetter object at 0x0A96FAF0>, gamma=None, gammaErrorPolicy='raise', kwargs=UNKNOWN, lms=UNKNOWN, monitor=<psychopy.monitors.calibTools.Monitor object at 0x0A71B7F0>, multiSample=False, name='window1', numSamples=2, pos=[0.0, 0.0], screen=0, size=array([1680, 1050]), stereo=False, units='height', useFBO=True, useRetina=False, viewOri=0.0, viewPos=None, viewScale=None, waitBlanking=True, winType='pyglet')
6.3003 	EXP 	window1: recordFrameIntervals = False
6.4720 	EXP 	window1: recordFrameIntervals = True
6.6582 	EXP 	window1: recordFrameIntervals = False
6.6606 	EXP 	Created cB_1 = Rect(__class__=<class 'psychopy.visual.rect.Rect'>, autoDraw=False, autoLog=True, closeShape=True, color=method-wrapper(...), colorSpace=None, contrast=1.0, depth=0.0, fillColor=array([-1., -1., -1.]), fillColorSpace='rgb', fillRGB=array([-1., -1., -1.]), interpolate=True, lineColor=array([1., 1., 1.]), lineColorSpace='rgb', lineRGB=array([1., 1., 1.]), lineWidth=1, name='cB_1', opacity=1.0, ori=array(0.), pos=array([0., 0.]), size=array([1., 1.]), units='height', vertices=ndarray(...), win=Window(...))
6.8009 	EXP 	Created textWelcome = TextStim(__class__=<class 'psychopy.visual.text.TextStim'>, alignHoriz='center', alignVert='center', antialias=True, autoLog=True, bold=False, color='white', colorSpace='named', contrast=1.0, depth=-1.0, flipHoriz=False, flipVert=False, font='Arial', fontFiles=[], height=0.05, italic=False, languageStyle='LTR', name='textWelcome', opacity=1.0, ori=0, pos=array([0., 0.]), rgb=array([255., 255., 255.]), text=str(...), units='height', win=Window(...), wrapWidth=1)
6.8025 	EXP 	Created cB_2 = Rect(__class__=<class 'psychopy.visual.rect.Rect'>, autoDraw=False, autoLog=True, closeShape=True, color=method-wrapper(...), colorSpace=None, contrast=1.0, depth=0.0, fillColor=array([-1., -1., -1.]), fillColorSpace='rgb', fillRGB=array([-1., -1., -1.]), interpolate=True, lineColor=array([1., 1., 1.]), lineColorSpace='rgb', lineRGB=array([1., 1., 1.]), lineWidth=1, name='cB_2', opacity=1.0, ori=array(0.), pos=array([0., 0.]), size=array([1., 1.]), units='height', vertices=ndarray(...), win=Window(...))
6.8856 	EXP 	Created textInstructions = TextStim(__class__=<class 'psychopy.visual.text.TextStim'>, alignHoriz='center', alignVert='center', antialias=True, autoLog=True, bold=False, color='white', colorSpace='named', contrast=1.0, depth=-1.0, flipHoriz=False, flipVert=False, font='Arial', fontFiles=[], height=0.03, italic=False, languageStyle='LTR', name='textInstructions', opacity=1.0, ori=0, pos=array([0., 0.]), rgb=array([255., 255., 255.]), text=str(...), units='height', win=Window(...), wrapWidth=1)
6.8871 	EXP 	Created cB_3 = Rect(__class__=<class 'psychopy.visual.rect.Rect'>, autoDraw=False, autoLog=True, closeShape=True, color=method-wrapper(...), colorSpace=None, contrast=1.0, depth=0.0, fillColor=array([-1., -1., -1.]), fillColorSpace='rgb', fillRGB=array([-1., -1., -1.]), interpolate=True, lineColor=array([1., 1., 1.]), lineColorSpace='rgb', lineRGB=array([1., 1., 1.]), lineWidth=1, name='cB_3', opacity=1.0, ori=array(0.), pos=array([0., 0.]), size=array([1., 1.]), units='height', vertices=ndarray(...), win=Window(...))
6.9230 	EXP 	Created textServer = TextStim(__class__=<class 'psychopy.visual.text.TextStim'>, alignHoriz='center', alignVert='center', antialias=True, autoLog=True, bold=False, color='white', colorSpace='named', contrast=1.0, depth=-1.0, flipHoriz=False, flipVert=False, font='Arial', fontFiles=[], height=0.03, italic=False, languageStyle='LTR', name='textServer', opacity=1.0, ori=0, pos=array([0., 0.]), rgb=array([255., 255., 255.]), text=str(...), units='height', win=Window(...), wrapWidth=1)
6.9245 	EXP 	Created cB_4 = Rect(__class__=<class 'psychopy.visual.rect.Rect'>, autoDraw=False, autoLog=True, closeShape=True, color=method-wrapper(...), colorSpace=None, contrast=1.0, depth=0.0, fillColor=array([-1., -1., -1.]), fillColorSpace='rgb', fillRGB=array([-1., -1., -1.]), interpolate=True, lineColor=array([1., 1., 1.]), lineColorSpace='rgb', lineRGB=array([1., 1., 1.]), lineWidth=1, name='cB_4', opacity=1.0, ori=array(0.), pos=array([0., 0.]), size=array([1., 1.]), units='height', vertices=ndarray(...), win=Window(...))
6.9295 	EXP 	Created text_1 = TextStim(__class__=<class 'psychopy.visual.text.TextStim'>, alignHoriz='center', alignVert='center', antialias=True, autoLog=True, bold=False, color='white', colorSpace='named', contrast=1.0, depth=-1.0, flipHoriz=False, flipVert=False, font='Arial', fontFiles=[], height=0.05, italic=False, languageStyle='LTR', name='text_1', opacity=1.0, ori=0, pos=array([0., 0.]), rgb=array([255., 255., 255.]), text='connecting      ', units='height', win=Window(...), wrapWidth=1)
6.9344 	EXP 	Created text_2 = TextStim(__class__=<class 'psychopy.visual.text.TextStim'>, alignHoriz='center', alignVert='center', antialias=True, autoLog=True, bold=False, color='white', colorSpace='named', contrast=1.0, depth=-2.0, flipHoriz=False, flipVert=False, font='Arial', fontFiles=[], height=0.05, italic=False, languageStyle='LTR', name='text_2', opacity=1.0, ori=0, pos=array([0., 0.]), rgb=array([255., 255., 255.]), text='connecting .    ', units='height', win=Window(...), wrapWidth=1)
6.9396 	EXP 	Created text_3 = TextStim(__class__=<class 'psychopy.visual.text.TextStim'>, alignHoriz='center', alignVert='center', antialias=True, autoLog=True, bold=False, color='white', colorSpace='named', contrast=1.0, depth=-3.0, flipHoriz=False, flipVert=False, font='Arial', fontFiles=[], height=0.05, italic=False, languageStyle='LTR', name='text_3', opacity=1.0, ori=0, pos=array([0., 0.]), rgb=array([255., 255., 255.]), text='connecting . .  ', units='height', win=Window(...), wrapWidth=1)
6.9450 	EXP 	Created text_4 = TextStim(__class__=<class 'psychopy.visual.text.TextStim'>, alignHoriz='center', alignVert='center', antialias=True, autoLog=True, bold=False, color='white', colorSpace='named', contrast=1.0, depth=-4.0, flipHoriz=False, flipVert=False, font='Arial', fontFiles=[], height=0.05, italic=False, languageStyle='LTR', name='text_4', opacity=1.0, ori=0, pos=array([0., 0.]), rgb=array([255., 255., 255.]), text='connecting . . .', units='height', win=Window(...), wrapWidth=1)
6.9465 	EXP 	Created cB_6 = Rect(__class__=<class 'psychopy.visual.rect.Rect'>, autoDraw=False, autoLog=True, closeShape=True, color=method-wrapper(...), colorSpace=None, contrast=1.0, depth=0.0, fillColor=array([-1., -1., -1.]), fillColorSpace='rgb', fillRGB=array([-1., -1., -1.]), interpolate=True, lineColor=array([1., 1., 1.]), lineColorSpace='rgb', lineRGB=array([1., 1., 1.]), lineWidth=1, name='cB_6', opacity=1.0, ori=array(0.), pos=array([0., 0.]), size=array([1., 1.]), units='height', vertices=ndarray(...), win=Window(...))
6.9501 	EXP 	Created idle = TextStim(__class__=<class 'psychopy.visual.text.TextStim'>, alignHoriz='center', alignVert='center', antialias=True, autoLog=True, bold=False, color='white', colorSpace='named', contrast=1.0, depth=-1.0, flipHoriz=False, flipVert=False, font='Arial', fontFiles=[], height=0.05, italic=False, languageStyle='LTR', name='idle', opacity=1.0, ori=0, pos=array([0., 0.]), rgb=array([255., 255., 255.]), text='found', units='height', win=Window(...), wrapWidth=1)
6.9548 	EXP 	Created idle_2 = TextStim(__class__=<class 'psychopy.visual.text.TextStim'>, alignHoriz='center', alignVert='center', antialias=True, autoLog=True, bold=False, color='white', colorSpace='named', contrast=1.0, depth=-1.0, flipHoriz=False, flipVert=False, font='Arial', fontFiles=[], height=0.05, italic=False, languageStyle='LTR', name='idle_2', opacity=1.0, ori=0, pos=array([0., 0.]), rgb=array([255., 255., 255.]), text='init proc     ', units='height', win=Window(...), wrapWidth=1)
6.9639 	EXP 	Created idle_3 = TextStim(__class__=<class 'psychopy.visual.text.TextStim'>, alignHoriz='center', alignVert='center', antialias=True, autoLog=True, bold=False, color='white', colorSpace='named', contrast=1.0, depth=-1.0, flipHoriz=False, flipVert=False, font='Arial', fontFiles=[], height=0.05, italic=False, languageStyle='LTR', name='idle_3', opacity=1.0, ori=0, pos=array([0., 0.]), rgb=array([255., 255., 255.]), text='init proc 2141', units='height', win=Window(...), wrapWidth=1)
6.9707 	EXP 	Created idle_4 = TextStim(__class__=<class 'psychopy.visual.text.TextStim'>, alignHoriz='center', alignVert='center', antialias=True, autoLog=True, bold=False, color='white', colorSpace='named', contrast=1.0, depth=-1.0, flipHoriz=False, flipVert=False, font='Arial', fontFiles=[], height=0.05, italic=False, languageStyle='LTR', name='idle_4', opacity=1.0, ori=0, pos=array([0., 0.]), rgb=array([255., 255., 255.]), text='init proc 2215', units='height', win=Window(...), wrapWidth=1)
6.9786 	EXP 	Created idle_5 = TextStim(__class__=<class 'psychopy.visual.text.TextStim'>, alignHoriz='center', alignVert='center', antialias=True, autoLog=True, bold=False, color='white', colorSpace='named', contrast=1.0, depth=-1.0, flipHoriz=False, flipVert=False, font='Arial', fontFiles=[], height=0.05, italic=False, languageStyle='LTR', name='idle_5', opacity=1.0, ori=0, pos=array([0., 0.]), rgb=array([255., 255., 255.]), text='init proc 3229', units='height', win=Window(...), wrapWidth=1)
6.9840 	EXP 	Created idle_6 = TextStim(__class__=<class 'psychopy.visual.text.TextStim'>, alignHoriz='center', alignVert='center', antialias=True, autoLog=True, bold=False, color='white', colorSpace='named', contrast=1.0, depth=-1.0, flipHoriz=False, flipVert=False, font='Arial', fontFiles=[], height=0.05, italic=False, languageStyle='LTR', name='idle_6', opacity=1.0, ori=0, pos=array([0., 0.]), rgb=array([255., 255., 255.]), text='init proc 4325', units='height', win=Window(...), wrapWidth=1)
6.9908 	EXP 	Created idle_7 = TextStim(__class__=<class 'psychopy.visual.text.TextStim'>, alignHoriz='center', alignVert='center', antialias=True, autoLog=True, bold=False, color='white', colorSpace='named', contrast=1.0, depth=-1.0, flipHoriz=False, flipVert=False, font='Arial', fontFiles=[], height=0.05, italic=False, languageStyle='LTR', name='idle_7', opacity=1.0, ori=0, pos=array([0., 0.]), rgb=array([255., 255., 255.]), text='init proc 1337', units='height', win=Window(...), wrapWidth=1)
6.9968 	EXP 	Created ilde_8 = TextStim(__class__=<class 'psychopy.visual.text.TextStim'>, alignHoriz='center', alignVert='center', antialias=True, autoLog=True, bold=False, color='white', colorSpace='named', contrast=1.0, depth=-1.0, flipHoriz=False, flipVert=False, font='Arial', fontFiles=[], height=0.05, italic=False, languageStyle='LTR', name='ilde_8', opacity=1.0, ori=0, pos=array([0., 0.]), rgb=array([255., 255., 255.]), text='buffering      ', units='height', win=Window(...), wrapWidth=1)
7.0021 	EXP 	Created idle_9 = TextStim(__class__=<class 'psychopy.visual.text.TextStim'>, alignHoriz='center', alignVert='center', antialias=True, autoLog=True, bold=False, color='white', colorSpace='named', contrast=1.0, depth=-1.0, flipHoriz=False, flipVert=False, font='Arial', fontFiles=[], height=0.05, italic=False, languageStyle='LTR', name='idle_9', opacity=1.0, ori=0, pos=array([0., 0.]), rgb=array([255., 255., 255.]), text='buffering .    ', units='height', win=Window(...), wrapWidth=1)
7.0081 	EXP 	Created idle_10 = TextStim(__class__=<class 'psychopy.visual.text.TextStim'>, alignHoriz='center', alignVert='center', antialias=True, autoLog=True, bold=False, color='white', colorSpace='named', contrast=1.0, depth=-1.0, flipHoriz=False, flipVert=False, font='Arial', fontFiles=[], height=0.05, italic=False, languageStyle='LTR', name='idle_10', opacity=1.0, ori=0, pos=array([0., 0.]), rgb=array([255., 255., 255.]), text='buffering . .  ', units='height', win=Window(...), wrapWidth=1)
7.0141 	EXP 	Created idle_11 = TextStim(__class__=<class 'psychopy.visual.text.TextStim'>, alignHoriz='center', alignVert='center', antialias=True, autoLog=True, bold=False, color='white', colorSpace='named', contrast=1.0, depth=-1.0, flipHoriz=False, flipVert=False, font='Arial', fontFiles=[], height=0.05, italic=False, languageStyle='LTR', name='idle_11', opacity=1.0, ori=0, pos=array([0., 0.]), rgb=array([255., 255., 255.]), text='buffering . . .', units='height', win=Window(...), wrapWidth=1)
7.0155 	EXP 	Created cB_5 = Rect(__class__=<class 'psychopy.visual.rect.Rect'>, autoDraw=False, autoLog=True, closeShape=True, color=method-wrapper(...), colorSpace=None, contrast=1.0, depth=0.0, fillColor=array([-1., -1., -1.]), fillColorSpace='rgb', fillRGB=array([-1., -1., -1.]), interpolate=True, lineColor=array([1., 1., 1.]), lineColorSpace='rgb', lineRGB=array([1., 1., 1.]), lineWidth=1, name='cB_5', opacity=1.0, ori=array(0.), pos=array([0., 0.]), size=array([1., 1.]), units='height', vertices=ndarray(...), win=Window(...))
7.0307 	EXP 	cB_1: autoDraw = True
7.0307 	EXP 	textWelcome: autoDraw = True
10.9406 	DATA 	Keypress: return
10.9569 	EXP 	cB_1: autoDraw = False
10.9569 	EXP 	textWelcome: autoDraw = False
10.9569 	EXP 	cB_2: autoDraw = True
10.9569 	EXP 	textInstructions: autoDraw = True
14.6643 	DATA 	Keypress: c
14.6803 	EXP 	cB_2: autoDraw = False
14.6803 	EXP 	textInstructions: autoDraw = False
14.6803 	EXP 	cB_3: autoDraw = True
14.6803 	EXP 	textServer: autoDraw = True
16.8476 	DATA 	Keypress: c
16.8486 	EXP 	Created sequence: random, trialTypes=1, nReps=5, seed=None
16.8489 	EXP 	New trial (rep=0, index=0): None
16.8642 	EXP 	cB_3: autoDraw = False
16.8642 	EXP 	textServer: autoDraw = False
16.8642 	EXP 	cB_4: autoDraw = True
16.8642 	EXP 	text_1: autoDraw = True
17.8376 	EXP 	text_2: autoDraw = True
17.8715 	EXP 	text_1: autoDraw = False
18.3325 	EXP 	text_3: autoDraw = True
18.3494 	EXP 	text_2: autoDraw = False
18.8449 	EXP 	text_3: autoDraw = False
18.8449 	EXP 	text_4: autoDraw = True
19.3562 	EXP 	text_4: autoDraw = False
19.3577 	EXP 	New trial (rep=1, index=0): None
19.3731 	EXP 	cB_4: autoDraw = False
19.3731 	EXP 	text_1: autoDraw = False
19.3731 	EXP 	text_2: autoDraw = False
19.3731 	EXP 	text_3: autoDraw = False
19.3731 	EXP 	text_4: autoDraw = False
19.3731 	EXP 	cB_4: autoDraw = True
19.3731 	EXP 	text_1: autoDraw = True
20.3449 	EXP 	text_2: autoDraw = True
20.3789 	EXP 	text_1: autoDraw = False
20.8553 	EXP 	text_2: autoDraw = False
20.8553 	EXP 	text_3: autoDraw = True
21.3528 	EXP 	text_4: autoDraw = True
21.3698 	EXP 	text_3: autoDraw = False
21.8645 	EXP 	text_4: autoDraw = False
21.8661 	EXP 	New trial (rep=2, index=0): None
21.8816 	EXP 	cB_4: autoDraw = False
21.8816 	EXP 	text_1: autoDraw = False
21.8816 	EXP 	text_2: autoDraw = False
21.8816 	EXP 	text_3: autoDraw = False
21.8816 	EXP 	text_4: autoDraw = False
21.8816 	EXP 	cB_4: autoDraw = True
21.8816 	EXP 	text_1: autoDraw = True
22.8533 	EXP 	text_2: autoDraw = True
22.8872 	EXP 	text_1: autoDraw = False
23.3665 	EXP 	text_2: autoDraw = False
23.3665 	EXP 	text_3: autoDraw = True
23.8620 	EXP 	text_4: autoDraw = True
23.8792 	EXP 	text_3: autoDraw = False
24.3574 	EXP 	New trial (rep=3, index=0): None
24.3730 	EXP 	cB_4: autoDraw = False
24.3730 	EXP 	text_1: autoDraw = False
24.3730 	EXP 	text_2: autoDraw = False
24.3730 	EXP 	text_3: autoDraw = False
24.3730 	EXP 	text_4: autoDraw = False
24.3730 	EXP 	cB_4: autoDraw = True
24.3730 	EXP 	text_1: autoDraw = True
25.3456 	EXP 	text_2: autoDraw = True
25.3796 	EXP 	text_1: autoDraw = False
25.8409 	EXP 	text_3: autoDraw = True
25.8582 	EXP 	text_2: autoDraw = False
26.3526 	EXP 	text_3: autoDraw = False
26.3526 	EXP 	text_4: autoDraw = True
26.8637 	EXP 	text_4: autoDraw = False
26.8650 	EXP 	New trial (rep=4, index=0): None
26.8825 	EXP 	cB_4: autoDraw = False
26.8825 	EXP 	text_1: autoDraw = False
26.8825 	EXP 	text_2: autoDraw = False
26.8825 	EXP 	text_3: autoDraw = False
26.8825 	EXP 	text_4: autoDraw = False
26.8825 	EXP 	cB_4: autoDraw = True
26.8825 	EXP 	text_1: autoDraw = True
27.8568 	EXP 	text_2: autoDraw = True
27.8906 	EXP 	text_1: autoDraw = False
28.3526 	EXP 	text_3: autoDraw = True
28.3700 	EXP 	text_2: autoDraw = False
28.8667 	EXP 	text_3: autoDraw = False
28.8667 	EXP 	text_4: autoDraw = True
29.3778 	EXP 	cB_4: autoDraw = False
29.3778 	EXP 	text_1: autoDraw = False
29.3778 	EXP 	text_2: autoDraw = False
29.3778 	EXP 	text_3: autoDraw = False
29.3778 	EXP 	text_4: autoDraw = False
29.3778 	EXP 	cB_6: autoDraw = True
29.5501 	EXP 	idle: autoDraw = True
29.8566 	EXP 	idle: autoDraw = False
29.8566 	EXP 	idle_2: autoDraw = True
30.0613 	EXP 	idle_2: autoDraw = False
30.0613 	EXP 	idle_3: autoDraw = True
30.1484 	EXP 	idle_3: autoDraw = False
30.1484 	EXP 	idle_4: autoDraw = True
30.3003 	EXP 	idle_4: autoDraw = False
30.3003 	EXP 	idle_5: autoDraw = True
30.4529 	EXP 	idle_5: autoDraw = False
30.4529 	EXP 	idle_6: autoDraw = True
30.6066 	EXP 	idle_6: autoDraw = False
30.6066 	EXP 	idle_7: autoDraw = True
30.7092 	EXP 	idle_7: autoDraw = False
30.7092 	EXP 	ilde_8: autoDraw = True
31.2034 	EXP 	ilde_8: autoDraw = False
31.2034 	EXP 	idle_9: autoDraw = True
31.6995 	EXP 	idle_10: autoDraw = True
31.7161 	EXP 	idle_9: autoDraw = False
31.8866 	EXP 	cB_6: autoDraw = False
32.2108 	EXP 	idle_10: autoDraw = False
32.2108 	EXP 	idle_11: autoDraw = True
32.7228 	EXP 	cB_6: autoDraw = False
32.7228 	EXP 	idle: autoDraw = False
32.7228 	EXP 	idle_2: autoDraw = False
32.7228 	EXP 	idle_3: autoDraw = False
32.7228 	EXP 	idle_4: autoDraw = False
32.7228 	EXP 	idle_5: autoDraw = False
32.7228 	EXP 	idle_6: autoDraw = False
32.7228 	EXP 	idle_7: autoDraw = False
32.7228 	EXP 	ilde_8: autoDraw = False
32.7228 	EXP 	idle_9: autoDraw = False
32.7228 	EXP 	idle_10: autoDraw = False
32.7228 	EXP 	idle_11: autoDraw = False
32.7228 	EXP 	cB_5: autoDraw = True
35.2319 	EXP 	cB_5: autoDraw = False
37.1153 	DATA 	Keypress: c
37.1318 	EXP 	cB_5: autoDraw = False
37.2771 	EXP 	window1: mouseVisible = True
