2.7136 	WARNING 	Import Error: No module named 'psychtoolbox'. Using event module for keyboard component.
4.1878 	WARNING 	User requested fullscreen with size [1024  768], but screen is actually [1680, 1050]. Using actual size
5.1746 	EXP 	Created window1 = Window(allowGUI=True, allowStencil=False, args=UNKNOWN, autoLog=True, bitsMode=UNKNOWN, blendMode='avg', color=array([0., 0., 0.]), colorSpace='rgb', fullscr=<method-wrapper '__getattribute__' of attributeSetter object at 0x0B068F10>, gamma=None, gammaErrorPolicy='raise', kwargs=UNKNOWN, lms=UNKNOWN, monitor=<psychopy.monitors.calibTools.Monitor object at 0x07E57C10>, multiSample=False, name='window1', numSamples=2, pos=[0.0, 0.0], screen=0, size=array([1680, 1050]), stereo=False, units='height', useFBO=True, useRetina=False, viewOri=0.0, viewPos=None, viewScale=None, waitBlanking=True, winType='pyglet')
5.1746 	EXP 	window1: recordFrameIntervals = False
5.3447 	EXP 	window1: recordFrameIntervals = True
5.5338 	EXP 	window1: recordFrameIntervals = False
5.5366 	EXP 	Created cB_1 = Rect(__class__=<class 'psychopy.visual.rect.Rect'>, autoDraw=False, autoLog=True, closeShape=True, color=method-wrapper(...), colorSpace=None, contrast=1.0, depth=-1.0, fillColor=array([-1., -1., -1.]), fillColorSpace='rgb', fillRGB=array([-1., -1., -1.]), interpolate=True, lineColor=array([1., 1., 1.]), lineColorSpace='rgb', lineRGB=array([1., 1., 1.]), lineWidth=1, name='cB_1', opacity=1.0, ori=array(0.), pos=array([0., 0.]), size=array([1., 1.]), units='height', vertices=ndarray(...), win=Window(...))
5.6924 	EXP 	Created textWelcome = TextStim(__class__=<class 'psychopy.visual.text.TextStim'>, alignHoriz='center', alignVert='center', antialias=True, autoLog=True, bold=False, color='white', colorSpace='named', contrast=1.0, depth=-2.0, flipHoriz=False, flipVert=False, font='Arial', fontFiles=[], height=0.03, italic=False, languageStyle='LTR', name='textWelcome', opacity=1.0, ori=0, pos=array([0., 0.]), rgb=array([255., 255., 255.]), text=str(...), units='height', win=Window(...), wrapWidth=1)
5.6939 	EXP 	Created cB_2 = Rect(__class__=<class 'psychopy.visual.rect.Rect'>, autoDraw=False, autoLog=True, closeShape=True, color=method-wrapper(...), colorSpace=None, contrast=1.0, depth=-1.0, fillColor=array([-1., -1., -1.]), fillColorSpace='rgb', fillRGB=array([-1., -1., -1.]), interpolate=True, lineColor=array([1., 1., 1.]), lineColorSpace='rgb', lineRGB=array([1., 1., 1.]), lineWidth=1, name='cB_2', opacity=1.0, ori=array(0.), pos=array([0., 0.]), size=array([1., 1.]), units='height', vertices=ndarray(...), win=Window(...))
5.7841 	EXP 	Created textInstructions = TextStim(__class__=<class 'psychopy.visual.text.TextStim'>, alignHoriz='center', alignVert='center', antialias=True, autoLog=True, bold=False, color='white', colorSpace='named', contrast=1.0, depth=-2.0, flipHoriz=False, flipVert=False, font='Arial', fontFiles=[], height=0.03, italic=False, languageStyle='LTR', name='textInstructions', opacity=1.0, ori=0, pos=array([0., 0.]), rgb=array([255., 255., 255.]), text=str(...), units='height', win=Window(...), wrapWidth=1)
5.7856 	EXP 	Created cB_12 = Rect(__class__=<class 'psychopy.visual.rect.Rect'>, autoDraw=False, autoLog=True, closeShape=True, color=method-wrapper(...), colorSpace=None, contrast=1.0, depth=0.0, fillColor=array([-1., -1., -1.]), fillColorSpace='rgb', fillRGB=array([-1., -1., -1.]), interpolate=True, lineColor=array([1., 1., 1.]), lineColorSpace='rgb', lineRGB=array([1., 1., 1.]), lineWidth=1, name='cB_12', opacity=1.0, ori=array(0.), pos=array([0., 0.]), size=array([1., 1.]), units='height', vertices=ndarray(...), win=Window(...))
5.9071 	EXP 	Created textInstructions_2 = TextStim(__class__=<class 'psychopy.visual.text.TextStim'>, alignHoriz='center', alignVert='center', antialias=True, autoLog=True, bold=False, color='white', colorSpace='named', contrast=1.0, depth=-1.0, flipHoriz=False, flipVert=False, font='Arial', fontFiles=[], height=0.03, italic=False, languageStyle='LTR', name='textInstructions_2', opacity=1.0, ori=0, pos=array([0., 0.]), rgb=array([255., 255., 255.]), text=str(...), units='height', win=Window(...), wrapWidth=1)
5.9087 	EXP 	Created cB = Rect(__class__=<class 'psychopy.visual.rect.Rect'>, autoDraw=False, autoLog=True, closeShape=True, color=method-wrapper(...), colorSpace=None, contrast=1.0, depth=0.0, fillColor=array([-1., -1., -1.]), fillColorSpace='rgb', fillRGB=array([-1., -1., -1.]), interpolate=True, lineColor=array([1., 1., 1.]), lineColorSpace='rgb', lineRGB=array([1., 1., 1.]), lineWidth=1, name='cB', opacity=1.0, ori=array(0.), pos=array([0., 0.]), size=array([1., 1.]), units='height', vertices=ndarray(...), win=Window(...))
5.9575 	EXP 	Created displayText = TextStim(__class__=<class 'psychopy.visual.text.TextStim'>, alignHoriz='center', alignVert='center', antialias=True, autoLog=True, bold=False, color='white', colorSpace='named', contrast=1.0, depth=-2.0, flipHoriz=False, flipVert=False, font='Arial', fontFiles=[], height=0.04, italic=False, languageStyle='LTR', name='displayText', opacity=1.0, ori=0, pos=array([0. , 0.1]), rgb=array([255., 255., 255.]), text=str(...), units='height', win=Window(...), wrapWidth=1)
5.9589 	EXP 	Created copyText = TextStim(__class__=<class 'psychopy.visual.text.TextStim'>, alignHoriz='center', alignVert='center', antialias=True, autoLog=True, bold=False, color='white', colorSpace='named', contrast=1.0, depth=-3.0, flipHoriz=False, flipVert=False, font='Arial', fontFiles=[], height=0.05, italic=False, languageStyle='LTR', name='copyText', opacity=1.0, ori=0, pos=array([ 0. , -0.1]), rgb=array([255., 255., 255.]), text='', units='height', win=Window(...), wrapWidth=1)
5.9605 	EXP 	Created cB_3 = Rect(__class__=<class 'psychopy.visual.rect.Rect'>, autoDraw=False, autoLog=True, closeShape=True, color=method-wrapper(...), colorSpace=None, contrast=1.0, depth=-1.0, fillColor=array([-1., -1., -1.]), fillColorSpace='rgb', fillRGB=array([-1., -1., -1.]), interpolate=True, lineColor=array([1., 1., 1.]), lineColorSpace='rgb', lineRGB=array([1., 1., 1.]), lineWidth=1, name='cB_3', opacity=1.0, ori=array(0.), pos=array([0., 0.]), size=array([1., 1.]), units='height', vertices=ndarray(...), win=Window(...))
5.9946 	EXP 	Created textServer = TextStim(__class__=<class 'psychopy.visual.text.TextStim'>, alignHoriz='center', alignVert='center', antialias=True, autoLog=True, bold=False, color='white', colorSpace='named', contrast=1.0, depth=-2.0, flipHoriz=False, flipVert=False, font='Arial', fontFiles=[], height=0.03, italic=False, languageStyle='LTR', name='textServer', opacity=1.0, ori=0, pos=array([0., 0.]), rgb=array([255., 255., 255.]), text=str(...), units='height', win=Window(...), wrapWidth=1)
5.9963 	EXP 	Created cB_4 = Rect(__class__=<class 'psychopy.visual.rect.Rect'>, autoDraw=False, autoLog=True, closeShape=True, color=method-wrapper(...), colorSpace=None, contrast=1.0, depth=0.0, fillColor=array([-1., -1., -1.]), fillColorSpace='rgb', fillRGB=array([-1., -1., -1.]), interpolate=True, lineColor=array([1., 1., 1.]), lineColorSpace='rgb', lineRGB=array([1., 1., 1.]), lineWidth=1, name='cB_4', opacity=1.0, ori=array(0.), pos=array([0., 0.]), size=array([1., 1.]), units='height', vertices=ndarray(...), win=Window(...))
6.0017 	EXP 	Created text_1 = TextStim(__class__=<class 'psychopy.visual.text.TextStim'>, alignHoriz='center', alignVert='center', antialias=True, autoLog=True, bold=False, color='white', colorSpace='named', contrast=1.0, depth=-1.0, flipHoriz=False, flipVert=False, font='Arial', fontFiles=[], height=0.03, italic=False, languageStyle='LTR', name='text_1', opacity=1.0, ori=0, pos=array([0., 0.]), rgb=array([255., 255., 255.]), text='connecting      ', units='height', win=Window(...), wrapWidth=1)
6.0066 	EXP 	Created text_2 = TextStim(__class__=<class 'psychopy.visual.text.TextStim'>, alignHoriz='center', alignVert='center', antialias=True, autoLog=True, bold=False, color='white', colorSpace='named', contrast=1.0, depth=-2.0, flipHoriz=False, flipVert=False, font='Arial', fontFiles=[], height=0.03, italic=False, languageStyle='LTR', name='text_2', opacity=1.0, ori=0, pos=array([0., 0.]), rgb=array([255., 255., 255.]), text='connecting .    ', units='height', win=Window(...), wrapWidth=1)
6.0116 	EXP 	Created text_3 = TextStim(__class__=<class 'psychopy.visual.text.TextStim'>, alignHoriz='center', alignVert='center', antialias=True, autoLog=True, bold=False, color='white', colorSpace='named', contrast=1.0, depth=-3.0, flipHoriz=False, flipVert=False, font='Arial', fontFiles=[], height=0.03, italic=False, languageStyle='LTR', name='text_3', opacity=1.0, ori=0, pos=array([0., 0.]), rgb=array([255., 255., 255.]), text='connecting . .  ', units='height', win=Window(...), wrapWidth=1)
6.0176 	EXP 	Created text_4 = TextStim(__class__=<class 'psychopy.visual.text.TextStim'>, alignHoriz='center', alignVert='center', antialias=True, autoLog=True, bold=False, color='white', colorSpace='named', contrast=1.0, depth=-4.0, flipHoriz=False, flipVert=False, font='Arial', fontFiles=[], height=0.03, italic=False, languageStyle='LTR', name='text_4', opacity=1.0, ori=0, pos=array([0., 0.]), rgb=array([255., 255., 255.]), text='connecting . . .', units='height', win=Window(...), wrapWidth=1)
6.0191 	EXP 	Created cB_5 = Rect(__class__=<class 'psychopy.visual.rect.Rect'>, autoDraw=False, autoLog=True, closeShape=True, color=method-wrapper(...), colorSpace=None, contrast=1.0, depth=0.0, fillColor=array([-1., -1., -1.]), fillColorSpace='rgb', fillRGB=array([-1., -1., -1.]), interpolate=True, lineColor=array([1., 1., 1.]), lineColorSpace='rgb', lineRGB=array([1., 1., 1.]), lineWidth=1, name='cB_5', opacity=1.0, ori=array(0.), pos=array([0., 0.]), size=array([1., 1.]), units='height', vertices=ndarray(...), win=Window(...))
6.0229 	EXP 	Created idle = TextStim(__class__=<class 'psychopy.visual.text.TextStim'>, alignHoriz='center', alignVert='center', antialias=True, autoLog=True, bold=False, color='white', colorSpace='named', contrast=1.0, depth=-1.0, flipHoriz=False, flipVert=False, font='Arial', fontFiles=[], height=0.03, italic=False, languageStyle='LTR', name='idle', opacity=1.0, ori=0, pos=array([0., 0.]), rgb=array([255., 255., 255.]), text='found', units='height', win=Window(...), wrapWidth=1)
6.0276 	EXP 	Created idle_2 = TextStim(__class__=<class 'psychopy.visual.text.TextStim'>, alignHoriz='center', alignVert='center', antialias=True, autoLog=True, bold=False, color='white', colorSpace='named', contrast=1.0, depth=-2.0, flipHoriz=False, flipVert=False, font='Arial', fontFiles=[], height=0.03, italic=False, languageStyle='LTR', name='idle_2', opacity=1.0, ori=0, pos=array([0., 0.]), rgb=array([255., 255., 255.]), text='init proc     ', units='height', win=Window(...), wrapWidth=1)
6.0348 	EXP 	Created idle_3 = TextStim(__class__=<class 'psychopy.visual.text.TextStim'>, alignHoriz='center', alignVert='center', antialias=True, autoLog=True, bold=False, color='white', colorSpace='named', contrast=1.0, depth=-3.0, flipHoriz=False, flipVert=False, font='Arial', fontFiles=[], height=0.03, italic=False, languageStyle='LTR', name='idle_3', opacity=1.0, ori=0, pos=array([0., 0.]), rgb=array([255., 255., 255.]), text='init proc 2141', units='height', win=Window(...), wrapWidth=1)
6.0400 	EXP 	Created idle_4 = TextStim(__class__=<class 'psychopy.visual.text.TextStim'>, alignHoriz='center', alignVert='center', antialias=True, autoLog=True, bold=False, color='white', colorSpace='named', contrast=1.0, depth=-4.0, flipHoriz=False, flipVert=False, font='Arial', fontFiles=[], height=0.03, italic=False, languageStyle='LTR', name='idle_4', opacity=1.0, ori=0, pos=array([0., 0.]), rgb=array([255., 255., 255.]), text='init proc 2215', units='height', win=Window(...), wrapWidth=1)
6.0472 	EXP 	Created idle_5 = TextStim(__class__=<class 'psychopy.visual.text.TextStim'>, alignHoriz='center', alignVert='center', antialias=True, autoLog=True, bold=False, color='white', colorSpace='named', contrast=1.0, depth=-5.0, flipHoriz=False, flipVert=False, font='Arial', fontFiles=[], height=0.03, italic=False, languageStyle='LTR', name='idle_5', opacity=1.0, ori=0, pos=array([0., 0.]), rgb=array([255., 255., 255.]), text='init proc 3229', units='height', win=Window(...), wrapWidth=1)
6.0523 	EXP 	Created idle_6 = TextStim(__class__=<class 'psychopy.visual.text.TextStim'>, alignHoriz='center', alignVert='center', antialias=True, autoLog=True, bold=False, color='white', colorSpace='named', contrast=1.0, depth=-6.0, flipHoriz=False, flipVert=False, font='Arial', fontFiles=[], height=0.03, italic=False, languageStyle='LTR', name='idle_6', opacity=1.0, ori=0, pos=array([0., 0.]), rgb=array([255., 255., 255.]), text='init proc 4325', units='height', win=Window(...), wrapWidth=1)
6.0575 	EXP 	Created idle_7 = TextStim(__class__=<class 'psychopy.visual.text.TextStim'>, alignHoriz='center', alignVert='center', antialias=True, autoLog=True, bold=False, color='white', colorSpace='named', contrast=1.0, depth=-7.0, flipHoriz=False, flipVert=False, font='Arial', fontFiles=[], height=0.03, italic=False, languageStyle='LTR', name='idle_7', opacity=1.0, ori=0, pos=array([0., 0.]), rgb=array([255., 255., 255.]), text='init proc 1337', units='height', win=Window(...), wrapWidth=1)
6.0623 	EXP 	Created ilde_8 = TextStim(__class__=<class 'psychopy.visual.text.TextStim'>, alignHoriz='center', alignVert='center', antialias=True, autoLog=True, bold=False, color='white', colorSpace='named', contrast=1.0, depth=-8.0, flipHoriz=False, flipVert=False, font='Arial', fontFiles=[], height=0.03, italic=False, languageStyle='LTR', name='ilde_8', opacity=1.0, ori=0, pos=array([0., 0.]), rgb=array([255., 255., 255.]), text='buffering      ', units='height', win=Window(...), wrapWidth=1)
6.0673 	EXP 	Created idle_9 = TextStim(__class__=<class 'psychopy.visual.text.TextStim'>, alignHoriz='center', alignVert='center', antialias=True, autoLog=True, bold=False, color='white', colorSpace='named', contrast=1.0, depth=-9.0, flipHoriz=False, flipVert=False, font='Arial', fontFiles=[], height=0.03, italic=False, languageStyle='LTR', name='idle_9', opacity=1.0, ori=0, pos=array([0., 0.]), rgb=array([255., 255., 255.]), text='buffering .    ', units='height', win=Window(...), wrapWidth=1)
6.0722 	EXP 	Created idle_10 = TextStim(__class__=<class 'psychopy.visual.text.TextStim'>, alignHoriz='center', alignVert='center', antialias=True, autoLog=True, bold=False, color='white', colorSpace='named', contrast=1.0, depth=-10.0, flipHoriz=False, flipVert=False, font='Arial', fontFiles=[], height=0.03, italic=False, languageStyle='LTR', name='idle_10', opacity=1.0, ori=0, pos=array([0., 0.]), rgb=array([255., 255., 255.]), text='buffering . .  ', units='height', win=Window(...), wrapWidth=1)
6.0777 	EXP 	Created idle_11 = TextStim(__class__=<class 'psychopy.visual.text.TextStim'>, alignHoriz='center', alignVert='center', antialias=True, autoLog=True, bold=False, color='white', colorSpace='named', contrast=1.0, depth=-11.0, flipHoriz=False, flipVert=False, font='Arial', fontFiles=[], height=0.03, italic=False, languageStyle='LTR', name='idle_11', opacity=1.0, ori=0, pos=array([0., 0.]), rgb=array([255., 255., 255.]), text='buffering . . .', units='height', win=Window(...), wrapWidth=1)
6.0872 	EXP 	Created idle_12 = TextStim(__class__=<class 'psychopy.visual.text.TextStim'>, alignHoriz='center', alignVert='center', antialias=True, autoLog=True, bold=False, color='white', colorSpace='named', contrast=1.0, depth=-12.0, flipHoriz=False, flipVert=False, font='Arial', fontFiles=[], height=0.03, italic=False, languageStyle='LTR', name='idle_12', opacity=1.0, ori=0, pos=array([0., 0.]), rgb=array([255., 255., 255.]), text='run /serv/234_1/sd connect', units='height', win=Window(...), wrapWidth=1)
6.0887 	EXP 	Created cB_6 = Rect(__class__=<class 'psychopy.visual.rect.Rect'>, autoDraw=False, autoLog=True, closeShape=True, color=method-wrapper(...), colorSpace=None, contrast=1.0, depth=-1.0, fillColor=array([-1., -1., -1.]), fillColorSpace='rgb', fillRGB=array([-1., -1., -1.]), interpolate=True, lineColor=array([1., 1., 1.]), lineColorSpace='rgb', lineRGB=array([1., 1., 1.]), lineWidth=1, name='cB_6', opacity=1.0, ori=array(0.), pos=array([0., 0.]), size=array([1., 1.]), units='height', vertices=ndarray(...), win=Window(...))
6.0940 	EXP 	Created sBInstructions = TextStim(__class__=<class 'psychopy.visual.text.TextStim'>, alignHoriz='center', alignVert='center', antialias=True, autoLog=True, bold=False, color='white', colorSpace='named', contrast=1.0, depth=-2.0, flipHoriz=False, flipVert=False, font='Arial', fontFiles=[], height=0.03, italic=False, languageStyle='LTR', name='sBInstructions', opacity=1.0, ori=0, pos=array([0., 0.]), rgb=array([255., 255., 255.]), text='default text', units='height', win=Window(...), wrapWidth=1)
6.0955 	EXP 	Created cB_8 = Rect(__class__=<class 'psychopy.visual.rect.Rect'>, autoDraw=False, autoLog=True, closeShape=True, color=method-wrapper(...), colorSpace=None, contrast=1.0, depth=0.0, fillColor=array([-1., -1., -1.]), fillColorSpace='rgb', fillRGB=array([-1., -1., -1.]), interpolate=True, lineColor=array([1., 1., 1.]), lineColorSpace='rgb', lineRGB=array([1., 1., 1.]), lineWidth=1, name='cB_8', opacity=1.0, ori=array(0.), pos=array([0., 0.]), size=array([1., 1.]), units='height', vertices=ndarray(...), win=Window(...))
6.1104 	EXP 	Created text = TextStim(__class__=<class 'psychopy.visual.text.TextStim'>, alignHoriz='center', alignVert='center', antialias=True, autoLog=True, bold=False, color='white', colorSpace='named', contrast=1.0, depth=-1.0, flipHoriz=False, flipVert=False, font='Arial', fontFiles=[], height=0.05, italic=False, languageStyle='LTR', name='text', opacity=1.0, ori=0, pos=array([0., 0.]), rgb=array([255., 255., 255.]), text='default text', units='height', win=Window(...), wrapWidth=1)
6.1160 	EXP 	Created imagesbRnd = ImageStim(__class__=<class 'psychopy.visual.image.ImageStim'>, autoLog=True, color=array([1., 1., 1.]), colorSpace='rgb', contrast=1.0, depth=-2.0, flipHoriz=False, flipVert=False, image='sin', interpolate=True, mask=None, maskParams=None, name='imagesbRnd', opacity=1.0, ori=0.0, pos=array([0.  , 0.25]), size=array([0.2, 0.2]), texRes=128, units='height', win=Window(...))
6.1855 	EXP 	Created sbChoice = RatingScale(__class__=type(...), acceptKeys=['return'], acceptPreText=UNKNOWN, acceptSize=UNKNOWN, acceptText='accept?', autoLog=True, choices=list(...), depth=0, disappear=False, flipVert=False, high=10, kwargs=UNKNOWN, labels=list(...), leftKeys=['left'], lineColor='White', low=0, marker=ShapeStim(...), markerColor='DarkBlue', markerExpansion=UNKNOWN, markerStart=5.0, maxTime=0.0, minTime=0.4, mouseOnly=False, name='sbChoice', noMouse=False, pos=[0.0, -0.4], precision=1, respKeys=[], rightKeys=['right'], scale='<default>', self=UNKNOWN, showAccept=True, showValue=True, singleClick=False, size=0.6, skipKeys=['tab'], stretch=1.0, textColor='LightGray', textFont='Helvetica Bold', textSize=0.12, tickHeight=-1, tickMarks=10.0, win=Window(...))
6.1870 	EXP 	Created cB_9 = Rect(__class__=<class 'psychopy.visual.rect.Rect'>, autoDraw=False, autoLog=True, closeShape=True, color=method-wrapper(...), colorSpace=None, contrast=1.0, depth=0.0, fillColor=array([-1., -1., -1.]), fillColorSpace='rgb', fillRGB=array([-1., -1., -1.]), interpolate=True, lineColor=array([1., 1., 1.]), lineColorSpace='rgb', lineRGB=array([1., 1., 1.]), lineWidth=1, name='cB_9', opacity=1.0, ori=array(0.), pos=array([0., 0.]), size=array([1., 1.]), units='height', vertices=ndarray(...), win=Window(...))
6.1885 	EXP 	Created cbFb = Rect(__class__=<class 'psychopy.visual.rect.Rect'>, autoDraw=False, autoLog=True, closeShape=True, color=method-wrapper(...), colorSpace=None, contrast=1.0, depth=-1.0, fillColor=array([-1., -1., -1.]), fillColorSpace='rgb', fillRGB=array([-1., -1., -1.]), interpolate=True, lineColor=array([1., 1., 1.]), lineColorSpace='rgb', lineRGB=array([1., 1., 1.]), lineWidth=1, name='cbFb', opacity=1.0, ori=array(0.), pos=array([0., 0.]), size=array([1., 1.]), units='height', vertices=ndarray(...), win=Window(...))
6.1958 	EXP 	Created textFb = TextStim(__class__=<class 'psychopy.visual.text.TextStim'>, alignHoriz='center', alignVert='center', antialias=True, autoLog=True, bold=False, color='white', colorSpace='named', contrast=1.0, depth=-2.0, flipHoriz=False, flipVert=False, font='Arial', fontFiles=[], height=0.03, italic=False, languageStyle='LTR', name='textFb', opacity=1.0, ori=0, pos=array([0., 0.]), rgb=array([255., 255., 255.]), text='default text', units='height', win=Window(...), wrapWidth=1)
6.1974 	EXP 	Created cbBuf = Rect(__class__=<class 'psychopy.visual.rect.Rect'>, autoDraw=False, autoLog=True, closeShape=True, color=method-wrapper(...), colorSpace=None, contrast=1.0, depth=0.0, fillColor=array([-1., -1., -1.]), fillColorSpace='rgb', fillRGB=array([-1., -1., -1.]), interpolate=True, lineColor=array([1., 1., 1.]), lineColorSpace='rgb', lineRGB=array([1., 1., 1.]), lineWidth=1, name='cbBuf', opacity=1.0, ori=array(0.), pos=array([0., 0.]), size=array([1., 1.]), units='height', vertices=ndarray(...), win=Window(...))
6.1991 	EXP 	Created fixCross = ShapeStim(__class__=<class 'psychopy.visual.shape.ShapeStim'>, autoDraw=False, autoLog=True, closeShape=True, contrast=1.0, depth=-1.0, fillColor=array([1., 1., 1.]), fillColorSpace='rgb', interpolate=True, lineColor=array([1., 1., 1.]), lineColorSpace='rgb', lineWidth=1, name='fixCross', opacity=1.0, ori=array(0.), pos=array([0., 0.]), size=array([0.1, 0.1]), units='height', vertices=ndarray(...), win=Window(...), windingRule=None)
6.2005 	EXP 	Created cB_11 = Rect(__class__=<class 'psychopy.visual.rect.Rect'>, autoDraw=False, autoLog=True, closeShape=True, color=method-wrapper(...), colorSpace=None, contrast=1.0, depth=0.0, fillColor=array([-1., -1., -1.]), fillColorSpace='rgb', fillRGB=array([-1., -1., -1.]), interpolate=True, lineColor=array([1., 1., 1.]), lineColorSpace='rgb', lineRGB=array([1., 1., 1.]), lineWidth=1, name='cB_11', opacity=1.0, ori=array(0.), pos=array([0., 0.]), size=array([1., 1.]), units='height', vertices=ndarray(...), win=Window(...))
6.2234 	EXP 	Created rating = RatingScale(__class__=type(...), acceptKeys=['return'], acceptPreText=UNKNOWN, acceptSize=UNKNOWN, acceptText='accept?', autoLog=True, choices=False, depth=0, disappear=False, flipVert=False, high=7, kwargs=UNKNOWN, labels=list(...), leftKeys=['left'], lineColor='White', low=1, marker=ShapeStim(...), markerColor='DarkBlue', markerExpansion=UNKNOWN, markerStart=None, maxTime=0.0, minTime=0.4, mouseOnly=False, name='rating', noMouse=False, pos=[0.0, -0.4], precision=1, respKeys=['1', '2', '3', '4', '5', '6', '7'], rightKeys=['right'], scale='', self=UNKNOWN, showAccept=True, showValue=True, singleClick=False, size=0.6, skipKeys=['tab'], stretch=1.0, textColor='LightGray', textFont='Helvetica Bold', textSize=0.12, tickHeight=1.0, tickMarks=6.0, win=Window(...))
6.2249 	EXP 	Created cB_9 = Rect(__class__=<class 'psychopy.visual.rect.Rect'>, autoDraw=False, autoLog=True, closeShape=True, color=method-wrapper(...), colorSpace=None, contrast=1.0, depth=0.0, fillColor=array([-1., -1., -1.]), fillColorSpace='rgb', fillRGB=array([-1., -1., -1.]), interpolate=True, lineColor=array([1., 1., 1.]), lineColorSpace='rgb', lineRGB=array([1., 1., 1.]), lineWidth=1, name='cB_9', opacity=1.0, ori=array(0.), pos=array([0., 0.]), size=array([1., 1.]), units='height', vertices=ndarray(...), win=Window(...))
6.2264 	EXP 	Created cbBuf = Rect(__class__=<class 'psychopy.visual.rect.Rect'>, autoDraw=False, autoLog=True, closeShape=True, color=method-wrapper(...), colorSpace=None, contrast=1.0, depth=0.0, fillColor=array([-1., -1., -1.]), fillColorSpace='rgb', fillRGB=array([-1., -1., -1.]), interpolate=True, lineColor=array([1., 1., 1.]), lineColorSpace='rgb', lineRGB=array([1., 1., 1.]), lineWidth=1, name='cbBuf', opacity=1.0, ori=array(0.), pos=array([0., 0.]), size=array([1., 1.]), units='height', vertices=ndarray(...), win=Window(...))
6.2280 	EXP 	Created fixCross = ShapeStim(__class__=<class 'psychopy.visual.shape.ShapeStim'>, autoDraw=False, autoLog=True, closeShape=True, contrast=1.0, depth=-1.0, fillColor=array([1., 1., 1.]), fillColorSpace='rgb', interpolate=True, lineColor=array([1., 1., 1.]), lineColorSpace='rgb', lineWidth=1, name='fixCross', opacity=1.0, ori=array(0.), pos=array([0., 0.]), size=array([0.1, 0.1]), units='height', vertices=ndarray(...), win=Window(...), windingRule=None)
6.2296 	EXP 	Created cB_10 = Rect(__class__=<class 'psychopy.visual.rect.Rect'>, autoDraw=False, autoLog=True, closeShape=True, color=method-wrapper(...), colorSpace=None, contrast=1.0, depth=0.0, fillColor=array([-1., -1., -1.]), fillColorSpace='rgb', fillRGB=array([-1., -1., -1.]), interpolate=True, lineColor=array([1., 1., 1.]), lineColorSpace='rgb', lineRGB=array([1., 1., 1.]), lineWidth=1, name='cB_10', opacity=1.0, ori=array(0.), pos=array([0., 0.]), size=array([1., 1.]), units='height', vertices=ndarray(...), win=Window(...))
6.3066 	EXP 	Created sbEndText = TextStim(__class__=<class 'psychopy.visual.text.TextStim'>, alignHoriz='center', alignVert='center', antialias=True, autoLog=True, bold=False, color='white', colorSpace='named', contrast=1.0, depth=-1.0, flipHoriz=False, flipVert=False, font='Arial', fontFiles=[], height=0.1, italic=False, languageStyle='LTR', name='sbEndText', opacity=1.0, ori=0, pos=array([0., 0.]), rgb=array([255., 255., 255.]), text=str(...), units='height', win=Window(...), wrapWidth=1)
6.3301 	EXP 	sbChoice: flipVert = False
6.3301 	EXP 	sbChoice: autoLog = True
6.3301 	EXP 	rating: flipVert = False
6.3301 	EXP 	rating: autoLog = True
6.3301 	EXP 	cB_1: autoDraw = True
6.3301 	EXP 	textWelcome: autoDraw = True
7.8785 	DATA 	Keypress: c
9.3925 	DATA 	Keypress: c
9.4090 	EXP 	cB_1: autoDraw = False
9.4090 	EXP 	textWelcome: autoDraw = False
9.4090 	EXP 	cB_2: autoDraw = True
9.4090 	EXP 	textInstructions: autoDraw = True
10.0047 	DATA 	Keypress: c
11.0234 	DATA 	Keypress: 1
11.0400 	EXP 	cB_2: autoDraw = False
11.0400 	EXP 	textInstructions: autoDraw = False
11.0400 	EXP 	cB_12: autoDraw = True
11.0400 	EXP 	textInstructions_2: autoDraw = True
11.3488 	DATA 	Keypress: 1
11.3651 	EXP 	cB_12: autoDraw = False
11.3651 	EXP 	textInstructions_2: autoDraw = False
11.3651 	EXP 	text: text = ''
11.3651 	EXP 	cB: autoDraw = True
11.3651 	EXP 	displayText: autoDraw = True
11.3651 	EXP 	copyText: autoDraw = True
13.0501 	DATA 	Keypress: c
13.0702 	EXP 	text: text = 'c'
13.0702 	EXP 	copyText: text = 'c'
14.0052 	DATA 	Keypress: return
14.0220 	EXP 	copyText: text = 'c'
14.0220 	EXP 	cB: autoDraw = False
14.0220 	EXP 	displayText: autoDraw = False
14.0220 	EXP 	copyText: autoDraw = False
14.0220 	EXP 	cB_3: autoDraw = True
14.0220 	EXP 	textServer: autoDraw = True
15.1993 	DATA 	Keypress: c
15.8309 	DATA 	Keypress: c
16.6971 	DATA 	Keypress: c
16.6977 	EXP 	Created sequence: sequential, trialTypes=1, nReps=1, seed=None
16.6979 	EXP 	New trial (rep=0, index=0): None
16.7138 	EXP 	cB_3: autoDraw = False
16.7138 	EXP 	textServer: autoDraw = False
16.7138 	EXP 	cB_4: autoDraw = True
16.7138 	EXP 	text_1: autoDraw = True
17.6827 	EXP 	text_2: autoDraw = True
17.7167 	EXP 	text_1: autoDraw = False
18.1956 	EXP 	text_2: autoDraw = False
18.1956 	EXP 	text_3: autoDraw = True
18.6884 	EXP 	text_4: autoDraw = True
18.7054 	EXP 	text_3: autoDraw = False
19.2015 	EXP 	text_4: autoDraw = False
19.2184 	EXP 	cB_4: autoDraw = False
19.2184 	EXP 	text_1: autoDraw = False
19.2184 	EXP 	text_2: autoDraw = False
19.2184 	EXP 	text_3: autoDraw = False
19.2184 	EXP 	text_4: autoDraw = False
19.2184 	EXP 	cB_5: autoDraw = True
19.3889 	EXP 	idle: autoDraw = True
19.6962 	EXP 	idle: autoDraw = False
19.6962 	EXP 	idle_2: autoDraw = True
19.8993 	EXP 	idle_2: autoDraw = False
19.8993 	EXP 	idle_3: autoDraw = True
20.0011 	EXP 	idle_3: autoDraw = False
20.0011 	EXP 	idle_4: autoDraw = True
20.1371 	EXP 	idle_4: autoDraw = False
20.1371 	EXP 	idle_5: autoDraw = True
20.2904 	EXP 	idle_5: autoDraw = False
20.2904 	EXP 	idle_6: autoDraw = True
20.4455 	EXP 	idle_6: autoDraw = False
20.4455 	EXP 	idle_7: autoDraw = True
20.5465 	EXP 	idle_7: autoDraw = False
20.5465 	EXP 	ilde_8: autoDraw = True
21.0406 	EXP 	ilde_8: autoDraw = False
21.0406 	EXP 	idle_9: autoDraw = True
21.5515 	EXP 	idle_9: autoDraw = False
21.5515 	EXP 	idle_10: autoDraw = True
22.0455 	EXP 	idle_11: autoDraw = True
22.0620 	EXP 	idle_10: autoDraw = False
22.5368 	EXP 	idle_12: autoDraw = True
22.5537 	EXP 	idle_11: autoDraw = False
22.6902 	EXP 	idle_12: autoDraw = False
23.2552 	EXP 	cB_5: autoDraw = False
23.2552 	EXP 	idle: autoDraw = False
23.2552 	EXP 	idle_2: autoDraw = False
23.2552 	EXP 	idle_3: autoDraw = False
23.2552 	EXP 	idle_4: autoDraw = False
23.2552 	EXP 	idle_5: autoDraw = False
23.2552 	EXP 	idle_6: autoDraw = False
23.2552 	EXP 	idle_7: autoDraw = False
23.2552 	EXP 	ilde_8: autoDraw = False
23.2552 	EXP 	idle_9: autoDraw = False
23.2552 	EXP 	idle_10: autoDraw = False
23.2552 	EXP 	idle_11: autoDraw = False
23.2552 	EXP 	idle_12: autoDraw = False
23.2552 	EXP 	sBInstructions: text = "Hello c\nYou are now ready to start with the experiment. \n\nOn the next screens you will make decisions on how to engage with other players.\n\n\nMake a choice using your 'left' or 'right' keys and confirm with 'enter'\n"
23.2552 	EXP 	cB_6: autoDraw = True
23.4454 	EXP 	sBInstructions: autoDraw = True
24.8218 	DATA 	Keypress: c
26.3844 	DATA 	Keypress: c
26.4230 	EXP 	Imported contitions.xlsx as conditions, 1 conditions, 6 params
26.4234 	EXP 	Created sequence: random, trialTypes=1, nReps=2, seed=None
26.4238 	EXP 	New trial (rep=0, index=0): OrderedDict([('playerId', 'Paul'), ('avatarFile', 'images/avatar1.jpg'), ('choiceLabel', 'reciprocate'), ('actionLabel', 1), ('actionRound', 1), ('actionExit', 'enter')])
26.4409 	EXP 	Imported contitions.xlsx as conditions, 1 conditions, 6 params
26.4413 	EXP 	Created sequence: random, trialTypes=1, nReps=2, seed=None
26.4418 	EXP 	New trial (rep=0, index=0): OrderedDict([('playerId', 'Paul'), ('avatarFile', 'images/avatar1.jpg'), ('choiceLabel', 'reciprocate'), ('actionLabel', 1), ('actionRound', 1), ('actionExit', 'enter')])
26.5179 	EXP 	RatingScale sbChoice: reset()
26.5541 	EXP 	cB_6: autoDraw = False
26.5541 	EXP 	sBInstructions: autoDraw = False
26.5541 	EXP 	text: text = 'This round you are playing with Paul!'
26.5541 	EXP 	imagesbRnd: image = 'images/avatar1.jpg'
26.5541 	EXP 	cB_8: autoDraw = True
26.5541 	EXP 	text: autoDraw = True
26.5541 	EXP 	imagesbRnd: autoDraw = True
26.5541 	EXP 	sbChoice: autoDraw = True
27.2545 	DATA 	Keypress: right
27.4951 	DATA 	Keypress: right
27.7214 	DATA 	Keypress: return
27.7215 	DATA 	RatingScale sbChoice: (key response) rating=7
27.7216 	DATA 	RatingScale sbChoice: rating RT=1.203
27.7216 	DATA 	RatingScale sbChoice: history=[('5', 0.0), ('6', 0.739), ('7', 0.98), ('7', 1.203)]
27.7499 	EXP 	cB_8: autoDraw = False
27.7499 	EXP 	text: autoDraw = False
27.7499 	EXP 	imagesbRnd: autoDraw = False
27.7499 	EXP 	sbChoice: autoDraw = False
27.7499 	EXP 	cB_9: autoDraw = True
28.2790 	EXP 	cB_9: autoDraw = False
28.2790 	EXP 	textFb: text = 'Paul has decided to return 7 credits back to you. This is a return of 100 Your gain for this round is 10 credits '
28.2790 	EXP 	cbFb: autoDraw = True
28.2790 	EXP 	textFb: autoDraw = True
30.2689 	EXP 	cbFb: autoDraw = False
30.2689 	EXP 	textFb: autoDraw = False
30.2689 	EXP 	cbBuf: autoDraw = True
30.4392 	EXP 	fixCross: autoDraw = True
30.9517 	EXP 	fixCross: autoDraw = False
31.1424 	EXP 	New trial (rep=1, index=0): OrderedDict([('playerId', 'Paul'), ('avatarFile', 'images/avatar1.jpg'), ('choiceLabel', 'reciprocate'), ('actionLabel', 1), ('actionRound', 1), ('actionExit', 'enter')])
31.1953 	EXP 	RatingScale sbChoice: reset()
31.2122 	EXP 	cbBuf: autoDraw = False
31.2122 	EXP 	fixCross: autoDraw = False
31.2122 	EXP 	text: text = 'This round you are playing with Paul!'
31.2122 	EXP 	imagesbRnd: image = 'images/avatar1.jpg'
31.2122 	EXP 	cB_8: autoDraw = True
31.2122 	EXP 	text: autoDraw = True
31.2122 	EXP 	imagesbRnd: autoDraw = True
31.2122 	EXP 	sbChoice: autoDraw = True
31.8224 	DATA 	Keypress: right
32.0452 	DATA 	Keypress: right
32.3002 	DATA 	Keypress: return
32.3041 	DATA 	RatingScale sbChoice: (key response) rating=7
32.3042 	DATA 	RatingScale sbChoice: rating RT=1.108
32.3042 	DATA 	RatingScale sbChoice: history=[('5', 0.0), ('6', 0.63), ('7', 0.853), ('7', 1.108)]
32.3342 	EXP 	cB_8: autoDraw = False
32.3342 	EXP 	text: autoDraw = False
32.3342 	EXP 	imagesbRnd: autoDraw = False
32.3342 	EXP 	sbChoice: autoDraw = False
32.3342 	EXP 	cB_9: autoDraw = True
32.8638 	EXP 	cB_9: autoDraw = False
32.8638 	EXP 	textFb: text = 'Paul has decided to return 14 credits back to you. This is a return of 200 Your gain for this round is 17 credits '
32.8638 	EXP 	cbFb: autoDraw = True
32.8638 	EXP 	textFb: autoDraw = True
34.8362 	EXP 	cbFb: autoDraw = False
34.8362 	EXP 	textFb: autoDraw = False
34.8362 	EXP 	cbBuf: autoDraw = True
35.0087 	EXP 	fixCross: autoDraw = True
35.5211 	EXP 	fixCross: autoDraw = False
35.7398 	EXP 	Imported sliders.xlsx as conditions, 6 conditions, 5 params
35.7401 	EXP 	Created sequence: sequential, trialTypes=6, nReps=1, seed=None
35.7405 	EXP 	New trial (rep=0, index=0): OrderedDict([('sliderID', 1), ('sliderText', 'How much do you like Paul?'), ('sliderMin', 'not at all'), ('sliderMax', 'very much'), ('sliderChoices', '1 2 3 4 5 6 7')])
35.7810 	EXP 	Created rating = RatingScale(__class__=type(...), acceptKeys=['return'], acceptPreText=UNKNOWN, acceptSize=UNKNOWN, acceptText='accept?', autoLog=True, choices=False, depth=0, disappear=False, flipVert=False, high=7, kwargs=UNKNOWN, labels=list(...), leftKeys=['left'], lineColor='White', low=1, marker=ShapeStim(...), markerColor='DarkRed', markerExpansion=UNKNOWN, markerStart=4.0, maxTime=0.0, minTime=0.4, mouseOnly=False, name='rating', noMouse=False, pos=[0.0, -0.2], precision=1, respKeys=['1', '2', '3', '4', '5', '6', '7'], rightKeys=['right'], scale='How much do you like Paul?', self=UNKNOWN, showAccept=True, showValue=True, singleClick=False, size=0.6, skipKeys=['tab'], stretch=1.0, textColor='LightGray', textFont='Helvetica Bold', textSize=0.12, tickHeight=-1, tickMarks=6.0, win=Window(...))
35.7820 	EXP 	RatingScale rating: reset()
35.8099 	EXP 	cbBuf: autoDraw = False
35.8099 	EXP 	fixCross: autoDraw = False
35.8099 	EXP 	rating: flipVert = False
35.8099 	EXP 	rating: autoLog = True
35.8099 	EXP 	cB_11: autoDraw = True
35.8099 	EXP 	rating: autoDraw = True
36.4255 	DATA 	Keypress: right
36.6465 	DATA 	Keypress: right
36.9362 	DATA 	Keypress: return
36.9390 	DATA 	RatingScale rating: (key response) rating=6
36.9390 	DATA 	RatingScale rating: rating RT=1.157
36.9391 	DATA 	RatingScale rating: history=[(4.0, 0.0), (5, 0.645), (6, 0.866), (6, 1.157)]
36.9551 	EXP 	New trial (rep=0, index=1): OrderedDict([('sliderID', 2), ('sliderText', 'How much do you want to continue playing with Paul?'), ('sliderMin', 'not at all'), ('sliderMax', 'very much'), ('sliderChoices', '1 2 3 4 5 6 7')])
36.9898 	EXP 	Created rating = RatingScale(__class__=type(...), acceptKeys=['return'], acceptPreText=UNKNOWN, acceptSize=UNKNOWN, acceptText='accept?', autoLog=True, choices=False, depth=0, disappear=False, flipVert=False, high=7, kwargs=UNKNOWN, labels=list(...), leftKeys=['left'], lineColor='White', low=1, marker=ShapeStim(...), markerColor='DarkRed', markerExpansion=UNKNOWN, markerStart=4.0, maxTime=0.0, minTime=0.4, mouseOnly=False, name='rating', noMouse=False, pos=[0.0, -0.2], precision=1, respKeys=['1', '2', '3', '4', '5', '6', '7'], rightKeys=['right'], scale=str(...), self=UNKNOWN, showAccept=True, showValue=True, singleClick=False, size=0.6, skipKeys=['tab'], stretch=1.0, textColor='LightGray', textFont='Helvetica Bold', textSize=0.12, tickHeight=-1, tickMarks=6.0, win=Window(...))
36.9906 	EXP 	RatingScale rating: reset()
37.0085 	EXP 	cB_11: autoDraw = False
37.0085 	EXP 	rating: autoDraw = False
37.0085 	EXP 	rating: flipVert = False
37.0085 	EXP 	rating: autoLog = True
37.0085 	EXP 	cB_11: autoDraw = True
37.0085 	EXP 	rating: autoDraw = True
38.1327 	DATA 	Keypress: right
38.3381 	DATA 	Keypress: right
38.5257 	DATA 	Keypress: return
38.5282 	DATA 	RatingScale rating: (key response) rating=6
38.5283 	DATA 	RatingScale rating: rating RT=1.537
38.5283 	DATA 	RatingScale rating: history=[(4.0, 0.0), (5, 1.143), (6, 1.349), (6, 1.537)]
38.5431 	EXP 	New trial (rep=0, index=2): OrderedDict([('sliderID', 3), ('sliderText', 'How much do you like Lukas?'), ('sliderMin', 'not at all'), ('sliderMax', 'very much'), ('sliderChoices', '1 2 3 4 5 6 7')])
38.5767 	EXP 	Created rating = RatingScale(__class__=type(...), acceptKeys=['return'], acceptPreText=UNKNOWN, acceptSize=UNKNOWN, acceptText='accept?', autoLog=True, choices=False, depth=0, disappear=False, flipVert=False, high=7, kwargs=UNKNOWN, labels=list(...), leftKeys=['left'], lineColor='White', low=1, marker=ShapeStim(...), markerColor='DarkRed', markerExpansion=UNKNOWN, markerStart=4.0, maxTime=0.0, minTime=0.4, mouseOnly=False, name='rating', noMouse=False, pos=[0.0, -0.2], precision=1, respKeys=['1', '2', '3', '4', '5', '6', '7'], rightKeys=['right'], scale='How much do you like Lukas?', self=UNKNOWN, showAccept=True, showValue=True, singleClick=False, size=0.6, skipKeys=['tab'], stretch=1.0, textColor='LightGray', textFont='Helvetica Bold', textSize=0.12, tickHeight=-1, tickMarks=6.0, win=Window(...))
38.5776 	EXP 	RatingScale rating: reset()
38.5957 	EXP 	cB_11: autoDraw = False
38.5957 	EXP 	rating: autoDraw = False
38.5957 	EXP 	rating: flipVert = False
38.5957 	EXP 	rating: autoLog = True
38.5957 	EXP 	cB_11: autoDraw = True
38.5957 	EXP 	rating: autoDraw = True
38.9678 	DATA 	Keypress: right
39.1743 	DATA 	Keypress: right
39.5507 	DATA 	Keypress: return
39.5509 	DATA 	RatingScale rating: (key response) rating=5
39.5509 	DATA 	RatingScale rating: rating RT=0.973
39.5509 	DATA 	RatingScale rating: history=[(4.0, 0.0), (5, 0.598), (5, 0.973)]
39.5665 	EXP 	New trial (rep=0, index=3): OrderedDict([('sliderID', 4), ('sliderText', 'How much do you want to continue playing with Lukas?'), ('sliderMin', 'not at all'), ('sliderMax', 'very much'), ('sliderChoices', '1 2 3 4 5 6 7')])
39.6014 	EXP 	Created rating = RatingScale(__class__=type(...), acceptKeys=['return'], acceptPreText=UNKNOWN, acceptSize=UNKNOWN, acceptText='accept?', autoLog=True, choices=False, depth=0, disappear=False, flipVert=False, high=7, kwargs=UNKNOWN, labels=list(...), leftKeys=['left'], lineColor='White', low=1, marker=ShapeStim(...), markerColor='DarkRed', markerExpansion=UNKNOWN, markerStart=4.0, maxTime=0.0, minTime=0.4, mouseOnly=False, name='rating', noMouse=False, pos=[0.0, -0.2], precision=1, respKeys=['1', '2', '3', '4', '5', '6', '7'], rightKeys=['right'], scale=str(...), self=UNKNOWN, showAccept=True, showValue=True, singleClick=False, size=0.6, skipKeys=['tab'], stretch=1.0, textColor='LightGray', textFont='Helvetica Bold', textSize=0.12, tickHeight=-1, tickMarks=6.0, win=Window(...))
39.6026 	EXP 	RatingScale rating: reset()
39.6210 	EXP 	cB_11: autoDraw = False
39.6210 	EXP 	rating: autoDraw = False
39.6210 	EXP 	rating: flipVert = False
39.6210 	EXP 	rating: autoLog = True
39.6210 	EXP 	cB_11: autoDraw = True
39.6210 	EXP 	rating: autoDraw = True
39.8405 	DATA 	Keypress: right
40.0596 	DATA 	Keypress: right
40.2650 	DATA 	Keypress: right
40.5206 	DATA 	Keypress: return
40.5232 	DATA 	RatingScale rating: (key response) rating=6
40.5233 	DATA 	RatingScale rating: rating RT=0.920
40.5233 	DATA 	RatingScale rating: history=[(4.0, 0.0), (5, 0.458), (6, 0.664), (6, 0.92)]
40.5400 	EXP 	New trial (rep=0, index=4): OrderedDict([('sliderID', 5), ('sliderText', 'How do you feel?'), ('sliderMin', 'negative'), ('sliderMax', 'positive'), ('sliderChoices', '1 2 3 4 5 6 7')])
40.5680 	EXP 	Created rating = RatingScale(__class__=type(...), acceptKeys=['return'], acceptPreText=UNKNOWN, acceptSize=UNKNOWN, acceptText='accept?', autoLog=True, choices=False, depth=0, disappear=False, flipVert=False, high=7, kwargs=UNKNOWN, labels=list(...), leftKeys=['left'], lineColor='White', low=1, marker=ShapeStim(...), markerColor='DarkRed', markerExpansion=UNKNOWN, markerStart=4.0, maxTime=0.0, minTime=0.4, mouseOnly=False, name='rating', noMouse=False, pos=[0.0, -0.2], precision=1, respKeys=['1', '2', '3', '4', '5', '6', '7'], rightKeys=['right'], scale='How do you feel?', self=UNKNOWN, showAccept=True, showValue=True, singleClick=False, size=0.6, skipKeys=['tab'], stretch=1.0, textColor='LightGray', textFont='Helvetica Bold', textSize=0.12, tickHeight=-1, tickMarks=6.0, win=Window(...))
40.5691 	EXP 	RatingScale rating: reset()
40.5878 	EXP 	cB_11: autoDraw = False
40.5878 	EXP 	rating: autoDraw = False
40.5878 	EXP 	rating: flipVert = False
40.5878 	EXP 	rating: autoLog = True
40.5878 	EXP 	cB_11: autoDraw = True
40.5878 	EXP 	rating: autoDraw = True
41.1851 	DATA 	Keypress: right
41.4073 	DATA 	Keypress: right
41.6284 	DATA 	Keypress: return
41.6307 	DATA 	RatingScale rating: (key response) rating=6
41.6307 	DATA 	RatingScale rating: rating RT=1.061
41.6307 	DATA 	RatingScale rating: history=[(4.0, 0.0), (5, 0.618), (6, 0.84), (6, 1.061)]
41.6463 	EXP 	New trial (rep=0, index=5): OrderedDict([('sliderID', 6), ('sliderText', 'How activated are you right now?'), ('sliderMin', 'low'), ('sliderMax', 'high'), ('sliderChoices', '1 2 3 4 5 6 7')])
41.6723 	EXP 	Created rating = RatingScale(__class__=type(...), acceptKeys=['return'], acceptPreText=UNKNOWN, acceptSize=UNKNOWN, acceptText='accept?', autoLog=True, choices=False, depth=0, disappear=False, flipVert=False, high=7, kwargs=UNKNOWN, labels=list(...), leftKeys=['left'], lineColor='White', low=1, marker=ShapeStim(...), markerColor='DarkRed', markerExpansion=UNKNOWN, markerStart=4.0, maxTime=0.0, minTime=0.4, mouseOnly=False, name='rating', noMouse=False, pos=[0.0, -0.2], precision=1, respKeys=['1', '2', '3', '4', '5', '6', '7'], rightKeys=['right'], scale='How activated are you right now?', self=UNKNOWN, showAccept=True, showValue=True, singleClick=False, size=0.6, skipKeys=['tab'], stretch=1.0, textColor='LightGray', textFont='Helvetica Bold', textSize=0.12, tickHeight=-1, tickMarks=6.0, win=Window(...))
41.6731 	EXP 	RatingScale rating: reset()
41.6959 	EXP 	cB_11: autoDraw = False
41.6959 	EXP 	rating: autoDraw = False
41.6959 	EXP 	rating: flipVert = False
41.6959 	EXP 	rating: autoLog = True
41.6959 	EXP 	cB_11: autoDraw = True
41.6959 	EXP 	rating: autoDraw = True
42.1744 	DATA 	Keypress: right
42.3784 	DATA 	Keypress: right
42.5835 	DATA 	Keypress: return
42.5863 	DATA 	RatingScale rating: (key response) rating=6
42.5863 	DATA 	RatingScale rating: rating RT=0.913
42.5864 	DATA 	RatingScale rating: history=[(4.0, 0.0), (5, 0.503), (6, 0.707), (6, 0.913)]
42.6038 	EXP 	Created sequence: random, trialTypes=1, nReps=4, seed=None
42.6041 	EXP 	New trial (rep=0, index=0): None
42.6182 	EXP 	cB_11: autoDraw = False
42.6182 	EXP 	rating: autoDraw = False
42.6182 	EXP 	cB_9: autoDraw = True
43.1137 	EXP 	New trial (rep=1, index=0): None
43.1300 	EXP 	cB_9: autoDraw = False
43.1300 	EXP 	cB_9: autoDraw = True
43.6097 	EXP 	New trial (rep=2, index=0): None
43.6261 	EXP 	cB_9: autoDraw = False
43.6261 	EXP 	cB_9: autoDraw = True
44.1057 	EXP 	New trial (rep=3, index=0): None
44.1220 	EXP 	cB_9: autoDraw = False
44.1220 	EXP 	cB_9: autoDraw = True
44.6325 	EXP 	cB_9: autoDraw = False
44.6325 	EXP 	cbBuf: autoDraw = True
44.8052 	EXP 	fixCross: autoDraw = True
45.3159 	EXP 	fixCross: autoDraw = False
45.5068 	EXP 	New trial (rep=1, index=0): OrderedDict([('playerId', 'Paul'), ('avatarFile', 'images/avatar1.jpg'), ('choiceLabel', 'reciprocate'), ('actionLabel', 1), ('actionRound', 1), ('actionExit', 'enter')])
45.5277 	EXP 	Imported contitions.xlsx as conditions, 1 conditions, 6 params
45.5280 	EXP 	Created sequence: random, trialTypes=1, nReps=2, seed=None
45.5283 	EXP 	New trial (rep=0, index=0): OrderedDict([('playerId', 'Paul'), ('avatarFile', 'images/avatar1.jpg'), ('choiceLabel', 'reciprocate'), ('actionLabel', 1), ('actionRound', 1), ('actionExit', 'enter')])
45.5897 	EXP 	RatingScale sbChoice: reset()
45.6095 	EXP 	cbBuf: autoDraw = False
45.6095 	EXP 	fixCross: autoDraw = False
45.6095 	EXP 	text: text = 'This round you are playing with Paul!'
45.6095 	EXP 	imagesbRnd: image = 'images/avatar1.jpg'
45.6095 	EXP 	cB_8: autoDraw = True
45.6095 	EXP 	text: autoDraw = True
45.6095 	EXP 	imagesbRnd: autoDraw = True
45.6095 	EXP 	sbChoice: autoDraw = True
46.3621 	DATA 	Keypress: left
46.5464 	DATA 	Keypress: left
46.7687 	DATA 	Keypress: return
46.7731 	DATA 	RatingScale sbChoice: (key response) rating=3
46.7732 	DATA 	RatingScale sbChoice: rating RT=1.183
46.7732 	DATA 	RatingScale sbChoice: history=[('5', 0.0), ('4', 0.772), ('3', 0.96), ('3', 1.183)]
46.8044 	EXP 	cB_8: autoDraw = False
46.8044 	EXP 	text: autoDraw = False
46.8044 	EXP 	imagesbRnd: autoDraw = False
46.8044 	EXP 	sbChoice: autoDraw = False
46.8044 	EXP 	cB_9: autoDraw = True
47.3317 	EXP 	cB_9: autoDraw = False
47.3317 	EXP 	textFb: text = 'Paul has decided to return 3 credits back to you. This is a return of 100 Your gain for this round is 10 credits '
47.3317 	EXP 	cbFb: autoDraw = True
47.3317 	EXP 	textFb: autoDraw = True
49.3215 	EXP 	cbFb: autoDraw = False
49.3215 	EXP 	textFb: autoDraw = False
49.3215 	EXP 	cbBuf: autoDraw = True
49.4922 	EXP 	fixCross: autoDraw = True
50.0046 	EXP 	fixCross: autoDraw = False
50.1932 	EXP 	New trial (rep=1, index=0): OrderedDict([('playerId', 'Paul'), ('avatarFile', 'images/avatar1.jpg'), ('choiceLabel', 'reciprocate'), ('actionLabel', 1), ('actionRound', 1), ('actionExit', 'enter')])
50.2513 	EXP 	RatingScale sbChoice: reset()
50.2773 	EXP 	cbBuf: autoDraw = False
50.2773 	EXP 	fixCross: autoDraw = False
50.2773 	EXP 	text: text = 'This round you are playing with Paul!'
50.2773 	EXP 	imagesbRnd: image = 'images/avatar1.jpg'
50.2773 	EXP 	cB_8: autoDraw = True
50.2773 	EXP 	text: autoDraw = True
50.2773 	EXP 	imagesbRnd: autoDraw = True
50.2773 	EXP 	sbChoice: autoDraw = True
51.1344 	DATA 	Keypress: escape
51.4072 	EXP 	window1: mouseVisible = True
