2.6325 	WARNING 	Import Error: No module named 'psychtoolbox'. Using event module for keyboard component.
5.0631 	WARNING 	User requested fullscreen with size [1024  768], but screen is actually [1680, 1050]. Using actual size
6.0501 	EXP 	Created window1 = Window(allowGUI=True, allowStencil=False, args=UNKNOWN, autoLog=True, bitsMode=UNKNOWN, blendMode='avg', color=array([0., 0., 0.]), colorSpace='rgb', fullscr=<method-wrapper '__getattribute__' of attributeSetter object at 0x0B07A1B0>, gamma=None, gammaErrorPolicy='raise', kwargs=UNKNOWN, lms=UNKNOWN, monitor=<psychopy.monitors.calibTools.Monitor object at 0x0B018E90>, multiSample=False, name='window1', numSamples=2, pos=[0.0, 0.0], screen=0, size=array([1680, 1050]), stereo=False, units='height', useFBO=True, useRetina=False, viewOri=0.0, viewPos=None, viewScale=None, waitBlanking=True, winType='pyglet')
6.0502 	EXP 	window1: recordFrameIntervals = False
6.2176 	EXP 	window1: recordFrameIntervals = True
6.4052 	EXP 	window1: recordFrameIntervals = False
6.4080 	EXP 	Created cB_1 = Rect(__class__=<class 'psychopy.visual.rect.Rect'>, autoDraw=False, autoLog=True, closeShape=True, color=method-wrapper(...), colorSpace=None, contrast=1.0, depth=-1.0, fillColor=array([-1., -1., -1.]), fillColorSpace='rgb', fillRGB=array([-1., -1., -1.]), interpolate=True, lineColor=array([1., 1., 1.]), lineColorSpace='rgb', lineRGB=array([1., 1., 1.]), lineWidth=1, name='cB_1', opacity=1.0, ori=array(0.), pos=array([0., 0.]), size=array([1., 1.]), units='height', vertices=ndarray(...), win=Window(...))
6.5533 	EXP 	Created textWelcome = TextStim(__class__=<class 'psychopy.visual.text.TextStim'>, alignHoriz='center', alignVert='center', antialias=True, autoLog=True, bold=False, color='white', colorSpace='named', contrast=1.0, depth=-2.0, flipHoriz=False, flipVert=False, font='Arial', fontFiles=[], height=0.03, italic=False, languageStyle='LTR', name='textWelcome', opacity=1.0, ori=0, pos=array([0., 0.]), rgb=array([255., 255., 255.]), text=str(...), units='height', win=Window(...), wrapWidth=1)
6.5548 	EXP 	Created cB_2 = Rect(__class__=<class 'psychopy.visual.rect.Rect'>, autoDraw=False, autoLog=True, closeShape=True, color=method-wrapper(...), colorSpace=None, contrast=1.0, depth=0.0, fillColor=array([-1., -1., -1.]), fillColorSpace='rgb', fillRGB=array([-1., -1., -1.]), interpolate=True, lineColor=array([1., 1., 1.]), lineColorSpace='rgb', lineRGB=array([1., 1., 1.]), lineWidth=1, name='cB_2', opacity=1.0, ori=array(0.), pos=array([0., 0.]), size=array([1., 1.]), units='height', vertices=ndarray(...), win=Window(...))
6.6301 	EXP 	Created textInstructions = TextStim(__class__=<class 'psychopy.visual.text.TextStim'>, alignHoriz='center', alignVert='center', antialias=True, autoLog=True, bold=False, color='white', colorSpace='named', contrast=1.0, depth=-1.0, flipHoriz=False, flipVert=False, font='Arial', fontFiles=[], height=0.03, italic=False, languageStyle='LTR', name='textInstructions', opacity=1.0, ori=0, pos=array([0., 0.]), rgb=array([255., 255., 255.]), text=str(...), units='height', win=Window(...), wrapWidth=1)
6.6316 	EXP 	Created cB_3 = Rect(__class__=<class 'psychopy.visual.rect.Rect'>, autoDraw=False, autoLog=True, closeShape=True, color=method-wrapper(...), colorSpace=None, contrast=1.0, depth=0.0, fillColor=array([-1., -1., -1.]), fillColorSpace='rgb', fillRGB=array([-1., -1., -1.]), interpolate=True, lineColor=array([1., 1., 1.]), lineColorSpace='rgb', lineRGB=array([1., 1., 1.]), lineWidth=1, name='cB_3', opacity=1.0, ori=array(0.), pos=array([0., 0.]), size=array([1., 1.]), units='height', vertices=ndarray(...), win=Window(...))
6.6689 	EXP 	Created textServer = TextStim(__class__=<class 'psychopy.visual.text.TextStim'>, alignHoriz='center', alignVert='center', antialias=True, autoLog=True, bold=False, color='white', colorSpace='named', contrast=1.0, depth=-1.0, flipHoriz=False, flipVert=False, font='Arial', fontFiles=[], height=0.03, italic=False, languageStyle='LTR', name='textServer', opacity=1.0, ori=0, pos=array([0., 0.]), rgb=array([255., 255., 255.]), text=str(...), units='height', win=Window(...), wrapWidth=1)
6.6705 	EXP 	Created cB_4 = Rect(__class__=<class 'psychopy.visual.rect.Rect'>, autoDraw=False, autoLog=True, closeShape=True, color=method-wrapper(...), colorSpace=None, contrast=1.0, depth=0.0, fillColor=array([-1., -1., -1.]), fillColorSpace='rgb', fillRGB=array([-1., -1., -1.]), interpolate=True, lineColor=array([1., 1., 1.]), lineColorSpace='rgb', lineRGB=array([1., 1., 1.]), lineWidth=1, name='cB_4', opacity=1.0, ori=array(0.), pos=array([0., 0.]), size=array([1., 1.]), units='height', vertices=ndarray(...), win=Window(...))
6.6763 	EXP 	Created text_1 = TextStim(__class__=<class 'psychopy.visual.text.TextStim'>, alignHoriz='center', alignVert='center', antialias=True, autoLog=True, bold=False, color='white', colorSpace='named', contrast=1.0, depth=-1.0, flipHoriz=False, flipVert=False, font='Arial', fontFiles=[], height=0.03, italic=False, languageStyle='LTR', name='text_1', opacity=1.0, ori=0, pos=array([0., 0.]), rgb=array([255., 255., 255.]), text='connecting      ', units='height', win=Window(...), wrapWidth=1)
6.6816 	EXP 	Created text_2 = TextStim(__class__=<class 'psychopy.visual.text.TextStim'>, alignHoriz='center', alignVert='center', antialias=True, autoLog=True, bold=False, color='white', colorSpace='named', contrast=1.0, depth=-2.0, flipHoriz=False, flipVert=False, font='Arial', fontFiles=[], height=0.03, italic=False, languageStyle='LTR', name='text_2', opacity=1.0, ori=0, pos=array([0., 0.]), rgb=array([255., 255., 255.]), text='connecting .    ', units='height', win=Window(...), wrapWidth=1)
6.6866 	EXP 	Created text_3 = TextStim(__class__=<class 'psychopy.visual.text.TextStim'>, alignHoriz='center', alignVert='center', antialias=True, autoLog=True, bold=False, color='white', colorSpace='named', contrast=1.0, depth=-3.0, flipHoriz=False, flipVert=False, font='Arial', fontFiles=[], height=0.03, italic=False, languageStyle='LTR', name='text_3', opacity=1.0, ori=0, pos=array([0., 0.]), rgb=array([255., 255., 255.]), text='connecting . .  ', units='height', win=Window(...), wrapWidth=1)
6.6923 	EXP 	Created text_4 = TextStim(__class__=<class 'psychopy.visual.text.TextStim'>, alignHoriz='center', alignVert='center', antialias=True, autoLog=True, bold=False, color='white', colorSpace='named', contrast=1.0, depth=-4.0, flipHoriz=False, flipVert=False, font='Arial', fontFiles=[], height=0.03, italic=False, languageStyle='LTR', name='text_4', opacity=1.0, ori=0, pos=array([0., 0.]), rgb=array([255., 255., 255.]), text='connecting . . .', units='height', win=Window(...), wrapWidth=1)
6.6938 	EXP 	Created cB_5 = Rect(__class__=<class 'psychopy.visual.rect.Rect'>, autoDraw=False, autoLog=True, closeShape=True, color=method-wrapper(...), colorSpace=None, contrast=1.0, depth=0.0, fillColor=array([-1., -1., -1.]), fillColorSpace='rgb', fillRGB=array([-1., -1., -1.]), interpolate=True, lineColor=array([1., 1., 1.]), lineColorSpace='rgb', lineRGB=array([1., 1., 1.]), lineWidth=1, name='cB_5', opacity=1.0, ori=array(0.), pos=array([0., 0.]), size=array([1., 1.]), units='height', vertices=ndarray(...), win=Window(...))
6.6982 	EXP 	Created idle = TextStim(__class__=<class 'psychopy.visual.text.TextStim'>, alignHoriz='center', alignVert='center', antialias=True, autoLog=True, bold=False, color='white', colorSpace='named', contrast=1.0, depth=-1.0, flipHoriz=False, flipVert=False, font='Arial', fontFiles=[], height=0.03, italic=False, languageStyle='LTR', name='idle', opacity=1.0, ori=0, pos=array([0., 0.]), rgb=array([255., 255., 255.]), text='found', units='height', win=Window(...), wrapWidth=1)
6.7029 	EXP 	Created idle_2 = TextStim(__class__=<class 'psychopy.visual.text.TextStim'>, alignHoriz='center', alignVert='center', antialias=True, autoLog=True, bold=False, color='white', colorSpace='named', contrast=1.0, depth=-2.0, flipHoriz=False, flipVert=False, font='Arial', fontFiles=[], height=0.03, italic=False, languageStyle='LTR', name='idle_2', opacity=1.0, ori=0, pos=array([0., 0.]), rgb=array([255., 255., 255.]), text='init proc     ', units='height', win=Window(...), wrapWidth=1)
6.7118 	EXP 	Created idle_3 = TextStim(__class__=<class 'psychopy.visual.text.TextStim'>, alignHoriz='center', alignVert='center', antialias=True, autoLog=True, bold=False, color='white', colorSpace='named', contrast=1.0, depth=-3.0, flipHoriz=False, flipVert=False, font='Arial', fontFiles=[], height=0.03, italic=False, languageStyle='LTR', name='idle_3', opacity=1.0, ori=0, pos=array([0., 0.]), rgb=array([255., 255., 255.]), text='init proc 2141', units='height', win=Window(...), wrapWidth=1)
6.7183 	EXP 	Created idle_4 = TextStim(__class__=<class 'psychopy.visual.text.TextStim'>, alignHoriz='center', alignVert='center', antialias=True, autoLog=True, bold=False, color='white', colorSpace='named', contrast=1.0, depth=-4.0, flipHoriz=False, flipVert=False, font='Arial', fontFiles=[], height=0.03, italic=False, languageStyle='LTR', name='idle_4', opacity=1.0, ori=0, pos=array([0., 0.]), rgb=array([255., 255., 255.]), text='init proc 2215', units='height', win=Window(...), wrapWidth=1)
6.7252 	EXP 	Created idle_5 = TextStim(__class__=<class 'psychopy.visual.text.TextStim'>, alignHoriz='center', alignVert='center', antialias=True, autoLog=True, bold=False, color='white', colorSpace='named', contrast=1.0, depth=-5.0, flipHoriz=False, flipVert=False, font='Arial', fontFiles=[], height=0.03, italic=False, languageStyle='LTR', name='idle_5', opacity=1.0, ori=0, pos=array([0., 0.]), rgb=array([255., 255., 255.]), text='init proc 3229', units='height', win=Window(...), wrapWidth=1)
6.7306 	EXP 	Created idle_6 = TextStim(__class__=<class 'psychopy.visual.text.TextStim'>, alignHoriz='center', alignVert='center', antialias=True, autoLog=True, bold=False, color='white', colorSpace='named', contrast=1.0, depth=-6.0, flipHoriz=False, flipVert=False, font='Arial', fontFiles=[], height=0.03, italic=False, languageStyle='LTR', name='idle_6', opacity=1.0, ori=0, pos=array([0., 0.]), rgb=array([255., 255., 255.]), text='init proc 4325', units='height', win=Window(...), wrapWidth=1)
6.7370 	EXP 	Created idle_7 = TextStim(__class__=<class 'psychopy.visual.text.TextStim'>, alignHoriz='center', alignVert='center', antialias=True, autoLog=True, bold=False, color='white', colorSpace='named', contrast=1.0, depth=-7.0, flipHoriz=False, flipVert=False, font='Arial', fontFiles=[], height=0.03, italic=False, languageStyle='LTR', name='idle_7', opacity=1.0, ori=0, pos=array([0., 0.]), rgb=array([255., 255., 255.]), text='init proc 1337', units='height', win=Window(...), wrapWidth=1)
6.7420 	EXP 	Created ilde_8 = TextStim(__class__=<class 'psychopy.visual.text.TextStim'>, alignHoriz='center', alignVert='center', antialias=True, autoLog=True, bold=False, color='white', colorSpace='named', contrast=1.0, depth=-8.0, flipHoriz=False, flipVert=False, font='Arial', fontFiles=[], height=0.03, italic=False, languageStyle='LTR', name='ilde_8', opacity=1.0, ori=0, pos=array([0., 0.]), rgb=array([255., 255., 255.]), text='buffering      ', units='height', win=Window(...), wrapWidth=1)
6.7470 	EXP 	Created idle_9 = TextStim(__class__=<class 'psychopy.visual.text.TextStim'>, alignHoriz='center', alignVert='center', antialias=True, autoLog=True, bold=False, color='white', colorSpace='named', contrast=1.0, depth=-9.0, flipHoriz=False, flipVert=False, font='Arial', fontFiles=[], height=0.03, italic=False, languageStyle='LTR', name='idle_9', opacity=1.0, ori=0, pos=array([0., 0.]), rgb=array([255., 255., 255.]), text='buffering .    ', units='height', win=Window(...), wrapWidth=1)
6.7519 	EXP 	Created idle_10 = TextStim(__class__=<class 'psychopy.visual.text.TextStim'>, alignHoriz='center', alignVert='center', antialias=True, autoLog=True, bold=False, color='white', colorSpace='named', contrast=1.0, depth=-10.0, flipHoriz=False, flipVert=False, font='Arial', fontFiles=[], height=0.03, italic=False, languageStyle='LTR', name='idle_10', opacity=1.0, ori=0, pos=array([0., 0.]), rgb=array([255., 255., 255.]), text='buffering . .  ', units='height', win=Window(...), wrapWidth=1)
6.7572 	EXP 	Created idle_11 = TextStim(__class__=<class 'psychopy.visual.text.TextStim'>, alignHoriz='center', alignVert='center', antialias=True, autoLog=True, bold=False, color='white', colorSpace='named', contrast=1.0, depth=-11.0, flipHoriz=False, flipVert=False, font='Arial', fontFiles=[], height=0.03, italic=False, languageStyle='LTR', name='idle_11', opacity=1.0, ori=0, pos=array([0., 0.]), rgb=array([255., 255., 255.]), text='buffering . . .', units='height', win=Window(...), wrapWidth=1)
6.7668 	EXP 	Created idle_12 = TextStim(__class__=<class 'psychopy.visual.text.TextStim'>, alignHoriz='center', alignVert='center', antialias=True, autoLog=True, bold=False, color='white', colorSpace='named', contrast=1.0, depth=-12.0, flipHoriz=False, flipVert=False, font='Arial', fontFiles=[], height=0.03, italic=False, languageStyle='LTR', name='idle_12', opacity=1.0, ori=0, pos=array([0., 0.]), rgb=array([255., 255., 255.]), text='run /serv/234_1/sd connect', units='height', win=Window(...), wrapWidth=1)
6.7683 	EXP 	Created cB_6 = Rect(__class__=<class 'psychopy.visual.rect.Rect'>, autoDraw=False, autoLog=True, closeShape=True, color=method-wrapper(...), colorSpace=None, contrast=1.0, depth=0.0, fillColor=array([-1., -1., -1.]), fillColorSpace='rgb', fillRGB=array([-1., -1., -1.]), interpolate=True, lineColor=array([1., 1., 1.]), lineColorSpace='rgb', lineRGB=array([1., 1., 1.]), lineWidth=1, name='cB_6', opacity=1.0, ori=array(0.), pos=array([0., 0.]), size=array([1., 1.]), units='height', vertices=ndarray(...), win=Window(...))
6.7996 	EXP 	Created sBInstructions = TextStim(__class__=<class 'psychopy.visual.text.TextStim'>, alignHoriz='center', alignVert='center', antialias=True, autoLog=True, bold=False, color='white', colorSpace='named', contrast=1.0, depth=-1.0, flipHoriz=False, flipVert=False, font='Arial', fontFiles=[], height=0.03, italic=False, languageStyle='LTR', name='sBInstructions', opacity=1.0, ori=0, pos=array([0., 0.]), rgb=array([255., 255., 255.]), text=str(...), units='height', win=Window(...), wrapWidth=1)
6.8011 	EXP 	Created cB_8 = Rect(__class__=<class 'psychopy.visual.rect.Rect'>, autoDraw=False, autoLog=True, closeShape=True, color=method-wrapper(...), colorSpace=None, contrast=1.0, depth=0.0, fillColor=array([-1., -1., -1.]), fillColorSpace='rgb', fillRGB=array([-1., -1., -1.]), interpolate=True, lineColor=array([1., 1., 1.]), lineColorSpace='rgb', lineRGB=array([1., 1., 1.]), lineWidth=1, name='cB_8', opacity=1.0, ori=array(0.), pos=array([0., 0.]), size=array([1., 1.]), units='height', vertices=ndarray(...), win=Window(...))
6.8163 	EXP 	Created text = TextStim(__class__=<class 'psychopy.visual.text.TextStim'>, alignHoriz='center', alignVert='center', antialias=True, autoLog=True, bold=False, color='white', colorSpace='named', contrast=1.0, depth=-1.0, flipHoriz=False, flipVert=False, font='Arial', fontFiles=[], height=0.05, italic=False, languageStyle='LTR', name='text', opacity=1.0, ori=0, pos=array([0., 0.]), rgb=array([255., 255., 255.]), text='default text', units='height', win=Window(...), wrapWidth=1)
6.8222 	EXP 	Created imagesbRnd = ImageStim(__class__=<class 'psychopy.visual.image.ImageStim'>, autoLog=True, color=array([1., 1., 1.]), colorSpace='rgb', contrast=1.0, depth=-2.0, flipHoriz=False, flipVert=False, image='sin', interpolate=True, mask=None, maskParams=None, name='imagesbRnd', opacity=1.0, ori=0.0, pos=array([0.  , 0.25]), size=array([0.2, 0.2]), texRes=128, units='height', win=Window(...))
6.8872 	EXP 	Created Slider = RatingScale(__class__=type(...), acceptKeys=['return'], acceptPreText=UNKNOWN, acceptSize=UNKNOWN, acceptText='accept?', autoLog=True, choices=list(...), depth=0, disappear=False, flipVert=False, high=10, kwargs=UNKNOWN, labels=list(...), leftKeys=['left'], lineColor='White', low=0, marker=ShapeStim(...), markerColor='DarkBlue', markerExpansion=UNKNOWN, markerStart=5.0, maxTime=0.0, minTime=0.4, mouseOnly=False, name='Slider', noMouse=False, pos=[0.0, -0.4], precision=1, respKeys=[], rightKeys=['right'], scale='<default>', self=UNKNOWN, showAccept=True, showValue=True, singleClick=False, size=0.6, skipKeys=['tab'], stretch=1.0, textColor='LightGray', textFont='Helvetica Bold', textSize=0.12, tickHeight=-1, tickMarks=10.0, win=Window(...))
6.8888 	EXP 	Created cB_9 = Rect(__class__=<class 'psychopy.visual.rect.Rect'>, autoDraw=False, autoLog=True, closeShape=True, color=method-wrapper(...), colorSpace=None, contrast=1.0, depth=0.0, fillColor=array([-1., -1., -1.]), fillColorSpace='rgb', fillRGB=array([-1., -1., -1.]), interpolate=True, lineColor=array([1., 1., 1.]), lineColorSpace='rgb', lineRGB=array([1., 1., 1.]), lineWidth=1, name='cB_9', opacity=1.0, ori=array(0.), pos=array([0., 0.]), size=array([1., 1.]), units='height', vertices=ndarray(...), win=Window(...))
6.8902 	EXP 	Created cbFb = Rect(__class__=<class 'psychopy.visual.rect.Rect'>, autoDraw=False, autoLog=True, closeShape=True, color=method-wrapper(...), colorSpace=None, contrast=1.0, depth=-1.0, fillColor=array([-1., -1., -1.]), fillColorSpace='rgb', fillRGB=array([-1., -1., -1.]), interpolate=True, lineColor=array([1., 1., 1.]), lineColorSpace='rgb', lineRGB=array([1., 1., 1.]), lineWidth=1, name='cbFb', opacity=1.0, ori=array(0.), pos=array([0., 0.]), size=array([1., 1.]), units='height', vertices=ndarray(...), win=Window(...))
6.8964 	EXP 	Created textFb = TextStim(__class__=<class 'psychopy.visual.text.TextStim'>, alignHoriz='center', alignVert='center', antialias=True, autoLog=True, bold=False, color='white', colorSpace='named', contrast=1.0, depth=-2.0, flipHoriz=False, flipVert=False, font='Arial', fontFiles=[], height=0.03, italic=False, languageStyle='LTR', name='textFb', opacity=1.0, ori=0, pos=array([0., 0.]), rgb=array([255., 255., 255.]), text='default text', units='height', win=Window(...), wrapWidth=1)
6.8978 	EXP 	Created cbBuf = Rect(__class__=<class 'psychopy.visual.rect.Rect'>, autoDraw=False, autoLog=True, closeShape=True, color=method-wrapper(...), colorSpace=None, contrast=1.0, depth=0.0, fillColor=array([-1., -1., -1.]), fillColorSpace='rgb', fillRGB=array([-1., -1., -1.]), interpolate=True, lineColor=array([1., 1., 1.]), lineColorSpace='rgb', lineRGB=array([1., 1., 1.]), lineWidth=1, name='cbBuf', opacity=1.0, ori=array(0.), pos=array([0., 0.]), size=array([1., 1.]), units='height', vertices=ndarray(...), win=Window(...))
6.8996 	EXP 	Created fixCross = ShapeStim(__class__=<class 'psychopy.visual.shape.ShapeStim'>, autoDraw=False, autoLog=True, closeShape=True, contrast=1.0, depth=-1.0, fillColor=array([1., 1., 1.]), fillColorSpace='rgb', interpolate=True, lineColor=array([1., 1., 1.]), lineColorSpace='rgb', lineWidth=1, name='fixCross', opacity=1.0, ori=array(0.), pos=array([0., 0.]), size=array([0.1, 0.1]), units='height', vertices=ndarray(...), win=Window(...), windingRule=None)
6.9011 	EXP 	Created cB_11 = Rect(__class__=<class 'psychopy.visual.rect.Rect'>, autoDraw=False, autoLog=True, closeShape=True, color=method-wrapper(...), colorSpace=None, contrast=1.0, depth=0.0, fillColor=array([-1., -1., -1.]), fillColorSpace='rgb', fillRGB=array([-1., -1., -1.]), interpolate=True, lineColor=array([1., 1., 1.]), lineColorSpace='rgb', lineRGB=array([1., 1., 1.]), lineWidth=1, name='cB_11', opacity=1.0, ori=array(0.), pos=array([0., 0.]), size=array([1., 1.]), units='height', vertices=ndarray(...), win=Window(...))
6.9197 	EXP 	Created rating = RatingScale(__class__=type(...), acceptKeys=['return'], acceptPreText=UNKNOWN, acceptSize=UNKNOWN, acceptText='accept?', autoLog=True, choices=False, depth=0, disappear=False, flipVert=False, high=7, kwargs=UNKNOWN, labels=list(...), leftKeys=['left'], lineColor='White', low=1, marker=ShapeStim(...), markerColor='DarkBlue', markerExpansion=UNKNOWN, markerStart=None, maxTime=0.0, minTime=0.4, mouseOnly=False, name='rating', noMouse=False, pos=[0.0, -0.4], precision=1, respKeys=['1', '2', '3', '4', '5', '6', '7'], rightKeys=['right'], scale='', self=UNKNOWN, showAccept=True, showValue=True, singleClick=False, size=0.6, skipKeys=['tab'], stretch=1.0, textColor='LightGray', textFont='Helvetica Bold', textSize=0.12, tickHeight=1.0, tickMarks=6.0, win=Window(...))
6.9211 	EXP 	Created cB_9 = Rect(__class__=<class 'psychopy.visual.rect.Rect'>, autoDraw=False, autoLog=True, closeShape=True, color=method-wrapper(...), colorSpace=None, contrast=1.0, depth=0.0, fillColor=array([-1., -1., -1.]), fillColorSpace='rgb', fillRGB=array([-1., -1., -1.]), interpolate=True, lineColor=array([1., 1., 1.]), lineColorSpace='rgb', lineRGB=array([1., 1., 1.]), lineWidth=1, name='cB_9', opacity=1.0, ori=array(0.), pos=array([0., 0.]), size=array([1., 1.]), units='height', vertices=ndarray(...), win=Window(...))
6.9226 	EXP 	Created cbBuf = Rect(__class__=<class 'psychopy.visual.rect.Rect'>, autoDraw=False, autoLog=True, closeShape=True, color=method-wrapper(...), colorSpace=None, contrast=1.0, depth=0.0, fillColor=array([-1., -1., -1.]), fillColorSpace='rgb', fillRGB=array([-1., -1., -1.]), interpolate=True, lineColor=array([1., 1., 1.]), lineColorSpace='rgb', lineRGB=array([1., 1., 1.]), lineWidth=1, name='cbBuf', opacity=1.0, ori=array(0.), pos=array([0., 0.]), size=array([1., 1.]), units='height', vertices=ndarray(...), win=Window(...))
6.9242 	EXP 	Created fixCross = ShapeStim(__class__=<class 'psychopy.visual.shape.ShapeStim'>, autoDraw=False, autoLog=True, closeShape=True, contrast=1.0, depth=-1.0, fillColor=array([1., 1., 1.]), fillColorSpace='rgb', interpolate=True, lineColor=array([1., 1., 1.]), lineColorSpace='rgb', lineWidth=1, name='fixCross', opacity=1.0, ori=array(0.), pos=array([0., 0.]), size=array([0.1, 0.1]), units='height', vertices=ndarray(...), win=Window(...), windingRule=None)
6.9256 	EXP 	Created cB_8 = Rect(__class__=<class 'psychopy.visual.rect.Rect'>, autoDraw=False, autoLog=True, closeShape=True, color=method-wrapper(...), colorSpace=None, contrast=1.0, depth=0.0, fillColor=array([-1., -1., -1.]), fillColorSpace='rgb', fillRGB=array([-1., -1., -1.]), interpolate=True, lineColor=array([1., 1., 1.]), lineColorSpace='rgb', lineRGB=array([1., 1., 1.]), lineWidth=1, name='cB_8', opacity=1.0, ori=array(0.), pos=array([0., 0.]), size=array([1., 1.]), units='height', vertices=ndarray(...), win=Window(...))
6.9313 	EXP 	Created text = TextStim(__class__=<class 'psychopy.visual.text.TextStim'>, alignHoriz='center', alignVert='center', antialias=True, autoLog=True, bold=False, color='white', colorSpace='named', contrast=1.0, depth=-1.0, flipHoriz=False, flipVert=False, font='Arial', fontFiles=[], height=0.05, italic=False, languageStyle='LTR', name='text', opacity=1.0, ori=0, pos=array([0., 0.]), rgb=array([255., 255., 255.]), text='default text', units='height', win=Window(...), wrapWidth=1)
6.9334 	EXP 	Created imagesbRnd = ImageStim(__class__=<class 'psychopy.visual.image.ImageStim'>, autoLog=True, color=array([1., 1., 1.]), colorSpace='rgb', contrast=1.0, depth=-2.0, flipHoriz=False, flipVert=False, image='sin', interpolate=True, mask=None, maskParams=None, name='imagesbRnd', opacity=1.0, ori=0.0, pos=array([0.  , 0.25]), size=array([0.2, 0.2]), texRes=128, units='height', win=Window(...))
6.9697 	EXP 	Created Slider = RatingScale(__class__=type(...), acceptKeys=['return'], acceptPreText=UNKNOWN, acceptSize=UNKNOWN, acceptText='accept?', autoLog=True, choices=list(...), depth=0, disappear=False, flipVert=False, high=10, kwargs=UNKNOWN, labels=list(...), leftKeys=['left'], lineColor='White', low=0, marker=ShapeStim(...), markerColor='DarkBlue', markerExpansion=UNKNOWN, markerStart=5.0, maxTime=0.0, minTime=0.4, mouseOnly=False, name='Slider', noMouse=False, pos=[0.0, -0.4], precision=1, respKeys=[], rightKeys=['right'], scale='<default>', self=UNKNOWN, showAccept=True, showValue=True, singleClick=False, size=0.6, skipKeys=['tab'], stretch=1.0, textColor='LightGray', textFont='Helvetica Bold', textSize=0.12, tickHeight=-1, tickMarks=10.0, win=Window(...))
6.9713 	EXP 	Created cB_9 = Rect(__class__=<class 'psychopy.visual.rect.Rect'>, autoDraw=False, autoLog=True, closeShape=True, color=method-wrapper(...), colorSpace=None, contrast=1.0, depth=0.0, fillColor=array([-1., -1., -1.]), fillColorSpace='rgb', fillRGB=array([-1., -1., -1.]), interpolate=True, lineColor=array([1., 1., 1.]), lineColorSpace='rgb', lineRGB=array([1., 1., 1.]), lineWidth=1, name='cB_9', opacity=1.0, ori=array(0.), pos=array([0., 0.]), size=array([1., 1.]), units='height', vertices=ndarray(...), win=Window(...))
6.9727 	EXP 	Created cbFb = Rect(__class__=<class 'psychopy.visual.rect.Rect'>, autoDraw=False, autoLog=True, closeShape=True, color=method-wrapper(...), colorSpace=None, contrast=1.0, depth=-1.0, fillColor=array([-1., -1., -1.]), fillColorSpace='rgb', fillRGB=array([-1., -1., -1.]), interpolate=True, lineColor=array([1., 1., 1.]), lineColorSpace='rgb', lineRGB=array([1., 1., 1.]), lineWidth=1, name='cbFb', opacity=1.0, ori=array(0.), pos=array([0., 0.]), size=array([1., 1.]), units='height', vertices=ndarray(...), win=Window(...))
6.9783 	EXP 	Created textFb = TextStim(__class__=<class 'psychopy.visual.text.TextStim'>, alignHoriz='center', alignVert='center', antialias=True, autoLog=True, bold=False, color='white', colorSpace='named', contrast=1.0, depth=-2.0, flipHoriz=False, flipVert=False, font='Arial', fontFiles=[], height=0.03, italic=False, languageStyle='LTR', name='textFb', opacity=1.0, ori=0, pos=array([0., 0.]), rgb=array([255., 255., 255.]), text='default text', units='height', win=Window(...), wrapWidth=1)
6.9798 	EXP 	Created cbBuf = Rect(__class__=<class 'psychopy.visual.rect.Rect'>, autoDraw=False, autoLog=True, closeShape=True, color=method-wrapper(...), colorSpace=None, contrast=1.0, depth=0.0, fillColor=array([-1., -1., -1.]), fillColorSpace='rgb', fillRGB=array([-1., -1., -1.]), interpolate=True, lineColor=array([1., 1., 1.]), lineColorSpace='rgb', lineRGB=array([1., 1., 1.]), lineWidth=1, name='cbBuf', opacity=1.0, ori=array(0.), pos=array([0., 0.]), size=array([1., 1.]), units='height', vertices=ndarray(...), win=Window(...))
6.9816 	EXP 	Created fixCross = ShapeStim(__class__=<class 'psychopy.visual.shape.ShapeStim'>, autoDraw=False, autoLog=True, closeShape=True, contrast=1.0, depth=-1.0, fillColor=array([1., 1., 1.]), fillColorSpace='rgb', interpolate=True, lineColor=array([1., 1., 1.]), lineColorSpace='rgb', lineWidth=1, name='fixCross', opacity=1.0, ori=array(0.), pos=array([0., 0.]), size=array([0.1, 0.1]), units='height', vertices=ndarray(...), win=Window(...), windingRule=None)
6.9831 	EXP 	Created cB_10 = Rect(__class__=<class 'psychopy.visual.rect.Rect'>, autoDraw=False, autoLog=True, closeShape=True, color=method-wrapper(...), colorSpace=None, contrast=1.0, depth=0.0, fillColor=array([-1., -1., -1.]), fillColorSpace='rgb', fillRGB=array([-1., -1., -1.]), interpolate=True, lineColor=array([1., 1., 1.]), lineColorSpace='rgb', lineRGB=array([1., 1., 1.]), lineWidth=1, name='cB_10', opacity=1.0, ori=array(0.), pos=array([0., 0.]), size=array([1., 1.]), units='height', vertices=ndarray(...), win=Window(...))
7.0643 	EXP 	Created sbEndText = TextStim(__class__=<class 'psychopy.visual.text.TextStim'>, alignHoriz='center', alignVert='center', antialias=True, autoLog=True, bold=False, color='white', colorSpace='named', contrast=1.0, depth=-1.0, flipHoriz=False, flipVert=False, font='Arial', fontFiles=[], height=0.1, italic=False, languageStyle='LTR', name='sbEndText', opacity=1.0, ori=0, pos=array([0., 0.]), rgb=array([255., 255., 255.]), text=str(...), units='height', win=Window(...), wrapWidth=1)
7.0828 	EXP 	Slider: flipVert = False
7.0828 	EXP 	Slider: autoLog = True
7.0828 	EXP 	rating: flipVert = False
7.0828 	EXP 	rating: autoLog = True
7.0828 	EXP 	Slider: flipVert = False
7.0828 	EXP 	Slider: autoLog = True
7.0828 	EXP 	cB_1: autoDraw = True
7.0828 	EXP 	textWelcome: autoDraw = True
8.9090 	DATA 	Keypress: 1
8.9253 	EXP 	cB_1: autoDraw = False
8.9253 	EXP 	textWelcome: autoDraw = False
8.9253 	EXP 	cB_2: autoDraw = True
8.9253 	EXP 	textInstructions: autoDraw = True
9.3002 	DATA 	Keypress: 1
9.3174 	EXP 	cB_2: autoDraw = False
9.3174 	EXP 	textInstructions: autoDraw = False
9.3174 	EXP 	cB_3: autoDraw = True
9.3174 	EXP 	textServer: autoDraw = True
9.6418 	DATA 	Keypress: 1
9.6424 	EXP 	Created sequence: random, trialTypes=1, nReps=1, seed=None
9.6427 	EXP 	New trial (rep=0, index=0): None
9.6588 	EXP 	cB_3: autoDraw = False
9.6588 	EXP 	textServer: autoDraw = False
9.6588 	EXP 	cB_4: autoDraw = True
9.6588 	EXP 	text_1: autoDraw = True
10.6325 	EXP 	text_2: autoDraw = True
10.6658 	EXP 	text_1: autoDraw = False
11.1280 	EXP 	text_3: autoDraw = True
11.1448 	EXP 	text_2: autoDraw = False
11.6400 	EXP 	text_3: autoDraw = False
11.6400 	EXP 	text_4: autoDraw = True
12.1515 	EXP 	text_4: autoDraw = False
12.1683 	EXP 	cB_4: autoDraw = False
12.1683 	EXP 	text_1: autoDraw = False
12.1683 	EXP 	text_2: autoDraw = False
12.1683 	EXP 	text_3: autoDraw = False
12.1683 	EXP 	text_4: autoDraw = False
12.1683 	EXP 	cB_5: autoDraw = True
12.3384 	EXP 	idle: autoDraw = True
12.6476 	EXP 	idle: autoDraw = False
12.6476 	EXP 	idle_2: autoDraw = True
12.8498 	EXP 	idle_2: autoDraw = False
12.8498 	EXP 	idle_3: autoDraw = True
12.9532 	EXP 	idle_3: autoDraw = False
12.9532 	EXP 	idle_4: autoDraw = True
13.0898 	EXP 	idle_4: autoDraw = False
13.0898 	EXP 	idle_5: autoDraw = True
13.2431 	EXP 	idle_5: autoDraw = False
13.2431 	EXP 	idle_6: autoDraw = True
13.3976 	EXP 	idle_6: autoDraw = False
13.3976 	EXP 	idle_7: autoDraw = True
13.4982 	EXP 	idle_7: autoDraw = False
13.4982 	EXP 	ilde_8: autoDraw = True
13.9918 	EXP 	ilde_8: autoDraw = False
13.9918 	EXP 	idle_9: autoDraw = True
14.4864 	EXP 	idle_10: autoDraw = True
14.5048 	EXP 	idle_9: autoDraw = False
14.9978 	EXP 	idle_10: autoDraw = False
14.9978 	EXP 	idle_11: autoDraw = True
15.4920 	EXP 	idle_12: autoDraw = True
15.5093 	EXP 	idle_11: autoDraw = False
15.6469 	EXP 	idle_12: autoDraw = False
16.1749 	EXP 	cB_5: autoDraw = False
16.1749 	EXP 	idle: autoDraw = False
16.1749 	EXP 	idle_2: autoDraw = False
16.1749 	EXP 	idle_3: autoDraw = False
16.1749 	EXP 	idle_4: autoDraw = False
16.1749 	EXP 	idle_5: autoDraw = False
16.1749 	EXP 	idle_6: autoDraw = False
16.1749 	EXP 	idle_7: autoDraw = False
16.1749 	EXP 	ilde_8: autoDraw = False
16.1749 	EXP 	idle_9: autoDraw = False
16.1749 	EXP 	idle_10: autoDraw = False
16.1749 	EXP 	idle_11: autoDraw = False
16.1749 	EXP 	idle_12: autoDraw = False
16.1749 	EXP 	cB_6: autoDraw = True
16.3470 	EXP 	sBInstructions: autoDraw = True
17.2696 	DATA 	Keypress: 1
17.3119 	EXP 	Imported contitions.xlsx as conditions, 19 conditions, 5 params
17.3123 	EXP 	Created sequence: random, trialTypes=19, nReps=2, seed=None
17.3127 	EXP 	New trial (rep=0, index=0): OrderedDict([('playerId', 'Lukas'), ('avatarFile', 'images/avatar2.jpg'), ('choiceLabel', 'keep the investment'), ('actionLabel', 0), ('actionRound', 1)])
17.3341 	EXP 	Imported contitions.xlsx as conditions, 2 conditions, 5 params
17.3344 	EXP 	Created sequence: random, trialTypes=2, nReps=1, seed=None
17.3347 	EXP 	New trial (rep=0, index=0): OrderedDict([('playerId', 'Paul'), ('avatarFile', 'images/avatar1.jpg'), ('choiceLabel', 'reciprocate'), ('actionLabel', 1), ('actionRound', 1)])
17.4105 	EXP 	RatingScale Slider: reset()
17.4391 	EXP 	cB_6: autoDraw = False
17.4391 	EXP 	sBInstructions: autoDraw = False
17.4391 	EXP 	text: text = 'This round you are playing with Paul!'
17.4391 	EXP 	imagesbRnd: image = 'images/avatar1.jpg'
17.4391 	EXP 	cB_8: autoDraw = True
17.4391 	EXP 	text: autoDraw = True
17.4391 	EXP 	imagesbRnd: autoDraw = True
17.4391 	EXP 	Slider: autoDraw = True
18.0540 	DATA 	Keypress: right
21.2228 	DATA 	Keypress: return
21.2267 	DATA 	RatingScale Slider: (key response) rating=6
21.2268 	DATA 	RatingScale Slider: rating RT=3.816
21.2268 	DATA 	RatingScale Slider: history=[('5', 0.0), ('6', 0.646), ('6', 3.816)]
21.2565 	EXP 	cB_8: autoDraw = False
21.2565 	EXP 	text: autoDraw = False
21.2565 	EXP 	imagesbRnd: autoDraw = False
21.2565 	EXP 	Slider: autoDraw = False
21.2565 	EXP 	cB_9: autoDraw = True
21.7861 	EXP 	cB_9: autoDraw = False
21.7861 	EXP 	textFb: text = 'Paul has decided to reciprocate \nYou receive 6 credits'
21.7861 	EXP 	cbFb: autoDraw = True
21.7861 	EXP 	textFb: autoDraw = True
22.6232 	DATA 	Keypress: right
23.7655 	EXP 	cbFb: autoDraw = False
23.7655 	EXP 	textFb: autoDraw = False
23.7655 	EXP 	cbBuf: autoDraw = True
23.9359 	EXP 	fixCross: autoDraw = True
24.4478 	EXP 	fixCross: autoDraw = False
24.6534 	EXP 	New trial (rep=0, index=1): OrderedDict([('playerId', 'Paul'), ('avatarFile', 'images/avatar1.jpg'), ('choiceLabel', 'reciprocate'), ('actionLabel', 1), ('actionRound', 1)])
24.7092 	EXP 	RatingScale Slider: reset()
24.7261 	EXP 	cbBuf: autoDraw = False
24.7261 	EXP 	fixCross: autoDraw = False
24.7261 	EXP 	text: text = 'This round you are playing with Paul!'
24.7261 	EXP 	imagesbRnd: image = 'images/avatar1.jpg'
24.7261 	EXP 	cB_8: autoDraw = True
24.7261 	EXP 	text: autoDraw = True
24.7261 	EXP 	imagesbRnd: autoDraw = True
24.7261 	EXP 	Slider: autoDraw = True
25.6443 	DATA 	Keypress: left
25.9183 	DATA 	Keypress: left
26.1610 	DATA 	Keypress: left
26.4470 	DATA 	Keypress: return
26.4506 	DATA 	RatingScale Slider: (key response) rating=2
26.4507 	DATA 	RatingScale Slider: rating RT=1.741
26.4507 	DATA 	RatingScale Slider: history=[('5', 0.0), ('4', 0.938), ('3', 1.212), ('2', 1.451), ('2', 1.741)]
26.4810 	EXP 	cB_8: autoDraw = False
26.4810 	EXP 	text: autoDraw = False
26.4810 	EXP 	imagesbRnd: autoDraw = False
26.4810 	EXP 	Slider: autoDraw = False
26.4810 	EXP 	cB_9: autoDraw = True
27.0087 	EXP 	cB_9: autoDraw = False
27.0087 	EXP 	textFb: text = 'Paul has decided to reciprocate \nYou receive 2 credits'
27.0087 	EXP 	cbFb: autoDraw = True
27.0087 	EXP 	textFb: autoDraw = True
28.9877 	EXP 	cbFb: autoDraw = False
28.9877 	EXP 	textFb: autoDraw = False
28.9877 	EXP 	cbBuf: autoDraw = True
29.1597 	EXP 	fixCross: autoDraw = True
29.6682 	EXP 	fixCross: autoDraw = False
29.8905 	EXP 	Imported sliders.xlsx as conditions, 6 conditions, 5 params
29.8907 	EXP 	Created sequence: sequential, trialTypes=6, nReps=1, seed=None
29.8911 	EXP 	New trial (rep=0, index=0): OrderedDict([('sliderID', 1), ('sliderText', 'How much do you like Paul?'), ('sliderMin', 'not at all'), ('sliderMax', 'very much'), ('sliderChoices', '1 2 3 4 5 6 7')])
29.9303 	EXP 	Created rating = RatingScale(__class__=type(...), acceptKeys=['return'], acceptPreText=UNKNOWN, acceptSize=UNKNOWN, acceptText='accept?', autoLog=True, choices=False, depth=0, disappear=False, flipVert=False, high=7, kwargs=UNKNOWN, labels=list(...), leftKeys=['left'], lineColor='White', low=1, marker=ShapeStim(...), markerColor='DarkRed', markerExpansion=UNKNOWN, markerStart=4.0, maxTime=0.0, minTime=0.4, mouseOnly=False, name='rating', noMouse=False, pos=[0.0, -0.2], precision=1, respKeys=['1', '2', '3', '4', '5', '6', '7'], rightKeys=['right'], scale='How much do you like Paul?', self=UNKNOWN, showAccept=True, showValue=True, singleClick=False, size=0.6, skipKeys=['tab'], stretch=1.0, textColor='LightGray', textFont='Helvetica Bold', textSize=0.12, tickHeight=-1, tickMarks=6.0, win=Window(...))
29.9312 	EXP 	RatingScale rating: reset()
29.9582 	EXP 	cbBuf: autoDraw = False
29.9582 	EXP 	fixCross: autoDraw = False
29.9582 	EXP 	rating: flipVert = False
29.9582 	EXP 	rating: autoLog = True
29.9582 	EXP 	cB_11: autoDraw = True
29.9582 	EXP 	rating: autoDraw = True
30.6764 	DATA 	Keypress: right
33.6783 	DATA 	Keypress: return
33.6807 	DATA 	RatingScale rating: (key response) rating=5
33.6808 	DATA 	RatingScale rating: rating RT=3.749
33.6808 	DATA 	RatingScale rating: history=[(4.0, 0.0), (5, 0.746), (5, 3.749)]
33.6961 	EXP 	New trial (rep=0, index=1): OrderedDict([('sliderID', 2), ('sliderText', 'How much do you want to continue playing with Paul?'), ('sliderMin', 'not at all'), ('sliderMax', 'very much'), ('sliderChoices', '1 2 3 4 5 6 7')])
33.7305 	EXP 	Created rating = RatingScale(__class__=type(...), acceptKeys=['return'], acceptPreText=UNKNOWN, acceptSize=UNKNOWN, acceptText='accept?', autoLog=True, choices=False, depth=0, disappear=False, flipVert=False, high=7, kwargs=UNKNOWN, labels=list(...), leftKeys=['left'], lineColor='White', low=1, marker=ShapeStim(...), markerColor='DarkRed', markerExpansion=UNKNOWN, markerStart=4.0, maxTime=0.0, minTime=0.4, mouseOnly=False, name='rating', noMouse=False, pos=[0.0, -0.2], precision=1, respKeys=['1', '2', '3', '4', '5', '6', '7'], rightKeys=['right'], scale=str(...), self=UNKNOWN, showAccept=True, showValue=True, singleClick=False, size=0.6, skipKeys=['tab'], stretch=1.0, textColor='LightGray', textFont='Helvetica Bold', textSize=0.12, tickHeight=-1, tickMarks=6.0, win=Window(...))
33.7314 	EXP 	RatingScale rating: reset()
33.7492 	EXP 	cB_11: autoDraw = False
33.7492 	EXP 	rating: autoDraw = False
33.7492 	EXP 	rating: flipVert = False
33.7492 	EXP 	rating: autoLog = True
33.7492 	EXP 	cB_11: autoDraw = True
33.7492 	EXP 	rating: autoDraw = True
34.3430 	DATA 	Keypress: right
34.7850 	DATA 	Keypress: return
34.7874 	DATA 	RatingScale rating: (key response) rating=5
34.7875 	DATA 	RatingScale rating: rating RT=1.056
34.7875 	DATA 	RatingScale rating: history=[(4.0, 0.0), (5, 0.613), (5, 1.055)]
34.8028 	EXP 	New trial (rep=0, index=2): OrderedDict([('sliderID', 3), ('sliderText', 'How much do you like Lukas?'), ('sliderMin', 'not at all'), ('sliderMax', 'very much'), ('sliderChoices', '1 2 3 4 5 6 7')])
34.8349 	EXP 	Created rating = RatingScale(__class__=type(...), acceptKeys=['return'], acceptPreText=UNKNOWN, acceptSize=UNKNOWN, acceptText='accept?', autoLog=True, choices=False, depth=0, disappear=False, flipVert=False, high=7, kwargs=UNKNOWN, labels=list(...), leftKeys=['left'], lineColor='White', low=1, marker=ShapeStim(...), markerColor='DarkRed', markerExpansion=UNKNOWN, markerStart=4.0, maxTime=0.0, minTime=0.4, mouseOnly=False, name='rating', noMouse=False, pos=[0.0, -0.2], precision=1, respKeys=['1', '2', '3', '4', '5', '6', '7'], rightKeys=['right'], scale='How much do you like Lukas?', self=UNKNOWN, showAccept=True, showValue=True, singleClick=False, size=0.6, skipKeys=['tab'], stretch=1.0, textColor='LightGray', textFont='Helvetica Bold', textSize=0.12, tickHeight=-1, tickMarks=6.0, win=Window(...))
34.8358 	EXP 	RatingScale rating: reset()
34.8537 	EXP 	cB_11: autoDraw = False
34.8537 	EXP 	rating: autoDraw = False
34.8537 	EXP 	rating: flipVert = False
34.8537 	EXP 	rating: autoLog = True
34.8537 	EXP 	cB_11: autoDraw = True
34.8537 	EXP 	rating: autoDraw = True
35.4329 	DATA 	Keypress: right
35.7925 	DATA 	Keypress: return
35.7947 	DATA 	RatingScale rating: (key response) rating=5
35.7948 	DATA 	RatingScale rating: rating RT=0.958
35.7948 	DATA 	RatingScale rating: history=[(4.0, 0.0), (5, 0.598), (5, 0.958)]
35.8098 	EXP 	New trial (rep=0, index=3): OrderedDict([('sliderID', 4), ('sliderText', 'How much do you want to continue playing with Lukas?'), ('sliderMin', 'not at all'), ('sliderMax', 'very much'), ('sliderChoices', '1 2 3 4 5 6 7')])
35.8427 	EXP 	Created rating = RatingScale(__class__=type(...), acceptKeys=['return'], acceptPreText=UNKNOWN, acceptSize=UNKNOWN, acceptText='accept?', autoLog=True, choices=False, depth=0, disappear=False, flipVert=False, high=7, kwargs=UNKNOWN, labels=list(...), leftKeys=['left'], lineColor='White', low=1, marker=ShapeStim(...), markerColor='DarkRed', markerExpansion=UNKNOWN, markerStart=4.0, maxTime=0.0, minTime=0.4, mouseOnly=False, name='rating', noMouse=False, pos=[0.0, -0.2], precision=1, respKeys=['1', '2', '3', '4', '5', '6', '7'], rightKeys=['right'], scale=str(...), self=UNKNOWN, showAccept=True, showValue=True, singleClick=False, size=0.6, skipKeys=['tab'], stretch=1.0, textColor='LightGray', textFont='Helvetica Bold', textSize=0.12, tickHeight=-1, tickMarks=6.0, win=Window(...))
35.8435 	EXP 	RatingScale rating: reset()
35.8615 	EXP 	cB_11: autoDraw = False
35.8615 	EXP 	rating: autoDraw = False
35.8615 	EXP 	rating: flipVert = False
35.8615 	EXP 	rating: autoLog = True
35.8615 	EXP 	cB_11: autoDraw = True
35.8615 	EXP 	rating: autoDraw = True
36.4386 	DATA 	Keypress: right
36.7960 	DATA 	Keypress: return
36.7982 	DATA 	RatingScale rating: (key response) rating=5
36.7982 	DATA 	RatingScale rating: rating RT=0.954
36.7982 	DATA 	RatingScale rating: history=[(4.0, 0.0), (5, 0.596), (5, 0.954)]
36.8137 	EXP 	New trial (rep=0, index=4): OrderedDict([('sliderID', 5), ('sliderText', 'How do you feel?'), ('sliderMin', 'negative'), ('sliderMax', 'positive'), ('sliderChoices', '1 2 3 4 5 6 7')])
36.8411 	EXP 	Created rating = RatingScale(__class__=type(...), acceptKeys=['return'], acceptPreText=UNKNOWN, acceptSize=UNKNOWN, acceptText='accept?', autoLog=True, choices=False, depth=0, disappear=False, flipVert=False, high=7, kwargs=UNKNOWN, labels=list(...), leftKeys=['left'], lineColor='White', low=1, marker=ShapeStim(...), markerColor='DarkRed', markerExpansion=UNKNOWN, markerStart=4.0, maxTime=0.0, minTime=0.4, mouseOnly=False, name='rating', noMouse=False, pos=[0.0, -0.2], precision=1, respKeys=['1', '2', '3', '4', '5', '6', '7'], rightKeys=['right'], scale='How do you feel?', self=UNKNOWN, showAccept=True, showValue=True, singleClick=False, size=0.6, skipKeys=['tab'], stretch=1.0, textColor='LightGray', textFont='Helvetica Bold', textSize=0.12, tickHeight=-1, tickMarks=6.0, win=Window(...))
36.8419 	EXP 	RatingScale rating: reset()
36.8635 	EXP 	cB_11: autoDraw = False
36.8635 	EXP 	rating: autoDraw = False
36.8635 	EXP 	rating: flipVert = False
36.8635 	EXP 	rating: autoLog = True
36.8635 	EXP 	cB_11: autoDraw = True
36.8635 	EXP 	rating: autoDraw = True
37.3256 	DATA 	Keypress: right
37.7655 	DATA 	Keypress: return
37.7677 	DATA 	RatingScale rating: (key response) rating=5
37.7678 	DATA 	RatingScale rating: rating RT=0.925
37.7678 	DATA 	RatingScale rating: history=[(4.0, 0.0), (5, 0.485), (5, 0.925)]
37.7829 	EXP 	New trial (rep=0, index=5): OrderedDict([('sliderID', 6), ('sliderText', 'How activated are you right now?'), ('sliderMin', 'low'), ('sliderMax', 'high'), ('sliderChoices', '1 2 3 4 5 6 7')])
37.8101 	EXP 	Created rating = RatingScale(__class__=type(...), acceptKeys=['return'], acceptPreText=UNKNOWN, acceptSize=UNKNOWN, acceptText='accept?', autoLog=True, choices=False, depth=0, disappear=False, flipVert=False, high=7, kwargs=UNKNOWN, labels=list(...), leftKeys=['left'], lineColor='White', low=1, marker=ShapeStim(...), markerColor='DarkRed', markerExpansion=UNKNOWN, markerStart=4.0, maxTime=0.0, minTime=0.4, mouseOnly=False, name='rating', noMouse=False, pos=[0.0, -0.2], precision=1, respKeys=['1', '2', '3', '4', '5', '6', '7'], rightKeys=['right'], scale='How activated are you right now?', self=UNKNOWN, showAccept=True, showValue=True, singleClick=False, size=0.6, skipKeys=['tab'], stretch=1.0, textColor='LightGray', textFont='Helvetica Bold', textSize=0.12, tickHeight=-1, tickMarks=6.0, win=Window(...))
37.8109 	EXP 	RatingScale rating: reset()
37.8328 	EXP 	cB_11: autoDraw = False
37.8328 	EXP 	rating: autoDraw = False
37.8328 	EXP 	rating: flipVert = False
37.8328 	EXP 	rating: autoLog = True
37.8328 	EXP 	cB_11: autoDraw = True
37.8328 	EXP 	rating: autoDraw = True
38.2776 	DATA 	Keypress: right
38.5506 	DATA 	Keypress: return
38.5531 	DATA 	RatingScale rating: (key response) rating=5
38.5531 	DATA 	RatingScale rating: rating RT=0.742
38.5531 	DATA 	RatingScale rating: history=[(4.0, 0.0), (5, 0.468), (5, 0.742)]
38.5684 	EXP 	Created sequence: random, trialTypes=1, nReps=4, seed=None
38.5687 	EXP 	New trial (rep=0, index=0): None
38.5843 	EXP 	cB_11: autoDraw = False
38.5843 	EXP 	rating: autoDraw = False
38.5843 	EXP 	cB_9: autoDraw = True
39.0792 	EXP 	New trial (rep=1, index=0): None
39.0955 	EXP 	cB_9: autoDraw = False
39.0955 	EXP 	cB_9: autoDraw = True
39.5742 	EXP 	New trial (rep=2, index=0): None
39.5907 	EXP 	cB_9: autoDraw = False
39.5907 	EXP 	cB_9: autoDraw = True
40.0837 	EXP 	New trial (rep=3, index=0): None
40.0999 	EXP 	cB_9: autoDraw = False
40.0999 	EXP 	cB_9: autoDraw = True
40.5953 	EXP 	cB_9: autoDraw = False
40.5953 	EXP 	cbBuf: autoDraw = True
40.7660 	EXP 	fixCross: autoDraw = True
41.2780 	EXP 	fixCross: autoDraw = False
41.4838 	EXP 	New trial (rep=0, index=1): OrderedDict([('playerId', 'Paul'), ('avatarFile', 'images/avatar1.jpg'), ('choiceLabel', 'reciprocate'), ('actionLabel', 1), ('actionRound', 1)])
41.5094 	EXP 	Imported contitions.xlsx as conditions, 2 conditions, 5 params
41.5098 	EXP 	Created sequence: random, trialTypes=2, nReps=1, seed=None
41.5102 	EXP 	New trial (rep=0, index=0): OrderedDict([('playerId', 'Paul'), ('avatarFile', 'images/avatar1.jpg'), ('choiceLabel', 'reciprocate'), ('actionLabel', 1), ('actionRound', 1)])
41.5766 	EXP 	RatingScale Slider: reset()
41.6022 	EXP 	cbBuf: autoDraw = False
41.6022 	EXP 	fixCross: autoDraw = False
41.6022 	EXP 	text: text = 'This round you are playing with Paul!'
41.6022 	EXP 	imagesbRnd: image = 'images/avatar1.jpg'
41.6022 	EXP 	cB_8: autoDraw = True
41.6022 	EXP 	text: autoDraw = True
41.6022 	EXP 	imagesbRnd: autoDraw = True
41.6022 	EXP 	Slider: autoDraw = True
42.1681 	DATA 	Keypress: right
42.4734 	DATA 	Keypress: return
42.4773 	DATA 	RatingScale Slider: (key response) rating=6
42.4774 	DATA 	RatingScale Slider: rating RT=0.900
42.4774 	DATA 	RatingScale Slider: history=[('5', 0.0), ('6', 0.591), ('6', 0.9)]
42.5070 	EXP 	cB_8: autoDraw = False
42.5070 	EXP 	text: autoDraw = False
42.5070 	EXP 	imagesbRnd: autoDraw = False
42.5070 	EXP 	Slider: autoDraw = False
42.5070 	EXP 	cB_9: autoDraw = True
43.0337 	EXP 	cB_9: autoDraw = False
43.0337 	EXP 	textFb: text = 'Paul has decided to reciprocate \nYou receive 6 credits'
43.0337 	EXP 	cbFb: autoDraw = True
43.0337 	EXP 	textFb: autoDraw = True
44.1403 	DATA 	Keypress: right
45.0261 	EXP 	cbFb: autoDraw = False
45.0261 	EXP 	textFb: autoDraw = False
45.0261 	EXP 	cbBuf: autoDraw = True
45.1970 	EXP 	fixCross: autoDraw = True
45.7078 	EXP 	fixCross: autoDraw = False
45.8962 	EXP 	New trial (rep=0, index=1): OrderedDict([('playerId', 'Paul'), ('avatarFile', 'images/avatar1.jpg'), ('choiceLabel', 'reciprocate'), ('actionLabel', 1), ('actionRound', 1)])
45.9526 	EXP 	RatingScale Slider: reset()
45.9694 	EXP 	cbBuf: autoDraw = False
45.9694 	EXP 	fixCross: autoDraw = False
45.9694 	EXP 	text: text = 'This round you are playing with Paul!'
45.9694 	EXP 	imagesbRnd: image = 'images/avatar1.jpg'
45.9694 	EXP 	cB_8: autoDraw = True
45.9694 	EXP 	text: autoDraw = True
45.9694 	EXP 	imagesbRnd: autoDraw = True
45.9694 	EXP 	Slider: autoDraw = True
46.2713 	DATA 	Keypress: right
47.0228 	DATA 	Keypress: left
47.3478 	DATA 	Keypress: return
47.3516 	DATA 	RatingScale Slider: (key response) rating=4
47.3516 	DATA 	RatingScale Slider: rating RT=1.398
47.3516 	DATA 	RatingScale Slider: history=[('5', 0.0), ('4', 1.073), ('4', 1.398)]
47.3815 	EXP 	cB_8: autoDraw = False
47.3815 	EXP 	text: autoDraw = False
47.3815 	EXP 	imagesbRnd: autoDraw = False
47.3815 	EXP 	Slider: autoDraw = False
47.3815 	EXP 	cB_9: autoDraw = True
47.9102 	EXP 	cB_9: autoDraw = False
47.9102 	EXP 	textFb: text = 'Paul has decided to reciprocate \nYou receive 4 credits'
47.9102 	EXP 	cbFb: autoDraw = True
47.9102 	EXP 	textFb: autoDraw = True
49.8866 	EXP 	cbFb: autoDraw = False
49.8866 	EXP 	textFb: autoDraw = False
49.8866 	EXP 	cbBuf: autoDraw = True
50.0550 	EXP 	fixCross: autoDraw = True
50.5657 	EXP 	fixCross: autoDraw = False
50.7970 	EXP 	Imported sliders.xlsx as conditions, 6 conditions, 5 params
50.7973 	EXP 	Created sequence: sequential, trialTypes=6, nReps=1, seed=None
50.7976 	EXP 	New trial (rep=0, index=0): OrderedDict([('sliderID', 1), ('sliderText', 'How much do you like Paul?'), ('sliderMin', 'not at all'), ('sliderMax', 'very much'), ('sliderChoices', '1 2 3 4 5 6 7')])
50.8281 	EXP 	Created rating = RatingScale(__class__=type(...), acceptKeys=['return'], acceptPreText=UNKNOWN, acceptSize=UNKNOWN, acceptText='accept?', autoLog=True, choices=False, depth=0, disappear=False, flipVert=False, high=7, kwargs=UNKNOWN, labels=list(...), leftKeys=['left'], lineColor='White', low=1, marker=ShapeStim(...), markerColor='DarkRed', markerExpansion=UNKNOWN, markerStart=4.0, maxTime=0.0, minTime=0.4, mouseOnly=False, name='rating', noMouse=False, pos=[0.0, -0.2], precision=1, respKeys=['1', '2', '3', '4', '5', '6', '7'], rightKeys=['right'], scale='How much do you like Paul?', self=UNKNOWN, showAccept=True, showValue=True, singleClick=False, size=0.6, skipKeys=['tab'], stretch=1.0, textColor='LightGray', textFont='Helvetica Bold', textSize=0.12, tickHeight=-1, tickMarks=6.0, win=Window(...))
50.8290 	EXP 	RatingScale rating: reset()
50.8547 	EXP 	cbBuf: autoDraw = False
50.8547 	EXP 	fixCross: autoDraw = False
50.8547 	EXP 	rating: flipVert = False
50.8547 	EXP 	rating: autoLog = True
50.8547 	EXP 	cB_11: autoDraw = True
50.8547 	EXP 	rating: autoDraw = True
51.7592 	DATA 	Keypress: right
52.0667 	DATA 	Keypress: return
52.0690 	DATA 	RatingScale rating: (key response) rating=5
52.0691 	DATA 	RatingScale rating: rating RT=1.240
52.0691 	DATA 	RatingScale rating: history=[(4.0, 0.0), (5, 0.931), (5, 1.239)]
52.0846 	EXP 	New trial (rep=0, index=1): OrderedDict([('sliderID', 2), ('sliderText', 'How much do you want to continue playing with Paul?'), ('sliderMin', 'not at all'), ('sliderMax', 'very much'), ('sliderChoices', '1 2 3 4 5 6 7')])
52.1167 	EXP 	Created rating = RatingScale(__class__=type(...), acceptKeys=['return'], acceptPreText=UNKNOWN, acceptSize=UNKNOWN, acceptText='accept?', autoLog=True, choices=False, depth=0, disappear=False, flipVert=False, high=7, kwargs=UNKNOWN, labels=list(...), leftKeys=['left'], lineColor='White', low=1, marker=ShapeStim(...), markerColor='DarkRed', markerExpansion=UNKNOWN, markerStart=4.0, maxTime=0.0, minTime=0.4, mouseOnly=False, name='rating', noMouse=False, pos=[0.0, -0.2], precision=1, respKeys=['1', '2', '3', '4', '5', '6', '7'], rightKeys=['right'], scale=str(...), self=UNKNOWN, showAccept=True, showValue=True, singleClick=False, size=0.6, skipKeys=['tab'], stretch=1.0, textColor='LightGray', textFont='Helvetica Bold', textSize=0.12, tickHeight=-1, tickMarks=6.0, win=Window(...))
52.1176 	EXP 	RatingScale rating: reset()
52.1359 	EXP 	cB_11: autoDraw = False
52.1359 	EXP 	rating: autoDraw = False
52.1359 	EXP 	rating: flipVert = False
52.1359 	EXP 	rating: autoLog = True
52.1359 	EXP 	cB_11: autoDraw = True
52.1359 	EXP 	rating: autoDraw = True
52.6780 	DATA 	Keypress: right
53.0027 	DATA 	Keypress: return
53.0049 	DATA 	RatingScale rating: (key response) rating=5
53.0049 	DATA 	RatingScale rating: rating RT=0.887
53.0049 	DATA 	RatingScale rating: history=[(4.0, 0.0), (5, 0.562), (5, 0.887)]
53.0202 	EXP 	New trial (rep=0, index=2): OrderedDict([('sliderID', 3), ('sliderText', 'How much do you like Lukas?'), ('sliderMin', 'not at all'), ('sliderMax', 'very much'), ('sliderChoices', '1 2 3 4 5 6 7')])
53.0511 	EXP 	Created rating = RatingScale(__class__=type(...), acceptKeys=['return'], acceptPreText=UNKNOWN, acceptSize=UNKNOWN, acceptText='accept?', autoLog=True, choices=False, depth=0, disappear=False, flipVert=False, high=7, kwargs=UNKNOWN, labels=list(...), leftKeys=['left'], lineColor='White', low=1, marker=ShapeStim(...), markerColor='DarkRed', markerExpansion=UNKNOWN, markerStart=4.0, maxTime=0.0, minTime=0.4, mouseOnly=False, name='rating', noMouse=False, pos=[0.0, -0.2], precision=1, respKeys=['1', '2', '3', '4', '5', '6', '7'], rightKeys=['right'], scale='How much do you like Lukas?', self=UNKNOWN, showAccept=True, showValue=True, singleClick=False, size=0.6, skipKeys=['tab'], stretch=1.0, textColor='LightGray', textFont='Helvetica Bold', textSize=0.12, tickHeight=-1, tickMarks=6.0, win=Window(...))
53.0519 	EXP 	RatingScale rating: reset()
53.0695 	EXP 	cB_11: autoDraw = False
53.0695 	EXP 	rating: autoDraw = False
53.0695 	EXP 	rating: flipVert = False
53.0695 	EXP 	rating: autoLog = True
53.0695 	EXP 	cB_11: autoDraw = True
53.0695 	EXP 	rating: autoDraw = True
53.4776 	DATA 	Keypress: right
53.8030 	DATA 	Keypress: return
53.8031 	DATA 	RatingScale rating: (key response) rating=5
53.8032 	DATA 	RatingScale rating: rating RT=0.751
53.8032 	DATA 	RatingScale rating: history=[(4.0, 0.0), (5, 0.427), (5, 0.751)]
53.8204 	EXP 	New trial (rep=0, index=3): OrderedDict([('sliderID', 4), ('sliderText', 'How much do you want to continue playing with Lukas?'), ('sliderMin', 'not at all'), ('sliderMax', 'very much'), ('sliderChoices', '1 2 3 4 5 6 7')])
53.8537 	EXP 	Created rating = RatingScale(__class__=type(...), acceptKeys=['return'], acceptPreText=UNKNOWN, acceptSize=UNKNOWN, acceptText='accept?', autoLog=True, choices=False, depth=0, disappear=False, flipVert=False, high=7, kwargs=UNKNOWN, labels=list(...), leftKeys=['left'], lineColor='White', low=1, marker=ShapeStim(...), markerColor='DarkRed', markerExpansion=UNKNOWN, markerStart=4.0, maxTime=0.0, minTime=0.4, mouseOnly=False, name='rating', noMouse=False, pos=[0.0, -0.2], precision=1, respKeys=['1', '2', '3', '4', '5', '6', '7'], rightKeys=['right'], scale=str(...), self=UNKNOWN, showAccept=True, showValue=True, singleClick=False, size=0.6, skipKeys=['tab'], stretch=1.0, textColor='LightGray', textFont='Helvetica Bold', textSize=0.12, tickHeight=-1, tickMarks=6.0, win=Window(...))
53.8546 	EXP 	RatingScale rating: reset()
53.8725 	EXP 	cB_11: autoDraw = False
53.8725 	EXP 	rating: autoDraw = False
53.8725 	EXP 	rating: flipVert = False
53.8725 	EXP 	rating: autoLog = True
53.8725 	EXP 	cB_11: autoDraw = True
53.8725 	EXP 	rating: autoDraw = True
54.2954 	DATA 	Keypress: right
54.5705 	DATA 	Keypress: return
54.5728 	DATA 	RatingScale rating: (key response) rating=5
54.5728 	DATA 	RatingScale rating: rating RT=0.718
54.5728 	DATA 	RatingScale rating: history=[(4.0, 0.0), (5, 0.442), (5, 0.718)]
54.5879 	EXP 	New trial (rep=0, index=4): OrderedDict([('sliderID', 5), ('sliderText', 'How do you feel?'), ('sliderMin', 'negative'), ('sliderMax', 'positive'), ('sliderChoices', '1 2 3 4 5 6 7')])
54.6145 	EXP 	Created rating = RatingScale(__class__=type(...), acceptKeys=['return'], acceptPreText=UNKNOWN, acceptSize=UNKNOWN, acceptText='accept?', autoLog=True, choices=False, depth=0, disappear=False, flipVert=False, high=7, kwargs=UNKNOWN, labels=list(...), leftKeys=['left'], lineColor='White', low=1, marker=ShapeStim(...), markerColor='DarkRed', markerExpansion=UNKNOWN, markerStart=4.0, maxTime=0.0, minTime=0.4, mouseOnly=False, name='rating', noMouse=False, pos=[0.0, -0.2], precision=1, respKeys=['1', '2', '3', '4', '5', '6', '7'], rightKeys=['right'], scale='How do you feel?', self=UNKNOWN, showAccept=True, showValue=True, singleClick=False, size=0.6, skipKeys=['tab'], stretch=1.0, textColor='LightGray', textFont='Helvetica Bold', textSize=0.12, tickHeight=-1, tickMarks=6.0, win=Window(...))
54.6153 	EXP 	RatingScale rating: reset()
54.6363 	EXP 	cB_11: autoDraw = False
54.6363 	EXP 	rating: autoDraw = False
54.6363 	EXP 	rating: flipVert = False
54.6363 	EXP 	rating: autoLog = True
54.6363 	EXP 	cB_11: autoDraw = True
54.6363 	EXP 	rating: autoDraw = True
55.0789 	DATA 	Keypress: right
55.3528 	DATA 	Keypress: return
55.3551 	DATA 	RatingScale rating: (key response) rating=5
55.3551 	DATA 	RatingScale rating: rating RT=0.739
55.3551 	DATA 	RatingScale rating: history=[(4.0, 0.0), (5, 0.465), (5, 0.739)]
55.3703 	EXP 	New trial (rep=0, index=5): OrderedDict([('sliderID', 6), ('sliderText', 'How activated are you right now?'), ('sliderMin', 'low'), ('sliderMax', 'high'), ('sliderChoices', '1 2 3 4 5 6 7')])
55.3962 	EXP 	Created rating = RatingScale(__class__=type(...), acceptKeys=['return'], acceptPreText=UNKNOWN, acceptSize=UNKNOWN, acceptText='accept?', autoLog=True, choices=False, depth=0, disappear=False, flipVert=False, high=7, kwargs=UNKNOWN, labels=list(...), leftKeys=['left'], lineColor='White', low=1, marker=ShapeStim(...), markerColor='DarkRed', markerExpansion=UNKNOWN, markerStart=4.0, maxTime=0.0, minTime=0.4, mouseOnly=False, name='rating', noMouse=False, pos=[0.0, -0.2], precision=1, respKeys=['1', '2', '3', '4', '5', '6', '7'], rightKeys=['right'], scale='How activated are you right now?', self=UNKNOWN, showAccept=True, showValue=True, singleClick=False, size=0.6, skipKeys=['tab'], stretch=1.0, textColor='LightGray', textFont='Helvetica Bold', textSize=0.12, tickHeight=-1, tickMarks=6.0, win=Window(...))
55.3971 	EXP 	RatingScale rating: reset()
55.4190 	EXP 	cB_11: autoDraw = False
55.4190 	EXP 	rating: autoDraw = False
55.4190 	EXP 	rating: flipVert = False
55.4190 	EXP 	rating: autoLog = True
55.4190 	EXP 	cB_11: autoDraw = True
55.4190 	EXP 	rating: autoDraw = True
55.8288 	DATA 	Keypress: right
56.0871 	DATA 	Keypress: return
56.0894 	DATA 	RatingScale rating: (key response) rating=5
56.0894 	DATA 	RatingScale rating: rating RT=0.692
56.0895 	DATA 	RatingScale rating: history=[(4.0, 0.0), (5, 0.433), (5, 0.692)]
56.1044 	EXP 	Created sequence: random, trialTypes=1, nReps=4, seed=None
56.1046 	EXP 	New trial (rep=0, index=0): None
56.1201 	EXP 	cB_11: autoDraw = False
56.1201 	EXP 	rating: autoDraw = False
56.1201 	EXP 	cB_9: autoDraw = True
56.6135 	EXP 	New trial (rep=1, index=0): None
56.6297 	EXP 	cB_9: autoDraw = False
56.6297 	EXP 	cB_9: autoDraw = True
57.1078 	EXP 	New trial (rep=2, index=0): None
57.1244 	EXP 	cB_9: autoDraw = False
57.1244 	EXP 	cB_9: autoDraw = True
57.6202 	EXP 	New trial (rep=3, index=0): None
57.6362 	EXP 	cB_9: autoDraw = False
57.6362 	EXP 	cB_9: autoDraw = True
58.1294 	EXP 	cB_9: autoDraw = False
58.1294 	EXP 	cbBuf: autoDraw = True
58.3019 	EXP 	fixCross: autoDraw = True
58.8112 	EXP 	fixCross: autoDraw = False
59.0187 	EXP 	New trial (rep=0, index=2): OrderedDict([('playerId', 'Lukas'), ('avatarFile', 'images/avatar2.jpg'), ('choiceLabel', 'reciprocate'), ('actionLabel', 1), ('actionRound', 1)])
59.0436 	EXP 	Imported contitions.xlsx as conditions, 2 conditions, 5 params
59.0439 	EXP 	Created sequence: random, trialTypes=2, nReps=1, seed=None
59.0442 	EXP 	New trial (rep=0, index=0): OrderedDict([('playerId', 'Paul'), ('avatarFile', 'images/avatar1.jpg'), ('choiceLabel', 'reciprocate'), ('actionLabel', 1), ('actionRound', 1)])
59.1006 	EXP 	RatingScale Slider: reset()
59.1186 	EXP 	cbBuf: autoDraw = False
59.1186 	EXP 	fixCross: autoDraw = False
59.1186 	EXP 	text: text = 'This round you are playing with Paul!'
59.1186 	EXP 	imagesbRnd: image = 'images/avatar1.jpg'
59.1186 	EXP 	cB_8: autoDraw = True
59.1186 	EXP 	text: autoDraw = True
59.1186 	EXP 	imagesbRnd: autoDraw = True
59.1186 	EXP 	Slider: autoDraw = True
60.0234 	DATA 	Keypress: right
60.2957 	DATA 	Keypress: return
60.2958 	DATA 	RatingScale Slider: (key response) rating=6
60.2959 	DATA 	RatingScale Slider: rating RT=1.195
60.2959 	DATA 	RatingScale Slider: history=[('5', 0.0), ('6', 0.939), ('6', 1.195)]
60.3259 	EXP 	cB_8: autoDraw = False
60.3259 	EXP 	text: autoDraw = False
60.3259 	EXP 	imagesbRnd: autoDraw = False
60.3259 	EXP 	Slider: autoDraw = False
60.3259 	EXP 	cB_9: autoDraw = True
60.8543 	EXP 	cB_9: autoDraw = False
60.8543 	EXP 	textFb: text = 'Paul has decided to reciprocate \nYou receive 6 credits'
60.8543 	EXP 	cbFb: autoDraw = True
60.8543 	EXP 	textFb: autoDraw = True
62.8286 	EXP 	cbFb: autoDraw = False
62.8286 	EXP 	textFb: autoDraw = False
62.8286 	EXP 	cbBuf: autoDraw = True
63.0012 	EXP 	fixCross: autoDraw = True
63.5104 	EXP 	fixCross: autoDraw = False
63.7183 	EXP 	New trial (rep=0, index=1): OrderedDict([('playerId', 'Paul'), ('avatarFile', 'images/avatar1.jpg'), ('choiceLabel', 'reciprocate'), ('actionLabel', 1), ('actionRound', 1)])
63.7737 	EXP 	RatingScale Slider: reset()
63.7901 	EXP 	cbBuf: autoDraw = False
63.7901 	EXP 	fixCross: autoDraw = False
63.7901 	EXP 	text: text = 'This round you are playing with Paul!'
63.7901 	EXP 	imagesbRnd: image = 'images/avatar1.jpg'
63.7901 	EXP 	cB_8: autoDraw = True
63.7901 	EXP 	text: autoDraw = True
63.7901 	EXP 	imagesbRnd: autoDraw = True
63.7901 	EXP 	Slider: autoDraw = True
64.3298 	DATA 	Keypress: right
64.6223 	DATA 	Keypress: return
64.6259 	DATA 	RatingScale Slider: (key response) rating=6
64.6260 	DATA 	RatingScale Slider: rating RT=0.852
64.6260 	DATA 	RatingScale Slider: history=[('5', 0.0), ('6', 0.559), ('6', 0.852)]
64.6534 	EXP 	cB_8: autoDraw = False
64.6534 	EXP 	text: autoDraw = False
64.6534 	EXP 	imagesbRnd: autoDraw = False
64.6534 	EXP 	Slider: autoDraw = False
64.6534 	EXP 	cB_9: autoDraw = True
65.1674 	EXP 	cB_9: autoDraw = False
65.1674 	EXP 	textFb: text = 'Paul has decided to reciprocate \nYou receive 6 credits'
65.1674 	EXP 	cbFb: autoDraw = True
65.1674 	EXP 	textFb: autoDraw = True
67.1619 	EXP 	cbFb: autoDraw = False
67.1619 	EXP 	textFb: autoDraw = False
67.1619 	EXP 	cbBuf: autoDraw = True
67.3334 	EXP 	fixCross: autoDraw = True
67.8447 	EXP 	fixCross: autoDraw = False
68.0645 	EXP 	Imported sliders.xlsx as conditions, 6 conditions, 5 params
68.0647 	EXP 	Created sequence: sequential, trialTypes=6, nReps=1, seed=None
68.0651 	EXP 	New trial (rep=0, index=0): OrderedDict([('sliderID', 1), ('sliderText', 'How much do you like Paul?'), ('sliderMin', 'not at all'), ('sliderMax', 'very much'), ('sliderChoices', '1 2 3 4 5 6 7')])
68.0950 	EXP 	Created rating = RatingScale(__class__=type(...), acceptKeys=['return'], acceptPreText=UNKNOWN, acceptSize=UNKNOWN, acceptText='accept?', autoLog=True, choices=False, depth=0, disappear=False, flipVert=False, high=7, kwargs=UNKNOWN, labels=list(...), leftKeys=['left'], lineColor='White', low=1, marker=ShapeStim(...), markerColor='DarkRed', markerExpansion=UNKNOWN, markerStart=4.0, maxTime=0.0, minTime=0.4, mouseOnly=False, name='rating', noMouse=False, pos=[0.0, -0.2], precision=1, respKeys=['1', '2', '3', '4', '5', '6', '7'], rightKeys=['right'], scale='How much do you like Paul?', self=UNKNOWN, showAccept=True, showValue=True, singleClick=False, size=0.6, skipKeys=['tab'], stretch=1.0, textColor='LightGray', textFont='Helvetica Bold', textSize=0.12, tickHeight=-1, tickMarks=6.0, win=Window(...))
68.0960 	EXP 	RatingScale rating: reset()
68.1166 	EXP 	cbBuf: autoDraw = False
68.1166 	EXP 	fixCross: autoDraw = False
68.1166 	EXP 	rating: flipVert = False
68.1166 	EXP 	rating: autoLog = True
68.1166 	EXP 	cB_11: autoDraw = True
68.1166 	EXP 	rating: autoDraw = True
68.6110 	DATA 	Keypress: right
68.9713 	DATA 	Keypress: return
68.9714 	DATA 	RatingScale rating: (key response) rating=5
68.9714 	DATA 	RatingScale rating: rating RT=0.875
68.9714 	DATA 	RatingScale rating: history=[(4.0, 0.0), (5, 0.516), (5, 0.875)]
68.9870 	EXP 	New trial (rep=0, index=1): OrderedDict([('sliderID', 2), ('sliderText', 'How much do you want to continue playing with Paul?'), ('sliderMin', 'not at all'), ('sliderMax', 'very much'), ('sliderChoices', '1 2 3 4 5 6 7')])
69.0200 	EXP 	Created rating = RatingScale(__class__=type(...), acceptKeys=['return'], acceptPreText=UNKNOWN, acceptSize=UNKNOWN, acceptText='accept?', autoLog=True, choices=False, depth=0, disappear=False, flipVert=False, high=7, kwargs=UNKNOWN, labels=list(...), leftKeys=['left'], lineColor='White', low=1, marker=ShapeStim(...), markerColor='DarkRed', markerExpansion=UNKNOWN, markerStart=4.0, maxTime=0.0, minTime=0.4, mouseOnly=False, name='rating', noMouse=False, pos=[0.0, -0.2], precision=1, respKeys=['1', '2', '3', '4', '5', '6', '7'], rightKeys=['right'], scale=str(...), self=UNKNOWN, showAccept=True, showValue=True, singleClick=False, size=0.6, skipKeys=['tab'], stretch=1.0, textColor='LightGray', textFont='Helvetica Bold', textSize=0.12, tickHeight=-1, tickMarks=6.0, win=Window(...))
69.0209 	EXP 	RatingScale rating: reset()
69.0386 	EXP 	cB_11: autoDraw = False
69.0386 	EXP 	rating: autoDraw = False
69.0386 	EXP 	rating: flipVert = False
69.0386 	EXP 	rating: autoLog = True
69.0386 	EXP 	cB_11: autoDraw = True
69.0386 	EXP 	rating: autoDraw = True
69.4794 	DATA 	Keypress: right
69.7697 	DATA 	Keypress: return
69.7719 	DATA 	RatingScale rating: (key response) rating=5
69.7720 	DATA 	RatingScale rating: rating RT=0.751
69.7720 	DATA 	RatingScale rating: history=[(4.0, 0.0), (5, 0.46), (5, 0.751)]
69.7874 	EXP 	New trial (rep=0, index=2): OrderedDict([('sliderID', 3), ('sliderText', 'How much do you like Lukas?'), ('sliderMin', 'not at all'), ('sliderMax', 'very much'), ('sliderChoices', '1 2 3 4 5 6 7')])
69.8171 	EXP 	Created rating = RatingScale(__class__=type(...), acceptKeys=['return'], acceptPreText=UNKNOWN, acceptSize=UNKNOWN, acceptText='accept?', autoLog=True, choices=False, depth=0, disappear=False, flipVert=False, high=7, kwargs=UNKNOWN, labels=list(...), leftKeys=['left'], lineColor='White', low=1, marker=ShapeStim(...), markerColor='DarkRed', markerExpansion=UNKNOWN, markerStart=4.0, maxTime=0.0, minTime=0.4, mouseOnly=False, name='rating', noMouse=False, pos=[0.0, -0.2], precision=1, respKeys=['1', '2', '3', '4', '5', '6', '7'], rightKeys=['right'], scale='How much do you like Lukas?', self=UNKNOWN, showAccept=True, showValue=True, singleClick=False, size=0.6, skipKeys=['tab'], stretch=1.0, textColor='LightGray', textFont='Helvetica Bold', textSize=0.12, tickHeight=-1, tickMarks=6.0, win=Window(...))
69.8180 	EXP 	RatingScale rating: reset()
69.8373 	EXP 	cB_11: autoDraw = False
69.8373 	EXP 	rating: autoDraw = False
69.8373 	EXP 	rating: flipVert = False
69.8373 	EXP 	rating: autoLog = True
69.8373 	EXP 	cB_11: autoDraw = True
69.8373 	EXP 	rating: autoDraw = True
70.1271 	DATA 	Keypress: right
70.3838 	DATA 	Keypress: return
70.3856 	DATA 	RatingScale rating: (key response) rating=4
70.3857 	DATA 	RatingScale rating: rating RT=0.567
70.3857 	DATA 	RatingScale rating: history=[(4.0, 0.0), (4, 0.567)]
70.4007 	EXP 	New trial (rep=0, index=3): OrderedDict([('sliderID', 4), ('sliderText', 'How much do you want to continue playing with Lukas?'), ('sliderMin', 'not at all'), ('sliderMax', 'very much'), ('sliderChoices', '1 2 3 4 5 6 7')])
70.4333 	EXP 	Created rating = RatingScale(__class__=type(...), acceptKeys=['return'], acceptPreText=UNKNOWN, acceptSize=UNKNOWN, acceptText='accept?', autoLog=True, choices=False, depth=0, disappear=False, flipVert=False, high=7, kwargs=UNKNOWN, labels=list(...), leftKeys=['left'], lineColor='White', low=1, marker=ShapeStim(...), markerColor='DarkRed', markerExpansion=UNKNOWN, markerStart=4.0, maxTime=0.0, minTime=0.4, mouseOnly=False, name='rating', noMouse=False, pos=[0.0, -0.2], precision=1, respKeys=['1', '2', '3', '4', '5', '6', '7'], rightKeys=['right'], scale=str(...), self=UNKNOWN, showAccept=True, showValue=True, singleClick=False, size=0.6, skipKeys=['tab'], stretch=1.0, textColor='LightGray', textFont='Helvetica Bold', textSize=0.12, tickHeight=-1, tickMarks=6.0, win=Window(...))
70.4342 	EXP 	RatingScale rating: reset()
70.4523 	EXP 	cB_11: autoDraw = False
70.4523 	EXP 	rating: autoDraw = False
70.4523 	EXP 	rating: flipVert = False
70.4523 	EXP 	rating: autoLog = True
70.4523 	EXP 	cB_11: autoDraw = True
70.4523 	EXP 	rating: autoDraw = True
71.0493 	DATA 	Keypress: return
71.0511 	DATA 	RatingScale rating: (key response) rating=4
71.0512 	DATA 	RatingScale rating: rating RT=0.616
71.0512 	DATA 	RatingScale rating: history=[(4.0, 0.0), (4, 0.616)]
71.0668 	EXP 	New trial (rep=0, index=4): OrderedDict([('sliderID', 5), ('sliderText', 'How do you feel?'), ('sliderMin', 'negative'), ('sliderMax', 'positive'), ('sliderChoices', '1 2 3 4 5 6 7')])
71.0932 	EXP 	Created rating = RatingScale(__class__=type(...), acceptKeys=['return'], acceptPreText=UNKNOWN, acceptSize=UNKNOWN, acceptText='accept?', autoLog=True, choices=False, depth=0, disappear=False, flipVert=False, high=7, kwargs=UNKNOWN, labels=list(...), leftKeys=['left'], lineColor='White', low=1, marker=ShapeStim(...), markerColor='DarkRed', markerExpansion=UNKNOWN, markerStart=4.0, maxTime=0.0, minTime=0.4, mouseOnly=False, name='rating', noMouse=False, pos=[0.0, -0.2], precision=1, respKeys=['1', '2', '3', '4', '5', '6', '7'], rightKeys=['right'], scale='How do you feel?', self=UNKNOWN, showAccept=True, showValue=True, singleClick=False, size=0.6, skipKeys=['tab'], stretch=1.0, textColor='LightGray', textFont='Helvetica Bold', textSize=0.12, tickHeight=-1, tickMarks=6.0, win=Window(...))
71.0941 	EXP 	RatingScale rating: reset()
71.1170 	EXP 	cB_11: autoDraw = False
71.1170 	EXP 	rating: autoDraw = False
71.1170 	EXP 	rating: flipVert = False
71.1170 	EXP 	rating: autoLog = True
71.1170 	EXP 	cB_11: autoDraw = True
71.1170 	EXP 	rating: autoDraw = True
71.4930 	DATA 	Keypress: return
72.2758 	DATA 	Keypress: return
72.2778 	DATA 	RatingScale rating: (key response) rating=4
72.2779 	DATA 	RatingScale rating: rating RT=1.183
72.2779 	DATA 	RatingScale rating: history=[(4.0, 0.0), (4, 1.183)]
72.2934 	EXP 	New trial (rep=0, index=5): OrderedDict([('sliderID', 6), ('sliderText', 'How activated are you right now?'), ('sliderMin', 'low'), ('sliderMax', 'high'), ('sliderChoices', '1 2 3 4 5 6 7')])
72.3192 	EXP 	Created rating = RatingScale(__class__=type(...), acceptKeys=['return'], acceptPreText=UNKNOWN, acceptSize=UNKNOWN, acceptText='accept?', autoLog=True, choices=False, depth=0, disappear=False, flipVert=False, high=7, kwargs=UNKNOWN, labels=list(...), leftKeys=['left'], lineColor='White', low=1, marker=ShapeStim(...), markerColor='DarkRed', markerExpansion=UNKNOWN, markerStart=4.0, maxTime=0.0, minTime=0.4, mouseOnly=False, name='rating', noMouse=False, pos=[0.0, -0.2], precision=1, respKeys=['1', '2', '3', '4', '5', '6', '7'], rightKeys=['right'], scale='How activated are you right now?', self=UNKNOWN, showAccept=True, showValue=True, singleClick=False, size=0.6, skipKeys=['tab'], stretch=1.0, textColor='LightGray', textFont='Helvetica Bold', textSize=0.12, tickHeight=-1, tickMarks=6.0, win=Window(...))
72.3200 	EXP 	RatingScale rating: reset()
72.3431 	EXP 	cB_11: autoDraw = False
72.3431 	EXP 	rating: autoDraw = False
72.3431 	EXP 	rating: flipVert = False
72.3431 	EXP 	rating: autoLog = True
72.3431 	EXP 	cB_11: autoDraw = True
72.3431 	EXP 	rating: autoDraw = True
72.9571 	DATA 	Keypress: return
72.9591 	DATA 	RatingScale rating: (key response) rating=4
72.9592 	DATA 	RatingScale rating: rating RT=0.639
72.9592 	DATA 	RatingScale rating: history=[(4.0, 0.0), (4, 0.639)]
72.9748 	EXP 	Created sequence: random, trialTypes=1, nReps=4, seed=None
72.9750 	EXP 	New trial (rep=0, index=0): None
72.9907 	EXP 	cB_11: autoDraw = False
72.9907 	EXP 	rating: autoDraw = False
72.9907 	EXP 	cB_9: autoDraw = True
73.4875 	EXP 	New trial (rep=1, index=0): None
73.5042 	EXP 	cB_9: autoDraw = False
73.5042 	EXP 	cB_9: autoDraw = True
73.9826 	EXP 	New trial (rep=2, index=0): None
73.9992 	EXP 	cB_9: autoDraw = False
73.9992 	EXP 	cB_9: autoDraw = True
74.4775 	EXP 	New trial (rep=3, index=0): None
74.4938 	EXP 	cB_9: autoDraw = False
74.4938 	EXP 	cB_9: autoDraw = True
75.0048 	EXP 	cB_9: autoDraw = False
75.0048 	EXP 	cbBuf: autoDraw = True
75.1752 	EXP 	fixCross: autoDraw = True
75.6867 	EXP 	fixCross: autoDraw = False
75.8914 	EXP 	New trial (rep=0, index=3): OrderedDict([('playerId', 'Paul'), ('avatarFile', 'images/avatar1.jpg'), ('choiceLabel', 'reciprocate'), ('actionLabel', 1), ('actionRound', 1)])
75.9163 	EXP 	Imported contitions.xlsx as conditions, 2 conditions, 5 params
75.9166 	EXP 	Created sequence: random, trialTypes=2, nReps=1, seed=None
75.9170 	EXP 	New trial (rep=0, index=0): OrderedDict([('playerId', 'Paul'), ('avatarFile', 'images/avatar1.jpg'), ('choiceLabel', 'reciprocate'), ('actionLabel', 1), ('actionRound', 1)])
75.9727 	EXP 	RatingScale Slider: reset()
75.9925 	EXP 	cbBuf: autoDraw = False
75.9925 	EXP 	fixCross: autoDraw = False
75.9925 	EXP 	text: text = 'This round you are playing with Paul!'
75.9925 	EXP 	imagesbRnd: image = 'images/avatar1.jpg'
75.9925 	EXP 	cB_8: autoDraw = True
75.9925 	EXP 	text: autoDraw = True
75.9925 	EXP 	imagesbRnd: autoDraw = True
75.9925 	EXP 	Slider: autoDraw = True
76.3675 	DATA 	Keypress: right
76.9645 	DATA 	Keypress: right
77.2030 	DATA 	Keypress: return
77.2068 	DATA 	RatingScale Slider: (key response) rating=6
77.2068 	DATA 	RatingScale Slider: rating RT=1.234
77.2069 	DATA 	RatingScale Slider: history=[('5', 0.0), ('6', 0.995), ('6', 1.234)]
77.2368 	EXP 	cB_8: autoDraw = False
77.2368 	EXP 	text: autoDraw = False
77.2368 	EXP 	imagesbRnd: autoDraw = False
77.2368 	EXP 	Slider: autoDraw = False
77.2368 	EXP 	cB_9: autoDraw = True
77.7495 	EXP 	cB_9: autoDraw = False
77.7495 	EXP 	textFb: text = 'Paul has decided to reciprocate \nYou receive 6 credits'
77.7495 	EXP 	cbFb: autoDraw = True
77.7495 	EXP 	textFb: autoDraw = True
79.7454 	EXP 	cbFb: autoDraw = False
79.7454 	EXP 	textFb: autoDraw = False
79.7454 	EXP 	cbBuf: autoDraw = True
79.9133 	EXP 	fixCross: autoDraw = True
80.2041 	DATA 	Keypress: right
80.4285 	EXP 	fixCross: autoDraw = False
80.6319 	EXP 	New trial (rep=0, index=1): OrderedDict([('playerId', 'Paul'), ('avatarFile', 'images/avatar1.jpg'), ('choiceLabel', 'reciprocate'), ('actionLabel', 1), ('actionRound', 1)])
80.6879 	EXP 	RatingScale Slider: reset()
80.7048 	EXP 	cbBuf: autoDraw = False
80.7048 	EXP 	fixCross: autoDraw = False
80.7048 	EXP 	text: text = 'This round you are playing with Paul!'
80.7048 	EXP 	imagesbRnd: image = 'images/avatar1.jpg'
80.7048 	EXP 	cB_8: autoDraw = True
80.7048 	EXP 	text: autoDraw = True
80.7048 	EXP 	imagesbRnd: autoDraw = True
80.7048 	EXP 	Slider: autoDraw = True
80.9890 	DATA 	Keypress: right
81.4363 	DATA 	Keypress: right
81.6882 	DATA 	Keypress: return
81.6922 	DATA 	RatingScale Slider: (key response) rating=6
81.6922 	DATA 	RatingScale Slider: rating RT=1.004
81.6922 	DATA 	RatingScale Slider: history=[('5', 0.0), ('6', 0.764), ('6', 1.004)]
81.7225 	EXP 	cB_8: autoDraw = False
81.7225 	EXP 	text: autoDraw = False
81.7225 	EXP 	imagesbRnd: autoDraw = False
81.7225 	EXP 	Slider: autoDraw = False
81.7225 	EXP 	cB_9: autoDraw = True
82.2345 	EXP 	cB_9: autoDraw = False
82.2345 	EXP 	textFb: text = 'Paul has decided to reciprocate \nYou receive 6 credits'
82.2345 	EXP 	cbFb: autoDraw = True
82.2345 	EXP 	textFb: autoDraw = True
83.0035 	DATA 	Keypress: return
84.2289 	EXP 	cbFb: autoDraw = False
84.2289 	EXP 	textFb: autoDraw = False
84.2289 	EXP 	cbBuf: autoDraw = True
84.3985 	EXP 	fixCross: autoDraw = True
84.9117 	EXP 	fixCross: autoDraw = False
85.1289 	EXP 	Imported sliders.xlsx as conditions, 6 conditions, 5 params
85.1291 	EXP 	Created sequence: sequential, trialTypes=6, nReps=1, seed=None
85.1295 	EXP 	New trial (rep=0, index=0): OrderedDict([('sliderID', 1), ('sliderText', 'How much do you like Paul?'), ('sliderMin', 'not at all'), ('sliderMax', 'very much'), ('sliderChoices', '1 2 3 4 5 6 7')])
85.1589 	EXP 	Created rating = RatingScale(__class__=type(...), acceptKeys=['return'], acceptPreText=UNKNOWN, acceptSize=UNKNOWN, acceptText='accept?', autoLog=True, choices=False, depth=0, disappear=False, flipVert=False, high=7, kwargs=UNKNOWN, labels=list(...), leftKeys=['left'], lineColor='White', low=1, marker=ShapeStim(...), markerColor='DarkRed', markerExpansion=UNKNOWN, markerStart=4.0, maxTime=0.0, minTime=0.4, mouseOnly=False, name='rating', noMouse=False, pos=[0.0, -0.2], precision=1, respKeys=['1', '2', '3', '4', '5', '6', '7'], rightKeys=['right'], scale='How much do you like Paul?', self=UNKNOWN, showAccept=True, showValue=True, singleClick=False, size=0.6, skipKeys=['tab'], stretch=1.0, textColor='LightGray', textFont='Helvetica Bold', textSize=0.12, tickHeight=-1, tickMarks=6.0, win=Window(...))
85.1597 	EXP 	RatingScale rating: reset()
85.1821 	EXP 	cbBuf: autoDraw = False
85.1821 	EXP 	fixCross: autoDraw = False
85.1821 	EXP 	rating: flipVert = False
85.1821 	EXP 	rating: autoLog = True
85.1821 	EXP 	cB_11: autoDraw = True
85.1821 	EXP 	rating: autoDraw = True
85.7956 	DATA 	Keypress: right
86.1538 	DATA 	Keypress: return
86.1561 	DATA 	RatingScale rating: (key response) rating=5
86.1562 	DATA 	RatingScale rating: rating RT=0.996
86.1562 	DATA 	RatingScale rating: history=[(4.0, 0.0), (5, 0.637), (5, 0.996)]
86.1714 	EXP 	New trial (rep=0, index=1): OrderedDict([('sliderID', 2), ('sliderText', 'How much do you want to continue playing with Paul?'), ('sliderMin', 'not at all'), ('sliderMax', 'very much'), ('sliderChoices', '1 2 3 4 5 6 7')])
86.2040 	EXP 	Created rating = RatingScale(__class__=type(...), acceptKeys=['return'], acceptPreText=UNKNOWN, acceptSize=UNKNOWN, acceptText='accept?', autoLog=True, choices=False, depth=0, disappear=False, flipVert=False, high=7, kwargs=UNKNOWN, labels=list(...), leftKeys=['left'], lineColor='White', low=1, marker=ShapeStim(...), markerColor='DarkRed', markerExpansion=UNKNOWN, markerStart=4.0, maxTime=0.0, minTime=0.4, mouseOnly=False, name='rating', noMouse=False, pos=[0.0, -0.2], precision=1, respKeys=['1', '2', '3', '4', '5', '6', '7'], rightKeys=['right'], scale=str(...), self=UNKNOWN, showAccept=True, showValue=True, singleClick=False, size=0.6, skipKeys=['tab'], stretch=1.0, textColor='LightGray', textFont='Helvetica Bold', textSize=0.12, tickHeight=-1, tickMarks=6.0, win=Window(...))
86.2049 	EXP 	RatingScale rating: reset()
86.2229 	EXP 	cB_11: autoDraw = False
86.2229 	EXP 	rating: autoDraw = False
86.2229 	EXP 	rating: flipVert = False
86.2229 	EXP 	rating: autoLog = True
86.2229 	EXP 	cB_11: autoDraw = True
86.2229 	EXP 	rating: autoDraw = True
86.7495 	DATA 	Keypress: return
86.7513 	DATA 	RatingScale rating: (key response) rating=4
86.7514 	DATA 	RatingScale rating: rating RT=0.546
86.7514 	DATA 	RatingScale rating: history=[(4.0, 0.0), (4, 0.546)]
86.7675 	EXP 	New trial (rep=0, index=2): OrderedDict([('sliderID', 3), ('sliderText', 'How much do you like Lukas?'), ('sliderMin', 'not at all'), ('sliderMax', 'very much'), ('sliderChoices', '1 2 3 4 5 6 7')])
86.7993 	EXP 	Created rating = RatingScale(__class__=type(...), acceptKeys=['return'], acceptPreText=UNKNOWN, acceptSize=UNKNOWN, acceptText='accept?', autoLog=True, choices=False, depth=0, disappear=False, flipVert=False, high=7, kwargs=UNKNOWN, labels=list(...), leftKeys=['left'], lineColor='White', low=1, marker=ShapeStim(...), markerColor='DarkRed', markerExpansion=UNKNOWN, markerStart=4.0, maxTime=0.0, minTime=0.4, mouseOnly=False, name='rating', noMouse=False, pos=[0.0, -0.2], precision=1, respKeys=['1', '2', '3', '4', '5', '6', '7'], rightKeys=['right'], scale='How much do you like Lukas?', self=UNKNOWN, showAccept=True, showValue=True, singleClick=False, size=0.6, skipKeys=['tab'], stretch=1.0, textColor='LightGray', textFont='Helvetica Bold', textSize=0.12, tickHeight=-1, tickMarks=6.0, win=Window(...))
86.8001 	EXP 	RatingScale rating: reset()
86.8179 	EXP 	cB_11: autoDraw = False
86.8179 	EXP 	rating: autoDraw = False
86.8179 	EXP 	rating: flipVert = False
86.8179 	EXP 	rating: autoLog = True
86.8179 	EXP 	cB_11: autoDraw = True
86.8179 	EXP 	rating: autoDraw = True
87.5506 	DATA 	Keypress: return
87.5524 	DATA 	RatingScale rating: (key response) rating=4
87.5525 	DATA 	RatingScale rating: rating RT=0.752
87.5525 	DATA 	RatingScale rating: history=[(4.0, 0.0), (4, 0.752)]
87.5682 	EXP 	New trial (rep=0, index=3): OrderedDict([('sliderID', 4), ('sliderText', 'How much do you want to continue playing with Lukas?'), ('sliderMin', 'not at all'), ('sliderMax', 'very much'), ('sliderChoices', '1 2 3 4 5 6 7')])
87.6011 	EXP 	Created rating = RatingScale(__class__=type(...), acceptKeys=['return'], acceptPreText=UNKNOWN, acceptSize=UNKNOWN, acceptText='accept?', autoLog=True, choices=False, depth=0, disappear=False, flipVert=False, high=7, kwargs=UNKNOWN, labels=list(...), leftKeys=['left'], lineColor='White', low=1, marker=ShapeStim(...), markerColor='DarkRed', markerExpansion=UNKNOWN, markerStart=4.0, maxTime=0.0, minTime=0.4, mouseOnly=False, name='rating', noMouse=False, pos=[0.0, -0.2], precision=1, respKeys=['1', '2', '3', '4', '5', '6', '7'], rightKeys=['right'], scale=str(...), self=UNKNOWN, showAccept=True, showValue=True, singleClick=False, size=0.6, skipKeys=['tab'], stretch=1.0, textColor='LightGray', textFont='Helvetica Bold', textSize=0.12, tickHeight=-1, tickMarks=6.0, win=Window(...))
87.6020 	EXP 	RatingScale rating: reset()
87.6197 	EXP 	cB_11: autoDraw = False
87.6197 	EXP 	rating: autoDraw = False
87.6197 	EXP 	rating: flipVert = False
87.6197 	EXP 	rating: autoLog = True
87.6197 	EXP 	cB_11: autoDraw = True
87.6197 	EXP 	rating: autoDraw = True
88.0969 	DATA 	Keypress: return
88.0989 	DATA 	RatingScale rating: (key response) rating=4
88.0989 	DATA 	RatingScale rating: rating RT=0.496
88.0989 	DATA 	RatingScale rating: history=[(4.0, 0.0), (4, 0.496)]
88.1145 	EXP 	New trial (rep=0, index=4): OrderedDict([('sliderID', 5), ('sliderText', 'How do you feel?'), ('sliderMin', 'negative'), ('sliderMax', 'positive'), ('sliderChoices', '1 2 3 4 5 6 7')])
88.1410 	EXP 	Created rating = RatingScale(__class__=type(...), acceptKeys=['return'], acceptPreText=UNKNOWN, acceptSize=UNKNOWN, acceptText='accept?', autoLog=True, choices=False, depth=0, disappear=False, flipVert=False, high=7, kwargs=UNKNOWN, labels=list(...), leftKeys=['left'], lineColor='White', low=1, marker=ShapeStim(...), markerColor='DarkRed', markerExpansion=UNKNOWN, markerStart=4.0, maxTime=0.0, minTime=0.4, mouseOnly=False, name='rating', noMouse=False, pos=[0.0, -0.2], precision=1, respKeys=['1', '2', '3', '4', '5', '6', '7'], rightKeys=['right'], scale='How do you feel?', self=UNKNOWN, showAccept=True, showValue=True, singleClick=False, size=0.6, skipKeys=['tab'], stretch=1.0, textColor='LightGray', textFont='Helvetica Bold', textSize=0.12, tickHeight=-1, tickMarks=6.0, win=Window(...))
88.1419 	EXP 	RatingScale rating: reset()
88.1644 	EXP 	cB_11: autoDraw = False
88.1644 	EXP 	rating: autoDraw = False
88.1644 	EXP 	rating: flipVert = False
88.1644 	EXP 	rating: autoLog = True
88.1644 	EXP 	cB_11: autoDraw = True
88.1644 	EXP 	rating: autoDraw = True
88.8498 	DATA 	Keypress: return
88.8667 	DATA 	RatingScale rating: (key response) rating=4
88.8668 	DATA 	RatingScale rating: rating RT=0.724
88.8668 	DATA 	RatingScale rating: history=[(4.0, 0.0), (4, 0.724)]
88.8828 	EXP 	New trial (rep=0, index=5): OrderedDict([('sliderID', 6), ('sliderText', 'How activated are you right now?'), ('sliderMin', 'low'), ('sliderMax', 'high'), ('sliderChoices', '1 2 3 4 5 6 7')])
88.9092 	EXP 	Created rating = RatingScale(__class__=type(...), acceptKeys=['return'], acceptPreText=UNKNOWN, acceptSize=UNKNOWN, acceptText='accept?', autoLog=True, choices=False, depth=0, disappear=False, flipVert=False, high=7, kwargs=UNKNOWN, labels=list(...), leftKeys=['left'], lineColor='White', low=1, marker=ShapeStim(...), markerColor='DarkRed', markerExpansion=UNKNOWN, markerStart=4.0, maxTime=0.0, minTime=0.4, mouseOnly=False, name='rating', noMouse=False, pos=[0.0, -0.2], precision=1, respKeys=['1', '2', '3', '4', '5', '6', '7'], rightKeys=['right'], scale='How activated are you right now?', self=UNKNOWN, showAccept=True, showValue=True, singleClick=False, size=0.6, skipKeys=['tab'], stretch=1.0, textColor='LightGray', textFont='Helvetica Bold', textSize=0.12, tickHeight=-1, tickMarks=6.0, win=Window(...))
88.9100 	EXP 	RatingScale rating: reset()
88.9328 	EXP 	cB_11: autoDraw = False
88.9328 	EXP 	rating: autoDraw = False
88.9328 	EXP 	rating: flipVert = False
88.9328 	EXP 	rating: autoLog = True
88.9328 	EXP 	cB_11: autoDraw = True
88.9328 	EXP 	rating: autoDraw = True
89.3284 	DATA 	Keypress: return
89.3285 	DATA 	RatingScale rating: (key response) rating=4
89.3286 	DATA 	RatingScale rating: rating RT=0.418
89.3286 	DATA 	RatingScale rating: history=[(4.0, 0.0), (4, 0.418)]
89.3444 	EXP 	Created sequence: random, trialTypes=1, nReps=4, seed=None
89.3446 	EXP 	New trial (rep=0, index=0): None
89.3603 	EXP 	cB_11: autoDraw = False
89.3603 	EXP 	rating: autoDraw = False
89.3603 	EXP 	cB_9: autoDraw = True
89.8524 	EXP 	New trial (rep=1, index=0): None
89.8685 	EXP 	cB_9: autoDraw = False
89.8685 	EXP 	cB_9: autoDraw = True
90.3469 	EXP 	New trial (rep=2, index=0): None
90.3632 	EXP 	cB_9: autoDraw = False
90.3632 	EXP 	cB_9: autoDraw = True
90.8608 	EXP 	New trial (rep=3, index=0): None
90.8770 	EXP 	cB_9: autoDraw = False
90.8770 	EXP 	cB_9: autoDraw = True
91.3691 	EXP 	cB_9: autoDraw = False
91.3691 	EXP 	cbBuf: autoDraw = True
91.5429 	EXP 	fixCross: autoDraw = True
92.0529 	EXP 	fixCross: autoDraw = False
92.2594 	EXP 	New trial (rep=0, index=4): OrderedDict([('playerId', 'Lukas'), ('avatarFile', 'images/avatar2.jpg'), ('choiceLabel', 'keep the investment'), ('actionLabel', 0), ('actionRound', 1)])
92.2838 	EXP 	Imported contitions.xlsx as conditions, 2 conditions, 5 params
92.2841 	EXP 	Created sequence: random, trialTypes=2, nReps=1, seed=None
92.2844 	EXP 	New trial (rep=0, index=0): OrderedDict([('playerId', 'Paul'), ('avatarFile', 'images/avatar1.jpg'), ('choiceLabel', 'reciprocate'), ('actionLabel', 1), ('actionRound', 1)])
92.3437 	EXP 	RatingScale Slider: reset()
92.3604 	EXP 	cbBuf: autoDraw = False
92.3604 	EXP 	fixCross: autoDraw = False
92.3604 	EXP 	text: text = 'This round you are playing with Paul!'
92.3604 	EXP 	imagesbRnd: image = 'images/avatar1.jpg'
92.3604 	EXP 	cB_8: autoDraw = True
92.3604 	EXP 	text: autoDraw = True
92.3604 	EXP 	imagesbRnd: autoDraw = True
92.3604 	EXP 	Slider: autoDraw = True
92.9892 	DATA 	Keypress: right
93.3836 	DATA 	Keypress: return
93.3875 	DATA 	RatingScale Slider: (key response) rating=6
93.3876 	DATA 	RatingScale Slider: rating RT=1.043
93.3876 	DATA 	RatingScale Slider: history=[('5', 0.0), ('6', 0.648), ('6', 1.043)]
93.4168 	EXP 	cB_8: autoDraw = False
93.4168 	EXP 	text: autoDraw = False
93.4168 	EXP 	imagesbRnd: autoDraw = False
93.4168 	EXP 	Slider: autoDraw = False
93.4168 	EXP 	cB_9: autoDraw = True
93.9273 	EXP 	cB_9: autoDraw = False
93.9273 	EXP 	textFb: text = 'Paul has decided to reciprocate \nYou receive 6 credits'
93.9273 	EXP 	cbFb: autoDraw = True
93.9273 	EXP 	textFb: autoDraw = True
95.9279 	EXP 	cbFb: autoDraw = False
95.9279 	EXP 	textFb: autoDraw = False
95.9279 	EXP 	cbBuf: autoDraw = True
96.0983 	EXP 	fixCross: autoDraw = True
96.3746 	DATA 	Keypress: right
96.6124 	EXP 	fixCross: autoDraw = False
96.8178 	EXP 	New trial (rep=0, index=1): OrderedDict([('playerId', 'Paul'), ('avatarFile', 'images/avatar1.jpg'), ('choiceLabel', 'reciprocate'), ('actionLabel', 1), ('actionRound', 1)])
96.8736 	EXP 	RatingScale Slider: reset()
96.8901 	EXP 	cbBuf: autoDraw = False
96.8901 	EXP 	fixCross: autoDraw = False
96.8901 	EXP 	text: text = 'This round you are playing with Paul!'
96.8901 	EXP 	imagesbRnd: image = 'images/avatar1.jpg'
96.8901 	EXP 	cB_8: autoDraw = True
96.8901 	EXP 	text: autoDraw = True
96.8901 	EXP 	imagesbRnd: autoDraw = True
96.8901 	EXP 	Slider: autoDraw = True
97.1087 	DATA 	Keypress: right
97.6059 	DATA 	Keypress: right
97.9087 	DATA 	Keypress: return
97.9124 	DATA 	RatingScale Slider: (key response) rating=6
97.9125 	DATA 	RatingScale Slider: rating RT=1.038
97.9125 	DATA 	RatingScale Slider: history=[('5', 0.0), ('6', 0.732), ('6', 1.038)]
97.9422 	EXP 	cB_8: autoDraw = False
97.9422 	EXP 	text: autoDraw = False
97.9422 	EXP 	imagesbRnd: autoDraw = False
97.9422 	EXP 	Slider: autoDraw = False
97.9422 	EXP 	cB_9: autoDraw = True
98.4521 	EXP 	cB_9: autoDraw = False
98.4521 	EXP 	textFb: text = 'Paul has decided to reciprocate \nYou receive 6 credits'
98.4521 	EXP 	cbFb: autoDraw = True
98.4521 	EXP 	textFb: autoDraw = True
100.4475 	EXP 	cbFb: autoDraw = False
100.4475 	EXP 	textFb: autoDraw = False
100.4475 	EXP 	cbBuf: autoDraw = True
100.6195 	EXP 	fixCross: autoDraw = True
101.1309 	EXP 	fixCross: autoDraw = False
101.3501 	EXP 	Imported sliders.xlsx as conditions, 6 conditions, 5 params
101.3503 	EXP 	Created sequence: sequential, trialTypes=6, nReps=1, seed=None
101.3507 	EXP 	New trial (rep=0, index=0): OrderedDict([('sliderID', 1), ('sliderText', 'How much do you like Paul?'), ('sliderMin', 'not at all'), ('sliderMax', 'very much'), ('sliderChoices', '1 2 3 4 5 6 7')])
101.3804 	EXP 	Created rating = RatingScale(__class__=type(...), acceptKeys=['return'], acceptPreText=UNKNOWN, acceptSize=UNKNOWN, acceptText='accept?', autoLog=True, choices=False, depth=0, disappear=False, flipVert=False, high=7, kwargs=UNKNOWN, labels=list(...), leftKeys=['left'], lineColor='White', low=1, marker=ShapeStim(...), markerColor='DarkRed', markerExpansion=UNKNOWN, markerStart=4.0, maxTime=0.0, minTime=0.4, mouseOnly=False, name='rating', noMouse=False, pos=[0.0, -0.2], precision=1, respKeys=['1', '2', '3', '4', '5', '6', '7'], rightKeys=['right'], scale='How much do you like Paul?', self=UNKNOWN, showAccept=True, showValue=True, singleClick=False, size=0.6, skipKeys=['tab'], stretch=1.0, textColor='LightGray', textFont='Helvetica Bold', textSize=0.12, tickHeight=-1, tickMarks=6.0, win=Window(...))
101.3813 	EXP 	RatingScale rating: reset()
101.4043 	EXP 	cbBuf: autoDraw = False
101.4043 	EXP 	fixCross: autoDraw = False
101.4043 	EXP 	rating: flipVert = False
101.4043 	EXP 	rating: autoLog = True
101.4043 	EXP 	cB_11: autoDraw = True
101.4043 	EXP 	rating: autoDraw = True
101.9322 	DATA 	Keypress: return
101.9341 	DATA 	RatingScale rating: (key response) rating=4
101.9341 	DATA 	RatingScale rating: rating RT=0.552
101.9341 	DATA 	RatingScale rating: history=[(4.0, 0.0), (4, 0.552)]
101.9501 	EXP 	New trial (rep=0, index=1): OrderedDict([('sliderID', 2), ('sliderText', 'How much do you want to continue playing with Paul?'), ('sliderMin', 'not at all'), ('sliderMax', 'very much'), ('sliderChoices', '1 2 3 4 5 6 7')])
101.9823 	EXP 	Created rating = RatingScale(__class__=type(...), acceptKeys=['return'], acceptPreText=UNKNOWN, acceptSize=UNKNOWN, acceptText='accept?', autoLog=True, choices=False, depth=0, disappear=False, flipVert=False, high=7, kwargs=UNKNOWN, labels=list(...), leftKeys=['left'], lineColor='White', low=1, marker=ShapeStim(...), markerColor='DarkRed', markerExpansion=UNKNOWN, markerStart=4.0, maxTime=0.0, minTime=0.4, mouseOnly=False, name='rating', noMouse=False, pos=[0.0, -0.2], precision=1, respKeys=['1', '2', '3', '4', '5', '6', '7'], rightKeys=['right'], scale=str(...), self=UNKNOWN, showAccept=True, showValue=True, singleClick=False, size=0.6, skipKeys=['tab'], stretch=1.0, textColor='LightGray', textFont='Helvetica Bold', textSize=0.12, tickHeight=-1, tickMarks=6.0, win=Window(...))
101.9831 	EXP 	RatingScale rating: reset()
102.0010 	EXP 	cB_11: autoDraw = False
102.0010 	EXP 	rating: autoDraw = False
102.0010 	EXP 	rating: flipVert = False
102.0010 	EXP 	rating: autoLog = True
102.0010 	EXP 	cB_11: autoDraw = True
102.0010 	EXP 	rating: autoDraw = True
102.3921 	DATA 	Keypress: return
102.3940 	DATA 	RatingScale rating: (key response) rating=4
102.3940 	DATA 	RatingScale rating: rating RT=0.410
102.3940 	DATA 	RatingScale rating: history=[(4.0, 0.0), (4, 0.41)]
102.4096 	EXP 	New trial (rep=0, index=2): OrderedDict([('sliderID', 3), ('sliderText', 'How much do you like Lukas?'), ('sliderMin', 'not at all'), ('sliderMax', 'very much'), ('sliderChoices', '1 2 3 4 5 6 7')])
102.4400 	EXP 	Created rating = RatingScale(__class__=type(...), acceptKeys=['return'], acceptPreText=UNKNOWN, acceptSize=UNKNOWN, acceptText='accept?', autoLog=True, choices=False, depth=0, disappear=False, flipVert=False, high=7, kwargs=UNKNOWN, labels=list(...), leftKeys=['left'], lineColor='White', low=1, marker=ShapeStim(...), markerColor='DarkRed', markerExpansion=UNKNOWN, markerStart=4.0, maxTime=0.0, minTime=0.4, mouseOnly=False, name='rating', noMouse=False, pos=[0.0, -0.2], precision=1, respKeys=['1', '2', '3', '4', '5', '6', '7'], rightKeys=['right'], scale='How much do you like Lukas?', self=UNKNOWN, showAccept=True, showValue=True, singleClick=False, size=0.6, skipKeys=['tab'], stretch=1.0, textColor='LightGray', textFont='Helvetica Bold', textSize=0.12, tickHeight=-1, tickMarks=6.0, win=Window(...))
102.4409 	EXP 	RatingScale rating: reset()
102.4595 	EXP 	cB_11: autoDraw = False
102.4595 	EXP 	rating: autoDraw = False
102.4595 	EXP 	rating: flipVert = False
102.4595 	EXP 	rating: autoLog = True
102.4595 	EXP 	cB_11: autoDraw = True
102.4595 	EXP 	rating: autoDraw = True
102.7495 	DATA 	Keypress: return
103.1584 	DATA 	Keypress: return
103.1602 	DATA 	RatingScale rating: (key response) rating=4
103.1602 	DATA 	RatingScale rating: rating RT=0.719
103.1602 	DATA 	RatingScale rating: history=[(4.0, 0.0), (4, 0.719)]
103.1763 	EXP 	New trial (rep=0, index=3): OrderedDict([('sliderID', 4), ('sliderText', 'How much do you want to continue playing with Lukas?'), ('sliderMin', 'not at all'), ('sliderMax', 'very much'), ('sliderChoices', '1 2 3 4 5 6 7')])
103.2088 	EXP 	Created rating = RatingScale(__class__=type(...), acceptKeys=['return'], acceptPreText=UNKNOWN, acceptSize=UNKNOWN, acceptText='accept?', autoLog=True, choices=False, depth=0, disappear=False, flipVert=False, high=7, kwargs=UNKNOWN, labels=list(...), leftKeys=['left'], lineColor='White', low=1, marker=ShapeStim(...), markerColor='DarkRed', markerExpansion=UNKNOWN, markerStart=4.0, maxTime=0.0, minTime=0.4, mouseOnly=False, name='rating', noMouse=False, pos=[0.0, -0.2], precision=1, respKeys=['1', '2', '3', '4', '5', '6', '7'], rightKeys=['right'], scale=str(...), self=UNKNOWN, showAccept=True, showValue=True, singleClick=False, size=0.6, skipKeys=['tab'], stretch=1.0, textColor='LightGray', textFont='Helvetica Bold', textSize=0.12, tickHeight=-1, tickMarks=6.0, win=Window(...))
103.2097 	EXP 	RatingScale rating: reset()
103.2275 	EXP 	cB_11: autoDraw = False
103.2275 	EXP 	rating: autoDraw = False
103.2275 	EXP 	rating: flipVert = False
103.2275 	EXP 	rating: autoLog = True
103.2275 	EXP 	cB_11: autoDraw = True
103.2275 	EXP 	rating: autoDraw = True
103.6021 	DATA 	Keypress: return
104.0437 	DATA 	Keypress: return
104.0456 	DATA 	RatingScale rating: (key response) rating=4
104.0456 	DATA 	RatingScale rating: rating RT=0.835
104.0456 	DATA 	RatingScale rating: history=[(4.0, 0.0), (4, 0.835)]
104.0614 	EXP 	New trial (rep=0, index=4): OrderedDict([('sliderID', 5), ('sliderText', 'How do you feel?'), ('sliderMin', 'negative'), ('sliderMax', 'positive'), ('sliderChoices', '1 2 3 4 5 6 7')])
104.0886 	EXP 	Created rating = RatingScale(__class__=type(...), acceptKeys=['return'], acceptPreText=UNKNOWN, acceptSize=UNKNOWN, acceptText='accept?', autoLog=True, choices=False, depth=0, disappear=False, flipVert=False, high=7, kwargs=UNKNOWN, labels=list(...), leftKeys=['left'], lineColor='White', low=1, marker=ShapeStim(...), markerColor='DarkRed', markerExpansion=UNKNOWN, markerStart=4.0, maxTime=0.0, minTime=0.4, mouseOnly=False, name='rating', noMouse=False, pos=[0.0, -0.2], precision=1, respKeys=['1', '2', '3', '4', '5', '6', '7'], rightKeys=['right'], scale='How do you feel?', self=UNKNOWN, showAccept=True, showValue=True, singleClick=False, size=0.6, skipKeys=['tab'], stretch=1.0, textColor='LightGray', textFont='Helvetica Bold', textSize=0.12, tickHeight=-1, tickMarks=6.0, win=Window(...))
104.0895 	EXP 	RatingScale rating: reset()
104.1115 	EXP 	cB_11: autoDraw = False
104.1115 	EXP 	rating: autoDraw = False
104.1115 	EXP 	rating: flipVert = False
104.1115 	EXP 	rating: autoLog = True
104.1115 	EXP 	cB_11: autoDraw = True
104.1115 	EXP 	rating: autoDraw = True
104.5226 	DATA 	Keypress: return
104.5246 	DATA 	RatingScale rating: (key response) rating=4
104.5247 	DATA 	RatingScale rating: rating RT=0.435
104.5247 	DATA 	RatingScale rating: history=[(4.0, 0.0), (4, 0.435)]
104.5397 	EXP 	New trial (rep=0, index=5): OrderedDict([('sliderID', 6), ('sliderText', 'How activated are you right now?'), ('sliderMin', 'low'), ('sliderMax', 'high'), ('sliderChoices', '1 2 3 4 5 6 7')])
104.5659 	EXP 	Created rating = RatingScale(__class__=type(...), acceptKeys=['return'], acceptPreText=UNKNOWN, acceptSize=UNKNOWN, acceptText='accept?', autoLog=True, choices=False, depth=0, disappear=False, flipVert=False, high=7, kwargs=UNKNOWN, labels=list(...), leftKeys=['left'], lineColor='White', low=1, marker=ShapeStim(...), markerColor='DarkRed', markerExpansion=UNKNOWN, markerStart=4.0, maxTime=0.0, minTime=0.4, mouseOnly=False, name='rating', noMouse=False, pos=[0.0, -0.2], precision=1, respKeys=['1', '2', '3', '4', '5', '6', '7'], rightKeys=['right'], scale='How activated are you right now?', self=UNKNOWN, showAccept=True, showValue=True, singleClick=False, size=0.6, skipKeys=['tab'], stretch=1.0, textColor='LightGray', textFont='Helvetica Bold', textSize=0.12, tickHeight=-1, tickMarks=6.0, win=Window(...))
104.5668 	EXP 	RatingScale rating: reset()
104.5878 	EXP 	cB_11: autoDraw = False
104.5878 	EXP 	rating: autoDraw = False
104.5878 	EXP 	rating: flipVert = False
104.5878 	EXP 	rating: autoLog = True
104.5878 	EXP 	cB_11: autoDraw = True
104.5878 	EXP 	rating: autoDraw = True
104.9633 	DATA 	Keypress: return
105.6268 	DATA 	Keypress: return
105.6286 	DATA 	RatingScale rating: (key response) rating=4
105.6286 	DATA 	RatingScale rating: rating RT=1.061
105.6286 	DATA 	RatingScale rating: history=[(4.0, 0.0), (4, 1.061)]
105.6445 	EXP 	Created sequence: random, trialTypes=1, nReps=4, seed=None
105.6448 	EXP 	New trial (rep=0, index=0): None
105.6602 	EXP 	cB_11: autoDraw = False
105.6602 	EXP 	rating: autoDraw = False
105.6602 	EXP 	cB_9: autoDraw = True
106.1567 	EXP 	New trial (rep=1, index=0): None
106.1728 	EXP 	cB_9: autoDraw = False
106.1728 	EXP 	cB_9: autoDraw = True
106.6511 	EXP 	New trial (rep=2, index=0): None
106.6675 	EXP 	cB_9: autoDraw = False
106.6675 	EXP 	cB_9: autoDraw = True
107.1615 	EXP 	New trial (rep=3, index=0): None
107.1778 	EXP 	cB_9: autoDraw = False
107.1778 	EXP 	cB_9: autoDraw = True
107.6729 	EXP 	cB_9: autoDraw = False
107.6729 	EXP 	cbBuf: autoDraw = True
107.8423 	EXP 	fixCross: autoDraw = True
108.3556 	EXP 	fixCross: autoDraw = False
108.5610 	EXP 	New trial (rep=0, index=5): OrderedDict([('playerId', 'Paul'), ('avatarFile', 'images/avatar1.jpg'), ('choiceLabel', 'reciprocate'), ('actionLabel', 1), ('actionRound', 1)])
108.5857 	EXP 	Imported contitions.xlsx as conditions, 2 conditions, 5 params
108.5860 	EXP 	Created sequence: random, trialTypes=2, nReps=1, seed=None
108.5864 	EXP 	New trial (rep=0, index=0): OrderedDict([('playerId', 'Paul'), ('avatarFile', 'images/avatar1.jpg'), ('choiceLabel', 'reciprocate'), ('actionLabel', 1), ('actionRound', 1)])
108.6418 	EXP 	RatingScale Slider: reset()
108.6625 	EXP 	cbBuf: autoDraw = False
108.6625 	EXP 	fixCross: autoDraw = False
108.6625 	EXP 	text: text = 'This round you are playing with Paul!'
108.6625 	EXP 	imagesbRnd: image = 'images/avatar1.jpg'
108.6625 	EXP 	cB_8: autoDraw = True
108.6625 	EXP 	text: autoDraw = True
108.6625 	EXP 	imagesbRnd: autoDraw = True
108.6625 	EXP 	Slider: autoDraw = True
108.9515 	DATA 	Keypress: escape
109.5215 	EXP 	window1: mouseVisible = True
