2.6251 	WARNING 	Import Error: No module named 'psychtoolbox'. Using event module for keyboard component.
4.1784 	WARNING 	User requested fullscreen with size [1024  768], but screen is actually [1680, 1050]. Using actual size
5.1822 	EXP 	Created window1 = Window(allowGUI=True, allowStencil=False, args=UNKNOWN, autoLog=True, bitsMode=UNKNOWN, blendMode='avg', color=array([0., 0., 0.]), colorSpace='rgb', fullscr=<method-wrapper '__getattribute__' of attributeSetter object at 0x0A50B1B0>, gamma=None, gammaErrorPolicy='raise', kwargs=UNKNOWN, lms=UNKNOWN, monitor=<psychopy.monitors.calibTools.Monitor object at 0x07EB5E90>, multiSample=False, name='window1', numSamples=2, pos=[0.0, 0.0], screen=0, size=array([1680, 1050]), stereo=False, units='height', useFBO=True, useRetina=False, viewOri=0.0, viewPos=None, viewScale=None, waitBlanking=True, winType='pyglet')
5.1822 	EXP 	window1: recordFrameIntervals = False
5.3503 	EXP 	window1: recordFrameIntervals = True
5.5373 	EXP 	window1: recordFrameIntervals = False
5.5401 	EXP 	Created cB_1 = Rect(__class__=<class 'psychopy.visual.rect.Rect'>, autoDraw=False, autoLog=True, closeShape=True, color=method-wrapper(...), colorSpace=None, contrast=1.0, depth=-1.0, fillColor=array([-1., -1., -1.]), fillColorSpace='rgb', fillRGB=array([-1., -1., -1.]), interpolate=True, lineColor=array([1., 1., 1.]), lineColorSpace='rgb', lineRGB=array([1., 1., 1.]), lineWidth=1, name='cB_1', opacity=1.0, ori=array(0.), pos=array([0., 0.]), size=array([1., 1.]), units='height', vertices=ndarray(...), win=Window(...))
5.6880 	EXP 	Created textWelcome = TextStim(__class__=<class 'psychopy.visual.text.TextStim'>, alignHoriz='center', alignVert='center', antialias=True, autoLog=True, bold=False, color='white', colorSpace='named', contrast=1.0, depth=-2.0, flipHoriz=False, flipVert=False, font='Arial', fontFiles=[], height=0.03, italic=False, languageStyle='LTR', name='textWelcome', opacity=1.0, ori=0, pos=array([0., 0.]), rgb=array([255., 255., 255.]), text=str(...), units='height', win=Window(...), wrapWidth=1)
5.6896 	EXP 	Created cB_2 = Rect(__class__=<class 'psychopy.visual.rect.Rect'>, autoDraw=False, autoLog=True, closeShape=True, color=method-wrapper(...), colorSpace=None, contrast=1.0, depth=-1.0, fillColor=array([-1., -1., -1.]), fillColorSpace='rgb', fillRGB=array([-1., -1., -1.]), interpolate=True, lineColor=array([1., 1., 1.]), lineColorSpace='rgb', lineRGB=array([1., 1., 1.]), lineWidth=1, name='cB_2', opacity=1.0, ori=array(0.), pos=array([0., 0.]), size=array([1., 1.]), units='height', vertices=ndarray(...), win=Window(...))
5.7776 	EXP 	Created textInstructions = TextStim(__class__=<class 'psychopy.visual.text.TextStim'>, alignHoriz='center', alignVert='center', antialias=True, autoLog=True, bold=False, color='white', colorSpace='named', contrast=1.0, depth=-2.0, flipHoriz=False, flipVert=False, font='Arial', fontFiles=[], height=0.03, italic=False, languageStyle='LTR', name='textInstructions', opacity=1.0, ori=0, pos=array([0., 0.]), rgb=array([255., 255., 255.]), text=str(...), units='height', win=Window(...), wrapWidth=1)
5.7792 	EXP 	Created cB_12 = Rect(__class__=<class 'psychopy.visual.rect.Rect'>, autoDraw=False, autoLog=True, closeShape=True, color=method-wrapper(...), colorSpace=None, contrast=1.0, depth=0.0, fillColor=array([-1., -1., -1.]), fillColorSpace='rgb', fillRGB=array([-1., -1., -1.]), interpolate=True, lineColor=array([1., 1., 1.]), lineColorSpace='rgb', lineRGB=array([1., 1., 1.]), lineWidth=1, name='cB_12', opacity=1.0, ori=array(0.), pos=array([0., 0.]), size=array([1., 1.]), units='height', vertices=ndarray(...), win=Window(...))
5.8961 	EXP 	Created textInstructions_2 = TextStim(__class__=<class 'psychopy.visual.text.TextStim'>, alignHoriz='center', alignVert='center', antialias=True, autoLog=True, bold=False, color='white', colorSpace='named', contrast=1.0, depth=-1.0, flipHoriz=False, flipVert=False, font='Arial', fontFiles=[], height=0.03, italic=False, languageStyle='LTR', name='textInstructions_2', opacity=1.0, ori=0, pos=array([0., 0.]), rgb=array([255., 255., 255.]), text=str(...), units='height', win=Window(...), wrapWidth=1)
5.8976 	EXP 	Created cB = Rect(__class__=<class 'psychopy.visual.rect.Rect'>, autoDraw=False, autoLog=True, closeShape=True, color=method-wrapper(...), colorSpace=None, contrast=1.0, depth=0.0, fillColor=array([-1., -1., -1.]), fillColorSpace='rgb', fillRGB=array([-1., -1., -1.]), interpolate=True, lineColor=array([1., 1., 1.]), lineColorSpace='rgb', lineRGB=array([1., 1., 1.]), lineWidth=1, name='cB', opacity=1.0, ori=array(0.), pos=array([0., 0.]), size=array([1., 1.]), units='height', vertices=ndarray(...), win=Window(...))
5.9492 	EXP 	Created displayText = TextStim(__class__=<class 'psychopy.visual.text.TextStim'>, alignHoriz='center', alignVert='center', antialias=True, autoLog=True, bold=False, color='white', colorSpace='named', contrast=1.0, depth=-2.0, flipHoriz=False, flipVert=False, font='Arial', fontFiles=[], height=0.04, italic=False, languageStyle='LTR', name='displayText', opacity=1.0, ori=0, pos=array([0. , 0.1]), rgb=array([255., 255., 255.]), text=str(...), units='height', win=Window(...), wrapWidth=1)
5.9508 	EXP 	Created copyText = TextStim(__class__=<class 'psychopy.visual.text.TextStim'>, alignHoriz='center', alignVert='center', antialias=True, autoLog=True, bold=False, color='white', colorSpace='named', contrast=1.0, depth=-3.0, flipHoriz=False, flipVert=False, font='Arial', fontFiles=[], height=0.05, italic=False, languageStyle='LTR', name='copyText', opacity=1.0, ori=0, pos=array([ 0. , -0.1]), rgb=array([255., 255., 255.]), text='', units='height', win=Window(...), wrapWidth=1)
5.9523 	EXP 	Created cB_3 = Rect(__class__=<class 'psychopy.visual.rect.Rect'>, autoDraw=False, autoLog=True, closeShape=True, color=method-wrapper(...), colorSpace=None, contrast=1.0, depth=-1.0, fillColor=array([-1., -1., -1.]), fillColorSpace='rgb', fillRGB=array([-1., -1., -1.]), interpolate=True, lineColor=array([1., 1., 1.]), lineColorSpace='rgb', lineRGB=array([1., 1., 1.]), lineWidth=1, name='cB_3', opacity=1.0, ori=array(0.), pos=array([0., 0.]), size=array([1., 1.]), units='height', vertices=ndarray(...), win=Window(...))
5.9854 	EXP 	Created textServer = TextStim(__class__=<class 'psychopy.visual.text.TextStim'>, alignHoriz='center', alignVert='center', antialias=True, autoLog=True, bold=False, color='white', colorSpace='named', contrast=1.0, depth=-2.0, flipHoriz=False, flipVert=False, font='Arial', fontFiles=[], height=0.03, italic=False, languageStyle='LTR', name='textServer', opacity=1.0, ori=0, pos=array([0., 0.]), rgb=array([255., 255., 255.]), text=str(...), units='height', win=Window(...), wrapWidth=1)
5.9869 	EXP 	Created cB_4 = Rect(__class__=<class 'psychopy.visual.rect.Rect'>, autoDraw=False, autoLog=True, closeShape=True, color=method-wrapper(...), colorSpace=None, contrast=1.0, depth=0.0, fillColor=array([-1., -1., -1.]), fillColorSpace='rgb', fillRGB=array([-1., -1., -1.]), interpolate=True, lineColor=array([1., 1., 1.]), lineColorSpace='rgb', lineRGB=array([1., 1., 1.]), lineWidth=1, name='cB_4', opacity=1.0, ori=array(0.), pos=array([0., 0.]), size=array([1., 1.]), units='height', vertices=ndarray(...), win=Window(...))
5.9919 	EXP 	Created text_1 = TextStim(__class__=<class 'psychopy.visual.text.TextStim'>, alignHoriz='center', alignVert='center', antialias=True, autoLog=True, bold=False, color='white', colorSpace='named', contrast=1.0, depth=-1.0, flipHoriz=False, flipVert=False, font='Arial', fontFiles=[], height=0.03, italic=False, languageStyle='LTR', name='text_1', opacity=1.0, ori=0, pos=array([0., 0.]), rgb=array([255., 255., 255.]), text='connecting      ', units='height', win=Window(...), wrapWidth=1)
5.9972 	EXP 	Created text_2 = TextStim(__class__=<class 'psychopy.visual.text.TextStim'>, alignHoriz='center', alignVert='center', antialias=True, autoLog=True, bold=False, color='white', colorSpace='named', contrast=1.0, depth=-2.0, flipHoriz=False, flipVert=False, font='Arial', fontFiles=[], height=0.03, italic=False, languageStyle='LTR', name='text_2', opacity=1.0, ori=0, pos=array([0., 0.]), rgb=array([255., 255., 255.]), text='connecting .    ', units='height', win=Window(...), wrapWidth=1)
6.0027 	EXP 	Created text_3 = TextStim(__class__=<class 'psychopy.visual.text.TextStim'>, alignHoriz='center', alignVert='center', antialias=True, autoLog=True, bold=False, color='white', colorSpace='named', contrast=1.0, depth=-3.0, flipHoriz=False, flipVert=False, font='Arial', fontFiles=[], height=0.03, italic=False, languageStyle='LTR', name='text_3', opacity=1.0, ori=0, pos=array([0., 0.]), rgb=array([255., 255., 255.]), text='connecting . .  ', units='height', win=Window(...), wrapWidth=1)
6.0086 	EXP 	Created text_4 = TextStim(__class__=<class 'psychopy.visual.text.TextStim'>, alignHoriz='center', alignVert='center', antialias=True, autoLog=True, bold=False, color='white', colorSpace='named', contrast=1.0, depth=-4.0, flipHoriz=False, flipVert=False, font='Arial', fontFiles=[], height=0.03, italic=False, languageStyle='LTR', name='text_4', opacity=1.0, ori=0, pos=array([0., 0.]), rgb=array([255., 255., 255.]), text='connecting . . .', units='height', win=Window(...), wrapWidth=1)
6.0101 	EXP 	Created cB_5 = Rect(__class__=<class 'psychopy.visual.rect.Rect'>, autoDraw=False, autoLog=True, closeShape=True, color=method-wrapper(...), colorSpace=None, contrast=1.0, depth=0.0, fillColor=array([-1., -1., -1.]), fillColorSpace='rgb', fillRGB=array([-1., -1., -1.]), interpolate=True, lineColor=array([1., 1., 1.]), lineColorSpace='rgb', lineRGB=array([1., 1., 1.]), lineWidth=1, name='cB_5', opacity=1.0, ori=array(0.), pos=array([0., 0.]), size=array([1., 1.]), units='height', vertices=ndarray(...), win=Window(...))
6.0140 	EXP 	Created idle = TextStim(__class__=<class 'psychopy.visual.text.TextStim'>, alignHoriz='center', alignVert='center', antialias=True, autoLog=True, bold=False, color='white', colorSpace='named', contrast=1.0, depth=-1.0, flipHoriz=False, flipVert=False, font='Arial', fontFiles=[], height=0.03, italic=False, languageStyle='LTR', name='idle', opacity=1.0, ori=0, pos=array([0., 0.]), rgb=array([255., 255., 255.]), text='found', units='height', win=Window(...), wrapWidth=1)
6.0189 	EXP 	Created idle_2 = TextStim(__class__=<class 'psychopy.visual.text.TextStim'>, alignHoriz='center', alignVert='center', antialias=True, autoLog=True, bold=False, color='white', colorSpace='named', contrast=1.0, depth=-2.0, flipHoriz=False, flipVert=False, font='Arial', fontFiles=[], height=0.03, italic=False, languageStyle='LTR', name='idle_2', opacity=1.0, ori=0, pos=array([0., 0.]), rgb=array([255., 255., 255.]), text='init proc     ', units='height', win=Window(...), wrapWidth=1)
6.0261 	EXP 	Created idle_3 = TextStim(__class__=<class 'psychopy.visual.text.TextStim'>, alignHoriz='center', alignVert='center', antialias=True, autoLog=True, bold=False, color='white', colorSpace='named', contrast=1.0, depth=-3.0, flipHoriz=False, flipVert=False, font='Arial', fontFiles=[], height=0.03, italic=False, languageStyle='LTR', name='idle_3', opacity=1.0, ori=0, pos=array([0., 0.]), rgb=array([255., 255., 255.]), text='init proc 2141', units='height', win=Window(...), wrapWidth=1)
6.0313 	EXP 	Created idle_4 = TextStim(__class__=<class 'psychopy.visual.text.TextStim'>, alignHoriz='center', alignVert='center', antialias=True, autoLog=True, bold=False, color='white', colorSpace='named', contrast=1.0, depth=-4.0, flipHoriz=False, flipVert=False, font='Arial', fontFiles=[], height=0.03, italic=False, languageStyle='LTR', name='idle_4', opacity=1.0, ori=0, pos=array([0., 0.]), rgb=array([255., 255., 255.]), text='init proc 2215', units='height', win=Window(...), wrapWidth=1)
6.0386 	EXP 	Created idle_5 = TextStim(__class__=<class 'psychopy.visual.text.TextStim'>, alignHoriz='center', alignVert='center', antialias=True, autoLog=True, bold=False, color='white', colorSpace='named', contrast=1.0, depth=-5.0, flipHoriz=False, flipVert=False, font='Arial', fontFiles=[], height=0.03, italic=False, languageStyle='LTR', name='idle_5', opacity=1.0, ori=0, pos=array([0., 0.]), rgb=array([255., 255., 255.]), text='init proc 3229', units='height', win=Window(...), wrapWidth=1)
6.0440 	EXP 	Created idle_6 = TextStim(__class__=<class 'psychopy.visual.text.TextStim'>, alignHoriz='center', alignVert='center', antialias=True, autoLog=True, bold=False, color='white', colorSpace='named', contrast=1.0, depth=-6.0, flipHoriz=False, flipVert=False, font='Arial', fontFiles=[], height=0.03, italic=False, languageStyle='LTR', name='idle_6', opacity=1.0, ori=0, pos=array([0., 0.]), rgb=array([255., 255., 255.]), text='init proc 4325', units='height', win=Window(...), wrapWidth=1)
6.0493 	EXP 	Created idle_7 = TextStim(__class__=<class 'psychopy.visual.text.TextStim'>, alignHoriz='center', alignVert='center', antialias=True, autoLog=True, bold=False, color='white', colorSpace='named', contrast=1.0, depth=-7.0, flipHoriz=False, flipVert=False, font='Arial', fontFiles=[], height=0.03, italic=False, languageStyle='LTR', name='idle_7', opacity=1.0, ori=0, pos=array([0., 0.]), rgb=array([255., 255., 255.]), text='init proc 1337', units='height', win=Window(...), wrapWidth=1)
6.0541 	EXP 	Created ilde_8 = TextStim(__class__=<class 'psychopy.visual.text.TextStim'>, alignHoriz='center', alignVert='center', antialias=True, autoLog=True, bold=False, color='white', colorSpace='named', contrast=1.0, depth=-8.0, flipHoriz=False, flipVert=False, font='Arial', fontFiles=[], height=0.03, italic=False, languageStyle='LTR', name='ilde_8', opacity=1.0, ori=0, pos=array([0., 0.]), rgb=array([255., 255., 255.]), text='buffering      ', units='height', win=Window(...), wrapWidth=1)
6.0589 	EXP 	Created idle_9 = TextStim(__class__=<class 'psychopy.visual.text.TextStim'>, alignHoriz='center', alignVert='center', antialias=True, autoLog=True, bold=False, color='white', colorSpace='named', contrast=1.0, depth=-9.0, flipHoriz=False, flipVert=False, font='Arial', fontFiles=[], height=0.03, italic=False, languageStyle='LTR', name='idle_9', opacity=1.0, ori=0, pos=array([0., 0.]), rgb=array([255., 255., 255.]), text='buffering .    ', units='height', win=Window(...), wrapWidth=1)
6.0637 	EXP 	Created idle_10 = TextStim(__class__=<class 'psychopy.visual.text.TextStim'>, alignHoriz='center', alignVert='center', antialias=True, autoLog=True, bold=False, color='white', colorSpace='named', contrast=1.0, depth=-10.0, flipHoriz=False, flipVert=False, font='Arial', fontFiles=[], height=0.03, italic=False, languageStyle='LTR', name='idle_10', opacity=1.0, ori=0, pos=array([0., 0.]), rgb=array([255., 255., 255.]), text='buffering . .  ', units='height', win=Window(...), wrapWidth=1)
6.0692 	EXP 	Created idle_11 = TextStim(__class__=<class 'psychopy.visual.text.TextStim'>, alignHoriz='center', alignVert='center', antialias=True, autoLog=True, bold=False, color='white', colorSpace='named', contrast=1.0, depth=-11.0, flipHoriz=False, flipVert=False, font='Arial', fontFiles=[], height=0.03, italic=False, languageStyle='LTR', name='idle_11', opacity=1.0, ori=0, pos=array([0., 0.]), rgb=array([255., 255., 255.]), text='buffering . . .', units='height', win=Window(...), wrapWidth=1)
6.0784 	EXP 	Created idle_12 = TextStim(__class__=<class 'psychopy.visual.text.TextStim'>, alignHoriz='center', alignVert='center', antialias=True, autoLog=True, bold=False, color='white', colorSpace='named', contrast=1.0, depth=-12.0, flipHoriz=False, flipVert=False, font='Arial', fontFiles=[], height=0.03, italic=False, languageStyle='LTR', name='idle_12', opacity=1.0, ori=0, pos=array([0., 0.]), rgb=array([255., 255., 255.]), text='run /serv/234_1/sd connect', units='height', win=Window(...), wrapWidth=1)
6.0798 	EXP 	Created cB_6 = Rect(__class__=<class 'psychopy.visual.rect.Rect'>, autoDraw=False, autoLog=True, closeShape=True, color=method-wrapper(...), colorSpace=None, contrast=1.0, depth=-1.0, fillColor=array([-1., -1., -1.]), fillColorSpace='rgb', fillRGB=array([-1., -1., -1.]), interpolate=True, lineColor=array([1., 1., 1.]), lineColorSpace='rgb', lineRGB=array([1., 1., 1.]), lineWidth=1, name='cB_6', opacity=1.0, ori=array(0.), pos=array([0., 0.]), size=array([1., 1.]), units='height', vertices=ndarray(...), win=Window(...))
6.0856 	EXP 	Created sBInstructions = TextStim(__class__=<class 'psychopy.visual.text.TextStim'>, alignHoriz='center', alignVert='center', antialias=True, autoLog=True, bold=False, color='white', colorSpace='named', contrast=1.0, depth=-2.0, flipHoriz=False, flipVert=False, font='Arial', fontFiles=[], height=0.03, italic=False, languageStyle='LTR', name='sBInstructions', opacity=1.0, ori=0, pos=array([0., 0.]), rgb=array([255., 255., 255.]), text='default text', units='height', win=Window(...), wrapWidth=1)
6.0871 	EXP 	Created cB_8 = Rect(__class__=<class 'psychopy.visual.rect.Rect'>, autoDraw=False, autoLog=True, closeShape=True, color=method-wrapper(...), colorSpace=None, contrast=1.0, depth=0.0, fillColor=array([-1., -1., -1.]), fillColorSpace='rgb', fillRGB=array([-1., -1., -1.]), interpolate=True, lineColor=array([1., 1., 1.]), lineColorSpace='rgb', lineRGB=array([1., 1., 1.]), lineWidth=1, name='cB_8', opacity=1.0, ori=array(0.), pos=array([0., 0.]), size=array([1., 1.]), units='height', vertices=ndarray(...), win=Window(...))
6.1021 	EXP 	Created text = TextStim(__class__=<class 'psychopy.visual.text.TextStim'>, alignHoriz='center', alignVert='center', antialias=True, autoLog=True, bold=False, color='white', colorSpace='named', contrast=1.0, depth=-1.0, flipHoriz=False, flipVert=False, font='Arial', fontFiles=[], height=0.05, italic=False, languageStyle='LTR', name='text', opacity=1.0, ori=0, pos=array([0., 0.]), rgb=array([255., 255., 255.]), text='default text', units='height', win=Window(...), wrapWidth=1)
6.1080 	EXP 	Created imagesbRnd = ImageStim(__class__=<class 'psychopy.visual.image.ImageStim'>, autoLog=True, color=array([1., 1., 1.]), colorSpace='rgb', contrast=1.0, depth=-2.0, flipHoriz=False, flipVert=False, image='sin', interpolate=True, mask=None, maskParams=None, name='imagesbRnd', opacity=1.0, ori=0.0, pos=array([0.  , 0.25]), size=array([0.2, 0.2]), texRes=128, units='height', win=Window(...))
6.1783 	EXP 	Created sbChoice = RatingScale(__class__=type(...), acceptKeys=['return'], acceptPreText=UNKNOWN, acceptSize=UNKNOWN, acceptText='accept?', autoLog=True, choices=list(...), depth=0, disappear=False, flipVert=False, high=10, kwargs=UNKNOWN, labels=list(...), leftKeys=['left'], lineColor='White', low=0, marker=ShapeStim(...), markerColor='DarkBlue', markerExpansion=UNKNOWN, markerStart=5.0, maxTime=0.0, minTime=0.4, mouseOnly=False, name='sbChoice', noMouse=False, pos=[0.0, -0.4], precision=1, respKeys=[], rightKeys=['right'], scale='<default>', self=UNKNOWN, showAccept=True, showValue=True, singleClick=False, size=0.6, skipKeys=['tab'], stretch=1.0, textColor='LightGray', textFont='Helvetica Bold', textSize=0.12, tickHeight=-1, tickMarks=10.0, win=Window(...))
6.1972 	EXP 	Created text_6 = TextStim(__class__=<class 'psychopy.visual.text.TextStim'>, alignHoriz='center', alignVert='center', antialias=True, autoLog=True, bold=False, color='white', colorSpace='named', contrast=1.0, depth=-5.0, flipHoriz=False, flipVert=False, font='Arial', fontFiles=[], height=0.025, italic=False, languageStyle='LTR', name='text_6', opacity=1.0, ori=0, pos=array([ 0. , -0.1]), rgb=array([255., 255., 255.]), text=' How much do you want to invest?', units='height', win=Window(...), wrapWidth=1)
6.1987 	EXP 	Created cB_9 = Rect(__class__=<class 'psychopy.visual.rect.Rect'>, autoDraw=False, autoLog=True, closeShape=True, color=method-wrapper(...), colorSpace=None, contrast=1.0, depth=-1.0, fillColor=array([-1., -1., -1.]), fillColorSpace='rgb', fillRGB=array([-1., -1., -1.]), interpolate=True, lineColor=array([1., 1., 1.]), lineColorSpace='rgb', lineRGB=array([1., 1., 1.]), lineWidth=1, name='cB_9', opacity=1.0, ori=array(0.), pos=array([0., 0.]), size=array([1., 1.]), units='height', vertices=ndarray(...), win=Window(...))
6.2057 	EXP 	Created text_7 = TextStim(__class__=<class 'psychopy.visual.text.TextStim'>, alignHoriz='center', alignVert='center', antialias=True, autoLog=True, bold=False, color='white', colorSpace='named', contrast=1.0, depth=-2.0, flipHoriz=False, flipVert=False, font='Arial', fontFiles=[], height=0.04, italic=False, languageStyle='LTR', name='text_7', opacity=1.0, ori=0, pos=array([0., 0.]), rgb=array([255., 255., 255.]), text='default text', units='height', win=Window(...), wrapWidth=1)
6.2072 	EXP 	Created cbFb = Rect(__class__=<class 'psychopy.visual.rect.Rect'>, autoDraw=False, autoLog=True, closeShape=True, color=method-wrapper(...), colorSpace=None, contrast=1.0, depth=-1.0, fillColor=array([-1., -1., -1.]), fillColorSpace='rgb', fillRGB=array([-1., -1., -1.]), interpolate=True, lineColor=array([1., 1., 1.]), lineColorSpace='rgb', lineRGB=array([1., 1., 1.]), lineWidth=1, name='cbFb', opacity=1.0, ori=array(0.), pos=array([0., 0.]), size=array([1., 1.]), units='height', vertices=ndarray(...), win=Window(...))
6.2125 	EXP 	Created textFb = TextStim(__class__=<class 'psychopy.visual.text.TextStim'>, alignHoriz='center', alignVert='center', antialias=True, autoLog=True, bold=False, color='white', colorSpace='named', contrast=1.0, depth=-2.0, flipHoriz=False, flipVert=False, font='Arial', fontFiles=[], height=0.03, italic=False, languageStyle='LTR', name='textFb', opacity=1.0, ori=0, pos=array([0., 0.]), rgb=array([255., 255., 255.]), text='default text', units='height', win=Window(...), wrapWidth=1)
6.2140 	EXP 	Created cbBuf = Rect(__class__=<class 'psychopy.visual.rect.Rect'>, autoDraw=False, autoLog=True, closeShape=True, color=method-wrapper(...), colorSpace=None, contrast=1.0, depth=0.0, fillColor=array([-1., -1., -1.]), fillColorSpace='rgb', fillRGB=array([-1., -1., -1.]), interpolate=True, lineColor=array([1., 1., 1.]), lineColorSpace='rgb', lineRGB=array([1., 1., 1.]), lineWidth=1, name='cbBuf', opacity=1.0, ori=array(0.), pos=array([0., 0.]), size=array([1., 1.]), units='height', vertices=ndarray(...), win=Window(...))
6.2157 	EXP 	Created fixCross = ShapeStim(__class__=<class 'psychopy.visual.shape.ShapeStim'>, autoDraw=False, autoLog=True, closeShape=True, contrast=1.0, depth=-1.0, fillColor=array([1., 1., 1.]), fillColorSpace='rgb', interpolate=True, lineColor=array([1., 1., 1.]), lineColorSpace='rgb', lineWidth=1, name='fixCross', opacity=1.0, ori=array(0.), pos=array([0., 0.]), size=array([0.1, 0.1]), units='height', vertices=ndarray(...), win=Window(...), windingRule=None)
6.2171 	EXP 	Created cB_11 = Rect(__class__=<class 'psychopy.visual.rect.Rect'>, autoDraw=False, autoLog=True, closeShape=True, color=method-wrapper(...), colorSpace=None, contrast=1.0, depth=0.0, fillColor=array([-1., -1., -1.]), fillColorSpace='rgb', fillRGB=array([-1., -1., -1.]), interpolate=True, lineColor=array([1., 1., 1.]), lineColorSpace='rgb', lineRGB=array([1., 1., 1.]), lineWidth=1, name='cB_11', opacity=1.0, ori=array(0.), pos=array([0., 0.]), size=array([1., 1.]), units='height', vertices=ndarray(...), win=Window(...))
6.2377 	EXP 	Created rating = RatingScale(__class__=type(...), acceptKeys=['return'], acceptPreText=UNKNOWN, acceptSize=UNKNOWN, acceptText='accept?', autoLog=True, choices=False, depth=0, disappear=False, flipVert=False, high=7, kwargs=UNKNOWN, labels=list(...), leftKeys=['left'], lineColor='White', low=1, marker=ShapeStim(...), markerColor='DarkBlue', markerExpansion=UNKNOWN, markerStart=None, maxTime=0.0, minTime=0.4, mouseOnly=False, name='rating', noMouse=False, pos=[0.0, -0.4], precision=1, respKeys=['1', '2', '3', '4', '5', '6', '7'], rightKeys=['right'], scale='', self=UNKNOWN, showAccept=True, showValue=True, singleClick=False, size=0.6, skipKeys=['tab'], stretch=1.0, textColor='LightGray', textFont='Helvetica Bold', textSize=0.12, tickHeight=1.0, tickMarks=6.0, win=Window(...))
6.2392 	EXP 	Created cB_9 = Rect(__class__=<class 'psychopy.visual.rect.Rect'>, autoDraw=False, autoLog=True, closeShape=True, color=method-wrapper(...), colorSpace=None, contrast=1.0, depth=-1.0, fillColor=array([-1., -1., -1.]), fillColorSpace='rgb', fillRGB=array([-1., -1., -1.]), interpolate=True, lineColor=array([1., 1., 1.]), lineColorSpace='rgb', lineRGB=array([1., 1., 1.]), lineWidth=1, name='cB_9', opacity=1.0, ori=array(0.), pos=array([0., 0.]), size=array([1., 1.]), units='height', vertices=ndarray(...), win=Window(...))
6.2446 	EXP 	Created text_7 = TextStim(__class__=<class 'psychopy.visual.text.TextStim'>, alignHoriz='center', alignVert='center', antialias=True, autoLog=True, bold=False, color='white', colorSpace='named', contrast=1.0, depth=-2.0, flipHoriz=False, flipVert=False, font='Arial', fontFiles=[], height=0.04, italic=False, languageStyle='LTR', name='text_7', opacity=1.0, ori=0, pos=array([0., 0.]), rgb=array([255., 255., 255.]), text='default text', units='height', win=Window(...), wrapWidth=1)
6.2461 	EXP 	Created cbBuf = Rect(__class__=<class 'psychopy.visual.rect.Rect'>, autoDraw=False, autoLog=True, closeShape=True, color=method-wrapper(...), colorSpace=None, contrast=1.0, depth=0.0, fillColor=array([-1., -1., -1.]), fillColorSpace='rgb', fillRGB=array([-1., -1., -1.]), interpolate=True, lineColor=array([1., 1., 1.]), lineColorSpace='rgb', lineRGB=array([1., 1., 1.]), lineWidth=1, name='cbBuf', opacity=1.0, ori=array(0.), pos=array([0., 0.]), size=array([1., 1.]), units='height', vertices=ndarray(...), win=Window(...))
6.2477 	EXP 	Created fixCross = ShapeStim(__class__=<class 'psychopy.visual.shape.ShapeStim'>, autoDraw=False, autoLog=True, closeShape=True, contrast=1.0, depth=-1.0, fillColor=array([1., 1., 1.]), fillColorSpace='rgb', interpolate=True, lineColor=array([1., 1., 1.]), lineColorSpace='rgb', lineWidth=1, name='fixCross', opacity=1.0, ori=array(0.), pos=array([0., 0.]), size=array([0.1, 0.1]), units='height', vertices=ndarray(...), win=Window(...), windingRule=None)
6.2491 	EXP 	Created cB_10 = Rect(__class__=<class 'psychopy.visual.rect.Rect'>, autoDraw=False, autoLog=True, closeShape=True, color=method-wrapper(...), colorSpace=None, contrast=1.0, depth=0.0, fillColor=array([-1., -1., -1.]), fillColorSpace='rgb', fillRGB=array([-1., -1., -1.]), interpolate=True, lineColor=array([1., 1., 1.]), lineColorSpace='rgb', lineRGB=array([1., 1., 1.]), lineWidth=1, name='cB_10', opacity=1.0, ori=array(0.), pos=array([0., 0.]), size=array([1., 1.]), units='height', vertices=ndarray(...), win=Window(...))
6.2661 	EXP 	Created sbEndText = TextStim(__class__=<class 'psychopy.visual.text.TextStim'>, alignHoriz='center', alignVert='center', antialias=True, autoLog=True, bold=False, color='white', colorSpace='named', contrast=1.0, depth=-1.0, flipHoriz=False, flipVert=False, font='Arial', fontFiles=[], height=0.04, italic=False, languageStyle='LTR', name='sbEndText', opacity=1.0, ori=0, pos=array([0., 0.]), rgb=array([255., 255., 255.]), text=str(...), units='height', win=Window(...), wrapWidth=1)
6.2837 	EXP 	sbChoice: flipVert = False
6.2837 	EXP 	sbChoice: autoLog = True
6.2837 	EXP 	rating: flipVert = False
6.2837 	EXP 	rating: autoLog = True
6.2837 	EXP 	cB_1: autoDraw = True
6.2837 	EXP 	textWelcome: autoDraw = True
6.6932 	DATA 	Keypress: c
6.8974 	DATA 	Keypress: c
7.7505 	DATA 	Keypress: return
8.2461 	DATA 	Keypress: return
8.5678 	DATA 	Keypress: c
8.5846 	EXP 	cB_1: autoDraw = False
8.5846 	EXP 	textWelcome: autoDraw = False
8.5846 	EXP 	cB_2: autoDraw = True
8.5846 	EXP 	textInstructions: autoDraw = True
8.8256 	DATA 	Keypress: c
8.9964 	DATA 	Keypress: c
9.3054 	DATA 	Keypress: 1
9.3216 	EXP 	cB_2: autoDraw = False
9.3216 	EXP 	textInstructions: autoDraw = False
9.3216 	EXP 	cB_12: autoDraw = True
9.3216 	EXP 	textInstructions_2: autoDraw = True
9.4943 	DATA 	Keypress: 1
9.5107 	EXP 	cB_12: autoDraw = False
9.5107 	EXP 	textInstructions_2: autoDraw = False
9.5107 	EXP 	text: text = ''
9.5107 	EXP 	cB: autoDraw = True
9.5107 	EXP 	displayText: autoDraw = True
9.5107 	EXP 	copyText: autoDraw = True
9.6466 	DATA 	Keypress: 1
9.6662 	EXP 	text: text = '1'
9.6662 	EXP 	copyText: text = '1'
9.7836 	DATA 	Keypress: 1
9.8015 	EXP 	text: text = '11'
9.8015 	EXP 	copyText: text = '11'
9.9360 	DATA 	Keypress: 1
9.9528 	EXP 	text: text = '111'
9.9528 	EXP 	copyText: text = '111'
10.1399 	DATA 	Keypress: 1
10.1566 	EXP 	text: text = '1111'
10.1566 	EXP 	copyText: text = '1111'
10.3119 	DATA 	Keypress: 1
10.3323 	EXP 	text: text = '11111'
10.3323 	EXP 	copyText: text = '11111'
10.4974 	DATA 	Keypress: 1
10.5177 	EXP 	text: text = '111111'
10.5177 	EXP 	copyText: text = '111111'
10.7869 	DATA 	Keypress: backspace
10.8052 	EXP 	text: text = '11111'
10.8052 	EXP 	copyText: text = '11111'
11.7745 	DATA 	Keypress: backspace
11.7933 	EXP 	text: text = '1111'
11.7933 	EXP 	copyText: text = '1111'
11.9118 	DATA 	Keypress: backspace
11.9314 	EXP 	text: text = '111'
11.9314 	EXP 	copyText: text = '111'
12.0635 	DATA 	Keypress: backspace
12.0813 	EXP 	text: text = '11'
12.0813 	EXP 	copyText: text = '11'
12.1997 	DATA 	Keypress: backspace
12.2172 	EXP 	text: text = '1'
12.2172 	EXP 	copyText: text = '1'
12.3192 	DATA 	Keypress: backspace
12.3368 	EXP 	text: text = ''
12.3368 	EXP 	copyText: text = ''
12.6277 	DATA 	Keypress: lshift
12.6444 	EXP 	copyText: text = ''
12.7797 	DATA 	Keypress: r
12.8161 	EXP 	text: text = 'R'
12.8161 	EXP 	copyText: text = 'R'
13.0350 	DATA 	Keypress: o
13.0529 	EXP 	text: text = 'Ro'
13.0529 	EXP 	copyText: text = 'Ro'
13.2219 	DATA 	Keypress: n
13.2405 	EXP 	text: text = 'Ron'
13.2405 	EXP 	copyText: text = 'Ron'
13.3600 	DATA 	Keypress: n
13.3789 	EXP 	text: text = 'Ronn'
13.3789 	EXP 	copyText: text = 'Ronn'
13.4779 	DATA 	Keypress: y
13.4996 	EXP 	text: text = 'Ronny'
13.4996 	EXP 	copyText: text = 'Ronny'
13.6138 	DATA 	Keypress: return
13.6310 	EXP 	copyText: text = 'Ronny'
13.6310 	EXP 	cB: autoDraw = False
13.6310 	EXP 	displayText: autoDraw = False
13.6310 	EXP 	copyText: autoDraw = False
13.6310 	EXP 	cB_3: autoDraw = True
13.6310 	EXP 	textServer: autoDraw = True
14.6013 	DATA 	Keypress: c
15.1825 	DATA 	Keypress: c
15.6446 	DATA 	Keypress: c
15.6610 	EXP 	Created sequence: sequential, trialTypes=1, nReps=5, seed=None
15.6612 	EXP 	New trial (rep=0, index=0): None
15.6771 	EXP 	cB_3: autoDraw = False
15.6771 	EXP 	textServer: autoDraw = False
15.6771 	EXP 	cB_4: autoDraw = True
15.6771 	EXP 	text_1: autoDraw = True
16.6539 	EXP 	text_2: autoDraw = True
16.6878 	EXP 	text_1: autoDraw = False
17.1493 	EXP 	text_3: autoDraw = True
17.1663 	EXP 	text_2: autoDraw = False
17.6468 	EXP 	text_4: autoDraw = True
17.6637 	EXP 	text_3: autoDraw = False
18.1597 	EXP 	text_4: autoDraw = False
18.1615 	EXP 	New trial (rep=1, index=0): None
18.1763 	EXP 	cB_4: autoDraw = False
18.1763 	EXP 	cB_4: autoDraw = False
18.1763 	EXP 	text_1: autoDraw = False
18.1763 	EXP 	text_2: autoDraw = False
18.1763 	EXP 	text_3: autoDraw = False
18.1763 	EXP 	text_4: autoDraw = False
18.1763 	EXP 	cB_4: autoDraw = True
18.1763 	EXP 	text_1: autoDraw = True
19.1483 	EXP 	text_2: autoDraw = True
19.1821 	EXP 	text_1: autoDraw = False
19.6596 	EXP 	text_2: autoDraw = False
19.6596 	EXP 	text_3: autoDraw = True
20.1554 	EXP 	text_4: autoDraw = True
20.1740 	EXP 	text_3: autoDraw = False
20.6680 	EXP 	text_4: autoDraw = False
20.6694 	EXP 	New trial (rep=2, index=0): None
20.6850 	EXP 	cB_4: autoDraw = False
20.6850 	EXP 	text_1: autoDraw = False
20.6850 	EXP 	text_2: autoDraw = False
20.6850 	EXP 	text_3: autoDraw = False
20.6850 	EXP 	text_4: autoDraw = False
20.6850 	EXP 	cB_4: autoDraw = True
20.6850 	EXP 	text_1: autoDraw = True
21.6594 	EXP 	text_2: autoDraw = True
21.6933 	EXP 	text_1: autoDraw = False
22.1572 	EXP 	text_3: autoDraw = True
22.1746 	EXP 	text_2: autoDraw = False
22.6688 	EXP 	text_3: autoDraw = False
22.6688 	EXP 	text_4: autoDraw = True
23.1664 	EXP 	New trial (rep=3, index=0): None
23.1820 	EXP 	cB_4: autoDraw = False
23.1820 	EXP 	text_1: autoDraw = False
23.1820 	EXP 	text_2: autoDraw = False
23.1820 	EXP 	text_3: autoDraw = False
23.1820 	EXP 	text_4: autoDraw = False
23.1820 	EXP 	cB_4: autoDraw = True
23.1820 	EXP 	text_1: autoDraw = True
24.1580 	EXP 	text_2: autoDraw = True
24.1918 	EXP 	text_1: autoDraw = False
24.6570 	EXP 	text_2: autoDraw = False
24.6570 	EXP 	text_3: autoDraw = True
25.1533 	EXP 	text_4: autoDraw = True
25.1701 	EXP 	text_3: autoDraw = False
25.6641 	EXP 	text_4: autoDraw = False
25.6654 	EXP 	New trial (rep=4, index=0): None
25.6812 	EXP 	cB_4: autoDraw = False
25.6812 	EXP 	text_1: autoDraw = False
25.6812 	EXP 	text_2: autoDraw = False
25.6812 	EXP 	text_3: autoDraw = False
25.6812 	EXP 	text_4: autoDraw = False
25.6812 	EXP 	cB_4: autoDraw = True
25.6812 	EXP 	text_1: autoDraw = True
26.6564 	EXP 	text_2: autoDraw = True
26.6905 	EXP 	text_1: autoDraw = False
27.1492 	EXP 	text_3: autoDraw = True
27.1663 	EXP 	text_2: autoDraw = False
27.6626 	EXP 	text_3: autoDraw = False
27.6626 	EXP 	text_4: autoDraw = True
28.1760 	EXP 	text_4: autoDraw = False
28.1930 	EXP 	cB_4: autoDraw = False
28.1930 	EXP 	text_1: autoDraw = False
28.1930 	EXP 	text_2: autoDraw = False
28.1930 	EXP 	text_3: autoDraw = False
28.1930 	EXP 	text_4: autoDraw = False
28.1930 	EXP 	cB_5: autoDraw = True
28.3631 	EXP 	idle: autoDraw = True
28.6723 	EXP 	idle: autoDraw = False
28.6723 	EXP 	idle_2: autoDraw = True
28.8744 	EXP 	idle_2: autoDraw = False
28.8744 	EXP 	idle_3: autoDraw = True
28.9606 	EXP 	idle_3: autoDraw = False
28.9606 	EXP 	idle_4: autoDraw = True
29.1151 	EXP 	idle_4: autoDraw = False
29.1151 	EXP 	idle_5: autoDraw = True
29.2694 	EXP 	idle_5: autoDraw = False
29.2694 	EXP 	idle_6: autoDraw = True
29.4234 	EXP 	idle_6: autoDraw = False
29.4234 	EXP 	idle_7: autoDraw = True
29.5246 	EXP 	idle_7: autoDraw = False
29.5246 	EXP 	ilde_8: autoDraw = True
30.0191 	EXP 	ilde_8: autoDraw = False
30.0191 	EXP 	idle_9: autoDraw = True
30.5145 	EXP 	idle_10: autoDraw = True
30.5314 	EXP 	idle_9: autoDraw = False
31.0263 	EXP 	idle_10: autoDraw = False
31.0263 	EXP 	idle_11: autoDraw = True
31.5227 	EXP 	idle_12: autoDraw = True
31.5394 	EXP 	idle_11: autoDraw = False
31.6768 	EXP 	idle_12: autoDraw = False
32.2423 	EXP 	cB_5: autoDraw = False
32.2423 	EXP 	idle: autoDraw = False
32.2423 	EXP 	idle_2: autoDraw = False
32.2423 	EXP 	idle_3: autoDraw = False
32.2423 	EXP 	idle_4: autoDraw = False
32.2423 	EXP 	idle_5: autoDraw = False
32.2423 	EXP 	idle_6: autoDraw = False
32.2423 	EXP 	idle_7: autoDraw = False
32.2423 	EXP 	ilde_8: autoDraw = False
32.2423 	EXP 	idle_9: autoDraw = False
32.2423 	EXP 	idle_10: autoDraw = False
32.2423 	EXP 	idle_11: autoDraw = False
32.2423 	EXP 	idle_12: autoDraw = False
32.2423 	EXP 	sBInstructions: text = "Hi Ronny!\nYou are now ready to start with the experiment. \n\nOn the next screens you will make decisions on how to engage with other players.\n\n\nMake a choice using your 'left' or 'right' keys and confirm with 'enter'\n\nNote, all decisions (yours and others) happen simultaneously, and not in response to each other.\n\nPress 'c' to begin.\n"
32.2423 	EXP 	cB_6: autoDraw = True
32.4254 	EXP 	sBInstructions: autoDraw = True
34.2167 	DATA 	Keypress: c
36.5906 	DATA 	Keypress: c
36.6640 	EXP 	Imported contitions.xlsx as conditions, 19 conditions, 6 params
36.6644 	EXP 	Created sequence: random, trialTypes=19, nReps=2, seed=None
36.6647 	EXP 	New trial (rep=0, index=0): OrderedDict([('playerAn', 'PlayerA'), ('playerId', 'Paul'), ('avatarFile', 'images/avatar1.jpg'), ('choiceLabel', 'reciprocate'), ('actionLabel', 1), ('actionRound', 1)])
36.6789 	EXP 	Imported contitions.xlsx as conditions, 19 conditions, 6 params
36.6793 	EXP 	Created sequence: random, trialTypes=19, nReps=2, seed=None
36.6796 	EXP 	New trial (rep=0, index=0): OrderedDict([('playerAn', 'PlayerB'), ('playerId', 'Lukas'), ('avatarFile', 'images/avatar2.jpg'), ('choiceLabel', 'keep the investment'), ('actionLabel', 0), ('actionRound', 1)])
36.7201 	EXP 	RatingScale sbChoice: reset()
36.7437 	EXP 	cB_6: autoDraw = False
36.7437 	EXP 	sBInstructions: autoDraw = False
36.7437 	EXP 	text: text = 'This round you are playing with Lukas!'
36.7437 	EXP 	imagesbRnd: image = 'images/avatar2.jpg'
36.7437 	EXP 	cB_8: autoDraw = True
36.7437 	EXP 	text: autoDraw = True
36.7437 	EXP 	imagesbRnd: autoDraw = True
36.7437 	EXP 	sbChoice: autoDraw = True
36.7437 	EXP 	text_6: autoDraw = True
38.3134 	DATA 	Keypress: left
38.5009 	DATA 	Keypress: left
39.0148 	DATA 	Keypress: return
39.0150 	DATA 	RatingScale sbChoice: (key response) rating=3
39.0150 	DATA 	RatingScale sbChoice: rating RT=2.294
39.0151 	DATA 	RatingScale sbChoice: history=[('5', 0.0), ('4', 1.596), ('3', 1.784), ('3', 2.294)]
39.0486 	EXP 	cB_8: autoDraw = False
39.0486 	EXP 	text: autoDraw = False
39.0486 	EXP 	imagesbRnd: autoDraw = False
39.0486 	EXP 	sbChoice: autoDraw = False
39.0486 	EXP 	text_6: autoDraw = False
39.0486 	EXP 	text_7: text = 'waiting for other player'
39.0486 	EXP 	cB_9: autoDraw = True
39.0486 	EXP 	text_7: autoDraw = True
41.0658 	EXP 	cB_9: autoDraw = False
41.0658 	EXP 	text_7: autoDraw = False
41.0658 	EXP 	cB_9: autoDraw = False
41.0658 	EXP 	text_7: autoDraw = False
41.0658 	EXP 	textFb: text = 'Lukashas decided to return 0percent of your investment. \nYour return is0credits!\n Your total gain for this round is7credits!\n'
41.0658 	EXP 	cbFb: autoDraw = True
41.0658 	EXP 	textFb: autoDraw = True
45.0518 	EXP 	cbFb: autoDraw = False
45.0518 	EXP 	textFb: autoDraw = False
45.0518 	EXP 	cbBuf: autoDraw = True
45.2208 	EXP 	fixCross: autoDraw = True
45.7339 	EXP 	fixCross: autoDraw = False
45.9389 	EXP 	New trial (rep=0, index=1): OrderedDict([('playerAn', 'PlayerB'), ('playerId', 'Lukas'), ('avatarFile', 'images/avatar2.jpg'), ('choiceLabel', 'keep the investment'), ('actionLabel', 0), ('actionRound', 1)])
45.9576 	EXP 	RatingScale sbChoice: reset()
45.9737 	EXP 	cbBuf: autoDraw = False
45.9737 	EXP 	fixCross: autoDraw = False
45.9737 	EXP 	text: text = 'This round you are playing with Lukas!'
45.9737 	EXP 	imagesbRnd: image = 'images/avatar2.jpg'
45.9737 	EXP 	cB_8: autoDraw = True
45.9737 	EXP 	text: autoDraw = True
45.9737 	EXP 	imagesbRnd: autoDraw = True
45.9737 	EXP 	sbChoice: autoDraw = True
45.9737 	EXP 	text_6: autoDraw = True
46.3447 	DATA 	Keypress: escape
46.5596 	EXP 	window1: mouseVisible = True
