2.3842 	WARNING 	Import Error: No module named 'psychtoolbox'. Using event module for keyboard component.
4.3194 	WARNING 	User requested fullscreen with size [1024  768], but screen is actually [1680, 1050]. Using actual size
5.2511 	EXP 	Created window1 = Window(allowGUI=True, allowStencil=False, args=UNKNOWN, autoLog=True, bitsMode=UNKNOWN, blendMode='avg', color=array([0., 0., 0.]), colorSpace='rgb', fullscr=<method-wrapper '__getattribute__' of attributeSetter object at 0x0A67FC30>, gamma=None, gammaErrorPolicy='raise', kwargs=UNKNOWN, lms=UNKNOWN, monitor=<psychopy.monitors.calibTools.Monitor object at 0x08041930>, multiSample=False, name='window1', numSamples=2, pos=[0.0, 0.0], screen=0, size=array([1680, 1050]), stereo=False, units='height', useFBO=True, useRetina=False, viewOri=0.0, viewPos=None, viewScale=None, waitBlanking=True, winType='pyglet')
5.2511 	EXP 	window1: recordFrameIntervals = False
5.4205 	EXP 	window1: recordFrameIntervals = True
5.6095 	EXP 	window1: recordFrameIntervals = False
5.6122 	EXP 	Created cB_1 = Rect(__class__=<class 'psychopy.visual.rect.Rect'>, autoDraw=False, autoLog=True, closeShape=True, color=method-wrapper(...), colorSpace=None, contrast=1.0, depth=0.0, fillColor=array([-1., -1., -1.]), fillColorSpace='rgb', fillRGB=array([-1., -1., -1.]), interpolate=True, lineColor=array([1., 1., 1.]), lineColorSpace='rgb', lineRGB=array([1., 1., 1.]), lineWidth=1, name='cB_1', opacity=1.0, ori=array(0.), pos=array([0., 0.]), size=array([1., 1.]), units='height', vertices=ndarray(...), win=Window(...))
5.7445 	EXP 	Created textWelcome = TextStim(__class__=<class 'psychopy.visual.text.TextStim'>, alignHoriz='center', alignVert='center', antialias=True, autoLog=True, bold=False, color='white', colorSpace='named', contrast=1.0, depth=-1.0, flipHoriz=False, flipVert=False, font='Arial', fontFiles=[], height=0.03, italic=False, languageStyle='LTR', name='textWelcome', opacity=1.0, ori=0, pos=array([0., 0.]), rgb=array([255., 255., 255.]), text=str(...), units='height', win=Window(...), wrapWidth=1)
5.7462 	EXP 	Created cB_2 = Rect(__class__=<class 'psychopy.visual.rect.Rect'>, autoDraw=False, autoLog=True, closeShape=True, color=method-wrapper(...), colorSpace=None, contrast=1.0, depth=0.0, fillColor=array([-1., -1., -1.]), fillColorSpace='rgb', fillRGB=array([-1., -1., -1.]), interpolate=True, lineColor=array([1., 1., 1.]), lineColorSpace='rgb', lineRGB=array([1., 1., 1.]), lineWidth=1, name='cB_2', opacity=1.0, ori=array(0.), pos=array([0., 0.]), size=array([1., 1.]), units='height', vertices=ndarray(...), win=Window(...))
5.8178 	EXP 	Created textInstructions = TextStim(__class__=<class 'psychopy.visual.text.TextStim'>, alignHoriz='center', alignVert='center', antialias=True, autoLog=True, bold=False, color='white', colorSpace='named', contrast=1.0, depth=-1.0, flipHoriz=False, flipVert=False, font='Arial', fontFiles=[], height=0.03, italic=False, languageStyle='LTR', name='textInstructions', opacity=1.0, ori=0, pos=array([0., 0.]), rgb=array([255., 255., 255.]), text=str(...), units='height', win=Window(...), wrapWidth=1)
5.8193 	EXP 	Created cB_3 = Rect(__class__=<class 'psychopy.visual.rect.Rect'>, autoDraw=False, autoLog=True, closeShape=True, color=method-wrapper(...), colorSpace=None, contrast=1.0, depth=0.0, fillColor=array([-1., -1., -1.]), fillColorSpace='rgb', fillRGB=array([-1., -1., -1.]), interpolate=True, lineColor=array([1., 1., 1.]), lineColorSpace='rgb', lineRGB=array([1., 1., 1.]), lineWidth=1, name='cB_3', opacity=1.0, ori=array(0.), pos=array([0., 0.]), size=array([1., 1.]), units='height', vertices=ndarray(...), win=Window(...))
5.8550 	EXP 	Created textServer = TextStim(__class__=<class 'psychopy.visual.text.TextStim'>, alignHoriz='center', alignVert='center', antialias=True, autoLog=True, bold=False, color='white', colorSpace='named', contrast=1.0, depth=-1.0, flipHoriz=False, flipVert=False, font='Arial', fontFiles=[], height=0.03, italic=False, languageStyle='LTR', name='textServer', opacity=1.0, ori=0, pos=array([0., 0.]), rgb=array([255., 255., 255.]), text=str(...), units='height', win=Window(...), wrapWidth=1)
5.8565 	EXP 	Created cB_4 = Rect(__class__=<class 'psychopy.visual.rect.Rect'>, autoDraw=False, autoLog=True, closeShape=True, color=method-wrapper(...), colorSpace=None, contrast=1.0, depth=0.0, fillColor=array([-1., -1., -1.]), fillColorSpace='rgb', fillRGB=array([-1., -1., -1.]), interpolate=True, lineColor=array([1., 1., 1.]), lineColorSpace='rgb', lineRGB=array([1., 1., 1.]), lineWidth=1, name='cB_4', opacity=1.0, ori=array(0.), pos=array([0., 0.]), size=array([1., 1.]), units='height', vertices=ndarray(...), win=Window(...))
5.8620 	EXP 	Created text_1 = TextStim(__class__=<class 'psychopy.visual.text.TextStim'>, alignHoriz='center', alignVert='center', antialias=True, autoLog=True, bold=False, color='white', colorSpace='named', contrast=1.0, depth=-1.0, flipHoriz=False, flipVert=False, font='Arial', fontFiles=[], height=0.03, italic=False, languageStyle='LTR', name='text_1', opacity=1.0, ori=0, pos=array([0., 0.]), rgb=array([255., 255., 255.]), text='connecting      ', units='height', win=Window(...), wrapWidth=1)
5.8671 	EXP 	Created text_2 = TextStim(__class__=<class 'psychopy.visual.text.TextStim'>, alignHoriz='center', alignVert='center', antialias=True, autoLog=True, bold=False, color='white', colorSpace='named', contrast=1.0, depth=-2.0, flipHoriz=False, flipVert=False, font='Arial', fontFiles=[], height=0.03, italic=False, languageStyle='LTR', name='text_2', opacity=1.0, ori=0, pos=array([0., 0.]), rgb=array([255., 255., 255.]), text='connecting .    ', units='height', win=Window(...), wrapWidth=1)
5.8720 	EXP 	Created text_3 = TextStim(__class__=<class 'psychopy.visual.text.TextStim'>, alignHoriz='center', alignVert='center', antialias=True, autoLog=True, bold=False, color='white', colorSpace='named', contrast=1.0, depth=-3.0, flipHoriz=False, flipVert=False, font='Arial', fontFiles=[], height=0.03, italic=False, languageStyle='LTR', name='text_3', opacity=1.0, ori=0, pos=array([0., 0.]), rgb=array([255., 255., 255.]), text='connecting . .  ', units='height', win=Window(...), wrapWidth=1)
5.8780 	EXP 	Created text_4 = TextStim(__class__=<class 'psychopy.visual.text.TextStim'>, alignHoriz='center', alignVert='center', antialias=True, autoLog=True, bold=False, color='white', colorSpace='named', contrast=1.0, depth=-4.0, flipHoriz=False, flipVert=False, font='Arial', fontFiles=[], height=0.03, italic=False, languageStyle='LTR', name='text_4', opacity=1.0, ori=0, pos=array([0., 0.]), rgb=array([255., 255., 255.]), text='connecting . . .', units='height', win=Window(...), wrapWidth=1)
5.8795 	EXP 	Created cB_5 = Rect(__class__=<class 'psychopy.visual.rect.Rect'>, autoDraw=False, autoLog=True, closeShape=True, color=method-wrapper(...), colorSpace=None, contrast=1.0, depth=0.0, fillColor=array([-1., -1., -1.]), fillColorSpace='rgb', fillRGB=array([-1., -1., -1.]), interpolate=True, lineColor=array([1., 1., 1.]), lineColorSpace='rgb', lineRGB=array([1., 1., 1.]), lineWidth=1, name='cB_5', opacity=1.0, ori=array(0.), pos=array([0., 0.]), size=array([1., 1.]), units='height', vertices=ndarray(...), win=Window(...))
5.8835 	EXP 	Created idle = TextStim(__class__=<class 'psychopy.visual.text.TextStim'>, alignHoriz='center', alignVert='center', antialias=True, autoLog=True, bold=False, color='white', colorSpace='named', contrast=1.0, depth=-1.0, flipHoriz=False, flipVert=False, font='Arial', fontFiles=[], height=0.03, italic=False, languageStyle='LTR', name='idle', opacity=1.0, ori=0, pos=array([0., 0.]), rgb=array([255., 255., 255.]), text='found', units='height', win=Window(...), wrapWidth=1)
5.8884 	EXP 	Created idle_2 = TextStim(__class__=<class 'psychopy.visual.text.TextStim'>, alignHoriz='center', alignVert='center', antialias=True, autoLog=True, bold=False, color='white', colorSpace='named', contrast=1.0, depth=-2.0, flipHoriz=False, flipVert=False, font='Arial', fontFiles=[], height=0.03, italic=False, languageStyle='LTR', name='idle_2', opacity=1.0, ori=0, pos=array([0., 0.]), rgb=array([255., 255., 255.]), text='init proc     ', units='height', win=Window(...), wrapWidth=1)
5.8970 	EXP 	Created idle_3 = TextStim(__class__=<class 'psychopy.visual.text.TextStim'>, alignHoriz='center', alignVert='center', antialias=True, autoLog=True, bold=False, color='white', colorSpace='named', contrast=1.0, depth=-3.0, flipHoriz=False, flipVert=False, font='Arial', fontFiles=[], height=0.03, italic=False, languageStyle='LTR', name='idle_3', opacity=1.0, ori=0, pos=array([0., 0.]), rgb=array([255., 255., 255.]), text='init proc 2141', units='height', win=Window(...), wrapWidth=1)
5.9036 	EXP 	Created idle_4 = TextStim(__class__=<class 'psychopy.visual.text.TextStim'>, alignHoriz='center', alignVert='center', antialias=True, autoLog=True, bold=False, color='white', colorSpace='named', contrast=1.0, depth=-4.0, flipHoriz=False, flipVert=False, font='Arial', fontFiles=[], height=0.03, italic=False, languageStyle='LTR', name='idle_4', opacity=1.0, ori=0, pos=array([0., 0.]), rgb=array([255., 255., 255.]), text='init proc 2215', units='height', win=Window(...), wrapWidth=1)
5.9110 	EXP 	Created idle_5 = TextStim(__class__=<class 'psychopy.visual.text.TextStim'>, alignHoriz='center', alignVert='center', antialias=True, autoLog=True, bold=False, color='white', colorSpace='named', contrast=1.0, depth=-5.0, flipHoriz=False, flipVert=False, font='Arial', fontFiles=[], height=0.03, italic=False, languageStyle='LTR', name='idle_5', opacity=1.0, ori=0, pos=array([0., 0.]), rgb=array([255., 255., 255.]), text='init proc 3229', units='height', win=Window(...), wrapWidth=1)
5.9164 	EXP 	Created idle_6 = TextStim(__class__=<class 'psychopy.visual.text.TextStim'>, alignHoriz='center', alignVert='center', antialias=True, autoLog=True, bold=False, color='white', colorSpace='named', contrast=1.0, depth=-6.0, flipHoriz=False, flipVert=False, font='Arial', fontFiles=[], height=0.03, italic=False, languageStyle='LTR', name='idle_6', opacity=1.0, ori=0, pos=array([0., 0.]), rgb=array([255., 255., 255.]), text='init proc 4325', units='height', win=Window(...), wrapWidth=1)
5.9225 	EXP 	Created idle_7 = TextStim(__class__=<class 'psychopy.visual.text.TextStim'>, alignHoriz='center', alignVert='center', antialias=True, autoLog=True, bold=False, color='white', colorSpace='named', contrast=1.0, depth=-7.0, flipHoriz=False, flipVert=False, font='Arial', fontFiles=[], height=0.03, italic=False, languageStyle='LTR', name='idle_7', opacity=1.0, ori=0, pos=array([0., 0.]), rgb=array([255., 255., 255.]), text='init proc 1337', units='height', win=Window(...), wrapWidth=1)
5.9275 	EXP 	Created ilde_8 = TextStim(__class__=<class 'psychopy.visual.text.TextStim'>, alignHoriz='center', alignVert='center', antialias=True, autoLog=True, bold=False, color='white', colorSpace='named', contrast=1.0, depth=-8.0, flipHoriz=False, flipVert=False, font='Arial', fontFiles=[], height=0.03, italic=False, languageStyle='LTR', name='ilde_8', opacity=1.0, ori=0, pos=array([0., 0.]), rgb=array([255., 255., 255.]), text='buffering      ', units='height', win=Window(...), wrapWidth=1)
5.9323 	EXP 	Created idle_9 = TextStim(__class__=<class 'psychopy.visual.text.TextStim'>, alignHoriz='center', alignVert='center', antialias=True, autoLog=True, bold=False, color='white', colorSpace='named', contrast=1.0, depth=-9.0, flipHoriz=False, flipVert=False, font='Arial', fontFiles=[], height=0.03, italic=False, languageStyle='LTR', name='idle_9', opacity=1.0, ori=0, pos=array([0., 0.]), rgb=array([255., 255., 255.]), text='buffering .    ', units='height', win=Window(...), wrapWidth=1)
5.9370 	EXP 	Created idle_10 = TextStim(__class__=<class 'psychopy.visual.text.TextStim'>, alignHoriz='center', alignVert='center', antialias=True, autoLog=True, bold=False, color='white', colorSpace='named', contrast=1.0, depth=-10.0, flipHoriz=False, flipVert=False, font='Arial', fontFiles=[], height=0.03, italic=False, languageStyle='LTR', name='idle_10', opacity=1.0, ori=0, pos=array([0., 0.]), rgb=array([255., 255., 255.]), text='buffering . .  ', units='height', win=Window(...), wrapWidth=1)
5.9423 	EXP 	Created idle_11 = TextStim(__class__=<class 'psychopy.visual.text.TextStim'>, alignHoriz='center', alignVert='center', antialias=True, autoLog=True, bold=False, color='white', colorSpace='named', contrast=1.0, depth=-11.0, flipHoriz=False, flipVert=False, font='Arial', fontFiles=[], height=0.03, italic=False, languageStyle='LTR', name='idle_11', opacity=1.0, ori=0, pos=array([0., 0.]), rgb=array([255., 255., 255.]), text='buffering . . .', units='height', win=Window(...), wrapWidth=1)
5.9511 	EXP 	Created idle_12 = TextStim(__class__=<class 'psychopy.visual.text.TextStim'>, alignHoriz='center', alignVert='center', antialias=True, autoLog=True, bold=False, color='white', colorSpace='named', contrast=1.0, depth=-12.0, flipHoriz=False, flipVert=False, font='Arial', fontFiles=[], height=0.03, italic=False, languageStyle='LTR', name='idle_12', opacity=1.0, ori=0, pos=array([0., 0.]), rgb=array([255., 255., 255.]), text='run /serv/234_1/sd connect', units='height', win=Window(...), wrapWidth=1)
5.9526 	EXP 	Created cB_6 = Rect(__class__=<class 'psychopy.visual.rect.Rect'>, autoDraw=False, autoLog=True, closeShape=True, color=method-wrapper(...), colorSpace=None, contrast=1.0, depth=0.0, fillColor=array([-1., -1., -1.]), fillColorSpace='rgb', fillRGB=array([-1., -1., -1.]), interpolate=True, lineColor=array([1., 1., 1.]), lineColorSpace='rgb', lineRGB=array([1., 1., 1.]), lineWidth=1, name='cB_6', opacity=1.0, ori=array(0.), pos=array([0., 0.]), size=array([1., 1.]), units='height', vertices=ndarray(...), win=Window(...))
5.9831 	EXP 	Created sBInstructions = TextStim(__class__=<class 'psychopy.visual.text.TextStim'>, alignHoriz='center', alignVert='center', antialias=True, autoLog=True, bold=False, color='white', colorSpace='named', contrast=1.0, depth=-1.0, flipHoriz=False, flipVert=False, font='Arial', fontFiles=[], height=0.03, italic=False, languageStyle='LTR', name='sBInstructions', opacity=1.0, ori=0, pos=array([0., 0.]), rgb=array([255., 255., 255.]), text=str(...), units='height', win=Window(...), wrapWidth=1)
5.9846 	EXP 	Created cB_8 = Rect(__class__=<class 'psychopy.visual.rect.Rect'>, autoDraw=False, autoLog=True, closeShape=True, color=method-wrapper(...), colorSpace=None, contrast=1.0, depth=0.0, fillColor=array([-1., -1., -1.]), fillColorSpace='rgb', fillRGB=array([-1., -1., -1.]), interpolate=True, lineColor=array([1., 1., 1.]), lineColorSpace='rgb', lineRGB=array([1., 1., 1.]), lineWidth=1, name='cB_8', opacity=1.0, ori=array(0.), pos=array([0., 0.]), size=array([1., 1.]), units='height', vertices=ndarray(...), win=Window(...))
6.0071 	EXP 	Created text = TextStim(__class__=<class 'psychopy.visual.text.TextStim'>, alignHoriz='center', alignVert='center', antialias=True, autoLog=True, bold=False, color='white', colorSpace='named', contrast=1.0, depth=-1.0, flipHoriz=False, flipVert=False, font='Arial', fontFiles=[], height=0.1, italic=False, languageStyle='LTR', name='text', opacity=1.0, ori=0, pos=array([0., 0.]), rgb=array([255., 255., 255.]), text='default text', units='height', win=Window(...), wrapWidth=1)
6.0126 	EXP 	Created imagesbRnd = ImageStim(__class__=<class 'psychopy.visual.image.ImageStim'>, autoLog=True, color=array([1., 1., 1.]), colorSpace='rgb', contrast=1.0, depth=-2.0, flipHoriz=False, flipVert=False, image='sin', interpolate=True, mask=None, maskParams=None, name='imagesbRnd', opacity=1.0, ori=0.0, pos=array([0., 0.]), size=array([0.25, 0.25]), texRes=128, units='height', win=Window(...))
6.0770 	EXP 	Created Slider = RatingScale(__class__=type(...), acceptKeys=['return'], acceptPreText=UNKNOWN, acceptSize=UNKNOWN, acceptText='accept?', autoLog=True, choices=list(...), depth=0, disappear=False, flipVert=False, high=10, kwargs=UNKNOWN, labels=list(...), leftKeys=['left'], lineColor='White', low=0, marker=ShapeStim(...), markerColor='DarkBlue', markerExpansion=UNKNOWN, markerStart=5.0, maxTime=0.0, minTime=0.4, mouseOnly=False, name='Slider', noMouse=False, pos=[0.0, -0.4], precision=1, respKeys=[], rightKeys=['right'], scale='<default>', self=UNKNOWN, showAccept=True, showValue=True, singleClick=False, size=0.6, skipKeys=['tab'], stretch=1.0, textColor='LightGray', textFont='Helvetica Bold', textSize=0.12, tickHeight=-1, tickMarks=10.0, win=Window(...))
6.0784 	EXP 	Created cB_9 = Rect(__class__=<class 'psychopy.visual.rect.Rect'>, autoDraw=False, autoLog=True, closeShape=True, color=method-wrapper(...), colorSpace=None, contrast=1.0, depth=0.0, fillColor=array([-1., -1., -1.]), fillColorSpace='rgb', fillRGB=array([-1., -1., -1.]), interpolate=True, lineColor=array([1., 1., 1.]), lineColorSpace='rgb', lineRGB=array([1., 1., 1.]), lineWidth=1, name='cB_9', opacity=1.0, ori=array(0.), pos=array([0., 0.]), size=array([1., 1.]), units='height', vertices=ndarray(...), win=Window(...))
6.0798 	EXP 	Created cbFb = Rect(__class__=<class 'psychopy.visual.rect.Rect'>, autoDraw=False, autoLog=True, closeShape=True, color=method-wrapper(...), colorSpace=None, contrast=1.0, depth=-1.0, fillColor=array([-1., -1., -1.]), fillColorSpace='rgb', fillRGB=array([-1., -1., -1.]), interpolate=True, lineColor=array([1., 1., 1.]), lineColorSpace='rgb', lineRGB=array([1., 1., 1.]), lineWidth=1, name='cbFb', opacity=1.0, ori=array(0.), pos=array([0., 0.]), size=array([1., 1.]), units='height', vertices=ndarray(...), win=Window(...))
6.0853 	EXP 	Created textFb = TextStim(__class__=<class 'psychopy.visual.text.TextStim'>, alignHoriz='center', alignVert='center', antialias=True, autoLog=True, bold=False, color='white', colorSpace='named', contrast=1.0, depth=-2.0, flipHoriz=False, flipVert=False, font='Arial', fontFiles=[], height=0.03, italic=False, languageStyle='LTR', name='textFb', opacity=1.0, ori=0, pos=array([0., 0.]), rgb=array([255., 255., 255.]), text='default text', units='height', win=Window(...), wrapWidth=1)
6.0867 	EXP 	Created cbBuf = Rect(__class__=<class 'psychopy.visual.rect.Rect'>, autoDraw=False, autoLog=True, closeShape=True, color=method-wrapper(...), colorSpace=None, contrast=1.0, depth=-1.0, fillColor=array([-1., -1., -1.]), fillColorSpace='rgb', fillRGB=array([-1., -1., -1.]), interpolate=True, lineColor=array([1., 1., 1.]), lineColorSpace='rgb', lineRGB=array([1., 1., 1.]), lineWidth=1, name='cbBuf', opacity=1.0, ori=array(0.), pos=array([0., 0.]), size=array([1., 1.]), units='height', vertices=ndarray(...), win=Window(...))
6.0884 	EXP 	Created fixCross = ShapeStim(__class__=<class 'psychopy.visual.shape.ShapeStim'>, autoDraw=False, autoLog=True, closeShape=True, contrast=1.0, depth=-1.0, fillColor=array([1., 1., 1.]), fillColorSpace='rgb', interpolate=True, lineColor=array([1., 1., 1.]), lineColorSpace='rgb', lineWidth=1, name='fixCross', opacity=1.0, ori=array(0.), pos=array([0., 0.]), size=array([0.2, 0.2]), units='height', vertices=ndarray(...), win=Window(...), windingRule=None)
6.0898 	EXP 	Created cB_8 = Rect(__class__=<class 'psychopy.visual.rect.Rect'>, autoDraw=False, autoLog=True, closeShape=True, color=method-wrapper(...), colorSpace=None, contrast=1.0, depth=0.0, fillColor=array([-1., -1., -1.]), fillColorSpace='rgb', fillRGB=array([-1., -1., -1.]), interpolate=True, lineColor=array([1., 1., 1.]), lineColorSpace='rgb', lineRGB=array([1., 1., 1.]), lineWidth=1, name='cB_8', opacity=1.0, ori=array(0.), pos=array([0., 0.]), size=array([1., 1.]), units='height', vertices=ndarray(...), win=Window(...))
6.0952 	EXP 	Created text = TextStim(__class__=<class 'psychopy.visual.text.TextStim'>, alignHoriz='center', alignVert='center', antialias=True, autoLog=True, bold=False, color='white', colorSpace='named', contrast=1.0, depth=-1.0, flipHoriz=False, flipVert=False, font='Arial', fontFiles=[], height=0.1, italic=False, languageStyle='LTR', name='text', opacity=1.0, ori=0, pos=array([0., 0.]), rgb=array([255., 255., 255.]), text='default text', units='height', win=Window(...), wrapWidth=1)
6.0972 	EXP 	Created imagesbRnd = ImageStim(__class__=<class 'psychopy.visual.image.ImageStim'>, autoLog=True, color=array([1., 1., 1.]), colorSpace='rgb', contrast=1.0, depth=-2.0, flipHoriz=False, flipVert=False, image='sin', interpolate=True, mask=None, maskParams=None, name='imagesbRnd', opacity=1.0, ori=0.0, pos=array([0., 0.]), size=array([0.25, 0.25]), texRes=128, units='height', win=Window(...))
6.1328 	EXP 	Created Slider = RatingScale(__class__=type(...), acceptKeys=['return'], acceptPreText=UNKNOWN, acceptSize=UNKNOWN, acceptText='accept?', autoLog=True, choices=list(...), depth=0, disappear=False, flipVert=False, high=10, kwargs=UNKNOWN, labels=list(...), leftKeys=['left'], lineColor='White', low=0, marker=ShapeStim(...), markerColor='DarkBlue', markerExpansion=UNKNOWN, markerStart=5.0, maxTime=0.0, minTime=0.4, mouseOnly=False, name='Slider', noMouse=False, pos=[0.0, -0.4], precision=1, respKeys=[], rightKeys=['right'], scale='<default>', self=UNKNOWN, showAccept=True, showValue=True, singleClick=False, size=0.6, skipKeys=['tab'], stretch=1.0, textColor='LightGray', textFont='Helvetica Bold', textSize=0.12, tickHeight=-1, tickMarks=10.0, win=Window(...))
6.1343 	EXP 	Created cB_9 = Rect(__class__=<class 'psychopy.visual.rect.Rect'>, autoDraw=False, autoLog=True, closeShape=True, color=method-wrapper(...), colorSpace=None, contrast=1.0, depth=0.0, fillColor=array([-1., -1., -1.]), fillColorSpace='rgb', fillRGB=array([-1., -1., -1.]), interpolate=True, lineColor=array([1., 1., 1.]), lineColorSpace='rgb', lineRGB=array([1., 1., 1.]), lineWidth=1, name='cB_9', opacity=1.0, ori=array(0.), pos=array([0., 0.]), size=array([1., 1.]), units='height', vertices=ndarray(...), win=Window(...))
6.1357 	EXP 	Created cbFb = Rect(__class__=<class 'psychopy.visual.rect.Rect'>, autoDraw=False, autoLog=True, closeShape=True, color=method-wrapper(...), colorSpace=None, contrast=1.0, depth=-1.0, fillColor=array([-1., -1., -1.]), fillColorSpace='rgb', fillRGB=array([-1., -1., -1.]), interpolate=True, lineColor=array([1., 1., 1.]), lineColorSpace='rgb', lineRGB=array([1., 1., 1.]), lineWidth=1, name='cbFb', opacity=1.0, ori=array(0.), pos=array([0., 0.]), size=array([1., 1.]), units='height', vertices=ndarray(...), win=Window(...))
6.1408 	EXP 	Created textFb = TextStim(__class__=<class 'psychopy.visual.text.TextStim'>, alignHoriz='center', alignVert='center', antialias=True, autoLog=True, bold=False, color='white', colorSpace='named', contrast=1.0, depth=-2.0, flipHoriz=False, flipVert=False, font='Arial', fontFiles=[], height=0.03, italic=False, languageStyle='LTR', name='textFb', opacity=1.0, ori=0, pos=array([0., 0.]), rgb=array([255., 255., 255.]), text='default text', units='height', win=Window(...), wrapWidth=1)
6.1423 	EXP 	Created cbBuf = Rect(__class__=<class 'psychopy.visual.rect.Rect'>, autoDraw=False, autoLog=True, closeShape=True, color=method-wrapper(...), colorSpace=None, contrast=1.0, depth=-1.0, fillColor=array([-1., -1., -1.]), fillColorSpace='rgb', fillRGB=array([-1., -1., -1.]), interpolate=True, lineColor=array([1., 1., 1.]), lineColorSpace='rgb', lineRGB=array([1., 1., 1.]), lineWidth=1, name='cbBuf', opacity=1.0, ori=array(0.), pos=array([0., 0.]), size=array([1., 1.]), units='height', vertices=ndarray(...), win=Window(...))
6.1440 	EXP 	Created fixCross = ShapeStim(__class__=<class 'psychopy.visual.shape.ShapeStim'>, autoDraw=False, autoLog=True, closeShape=True, contrast=1.0, depth=-1.0, fillColor=array([1., 1., 1.]), fillColorSpace='rgb', interpolate=True, lineColor=array([1., 1., 1.]), lineColorSpace='rgb', lineWidth=1, name='fixCross', opacity=1.0, ori=array(0.), pos=array([0., 0.]), size=array([0.2, 0.2]), units='height', vertices=ndarray(...), win=Window(...), windingRule=None)
6.1454 	EXP 	Created cB_10 = Rect(__class__=<class 'psychopy.visual.rect.Rect'>, autoDraw=False, autoLog=True, closeShape=True, color=method-wrapper(...), colorSpace=None, contrast=1.0, depth=0.0, fillColor=array([-1., -1., -1.]), fillColorSpace='rgb', fillRGB=array([-1., -1., -1.]), interpolate=True, lineColor=array([1., 1., 1.]), lineColorSpace='rgb', lineRGB=array([1., 1., 1.]), lineWidth=1, name='cB_10', opacity=1.0, ori=array(0.), pos=array([0., 0.]), size=array([1., 1.]), units='height', vertices=ndarray(...), win=Window(...))
6.2031 	EXP 	Created sbEndText = TextStim(__class__=<class 'psychopy.visual.text.TextStim'>, alignHoriz='center', alignVert='center', antialias=True, autoLog=True, bold=False, color='white', colorSpace='named', contrast=1.0, depth=-1.0, flipHoriz=False, flipVert=False, font='Arial', fontFiles=[], height=0.1, italic=False, languageStyle='LTR', name='sbEndText', opacity=1.0, ori=0, pos=array([0., 0.]), rgb=array([255., 255., 255.]), text=str(...), units='height', win=Window(...), wrapWidth=1)
6.2191 	EXP 	Slider: flipVert = False
6.2191 	EXP 	Slider: autoLog = True
6.2191 	EXP 	Slider: flipVert = False
6.2191 	EXP 	Slider: autoLog = True
6.2191 	EXP 	cB_1: autoDraw = True
6.2191 	EXP 	textWelcome: autoDraw = True
7.4650 	DATA 	Keypress: c
8.3506 	DATA 	Keypress: return
8.3838 	EXP 	cB_1: autoDraw = False
8.3838 	EXP 	textWelcome: autoDraw = False
8.3838 	EXP 	cB_2: autoDraw = True
8.3838 	EXP 	textInstructions: autoDraw = True
9.1188 	DATA 	Keypress: return
9.3580 	DATA 	Keypress: c
10.5526 	DATA 	Keypress: c
10.5694 	EXP 	cB_2: autoDraw = False
10.5694 	EXP 	textInstructions: autoDraw = False
10.5694 	EXP 	cB_3: autoDraw = True
10.5694 	EXP 	textServer: autoDraw = True
11.1489 	DATA 	Keypress: c
12.9234 	DATA 	Keypress: c
12.9241 	EXP 	Created sequence: random, trialTypes=1, nReps=1, seed=None
12.9244 	EXP 	New trial (rep=0, index=0): None
12.9399 	EXP 	cB_3: autoDraw = False
12.9399 	EXP 	textServer: autoDraw = False
12.9399 	EXP 	cB_4: autoDraw = True
12.9399 	EXP 	text_1: autoDraw = True
13.9130 	EXP 	text_2: autoDraw = True
13.9471 	EXP 	text_1: autoDraw = False
14.4100 	EXP 	text_3: autoDraw = True
14.4270 	EXP 	text_2: autoDraw = False
14.9193 	EXP 	text_3: autoDraw = False
14.9193 	EXP 	text_4: autoDraw = True
15.4327 	EXP 	text_4: autoDraw = False
15.4501 	EXP 	cB_4: autoDraw = False
15.4501 	EXP 	text_1: autoDraw = False
15.4501 	EXP 	text_2: autoDraw = False
15.4501 	EXP 	text_3: autoDraw = False
15.4501 	EXP 	text_4: autoDraw = False
15.4501 	EXP 	cB_5: autoDraw = True
15.6208 	EXP 	idle: autoDraw = True
15.9278 	EXP 	idle: autoDraw = False
15.9278 	EXP 	idle_2: autoDraw = True
16.1319 	EXP 	idle_2: autoDraw = False
16.1319 	EXP 	idle_3: autoDraw = True
16.2338 	EXP 	idle_3: autoDraw = False
16.2338 	EXP 	idle_4: autoDraw = True
16.3706 	EXP 	idle_4: autoDraw = False
16.3706 	EXP 	idle_5: autoDraw = True
16.5258 	EXP 	idle_5: autoDraw = False
16.5258 	EXP 	idle_6: autoDraw = True
16.6787 	EXP 	idle_6: autoDraw = False
16.6787 	EXP 	idle_7: autoDraw = True
16.7821 	EXP 	idle_7: autoDraw = False
16.7821 	EXP 	ilde_8: autoDraw = True
17.2772 	EXP 	ilde_8: autoDraw = False
17.2772 	EXP 	idle_9: autoDraw = True
17.7714 	EXP 	idle_10: autoDraw = True
17.7883 	EXP 	idle_9: autoDraw = False
18.2836 	EXP 	idle_10: autoDraw = False
18.2836 	EXP 	idle_11: autoDraw = True
18.7793 	EXP 	idle_12: autoDraw = True
18.7962 	EXP 	idle_11: autoDraw = False
18.9335 	EXP 	idle_12: autoDraw = False
19.4455 	EXP 	cB_5: autoDraw = False
19.4455 	EXP 	idle: autoDraw = False
19.4455 	EXP 	idle_2: autoDraw = False
19.4455 	EXP 	idle_3: autoDraw = False
19.4455 	EXP 	idle_4: autoDraw = False
19.4455 	EXP 	idle_5: autoDraw = False
19.4455 	EXP 	idle_6: autoDraw = False
19.4455 	EXP 	idle_7: autoDraw = False
19.4455 	EXP 	ilde_8: autoDraw = False
19.4455 	EXP 	idle_9: autoDraw = False
19.4455 	EXP 	idle_10: autoDraw = False
19.4455 	EXP 	idle_11: autoDraw = False
19.4455 	EXP 	idle_12: autoDraw = False
19.4455 	EXP 	cB_6: autoDraw = True
19.6162 	EXP 	sBInstructions: autoDraw = True
23.1334 	DATA 	Keypress: left
23.4421 	DATA 	Keypress: c
23.5183 	EXP 	Imported contitions.xlsx as conditions, 19 conditions, 5 params
23.5186 	EXP 	Created sequence: random, trialTypes=19, nReps=1, seed=None
23.5190 	EXP 	New trial (rep=0, index=0): OrderedDict([('playerId', 'Paul'), ('avatarFile', 'images/avatar1.jpg'), ('choiceLabel', 'keep the investment'), ('actionLabel', 0), ('actionRound', 2)])
23.6338 	EXP 	RatingScale Slider: reset()
23.6613 	EXP 	cB_6: autoDraw = False
23.6613 	EXP 	sBInstructions: autoDraw = False
23.6613 	EXP 	text: text = 'This round you are playing with Paul!'
23.6613 	EXP 	imagesbRnd: image = 'images/avatar1.jpg'
23.6613 	EXP 	cB_8: autoDraw = True
23.6613 	EXP 	text: autoDraw = True
23.6613 	EXP 	imagesbRnd: autoDraw = True
23.6613 	EXP 	Slider: autoDraw = True
24.4270 	DATA 	Keypress: right
24.9763 	DATA 	Keypress: return
24.9799 	DATA 	RatingScale Slider: (key response) rating=6
24.9799 	DATA 	RatingScale Slider: rating RT=1.345
24.9799 	DATA 	RatingScale Slider: history=[('5', 0.0), ('6', 0.796), ('6', 1.345)]
25.0086 	EXP 	cB_8: autoDraw = False
25.0086 	EXP 	text: autoDraw = False
25.0086 	EXP 	imagesbRnd: autoDraw = False
25.0086 	EXP 	Slider: autoDraw = False
25.0086 	EXP 	cB_9: autoDraw = True
25.5353 	EXP 	cB_9: autoDraw = False
25.5353 	EXP 	textFb: text = 'Paul has decided not to cooperate and keep the investment. You received 0 credits'
25.5353 	EXP 	cbFb: autoDraw = True
25.5353 	EXP 	textFb: autoDraw = True
28.5232 	EXP 	cbFb: autoDraw = False
28.5232 	EXP 	textFb: autoDraw = False
28.5232 	EXP 	cbBuf: autoDraw = True
28.6919 	EXP 	fixCross: autoDraw = True
29.2059 	EXP 	fixCross: autoDraw = False
29.4106 	EXP 	New trial (rep=0, index=1): OrderedDict([('playerId', 'Paul'), ('avatarFile', 'images/avatar1.jpg'), ('choiceLabel', 'keep the investment'), ('actionLabel', 0), ('actionRound', 2)])
29.4637 	EXP 	RatingScale Slider: reset()
29.4811 	EXP 	cbBuf: autoDraw = False
29.4811 	EXP 	fixCross: autoDraw = False
29.4811 	EXP 	text: text = 'This round you are playing with Paul!'
29.4811 	EXP 	imagesbRnd: image = 'images/avatar1.jpg'
29.4811 	EXP 	cB_8: autoDraw = True
29.4811 	EXP 	text: autoDraw = True
29.4811 	EXP 	imagesbRnd: autoDraw = True
29.4811 	EXP 	Slider: autoDraw = True
30.1773 	DATA 	Keypress: left
30.4696 	DATA 	Keypress: return
30.4739 	DATA 	RatingScale Slider: (key response) rating=4
30.4739 	DATA 	RatingScale Slider: rating RT=1.010
30.4739 	DATA 	RatingScale Slider: history=[('5', 0.0), ('4', 0.716), ('4', 1.01)]
30.5025 	EXP 	cB_8: autoDraw = False
30.5025 	EXP 	text: autoDraw = False
30.5025 	EXP 	imagesbRnd: autoDraw = False
30.5025 	EXP 	Slider: autoDraw = False
30.5025 	EXP 	cB_9: autoDraw = True
31.0146 	EXP 	cB_9: autoDraw = False
31.0146 	EXP 	textFb: text = 'Paul has decided not to cooperate and keep the investment. You received 0 credits'
31.0146 	EXP 	cbFb: autoDraw = True
31.0146 	EXP 	textFb: autoDraw = True
32.3279 	DATA 	Keypress: return
34.0190 	EXP 	cbFb: autoDraw = False
34.0190 	EXP 	textFb: autoDraw = False
34.0190 	EXP 	cbBuf: autoDraw = True
34.1904 	EXP 	fixCross: autoDraw = True
34.7044 	EXP 	fixCross: autoDraw = False
34.8901 	EXP 	New trial (rep=0, index=2): OrderedDict([('playerId', 'Paul'), ('avatarFile', 'images/avatar1.jpg'), ('choiceLabel', 'keep the investment'), ('actionLabel', 0), ('actionRound', 2)])
34.9476 	EXP 	RatingScale Slider: reset()
34.9652 	EXP 	cbBuf: autoDraw = False
34.9652 	EXP 	fixCross: autoDraw = False
34.9652 	EXP 	text: text = 'This round you are playing with Paul!'
34.9652 	EXP 	imagesbRnd: image = 'images/avatar1.jpg'
34.9652 	EXP 	cB_8: autoDraw = True
34.9652 	EXP 	text: autoDraw = True
34.9652 	EXP 	imagesbRnd: autoDraw = True
34.9652 	EXP 	Slider: autoDraw = True
35.3184 	DATA 	Keypress: left
35.5422 	DATA 	Keypress: left
35.7134 	DATA 	Keypress: left
35.8782 	DATA 	Keypress: left
36.0315 	DATA 	Keypress: left
36.1881 	DATA 	Keypress: left
36.4416 	DATA 	Keypress: return
36.4453 	DATA 	RatingScale Slider: (key response) rating=0
36.4453 	DATA 	RatingScale Slider: rating RT=1.497
36.4453 	DATA 	RatingScale Slider: history=[('5', 0.0), ('4', 0.61), ('3', 0.769), ('2', 0.934), ('1', 1.087), ('0', 1.24), ('0', 1.497)]
36.4748 	EXP 	cB_8: autoDraw = False
36.4748 	EXP 	text: autoDraw = False
36.4748 	EXP 	imagesbRnd: autoDraw = False
36.4748 	EXP 	Slider: autoDraw = False
36.4748 	EXP 	cB_9: autoDraw = True
36.9890 	EXP 	cB_9: autoDraw = False
36.9890 	EXP 	textFb: text = 'Paul has decided not to cooperate and keep the investment. You received 0 credits'
36.9890 	EXP 	cbFb: autoDraw = True
36.9890 	EXP 	textFb: autoDraw = True
39.6950 	DATA 	Keypress: return
39.9834 	EXP 	cbFb: autoDraw = False
39.9834 	EXP 	textFb: autoDraw = False
39.9834 	EXP 	cbBuf: autoDraw = True
40.1549 	EXP 	fixCross: autoDraw = True
40.6690 	EXP 	fixCross: autoDraw = False
40.8727 	EXP 	New trial (rep=0, index=3): OrderedDict([('playerId', 'Paul'), ('avatarFile', 'images/avatar1.jpg'), ('choiceLabel', 'reciprocate'), ('actionLabel', 1), ('actionRound', 1)])
40.9239 	EXP 	RatingScale Slider: reset()
40.9408 	EXP 	cbBuf: autoDraw = False
40.9408 	EXP 	fixCross: autoDraw = False
40.9408 	EXP 	text: text = 'This round you are playing with Paul!'
40.9408 	EXP 	imagesbRnd: image = 'images/avatar1.jpg'
40.9408 	EXP 	cB_8: autoDraw = True
40.9408 	EXP 	text: autoDraw = True
40.9408 	EXP 	imagesbRnd: autoDraw = True
40.9408 	EXP 	Slider: autoDraw = True
41.6589 	DATA 	Keypress: left
41.8333 	DATA 	Keypress: left
42.0173 	DATA 	Keypress: left
42.1919 	DATA 	Keypress: left
42.3441 	DATA 	Keypress: left
42.7040 	DATA 	Keypress: return
42.7078 	DATA 	RatingScale Slider: (key response) rating=0
42.7078 	DATA 	RatingScale Slider: rating RT=1.783
42.7078 	DATA 	RatingScale Slider: history=[('5', 0.0), ('4', 0.738), ('3', 0.909), ('2', 1.097), ('1', 1.271), ('0', 1.423), ('0', 1.783)]
42.7374 	EXP 	cB_8: autoDraw = False
42.7374 	EXP 	text: autoDraw = False
42.7374 	EXP 	imagesbRnd: autoDraw = False
42.7374 	EXP 	Slider: autoDraw = False
42.7374 	EXP 	cB_9: autoDraw = True
43.2674 	EXP 	cB_9: autoDraw = False
43.2674 	EXP 	textFb: text = 'Paul has decided to reciprocate you receive 0 credits'
43.2674 	EXP 	cbFb: autoDraw = True
43.2674 	EXP 	textFb: autoDraw = True
46.2540 	EXP 	cbFb: autoDraw = False
46.2540 	EXP 	textFb: autoDraw = False
46.2540 	EXP 	cbBuf: autoDraw = True
46.4244 	EXP 	fixCross: autoDraw = True
46.9378 	EXP 	fixCross: autoDraw = False
47.1254 	EXP 	New trial (rep=0, index=4): OrderedDict([('playerId', 'Paul'), ('avatarFile', 'images/avatar1.jpg'), ('choiceLabel', 'keep the investment'), ('actionLabel', 0), ('actionRound', 2)])
47.1786 	EXP 	RatingScale Slider: reset()
47.1955 	EXP 	cbBuf: autoDraw = False
47.1955 	EXP 	fixCross: autoDraw = False
47.1955 	EXP 	text: text = 'This round you are playing with Paul!'
47.1955 	EXP 	imagesbRnd: image = 'images/avatar1.jpg'
47.1955 	EXP 	cB_8: autoDraw = True
47.1955 	EXP 	text: autoDraw = True
47.1955 	EXP 	imagesbRnd: autoDraw = True
47.1955 	EXP 	Slider: autoDraw = True
47.9266 	DATA 	Keypress: left
48.9896 	DATA 	Keypress: left
49.3478 	DATA 	Keypress: left
49.5649 	DATA 	Keypress: left
49.7239 	DATA 	Keypress: left
50.0125 	DATA 	Keypress: return
50.0127 	DATA 	RatingScale Slider: (key response) rating=0
50.0128 	DATA 	RatingScale Slider: rating RT=2.834
50.0128 	DATA 	RatingScale Slider: history=[('5', 0.0), ('4', 0.751), ('3', 1.814), ('2', 2.169), ('1', 2.39), ('0', 2.549), ('0', 2.834)]
50.0426 	EXP 	cB_8: autoDraw = False
50.0426 	EXP 	text: autoDraw = False
50.0426 	EXP 	imagesbRnd: autoDraw = False
50.0426 	EXP 	Slider: autoDraw = False
50.0426 	EXP 	cB_9: autoDraw = True
50.5723 	EXP 	cB_9: autoDraw = False
50.5723 	EXP 	textFb: text = 'Paul has decided not to cooperate and keep the investment. You received 0 credits'
50.5723 	EXP 	cbFb: autoDraw = True
50.5723 	EXP 	textFb: autoDraw = True
52.8060 	DATA 	Keypress: return
53.5569 	EXP 	cbFb: autoDraw = False
53.5569 	EXP 	textFb: autoDraw = False
53.5569 	EXP 	cbBuf: autoDraw = True
53.7277 	EXP 	fixCross: autoDraw = True
53.9509 	DATA 	Keypress: left
54.2419 	EXP 	fixCross: autoDraw = False
54.4297 	EXP 	New trial (rep=0, index=5): OrderedDict([('playerId', 'Paul'), ('avatarFile', 'images/avatar1.jpg'), ('choiceLabel', 'keep the investment'), ('actionLabel', 0), ('actionRound', 2)])
54.4819 	EXP 	RatingScale Slider: reset()
54.4988 	EXP 	cbBuf: autoDraw = False
54.4988 	EXP 	fixCross: autoDraw = False
54.4988 	EXP 	text: text = 'This round you are playing with Paul!'
54.4988 	EXP 	imagesbRnd: image = 'images/avatar1.jpg'
54.4988 	EXP 	cB_8: autoDraw = True
54.4988 	EXP 	text: autoDraw = True
54.4988 	EXP 	imagesbRnd: autoDraw = True
54.4988 	EXP 	Slider: autoDraw = True
54.6519 	DATA 	Keypress: left
55.7568 	DATA 	Keypress: left
55.9276 	DATA 	Keypress: left
56.1001 	DATA 	Keypress: left
56.2902 	DATA 	Keypress: left
56.4578 	DATA 	Keypress: left
56.7829 	DATA 	Keypress: return
56.7866 	DATA 	RatingScale Slider: (key response) rating=0
56.7866 	DATA 	RatingScale Slider: rating RT=2.304
56.7867 	DATA 	RatingScale Slider: history=[('5', 0.0), ('4', 1.278), ('3', 1.449), ('2', 1.621), ('1', 1.812), ('0', 1.98), ('0', 2.304)]
56.8163 	EXP 	cB_8: autoDraw = False
56.8163 	EXP 	text: autoDraw = False
56.8163 	EXP 	imagesbRnd: autoDraw = False
56.8163 	EXP 	Slider: autoDraw = False
56.8163 	EXP 	cB_9: autoDraw = True
57.3288 	EXP 	cB_9: autoDraw = False
57.3288 	EXP 	textFb: text = 'Paul has decided not to cooperate and keep the investment. You received 0 credits'
57.3288 	EXP 	cbFb: autoDraw = True
57.3288 	EXP 	textFb: autoDraw = True
60.2658 	DATA 	Keypress: return
60.3324 	EXP 	cbFb: autoDraw = False
60.3324 	EXP 	textFb: autoDraw = False
60.3324 	EXP 	cbBuf: autoDraw = True
60.5034 	EXP 	fixCross: autoDraw = True
61.0171 	EXP 	fixCross: autoDraw = False
61.2052 	EXP 	New trial (rep=0, index=6): OrderedDict([('playerId', 'Paul'), ('avatarFile', 'images/avatar1.jpg'), ('choiceLabel', 'reciprocate'), ('actionLabel', 1), ('actionRound', 1)])
61.2578 	EXP 	RatingScale Slider: reset()
61.2749 	EXP 	cbBuf: autoDraw = False
61.2749 	EXP 	fixCross: autoDraw = False
61.2749 	EXP 	text: text = 'This round you are playing with Paul!'
61.2749 	EXP 	imagesbRnd: image = 'images/avatar1.jpg'
61.2749 	EXP 	cB_8: autoDraw = True
61.2749 	EXP 	text: autoDraw = True
61.2749 	EXP 	imagesbRnd: autoDraw = True
61.2749 	EXP 	Slider: autoDraw = True
61.8217 	DATA 	Keypress: left
62.0263 	DATA 	Keypress: left
62.2330 	DATA 	Keypress: return
62.2367 	DATA 	RatingScale Slider: (key response) rating=3
62.2367 	DATA 	RatingScale Slider: rating RT=0.978
62.2367 	DATA 	RatingScale Slider: history=[('5', 0.0), ('4', 0.567), ('3', 0.772), ('3', 0.978)]
62.2662 	EXP 	cB_8: autoDraw = False
62.2662 	EXP 	text: autoDraw = False
62.2662 	EXP 	imagesbRnd: autoDraw = False
62.2662 	EXP 	Slider: autoDraw = False
62.2662 	EXP 	cB_9: autoDraw = True
62.7874 	EXP 	cB_9: autoDraw = False
62.7874 	EXP 	textFb: text = 'Paul has decided to reciprocate you receive 3 credits'
62.7874 	EXP 	cbFb: autoDraw = True
62.7874 	EXP 	textFb: autoDraw = True
63.9105 	DATA 	Keypress: escape
64.1385 	EXP 	window1: mouseVisible = True
