2.4386 	WARNING 	Import Error: No module named 'psychtoolbox'. Using event module for keyboard component.
4.3488 	WARNING 	User requested fullscreen with size [1024  768], but screen is actually [1680, 1050]. Using actual size
5.2801 	EXP 	Created window1 = Window(allowGUI=False, allowStencil=False, args=UNKNOWN, autoLog=True, bitsMode=UNKNOWN, blendMode='avg', color=array([0., 0., 0.]), colorSpace='rgb', fullscr=<method-wrapper '__getattribute__' of attributeSetter object at 0x0A30D5D0>, gamma=None, gammaErrorPolicy='raise', kwargs=UNKNOWN, lms=UNKNOWN, monitor=<psychopy.monitors.calibTools.Monitor object at 0x07BC22D0>, multiSample=False, name='window1', numSamples=2, pos=[0.0, 0.0], screen=0, size=array([1680, 1050]), stereo=False, units='height', useFBO=True, useRetina=False, viewOri=0.0, viewPos=None, viewScale=None, waitBlanking=True, winType='pyglet')
5.2802 	EXP 	window1: recordFrameIntervals = False
5.4497 	EXP 	window1: recordFrameIntervals = True
5.6371 	EXP 	window1: recordFrameIntervals = False
5.6396 	EXP 	Created cB_1 = Rect(__class__=<class 'psychopy.visual.rect.Rect'>, autoDraw=False, autoLog=True, closeShape=True, color=method-wrapper(...), colorSpace=None, contrast=1.0, depth=0.0, fillColor=array([-1., -1., -1.]), fillColorSpace='rgb', fillRGB=array([-1., -1., -1.]), interpolate=True, lineColor=array([1., 1., 1.]), lineColorSpace='rgb', lineRGB=array([1., 1., 1.]), lineWidth=1, name='cB_1', opacity=1.0, ori=array(0.), pos=array([0., 0.]), size=array([1., 1.]), units='height', vertices=ndarray(...), win=Window(...))
5.7809 	EXP 	Created textWelcome = TextStim(__class__=<class 'psychopy.visual.text.TextStim'>, alignHoriz='center', alignVert='center', antialias=True, autoLog=True, bold=False, color='white', colorSpace='named', contrast=1.0, depth=-1.0, flipHoriz=False, flipVert=False, font='Arial', fontFiles=[], height=0.05, italic=False, languageStyle='LTR', name='textWelcome', opacity=1.0, ori=0, pos=array([0., 0.]), rgb=array([255., 255., 255.]), text=str(...), units='height', win=Window(...), wrapWidth=1)
5.7824 	EXP 	Created cB_2 = Rect(__class__=<class 'psychopy.visual.rect.Rect'>, autoDraw=False, autoLog=True, closeShape=True, color=method-wrapper(...), colorSpace=None, contrast=1.0, depth=0.0, fillColor=array([-1., -1., -1.]), fillColorSpace='rgb', fillRGB=array([-1., -1., -1.]), interpolate=True, lineColor=array([1., 1., 1.]), lineColorSpace='rgb', lineRGB=array([1., 1., 1.]), lineWidth=1, name='cB_2', opacity=1.0, ori=array(0.), pos=array([0., 0.]), size=array([1., 1.]), units='height', vertices=ndarray(...), win=Window(...))
5.8649 	EXP 	Created textInstructions = TextStim(__class__=<class 'psychopy.visual.text.TextStim'>, alignHoriz='center', alignVert='center', antialias=True, autoLog=True, bold=False, color='white', colorSpace='named', contrast=1.0, depth=-1.0, flipHoriz=False, flipVert=False, font='Arial', fontFiles=[], height=0.03, italic=False, languageStyle='LTR', name='textInstructions', opacity=1.0, ori=0, pos=array([0., 0.]), rgb=array([255., 255., 255.]), text=str(...), units='height', win=Window(...), wrapWidth=1)
5.8665 	EXP 	Created cB_3 = Rect(__class__=<class 'psychopy.visual.rect.Rect'>, autoDraw=False, autoLog=True, closeShape=True, color=method-wrapper(...), colorSpace=None, contrast=1.0, depth=0.0, fillColor=array([-1., -1., -1.]), fillColorSpace='rgb', fillRGB=array([-1., -1., -1.]), interpolate=True, lineColor=array([1., 1., 1.]), lineColorSpace='rgb', lineRGB=array([1., 1., 1.]), lineWidth=1, name='cB_3', opacity=1.0, ori=array(0.), pos=array([0., 0.]), size=array([1., 1.]), units='height', vertices=ndarray(...), win=Window(...))
5.9033 	EXP 	Created textServer = TextStim(__class__=<class 'psychopy.visual.text.TextStim'>, alignHoriz='center', alignVert='center', antialias=True, autoLog=True, bold=False, color='white', colorSpace='named', contrast=1.0, depth=-1.0, flipHoriz=False, flipVert=False, font='Arial', fontFiles=[], height=0.03, italic=False, languageStyle='LTR', name='textServer', opacity=1.0, ori=0, pos=array([0., 0.]), rgb=array([255., 255., 255.]), text=str(...), units='height', win=Window(...), wrapWidth=1)
5.9048 	EXP 	Created cB_4 = Rect(__class__=<class 'psychopy.visual.rect.Rect'>, autoDraw=False, autoLog=True, closeShape=True, color=method-wrapper(...), colorSpace=None, contrast=1.0, depth=0.0, fillColor=array([-1., -1., -1.]), fillColorSpace='rgb', fillRGB=array([-1., -1., -1.]), interpolate=True, lineColor=array([1., 1., 1.]), lineColorSpace='rgb', lineRGB=array([1., 1., 1.]), lineWidth=1, name='cB_4', opacity=1.0, ori=array(0.), pos=array([0., 0.]), size=array([1., 1.]), units='height', vertices=ndarray(...), win=Window(...))
5.9100 	EXP 	Created text_1 = TextStim(__class__=<class 'psychopy.visual.text.TextStim'>, alignHoriz='center', alignVert='center', antialias=True, autoLog=True, bold=False, color='white', colorSpace='named', contrast=1.0, depth=-1.0, flipHoriz=False, flipVert=False, font='Arial', fontFiles=[], height=0.05, italic=False, languageStyle='LTR', name='text_1', opacity=1.0, ori=0, pos=array([0., 0.]), rgb=array([255., 255., 255.]), text='connecting      ', units='height', win=Window(...), wrapWidth=1)
5.9148 	EXP 	Created text_2 = TextStim(__class__=<class 'psychopy.visual.text.TextStim'>, alignHoriz='center', alignVert='center', antialias=True, autoLog=True, bold=False, color='white', colorSpace='named', contrast=1.0, depth=-2.0, flipHoriz=False, flipVert=False, font='Arial', fontFiles=[], height=0.05, italic=False, languageStyle='LTR', name='text_2', opacity=1.0, ori=0, pos=array([0., 0.]), rgb=array([255., 255., 255.]), text='connecting .    ', units='height', win=Window(...), wrapWidth=1)
5.9200 	EXP 	Created text_3 = TextStim(__class__=<class 'psychopy.visual.text.TextStim'>, alignHoriz='center', alignVert='center', antialias=True, autoLog=True, bold=False, color='white', colorSpace='named', contrast=1.0, depth=-3.0, flipHoriz=False, flipVert=False, font='Arial', fontFiles=[], height=0.05, italic=False, languageStyle='LTR', name='text_3', opacity=1.0, ori=0, pos=array([0., 0.]), rgb=array([255., 255., 255.]), text='connecting . .  ', units='height', win=Window(...), wrapWidth=1)
5.9256 	EXP 	Created text_4 = TextStim(__class__=<class 'psychopy.visual.text.TextStim'>, alignHoriz='center', alignVert='center', antialias=True, autoLog=True, bold=False, color='white', colorSpace='named', contrast=1.0, depth=-4.0, flipHoriz=False, flipVert=False, font='Arial', fontFiles=[], height=0.05, italic=False, languageStyle='LTR', name='text_4', opacity=1.0, ori=0, pos=array([0., 0.]), rgb=array([255., 255., 255.]), text='connecting . . .', units='height', win=Window(...), wrapWidth=1)
5.9271 	EXP 	Created cB_5 = Rect(__class__=<class 'psychopy.visual.rect.Rect'>, autoDraw=False, autoLog=True, closeShape=True, color=method-wrapper(...), colorSpace=None, contrast=1.0, depth=0.0, fillColor=array([-1., -1., -1.]), fillColorSpace='rgb', fillRGB=array([-1., -1., -1.]), interpolate=True, lineColor=array([1., 1., 1.]), lineColorSpace='rgb', lineRGB=array([1., 1., 1.]), lineWidth=1, name='cB_5', opacity=1.0, ori=array(0.), pos=array([0., 0.]), size=array([1., 1.]), units='height', vertices=ndarray(...), win=Window(...))
5.9310 	EXP 	Created idle = TextStim(__class__=<class 'psychopy.visual.text.TextStim'>, alignHoriz='center', alignVert='center', antialias=True, autoLog=True, bold=False, color='white', colorSpace='named', contrast=1.0, depth=-1.0, flipHoriz=False, flipVert=False, font='Arial', fontFiles=[], height=0.05, italic=False, languageStyle='LTR', name='idle', opacity=1.0, ori=0, pos=array([0., 0.]), rgb=array([255., 255., 255.]), text='found', units='height', win=Window(...), wrapWidth=1)
5.9357 	EXP 	Created idle_2 = TextStim(__class__=<class 'psychopy.visual.text.TextStim'>, alignHoriz='center', alignVert='center', antialias=True, autoLog=True, bold=False, color='white', colorSpace='named', contrast=1.0, depth=-2.0, flipHoriz=False, flipVert=False, font='Arial', fontFiles=[], height=0.05, italic=False, languageStyle='LTR', name='idle_2', opacity=1.0, ori=0, pos=array([0., 0.]), rgb=array([255., 255., 255.]), text='init proc     ', units='height', win=Window(...), wrapWidth=1)
5.9447 	EXP 	Created idle_3 = TextStim(__class__=<class 'psychopy.visual.text.TextStim'>, alignHoriz='center', alignVert='center', antialias=True, autoLog=True, bold=False, color='white', colorSpace='named', contrast=1.0, depth=-3.0, flipHoriz=False, flipVert=False, font='Arial', fontFiles=[], height=0.05, italic=False, languageStyle='LTR', name='idle_3', opacity=1.0, ori=0, pos=array([0., 0.]), rgb=array([255., 255., 255.]), text='init proc 2141', units='height', win=Window(...), wrapWidth=1)
5.9515 	EXP 	Created idle_4 = TextStim(__class__=<class 'psychopy.visual.text.TextStim'>, alignHoriz='center', alignVert='center', antialias=True, autoLog=True, bold=False, color='white', colorSpace='named', contrast=1.0, depth=-4.0, flipHoriz=False, flipVert=False, font='Arial', fontFiles=[], height=0.05, italic=False, languageStyle='LTR', name='idle_4', opacity=1.0, ori=0, pos=array([0., 0.]), rgb=array([255., 255., 255.]), text='init proc 2215', units='height', win=Window(...), wrapWidth=1)
5.9589 	EXP 	Created idle_5 = TextStim(__class__=<class 'psychopy.visual.text.TextStim'>, alignHoriz='center', alignVert='center', antialias=True, autoLog=True, bold=False, color='white', colorSpace='named', contrast=1.0, depth=-5.0, flipHoriz=False, flipVert=False, font='Arial', fontFiles=[], height=0.05, italic=False, languageStyle='LTR', name='idle_5', opacity=1.0, ori=0, pos=array([0., 0.]), rgb=array([255., 255., 255.]), text='init proc 3229', units='height', win=Window(...), wrapWidth=1)
5.9644 	EXP 	Created idle_6 = TextStim(__class__=<class 'psychopy.visual.text.TextStim'>, alignHoriz='center', alignVert='center', antialias=True, autoLog=True, bold=False, color='white', colorSpace='named', contrast=1.0, depth=-6.0, flipHoriz=False, flipVert=False, font='Arial', fontFiles=[], height=0.05, italic=False, languageStyle='LTR', name='idle_6', opacity=1.0, ori=0, pos=array([0., 0.]), rgb=array([255., 255., 255.]), text='init proc 4325', units='height', win=Window(...), wrapWidth=1)
5.9712 	EXP 	Created idle_7 = TextStim(__class__=<class 'psychopy.visual.text.TextStim'>, alignHoriz='center', alignVert='center', antialias=True, autoLog=True, bold=False, color='white', colorSpace='named', contrast=1.0, depth=-7.0, flipHoriz=False, flipVert=False, font='Arial', fontFiles=[], height=0.05, italic=False, languageStyle='LTR', name='idle_7', opacity=1.0, ori=0, pos=array([0., 0.]), rgb=array([255., 255., 255.]), text='init proc 1337', units='height', win=Window(...), wrapWidth=1)
5.9773 	EXP 	Created ilde_8 = TextStim(__class__=<class 'psychopy.visual.text.TextStim'>, alignHoriz='center', alignVert='center', antialias=True, autoLog=True, bold=False, color='white', colorSpace='named', contrast=1.0, depth=-8.0, flipHoriz=False, flipVert=False, font='Arial', fontFiles=[], height=0.05, italic=False, languageStyle='LTR', name='ilde_8', opacity=1.0, ori=0, pos=array([0., 0.]), rgb=array([255., 255., 255.]), text='buffering      ', units='height', win=Window(...), wrapWidth=1)
5.9828 	EXP 	Created idle_9 = TextStim(__class__=<class 'psychopy.visual.text.TextStim'>, alignHoriz='center', alignVert='center', antialias=True, autoLog=True, bold=False, color='white', colorSpace='named', contrast=1.0, depth=-9.0, flipHoriz=False, flipVert=False, font='Arial', fontFiles=[], height=0.05, italic=False, languageStyle='LTR', name='idle_9', opacity=1.0, ori=0, pos=array([0., 0.]), rgb=array([255., 255., 255.]), text='buffering .    ', units='height', win=Window(...), wrapWidth=1)
5.9883 	EXP 	Created idle_10 = TextStim(__class__=<class 'psychopy.visual.text.TextStim'>, alignHoriz='center', alignVert='center', antialias=True, autoLog=True, bold=False, color='white', colorSpace='named', contrast=1.0, depth=-10.0, flipHoriz=False, flipVert=False, font='Arial', fontFiles=[], height=0.05, italic=False, languageStyle='LTR', name='idle_10', opacity=1.0, ori=0, pos=array([0., 0.]), rgb=array([255., 255., 255.]), text='buffering . .  ', units='height', win=Window(...), wrapWidth=1)
5.9941 	EXP 	Created idle_11 = TextStim(__class__=<class 'psychopy.visual.text.TextStim'>, alignHoriz='center', alignVert='center', antialias=True, autoLog=True, bold=False, color='white', colorSpace='named', contrast=1.0, depth=-11.0, flipHoriz=False, flipVert=False, font='Arial', fontFiles=[], height=0.05, italic=False, languageStyle='LTR', name='idle_11', opacity=1.0, ori=0, pos=array([0., 0.]), rgb=array([255., 255., 255.]), text='buffering . . .', units='height', win=Window(...), wrapWidth=1)
6.0063 	EXP 	Created idle_12 = TextStim(__class__=<class 'psychopy.visual.text.TextStim'>, alignHoriz='center', alignVert='center', antialias=True, autoLog=True, bold=False, color='white', colorSpace='named', contrast=1.0, depth=-12.0, flipHoriz=False, flipVert=False, font='Arial', fontFiles=[], height=0.05, italic=False, languageStyle='LTR', name='idle_12', opacity=1.0, ori=0, pos=array([0., 0.]), rgb=array([255., 255., 255.]), text='run /serv/234_1/sd connect', units='height', win=Window(...), wrapWidth=1)
6.0077 	EXP 	Created cB_6 = Rect(__class__=<class 'psychopy.visual.rect.Rect'>, autoDraw=False, autoLog=True, closeShape=True, color=method-wrapper(...), colorSpace=None, contrast=1.0, depth=0.0, fillColor=array([-1., -1., -1.]), fillColorSpace='rgb', fillRGB=array([-1., -1., -1.]), interpolate=True, lineColor=array([1., 1., 1.]), lineColorSpace='rgb', lineRGB=array([1., 1., 1.]), lineWidth=1, name='cB_6', opacity=1.0, ori=array(0.), pos=array([0., 0.]), size=array([1., 1.]), units='height', vertices=ndarray(...), win=Window(...))
6.0504 	EXP 	Created sBInstructions = TextStim(__class__=<class 'psychopy.visual.text.TextStim'>, alignHoriz='center', alignVert='center', antialias=True, autoLog=True, bold=False, color='white', colorSpace='named', contrast=1.0, depth=-1.0, flipHoriz=False, flipVert=False, font='Arial', fontFiles=[], height=0.05, italic=False, languageStyle='LTR', name='sBInstructions', opacity=1.0, ori=0, pos=array([0., 0.]), rgb=array([255., 255., 255.]), text=str(...), units='height', win=Window(...), wrapWidth=1)
6.0519 	EXP 	Created cB_7 = Rect(__class__=<class 'psychopy.visual.rect.Rect'>, autoDraw=False, autoLog=True, closeShape=True, color=method-wrapper(...), colorSpace=None, contrast=1.0, depth=0.0, fillColor=array([-1., -1., -1.]), fillColorSpace='rgb', fillRGB=array([-1., -1., -1.]), interpolate=True, lineColor=array([1., 1., 1.]), lineColorSpace='rgb', lineRGB=array([1., 1., 1.]), lineWidth=1, name='cB_7', opacity=1.0, ori=array(0.), pos=array([0., 0.]), size=array([1., 1.]), units='height', vertices=ndarray(...), win=Window(...))
6.0533 	EXP 	Created cB_8 = Rect(__class__=<class 'psychopy.visual.rect.Rect'>, autoDraw=False, autoLog=True, closeShape=True, color=method-wrapper(...), colorSpace=None, contrast=1.0, depth=0.0, fillColor=array([-1., -1., -1.]), fillColorSpace='rgb', fillRGB=array([-1., -1., -1.]), interpolate=True, lineColor=array([1., 1., 1.]), lineColorSpace='rgb', lineRGB=array([1., 1., 1.]), lineWidth=1, name='cB_8', opacity=1.0, ori=array(0.), pos=array([0., 0.]), size=array([1., 1.]), units='height', vertices=ndarray(...), win=Window(...))
6.0985 	EXP 	Created text = TextStim(__class__=<class 'psychopy.visual.text.TextStim'>, alignHoriz='center', alignVert='center', antialias=True, autoLog=True, bold=False, color='white', colorSpace='named', contrast=1.0, depth=-1.0, flipHoriz=False, flipVert=False, font='Arial', fontFiles=[], height=0.1, italic=False, languageStyle='LTR', name='text', opacity=1.0, ori=0, pos=array([0., 0.]), rgb=array([255., 255., 255.]), text="'This round you are playing with ' '!'", units='height', win=Window(...), wrapWidth=1)
6.1039 	EXP 	Created imagesbRnd = ImageStim(__class__=<class 'psychopy.visual.image.ImageStim'>, autoLog=True, color=array([1., 1., 1.]), colorSpace='rgb', contrast=1.0, depth=-2.0, flipHoriz=False, flipVert=False, image='sin', interpolate=True, mask=None, maskParams=None, name='imagesbRnd', opacity=1.0, ori=0.0, pos=array([0., 0.]), size=array([0.25, 0.25]), texRes=128, units='height', win=Window(...))
6.1054 	EXP 	Created cB_9 = Rect(__class__=<class 'psychopy.visual.rect.Rect'>, autoDraw=False, autoLog=True, closeShape=True, color=method-wrapper(...), colorSpace=None, contrast=1.0, depth=0.0, fillColor=array([-1., -1., -1.]), fillColorSpace='rgb', fillRGB=array([-1., -1., -1.]), interpolate=True, lineColor=array([1., 1., 1.]), lineColorSpace='rgb', lineRGB=array([1., 1., 1.]), lineWidth=1, name='cB_9', opacity=1.0, ori=array(0.), pos=array([0., 0.]), size=array([1., 1.]), units='height', vertices=ndarray(...), win=Window(...))
6.1068 	EXP 	Created cB_8 = Rect(__class__=<class 'psychopy.visual.rect.Rect'>, autoDraw=False, autoLog=True, closeShape=True, color=method-wrapper(...), colorSpace=None, contrast=1.0, depth=0.0, fillColor=array([-1., -1., -1.]), fillColorSpace='rgb', fillRGB=array([-1., -1., -1.]), interpolate=True, lineColor=array([1., 1., 1.]), lineColorSpace='rgb', lineRGB=array([1., 1., 1.]), lineWidth=1, name='cB_8', opacity=1.0, ori=array(0.), pos=array([0., 0.]), size=array([1., 1.]), units='height', vertices=ndarray(...), win=Window(...))
6.1258 	EXP 	Created text = TextStim(__class__=<class 'psychopy.visual.text.TextStim'>, alignHoriz='center', alignVert='center', antialias=True, autoLog=True, bold=False, color='white', colorSpace='named', contrast=1.0, depth=-1.0, flipHoriz=False, flipVert=False, font='Arial', fontFiles=[], height=0.1, italic=False, languageStyle='LTR', name='text', opacity=1.0, ori=0, pos=array([0., 0.]), rgb=array([255., 255., 255.]), text="'This round you are playing with ' '!'", units='height', win=Window(...), wrapWidth=1)
6.1276 	EXP 	Created imagesbRnd = ImageStim(__class__=<class 'psychopy.visual.image.ImageStim'>, autoLog=True, color=array([1., 1., 1.]), colorSpace='rgb', contrast=1.0, depth=-2.0, flipHoriz=False, flipVert=False, image='sin', interpolate=True, mask=None, maskParams=None, name='imagesbRnd', opacity=1.0, ori=0.0, pos=array([0., 0.]), size=array([0.25, 0.25]), texRes=128, units='height', win=Window(...))
6.1292 	EXP 	Created cB_9 = Rect(__class__=<class 'psychopy.visual.rect.Rect'>, autoDraw=False, autoLog=True, closeShape=True, color=method-wrapper(...), colorSpace=None, contrast=1.0, depth=0.0, fillColor=array([-1., -1., -1.]), fillColorSpace='rgb', fillRGB=array([-1., -1., -1.]), interpolate=True, lineColor=array([1., 1., 1.]), lineColorSpace='rgb', lineRGB=array([1., 1., 1.]), lineWidth=1, name='cB_9', opacity=1.0, ori=array(0.), pos=array([0., 0.]), size=array([1., 1.]), units='height', vertices=ndarray(...), win=Window(...))
6.1306 	EXP 	Created cB_10 = Rect(__class__=<class 'psychopy.visual.rect.Rect'>, autoDraw=False, autoLog=True, closeShape=True, color=method-wrapper(...), colorSpace=None, contrast=1.0, depth=0.0, fillColor=array([-1., -1., -1.]), fillColorSpace='rgb', fillRGB=array([-1., -1., -1.]), interpolate=True, lineColor=array([1., 1., 1.]), lineColorSpace='rgb', lineRGB=array([1., 1., 1.]), lineWidth=1, name='cB_10', opacity=1.0, ori=array(0.), pos=array([0., 0.]), size=array([1., 1.]), units='height', vertices=ndarray(...), win=Window(...))
6.1772 	EXP 	Created sbEndText = TextStim(__class__=<class 'psychopy.visual.text.TextStim'>, alignHoriz='center', alignVert='center', antialias=True, autoLog=True, bold=False, color='white', colorSpace='named', contrast=1.0, depth=-1.0, flipHoriz=False, flipVert=False, font='Arial', fontFiles=[], height=0.1, italic=False, languageStyle='LTR', name='sbEndText', opacity=1.0, ori=0, pos=array([0., 0.]), rgb=array([255., 255., 255.]), text=str(...), units='height', win=Window(...), wrapWidth=1)
6.1963 	EXP 	cB_1: autoDraw = True
6.1963 	EXP 	textWelcome: autoDraw = True
8.2467 	DATA 	Keypress: return
8.2628 	EXP 	cB_1: autoDraw = False
8.2628 	EXP 	textWelcome: autoDraw = False
8.2628 	EXP 	cB_2: autoDraw = True
8.2628 	EXP 	textInstructions: autoDraw = True
10.0566 	DATA 	Keypress: c
12.0694 	DATA 	Keypress: c
12.0862 	EXP 	cB_2: autoDraw = False
12.0862 	EXP 	textInstructions: autoDraw = False
12.0862 	EXP 	cB_3: autoDraw = True
12.0862 	EXP 	textServer: autoDraw = True
15.4344 	DATA 	Keypress: c
15.4350 	EXP 	Created sequence: random, trialTypes=1, nReps=5, seed=None
15.4353 	EXP 	New trial (rep=0, index=0): None
15.4508 	EXP 	cB_3: autoDraw = False
15.4508 	EXP 	textServer: autoDraw = False
15.4508 	EXP 	cB_4: autoDraw = True
15.4508 	EXP 	text_1: autoDraw = True
16.4241 	EXP 	text_2: autoDraw = True
16.4583 	EXP 	text_1: autoDraw = False
16.9349 	EXP 	text_2: autoDraw = False
16.9349 	EXP 	text_3: autoDraw = True
17.4291 	EXP 	text_4: autoDraw = True
17.4461 	EXP 	text_3: autoDraw = False
17.9426 	EXP 	text_4: autoDraw = False
17.9444 	EXP 	New trial (rep=1, index=0): None
17.9596 	EXP 	cB_4: autoDraw = False
17.9596 	EXP 	text_1: autoDraw = False
17.9596 	EXP 	text_2: autoDraw = False
17.9596 	EXP 	text_3: autoDraw = False
17.9596 	EXP 	text_4: autoDraw = False
17.9596 	EXP 	cB_4: autoDraw = True
17.9596 	EXP 	text_1: autoDraw = True
18.9332 	EXP 	text_2: autoDraw = True
18.9672 	EXP 	text_1: autoDraw = False
19.4291 	EXP 	text_3: autoDraw = True
19.4461 	EXP 	text_2: autoDraw = False
19.9434 	EXP 	text_3: autoDraw = False
19.9434 	EXP 	text_4: autoDraw = True
20.4390 	EXP 	New trial (rep=2, index=0): None
20.4547 	EXP 	cB_4: autoDraw = False
20.4547 	EXP 	text_1: autoDraw = False
20.4547 	EXP 	text_2: autoDraw = False
20.4547 	EXP 	text_3: autoDraw = False
20.4547 	EXP 	text_4: autoDraw = False
20.4547 	EXP 	cB_4: autoDraw = True
20.4547 	EXP 	text_1: autoDraw = True
21.4276 	EXP 	text_2: autoDraw = True
21.4616 	EXP 	text_1: autoDraw = False
21.9385 	EXP 	text_2: autoDraw = False
21.9385 	EXP 	text_3: autoDraw = True
22.4346 	EXP 	text_4: autoDraw = True
22.4518 	EXP 	text_3: autoDraw = False
22.9449 	EXP 	text_4: autoDraw = False
22.9473 	EXP 	New trial (rep=3, index=0): None
22.9638 	EXP 	cB_4: autoDraw = False
22.9638 	EXP 	text_1: autoDraw = False
22.9638 	EXP 	text_2: autoDraw = False
22.9638 	EXP 	text_3: autoDraw = False
22.9638 	EXP 	text_4: autoDraw = False
22.9638 	EXP 	cB_4: autoDraw = True
22.9638 	EXP 	text_1: autoDraw = True
23.9364 	EXP 	text_2: autoDraw = True
23.9704 	EXP 	text_1: autoDraw = False
24.4331 	EXP 	text_3: autoDraw = True
24.4503 	EXP 	text_2: autoDraw = False
24.9443 	EXP 	text_3: autoDraw = False
24.9443 	EXP 	text_4: autoDraw = True
25.4427 	EXP 	New trial (rep=4, index=0): None
25.4580 	EXP 	cB_4: autoDraw = False
25.4580 	EXP 	text_1: autoDraw = False
25.4580 	EXP 	text_2: autoDraw = False
25.4580 	EXP 	text_3: autoDraw = False
25.4580 	EXP 	text_4: autoDraw = False
25.4580 	EXP 	cB_4: autoDraw = True
25.4580 	EXP 	text_1: autoDraw = True
26.4311 	EXP 	text_2: autoDraw = True
26.4646 	EXP 	text_1: autoDraw = False
26.9416 	EXP 	text_2: autoDraw = False
26.9416 	EXP 	text_3: autoDraw = True
27.4369 	EXP 	text_4: autoDraw = True
27.4539 	EXP 	text_3: autoDraw = False
27.9481 	EXP 	text_4: autoDraw = False
27.9651 	EXP 	cB_4: autoDraw = False
27.9651 	EXP 	text_1: autoDraw = False
27.9651 	EXP 	text_2: autoDraw = False
27.9651 	EXP 	text_3: autoDraw = False
27.9651 	EXP 	text_4: autoDraw = False
27.9651 	EXP 	cB_5: autoDraw = True
28.1348 	EXP 	idle: autoDraw = True
28.4416 	EXP 	idle: autoDraw = False
28.4416 	EXP 	idle_2: autoDraw = True
28.6473 	EXP 	idle_2: autoDraw = False
28.6473 	EXP 	idle_3: autoDraw = True
28.7490 	EXP 	idle_3: autoDraw = False
28.7490 	EXP 	idle_4: autoDraw = True
28.8847 	EXP 	idle_4: autoDraw = False
28.8847 	EXP 	idle_5: autoDraw = True
29.0381 	EXP 	idle_5: autoDraw = False
29.0381 	EXP 	idle_6: autoDraw = True
29.1910 	EXP 	idle_6: autoDraw = False
29.1910 	EXP 	idle_7: autoDraw = True
29.2928 	EXP 	idle_7: autoDraw = False
29.2928 	EXP 	ilde_8: autoDraw = True
29.7882 	EXP 	ilde_8: autoDraw = False
29.7882 	EXP 	idle_9: autoDraw = True
30.2995 	EXP 	idle_9: autoDraw = False
30.2995 	EXP 	idle_10: autoDraw = True
30.7952 	EXP 	idle_11: autoDraw = True
30.8122 	EXP 	idle_10: autoDraw = False
31.2880 	EXP 	idle_12: autoDraw = True
31.3050 	EXP 	idle_11: autoDraw = False
31.4410 	EXP 	idle_12: autoDraw = False
31.4579 	EXP 	cB_5: autoDraw = False
31.4579 	EXP 	idle: autoDraw = False
31.4579 	EXP 	idle_2: autoDraw = False
31.4579 	EXP 	idle_3: autoDraw = False
31.4579 	EXP 	idle_4: autoDraw = False
31.4579 	EXP 	idle_5: autoDraw = False
31.4579 	EXP 	idle_6: autoDraw = False
31.4579 	EXP 	idle_7: autoDraw = False
31.4579 	EXP 	ilde_8: autoDraw = False
31.4579 	EXP 	idle_9: autoDraw = False
31.4579 	EXP 	idle_10: autoDraw = False
31.4579 	EXP 	idle_11: autoDraw = False
31.4579 	EXP 	idle_12: autoDraw = False
31.4579 	EXP 	cB_6: autoDraw = True
31.6298 	EXP 	sBInstructions: autoDraw = True
37.7189 	DATA 	Keypress: left
38.0616 	DATA 	Keypress: x
39.3550 	DATA 	Keypress: c
39.3717 	EXP 	cB_6: autoDraw = False
39.3717 	EXP 	sBInstructions: autoDraw = False
39.3717 	EXP 	cB_7: autoDraw = True
42.0181 	EXP 	Imported contitions.xlsx as conditions, 20 conditions, 4 params
42.0186 	EXP 	Created sequence: random, trialTypes=20, nReps=5, seed=None
42.0189 	EXP 	New trial (rep=0, index=0): OrderedDict([('playerId', 'Paul'), ('avatarFile', 'images/avatar1.jpg'), ('actionLabel', 'trust'), ('correctResponse', 'trust')])
42.1022 	EXP 	cB_7: autoDraw = False
42.1022 	EXP 	imagesbRnd: image = 'images/avatar1.jpg'
42.1022 	EXP 	cB_8: autoDraw = True
42.1022 	EXP 	text: autoDraw = True
42.1022 	EXP 	imagesbRnd: autoDraw = True
47.7121 	DATA 	Keypress: left
47.7290 	EXP 	cB_8: autoDraw = False
47.7290 	EXP 	text: autoDraw = False
47.7290 	EXP 	imagesbRnd: autoDraw = False
47.7290 	EXP 	cB_9: autoDraw = True
48.2259 	EXP 	New trial (rep=0, index=1): OrderedDict([('playerId', 'Lukas'), ('avatarFile', 'images/avatar2.jpg'), ('actionLabel', 'trust'), ('correctResponse', 'trust')])
48.2749 	EXP 	cB_9: autoDraw = False
48.2749 	EXP 	imagesbRnd: image = 'images/avatar2.jpg'
48.2749 	EXP 	cB_8: autoDraw = True
48.2749 	EXP 	text: autoDraw = True
48.2749 	EXP 	imagesbRnd: autoDraw = True
48.8530 	DATA 	Keypress: left
48.8696 	EXP 	cB_8: autoDraw = False
48.8696 	EXP 	text: autoDraw = False
48.8696 	EXP 	imagesbRnd: autoDraw = False
48.8696 	EXP 	cB_9: autoDraw = True
49.3636 	EXP 	New trial (rep=0, index=2): OrderedDict([('playerId', 'Lukas'), ('avatarFile', 'images/avatar2.jpg'), ('actionLabel', 'trust'), ('correctResponse', 'trust')])
49.3977 	EXP 	cB_9: autoDraw = False
49.3977 	EXP 	imagesbRnd: image = 'images/avatar2.jpg'
49.3977 	EXP 	cB_8: autoDraw = True
49.3977 	EXP 	text: autoDraw = True
49.3977 	EXP 	imagesbRnd: autoDraw = True
49.6865 	DATA 	Keypress: left
49.7032 	EXP 	cB_8: autoDraw = False
49.7032 	EXP 	text: autoDraw = False
49.7032 	EXP 	imagesbRnd: autoDraw = False
49.7032 	EXP 	cB_9: autoDraw = True
50.1994 	EXP 	New trial (rep=0, index=3): OrderedDict([('playerId', 'Paul'), ('avatarFile', 'images/avatar1.jpg'), ('actionLabel', 'trust'), ('correctResponse', 'trust')])
50.2669 	EXP 	cB_9: autoDraw = False
50.2669 	EXP 	imagesbRnd: image = 'images/avatar1.jpg'
50.2669 	EXP 	cB_8: autoDraw = True
50.2669 	EXP 	text: autoDraw = True
50.2669 	EXP 	imagesbRnd: autoDraw = True
50.5755 	DATA 	Keypress: escape
50.7274 	EXP 	window1: mouseVisible = True
