2.4403 	WARNING 	Import Error: No module named 'psychtoolbox'. Using event module for keyboard component.
4.2011 	WARNING 	User requested fullscreen with size [1024  768], but screen is actually [1680, 1050]. Using actual size
5.1503 	EXP 	Created window1 = Window(allowGUI=True, allowStencil=False, args=UNKNOWN, autoLog=True, bitsMode=UNKNOWN, blendMode='avg', color=array([0., 0., 0.]), colorSpace='rgb', fullscr=<method-wrapper '__getattribute__' of attributeSetter object at 0x0A8FFC30>, gamma=None, gammaErrorPolicy='raise', kwargs=UNKNOWN, lms=UNKNOWN, monitor=<psychopy.monitors.calibTools.Monitor object at 0x082BE930>, multiSample=False, name='window1', numSamples=2, pos=[0.0, 0.0], screen=0, size=array([1680, 1050]), stereo=False, units='height', useFBO=True, useRetina=False, viewOri=0.0, viewPos=None, viewScale=None, waitBlanking=True, winType='pyglet')
5.1503 	EXP 	window1: recordFrameIntervals = False
5.3202 	EXP 	window1: recordFrameIntervals = True
5.5107 	EXP 	window1: recordFrameIntervals = False
5.5132 	EXP 	Created cB_1 = Rect(__class__=<class 'psychopy.visual.rect.Rect'>, autoDraw=False, autoLog=True, closeShape=True, color=method-wrapper(...), colorSpace=None, contrast=1.0, depth=0.0, fillColor=array([-1., -1., -1.]), fillColorSpace='rgb', fillRGB=array([-1., -1., -1.]), interpolate=True, lineColor=array([1., 1., 1.]), lineColorSpace='rgb', lineRGB=array([1., 1., 1.]), lineWidth=1, name='cB_1', opacity=1.0, ori=array(0.), pos=array([0., 0.]), size=array([1., 1.]), units='height', vertices=ndarray(...), win=Window(...))
5.6480 	EXP 	Created textWelcome = TextStim(__class__=<class 'psychopy.visual.text.TextStim'>, alignHoriz='center', alignVert='center', antialias=True, autoLog=True, bold=False, color='white', colorSpace='named', contrast=1.0, depth=-1.0, flipHoriz=False, flipVert=False, font='Arial', fontFiles=[], height=0.03, italic=False, languageStyle='LTR', name='textWelcome', opacity=1.0, ori=0, pos=array([0., 0.]), rgb=array([255., 255., 255.]), text=str(...), units='height', win=Window(...), wrapWidth=1)
5.6496 	EXP 	Created cB_2 = Rect(__class__=<class 'psychopy.visual.rect.Rect'>, autoDraw=False, autoLog=True, closeShape=True, color=method-wrapper(...), colorSpace=None, contrast=1.0, depth=0.0, fillColor=array([-1., -1., -1.]), fillColorSpace='rgb', fillRGB=array([-1., -1., -1.]), interpolate=True, lineColor=array([1., 1., 1.]), lineColorSpace='rgb', lineRGB=array([1., 1., 1.]), lineWidth=1, name='cB_2', opacity=1.0, ori=array(0.), pos=array([0., 0.]), size=array([1., 1.]), units='height', vertices=ndarray(...), win=Window(...))
5.7206 	EXP 	Created textInstructions = TextStim(__class__=<class 'psychopy.visual.text.TextStim'>, alignHoriz='center', alignVert='center', antialias=True, autoLog=True, bold=False, color='white', colorSpace='named', contrast=1.0, depth=-1.0, flipHoriz=False, flipVert=False, font='Arial', fontFiles=[], height=0.03, italic=False, languageStyle='LTR', name='textInstructions', opacity=1.0, ori=0, pos=array([0., 0.]), rgb=array([255., 255., 255.]), text=str(...), units='height', win=Window(...), wrapWidth=1)
5.7222 	EXP 	Created cB_3 = Rect(__class__=<class 'psychopy.visual.rect.Rect'>, autoDraw=False, autoLog=True, closeShape=True, color=method-wrapper(...), colorSpace=None, contrast=1.0, depth=0.0, fillColor=array([-1., -1., -1.]), fillColorSpace='rgb', fillRGB=array([-1., -1., -1.]), interpolate=True, lineColor=array([1., 1., 1.]), lineColorSpace='rgb', lineRGB=array([1., 1., 1.]), lineWidth=1, name='cB_3', opacity=1.0, ori=array(0.), pos=array([0., 0.]), size=array([1., 1.]), units='height', vertices=ndarray(...), win=Window(...))
5.7580 	EXP 	Created textServer = TextStim(__class__=<class 'psychopy.visual.text.TextStim'>, alignHoriz='center', alignVert='center', antialias=True, autoLog=True, bold=False, color='white', colorSpace='named', contrast=1.0, depth=-1.0, flipHoriz=False, flipVert=False, font='Arial', fontFiles=[], height=0.03, italic=False, languageStyle='LTR', name='textServer', opacity=1.0, ori=0, pos=array([0., 0.]), rgb=array([255., 255., 255.]), text=str(...), units='height', win=Window(...), wrapWidth=1)
5.7596 	EXP 	Created cB_4 = Rect(__class__=<class 'psychopy.visual.rect.Rect'>, autoDraw=False, autoLog=True, closeShape=True, color=method-wrapper(...), colorSpace=None, contrast=1.0, depth=0.0, fillColor=array([-1., -1., -1.]), fillColorSpace='rgb', fillRGB=array([-1., -1., -1.]), interpolate=True, lineColor=array([1., 1., 1.]), lineColorSpace='rgb', lineRGB=array([1., 1., 1.]), lineWidth=1, name='cB_4', opacity=1.0, ori=array(0.), pos=array([0., 0.]), size=array([1., 1.]), units='height', vertices=ndarray(...), win=Window(...))
5.7648 	EXP 	Created text_1 = TextStim(__class__=<class 'psychopy.visual.text.TextStim'>, alignHoriz='center', alignVert='center', antialias=True, autoLog=True, bold=False, color='white', colorSpace='named', contrast=1.0, depth=-1.0, flipHoriz=False, flipVert=False, font='Arial', fontFiles=[], height=0.03, italic=False, languageStyle='LTR', name='text_1', opacity=1.0, ori=0, pos=array([0., 0.]), rgb=array([255., 255., 255.]), text='connecting      ', units='height', win=Window(...), wrapWidth=1)
5.7698 	EXP 	Created text_2 = TextStim(__class__=<class 'psychopy.visual.text.TextStim'>, alignHoriz='center', alignVert='center', antialias=True, autoLog=True, bold=False, color='white', colorSpace='named', contrast=1.0, depth=-2.0, flipHoriz=False, flipVert=False, font='Arial', fontFiles=[], height=0.03, italic=False, languageStyle='LTR', name='text_2', opacity=1.0, ori=0, pos=array([0., 0.]), rgb=array([255., 255., 255.]), text='connecting .    ', units='height', win=Window(...), wrapWidth=1)
5.7746 	EXP 	Created text_3 = TextStim(__class__=<class 'psychopy.visual.text.TextStim'>, alignHoriz='center', alignVert='center', antialias=True, autoLog=True, bold=False, color='white', colorSpace='named', contrast=1.0, depth=-3.0, flipHoriz=False, flipVert=False, font='Arial', fontFiles=[], height=0.03, italic=False, languageStyle='LTR', name='text_3', opacity=1.0, ori=0, pos=array([0., 0.]), rgb=array([255., 255., 255.]), text='connecting . .  ', units='height', win=Window(...), wrapWidth=1)
5.7802 	EXP 	Created text_4 = TextStim(__class__=<class 'psychopy.visual.text.TextStim'>, alignHoriz='center', alignVert='center', antialias=True, autoLog=True, bold=False, color='white', colorSpace='named', contrast=1.0, depth=-4.0, flipHoriz=False, flipVert=False, font='Arial', fontFiles=[], height=0.03, italic=False, languageStyle='LTR', name='text_4', opacity=1.0, ori=0, pos=array([0., 0.]), rgb=array([255., 255., 255.]), text='connecting . . .', units='height', win=Window(...), wrapWidth=1)
5.7816 	EXP 	Created cB_5 = Rect(__class__=<class 'psychopy.visual.rect.Rect'>, autoDraw=False, autoLog=True, closeShape=True, color=method-wrapper(...), colorSpace=None, contrast=1.0, depth=0.0, fillColor=array([-1., -1., -1.]), fillColorSpace='rgb', fillRGB=array([-1., -1., -1.]), interpolate=True, lineColor=array([1., 1., 1.]), lineColorSpace='rgb', lineRGB=array([1., 1., 1.]), lineWidth=1, name='cB_5', opacity=1.0, ori=array(0.), pos=array([0., 0.]), size=array([1., 1.]), units='height', vertices=ndarray(...), win=Window(...))
5.7854 	EXP 	Created idle = TextStim(__class__=<class 'psychopy.visual.text.TextStim'>, alignHoriz='center', alignVert='center', antialias=True, autoLog=True, bold=False, color='white', colorSpace='named', contrast=1.0, depth=-1.0, flipHoriz=False, flipVert=False, font='Arial', fontFiles=[], height=0.03, italic=False, languageStyle='LTR', name='idle', opacity=1.0, ori=0, pos=array([0., 0.]), rgb=array([255., 255., 255.]), text='found', units='height', win=Window(...), wrapWidth=1)
5.7901 	EXP 	Created idle_2 = TextStim(__class__=<class 'psychopy.visual.text.TextStim'>, alignHoriz='center', alignVert='center', antialias=True, autoLog=True, bold=False, color='white', colorSpace='named', contrast=1.0, depth=-2.0, flipHoriz=False, flipVert=False, font='Arial', fontFiles=[], height=0.03, italic=False, languageStyle='LTR', name='idle_2', opacity=1.0, ori=0, pos=array([0., 0.]), rgb=array([255., 255., 255.]), text='init proc     ', units='height', win=Window(...), wrapWidth=1)
5.7983 	EXP 	Created idle_3 = TextStim(__class__=<class 'psychopy.visual.text.TextStim'>, alignHoriz='center', alignVert='center', antialias=True, autoLog=True, bold=False, color='white', colorSpace='named', contrast=1.0, depth=-3.0, flipHoriz=False, flipVert=False, font='Arial', fontFiles=[], height=0.03, italic=False, languageStyle='LTR', name='idle_3', opacity=1.0, ori=0, pos=array([0., 0.]), rgb=array([255., 255., 255.]), text='init proc 2141', units='height', win=Window(...), wrapWidth=1)
5.8047 	EXP 	Created idle_4 = TextStim(__class__=<class 'psychopy.visual.text.TextStim'>, alignHoriz='center', alignVert='center', antialias=True, autoLog=True, bold=False, color='white', colorSpace='named', contrast=1.0, depth=-4.0, flipHoriz=False, flipVert=False, font='Arial', fontFiles=[], height=0.03, italic=False, languageStyle='LTR', name='idle_4', opacity=1.0, ori=0, pos=array([0., 0.]), rgb=array([255., 255., 255.]), text='init proc 2215', units='height', win=Window(...), wrapWidth=1)
5.8122 	EXP 	Created idle_5 = TextStim(__class__=<class 'psychopy.visual.text.TextStim'>, alignHoriz='center', alignVert='center', antialias=True, autoLog=True, bold=False, color='white', colorSpace='named', contrast=1.0, depth=-5.0, flipHoriz=False, flipVert=False, font='Arial', fontFiles=[], height=0.03, italic=False, languageStyle='LTR', name='idle_5', opacity=1.0, ori=0, pos=array([0., 0.]), rgb=array([255., 255., 255.]), text='init proc 3229', units='height', win=Window(...), wrapWidth=1)
5.8175 	EXP 	Created idle_6 = TextStim(__class__=<class 'psychopy.visual.text.TextStim'>, alignHoriz='center', alignVert='center', antialias=True, autoLog=True, bold=False, color='white', colorSpace='named', contrast=1.0, depth=-6.0, flipHoriz=False, flipVert=False, font='Arial', fontFiles=[], height=0.03, italic=False, languageStyle='LTR', name='idle_6', opacity=1.0, ori=0, pos=array([0., 0.]), rgb=array([255., 255., 255.]), text='init proc 4325', units='height', win=Window(...), wrapWidth=1)
5.8239 	EXP 	Created idle_7 = TextStim(__class__=<class 'psychopy.visual.text.TextStim'>, alignHoriz='center', alignVert='center', antialias=True, autoLog=True, bold=False, color='white', colorSpace='named', contrast=1.0, depth=-7.0, flipHoriz=False, flipVert=False, font='Arial', fontFiles=[], height=0.03, italic=False, languageStyle='LTR', name='idle_7', opacity=1.0, ori=0, pos=array([0., 0.]), rgb=array([255., 255., 255.]), text='init proc 1337', units='height', win=Window(...), wrapWidth=1)
5.8288 	EXP 	Created ilde_8 = TextStim(__class__=<class 'psychopy.visual.text.TextStim'>, alignHoriz='center', alignVert='center', antialias=True, autoLog=True, bold=False, color='white', colorSpace='named', contrast=1.0, depth=-8.0, flipHoriz=False, flipVert=False, font='Arial', fontFiles=[], height=0.03, italic=False, languageStyle='LTR', name='ilde_8', opacity=1.0, ori=0, pos=array([0., 0.]), rgb=array([255., 255., 255.]), text='buffering      ', units='height', win=Window(...), wrapWidth=1)
5.8337 	EXP 	Created idle_9 = TextStim(__class__=<class 'psychopy.visual.text.TextStim'>, alignHoriz='center', alignVert='center', antialias=True, autoLog=True, bold=False, color='white', colorSpace='named', contrast=1.0, depth=-9.0, flipHoriz=False, flipVert=False, font='Arial', fontFiles=[], height=0.03, italic=False, languageStyle='LTR', name='idle_9', opacity=1.0, ori=0, pos=array([0., 0.]), rgb=array([255., 255., 255.]), text='buffering .    ', units='height', win=Window(...), wrapWidth=1)
5.8384 	EXP 	Created idle_10 = TextStim(__class__=<class 'psychopy.visual.text.TextStim'>, alignHoriz='center', alignVert='center', antialias=True, autoLog=True, bold=False, color='white', colorSpace='named', contrast=1.0, depth=-10.0, flipHoriz=False, flipVert=False, font='Arial', fontFiles=[], height=0.03, italic=False, languageStyle='LTR', name='idle_10', opacity=1.0, ori=0, pos=array([0., 0.]), rgb=array([255., 255., 255.]), text='buffering . .  ', units='height', win=Window(...), wrapWidth=1)
5.8436 	EXP 	Created idle_11 = TextStim(__class__=<class 'psychopy.visual.text.TextStim'>, alignHoriz='center', alignVert='center', antialias=True, autoLog=True, bold=False, color='white', colorSpace='named', contrast=1.0, depth=-11.0, flipHoriz=False, flipVert=False, font='Arial', fontFiles=[], height=0.03, italic=False, languageStyle='LTR', name='idle_11', opacity=1.0, ori=0, pos=array([0., 0.]), rgb=array([255., 255., 255.]), text='buffering . . .', units='height', win=Window(...), wrapWidth=1)
5.8526 	EXP 	Created idle_12 = TextStim(__class__=<class 'psychopy.visual.text.TextStim'>, alignHoriz='center', alignVert='center', antialias=True, autoLog=True, bold=False, color='white', colorSpace='named', contrast=1.0, depth=-12.0, flipHoriz=False, flipVert=False, font='Arial', fontFiles=[], height=0.03, italic=False, languageStyle='LTR', name='idle_12', opacity=1.0, ori=0, pos=array([0., 0.]), rgb=array([255., 255., 255.]), text='run /serv/234_1/sd connect', units='height', win=Window(...), wrapWidth=1)
5.8541 	EXP 	Created cB_6 = Rect(__class__=<class 'psychopy.visual.rect.Rect'>, autoDraw=False, autoLog=True, closeShape=True, color=method-wrapper(...), colorSpace=None, contrast=1.0, depth=0.0, fillColor=array([-1., -1., -1.]), fillColorSpace='rgb', fillRGB=array([-1., -1., -1.]), interpolate=True, lineColor=array([1., 1., 1.]), lineColorSpace='rgb', lineRGB=array([1., 1., 1.]), lineWidth=1, name='cB_6', opacity=1.0, ori=array(0.), pos=array([0., 0.]), size=array([1., 1.]), units='height', vertices=ndarray(...), win=Window(...))
5.8849 	EXP 	Created sBInstructions = TextStim(__class__=<class 'psychopy.visual.text.TextStim'>, alignHoriz='center', alignVert='center', antialias=True, autoLog=True, bold=False, color='white', colorSpace='named', contrast=1.0, depth=-1.0, flipHoriz=False, flipVert=False, font='Arial', fontFiles=[], height=0.03, italic=False, languageStyle='LTR', name='sBInstructions', opacity=1.0, ori=0, pos=array([0., 0.]), rgb=array([255., 255., 255.]), text=str(...), units='height', win=Window(...), wrapWidth=1)
5.8864 	EXP 	Created cB_8 = Rect(__class__=<class 'psychopy.visual.rect.Rect'>, autoDraw=False, autoLog=True, closeShape=True, color=method-wrapper(...), colorSpace=None, contrast=1.0, depth=0.0, fillColor=array([-1., -1., -1.]), fillColorSpace='rgb', fillRGB=array([-1., -1., -1.]), interpolate=True, lineColor=array([1., 1., 1.]), lineColorSpace='rgb', lineRGB=array([1., 1., 1.]), lineWidth=1, name='cB_8', opacity=1.0, ori=array(0.), pos=array([0., 0.]), size=array([1., 1.]), units='height', vertices=ndarray(...), win=Window(...))
5.9096 	EXP 	Created text = TextStim(__class__=<class 'psychopy.visual.text.TextStim'>, alignHoriz='center', alignVert='center', antialias=True, autoLog=True, bold=False, color='white', colorSpace='named', contrast=1.0, depth=-1.0, flipHoriz=False, flipVert=False, font='Arial', fontFiles=[], height=0.1, italic=False, languageStyle='LTR', name='text', opacity=1.0, ori=0, pos=array([0., 0.]), rgb=array([255., 255., 255.]), text='default text', units='height', win=Window(...), wrapWidth=1)
5.9153 	EXP 	Created imagesbRnd = ImageStim(__class__=<class 'psychopy.visual.image.ImageStim'>, autoLog=True, color=array([1., 1., 1.]), colorSpace='rgb', contrast=1.0, depth=-2.0, flipHoriz=False, flipVert=False, image='sin', interpolate=True, mask=None, maskParams=None, name='imagesbRnd', opacity=1.0, ori=0.0, pos=array([0., 0.]), size=array([0.25, 0.25]), texRes=128, units='height', win=Window(...))
5.9800 	EXP 	Created Slider = RatingScale(__class__=type(...), acceptKeys=['return'], acceptPreText=UNKNOWN, acceptSize=UNKNOWN, acceptText='accept?', autoLog=True, choices=list(...), depth=0, disappear=False, flipVert=False, high=10, kwargs=UNKNOWN, labels=list(...), leftKeys=['left'], lineColor='White', low=0, marker=ShapeStim(...), markerColor='DarkBlue', markerExpansion=UNKNOWN, markerStart=5.0, maxTime=0.0, minTime=0.4, mouseOnly=False, name='Slider', noMouse=False, pos=[0.0, -0.4], precision=1, respKeys=[], rightKeys=['right'], scale='<default>', self=UNKNOWN, showAccept=True, showValue=True, singleClick=False, size=0.6, skipKeys=['tab'], stretch=1.0, textColor='LightGray', textFont='Helvetica Bold', textSize=0.12, tickHeight=-1, tickMarks=10.0, win=Window(...))
5.9815 	EXP 	Created cB_9 = Rect(__class__=<class 'psychopy.visual.rect.Rect'>, autoDraw=False, autoLog=True, closeShape=True, color=method-wrapper(...), colorSpace=None, contrast=1.0, depth=0.0, fillColor=array([-1., -1., -1.]), fillColorSpace='rgb', fillRGB=array([-1., -1., -1.]), interpolate=True, lineColor=array([1., 1., 1.]), lineColorSpace='rgb', lineRGB=array([1., 1., 1.]), lineWidth=1, name='cB_9', opacity=1.0, ori=array(0.), pos=array([0., 0.]), size=array([1., 1.]), units='height', vertices=ndarray(...), win=Window(...))
5.9828 	EXP 	Created cbFb = Rect(__class__=<class 'psychopy.visual.rect.Rect'>, autoDraw=False, autoLog=True, closeShape=True, color=method-wrapper(...), colorSpace=None, contrast=1.0, depth=-1.0, fillColor=array([-1., -1., -1.]), fillColorSpace='rgb', fillRGB=array([-1., -1., -1.]), interpolate=True, lineColor=array([1., 1., 1.]), lineColorSpace='rgb', lineRGB=array([1., 1., 1.]), lineWidth=1, name='cbFb', opacity=1.0, ori=array(0.), pos=array([0., 0.]), size=array([1., 1.]), units='height', vertices=ndarray(...), win=Window(...))
5.9881 	EXP 	Created textFb = TextStim(__class__=<class 'psychopy.visual.text.TextStim'>, alignHoriz='center', alignVert='center', antialias=True, autoLog=True, bold=False, color='white', colorSpace='named', contrast=1.0, depth=-2.0, flipHoriz=False, flipVert=False, font='Arial', fontFiles=[], height=0.03, italic=False, languageStyle='LTR', name='textFb', opacity=1.0, ori=0, pos=array([0., 0.]), rgb=array([255., 255., 255.]), text='default text', units='height', win=Window(...), wrapWidth=1)
5.9896 	EXP 	Created cbBuf = Rect(__class__=<class 'psychopy.visual.rect.Rect'>, autoDraw=False, autoLog=True, closeShape=True, color=method-wrapper(...), colorSpace=None, contrast=1.0, depth=-1.0, fillColor=array([-1., -1., -1.]), fillColorSpace='rgb', fillRGB=array([-1., -1., -1.]), interpolate=True, lineColor=array([1., 1., 1.]), lineColorSpace='rgb', lineRGB=array([1., 1., 1.]), lineWidth=1, name='cbBuf', opacity=1.0, ori=array(0.), pos=array([0., 0.]), size=array([1., 1.]), units='height', vertices=ndarray(...), win=Window(...))
5.9914 	EXP 	Created fixCross = ShapeStim(__class__=<class 'psychopy.visual.shape.ShapeStim'>, autoDraw=False, autoLog=True, closeShape=True, contrast=1.0, depth=-1.0, fillColor=array([1., 1., 1.]), fillColorSpace='rgb', interpolate=True, lineColor=array([1., 1., 1.]), lineColorSpace='rgb', lineWidth=1, name='fixCross', opacity=1.0, ori=array(0.), pos=array([0., 0.]), size=array([0.2, 0.2]), units='height', vertices=ndarray(...), win=Window(...), windingRule=None)
5.9928 	EXP 	Created cB_8 = Rect(__class__=<class 'psychopy.visual.rect.Rect'>, autoDraw=False, autoLog=True, closeShape=True, color=method-wrapper(...), colorSpace=None, contrast=1.0, depth=0.0, fillColor=array([-1., -1., -1.]), fillColorSpace='rgb', fillRGB=array([-1., -1., -1.]), interpolate=True, lineColor=array([1., 1., 1.]), lineColorSpace='rgb', lineRGB=array([1., 1., 1.]), lineWidth=1, name='cB_8', opacity=1.0, ori=array(0.), pos=array([0., 0.]), size=array([1., 1.]), units='height', vertices=ndarray(...), win=Window(...))
5.9982 	EXP 	Created text = TextStim(__class__=<class 'psychopy.visual.text.TextStim'>, alignHoriz='center', alignVert='center', antialias=True, autoLog=True, bold=False, color='white', colorSpace='named', contrast=1.0, depth=-1.0, flipHoriz=False, flipVert=False, font='Arial', fontFiles=[], height=0.1, italic=False, languageStyle='LTR', name='text', opacity=1.0, ori=0, pos=array([0., 0.]), rgb=array([255., 255., 255.]), text='default text', units='height', win=Window(...), wrapWidth=1)
6.0005 	EXP 	Created imagesbRnd = ImageStim(__class__=<class 'psychopy.visual.image.ImageStim'>, autoLog=True, color=array([1., 1., 1.]), colorSpace='rgb', contrast=1.0, depth=-2.0, flipHoriz=False, flipVert=False, image='sin', interpolate=True, mask=None, maskParams=None, name='imagesbRnd', opacity=1.0, ori=0.0, pos=array([0., 0.]), size=array([0.25, 0.25]), texRes=128, units='height', win=Window(...))
6.0365 	EXP 	Created Slider = RatingScale(__class__=type(...), acceptKeys=['return'], acceptPreText=UNKNOWN, acceptSize=UNKNOWN, acceptText='accept?', autoLog=True, choices=list(...), depth=0, disappear=False, flipVert=False, high=10, kwargs=UNKNOWN, labels=list(...), leftKeys=['left'], lineColor='White', low=0, marker=ShapeStim(...), markerColor='DarkBlue', markerExpansion=UNKNOWN, markerStart=5.0, maxTime=0.0, minTime=0.4, mouseOnly=False, name='Slider', noMouse=False, pos=[0.0, -0.4], precision=1, respKeys=[], rightKeys=['right'], scale='<default>', self=UNKNOWN, showAccept=True, showValue=True, singleClick=False, size=0.6, skipKeys=['tab'], stretch=1.0, textColor='LightGray', textFont='Helvetica Bold', textSize=0.12, tickHeight=-1, tickMarks=10.0, win=Window(...))
6.0381 	EXP 	Created cB_9 = Rect(__class__=<class 'psychopy.visual.rect.Rect'>, autoDraw=False, autoLog=True, closeShape=True, color=method-wrapper(...), colorSpace=None, contrast=1.0, depth=0.0, fillColor=array([-1., -1., -1.]), fillColorSpace='rgb', fillRGB=array([-1., -1., -1.]), interpolate=True, lineColor=array([1., 1., 1.]), lineColorSpace='rgb', lineRGB=array([1., 1., 1.]), lineWidth=1, name='cB_9', opacity=1.0, ori=array(0.), pos=array([0., 0.]), size=array([1., 1.]), units='height', vertices=ndarray(...), win=Window(...))
6.0395 	EXP 	Created cbFb = Rect(__class__=<class 'psychopy.visual.rect.Rect'>, autoDraw=False, autoLog=True, closeShape=True, color=method-wrapper(...), colorSpace=None, contrast=1.0, depth=-1.0, fillColor=array([-1., -1., -1.]), fillColorSpace='rgb', fillRGB=array([-1., -1., -1.]), interpolate=True, lineColor=array([1., 1., 1.]), lineColorSpace='rgb', lineRGB=array([1., 1., 1.]), lineWidth=1, name='cbFb', opacity=1.0, ori=array(0.), pos=array([0., 0.]), size=array([1., 1.]), units='height', vertices=ndarray(...), win=Window(...))
6.0451 	EXP 	Created textFb = TextStim(__class__=<class 'psychopy.visual.text.TextStim'>, alignHoriz='center', alignVert='center', antialias=True, autoLog=True, bold=False, color='white', colorSpace='named', contrast=1.0, depth=-2.0, flipHoriz=False, flipVert=False, font='Arial', fontFiles=[], height=0.03, italic=False, languageStyle='LTR', name='textFb', opacity=1.0, ori=0, pos=array([0., 0.]), rgb=array([255., 255., 255.]), text='default text', units='height', win=Window(...), wrapWidth=1)
6.0466 	EXP 	Created cbBuf = Rect(__class__=<class 'psychopy.visual.rect.Rect'>, autoDraw=False, autoLog=True, closeShape=True, color=method-wrapper(...), colorSpace=None, contrast=1.0, depth=-1.0, fillColor=array([-1., -1., -1.]), fillColorSpace='rgb', fillRGB=array([-1., -1., -1.]), interpolate=True, lineColor=array([1., 1., 1.]), lineColorSpace='rgb', lineRGB=array([1., 1., 1.]), lineWidth=1, name='cbBuf', opacity=1.0, ori=array(0.), pos=array([0., 0.]), size=array([1., 1.]), units='height', vertices=ndarray(...), win=Window(...))
6.0482 	EXP 	Created fixCross = ShapeStim(__class__=<class 'psychopy.visual.shape.ShapeStim'>, autoDraw=False, autoLog=True, closeShape=True, contrast=1.0, depth=-1.0, fillColor=array([1., 1., 1.]), fillColorSpace='rgb', interpolate=True, lineColor=array([1., 1., 1.]), lineColorSpace='rgb', lineWidth=1, name='fixCross', opacity=1.0, ori=array(0.), pos=array([0., 0.]), size=array([0.2, 0.2]), units='height', vertices=ndarray(...), win=Window(...), windingRule=None)
6.0496 	EXP 	Created cB_10 = Rect(__class__=<class 'psychopy.visual.rect.Rect'>, autoDraw=False, autoLog=True, closeShape=True, color=method-wrapper(...), colorSpace=None, contrast=1.0, depth=0.0, fillColor=array([-1., -1., -1.]), fillColorSpace='rgb', fillRGB=array([-1., -1., -1.]), interpolate=True, lineColor=array([1., 1., 1.]), lineColorSpace='rgb', lineRGB=array([1., 1., 1.]), lineWidth=1, name='cB_10', opacity=1.0, ori=array(0.), pos=array([0., 0.]), size=array([1., 1.]), units='height', vertices=ndarray(...), win=Window(...))
6.1081 	EXP 	Created sbEndText = TextStim(__class__=<class 'psychopy.visual.text.TextStim'>, alignHoriz='center', alignVert='center', antialias=True, autoLog=True, bold=False, color='white', colorSpace='named', contrast=1.0, depth=-1.0, flipHoriz=False, flipVert=False, font='Arial', fontFiles=[], height=0.1, italic=False, languageStyle='LTR', name='sbEndText', opacity=1.0, ori=0, pos=array([0., 0.]), rgb=array([255., 255., 255.]), text=str(...), units='height', win=Window(...), wrapWidth=1)
6.1207 	EXP 	Slider: flipVert = False
6.1207 	EXP 	Slider: autoLog = True
6.1207 	EXP 	Slider: flipVert = False
6.1207 	EXP 	Slider: autoLog = True
6.1207 	EXP 	cB_1: autoDraw = True
6.1207 	EXP 	textWelcome: autoDraw = True
6.5122 	DATA 	Keypress: 1
6.5289 	EXP 	cB_1: autoDraw = False
6.5289 	EXP 	textWelcome: autoDraw = False
6.5289 	EXP 	cB_2: autoDraw = True
6.5289 	EXP 	textInstructions: autoDraw = True
6.7348 	DATA 	Keypress: 1
6.7517 	EXP 	cB_2: autoDraw = False
6.7517 	EXP 	textInstructions: autoDraw = False
6.7517 	EXP 	cB_3: autoDraw = True
6.7517 	EXP 	textServer: autoDraw = True
6.8727 	DATA 	Keypress: 1
6.8734 	EXP 	Created sequence: random, trialTypes=1, nReps=1, seed=None
6.8736 	EXP 	New trial (rep=0, index=0): None
6.8886 	EXP 	cB_3: autoDraw = False
6.8886 	EXP 	textServer: autoDraw = False
6.8886 	EXP 	cB_4: autoDraw = True
6.8886 	EXP 	text_1: autoDraw = True
7.8613 	EXP 	text_2: autoDraw = True
7.8952 	EXP 	text_1: autoDraw = False
8.3729 	EXP 	text_2: autoDraw = False
8.3729 	EXP 	text_3: autoDraw = True
8.8678 	EXP 	text_4: autoDraw = True
8.8849 	EXP 	text_3: autoDraw = False
9.3804 	EXP 	text_4: autoDraw = False
9.3974 	EXP 	cB_4: autoDraw = False
9.3974 	EXP 	text_1: autoDraw = False
9.3974 	EXP 	text_2: autoDraw = False
9.3974 	EXP 	text_3: autoDraw = False
9.3974 	EXP 	text_4: autoDraw = False
9.3974 	EXP 	cB_5: autoDraw = True
9.5682 	EXP 	idle: autoDraw = True
9.8752 	EXP 	idle: autoDraw = False
9.8752 	EXP 	idle_2: autoDraw = True
10.0782 	EXP 	idle_2: autoDraw = False
10.0782 	EXP 	idle_3: autoDraw = True
10.1814 	EXP 	idle_3: autoDraw = False
10.1814 	EXP 	idle_4: autoDraw = True
10.3181 	EXP 	idle_4: autoDraw = False
10.3181 	EXP 	idle_5: autoDraw = True
10.4714 	EXP 	idle_5: autoDraw = False
10.4714 	EXP 	idle_6: autoDraw = True
10.6260 	EXP 	idle_6: autoDraw = False
10.6260 	EXP 	idle_7: autoDraw = True
10.7285 	EXP 	idle_7: autoDraw = False
10.7285 	EXP 	ilde_8: autoDraw = True
11.2247 	EXP 	ilde_8: autoDraw = False
11.2247 	EXP 	idle_9: autoDraw = True
11.7189 	EXP 	idle_10: autoDraw = True
11.7359 	EXP 	idle_9: autoDraw = False
12.2303 	EXP 	idle_10: autoDraw = False
12.2303 	EXP 	idle_11: autoDraw = True
12.7256 	EXP 	idle_12: autoDraw = True
12.7426 	EXP 	idle_11: autoDraw = False
12.8798 	EXP 	idle_12: autoDraw = False
13.3917 	EXP 	cB_5: autoDraw = False
13.3917 	EXP 	idle: autoDraw = False
13.3917 	EXP 	idle_2: autoDraw = False
13.3917 	EXP 	idle_3: autoDraw = False
13.3917 	EXP 	idle_4: autoDraw = False
13.3917 	EXP 	idle_5: autoDraw = False
13.3917 	EXP 	idle_6: autoDraw = False
13.3917 	EXP 	idle_7: autoDraw = False
13.3917 	EXP 	ilde_8: autoDraw = False
13.3917 	EXP 	idle_9: autoDraw = False
13.3917 	EXP 	idle_10: autoDraw = False
13.3917 	EXP 	idle_11: autoDraw = False
13.3917 	EXP 	idle_12: autoDraw = False
13.3917 	EXP 	cB_6: autoDraw = True
13.5622 	EXP 	sBInstructions: autoDraw = True
14.6246 	DATA 	Keypress: 1
14.7006 	EXP 	Imported contitions.xlsx as conditions, 19 conditions, 5 params
14.7009 	EXP 	Created sequence: random, trialTypes=19, nReps=1, seed=None
14.7013 	EXP 	New trial (rep=0, index=0): OrderedDict([('playerId', 'Paul'), ('avatarFile', 'images/avatar1.jpg'), ('choiceLabel', 'keep the investment'), ('actionLabel', 0), ('actionRound', 1)])
14.8150 	EXP 	RatingScale Slider: reset()
14.8430 	EXP 	cB_6: autoDraw = False
14.8430 	EXP 	sBInstructions: autoDraw = False
14.8430 	EXP 	text: text = 'This round you are playing with Paul!'
14.8430 	EXP 	imagesbRnd: image = 'images/avatar1.jpg'
14.8430 	EXP 	cB_8: autoDraw = True
14.8430 	EXP 	text: autoDraw = True
14.8430 	EXP 	imagesbRnd: autoDraw = True
14.8430 	EXP 	Slider: autoDraw = True
15.1323 	DATA 	Keypress: 1
15.7617 	DATA 	Keypress: left
16.9110 	DATA 	Keypress: return
16.9148 	DATA 	RatingScale Slider: (key response) rating=4
16.9148 	DATA 	RatingScale Slider: rating RT=2.099
16.9148 	DATA 	RatingScale Slider: history=[('5', 0.0), ('4', 0.949), ('4', 2.099)]
16.9438 	EXP 	cB_8: autoDraw = False
16.9438 	EXP 	text: autoDraw = False
16.9438 	EXP 	imagesbRnd: autoDraw = False
16.9438 	EXP 	Slider: autoDraw = False
16.9438 	EXP 	cB_9: autoDraw = True
17.4733 	EXP 	cB_9: autoDraw = False
17.4733 	EXP 	textFb: text = 'Paul has decided not to cooperate and keep the investment. You received 0 credits'
17.4733 	EXP 	cbFb: autoDraw = True
17.4733 	EXP 	textFb: autoDraw = True
20.4587 	EXP 	cbFb: autoDraw = False
20.4587 	EXP 	textFb: autoDraw = False
20.4587 	EXP 	cbBuf: autoDraw = True
20.6287 	EXP 	fixCross: autoDraw = True
21.1417 	EXP 	fixCross: autoDraw = False
21.3471 	EXP 	New trial (rep=0, index=1): OrderedDict([('playerId', 'Paul'), ('avatarFile', 'images/avatar1.jpg'), ('choiceLabel', 'reciprocate'), ('actionLabel', 1), ('actionRound', 1)])
21.3997 	EXP 	RatingScale Slider: reset()
21.4168 	EXP 	cbBuf: autoDraw = False
21.4168 	EXP 	fixCross: autoDraw = False
21.4168 	EXP 	text: text = 'This round you are playing with Paul!'
21.4168 	EXP 	imagesbRnd: image = 'images/avatar1.jpg'
21.4168 	EXP 	cB_8: autoDraw = True
21.4168 	EXP 	text: autoDraw = True
21.4168 	EXP 	imagesbRnd: autoDraw = True
21.4168 	EXP 	Slider: autoDraw = True
22.5398 	DATA 	Keypress: left
22.8470 	DATA 	Keypress: return
22.8509 	DATA 	RatingScale Slider: (key response) rating=4
22.8510 	DATA 	RatingScale Slider: rating RT=1.451
22.8510 	DATA 	RatingScale Slider: history=[('5', 0.0), ('4', 1.143), ('4', 1.451)]
22.8808 	EXP 	cB_8: autoDraw = False
22.8808 	EXP 	text: autoDraw = False
22.8808 	EXP 	imagesbRnd: autoDraw = False
22.8808 	EXP 	Slider: autoDraw = False
22.8808 	EXP 	cB_9: autoDraw = True
23.3982 	EXP 	cB_9: autoDraw = False
23.3982 	EXP 	textFb: text = 'Paul has decided to reciprocate you receive 4 credits'
23.3982 	EXP 	cbFb: autoDraw = True
23.3982 	EXP 	textFb: autoDraw = True
26.3844 	EXP 	cbFb: autoDraw = False
26.3844 	EXP 	textFb: autoDraw = False
26.3844 	EXP 	cbBuf: autoDraw = True
26.5565 	EXP 	fixCross: autoDraw = True
27.0663 	EXP 	fixCross: autoDraw = False
27.2722 	EXP 	New trial (rep=0, index=2): OrderedDict([('playerId', 'Paul'), ('avatarFile', 'images/avatar1.jpg'), ('choiceLabel', 'keep the investment'), ('actionLabel', 0), ('actionRound', 1)])
27.3253 	EXP 	RatingScale Slider: reset()
27.3422 	EXP 	cbBuf: autoDraw = False
27.3422 	EXP 	fixCross: autoDraw = False
27.3422 	EXP 	text: text = 'This round you are playing with Paul!'
27.3422 	EXP 	imagesbRnd: image = 'images/avatar1.jpg'
27.3422 	EXP 	cB_8: autoDraw = True
27.3422 	EXP 	text: autoDraw = True
27.3422 	EXP 	imagesbRnd: autoDraw = True
27.3422 	EXP 	Slider: autoDraw = True
28.0255 	DATA 	Keypress: right
28.1103 	DATA 	Keypress: right
28.4307 	DATA 	Keypress: return
28.4346 	DATA 	RatingScale Slider: (key response) rating=7
28.4347 	DATA 	RatingScale Slider: rating RT=1.109
28.4347 	DATA 	RatingScale Slider: history=[('5', 0.0), ('6', 0.7), ('7', 0.788), ('7', 1.109)]
28.4641 	EXP 	cB_8: autoDraw = False
28.4641 	EXP 	text: autoDraw = False
28.4641 	EXP 	imagesbRnd: autoDraw = False
28.4641 	EXP 	Slider: autoDraw = False
28.4641 	EXP 	cB_9: autoDraw = True
28.9957 	EXP 	cB_9: autoDraw = False
28.9957 	EXP 	textFb: text = 'Paul has decided not to cooperate and keep the investment. You received 0 credits'
28.9957 	EXP 	cbFb: autoDraw = True
28.9957 	EXP 	textFb: autoDraw = True
31.9804 	EXP 	cbFb: autoDraw = False
31.9804 	EXP 	textFb: autoDraw = False
31.9804 	EXP 	cbBuf: autoDraw = True
32.1533 	EXP 	fixCross: autoDraw = True
32.6639 	EXP 	fixCross: autoDraw = False
32.8537 	EXP 	New trial (rep=0, index=3): OrderedDict([('playerId', 'Lukas'), ('avatarFile', 'images/avatar2.jpg'), ('choiceLabel', 'keep the investment'), ('actionLabel', 0), ('actionRound', 1)])
32.9415 	EXP 	RatingScale Slider: reset()
32.9583 	EXP 	cbBuf: autoDraw = False
32.9583 	EXP 	fixCross: autoDraw = False
32.9583 	EXP 	text: text = 'This round you are playing with Lukas!'
32.9583 	EXP 	imagesbRnd: image = 'images/avatar2.jpg'
32.9583 	EXP 	cB_8: autoDraw = True
32.9583 	EXP 	text: autoDraw = True
32.9583 	EXP 	imagesbRnd: autoDraw = True
32.9583 	EXP 	Slider: autoDraw = True
35.0018 	DATA 	Keypress: left
35.2058 	DATA 	Keypress: left
37.0011 	DATA 	Keypress: left
37.1707 	DATA 	Keypress: left
37.3258 	DATA 	Keypress: left
37.7859 	DATA 	Keypress: return
37.7896 	DATA 	RatingScale Slider: (key response) rating=0
37.7896 	DATA 	RatingScale Slider: rating RT=4.848
37.7896 	DATA 	RatingScale Slider: history=[('5', 0.0), ('4', 2.063), ('3', 2.268), ('2', 4.063), ('1', 4.233), ('0', 4.387), ('0', 4.848)]
37.8195 	EXP 	cB_8: autoDraw = False
37.8195 	EXP 	text: autoDraw = False
37.8195 	EXP 	imagesbRnd: autoDraw = False
37.8195 	EXP 	Slider: autoDraw = False
37.8195 	EXP 	cB_9: autoDraw = True
38.3475 	EXP 	cB_9: autoDraw = False
38.3475 	EXP 	textFb: text = 'Lukas has decided not to cooperate and keep the investment. You received 0 credits'
38.3475 	EXP 	cbFb: autoDraw = True
38.3475 	EXP 	textFb: autoDraw = True
41.3216 	EXP 	cbFb: autoDraw = False
41.3216 	EXP 	textFb: autoDraw = False
41.3216 	EXP 	cbBuf: autoDraw = True
41.4933 	EXP 	fixCross: autoDraw = True
42.0072 	EXP 	fixCross: autoDraw = False
42.2138 	EXP 	New trial (rep=0, index=4): OrderedDict([('playerId', 'Lukas'), ('avatarFile', 'images/avatar2.jpg'), ('choiceLabel', 'keep the investment'), ('actionLabel', 0), ('actionRound', 1)])
42.2317 	EXP 	RatingScale Slider: reset()
42.2473 	EXP 	cbBuf: autoDraw = False
42.2473 	EXP 	fixCross: autoDraw = False
42.2473 	EXP 	text: text = 'This round you are playing with Lukas!'
42.2473 	EXP 	imagesbRnd: image = 'images/avatar2.jpg'
42.2473 	EXP 	cB_8: autoDraw = True
42.2473 	EXP 	text: autoDraw = True
42.2473 	EXP 	imagesbRnd: autoDraw = True
42.2473 	EXP 	Slider: autoDraw = True
43.4065 	DATA 	Keypress: return
43.4097 	DATA 	RatingScale Slider: (key response) rating=5
43.4098 	DATA 	RatingScale Slider: rating RT=1.178
43.4098 	DATA 	RatingScale Slider: history=[('5', 0.0), ('5', 1.178)]
43.4402 	EXP 	cB_8: autoDraw = False
43.4402 	EXP 	text: autoDraw = False
43.4402 	EXP 	imagesbRnd: autoDraw = False
43.4402 	EXP 	Slider: autoDraw = False
43.4402 	EXP 	cB_9: autoDraw = True
43.9523 	EXP 	cB_9: autoDraw = False
43.9523 	EXP 	textFb: text = 'Lukas has decided not to cooperate and keep the investment. You received 0 credits'
43.9523 	EXP 	cbFb: autoDraw = True
43.9523 	EXP 	textFb: autoDraw = True
46.9552 	EXP 	cbFb: autoDraw = False
46.9552 	EXP 	textFb: autoDraw = False
46.9552 	EXP 	cbBuf: autoDraw = True
47.1261 	EXP 	fixCross: autoDraw = True
47.6386 	EXP 	fixCross: autoDraw = False
47.8278 	EXP 	New trial (rep=0, index=5): OrderedDict([('playerId', 'Lukas'), ('avatarFile', 'images/avatar2.jpg'), ('choiceLabel', 'keep the investment'), ('actionLabel', 0), ('actionRound', 1)])
47.8406 	EXP 	RatingScale Slider: reset()
47.8614 	EXP 	cbBuf: autoDraw = False
47.8614 	EXP 	fixCross: autoDraw = False
47.8614 	EXP 	text: text = 'This round you are playing with Lukas!'
47.8614 	EXP 	imagesbRnd: image = 'images/avatar2.jpg'
47.8614 	EXP 	cB_8: autoDraw = True
47.8614 	EXP 	text: autoDraw = True
47.8614 	EXP 	imagesbRnd: autoDraw = True
47.8614 	EXP 	Slider: autoDraw = True
49.2567 	DATA 	Keypress: escape
49.4410 	EXP 	window1: mouseVisible = True
