2.6438 	WARNING 	Import Error: No module named 'psychtoolbox'. Using event module for keyboard component.
4.6975 	WARNING 	User requested fullscreen with size [1024  768], but screen is actually [1680, 1050]. Using actual size
5.6601 	EXP 	Created window1 = Window(allowGUI=True, allowStencil=False, args=UNKNOWN, autoLog=True, bitsMode=UNKNOWN, blendMode='avg', color=array([0., 0., 0.]), colorSpace='rgb', fullscr=<method-wrapper '__getattribute__' of attributeSetter object at 0x0A166FB0>, gamma=None, gammaErrorPolicy='raise', kwargs=UNKNOWN, lms=UNKNOWN, monitor=<psychopy.monitors.calibTools.Monitor object at 0x0A1DECB0>, multiSample=False, name='window1', numSamples=2, pos=[0.0, 0.0], screen=0, size=array([1680, 1050]), stereo=False, units='height', useFBO=True, useRetina=False, viewOri=0.0, viewPos=None, viewScale=None, waitBlanking=True, winType='pyglet')
5.6602 	EXP 	window1: recordFrameIntervals = False
5.8299 	EXP 	window1: recordFrameIntervals = True
6.0192 	EXP 	window1: recordFrameIntervals = False
6.0222 	EXP 	Created cB_1 = Rect(__class__=<class 'psychopy.visual.rect.Rect'>, autoDraw=False, autoLog=True, closeShape=True, color=method-wrapper(...), colorSpace=None, contrast=1.0, depth=-1.0, fillColor=array([-1., -1., -1.]), fillColorSpace='rgb', fillRGB=array([-1., -1., -1.]), interpolate=True, lineColor=array([1., 1., 1.]), lineColorSpace='rgb', lineRGB=array([1., 1., 1.]), lineWidth=1, name='cB_1', opacity=1.0, ori=array(0.), pos=array([0., 0.]), size=array([1., 1.]), units='height', vertices=ndarray(...), win=Window(...))
6.1636 	EXP 	Created textWelcome = TextStim(__class__=<class 'psychopy.visual.text.TextStim'>, alignHoriz='center', alignVert='center', antialias=True, autoLog=True, bold=False, color='white', colorSpace='named', contrast=1.0, depth=-2.0, flipHoriz=False, flipVert=False, font='Arial', fontFiles=[], height=0.03, italic=False, languageStyle='LTR', name='textWelcome', opacity=1.0, ori=0, pos=array([0., 0.]), rgb=array([255., 255., 255.]), text=str(...), units='height', win=Window(...), wrapWidth=1)
6.1652 	EXP 	Created cB_2 = Rect(__class__=<class 'psychopy.visual.rect.Rect'>, autoDraw=False, autoLog=True, closeShape=True, color=method-wrapper(...), colorSpace=None, contrast=1.0, depth=0.0, fillColor=array([-1., -1., -1.]), fillColorSpace='rgb', fillRGB=array([-1., -1., -1.]), interpolate=True, lineColor=array([1., 1., 1.]), lineColorSpace='rgb', lineRGB=array([1., 1., 1.]), lineWidth=1, name='cB_2', opacity=1.0, ori=array(0.), pos=array([0., 0.]), size=array([1., 1.]), units='height', vertices=ndarray(...), win=Window(...))
6.2386 	EXP 	Created textInstructions = TextStim(__class__=<class 'psychopy.visual.text.TextStim'>, alignHoriz='center', alignVert='center', antialias=True, autoLog=True, bold=False, color='white', colorSpace='named', contrast=1.0, depth=-1.0, flipHoriz=False, flipVert=False, font='Arial', fontFiles=[], height=0.03, italic=False, languageStyle='LTR', name='textInstructions', opacity=1.0, ori=0, pos=array([0., 0.]), rgb=array([255., 255., 255.]), text=str(...), units='height', win=Window(...), wrapWidth=1)
6.2402 	EXP 	Created cB_3 = Rect(__class__=<class 'psychopy.visual.rect.Rect'>, autoDraw=False, autoLog=True, closeShape=True, color=method-wrapper(...), colorSpace=None, contrast=1.0, depth=0.0, fillColor=array([-1., -1., -1.]), fillColorSpace='rgb', fillRGB=array([-1., -1., -1.]), interpolate=True, lineColor=array([1., 1., 1.]), lineColorSpace='rgb', lineRGB=array([1., 1., 1.]), lineWidth=1, name='cB_3', opacity=1.0, ori=array(0.), pos=array([0., 0.]), size=array([1., 1.]), units='height', vertices=ndarray(...), win=Window(...))
6.2754 	EXP 	Created textServer = TextStim(__class__=<class 'psychopy.visual.text.TextStim'>, alignHoriz='center', alignVert='center', antialias=True, autoLog=True, bold=False, color='white', colorSpace='named', contrast=1.0, depth=-1.0, flipHoriz=False, flipVert=False, font='Arial', fontFiles=[], height=0.03, italic=False, languageStyle='LTR', name='textServer', opacity=1.0, ori=0, pos=array([0., 0.]), rgb=array([255., 255., 255.]), text=str(...), units='height', win=Window(...), wrapWidth=1)
6.2769 	EXP 	Created cB_4 = Rect(__class__=<class 'psychopy.visual.rect.Rect'>, autoDraw=False, autoLog=True, closeShape=True, color=method-wrapper(...), colorSpace=None, contrast=1.0, depth=0.0, fillColor=array([-1., -1., -1.]), fillColorSpace='rgb', fillRGB=array([-1., -1., -1.]), interpolate=True, lineColor=array([1., 1., 1.]), lineColorSpace='rgb', lineRGB=array([1., 1., 1.]), lineWidth=1, name='cB_4', opacity=1.0, ori=array(0.), pos=array([0., 0.]), size=array([1., 1.]), units='height', vertices=ndarray(...), win=Window(...))
6.2825 	EXP 	Created text_1 = TextStim(__class__=<class 'psychopy.visual.text.TextStim'>, alignHoriz='center', alignVert='center', antialias=True, autoLog=True, bold=False, color='white', colorSpace='named', contrast=1.0, depth=-1.0, flipHoriz=False, flipVert=False, font='Arial', fontFiles=[], height=0.03, italic=False, languageStyle='LTR', name='text_1', opacity=1.0, ori=0, pos=array([0., 0.]), rgb=array([255., 255., 255.]), text='connecting      ', units='height', win=Window(...), wrapWidth=1)
6.2881 	EXP 	Created text_2 = TextStim(__class__=<class 'psychopy.visual.text.TextStim'>, alignHoriz='center', alignVert='center', antialias=True, autoLog=True, bold=False, color='white', colorSpace='named', contrast=1.0, depth=-2.0, flipHoriz=False, flipVert=False, font='Arial', fontFiles=[], height=0.03, italic=False, languageStyle='LTR', name='text_2', opacity=1.0, ori=0, pos=array([0., 0.]), rgb=array([255., 255., 255.]), text='connecting .    ', units='height', win=Window(...), wrapWidth=1)
6.2940 	EXP 	Created text_3 = TextStim(__class__=<class 'psychopy.visual.text.TextStim'>, alignHoriz='center', alignVert='center', antialias=True, autoLog=True, bold=False, color='white', colorSpace='named', contrast=1.0, depth=-3.0, flipHoriz=False, flipVert=False, font='Arial', fontFiles=[], height=0.03, italic=False, languageStyle='LTR', name='text_3', opacity=1.0, ori=0, pos=array([0., 0.]), rgb=array([255., 255., 255.]), text='connecting . .  ', units='height', win=Window(...), wrapWidth=1)
6.3007 	EXP 	Created text_4 = TextStim(__class__=<class 'psychopy.visual.text.TextStim'>, alignHoriz='center', alignVert='center', antialias=True, autoLog=True, bold=False, color='white', colorSpace='named', contrast=1.0, depth=-4.0, flipHoriz=False, flipVert=False, font='Arial', fontFiles=[], height=0.03, italic=False, languageStyle='LTR', name='text_4', opacity=1.0, ori=0, pos=array([0., 0.]), rgb=array([255., 255., 255.]), text='connecting . . .', units='height', win=Window(...), wrapWidth=1)
6.3023 	EXP 	Created cB_5 = Rect(__class__=<class 'psychopy.visual.rect.Rect'>, autoDraw=False, autoLog=True, closeShape=True, color=method-wrapper(...), colorSpace=None, contrast=1.0, depth=0.0, fillColor=array([-1., -1., -1.]), fillColorSpace='rgb', fillRGB=array([-1., -1., -1.]), interpolate=True, lineColor=array([1., 1., 1.]), lineColorSpace='rgb', lineRGB=array([1., 1., 1.]), lineWidth=1, name='cB_5', opacity=1.0, ori=array(0.), pos=array([0., 0.]), size=array([1., 1.]), units='height', vertices=ndarray(...), win=Window(...))
6.3066 	EXP 	Created idle = TextStim(__class__=<class 'psychopy.visual.text.TextStim'>, alignHoriz='center', alignVert='center', antialias=True, autoLog=True, bold=False, color='white', colorSpace='named', contrast=1.0, depth=-1.0, flipHoriz=False, flipVert=False, font='Arial', fontFiles=[], height=0.03, italic=False, languageStyle='LTR', name='idle', opacity=1.0, ori=0, pos=array([0., 0.]), rgb=array([255., 255., 255.]), text='found', units='height', win=Window(...), wrapWidth=1)
6.3118 	EXP 	Created idle_2 = TextStim(__class__=<class 'psychopy.visual.text.TextStim'>, alignHoriz='center', alignVert='center', antialias=True, autoLog=True, bold=False, color='white', colorSpace='named', contrast=1.0, depth=-2.0, flipHoriz=False, flipVert=False, font='Arial', fontFiles=[], height=0.03, italic=False, languageStyle='LTR', name='idle_2', opacity=1.0, ori=0, pos=array([0., 0.]), rgb=array([255., 255., 255.]), text='init proc     ', units='height', win=Window(...), wrapWidth=1)
6.3207 	EXP 	Created idle_3 = TextStim(__class__=<class 'psychopy.visual.text.TextStim'>, alignHoriz='center', alignVert='center', antialias=True, autoLog=True, bold=False, color='white', colorSpace='named', contrast=1.0, depth=-3.0, flipHoriz=False, flipVert=False, font='Arial', fontFiles=[], height=0.03, italic=False, languageStyle='LTR', name='idle_3', opacity=1.0, ori=0, pos=array([0., 0.]), rgb=array([255., 255., 255.]), text='init proc 2141', units='height', win=Window(...), wrapWidth=1)
6.3276 	EXP 	Created idle_4 = TextStim(__class__=<class 'psychopy.visual.text.TextStim'>, alignHoriz='center', alignVert='center', antialias=True, autoLog=True, bold=False, color='white', colorSpace='named', contrast=1.0, depth=-4.0, flipHoriz=False, flipVert=False, font='Arial', fontFiles=[], height=0.03, italic=False, languageStyle='LTR', name='idle_4', opacity=1.0, ori=0, pos=array([0., 0.]), rgb=array([255., 255., 255.]), text='init proc 2215', units='height', win=Window(...), wrapWidth=1)
6.3351 	EXP 	Created idle_5 = TextStim(__class__=<class 'psychopy.visual.text.TextStim'>, alignHoriz='center', alignVert='center', antialias=True, autoLog=True, bold=False, color='white', colorSpace='named', contrast=1.0, depth=-5.0, flipHoriz=False, flipVert=False, font='Arial', fontFiles=[], height=0.03, italic=False, languageStyle='LTR', name='idle_5', opacity=1.0, ori=0, pos=array([0., 0.]), rgb=array([255., 255., 255.]), text='init proc 3229', units='height', win=Window(...), wrapWidth=1)
6.3403 	EXP 	Created idle_6 = TextStim(__class__=<class 'psychopy.visual.text.TextStim'>, alignHoriz='center', alignVert='center', antialias=True, autoLog=True, bold=False, color='white', colorSpace='named', contrast=1.0, depth=-6.0, flipHoriz=False, flipVert=False, font='Arial', fontFiles=[], height=0.03, italic=False, languageStyle='LTR', name='idle_6', opacity=1.0, ori=0, pos=array([0., 0.]), rgb=array([255., 255., 255.]), text='init proc 4325', units='height', win=Window(...), wrapWidth=1)
6.3469 	EXP 	Created idle_7 = TextStim(__class__=<class 'psychopy.visual.text.TextStim'>, alignHoriz='center', alignVert='center', antialias=True, autoLog=True, bold=False, color='white', colorSpace='named', contrast=1.0, depth=-7.0, flipHoriz=False, flipVert=False, font='Arial', fontFiles=[], height=0.03, italic=False, languageStyle='LTR', name='idle_7', opacity=1.0, ori=0, pos=array([0., 0.]), rgb=array([255., 255., 255.]), text='init proc 1337', units='height', win=Window(...), wrapWidth=1)
6.3521 	EXP 	Created ilde_8 = TextStim(__class__=<class 'psychopy.visual.text.TextStim'>, alignHoriz='center', alignVert='center', antialias=True, autoLog=True, bold=False, color='white', colorSpace='named', contrast=1.0, depth=-8.0, flipHoriz=False, flipVert=False, font='Arial', fontFiles=[], height=0.03, italic=False, languageStyle='LTR', name='ilde_8', opacity=1.0, ori=0, pos=array([0., 0.]), rgb=array([255., 255., 255.]), text='buffering      ', units='height', win=Window(...), wrapWidth=1)
6.3573 	EXP 	Created idle_9 = TextStim(__class__=<class 'psychopy.visual.text.TextStim'>, alignHoriz='center', alignVert='center', antialias=True, autoLog=True, bold=False, color='white', colorSpace='named', contrast=1.0, depth=-9.0, flipHoriz=False, flipVert=False, font='Arial', fontFiles=[], height=0.03, italic=False, languageStyle='LTR', name='idle_9', opacity=1.0, ori=0, pos=array([0., 0.]), rgb=array([255., 255., 255.]), text='buffering .    ', units='height', win=Window(...), wrapWidth=1)
6.3621 	EXP 	Created idle_10 = TextStim(__class__=<class 'psychopy.visual.text.TextStim'>, alignHoriz='center', alignVert='center', antialias=True, autoLog=True, bold=False, color='white', colorSpace='named', contrast=1.0, depth=-10.0, flipHoriz=False, flipVert=False, font='Arial', fontFiles=[], height=0.03, italic=False, languageStyle='LTR', name='idle_10', opacity=1.0, ori=0, pos=array([0., 0.]), rgb=array([255., 255., 255.]), text='buffering . .  ', units='height', win=Window(...), wrapWidth=1)
6.3674 	EXP 	Created idle_11 = TextStim(__class__=<class 'psychopy.visual.text.TextStim'>, alignHoriz='center', alignVert='center', antialias=True, autoLog=True, bold=False, color='white', colorSpace='named', contrast=1.0, depth=-11.0, flipHoriz=False, flipVert=False, font='Arial', fontFiles=[], height=0.03, italic=False, languageStyle='LTR', name='idle_11', opacity=1.0, ori=0, pos=array([0., 0.]), rgb=array([255., 255., 255.]), text='buffering . . .', units='height', win=Window(...), wrapWidth=1)
6.3767 	EXP 	Created idle_12 = TextStim(__class__=<class 'psychopy.visual.text.TextStim'>, alignHoriz='center', alignVert='center', antialias=True, autoLog=True, bold=False, color='white', colorSpace='named', contrast=1.0, depth=-12.0, flipHoriz=False, flipVert=False, font='Arial', fontFiles=[], height=0.03, italic=False, languageStyle='LTR', name='idle_12', opacity=1.0, ori=0, pos=array([0., 0.]), rgb=array([255., 255., 255.]), text='run /serv/234_1/sd connect', units='height', win=Window(...), wrapWidth=1)
6.3782 	EXP 	Created cB_6 = Rect(__class__=<class 'psychopy.visual.rect.Rect'>, autoDraw=False, autoLog=True, closeShape=True, color=method-wrapper(...), colorSpace=None, contrast=1.0, depth=0.0, fillColor=array([-1., -1., -1.]), fillColorSpace='rgb', fillRGB=array([-1., -1., -1.]), interpolate=True, lineColor=array([1., 1., 1.]), lineColorSpace='rgb', lineRGB=array([1., 1., 1.]), lineWidth=1, name='cB_6', opacity=1.0, ori=array(0.), pos=array([0., 0.]), size=array([1., 1.]), units='height', vertices=ndarray(...), win=Window(...))
6.4085 	EXP 	Created sBInstructions = TextStim(__class__=<class 'psychopy.visual.text.TextStim'>, alignHoriz='center', alignVert='center', antialias=True, autoLog=True, bold=False, color='white', colorSpace='named', contrast=1.0, depth=-1.0, flipHoriz=False, flipVert=False, font='Arial', fontFiles=[], height=0.03, italic=False, languageStyle='LTR', name='sBInstructions', opacity=1.0, ori=0, pos=array([0., 0.]), rgb=array([255., 255., 255.]), text=str(...), units='height', win=Window(...), wrapWidth=1)
6.4100 	EXP 	Created cB_8 = Rect(__class__=<class 'psychopy.visual.rect.Rect'>, autoDraw=False, autoLog=True, closeShape=True, color=method-wrapper(...), colorSpace=None, contrast=1.0, depth=0.0, fillColor=array([-1., -1., -1.]), fillColorSpace='rgb', fillRGB=array([-1., -1., -1.]), interpolate=True, lineColor=array([1., 1., 1.]), lineColorSpace='rgb', lineRGB=array([1., 1., 1.]), lineWidth=1, name='cB_8', opacity=1.0, ori=array(0.), pos=array([0., 0.]), size=array([1., 1.]), units='height', vertices=ndarray(...), win=Window(...))
6.4254 	EXP 	Created text = TextStim(__class__=<class 'psychopy.visual.text.TextStim'>, alignHoriz='center', alignVert='center', antialias=True, autoLog=True, bold=False, color='white', colorSpace='named', contrast=1.0, depth=-1.0, flipHoriz=False, flipVert=False, font='Arial', fontFiles=[], height=0.05, italic=False, languageStyle='LTR', name='text', opacity=1.0, ori=0, pos=array([0., 0.]), rgb=array([255., 255., 255.]), text='default text', units='height', win=Window(...), wrapWidth=1)
6.4309 	EXP 	Created imagesbRnd = ImageStim(__class__=<class 'psychopy.visual.image.ImageStim'>, autoLog=True, color=array([1., 1., 1.]), colorSpace='rgb', contrast=1.0, depth=-2.0, flipHoriz=False, flipVert=False, image='sin', interpolate=True, mask=None, maskParams=None, name='imagesbRnd', opacity=1.0, ori=0.0, pos=array([0.  , 0.25]), size=array([0.2, 0.2]), texRes=128, units='height', win=Window(...))
6.4953 	EXP 	Created Slider = RatingScale(__class__=type(...), acceptKeys=['return'], acceptPreText=UNKNOWN, acceptSize=UNKNOWN, acceptText='accept?', autoLog=True, choices=list(...), depth=0, disappear=False, flipVert=False, high=10, kwargs=UNKNOWN, labels=list(...), leftKeys=['left'], lineColor='White', low=0, marker=ShapeStim(...), markerColor='DarkBlue', markerExpansion=UNKNOWN, markerStart=5.0, maxTime=0.0, minTime=0.4, mouseOnly=False, name='Slider', noMouse=False, pos=[0.0, -0.4], precision=1, respKeys=[], rightKeys=['right'], scale='<default>', self=UNKNOWN, showAccept=True, showValue=True, singleClick=False, size=0.6, skipKeys=['tab'], stretch=1.0, textColor='LightGray', textFont='Helvetica Bold', textSize=0.12, tickHeight=-1, tickMarks=10.0, win=Window(...))
6.4968 	EXP 	Created cB_9 = Rect(__class__=<class 'psychopy.visual.rect.Rect'>, autoDraw=False, autoLog=True, closeShape=True, color=method-wrapper(...), colorSpace=None, contrast=1.0, depth=0.0, fillColor=array([-1., -1., -1.]), fillColorSpace='rgb', fillRGB=array([-1., -1., -1.]), interpolate=True, lineColor=array([1., 1., 1.]), lineColorSpace='rgb', lineRGB=array([1., 1., 1.]), lineWidth=1, name='cB_9', opacity=1.0, ori=array(0.), pos=array([0., 0.]), size=array([1., 1.]), units='height', vertices=ndarray(...), win=Window(...))
6.4982 	EXP 	Created cbFb = Rect(__class__=<class 'psychopy.visual.rect.Rect'>, autoDraw=False, autoLog=True, closeShape=True, color=method-wrapper(...), colorSpace=None, contrast=1.0, depth=-1.0, fillColor=array([-1., -1., -1.]), fillColorSpace='rgb', fillRGB=array([-1., -1., -1.]), interpolate=True, lineColor=array([1., 1., 1.]), lineColorSpace='rgb', lineRGB=array([1., 1., 1.]), lineWidth=1, name='cbFb', opacity=1.0, ori=array(0.), pos=array([0., 0.]), size=array([1., 1.]), units='height', vertices=ndarray(...), win=Window(...))
6.5043 	EXP 	Created textFb = TextStim(__class__=<class 'psychopy.visual.text.TextStim'>, alignHoriz='center', alignVert='center', antialias=True, autoLog=True, bold=False, color='white', colorSpace='named', contrast=1.0, depth=-2.0, flipHoriz=False, flipVert=False, font='Arial', fontFiles=[], height=0.03, italic=False, languageStyle='LTR', name='textFb', opacity=1.0, ori=0, pos=array([0., 0.]), rgb=array([255., 255., 255.]), text='default text', units='height', win=Window(...), wrapWidth=1)
6.5057 	EXP 	Created cbBuf = Rect(__class__=<class 'psychopy.visual.rect.Rect'>, autoDraw=False, autoLog=True, closeShape=True, color=method-wrapper(...), colorSpace=None, contrast=1.0, depth=0.0, fillColor=array([-1., -1., -1.]), fillColorSpace='rgb', fillRGB=array([-1., -1., -1.]), interpolate=True, lineColor=array([1., 1., 1.]), lineColorSpace='rgb', lineRGB=array([1., 1., 1.]), lineWidth=1, name='cbBuf', opacity=1.0, ori=array(0.), pos=array([0., 0.]), size=array([1., 1.]), units='height', vertices=ndarray(...), win=Window(...))
6.5075 	EXP 	Created fixCross = ShapeStim(__class__=<class 'psychopy.visual.shape.ShapeStim'>, autoDraw=False, autoLog=True, closeShape=True, contrast=1.0, depth=-1.0, fillColor=array([1., 1., 1.]), fillColorSpace='rgb', interpolate=True, lineColor=array([1., 1., 1.]), lineColorSpace='rgb', lineWidth=1, name='fixCross', opacity=1.0, ori=array(0.), pos=array([0., 0.]), size=array([0.1, 0.1]), units='height', vertices=ndarray(...), win=Window(...), windingRule=None)
6.5089 	EXP 	Created cB_11 = Rect(__class__=<class 'psychopy.visual.rect.Rect'>, autoDraw=False, autoLog=True, closeShape=True, color=method-wrapper(...), colorSpace=None, contrast=1.0, depth=0.0, fillColor=array([-1., -1., -1.]), fillColorSpace='rgb', fillRGB=array([-1., -1., -1.]), interpolate=True, lineColor=array([1., 1., 1.]), lineColorSpace='rgb', lineRGB=array([1., 1., 1.]), lineWidth=1, name='cB_11', opacity=1.0, ori=array(0.), pos=array([0., 0.]), size=array([1., 1.]), units='height', vertices=ndarray(...), win=Window(...))
6.5278 	EXP 	Created rating = RatingScale(__class__=type(...), acceptKeys=['return'], acceptPreText=UNKNOWN, acceptSize=UNKNOWN, acceptText='accept?', autoLog=True, choices=False, depth=0, disappear=False, flipVert=False, high=7, kwargs=UNKNOWN, labels=list(...), leftKeys=['left'], lineColor='White', low=1, marker=ShapeStim(...), markerColor='DarkBlue', markerExpansion=UNKNOWN, markerStart=None, maxTime=0.0, minTime=0.4, mouseOnly=False, name='rating', noMouse=False, pos=[0.0, -0.4], precision=1, respKeys=['1', '2', '3', '4', '5', '6', '7'], rightKeys=['right'], scale='', self=UNKNOWN, showAccept=True, showValue=True, singleClick=False, size=0.6, skipKeys=['tab'], stretch=1.0, textColor='LightGray', textFont='Helvetica Bold', textSize=0.12, tickHeight=1.0, tickMarks=6.0, win=Window(...))
6.5292 	EXP 	Created cB_8 = Rect(__class__=<class 'psychopy.visual.rect.Rect'>, autoDraw=False, autoLog=True, closeShape=True, color=method-wrapper(...), colorSpace=None, contrast=1.0, depth=0.0, fillColor=array([-1., -1., -1.]), fillColorSpace='rgb', fillRGB=array([-1., -1., -1.]), interpolate=True, lineColor=array([1., 1., 1.]), lineColorSpace='rgb', lineRGB=array([1., 1., 1.]), lineWidth=1, name='cB_8', opacity=1.0, ori=array(0.), pos=array([0., 0.]), size=array([1., 1.]), units='height', vertices=ndarray(...), win=Window(...))
6.5349 	EXP 	Created text = TextStim(__class__=<class 'psychopy.visual.text.TextStim'>, alignHoriz='center', alignVert='center', antialias=True, autoLog=True, bold=False, color='white', colorSpace='named', contrast=1.0, depth=-1.0, flipHoriz=False, flipVert=False, font='Arial', fontFiles=[], height=0.05, italic=False, languageStyle='LTR', name='text', opacity=1.0, ori=0, pos=array([0., 0.]), rgb=array([255., 255., 255.]), text='default text', units='height', win=Window(...), wrapWidth=1)
6.5370 	EXP 	Created imagesbRnd = ImageStim(__class__=<class 'psychopy.visual.image.ImageStim'>, autoLog=True, color=array([1., 1., 1.]), colorSpace='rgb', contrast=1.0, depth=-2.0, flipHoriz=False, flipVert=False, image='sin', interpolate=True, mask=None, maskParams=None, name='imagesbRnd', opacity=1.0, ori=0.0, pos=array([0.  , 0.25]), size=array([0.2, 0.2]), texRes=128, units='height', win=Window(...))
6.5736 	EXP 	Created Slider = RatingScale(__class__=type(...), acceptKeys=['return'], acceptPreText=UNKNOWN, acceptSize=UNKNOWN, acceptText='accept?', autoLog=True, choices=list(...), depth=0, disappear=False, flipVert=False, high=10, kwargs=UNKNOWN, labels=list(...), leftKeys=['left'], lineColor='White', low=0, marker=ShapeStim(...), markerColor='DarkBlue', markerExpansion=UNKNOWN, markerStart=5.0, maxTime=0.0, minTime=0.4, mouseOnly=False, name='Slider', noMouse=False, pos=[0.0, -0.4], precision=1, respKeys=[], rightKeys=['right'], scale='<default>', self=UNKNOWN, showAccept=True, showValue=True, singleClick=False, size=0.6, skipKeys=['tab'], stretch=1.0, textColor='LightGray', textFont='Helvetica Bold', textSize=0.12, tickHeight=-1, tickMarks=10.0, win=Window(...))
6.5752 	EXP 	Created cB_9 = Rect(__class__=<class 'psychopy.visual.rect.Rect'>, autoDraw=False, autoLog=True, closeShape=True, color=method-wrapper(...), colorSpace=None, contrast=1.0, depth=0.0, fillColor=array([-1., -1., -1.]), fillColorSpace='rgb', fillRGB=array([-1., -1., -1.]), interpolate=True, lineColor=array([1., 1., 1.]), lineColorSpace='rgb', lineRGB=array([1., 1., 1.]), lineWidth=1, name='cB_9', opacity=1.0, ori=array(0.), pos=array([0., 0.]), size=array([1., 1.]), units='height', vertices=ndarray(...), win=Window(...))
6.5766 	EXP 	Created cbFb = Rect(__class__=<class 'psychopy.visual.rect.Rect'>, autoDraw=False, autoLog=True, closeShape=True, color=method-wrapper(...), colorSpace=None, contrast=1.0, depth=-1.0, fillColor=array([-1., -1., -1.]), fillColorSpace='rgb', fillRGB=array([-1., -1., -1.]), interpolate=True, lineColor=array([1., 1., 1.]), lineColorSpace='rgb', lineRGB=array([1., 1., 1.]), lineWidth=1, name='cbFb', opacity=1.0, ori=array(0.), pos=array([0., 0.]), size=array([1., 1.]), units='height', vertices=ndarray(...), win=Window(...))
6.5824 	EXP 	Created textFb = TextStim(__class__=<class 'psychopy.visual.text.TextStim'>, alignHoriz='center', alignVert='center', antialias=True, autoLog=True, bold=False, color='white', colorSpace='named', contrast=1.0, depth=-2.0, flipHoriz=False, flipVert=False, font='Arial', fontFiles=[], height=0.03, italic=False, languageStyle='LTR', name='textFb', opacity=1.0, ori=0, pos=array([0., 0.]), rgb=array([255., 255., 255.]), text='default text', units='height', win=Window(...), wrapWidth=1)
6.5840 	EXP 	Created cbBuf = Rect(__class__=<class 'psychopy.visual.rect.Rect'>, autoDraw=False, autoLog=True, closeShape=True, color=method-wrapper(...), colorSpace=None, contrast=1.0, depth=0.0, fillColor=array([-1., -1., -1.]), fillColorSpace='rgb', fillRGB=array([-1., -1., -1.]), interpolate=True, lineColor=array([1., 1., 1.]), lineColorSpace='rgb', lineRGB=array([1., 1., 1.]), lineWidth=1, name='cbBuf', opacity=1.0, ori=array(0.), pos=array([0., 0.]), size=array([1., 1.]), units='height', vertices=ndarray(...), win=Window(...))
6.5857 	EXP 	Created fixCross = ShapeStim(__class__=<class 'psychopy.visual.shape.ShapeStim'>, autoDraw=False, autoLog=True, closeShape=True, contrast=1.0, depth=-1.0, fillColor=array([1., 1., 1.]), fillColorSpace='rgb', interpolate=True, lineColor=array([1., 1., 1.]), lineColorSpace='rgb', lineWidth=1, name='fixCross', opacity=1.0, ori=array(0.), pos=array([0., 0.]), size=array([0.1, 0.1]), units='height', vertices=ndarray(...), win=Window(...), windingRule=None)
6.5871 	EXP 	Created cB_10 = Rect(__class__=<class 'psychopy.visual.rect.Rect'>, autoDraw=False, autoLog=True, closeShape=True, color=method-wrapper(...), colorSpace=None, contrast=1.0, depth=0.0, fillColor=array([-1., -1., -1.]), fillColorSpace='rgb', fillRGB=array([-1., -1., -1.]), interpolate=True, lineColor=array([1., 1., 1.]), lineColorSpace='rgb', lineRGB=array([1., 1., 1.]), lineWidth=1, name='cB_10', opacity=1.0, ori=array(0.), pos=array([0., 0.]), size=array([1., 1.]), units='height', vertices=ndarray(...), win=Window(...))
6.6665 	EXP 	Created sbEndText = TextStim(__class__=<class 'psychopy.visual.text.TextStim'>, alignHoriz='center', alignVert='center', antialias=True, autoLog=True, bold=False, color='white', colorSpace='named', contrast=1.0, depth=-1.0, flipHoriz=False, flipVert=False, font='Arial', fontFiles=[], height=0.1, italic=False, languageStyle='LTR', name='sbEndText', opacity=1.0, ori=0, pos=array([0., 0.]), rgb=array([255., 255., 255.]), text=str(...), units='height', win=Window(...), wrapWidth=1)
6.6790 	EXP 	Slider: flipVert = False
6.6790 	EXP 	Slider: autoLog = True
6.6790 	EXP 	rating: flipVert = False
6.6790 	EXP 	rating: autoLog = True
6.6790 	EXP 	Slider: flipVert = False
6.6790 	EXP 	Slider: autoLog = True
6.6790 	EXP 	cB_1: autoDraw = True
6.6790 	EXP 	textWelcome: autoDraw = True
7.0878 	DATA 	Keypress: 1
7.1042 	EXP 	cB_1: autoDraw = False
7.1042 	EXP 	textWelcome: autoDraw = False
7.1042 	EXP 	cB_2: autoDraw = True
7.1042 	EXP 	textInstructions: autoDraw = True
7.3603 	DATA 	Keypress: 1
7.3768 	EXP 	cB_2: autoDraw = False
7.3768 	EXP 	textInstructions: autoDraw = False
7.3768 	EXP 	cB_3: autoDraw = True
7.3768 	EXP 	textServer: autoDraw = True
7.5313 	DATA 	Keypress: 1
7.5320 	EXP 	Created sequence: random, trialTypes=1, nReps=1, seed=None
7.5322 	EXP 	New trial (rep=0, index=0): None
7.5479 	EXP 	cB_3: autoDraw = False
7.5479 	EXP 	textServer: autoDraw = False
7.5479 	EXP 	cB_4: autoDraw = True
7.5479 	EXP 	text_1: autoDraw = True
7.7361 	DATA 	Keypress: 1
8.5206 	EXP 	text_2: autoDraw = True
8.5545 	EXP 	text_1: autoDraw = False
9.0172 	EXP 	text_3: autoDraw = True
9.0346 	EXP 	text_2: autoDraw = False
9.5284 	EXP 	text_3: autoDraw = False
9.5284 	EXP 	text_4: autoDraw = True
10.0412 	EXP 	text_4: autoDraw = False
10.0580 	EXP 	cB_4: autoDraw = False
10.0580 	EXP 	text_1: autoDraw = False
10.0580 	EXP 	text_2: autoDraw = False
10.0580 	EXP 	text_3: autoDraw = False
10.0580 	EXP 	text_4: autoDraw = False
10.0580 	EXP 	cB_5: autoDraw = True
10.2280 	EXP 	idle: autoDraw = True
10.5350 	EXP 	idle: autoDraw = False
10.5350 	EXP 	idle_2: autoDraw = True
10.7384 	EXP 	idle_2: autoDraw = False
10.7384 	EXP 	idle_3: autoDraw = True
10.8406 	EXP 	idle_3: autoDraw = False
10.8406 	EXP 	idle_4: autoDraw = True
10.9770 	EXP 	idle_4: autoDraw = False
10.9770 	EXP 	idle_5: autoDraw = True
11.1304 	EXP 	idle_5: autoDraw = False
11.1304 	EXP 	idle_6: autoDraw = True
11.2851 	EXP 	idle_6: autoDraw = False
11.2851 	EXP 	idle_7: autoDraw = True
11.3869 	EXP 	idle_7: autoDraw = False
11.3869 	EXP 	ilde_8: autoDraw = True
11.8806 	EXP 	ilde_8: autoDraw = False
11.8806 	EXP 	idle_9: autoDraw = True
12.3778 	EXP 	idle_10: autoDraw = True
12.3947 	EXP 	idle_9: autoDraw = False
12.8900 	EXP 	idle_10: autoDraw = False
12.8900 	EXP 	idle_11: autoDraw = True
13.3844 	EXP 	idle_12: autoDraw = True
13.4013 	EXP 	idle_11: autoDraw = False
13.5385 	EXP 	idle_12: autoDraw = False
14.0516 	EXP 	cB_5: autoDraw = False
14.0516 	EXP 	idle: autoDraw = False
14.0516 	EXP 	idle_2: autoDraw = False
14.0516 	EXP 	idle_3: autoDraw = False
14.0516 	EXP 	idle_4: autoDraw = False
14.0516 	EXP 	idle_5: autoDraw = False
14.0516 	EXP 	idle_6: autoDraw = False
14.0516 	EXP 	idle_7: autoDraw = False
14.0516 	EXP 	ilde_8: autoDraw = False
14.0516 	EXP 	idle_9: autoDraw = False
14.0516 	EXP 	idle_10: autoDraw = False
14.0516 	EXP 	idle_11: autoDraw = False
14.0516 	EXP 	idle_12: autoDraw = False
14.0516 	EXP 	cB_6: autoDraw = True
14.2236 	EXP 	sBInstructions: autoDraw = True
14.5304 	DATA 	Keypress: 1
14.5741 	EXP 	Imported contitions.xlsx as conditions, 19 conditions, 5 params
14.5745 	EXP 	Created sequence: random, trialTypes=19, nReps=2, seed=None
14.5748 	EXP 	New trial (rep=0, index=0): OrderedDict([('playerId', 'Lukas'), ('avatarFile', 'images/avatar2.jpg'), ('choiceLabel', 'keep the investment'), ('actionLabel', 0), ('actionRound', 1)])
14.5954 	EXP 	Imported contitions.xlsx as conditions, 1 conditions, 5 params
14.5957 	EXP 	Created sequence: random, trialTypes=1, nReps=1, seed=None
14.5961 	EXP 	New trial (rep=0, index=0): OrderedDict([('playerId', 'Paul'), ('avatarFile', 'images/avatar1.jpg'), ('choiceLabel', 'reciprocate'), ('actionLabel', 1), ('actionRound', 1)])
14.6994 	EXP 	RatingScale Slider: reset()
14.7337 	EXP 	cB_6: autoDraw = False
14.7337 	EXP 	sBInstructions: autoDraw = False
14.7337 	EXP 	text: text = 'This round you are playing with Paul!'
14.7337 	EXP 	imagesbRnd: image = 'images/avatar1.jpg'
14.7337 	EXP 	cB_8: autoDraw = True
14.7337 	EXP 	text: autoDraw = True
14.7337 	EXP 	imagesbRnd: autoDraw = True
14.7337 	EXP 	Slider: autoDraw = True
15.4342 	DATA 	Keypress: right
15.8969 	DATA 	Keypress: return
15.8971 	DATA 	RatingScale Slider: (key response) rating=6
15.8971 	DATA 	RatingScale Slider: rating RT=1.197
15.8971 	DATA 	RatingScale Slider: history=[('5', 0.0), ('6', 0.737), ('6', 1.197)]
15.9270 	EXP 	cB_8: autoDraw = False
15.9270 	EXP 	text: autoDraw = False
15.9270 	EXP 	imagesbRnd: autoDraw = False
15.9270 	EXP 	Slider: autoDraw = False
15.9270 	EXP 	cB_9: autoDraw = True
16.4548 	EXP 	cB_9: autoDraw = False
16.4548 	EXP 	textFb: text = 'Paul has decided to reciprocate \nYou receive 6 credits'
16.4548 	EXP 	cbFb: autoDraw = True
16.4548 	EXP 	textFb: autoDraw = True
18.4342 	EXP 	cbFb: autoDraw = False
18.4342 	EXP 	textFb: autoDraw = False
18.4342 	EXP 	cbBuf: autoDraw = True
18.6057 	EXP 	fixCross: autoDraw = True
19.1178 	EXP 	fixCross: autoDraw = False
19.3369 	EXP 	Imported sliders.xlsx as conditions, 6 conditions, 6 params
19.3372 	EXP 	Created sequence: random, trialTypes=6, nReps=1, seed=None
19.3376 	EXP 	New trial (rep=0, index=0): OrderedDict([('sliderID', 6), ('sliderText', 'How activated are you right now?'), ('sliderLabels', 'low, high'), ('sliderMin', 1), ('sliderMax', 7), ('sliderChoices', '1 2 3 4 5 6 7')])
19.3725 	EXP 	Created rating = RatingScale(__class__=type(...), acceptKeys=['return'], acceptPreText=UNKNOWN, acceptSize=UNKNOWN, acceptText='accept?', autoLog=True, choices=False, depth=0, disappear=False, flipVert=False, high=7, kwargs=UNKNOWN, labels=list(...), leftKeys=['left'], lineColor='White', low=1, marker=ShapeStim(...), markerColor='DarkRed', markerExpansion=UNKNOWN, markerStart=4.0, maxTime=0.0, minTime=0.4, mouseOnly=False, name='rating', noMouse=False, pos=[0.0, -0.2], precision=1, respKeys=['1', '2', '3', '4', '5', '6', '7'], rightKeys=['right'], scale='How activated are you right now?', self=UNKNOWN, showAccept=True, showValue=True, singleClick=False, size=0.6, skipKeys=['tab'], stretch=1.0, textColor='LightGray', textFont='Helvetica Bold', textSize=0.12, tickHeight=-1, tickMarks=6.0, win=Window(...))
19.3735 	EXP 	RatingScale rating: reset()
19.3922 	EXP 	cbBuf: autoDraw = False
19.3922 	EXP 	fixCross: autoDraw = False
19.3922 	EXP 	rating: flipVert = False
19.3922 	EXP 	rating: autoLog = True
19.3922 	EXP 	cB_11: autoDraw = True
19.3922 	EXP 	rating: autoDraw = True
21.9083 	DATA 	Keypress: left
22.7446 	DATA 	Keypress: left
23.6825 	DATA 	Keypress: right
23.8509 	DATA 	Keypress: right
24.0048 	DATA 	Keypress: right
24.1601 	DATA 	Keypress: right
24.9085 	DATA 	Keypress: return
24.9109 	DATA 	RatingScale rating: (key response) rating=6
24.9110 	DATA 	RatingScale rating: rating RT=5.537
24.9110 	DATA 	RatingScale rating: history=[(4.0, 0.0), (3, 2.536), (2, 3.373), (3, 4.311), (4, 4.479), (5, 4.633), (6, 4.786), (6, 5.537)]
24.9267 	EXP 	New trial (rep=0, index=1): OrderedDict([('sliderID', 5), ('sliderText', 'How do you feel?'), ('sliderLabels', 'negative, positive'), ('sliderMin', 1), ('sliderMax', 7), ('sliderChoices', '1 2 3 4 5 6 7')])
24.9512 	EXP 	Created rating = RatingScale(__class__=type(...), acceptKeys=['return'], acceptPreText=UNKNOWN, acceptSize=UNKNOWN, acceptText='accept?', autoLog=True, choices=False, depth=0, disappear=False, flipVert=False, high=7, kwargs=UNKNOWN, labels=list(...), leftKeys=['left'], lineColor='White', low=1, marker=ShapeStim(...), markerColor='DarkRed', markerExpansion=UNKNOWN, markerStart=4.0, maxTime=0.0, minTime=0.4, mouseOnly=False, name='rating', noMouse=False, pos=[0.0, -0.2], precision=1, respKeys=['1', '2', '3', '4', '5', '6', '7'], rightKeys=['right'], scale='How do you feel?', self=UNKNOWN, showAccept=True, showValue=True, singleClick=False, size=0.6, skipKeys=['tab'], stretch=1.0, textColor='LightGray', textFont='Helvetica Bold', textSize=0.12, tickHeight=-1, tickMarks=6.0, win=Window(...))
24.9521 	EXP 	RatingScale rating: reset()
24.9762 	EXP 	cB_11: autoDraw = False
24.9762 	EXP 	rating: autoDraw = False
24.9762 	EXP 	rating: flipVert = False
24.9762 	EXP 	rating: autoLog = True
24.9762 	EXP 	cB_11: autoDraw = True
24.9762 	EXP 	rating: autoDraw = True
25.6415 	DATA 	Keypress: left
25.8298 	DATA 	Keypress: left
26.3910 	DATA 	Keypress: return
26.3933 	DATA 	RatingScale rating: (key response) rating=2
26.3934 	DATA 	RatingScale rating: rating RT=1.441
26.3934 	DATA 	RatingScale rating: history=[(4.0, 0.0), (3, 0.691), (2, 0.879), (2, 1.441)]
26.4087 	EXP 	New trial (rep=0, index=2): OrderedDict([('sliderID', 4), ('sliderText', 'How much do you want to continue playing with Lukas?'), ('sliderLabels', 'not at all, very much'), ('sliderMin', 1), ('sliderMax', 7), ('sliderChoices', '1 2 3 4 5 6 7')])
26.4397 	EXP 	Created rating = RatingScale(__class__=type(...), acceptKeys=['return'], acceptPreText=UNKNOWN, acceptSize=UNKNOWN, acceptText='accept?', autoLog=True, choices=False, depth=0, disappear=False, flipVert=False, high=7, kwargs=UNKNOWN, labels=list(...), leftKeys=['left'], lineColor='White', low=1, marker=ShapeStim(...), markerColor='DarkRed', markerExpansion=UNKNOWN, markerStart=4.0, maxTime=0.0, minTime=0.4, mouseOnly=False, name='rating', noMouse=False, pos=[0.0, -0.2], precision=1, respKeys=['1', '2', '3', '4', '5', '6', '7'], rightKeys=['right'], scale=str(...), self=UNKNOWN, showAccept=True, showValue=True, singleClick=False, size=0.6, skipKeys=['tab'], stretch=1.0, textColor='LightGray', textFont='Helvetica Bold', textSize=0.12, tickHeight=-1, tickMarks=6.0, win=Window(...))
26.4406 	EXP 	RatingScale rating: reset()
26.4587 	EXP 	cB_11: autoDraw = False
26.4587 	EXP 	rating: autoDraw = False
26.4587 	EXP 	rating: flipVert = False
26.4587 	EXP 	rating: autoLog = True
26.4587 	EXP 	cB_11: autoDraw = True
26.4587 	EXP 	rating: autoDraw = True
27.4313 	DATA 	Keypress: right
27.6855 	DATA 	Keypress: right
28.4684 	DATA 	Keypress: return
28.4708 	DATA 	RatingScale rating: (key response) rating=6
28.4708 	DATA 	RatingScale rating: rating RT=2.030
28.4708 	DATA 	RatingScale rating: history=[(4.0, 0.0), (5, 0.992), (6, 1.247), (6, 2.03)]
28.4855 	EXP 	New trial (rep=0, index=3): OrderedDict([('sliderID', 1), ('sliderText', 'How much do you like Paul?'), ('sliderLabels', 'not at all, very much'), ('sliderMin', 1), ('sliderMax', 7), ('sliderChoices', '1 2 3 4 5 6 7')])
28.5118 	EXP 	Created rating = RatingScale(__class__=type(...), acceptKeys=['return'], acceptPreText=UNKNOWN, acceptSize=UNKNOWN, acceptText='accept?', autoLog=True, choices=False, depth=0, disappear=False, flipVert=False, high=7, kwargs=UNKNOWN, labels=list(...), leftKeys=['left'], lineColor='White', low=1, marker=ShapeStim(...), markerColor='DarkRed', markerExpansion=UNKNOWN, markerStart=4.0, maxTime=0.0, minTime=0.4, mouseOnly=False, name='rating', noMouse=False, pos=[0.0, -0.2], precision=1, respKeys=['1', '2', '3', '4', '5', '6', '7'], rightKeys=['right'], scale='How much do you like Paul?', self=UNKNOWN, showAccept=True, showValue=True, singleClick=False, size=0.6, skipKeys=['tab'], stretch=1.0, textColor='LightGray', textFont='Helvetica Bold', textSize=0.12, tickHeight=-1, tickMarks=6.0, win=Window(...))
28.5127 	EXP 	RatingScale rating: reset()
28.5361 	EXP 	cB_11: autoDraw = False
28.5361 	EXP 	rating: autoDraw = False
28.5361 	EXP 	rating: flipVert = False
28.5361 	EXP 	rating: autoLog = True
28.5361 	EXP 	cB_11: autoDraw = True
28.5361 	EXP 	rating: autoDraw = True
29.1689 	DATA 	Keypress: right
29.3545 	DATA 	Keypress: right
29.8319 	DATA 	Keypress: return
29.8341 	DATA 	RatingScale rating: (key response) rating=6
29.8342 	DATA 	RatingScale rating: rating RT=1.321
29.8342 	DATA 	RatingScale rating: history=[(4.0, 0.0), (5, 0.673), (6, 0.844), (6, 1.321)]
29.8495 	EXP 	New trial (rep=0, index=4): OrderedDict([('sliderID', 2), ('sliderText', 'How much do you want to continue playing with Paul?'), ('sliderLabels', 'not at all, very much'), ('sliderMin', 1), ('sliderMax', 7), ('sliderChoices', '1 2 3 4 5 6 7')])
29.8769 	EXP 	Created rating = RatingScale(__class__=type(...), acceptKeys=['return'], acceptPreText=UNKNOWN, acceptSize=UNKNOWN, acceptText='accept?', autoLog=True, choices=False, depth=0, disappear=False, flipVert=False, high=7, kwargs=UNKNOWN, labels=list(...), leftKeys=['left'], lineColor='White', low=1, marker=ShapeStim(...), markerColor='DarkRed', markerExpansion=UNKNOWN, markerStart=4.0, maxTime=0.0, minTime=0.4, mouseOnly=False, name='rating', noMouse=False, pos=[0.0, -0.2], precision=1, respKeys=['1', '2', '3', '4', '5', '6', '7'], rightKeys=['right'], scale=str(...), self=UNKNOWN, showAccept=True, showValue=True, singleClick=False, size=0.6, skipKeys=['tab'], stretch=1.0, textColor='LightGray', textFont='Helvetica Bold', textSize=0.12, tickHeight=-1, tickMarks=6.0, win=Window(...))
29.8777 	EXP 	RatingScale rating: reset()
29.8994 	EXP 	cB_11: autoDraw = False
29.8994 	EXP 	rating: autoDraw = False
29.8994 	EXP 	rating: flipVert = False
29.8994 	EXP 	rating: autoLog = True
29.8994 	EXP 	cB_11: autoDraw = True
29.8994 	EXP 	rating: autoDraw = True
30.4971 	DATA 	Keypress: right
30.6851 	DATA 	Keypress: right
30.8553 	DATA 	Keypress: right
31.2150 	DATA 	Keypress: return
31.2152 	DATA 	RatingScale rating: (key response) rating=7
31.2152 	DATA 	RatingScale rating: rating RT=1.337
31.2152 	DATA 	RatingScale rating: history=[(4.0, 0.0), (5, 0.621), (6, 0.809), (7, 0.98), (7, 1.337)]
31.2304 	EXP 	New trial (rep=0, index=5): OrderedDict([('sliderID', 3), ('sliderText', 'How much do you like Lukas?'), ('sliderLabels', 'not at all, very much'), ('sliderMin', 1), ('sliderMax', 7), ('sliderChoices', '1 2 3 4 5 6 7')])
31.2556 	EXP 	Created rating = RatingScale(__class__=type(...), acceptKeys=['return'], acceptPreText=UNKNOWN, acceptSize=UNKNOWN, acceptText='accept?', autoLog=True, choices=False, depth=0, disappear=False, flipVert=False, high=7, kwargs=UNKNOWN, labels=list(...), leftKeys=['left'], lineColor='White', low=1, marker=ShapeStim(...), markerColor='DarkRed', markerExpansion=UNKNOWN, markerStart=4.0, maxTime=0.0, minTime=0.4, mouseOnly=False, name='rating', noMouse=False, pos=[0.0, -0.2], precision=1, respKeys=['1', '2', '3', '4', '5', '6', '7'], rightKeys=['right'], scale='How much do you like Lukas?', self=UNKNOWN, showAccept=True, showValue=True, singleClick=False, size=0.6, skipKeys=['tab'], stretch=1.0, textColor='LightGray', textFont='Helvetica Bold', textSize=0.12, tickHeight=-1, tickMarks=6.0, win=Window(...))
31.2565 	EXP 	RatingScale rating: reset()
31.2794 	EXP 	cB_11: autoDraw = False
31.2794 	EXP 	rating: autoDraw = False
31.2794 	EXP 	rating: flipVert = False
31.2794 	EXP 	rating: autoLog = True
31.2794 	EXP 	cB_11: autoDraw = True
31.2794 	EXP 	rating: autoDraw = True
32.1837 	DATA 	Keypress: left
32.5128 	DATA 	Keypress: return
32.5130 	DATA 	RatingScale rating: (key response) rating=3
32.5130 	DATA 	RatingScale rating: rating RT=1.256
32.5130 	DATA 	RatingScale rating: history=[(4.0, 0.0), (3, 0.928), (3, 1.256)]
32.5284 	EXP 	New trial (rep=0, index=1): OrderedDict([('playerId', 'Lukas'), ('avatarFile', 'images/avatar2.jpg'), ('choiceLabel', 'reciprocate'), ('actionLabel', 1), ('actionRound', 1)])
32.5531 	EXP 	Imported contitions.xlsx as conditions, 1 conditions, 5 params
32.5533 	EXP 	Created sequence: random, trialTypes=1, nReps=1, seed=None
32.5537 	EXP 	New trial (rep=0, index=0): OrderedDict([('playerId', 'Paul'), ('avatarFile', 'images/avatar1.jpg'), ('choiceLabel', 'reciprocate'), ('actionLabel', 1), ('actionRound', 1)])
32.6194 	EXP 	RatingScale Slider: reset()
32.6450 	EXP 	cB_11: autoDraw = False
32.6450 	EXP 	rating: autoDraw = False
32.6450 	EXP 	text: text = 'This round you are playing with Paul!'
32.6450 	EXP 	imagesbRnd: image = 'images/avatar1.jpg'
32.6450 	EXP 	cB_8: autoDraw = True
32.6450 	EXP 	text: autoDraw = True
32.6450 	EXP 	imagesbRnd: autoDraw = True
32.6450 	EXP 	Slider: autoDraw = True
34.3659 	DATA 	Keypress: escape
34.5590 	EXP 	window1: mouseVisible = True
