2.4607 	WARNING 	Import Error: No module named 'psychtoolbox'. Using event module for keyboard component.
5.9595 	WARNING 	User requested fullscreen with size [1024  768], but screen is actually [1680, 1050]. Using actual size
6.8864 	EXP 	Created window1 = Window(allowGUI=False, allowStencil=False, args=UNKNOWN, autoLog=True, bitsMode=UNKNOWN, blendMode='avg', color=array([0., 0., 0.]), colorSpace='rgb', fullscr=<method-wrapper '__getattribute__' of attributeSetter object at 0x0A310AF0>, gamma=None, gammaErrorPolicy='raise', kwargs=UNKNOWN, lms=UNKNOWN, monitor=<psychopy.monitors.calibTools.Monitor object at 0x07B0B7F0>, multiSample=False, name='window1', numSamples=2, pos=[0.0, 0.0], screen=0, size=array([1680, 1050]), stereo=False, units='height', useFBO=True, useRetina=False, viewOri=0.0, viewPos=None, viewScale=None, waitBlanking=True, winType='pyglet')
6.8864 	EXP 	window1: recordFrameIntervals = False
7.0566 	EXP 	window1: recordFrameIntervals = True
7.2444 	EXP 	window1: recordFrameIntervals = False
7.2467 	EXP 	Created cB_1 = Rect(__class__=<class 'psychopy.visual.rect.Rect'>, autoDraw=False, autoLog=True, closeShape=True, color=method-wrapper(...), colorSpace=None, contrast=1.0, depth=0.0, fillColor=array([-1., -1., -1.]), fillColorSpace='rgb', fillRGB=array([-1., -1., -1.]), interpolate=True, lineColor=array([1., 1., 1.]), lineColorSpace='rgb', lineRGB=array([1., 1., 1.]), lineWidth=1, name='cB_1', opacity=1.0, ori=array(0.), pos=array([0., 0.]), size=array([1., 1.]), units='height', vertices=ndarray(...), win=Window(...))
7.3910 	EXP 	Created textWelcome = TextStim(__class__=<class 'psychopy.visual.text.TextStim'>, alignHoriz='center', alignVert='center', antialias=True, autoLog=True, bold=False, color='white', colorSpace='named', contrast=1.0, depth=-1.0, flipHoriz=False, flipVert=False, font='Arial', fontFiles=[], height=0.05, italic=False, languageStyle='LTR', name='textWelcome', opacity=1.0, ori=0, pos=array([0., 0.]), rgb=array([255., 255., 255.]), text=str(...), units='height', win=Window(...), wrapWidth=1)
7.3925 	EXP 	Created cB_2 = Rect(__class__=<class 'psychopy.visual.rect.Rect'>, autoDraw=False, autoLog=True, closeShape=True, color=method-wrapper(...), colorSpace=None, contrast=1.0, depth=0.0, fillColor=array([-1., -1., -1.]), fillColorSpace='rgb', fillRGB=array([-1., -1., -1.]), interpolate=True, lineColor=array([1., 1., 1.]), lineColorSpace='rgb', lineRGB=array([1., 1., 1.]), lineWidth=1, name='cB_2', opacity=1.0, ori=array(0.), pos=array([0., 0.]), size=array([1., 1.]), units='height', vertices=ndarray(...), win=Window(...))
7.4762 	EXP 	Created textInstructions = TextStim(__class__=<class 'psychopy.visual.text.TextStim'>, alignHoriz='center', alignVert='center', antialias=True, autoLog=True, bold=False, color='white', colorSpace='named', contrast=1.0, depth=-1.0, flipHoriz=False, flipVert=False, font='Arial', fontFiles=[], height=0.03, italic=False, languageStyle='LTR', name='textInstructions', opacity=1.0, ori=0, pos=array([0., 0.]), rgb=array([255., 255., 255.]), text=str(...), units='height', win=Window(...), wrapWidth=1)
7.4777 	EXP 	Created cB_3 = Rect(__class__=<class 'psychopy.visual.rect.Rect'>, autoDraw=False, autoLog=True, closeShape=True, color=method-wrapper(...), colorSpace=None, contrast=1.0, depth=0.0, fillColor=array([-1., -1., -1.]), fillColorSpace='rgb', fillRGB=array([-1., -1., -1.]), interpolate=True, lineColor=array([1., 1., 1.]), lineColorSpace='rgb', lineRGB=array([1., 1., 1.]), lineWidth=1, name='cB_3', opacity=1.0, ori=array(0.), pos=array([0., 0.]), size=array([1., 1.]), units='height', vertices=ndarray(...), win=Window(...))
7.5146 	EXP 	Created textServer = TextStim(__class__=<class 'psychopy.visual.text.TextStim'>, alignHoriz='center', alignVert='center', antialias=True, autoLog=True, bold=False, color='white', colorSpace='named', contrast=1.0, depth=-1.0, flipHoriz=False, flipVert=False, font='Arial', fontFiles=[], height=0.03, italic=False, languageStyle='LTR', name='textServer', opacity=1.0, ori=0, pos=array([0., 0.]), rgb=array([255., 255., 255.]), text=str(...), units='height', win=Window(...), wrapWidth=1)
7.5162 	EXP 	Created cB_4 = Rect(__class__=<class 'psychopy.visual.rect.Rect'>, autoDraw=False, autoLog=True, closeShape=True, color=method-wrapper(...), colorSpace=None, contrast=1.0, depth=0.0, fillColor=array([-1., -1., -1.]), fillColorSpace='rgb', fillRGB=array([-1., -1., -1.]), interpolate=True, lineColor=array([1., 1., 1.]), lineColorSpace='rgb', lineRGB=array([1., 1., 1.]), lineWidth=1, name='cB_4', opacity=1.0, ori=array(0.), pos=array([0., 0.]), size=array([1., 1.]), units='height', vertices=ndarray(...), win=Window(...))
7.5217 	EXP 	Created text_1 = TextStim(__class__=<class 'psychopy.visual.text.TextStim'>, alignHoriz='center', alignVert='center', antialias=True, autoLog=True, bold=False, color='white', colorSpace='named', contrast=1.0, depth=-1.0, flipHoriz=False, flipVert=False, font='Arial', fontFiles=[], height=0.05, italic=False, languageStyle='LTR', name='text_1', opacity=1.0, ori=0, pos=array([0., 0.]), rgb=array([255., 255., 255.]), text='connecting      ', units='height', win=Window(...), wrapWidth=1)
7.5267 	EXP 	Created text_2 = TextStim(__class__=<class 'psychopy.visual.text.TextStim'>, alignHoriz='center', alignVert='center', antialias=True, autoLog=True, bold=False, color='white', colorSpace='named', contrast=1.0, depth=-2.0, flipHoriz=False, flipVert=False, font='Arial', fontFiles=[], height=0.05, italic=False, languageStyle='LTR', name='text_2', opacity=1.0, ori=0, pos=array([0., 0.]), rgb=array([255., 255., 255.]), text='connecting .    ', units='height', win=Window(...), wrapWidth=1)
7.5318 	EXP 	Created text_3 = TextStim(__class__=<class 'psychopy.visual.text.TextStim'>, alignHoriz='center', alignVert='center', antialias=True, autoLog=True, bold=False, color='white', colorSpace='named', contrast=1.0, depth=-3.0, flipHoriz=False, flipVert=False, font='Arial', fontFiles=[], height=0.05, italic=False, languageStyle='LTR', name='text_3', opacity=1.0, ori=0, pos=array([0., 0.]), rgb=array([255., 255., 255.]), text='connecting . .  ', units='height', win=Window(...), wrapWidth=1)
7.5373 	EXP 	Created text_4 = TextStim(__class__=<class 'psychopy.visual.text.TextStim'>, alignHoriz='center', alignVert='center', antialias=True, autoLog=True, bold=False, color='white', colorSpace='named', contrast=1.0, depth=-4.0, flipHoriz=False, flipVert=False, font='Arial', fontFiles=[], height=0.05, italic=False, languageStyle='LTR', name='text_4', opacity=1.0, ori=0, pos=array([0., 0.]), rgb=array([255., 255., 255.]), text='connecting . . .', units='height', win=Window(...), wrapWidth=1)
7.5388 	EXP 	Created cB_6 = Rect(__class__=<class 'psychopy.visual.rect.Rect'>, autoDraw=False, autoLog=True, closeShape=True, color=method-wrapper(...), colorSpace=None, contrast=1.0, depth=0.0, fillColor=array([-1., -1., -1.]), fillColorSpace='rgb', fillRGB=array([-1., -1., -1.]), interpolate=True, lineColor=array([1., 1., 1.]), lineColorSpace='rgb', lineRGB=array([1., 1., 1.]), lineWidth=1, name='cB_6', opacity=1.0, ori=array(0.), pos=array([0., 0.]), size=array([1., 1.]), units='height', vertices=ndarray(...), win=Window(...))
7.5423 	EXP 	Created idle = TextStim(__class__=<class 'psychopy.visual.text.TextStim'>, alignHoriz='center', alignVert='center', antialias=True, autoLog=True, bold=False, color='white', colorSpace='named', contrast=1.0, depth=-1.0, flipHoriz=False, flipVert=False, font='Arial', fontFiles=[], height=0.05, italic=False, languageStyle='LTR', name='idle', opacity=1.0, ori=0, pos=array([0., 0.]), rgb=array([255., 255., 255.]), text='found', units='height', win=Window(...), wrapWidth=1)
7.5469 	EXP 	Created idle_2 = TextStim(__class__=<class 'psychopy.visual.text.TextStim'>, alignHoriz='center', alignVert='center', antialias=True, autoLog=True, bold=False, color='white', colorSpace='named', contrast=1.0, depth=-1.0, flipHoriz=False, flipVert=False, font='Arial', fontFiles=[], height=0.05, italic=False, languageStyle='LTR', name='idle_2', opacity=1.0, ori=0, pos=array([0., 0.]), rgb=array([255., 255., 255.]), text='init proc     ', units='height', win=Window(...), wrapWidth=1)
7.5559 	EXP 	Created idle_3 = TextStim(__class__=<class 'psychopy.visual.text.TextStim'>, alignHoriz='center', alignVert='center', antialias=True, autoLog=True, bold=False, color='white', colorSpace='named', contrast=1.0, depth=-1.0, flipHoriz=False, flipVert=False, font='Arial', fontFiles=[], height=0.05, italic=False, languageStyle='LTR', name='idle_3', opacity=1.0, ori=0, pos=array([0., 0.]), rgb=array([255., 255., 255.]), text='init proc 2141', units='height', win=Window(...), wrapWidth=1)
7.5627 	EXP 	Created idle_4 = TextStim(__class__=<class 'psychopy.visual.text.TextStim'>, alignHoriz='center', alignVert='center', antialias=True, autoLog=True, bold=False, color='white', colorSpace='named', contrast=1.0, depth=-1.0, flipHoriz=False, flipVert=False, font='Arial', fontFiles=[], height=0.05, italic=False, languageStyle='LTR', name='idle_4', opacity=1.0, ori=0, pos=array([0., 0.]), rgb=array([255., 255., 255.]), text='init proc 2215', units='height', win=Window(...), wrapWidth=1)
7.5699 	EXP 	Created idle_5 = TextStim(__class__=<class 'psychopy.visual.text.TextStim'>, alignHoriz='center', alignVert='center', antialias=True, autoLog=True, bold=False, color='white', colorSpace='named', contrast=1.0, depth=-1.0, flipHoriz=False, flipVert=False, font='Arial', fontFiles=[], height=0.05, italic=False, languageStyle='LTR', name='idle_5', opacity=1.0, ori=0, pos=array([0., 0.]), rgb=array([255., 255., 255.]), text='init proc 3229', units='height', win=Window(...), wrapWidth=1)
7.5753 	EXP 	Created idle_6 = TextStim(__class__=<class 'psychopy.visual.text.TextStim'>, alignHoriz='center', alignVert='center', antialias=True, autoLog=True, bold=False, color='white', colorSpace='named', contrast=1.0, depth=-1.0, flipHoriz=False, flipVert=False, font='Arial', fontFiles=[], height=0.05, italic=False, languageStyle='LTR', name='idle_6', opacity=1.0, ori=0, pos=array([0., 0.]), rgb=array([255., 255., 255.]), text='init proc 4325', units='height', win=Window(...), wrapWidth=1)
7.5819 	EXP 	Created idle_7 = TextStim(__class__=<class 'psychopy.visual.text.TextStim'>, alignHoriz='center', alignVert='center', antialias=True, autoLog=True, bold=False, color='white', colorSpace='named', contrast=1.0, depth=-1.0, flipHoriz=False, flipVert=False, font='Arial', fontFiles=[], height=0.05, italic=False, languageStyle='LTR', name='idle_7', opacity=1.0, ori=0, pos=array([0., 0.]), rgb=array([255., 255., 255.]), text='init proc 1337', units='height', win=Window(...), wrapWidth=1)
7.5882 	EXP 	Created ilde_8 = TextStim(__class__=<class 'psychopy.visual.text.TextStim'>, alignHoriz='center', alignVert='center', antialias=True, autoLog=True, bold=False, color='white', colorSpace='named', contrast=1.0, depth=-1.0, flipHoriz=False, flipVert=False, font='Arial', fontFiles=[], height=0.05, italic=False, languageStyle='LTR', name='ilde_8', opacity=1.0, ori=0, pos=array([0., 0.]), rgb=array([255., 255., 255.]), text='buffering      ', units='height', win=Window(...), wrapWidth=1)
7.5936 	EXP 	Created idle_9 = TextStim(__class__=<class 'psychopy.visual.text.TextStim'>, alignHoriz='center', alignVert='center', antialias=True, autoLog=True, bold=False, color='white', colorSpace='named', contrast=1.0, depth=-1.0, flipHoriz=False, flipVert=False, font='Arial', fontFiles=[], height=0.05, italic=False, languageStyle='LTR', name='idle_9', opacity=1.0, ori=0, pos=array([0., 0.]), rgb=array([255., 255., 255.]), text='buffering .    ', units='height', win=Window(...), wrapWidth=1)
7.5992 	EXP 	Created idle_10 = TextStim(__class__=<class 'psychopy.visual.text.TextStim'>, alignHoriz='center', alignVert='center', antialias=True, autoLog=True, bold=False, color='white', colorSpace='named', contrast=1.0, depth=-1.0, flipHoriz=False, flipVert=False, font='Arial', fontFiles=[], height=0.05, italic=False, languageStyle='LTR', name='idle_10', opacity=1.0, ori=0, pos=array([0., 0.]), rgb=array([255., 255., 255.]), text='buffering . .  ', units='height', win=Window(...), wrapWidth=1)
7.6051 	EXP 	Created idle_11 = TextStim(__class__=<class 'psychopy.visual.text.TextStim'>, alignHoriz='center', alignVert='center', antialias=True, autoLog=True, bold=False, color='white', colorSpace='named', contrast=1.0, depth=-1.0, flipHoriz=False, flipVert=False, font='Arial', fontFiles=[], height=0.05, italic=False, languageStyle='LTR', name='idle_11', opacity=1.0, ori=0, pos=array([0., 0.]), rgb=array([255., 255., 255.]), text='buffering . . .', units='height', win=Window(...), wrapWidth=1)
7.6066 	EXP 	Created cB_5 = Rect(__class__=<class 'psychopy.visual.rect.Rect'>, autoDraw=False, autoLog=True, closeShape=True, color=method-wrapper(...), colorSpace=None, contrast=1.0, depth=0.0, fillColor=array([-1., -1., -1.]), fillColorSpace='rgb', fillRGB=array([-1., -1., -1.]), interpolate=True, lineColor=array([1., 1., 1.]), lineColorSpace='rgb', lineRGB=array([1., 1., 1.]), lineWidth=1, name='cB_5', opacity=1.0, ori=array(0.), pos=array([0., 0.]), size=array([1., 1.]), units='height', vertices=ndarray(...), win=Window(...))
7.6341 	EXP 	cB_1: autoDraw = True
7.6341 	EXP 	textWelcome: autoDraw = True
9.3581 	DATA 	Keypress: space
12.2401 	DATA 	Keypress: space
12.2570 	EXP 	cB_1: autoDraw = False
12.2570 	EXP 	textWelcome: autoDraw = False
12.2570 	EXP 	cB_2: autoDraw = True
12.2570 	EXP 	textInstructions: autoDraw = True
15.2206 	DATA 	Keypress: c
15.2372 	EXP 	cB_2: autoDraw = False
15.2372 	EXP 	textInstructions: autoDraw = False
15.2372 	EXP 	cB_3: autoDraw = True
15.2372 	EXP 	textServer: autoDraw = True
19.0790 	DATA 	Keypress: c
19.0960 	EXP 	Created sequence: random, trialTypes=1, nReps=5, seed=None
19.0963 	EXP 	New trial (rep=0, index=0): None
19.1122 	EXP 	cB_3: autoDraw = False
19.1122 	EXP 	textServer: autoDraw = False
19.1122 	EXP 	cB_4: autoDraw = True
19.1122 	EXP 	text_1: autoDraw = True
20.0851 	EXP 	text_2: autoDraw = True
20.1193 	EXP 	text_1: autoDraw = False
20.5803 	EXP 	text_3: autoDraw = True
20.5973 	EXP 	text_2: autoDraw = False
21.0900 	EXP 	text_3: autoDraw = False
21.0900 	EXP 	text_4: autoDraw = True
21.6024 	EXP 	text_4: autoDraw = False
21.6039 	EXP 	New trial (rep=1, index=0): None
21.6198 	EXP 	cB_4: autoDraw = False
21.6198 	EXP 	text_1: autoDraw = False
21.6198 	EXP 	text_2: autoDraw = False
21.6198 	EXP 	text_3: autoDraw = False
21.6198 	EXP 	text_4: autoDraw = False
21.6198 	EXP 	cB_4: autoDraw = True
21.6198 	EXP 	text_1: autoDraw = True
22.5952 	EXP 	text_2: autoDraw = True
22.6295 	EXP 	text_1: autoDraw = False
23.0891 	EXP 	text_3: autoDraw = True
23.1070 	EXP 	text_2: autoDraw = False
23.6023 	EXP 	text_3: autoDraw = False
23.6023 	EXP 	text_4: autoDraw = True
24.0989 	EXP 	New trial (rep=2, index=0): None
24.1146 	EXP 	cB_4: autoDraw = False
24.1146 	EXP 	text_1: autoDraw = False
24.1146 	EXP 	text_2: autoDraw = False
24.1146 	EXP 	text_3: autoDraw = False
24.1146 	EXP 	text_4: autoDraw = False
24.1146 	EXP 	cB_4: autoDraw = True
24.1146 	EXP 	text_1: autoDraw = True
25.0895 	EXP 	text_2: autoDraw = True
25.1235 	EXP 	text_1: autoDraw = False
25.5847 	EXP 	text_3: autoDraw = True
25.6015 	EXP 	text_2: autoDraw = False
26.0975 	EXP 	text_3: autoDraw = False
26.0975 	EXP 	text_4: autoDraw = True
26.6098 	EXP 	text_4: autoDraw = False
26.6111 	EXP 	New trial (rep=3, index=0): None
26.6267 	EXP 	cB_4: autoDraw = False
26.6267 	EXP 	text_1: autoDraw = False
26.6267 	EXP 	text_2: autoDraw = False
26.6267 	EXP 	text_3: autoDraw = False
26.6267 	EXP 	text_4: autoDraw = False
26.6267 	EXP 	cB_4: autoDraw = True
26.6267 	EXP 	text_1: autoDraw = True
27.6004 	EXP 	text_2: autoDraw = True
27.6343 	EXP 	text_1: autoDraw = False
28.1093 	EXP 	text_2: autoDraw = False
28.1093 	EXP 	text_3: autoDraw = True
28.6052 	EXP 	text_4: autoDraw = True
28.6222 	EXP 	text_3: autoDraw = False
29.1015 	EXP 	New trial (rep=4, index=0): None
29.1173 	EXP 	cB_4: autoDraw = False
29.1173 	EXP 	text_1: autoDraw = False
29.1173 	EXP 	text_2: autoDraw = False
29.1173 	EXP 	text_3: autoDraw = False
29.1173 	EXP 	text_4: autoDraw = False
29.1173 	EXP 	cB_4: autoDraw = True
29.1173 	EXP 	text_1: autoDraw = True
30.0905 	EXP 	text_2: autoDraw = True
30.1249 	EXP 	text_1: autoDraw = False
30.5869 	EXP 	text_3: autoDraw = True
30.6039 	EXP 	text_2: autoDraw = False
31.0998 	EXP 	text_3: autoDraw = False
31.0998 	EXP 	text_4: autoDraw = True
31.6112 	EXP 	text_4: autoDraw = False
31.6280 	EXP 	cB_4: autoDraw = False
31.6280 	EXP 	text_1: autoDraw = False
31.6280 	EXP 	text_2: autoDraw = False
31.6280 	EXP 	text_3: autoDraw = False
31.6280 	EXP 	text_4: autoDraw = False
31.6280 	EXP 	cB_6: autoDraw = True
31.7997 	EXP 	idle: autoDraw = True
32.1068 	EXP 	idle: autoDraw = False
32.1068 	EXP 	idle_2: autoDraw = True
32.3121 	EXP 	idle_2: autoDraw = False
32.3121 	EXP 	idle_3: autoDraw = True
32.3986 	EXP 	idle_3: autoDraw = False
32.3986 	EXP 	idle_4: autoDraw = True
32.5508 	EXP 	idle_4: autoDraw = False
32.5508 	EXP 	idle_5: autoDraw = True
32.7035 	EXP 	idle_5: autoDraw = False
32.7035 	EXP 	idle_6: autoDraw = True
32.8570 	EXP 	idle_6: autoDraw = False
32.8570 	EXP 	idle_7: autoDraw = True
32.9586 	EXP 	idle_7: autoDraw = False
32.9586 	EXP 	ilde_8: autoDraw = True
33.4532 	EXP 	ilde_8: autoDraw = False
33.4532 	EXP 	idle_9: autoDraw = True
33.9505 	EXP 	idle_10: autoDraw = True
33.9683 	EXP 	idle_9: autoDraw = False
34.1390 	EXP 	cB_6: autoDraw = False
34.4477 	EXP 	idle_11: autoDraw = True
34.4650 	EXP 	idle_10: autoDraw = False
34.9575 	EXP 	idle_11: autoDraw = False
34.9575 	EXP 	cB_6: autoDraw = False
34.9575 	EXP 	idle: autoDraw = False
34.9575 	EXP 	idle_2: autoDraw = False
34.9575 	EXP 	idle_3: autoDraw = False
34.9575 	EXP 	idle_4: autoDraw = False
34.9575 	EXP 	idle_5: autoDraw = False
34.9575 	EXP 	idle_6: autoDraw = False
34.9575 	EXP 	idle_7: autoDraw = False
34.9575 	EXP 	ilde_8: autoDraw = False
34.9575 	EXP 	idle_9: autoDraw = False
34.9575 	EXP 	idle_10: autoDraw = False
34.9575 	EXP 	idle_11: autoDraw = False
34.9575 	EXP 	cB_5: autoDraw = True
37.4687 	EXP 	cB_5: autoDraw = False
40.0127 	DATA 	Keypress: escape
40.1330 	EXP 	window1: mouseVisible = True
