2.3504 	WARNING 	Import Error: No module named 'psychtoolbox'. Using event module for keyboard component.
4.3534 	WARNING 	User requested fullscreen with size [1024  768], but screen is actually [1680, 1050]. Using actual size
5.2954 	EXP 	Created window1 = Window(allowGUI=True, allowStencil=False, args=UNKNOWN, autoLog=True, bitsMode=UNKNOWN, blendMode='avg', color=array([0., 0., 0.]), colorSpace='rgb', fullscr=<method-wrapper '__getattribute__' of attributeSetter object at 0x0A1BFC30>, gamma=None, gammaErrorPolicy='raise', kwargs=UNKNOWN, lms=UNKNOWN, monitor=<psychopy.monitors.calibTools.Monitor object at 0x07BBE930>, multiSample=False, name='window1', numSamples=2, pos=[0.0, 0.0], screen=0, size=array([1680, 1050]), stereo=False, units='height', useFBO=True, useRetina=False, viewOri=0.0, viewPos=None, viewScale=None, waitBlanking=True, winType='pyglet')
5.2954 	EXP 	window1: recordFrameIntervals = False
5.4671 	EXP 	window1: recordFrameIntervals = True
5.6542 	EXP 	window1: recordFrameIntervals = False
5.6567 	EXP 	Created cB_1 = Rect(__class__=<class 'psychopy.visual.rect.Rect'>, autoDraw=False, autoLog=True, closeShape=True, color=method-wrapper(...), colorSpace=None, contrast=1.0, depth=0.0, fillColor=array([-1., -1., -1.]), fillColorSpace='rgb', fillRGB=array([-1., -1., -1.]), interpolate=True, lineColor=array([1., 1., 1.]), lineColorSpace='rgb', lineRGB=array([1., 1., 1.]), lineWidth=1, name='cB_1', opacity=1.0, ori=array(0.), pos=array([0., 0.]), size=array([1., 1.]), units='height', vertices=ndarray(...), win=Window(...))
5.7933 	EXP 	Created textWelcome = TextStim(__class__=<class 'psychopy.visual.text.TextStim'>, alignHoriz='center', alignVert='center', antialias=True, autoLog=True, bold=False, color='white', colorSpace='named', contrast=1.0, depth=-1.0, flipHoriz=False, flipVert=False, font='Arial', fontFiles=[], height=0.03, italic=False, languageStyle='LTR', name='textWelcome', opacity=1.0, ori=0, pos=array([0., 0.]), rgb=array([255., 255., 255.]), text=str(...), units='height', win=Window(...), wrapWidth=1)
5.7949 	EXP 	Created cB_2 = Rect(__class__=<class 'psychopy.visual.rect.Rect'>, autoDraw=False, autoLog=True, closeShape=True, color=method-wrapper(...), colorSpace=None, contrast=1.0, depth=0.0, fillColor=array([-1., -1., -1.]), fillColorSpace='rgb', fillRGB=array([-1., -1., -1.]), interpolate=True, lineColor=array([1., 1., 1.]), lineColorSpace='rgb', lineRGB=array([1., 1., 1.]), lineWidth=1, name='cB_2', opacity=1.0, ori=array(0.), pos=array([0., 0.]), size=array([1., 1.]), units='height', vertices=ndarray(...), win=Window(...))
5.8657 	EXP 	Created textInstructions = TextStim(__class__=<class 'psychopy.visual.text.TextStim'>, alignHoriz='center', alignVert='center', antialias=True, autoLog=True, bold=False, color='white', colorSpace='named', contrast=1.0, depth=-1.0, flipHoriz=False, flipVert=False, font='Arial', fontFiles=[], height=0.03, italic=False, languageStyle='LTR', name='textInstructions', opacity=1.0, ori=0, pos=array([0., 0.]), rgb=array([255., 255., 255.]), text=str(...), units='height', win=Window(...), wrapWidth=1)
5.8673 	EXP 	Created cB_3 = Rect(__class__=<class 'psychopy.visual.rect.Rect'>, autoDraw=False, autoLog=True, closeShape=True, color=method-wrapper(...), colorSpace=None, contrast=1.0, depth=0.0, fillColor=array([-1., -1., -1.]), fillColorSpace='rgb', fillRGB=array([-1., -1., -1.]), interpolate=True, lineColor=array([1., 1., 1.]), lineColorSpace='rgb', lineRGB=array([1., 1., 1.]), lineWidth=1, name='cB_3', opacity=1.0, ori=array(0.), pos=array([0., 0.]), size=array([1., 1.]), units='height', vertices=ndarray(...), win=Window(...))
5.9026 	EXP 	Created textServer = TextStim(__class__=<class 'psychopy.visual.text.TextStim'>, alignHoriz='center', alignVert='center', antialias=True, autoLog=True, bold=False, color='white', colorSpace='named', contrast=1.0, depth=-1.0, flipHoriz=False, flipVert=False, font='Arial', fontFiles=[], height=0.03, italic=False, languageStyle='LTR', name='textServer', opacity=1.0, ori=0, pos=array([0., 0.]), rgb=array([255., 255., 255.]), text=str(...), units='height', win=Window(...), wrapWidth=1)
5.9041 	EXP 	Created cB_4 = Rect(__class__=<class 'psychopy.visual.rect.Rect'>, autoDraw=False, autoLog=True, closeShape=True, color=method-wrapper(...), colorSpace=None, contrast=1.0, depth=0.0, fillColor=array([-1., -1., -1.]), fillColorSpace='rgb', fillRGB=array([-1., -1., -1.]), interpolate=True, lineColor=array([1., 1., 1.]), lineColorSpace='rgb', lineRGB=array([1., 1., 1.]), lineWidth=1, name='cB_4', opacity=1.0, ori=array(0.), pos=array([0., 0.]), size=array([1., 1.]), units='height', vertices=ndarray(...), win=Window(...))
5.9093 	EXP 	Created text_1 = TextStim(__class__=<class 'psychopy.visual.text.TextStim'>, alignHoriz='center', alignVert='center', antialias=True, autoLog=True, bold=False, color='white', colorSpace='named', contrast=1.0, depth=-1.0, flipHoriz=False, flipVert=False, font='Arial', fontFiles=[], height=0.03, italic=False, languageStyle='LTR', name='text_1', opacity=1.0, ori=0, pos=array([0., 0.]), rgb=array([255., 255., 255.]), text='connecting      ', units='height', win=Window(...), wrapWidth=1)
5.9142 	EXP 	Created text_2 = TextStim(__class__=<class 'psychopy.visual.text.TextStim'>, alignHoriz='center', alignVert='center', antialias=True, autoLog=True, bold=False, color='white', colorSpace='named', contrast=1.0, depth=-2.0, flipHoriz=False, flipVert=False, font='Arial', fontFiles=[], height=0.03, italic=False, languageStyle='LTR', name='text_2', opacity=1.0, ori=0, pos=array([0., 0.]), rgb=array([255., 255., 255.]), text='connecting .    ', units='height', win=Window(...), wrapWidth=1)
5.9189 	EXP 	Created text_3 = TextStim(__class__=<class 'psychopy.visual.text.TextStim'>, alignHoriz='center', alignVert='center', antialias=True, autoLog=True, bold=False, color='white', colorSpace='named', contrast=1.0, depth=-3.0, flipHoriz=False, flipVert=False, font='Arial', fontFiles=[], height=0.03, italic=False, languageStyle='LTR', name='text_3', opacity=1.0, ori=0, pos=array([0., 0.]), rgb=array([255., 255., 255.]), text='connecting . .  ', units='height', win=Window(...), wrapWidth=1)
5.9245 	EXP 	Created text_4 = TextStim(__class__=<class 'psychopy.visual.text.TextStim'>, alignHoriz='center', alignVert='center', antialias=True, autoLog=True, bold=False, color='white', colorSpace='named', contrast=1.0, depth=-4.0, flipHoriz=False, flipVert=False, font='Arial', fontFiles=[], height=0.03, italic=False, languageStyle='LTR', name='text_4', opacity=1.0, ori=0, pos=array([0., 0.]), rgb=array([255., 255., 255.]), text='connecting . . .', units='height', win=Window(...), wrapWidth=1)
5.9260 	EXP 	Created cB_5 = Rect(__class__=<class 'psychopy.visual.rect.Rect'>, autoDraw=False, autoLog=True, closeShape=True, color=method-wrapper(...), colorSpace=None, contrast=1.0, depth=0.0, fillColor=array([-1., -1., -1.]), fillColorSpace='rgb', fillRGB=array([-1., -1., -1.]), interpolate=True, lineColor=array([1., 1., 1.]), lineColorSpace='rgb', lineRGB=array([1., 1., 1.]), lineWidth=1, name='cB_5', opacity=1.0, ori=array(0.), pos=array([0., 0.]), size=array([1., 1.]), units='height', vertices=ndarray(...), win=Window(...))
5.9298 	EXP 	Created idle = TextStim(__class__=<class 'psychopy.visual.text.TextStim'>, alignHoriz='center', alignVert='center', antialias=True, autoLog=True, bold=False, color='white', colorSpace='named', contrast=1.0, depth=-1.0, flipHoriz=False, flipVert=False, font='Arial', fontFiles=[], height=0.03, italic=False, languageStyle='LTR', name='idle', opacity=1.0, ori=0, pos=array([0., 0.]), rgb=array([255., 255., 255.]), text='found', units='height', win=Window(...), wrapWidth=1)
5.9344 	EXP 	Created idle_2 = TextStim(__class__=<class 'psychopy.visual.text.TextStim'>, alignHoriz='center', alignVert='center', antialias=True, autoLog=True, bold=False, color='white', colorSpace='named', contrast=1.0, depth=-2.0, flipHoriz=False, flipVert=False, font='Arial', fontFiles=[], height=0.03, italic=False, languageStyle='LTR', name='idle_2', opacity=1.0, ori=0, pos=array([0., 0.]), rgb=array([255., 255., 255.]), text='init proc     ', units='height', win=Window(...), wrapWidth=1)
5.9426 	EXP 	Created idle_3 = TextStim(__class__=<class 'psychopy.visual.text.TextStim'>, alignHoriz='center', alignVert='center', antialias=True, autoLog=True, bold=False, color='white', colorSpace='named', contrast=1.0, depth=-3.0, flipHoriz=False, flipVert=False, font='Arial', fontFiles=[], height=0.03, italic=False, languageStyle='LTR', name='idle_3', opacity=1.0, ori=0, pos=array([0., 0.]), rgb=array([255., 255., 255.]), text='init proc 2141', units='height', win=Window(...), wrapWidth=1)
5.9488 	EXP 	Created idle_4 = TextStim(__class__=<class 'psychopy.visual.text.TextStim'>, alignHoriz='center', alignVert='center', antialias=True, autoLog=True, bold=False, color='white', colorSpace='named', contrast=1.0, depth=-4.0, flipHoriz=False, flipVert=False, font='Arial', fontFiles=[], height=0.03, italic=False, languageStyle='LTR', name='idle_4', opacity=1.0, ori=0, pos=array([0., 0.]), rgb=array([255., 255., 255.]), text='init proc 2215', units='height', win=Window(...), wrapWidth=1)
5.9563 	EXP 	Created idle_5 = TextStim(__class__=<class 'psychopy.visual.text.TextStim'>, alignHoriz='center', alignVert='center', antialias=True, autoLog=True, bold=False, color='white', colorSpace='named', contrast=1.0, depth=-5.0, flipHoriz=False, flipVert=False, font='Arial', fontFiles=[], height=0.03, italic=False, languageStyle='LTR', name='idle_5', opacity=1.0, ori=0, pos=array([0., 0.]), rgb=array([255., 255., 255.]), text='init proc 3229', units='height', win=Window(...), wrapWidth=1)
5.9615 	EXP 	Created idle_6 = TextStim(__class__=<class 'psychopy.visual.text.TextStim'>, alignHoriz='center', alignVert='center', antialias=True, autoLog=True, bold=False, color='white', colorSpace='named', contrast=1.0, depth=-6.0, flipHoriz=False, flipVert=False, font='Arial', fontFiles=[], height=0.03, italic=False, languageStyle='LTR', name='idle_6', opacity=1.0, ori=0, pos=array([0., 0.]), rgb=array([255., 255., 255.]), text='init proc 4325', units='height', win=Window(...), wrapWidth=1)
5.9679 	EXP 	Created idle_7 = TextStim(__class__=<class 'psychopy.visual.text.TextStim'>, alignHoriz='center', alignVert='center', antialias=True, autoLog=True, bold=False, color='white', colorSpace='named', contrast=1.0, depth=-7.0, flipHoriz=False, flipVert=False, font='Arial', fontFiles=[], height=0.03, italic=False, languageStyle='LTR', name='idle_7', opacity=1.0, ori=0, pos=array([0., 0.]), rgb=array([255., 255., 255.]), text='init proc 1337', units='height', win=Window(...), wrapWidth=1)
5.9727 	EXP 	Created ilde_8 = TextStim(__class__=<class 'psychopy.visual.text.TextStim'>, alignHoriz='center', alignVert='center', antialias=True, autoLog=True, bold=False, color='white', colorSpace='named', contrast=1.0, depth=-8.0, flipHoriz=False, flipVert=False, font='Arial', fontFiles=[], height=0.03, italic=False, languageStyle='LTR', name='ilde_8', opacity=1.0, ori=0, pos=array([0., 0.]), rgb=array([255., 255., 255.]), text='buffering      ', units='height', win=Window(...), wrapWidth=1)
5.9774 	EXP 	Created idle_9 = TextStim(__class__=<class 'psychopy.visual.text.TextStim'>, alignHoriz='center', alignVert='center', antialias=True, autoLog=True, bold=False, color='white', colorSpace='named', contrast=1.0, depth=-9.0, flipHoriz=False, flipVert=False, font='Arial', fontFiles=[], height=0.03, italic=False, languageStyle='LTR', name='idle_9', opacity=1.0, ori=0, pos=array([0., 0.]), rgb=array([255., 255., 255.]), text='buffering .    ', units='height', win=Window(...), wrapWidth=1)
5.9828 	EXP 	Created idle_10 = TextStim(__class__=<class 'psychopy.visual.text.TextStim'>, alignHoriz='center', alignVert='center', antialias=True, autoLog=True, bold=False, color='white', colorSpace='named', contrast=1.0, depth=-10.0, flipHoriz=False, flipVert=False, font='Arial', fontFiles=[], height=0.03, italic=False, languageStyle='LTR', name='idle_10', opacity=1.0, ori=0, pos=array([0., 0.]), rgb=array([255., 255., 255.]), text='buffering . .  ', units='height', win=Window(...), wrapWidth=1)
5.9880 	EXP 	Created idle_11 = TextStim(__class__=<class 'psychopy.visual.text.TextStim'>, alignHoriz='center', alignVert='center', antialias=True, autoLog=True, bold=False, color='white', colorSpace='named', contrast=1.0, depth=-11.0, flipHoriz=False, flipVert=False, font='Arial', fontFiles=[], height=0.03, italic=False, languageStyle='LTR', name='idle_11', opacity=1.0, ori=0, pos=array([0., 0.]), rgb=array([255., 255., 255.]), text='buffering . . .', units='height', win=Window(...), wrapWidth=1)
5.9968 	EXP 	Created idle_12 = TextStim(__class__=<class 'psychopy.visual.text.TextStim'>, alignHoriz='center', alignVert='center', antialias=True, autoLog=True, bold=False, color='white', colorSpace='named', contrast=1.0, depth=-12.0, flipHoriz=False, flipVert=False, font='Arial', fontFiles=[], height=0.03, italic=False, languageStyle='LTR', name='idle_12', opacity=1.0, ori=0, pos=array([0., 0.]), rgb=array([255., 255., 255.]), text='run /serv/234_1/sd connect', units='height', win=Window(...), wrapWidth=1)
5.9983 	EXP 	Created cB_6 = Rect(__class__=<class 'psychopy.visual.rect.Rect'>, autoDraw=False, autoLog=True, closeShape=True, color=method-wrapper(...), colorSpace=None, contrast=1.0, depth=0.0, fillColor=array([-1., -1., -1.]), fillColorSpace='rgb', fillRGB=array([-1., -1., -1.]), interpolate=True, lineColor=array([1., 1., 1.]), lineColorSpace='rgb', lineRGB=array([1., 1., 1.]), lineWidth=1, name='cB_6', opacity=1.0, ori=array(0.), pos=array([0., 0.]), size=array([1., 1.]), units='height', vertices=ndarray(...), win=Window(...))
6.0289 	EXP 	Created sBInstructions = TextStim(__class__=<class 'psychopy.visual.text.TextStim'>, alignHoriz='center', alignVert='center', antialias=True, autoLog=True, bold=False, color='white', colorSpace='named', contrast=1.0, depth=-1.0, flipHoriz=False, flipVert=False, font='Arial', fontFiles=[], height=0.03, italic=False, languageStyle='LTR', name='sBInstructions', opacity=1.0, ori=0, pos=array([0., 0.]), rgb=array([255., 255., 255.]), text=str(...), units='height', win=Window(...), wrapWidth=1)
6.0305 	EXP 	Created cB_8 = Rect(__class__=<class 'psychopy.visual.rect.Rect'>, autoDraw=False, autoLog=True, closeShape=True, color=method-wrapper(...), colorSpace=None, contrast=1.0, depth=0.0, fillColor=array([-1., -1., -1.]), fillColorSpace='rgb', fillRGB=array([-1., -1., -1.]), interpolate=True, lineColor=array([1., 1., 1.]), lineColorSpace='rgb', lineRGB=array([1., 1., 1.]), lineWidth=1, name='cB_8', opacity=1.0, ori=array(0.), pos=array([0., 0.]), size=array([1., 1.]), units='height', vertices=ndarray(...), win=Window(...))
6.0534 	EXP 	Created text = TextStim(__class__=<class 'psychopy.visual.text.TextStim'>, alignHoriz='center', alignVert='center', antialias=True, autoLog=True, bold=False, color='white', colorSpace='named', contrast=1.0, depth=-1.0, flipHoriz=False, flipVert=False, font='Arial', fontFiles=[], height=0.1, italic=False, languageStyle='LTR', name='text', opacity=1.0, ori=0, pos=array([0., 0.]), rgb=array([255., 255., 255.]), text='default text', units='height', win=Window(...), wrapWidth=1)
6.0589 	EXP 	Created imagesbRnd = ImageStim(__class__=<class 'psychopy.visual.image.ImageStim'>, autoLog=True, color=array([1., 1., 1.]), colorSpace='rgb', contrast=1.0, depth=-2.0, flipHoriz=False, flipVert=False, image='sin', interpolate=True, mask=None, maskParams=None, name='imagesbRnd', opacity=1.0, ori=0.0, pos=array([0., 0.]), size=array([0.25, 0.25]), texRes=128, units='height', win=Window(...))
6.1232 	EXP 	Created Slider = RatingScale(__class__=type(...), acceptKeys=['return'], acceptPreText=UNKNOWN, acceptSize=UNKNOWN, acceptText='accept?', autoLog=True, choices=list(...), depth=0, disappear=False, flipVert=False, high=10, kwargs=UNKNOWN, labels=list(...), leftKeys=['left'], lineColor='White', low=0, marker=ShapeStim(...), markerColor='DarkBlue', markerExpansion=UNKNOWN, markerStart=5.0, maxTime=0.0, minTime=0.4, mouseOnly=False, name='Slider', noMouse=False, pos=[0.0, -0.4], precision=1, respKeys=[], rightKeys=['right'], scale='<default>', self=UNKNOWN, showAccept=True, showValue=True, singleClick=False, size=0.6, skipKeys=['tab'], stretch=1.0, textColor='LightGray', textFont='Helvetica Bold', textSize=0.12, tickHeight=-1, tickMarks=10.0, win=Window(...))
6.1247 	EXP 	Created cB_9 = Rect(__class__=<class 'psychopy.visual.rect.Rect'>, autoDraw=False, autoLog=True, closeShape=True, color=method-wrapper(...), colorSpace=None, contrast=1.0, depth=0.0, fillColor=array([-1., -1., -1.]), fillColorSpace='rgb', fillRGB=array([-1., -1., -1.]), interpolate=True, lineColor=array([1., 1., 1.]), lineColorSpace='rgb', lineRGB=array([1., 1., 1.]), lineWidth=1, name='cB_9', opacity=1.0, ori=array(0.), pos=array([0., 0.]), size=array([1., 1.]), units='height', vertices=ndarray(...), win=Window(...))
6.1261 	EXP 	Created cbFb = Rect(__class__=<class 'psychopy.visual.rect.Rect'>, autoDraw=False, autoLog=True, closeShape=True, color=method-wrapper(...), colorSpace=None, contrast=1.0, depth=-1.0, fillColor=array([-1., -1., -1.]), fillColorSpace='rgb', fillRGB=array([-1., -1., -1.]), interpolate=True, lineColor=array([1., 1., 1.]), lineColorSpace='rgb', lineRGB=array([1., 1., 1.]), lineWidth=1, name='cbFb', opacity=1.0, ori=array(0.), pos=array([0., 0.]), size=array([1., 1.]), units='height', vertices=ndarray(...), win=Window(...))
6.1316 	EXP 	Created textFb = TextStim(__class__=<class 'psychopy.visual.text.TextStim'>, alignHoriz='center', alignVert='center', antialias=True, autoLog=True, bold=False, color='white', colorSpace='named', contrast=1.0, depth=-2.0, flipHoriz=False, flipVert=False, font='Arial', fontFiles=[], height=0.03, italic=False, languageStyle='LTR', name='textFb', opacity=1.0, ori=0, pos=array([0., 0.]), rgb=array([255., 255., 255.]), text='default text', units='height', win=Window(...), wrapWidth=1)
6.1330 	EXP 	Created cbBuf = Rect(__class__=<class 'psychopy.visual.rect.Rect'>, autoDraw=False, autoLog=True, closeShape=True, color=method-wrapper(...), colorSpace=None, contrast=1.0, depth=-1.0, fillColor=array([-1., -1., -1.]), fillColorSpace='rgb', fillRGB=array([-1., -1., -1.]), interpolate=True, lineColor=array([1., 1., 1.]), lineColorSpace='rgb', lineRGB=array([1., 1., 1.]), lineWidth=1, name='cbBuf', opacity=1.0, ori=array(0.), pos=array([0., 0.]), size=array([1., 1.]), units='height', vertices=ndarray(...), win=Window(...))
6.1347 	EXP 	Created fixCross = ShapeStim(__class__=<class 'psychopy.visual.shape.ShapeStim'>, autoDraw=False, autoLog=True, closeShape=True, contrast=1.0, depth=-1.0, fillColor=array([1., 1., 1.]), fillColorSpace='rgb', interpolate=True, lineColor=array([1., 1., 1.]), lineColorSpace='rgb', lineWidth=1, name='fixCross', opacity=1.0, ori=array(0.), pos=array([0., 0.]), size=array([0.2, 0.2]), units='height', vertices=ndarray(...), win=Window(...), windingRule=None)
6.1361 	EXP 	Created cB_8 = Rect(__class__=<class 'psychopy.visual.rect.Rect'>, autoDraw=False, autoLog=True, closeShape=True, color=method-wrapper(...), colorSpace=None, contrast=1.0, depth=0.0, fillColor=array([-1., -1., -1.]), fillColorSpace='rgb', fillRGB=array([-1., -1., -1.]), interpolate=True, lineColor=array([1., 1., 1.]), lineColorSpace='rgb', lineRGB=array([1., 1., 1.]), lineWidth=1, name='cB_8', opacity=1.0, ori=array(0.), pos=array([0., 0.]), size=array([1., 1.]), units='height', vertices=ndarray(...), win=Window(...))
6.1418 	EXP 	Created text = TextStim(__class__=<class 'psychopy.visual.text.TextStim'>, alignHoriz='center', alignVert='center', antialias=True, autoLog=True, bold=False, color='white', colorSpace='named', contrast=1.0, depth=-1.0, flipHoriz=False, flipVert=False, font='Arial', fontFiles=[], height=0.1, italic=False, languageStyle='LTR', name='text', opacity=1.0, ori=0, pos=array([0., 0.]), rgb=array([255., 255., 255.]), text='default text', units='height', win=Window(...), wrapWidth=1)
6.1440 	EXP 	Created imagesbRnd = ImageStim(__class__=<class 'psychopy.visual.image.ImageStim'>, autoLog=True, color=array([1., 1., 1.]), colorSpace='rgb', contrast=1.0, depth=-2.0, flipHoriz=False, flipVert=False, image='sin', interpolate=True, mask=None, maskParams=None, name='imagesbRnd', opacity=1.0, ori=0.0, pos=array([0., 0.]), size=array([0.25, 0.25]), texRes=128, units='height', win=Window(...))
6.1800 	EXP 	Created Slider = RatingScale(__class__=type(...), acceptKeys=['return'], acceptPreText=UNKNOWN, acceptSize=UNKNOWN, acceptText='accept?', autoLog=True, choices=list(...), depth=0, disappear=False, flipVert=False, high=10, kwargs=UNKNOWN, labels=list(...), leftKeys=['left'], lineColor='White', low=0, marker=ShapeStim(...), markerColor='DarkBlue', markerExpansion=UNKNOWN, markerStart=5.0, maxTime=0.0, minTime=0.4, mouseOnly=False, name='Slider', noMouse=False, pos=[0.0, -0.4], precision=1, respKeys=[], rightKeys=['right'], scale='<default>', self=UNKNOWN, showAccept=True, showValue=True, singleClick=False, size=0.6, skipKeys=['tab'], stretch=1.0, textColor='LightGray', textFont='Helvetica Bold', textSize=0.12, tickHeight=-1, tickMarks=10.0, win=Window(...))
6.1816 	EXP 	Created cB_9 = Rect(__class__=<class 'psychopy.visual.rect.Rect'>, autoDraw=False, autoLog=True, closeShape=True, color=method-wrapper(...), colorSpace=None, contrast=1.0, depth=0.0, fillColor=array([-1., -1., -1.]), fillColorSpace='rgb', fillRGB=array([-1., -1., -1.]), interpolate=True, lineColor=array([1., 1., 1.]), lineColorSpace='rgb', lineRGB=array([1., 1., 1.]), lineWidth=1, name='cB_9', opacity=1.0, ori=array(0.), pos=array([0., 0.]), size=array([1., 1.]), units='height', vertices=ndarray(...), win=Window(...))
6.1830 	EXP 	Created cbFb = Rect(__class__=<class 'psychopy.visual.rect.Rect'>, autoDraw=False, autoLog=True, closeShape=True, color=method-wrapper(...), colorSpace=None, contrast=1.0, depth=-1.0, fillColor=array([-1., -1., -1.]), fillColorSpace='rgb', fillRGB=array([-1., -1., -1.]), interpolate=True, lineColor=array([1., 1., 1.]), lineColorSpace='rgb', lineRGB=array([1., 1., 1.]), lineWidth=1, name='cbFb', opacity=1.0, ori=array(0.), pos=array([0., 0.]), size=array([1., 1.]), units='height', vertices=ndarray(...), win=Window(...))
6.1884 	EXP 	Created textFb = TextStim(__class__=<class 'psychopy.visual.text.TextStim'>, alignHoriz='center', alignVert='center', antialias=True, autoLog=True, bold=False, color='white', colorSpace='named', contrast=1.0, depth=-2.0, flipHoriz=False, flipVert=False, font='Arial', fontFiles=[], height=0.03, italic=False, languageStyle='LTR', name='textFb', opacity=1.0, ori=0, pos=array([0., 0.]), rgb=array([255., 255., 255.]), text='default text', units='height', win=Window(...), wrapWidth=1)
6.1899 	EXP 	Created cbBuf = Rect(__class__=<class 'psychopy.visual.rect.Rect'>, autoDraw=False, autoLog=True, closeShape=True, color=method-wrapper(...), colorSpace=None, contrast=1.0, depth=-1.0, fillColor=array([-1., -1., -1.]), fillColorSpace='rgb', fillRGB=array([-1., -1., -1.]), interpolate=True, lineColor=array([1., 1., 1.]), lineColorSpace='rgb', lineRGB=array([1., 1., 1.]), lineWidth=1, name='cbBuf', opacity=1.0, ori=array(0.), pos=array([0., 0.]), size=array([1., 1.]), units='height', vertices=ndarray(...), win=Window(...))
6.1916 	EXP 	Created fixCross = ShapeStim(__class__=<class 'psychopy.visual.shape.ShapeStim'>, autoDraw=False, autoLog=True, closeShape=True, contrast=1.0, depth=-1.0, fillColor=array([1., 1., 1.]), fillColorSpace='rgb', interpolate=True, lineColor=array([1., 1., 1.]), lineColorSpace='rgb', lineWidth=1, name='fixCross', opacity=1.0, ori=array(0.), pos=array([0., 0.]), size=array([0.2, 0.2]), units='height', vertices=ndarray(...), win=Window(...), windingRule=None)
6.1930 	EXP 	Created cB_10 = Rect(__class__=<class 'psychopy.visual.rect.Rect'>, autoDraw=False, autoLog=True, closeShape=True, color=method-wrapper(...), colorSpace=None, contrast=1.0, depth=0.0, fillColor=array([-1., -1., -1.]), fillColorSpace='rgb', fillRGB=array([-1., -1., -1.]), interpolate=True, lineColor=array([1., 1., 1.]), lineColorSpace='rgb', lineRGB=array([1., 1., 1.]), lineWidth=1, name='cB_10', opacity=1.0, ori=array(0.), pos=array([0., 0.]), size=array([1., 1.]), units='height', vertices=ndarray(...), win=Window(...))
6.2510 	EXP 	Created sbEndText = TextStim(__class__=<class 'psychopy.visual.text.TextStim'>, alignHoriz='center', alignVert='center', antialias=True, autoLog=True, bold=False, color='white', colorSpace='named', contrast=1.0, depth=-1.0, flipHoriz=False, flipVert=False, font='Arial', fontFiles=[], height=0.1, italic=False, languageStyle='LTR', name='sbEndText', opacity=1.0, ori=0, pos=array([0., 0.]), rgb=array([255., 255., 255.]), text=str(...), units='height', win=Window(...), wrapWidth=1)
6.2640 	EXP 	Slider: flipVert = False
6.2640 	EXP 	Slider: autoLog = True
6.2640 	EXP 	Slider: flipVert = False
6.2640 	EXP 	Slider: autoLog = True
6.2640 	EXP 	cB_1: autoDraw = True
6.2640 	EXP 	textWelcome: autoDraw = True
8.7749 	DATA 	Keypress: c
8.7911 	EXP 	cB_1: autoDraw = False
8.7911 	EXP 	textWelcome: autoDraw = False
8.7911 	EXP 	cB_2: autoDraw = True
8.7911 	EXP 	textInstructions: autoDraw = True
12.1238 	DATA 	Keypress: c
12.1404 	EXP 	cB_2: autoDraw = False
12.1404 	EXP 	textInstructions: autoDraw = False
12.1404 	EXP 	cB_3: autoDraw = True
12.1404 	EXP 	textServer: autoDraw = True
13.9705 	DATA 	Keypress: c
14.8592 	DATA 	Keypress: c
14.8599 	EXP 	Created sequence: random, trialTypes=1, nReps=1, seed=None
14.8602 	EXP 	New trial (rep=0, index=0): None
14.8762 	EXP 	cB_3: autoDraw = False
14.8762 	EXP 	textServer: autoDraw = False
14.8762 	EXP 	cB_4: autoDraw = True
14.8762 	EXP 	text_1: autoDraw = True
15.8500 	EXP 	text_2: autoDraw = True
15.8840 	EXP 	text_1: autoDraw = False
16.3465 	EXP 	text_3: autoDraw = True
16.3641 	EXP 	text_2: autoDraw = False
16.8591 	EXP 	text_3: autoDraw = False
16.8591 	EXP 	text_4: autoDraw = True
17.3727 	EXP 	text_4: autoDraw = False
17.3896 	EXP 	cB_4: autoDraw = False
17.3896 	EXP 	text_1: autoDraw = False
17.3896 	EXP 	text_2: autoDraw = False
17.3896 	EXP 	text_3: autoDraw = False
17.3896 	EXP 	text_4: autoDraw = False
17.3896 	EXP 	cB_5: autoDraw = True
17.5606 	EXP 	idle: autoDraw = True
17.8686 	EXP 	idle: autoDraw = False
17.8686 	EXP 	idle_2: autoDraw = True
18.0738 	EXP 	idle_2: autoDraw = False
18.0738 	EXP 	idle_3: autoDraw = True
18.1594 	EXP 	idle_3: autoDraw = False
18.1594 	EXP 	idle_4: autoDraw = True
18.3140 	EXP 	idle_4: autoDraw = False
18.3140 	EXP 	idle_5: autoDraw = True
18.4678 	EXP 	idle_5: autoDraw = False
18.4678 	EXP 	idle_6: autoDraw = True
18.6209 	EXP 	idle_6: autoDraw = False
18.6209 	EXP 	idle_7: autoDraw = True
18.7231 	EXP 	idle_7: autoDraw = False
18.7231 	EXP 	ilde_8: autoDraw = True
19.2176 	EXP 	ilde_8: autoDraw = False
19.2176 	EXP 	idle_9: autoDraw = True
19.7136 	EXP 	idle_10: autoDraw = True
19.7306 	EXP 	idle_9: autoDraw = False
20.2078 	EXP 	idle_11: autoDraw = True
20.2248 	EXP 	idle_10: autoDraw = False
20.7203 	EXP 	idle_11: autoDraw = False
20.7203 	EXP 	idle_12: autoDraw = True
20.8739 	EXP 	idle_12: autoDraw = False
21.3858 	EXP 	cB_5: autoDraw = False
21.3858 	EXP 	idle: autoDraw = False
21.3858 	EXP 	idle_2: autoDraw = False
21.3858 	EXP 	idle_3: autoDraw = False
21.3858 	EXP 	idle_4: autoDraw = False
21.3858 	EXP 	idle_5: autoDraw = False
21.3858 	EXP 	idle_6: autoDraw = False
21.3858 	EXP 	idle_7: autoDraw = False
21.3858 	EXP 	ilde_8: autoDraw = False
21.3858 	EXP 	idle_9: autoDraw = False
21.3858 	EXP 	idle_10: autoDraw = False
21.3858 	EXP 	idle_11: autoDraw = False
21.3858 	EXP 	idle_12: autoDraw = False
21.3858 	EXP 	cB_6: autoDraw = True
21.5588 	EXP 	sBInstructions: autoDraw = True
23.1472 	DATA 	Keypress: c
24.6316 	DATA 	Keypress: c
24.7118 	EXP 	Imported contitions.xlsx as conditions, 19 conditions, 5 params
24.7121 	EXP 	Created sequence: random, trialTypes=19, nReps=1, seed=None
24.7125 	EXP 	New trial (rep=0, index=0): OrderedDict([('playerId', 'Paul'), ('avatarFile', 'images/avatar1.jpg'), ('choiceLabel', 'reciprocate'), ('actionLabel', 1), ('actionRound', 1)])
24.7966 	EXP 	RatingScale Slider: reset()
24.8347 	EXP 	cB_6: autoDraw = False
24.8347 	EXP 	sBInstructions: autoDraw = False
24.8347 	EXP 	text: text = 'This round you are playing with Paul!'
24.8347 	EXP 	imagesbRnd: image = 'images/avatar1.jpg'
24.8347 	EXP 	cB_8: autoDraw = True
24.8347 	EXP 	text: autoDraw = True
24.8347 	EXP 	imagesbRnd: autoDraw = True
24.8347 	EXP 	Slider: autoDraw = True
25.6373 	DATA 	Keypress: right
26.5275 	DATA 	Keypress: return
26.5312 	DATA 	RatingScale Slider: (key response) rating=6
26.5313 	DATA 	RatingScale Slider: rating RT=1.734
26.5313 	DATA 	RatingScale Slider: history=[('5', 0.0), ('6', 0.844), ('6', 1.734)]
26.5609 	EXP 	cB_8: autoDraw = False
26.5609 	EXP 	text: autoDraw = False
26.5609 	EXP 	imagesbRnd: autoDraw = False
26.5609 	EXP 	Slider: autoDraw = False
26.5609 	EXP 	cB_9: autoDraw = True
27.0871 	EXP 	cB_9: autoDraw = False
27.0871 	EXP 	textFb: text = 'Paul has decided to reciprocate you receive 6 credits'
27.0871 	EXP 	cbFb: autoDraw = True
27.0871 	EXP 	textFb: autoDraw = True
30.0720 	EXP 	cbFb: autoDraw = False
30.0720 	EXP 	textFb: autoDraw = False
30.0720 	EXP 	cbBuf: autoDraw = True
30.2441 	EXP 	fixCross: autoDraw = True
30.7546 	EXP 	fixCross: autoDraw = False
30.9614 	EXP 	New trial (rep=0, index=1): OrderedDict([('playerId', 'Paul'), ('avatarFile', 'images/avatar1.jpg'), ('choiceLabel', 'reciprocate'), ('actionLabel', 1), ('actionRound', 1)])
31.0138 	EXP 	RatingScale Slider: reset()
31.0316 	EXP 	cbBuf: autoDraw = False
31.0316 	EXP 	fixCross: autoDraw = False
31.0316 	EXP 	text: text = 'This round you are playing with Paul!'
31.0316 	EXP 	imagesbRnd: image = 'images/avatar1.jpg'
31.0316 	EXP 	cB_8: autoDraw = True
31.0316 	EXP 	text: autoDraw = True
31.0316 	EXP 	imagesbRnd: autoDraw = True
31.0316 	EXP 	Slider: autoDraw = True
32.0185 	DATA 	Keypress: escape
32.1492 	EXP 	window1: mouseVisible = True
